── Attaching packages ─────────────────────────────────────── tidyverse 1.3.2 ──
✔ ggplot2 3.3.6      ✔ purrr   0.3.4 
✔ tibble  3.1.8      ✔ dplyr   1.0.10
✔ tidyr   1.2.1      ✔ stringr 1.4.1 
✔ readr   2.1.2      ✔ forcats 0.5.2 
── Conflicts ────────────────────────────────────────── tidyverse_conflicts() ──
✖ dplyr::filter() masks stats::filter()
✖ dplyr::lag()    masks stats::lag()

Attaching package: ‘data.table’

The following objects are masked from ‘package:dplyr’:

    between, first, last

The following object is masked from ‘package:purrr’:

    transpose

[[1]]
 [1] "forcats"   "stringr"   "dplyr"     "purrr"     "readr"     "tidyr"    
 [7] "tibble"    "ggplot2"   "tidyverse" "stats"     "graphics"  "grDevices"
[13] "utils"     "datasets"  "methods"   "base"     

[[2]]
 [1] "readxl"    "forcats"   "stringr"   "dplyr"     "purrr"     "readr"    
 [7] "tidyr"     "tibble"    "ggplot2"   "tidyverse" "stats"     "graphics" 
[13] "grDevices" "utils"     "datasets"  "methods"   "base"     

[[3]]
 [1] "data.table" "readxl"     "forcats"    "stringr"    "dplyr"     
 [6] "purrr"      "readr"      "tidyr"      "tibble"     "ggplot2"   
[11] "tidyverse"  "stats"      "graphics"   "grDevices"  "utils"     
[16] "datasets"   "methods"    "base"      

There were 30 warnings (use warnings() to see them)
Warning message:
In fread(file_graduate_counts_field_uni, skip = 10, col.names = col_names) :
  Stopped early on line 8661. Expected 66 fields but found 0. Consider fill=TRUE and comment.char=. First discarded non-empty line: <<NOTES:,>>
[[1]]
NULL

[[2]]
NULL

[[3]]
NULL

[[4]]
NULL

[[5]]
NULL

[[6]]
NULL

Done. 
