/home/flavio/miniconda3/envs/science-career-tempenv/lib/python3.9/site-packages/numpy/core/getlimits.py:500: UserWarning: The value of the smallest subnormal for <class 'numpy.float64'> type is zero.
  setattr(self, word, getattr(machar, word).flat[0])
/home/flavio/miniconda3/envs/science-career-tempenv/lib/python3.9/site-packages/numpy/core/getlimits.py:89: UserWarning: The value of the smallest subnormal for <class 'numpy.float64'> type is zero.
  return self._float_to_str(self.smallest_subnormal)
/home/flavio/miniconda3/envs/science-career-tempenv/lib/python3.9/site-packages/numpy/core/getlimits.py:500: UserWarning: The value of the smallest subnormal for <class 'numpy.float32'> type is zero.
  setattr(self, word, getattr(machar, word).flat[0])
/home/flavio/miniconda3/envs/science-career-tempenv/lib/python3.9/site-packages/numpy/core/getlimits.py:89: UserWarning: The value of the smallest subnormal for <class 'numpy.float32'> type is zero.
  return self._float_to_str(self.smallest_subnormal)
Starting active labeling
name : gardner webb university
location : (35.2474556, -81.67062)

name : gardner webb university
location : (35.247002, -81.670998)

0/10 positive, 0/10 negative
Do these records refer to the same thing?
(y)es / (n)o / (u)nsure / (f)inished
name : southern adventist university
location : (35.04813, -85.051)

name : southern adventist university
location : (35.048, -85.052002)

1/10 positive, 0/10 negative
Do these records refer to the same thing?
(y)es / (n)o / (u)nsure / (f)inished / (p)revious
name : st bonaventure university
location : (42.0780945, -78.48131)

name : st bonaventure university
location : (42.077999, -78.483002)

2/10 positive, 0/10 negative
Do these records refer to the same thing?
(y)es / (n)o / (u)nsure / (f)inished / (p)revious
name : bethel college
location : (38.0747, -97.3425)

name : bethel college north newton
location : (38.074001, -97.346001)

3/10 positive, 0/10 negative
Do these records refer to the same thing?
(y)es / (n)o / (u)nsure / (f)inished / (p)revious
name : embry riddle aeronautical university
location : (29.18857, -81.04871)

name : embry riddle aeronautical university daytona beach
location : (29.191999, -81.046997)

4/10 positive, 0/10 negative
Do these records refer to the same thing?
(y)es / (n)o / (u)nsure / (f)inished / (p)revious
name : stony brook university hospital
location : (40.90969, -73.11578)

name : stony brook university
location : (40.905998, -73.126999)

5/10 positive, 0/10 negative
Do these records refer to the same thing?
(y)es / (n)o / (u)nsure / (f)inished / (p)revious
name : nichols college
location : (42.05, -71.933)

name : nichols college
location : (42.054001, -71.934998)

5/10 positive, 1/10 negative
Do these records refer to the same thing?
(y)es / (n)o / (u)nsure / (f)inished / (p)revious
name : air force research laboratory
location : (39.82306, -84.04944)

name : air force institute of technology graduate school of engineering management
location : (39.821999, -84.050003)

6/10 positive, 1/10 negative
Do these records refer to the same thing?
(y)es / (n)o / (u)nsure / (f)inished / (p)revious
name : wesleyan university
location : (41.55562, -72.6558456)

name : wesleyan university
location : (41.549, -72.656998)

6/10 positive, 1/10 negative
Do these records refer to the same thing?
(y)es / (n)o / (u)nsure / (f)inished / (p)revious
name : university of connecticut
location : (41.80717, -72.2525)

name : university of connecticut
location : (41.799999, -72.248001)

7/10 positive, 1/10 negative
Do these records refer to the same thing?
(y)es / (n)o / (u)nsure / (f)inished / (p)revious
name : northwestern state university
location : (31.75, -93.0972)

name : northwestern state university of louisiana
location : (31.742001, -93.106003)

8/10 positive, 1/10 negative
Do these records refer to the same thing?
(y)es / (n)o / (u)nsure / (f)inished / (p)revious
name : hobart and william smith colleges
location : (42.8571243, -76.985405)

name : hobart william smith colleges
location : (42.848, -76.999001)

9/10 positive, 1/10 negative
Do these records refer to the same thing?
(y)es / (n)o / (u)nsure / (f)inished / (p)revious
name : doane college
location : (40.6235771, -96.94872)

name : doane university
location : (40.622002, -96.948997)

10/10 positive, 1/10 negative
Do these records refer to the same thing?
(y)es / (n)o / (u)nsure / (f)inished / (p)revious
name : northwest mississippi community college
location : (34.3663, -89.5368)

name : university of mississippi
location : (34.365002, -89.537003)

11/10 positive, 1/10 negative
Do these records refer to the same thing?
(y)es / (n)o / (u)nsure / (f)inished / (p)revious
name : concordia college
location : (46.86528, -96.77)

name : concordia college at moorhead
location : (46.841999, -96.736)

11/10 positive, 2/10 negative
Do these records refer to the same thing?
(y)es / (n)o / (u)nsure / (f)inished / (p)revious
name : keiser university
location : (26.1860085, -80.16381)

name : keiser university ft lauderdale
location : (26.143999, -80.172997)

12/10 positive, 2/10 negative
Do these records refer to the same thing?
(y)es / (n)o / (u)nsure / (f)inished / (p)revious
name : graceland university
location : (40.61598, -93.9258)

name : graceland university lamoni
location : (40.646, -93.986)

13/10 positive, 2/10 negative
Do these records refer to the same thing?
(y)es / (n)o / (u)nsure / (f)inished / (p)revious
name : st johns river state college
location : (29.6463432, -81.68151)

name : saint johns river state college
location : (29.691, -81.708)

14/10 positive, 2/10 negative
Do these records refer to the same thing?
(y)es / (n)o / (u)nsure / (f)inished / (p)revious
name : university of texas at austin
location : (30.28614, -97.73942)

name : the university of texas at austin
location : (30.207001, -97.796997)

15/10 positive, 2/10 negative
Do these records refer to the same thing?
(y)es / (n)o / (u)nsure / (f)inished / (p)revious
name : northern illinois university
location : (41.93389, -88.77778)

name : southern illinois university carbondale
location : (37.738998, -89.209)

16/10 positive, 2/10 negative
Do these records refer to the same thing?
(y)es / (n)o / (u)nsure / (f)inished / (p)revious
name : mills college
location : (37.78056, -122.18306)

name : miles college
location : (33.476002, -86.919998)

16/10 positive, 3/10 negative
Do these records refer to the same thing?
(y)es / (n)o / (u)nsure / (f)inished / (p)revious
name : gordon conwell theological seminary
location : (42.612896, -70.84529)

name : gordon college
location : (42.601002, -70.883003)

16/10 positive, 4/10 negative
Do these records refer to the same thing?
(y)es / (n)o / (u)nsure / (f)inished / (p)revious
name : lemoyne owen college
location : (35.12175, -90.03495)

name : le moyne owen college
location : (35.224998, -89.927002)

16/10 positive, 5/10 negative
Do these records refer to the same thing?
(y)es / (n)o / (u)nsure / (f)inished / (p)revious
name : gordon conwell theological seminary
location : (42.612896, -70.84529)

name : gordon college
location : (42.601002, -70.883003)

16/10 positive, 4/10 negative
Do these records refer to the same thing?
(y)es / (n)o / (u)nsure / (f)inished
name : lemoyne owen college
location : (35.12175, -90.03495)

name : le moyne owen college
location : (35.224998, -89.927002)

16/10 positive, 5/10 negative
Do these records refer to the same thing?
(y)es / (n)o / (u)nsure / (f)inished / (p)revious
name : paul smith s college
location : (44.435, -74.25222)

name : paul smiths college of arts and science
location : (44.478001, -74.307999)

17/10 positive, 5/10 negative
Do these records refer to the same thing?
(y)es / (n)o / (u)nsure / (f)inished / (p)revious
name : california coast university
location : (33.77915, -117.870941)

name : california state university fullerton
location : (33.879002, -117.961998)

18/10 positive, 5/10 negative
Do these records refer to the same thing?
(y)es / (n)o / (u)nsure / (f)inished / (p)revious
name : hartford hospital
location : (41.7547, -72.6811)

name : hartford international university for religion and peace
location : (41.749001, -72.695999)

18/10 positive, 6/10 negative
Do these records refer to the same thing?
(y)es / (n)o / (u)nsure / (f)inished / (p)revious
name : california coast university
location : (33.77915, -117.870941)

name : california state university fullerton
location : (33.879002, -117.961998)

18/10 positive, 5/10 negative
Do these records refer to the same thing?
(y)es / (n)o / (u)nsure / (f)inished
name : hartford hospital
location : (41.7547, -72.6811)

name : hartford international university for religion and peace
location : (41.749001, -72.695999)

18/10 positive, 6/10 negative
Do these records refer to the same thing?
(y)es / (n)o / (u)nsure / (f)inished / (p)revious
name : xavier university of louisiana
location : (29.96522, -90.1069946)

name : tulane university of louisiana
location : (30.013, -90.063004)

18/10 positive, 7/10 negative
Do these records refer to the same thing?
(y)es / (n)o / (u)nsure / (f)inished / (p)revious
name : texas a m university
location : (30.6103687, -96.3440552)

name : texas a m university san antonio
location : (29.400999, -98.731003)

18/10 positive, 8/10 negative
Do these records refer to the same thing?
(y)es / (n)o / (u)nsure / (f)inished / (p)revious
name : grinnell college
location : (41.8186836, -73.84462)

name : grinnell college
location : (41.73, -92.714996)

18/10 positive, 9/10 negative
Do these records refer to the same thing?
(y)es / (n)o / (u)nsure / (f)inished / (p)revious
name : texas a m university
location : (30.6103687, -96.3440552)

name : texas a m university san antonio
location : (29.400999, -98.731003)

18/10 positive, 8/10 negative
Do these records refer to the same thing?
(y)es / (n)o / (u)nsure / (f)inished
name : grinnell college
location : (41.8186836, -73.84462)

name : grinnell college
location : (41.73, -92.714996)

18/10 positive, 9/10 negative
Do these records refer to the same thing?
(y)es / (n)o / (u)nsure / (f)inished / (p)revious
name : emory university hospital
location : (33.79167, -84.3199158)

name : emory university
location : (33.622002, -84.524002)

18/10 positive, 10/10 negative
Do these records refer to the same thing?
(y)es / (n)o / (u)nsure / (f)inished / (p)revious
name : state university of new york maritime college
location : (40.80528, -73.7925)

name : city university of new york
location : (40.751999, -73.851997)

18/10 positive, 11/10 negative
Do these records refer to the same thing?
(y)es / (n)o / (u)nsure / (f)inished / (p)revious
name : achievement rewards for college scientists foundation
location : (33.86636, -118.082245)

name : fremont college
location : (33.868, -118.069)

18/10 positive, 12/10 negative
Do these records refer to the same thing?
(y)es / (n)o / (u)nsure / (f)inished / (p)revious
name : university of michigan
location : (42.28278, -83.73472)

name : university of michigan dearborn
location : (42.326, -83.182999)

18/10 positive, 13/10 negative
Do these records refer to the same thing?
(y)es / (n)o / (u)nsure / (f)inished / (p)revious
name : oklahoma state university system
location : (36.1272621, -97.07377)

name : oklahoma state university stillwater
location : (36.078999, -97.073997)

18/10 positive, 14/10 negative
Do these records refer to the same thing?
(y)es / (n)o / (u)nsure / (f)inished / (p)revious
name : university of nevada reno school of medicine
location : (39.5494156, -119.815842)

name : university of nevada reno
location : (39.491001, -119.744003)

18/10 positive, 14/10 negative
Do these records refer to the same thing?
(y)es / (n)o / (u)nsure / (f)inished / (p)revious
name : johns hopkins university school of medicine
location : (39.29889, -76.59417)

name : johns hopkins university
location : (39.345001, -76.683998)

18/10 positive, 15/10 negative
Do these records refer to the same thing?
(y)es / (n)o / (u)nsure / (f)inished / (p)revious
name : charleston southern university
location : (32.98083, -80.07111)

name : charleston southern university
location : (32.710999, -79.953003)

18/10 positive, 16/10 negative
Do these records refer to the same thing?
(y)es / (n)o / (u)nsure / (f)inished / (p)revious
name : baylor college of medicine
location : (29.7105, -95.3965)

name : baylor college of medicine
location : (29.827, -95.660004)

19/10 positive, 16/10 negative
Do these records refer to the same thing?
(y)es / (n)o / (u)nsure / (f)inished / (p)revious
name : thomas more college
location : (39.02306, -84.570076)

name : thomas more university
location : (39.028999, -84.561996)

20/10 positive, 16/10 negative
Do these records refer to the same thing?
(y)es / (n)o / (u)nsure / (f)inished / (p)revious
name : george washington university virginia campus
location : (39.05842, -77.44319)

name : george washington university
location : (38.952999, -77.023003)

21/10 positive, 16/10 negative
Do these records refer to the same thing?
(y)es / (n)o / (u)nsure / (f)inished / (p)revious
name : york college city university of new york
location : (40.702, -73.795)

name : city university of new york
location : (40.715, -73.792999)

21/10 positive, 16/10 negative
Do these records refer to the same thing?
(y)es / (n)o / (u)nsure / (f)inished / (p)revious
name : san francisco zoo
location : (37.7336578, -122.505127)

name : san francisco state university
location : (37.720001, -122.443001)

22/10 positive, 16/10 negative
Do these records refer to the same thing?
(y)es / (n)o / (u)nsure / (f)inished / (p)revious
name : fairleigh dickinson university
location : (40.89797, -74.02928)

name : fairleigh dickinson university florham campus
location : (40.759998, -74.418999)

22/10 positive, 17/10 negative
Do these records refer to the same thing?
(y)es / (n)o / (u)nsure / (f)inished / (p)revious
name : san francisco zoo
location : (37.7336578, -122.505127)

name : san francisco state university
location : (37.720001, -122.443001)

22/10 positive, 16/10 negative
Do these records refer to the same thing?
(y)es / (n)o / (u)nsure / (f)inished
name : fairleigh dickinson university
location : (40.89797, -74.02928)

name : fairleigh dickinson university florham campus
location : (40.759998, -74.418999)

22/10 positive, 17/10 negative
Do these records refer to the same thing?
(y)es / (n)o / (u)nsure / (f)inished / (p)revious
name : iowa state university college of veterinary medicine
location : (42.00683, -93.63244)

name : iowa state university
location : (42.030998, -93.587997)

23/10 positive, 17/10 negative
Do these records refer to the same thing?
(y)es / (n)o / (u)nsure / (f)inished / (p)revious
name : university of toledo medical center
location : (41.61972, -83.61694)

name : university of toledo
location : (41.650002, -83.674004)

23/10 positive, 18/10 negative
Do these records refer to the same thing?
(y)es / (n)o / (u)nsure / (f)inished / (p)revious
name : sul ross state university
location : (30.36333, -103.65)

name : sul ross state university
location : (29.802, -103.222)

23/10 positive, 19/10 negative
Do these records refer to the same thing?
(y)es / (n)o / (u)nsure / (f)inished / (p)revious
name : university of washington
location : (47.655, -122.308)

name : university of washington tacoma campus
location : (47.209, -122.412003)

24/10 positive, 19/10 negative
Do these records refer to the same thing?
(y)es / (n)o / (u)nsure / (f)inished / (p)revious
name : loma linda university medical center
location : (34.0525, -117.264168)

name : loma linda university
location : (34.050999, -117.249001)

24/10 positive, 19/10 negative
Do these records refer to the same thing?
(y)es / (n)o / (u)nsure / (f)inished / (p)revious
name : ohio state university
location : (40.0, -83.0145)

name : ohio state university newark campus
location : (40.119999, -82.377998)

24/10 positive, 20/10 negative
Do these records refer to the same thing?
(y)es / (n)o / (u)nsure / (f)inished / (p)revious
name : west virginia university hospitals
location : (39.6537628, -79.95731)

name : west virginia university
location : (39.650002, -79.945)

24/10 positive, 21/10 negative
Do these records refer to the same thing?
(y)es / (n)o / (u)nsure / (f)inished / (p)revious
name : ohio state university
location : (40.0, -83.0145)

name : ohio state university newark campus
location : (40.119999, -82.377998)

24/10 positive, 20/10 negative
Do these records refer to the same thing?
(y)es / (n)o / (u)nsure / (f)inished
name : west virginia university hospitals
location : (39.6537628, -79.95731)

name : west virginia university
location : (39.650002, -79.945)

24/10 positive, 20/10 negative
Do these records refer to the same thing?
(y)es / (n)o / (u)nsure / (f)inished / (p)revious
name : new york institute of technology college of osteopathic medicine
location : (40.7812, -73.6003)

name : new york institute of technology
location : (40.786999, -73.596001)

24/10 positive, 21/10 negative
Do these records refer to the same thing?
(y)es / (n)o / (u)nsure / (f)inished / (p)revious
name : university of florida college of education
location : (29.633297, -81.800766)

name : university of florida
location : (29.597, -82.407997)

24/10 positive, 22/10 negative
Do these records refer to the same thing?
(y)es / (n)o / (u)nsure / (f)inished / (p)revious
name : auburn university at montgomery
location : (32.36878, -86.17703)

name : auburn university
location : (32.539001, -85.492996)

24/10 positive, 23/10 negative
Do these records refer to the same thing?
(y)es / (n)o / (u)nsure / (f)inished / (p)revious
name : florida a m university florida state university college of engineering
location : (30.4354267, -84.29808)

name : florida state university
location : (30.452, -84.352997)

25/10 positive, 23/10 negative
Do these records refer to the same thing?
(y)es / (n)o / (u)nsure / (f)inished / (p)revious
name : washington state university spokane
location : (47.66158, -117.405708)

name : washington state university
location : (46.73, -117.218002)

25/10 positive, 24/10 negative
Do these records refer to the same thing?
(y)es / (n)o / (u)nsure / (f)inished / (p)revious
name : texas tech university health sciences center
location : (35.1874542, -101.915054)

name : texas tech university health sciences center
location : (33.467999, -101.947998)

26/10 positive, 24/10 negative
Do these records refer to the same thing?
(y)es / (n)o / (u)nsure / (f)inished / (p)revious
name : troy university at montgomery
location : (32.37583, -86.31111)

name : troy university
location : (31.903999, -85.898003)

27/10 positive, 24/10 negative
Do these records refer to the same thing?
(y)es / (n)o / (u)nsure / (f)inished / (p)revious
name : university of maine at augusta
location : (44.33833, -69.79722)

name : university of maine
location : (44.882, -68.738998)

28/10 positive, 24/10 negative
Do these records refer to the same thing?
(y)es / (n)o / (u)nsure / (f)inished / (p)revious
name : troy university at montgomery
location : (32.37583, -86.31111)

name : troy university
location : (31.903999, -85.898003)

27/10 positive, 24/10 negative
Do these records refer to the same thing?
(y)es / (n)o / (u)nsure / (f)inished
name : university of maine at augusta
location : (44.33833, -69.79722)

name : university of maine
location : (44.882, -68.738998)

27/10 positive, 24/10 negative
Do these records refer to the same thing?
(y)es / (n)o / (u)nsure / (f)inished / (p)revious
name : troy university at montgomery
location : (32.37583, -86.31111)

name : troy university
location : (31.903999, -85.898003)

27/10 positive, 24/10 negative
Do these records refer to the same thing?
(y)es / (n)o / (u)nsure / (f)inished
name : university of maine at augusta
location : (44.33833, -69.79722)

name : university of maine
location : (44.882, -68.738998)

28/10 positive, 24/10 negative
Do these records refer to the same thing?
(y)es / (n)o / (u)nsure / (f)inished / (p)revious
name : ohio state university
location : (40.0, -83.0145)

name : ohio state university mansfield campus
location : (40.776001, -82.528)

29/10 positive, 24/10 negative
Do these records refer to the same thing?
(y)es / (n)o / (u)nsure / (f)inished / (p)revious
name : ohio state university
location : (40.0, -83.0145)

name : ohio state university lima campus
location : (40.728001, -84.165001)

29/10 positive, 24/10 negative
Do these records refer to the same thing?
(y)es / (n)o / (u)nsure / (f)inished / (p)revious
name : augustana college
location : (43.52686, -96.73703)

name : augustana college
location : (41.478001, -90.575996)

29/10 positive, 24/10 negative
Do these records refer to the same thing?
(y)es / (n)o / (u)nsure / (f)inished / (p)revious
name : saybrook university
location : (37.7984, -122.4001)

name : saybrook university
location : (34.165001, -118.124001)

29/10 positive, 24/10 negative
Do these records refer to the same thing?
(y)es / (n)o / (u)nsure / (f)inished / (p)revious
name : american intercontinental university
location : (34.0912933, -117.951157)

name : american intercontinental university
location : (33.317001, -111.830002)

29/10 positive, 24/10 negative
Do these records refer to the same thing?
(y)es / (n)o / (u)nsure / (f)inished / (p)revious
name : university of houston victoria
location : (28.8163967, -96.97637)

name : university of houston
location : (29.827, -95.660004)

29/10 positive, 24/10 negative
Do these records refer to the same thing?
(y)es / (n)o / (u)nsure / (f)inished / (p)revious
name : university of pittsburgh
location : (40.4445648, -79.95328)

name : university of pittsburgh bradford
location : (41.917999, -78.750999)

29/10 positive, 24/10 negative
Do these records refer to the same thing?
(y)es / (n)o / (u)nsure / (f)inished / (p)revious
name : robert morris university
location : (41.8770256, -87.62769)

name : robert morris university
location : (40.5, -80.202003)

29/10 positive, 25/10 negative
Do these records refer to the same thing?
(y)es / (n)o / (u)nsure / (f)inished / (p)revious
name : herzing university
location : (43.0365, -87.9195)

name : herzing university madison
location : (43.011002, -89.411003)

29/10 positive, 26/10 negative
Do these records refer to the same thing?
(y)es / (n)o / (u)nsure / (f)inished / (p)revious
name : new england college of business
location : (42.35373, -71.0567)

name : new england college
location : (43.168999, -71.831001)

29/10 positive, 26/10 negative
Do these records refer to the same thing?
(y)es / (n)o / (u)nsure / (f)inished / (p)revious
name : new england college of optometry
location : (42.3518, -71.0868)

name : new england college
location : (43.168999, -71.831001)

29/10 positive, 26/10 negative
Do these records refer to the same thing?
(y)es / (n)o / (u)nsure / (f)inished / (p)revious
name : louisiana state university
location : (30.4145, -91.17826)

name : louisiana state university alexandria
location : (31.274, -92.467003)

29/10 positive, 27/10 negative
Do these records refer to the same thing?
(y)es / (n)o / (u)nsure / (f)inished / (p)revious
name : university of alabama
location : (33.20944, -87.5415)

name : university of alabama at birmingham
location : (33.424999, -86.671997)

29/10 positive, 27/10 negative
Do these records refer to the same thing?
(y)es / (n)o / (u)nsure / (f)inished / (p)revious
name : california state university
location : (33.76389, -118.201111)

name : california state university channel islands
location : (34.228001, -119.080002)

29/10 positive, 27/10 negative
Do these records refer to the same thing?
(y)es / (n)o / (u)nsure / (f)inished / (p)revious
name : monterey institute of international studies
location : (36.59972, -121.896942)

name : middlebury institute of international studies at monterey
location : (36.575001, -121.841003)

29/10 positive, 28/10 negative
Do these records refer to the same thing?
(y)es / (n)o / (u)nsure / (f)inished / (p)revious
name : thomas edison state college
location : (40.2203, -74.7684)

name : thomas edison state university
location : (40.249001, -74.790001)

30/10 positive, 28/10 negative
Do these records refer to the same thing?
(y)es / (n)o / (u)nsure / (f)inished / (p)revious
name : lake forest graduate school of management
location : (42.24407, -87.89336)

name : lake forest college
location : (42.236, -87.864998)

31/10 positive, 28/10 negative
Do these records refer to the same thing?
(y)es / (n)o / (u)nsure / (f)inished / (p)revious
name : life pacific college
location : (34.0993, -117.829)

name : life pacific university
location : (34.110001, -117.809998)

31/10 positive, 28/10 negative
Do these records refer to the same thing?
(y)es / (n)o / (u)nsure / (f)inished / (p)revious
name : greenville college
location : (38.89361, -89.40861)

name : greenville university
location : (38.889999, -89.428001)

32/10 positive, 28/10 negative
Do these records refer to the same thing?
(y)es / (n)o / (u)nsure / (f)inished / (p)revious
name : capsugel
location : (40.77015, -74.50353)

name : saint elizabeth university
location : (40.784, -74.5)

33/10 positive, 28/10 negative
Do these records refer to the same thing?
(y)es / (n)o / (u)nsure / (f)inished / (p)revious
name : greenville college
location : (38.89361, -89.40861)

name : greenville university
location : (38.889999, -89.428001)

32/10 positive, 28/10 negative
Do these records refer to the same thing?
(y)es / (n)o / (u)nsure / (f)inished
name : capsugel
location : (40.77015, -74.50353)

name : saint elizabeth university
location : (40.784, -74.5)

33/10 positive, 28/10 negative
Do these records refer to the same thing?
(y)es / (n)o / (u)nsure / (f)inished / (p)revious
name : tennessee wesleyan college
location : (35.445, -84.59257)

name : tennessee wesleyan university
location : (35.442001, -84.639999)

33/10 positive, 29/10 negative
Do these records refer to the same thing?
(y)es / (n)o / (u)nsure / (f)inished / (p)revious
name : felician college
location : (40.8664, -74.0946)

name : felician university
location : (40.877998, -74.082001)

34/10 positive, 29/10 negative
Do these records refer to the same thing?
(y)es / (n)o / (u)nsure / (f)inished / (p)revious
name : new york theological seminary
location : (40.8111763, -73.9639053)

name : new york university
location : (40.799, -73.967003)

35/10 positive, 29/10 negative
Do these records refer to the same thing?
(y)es / (n)o / (u)nsure / (f)inished / (p)revious
name : saint vincent seminary
location : (40.29275, -79.40894)

name : saint vincent college
location : (40.277, -79.392998)

35/10 positive, 30/10 negative
Do these records refer to the same thing?
(y)es / (n)o / (u)nsure / (f)inished / (p)revious
name : cordis
location : (25.90355, -80.29726)

name : florida national university main campus
location : (25.865999, -80.301003)

35/10 positive, 30/10 negative
Do these records refer to the same thing?
(y)es / (n)o / (u)nsure / (f)inished / (p)revious
name : university of arkansas medical center
location : (34.7480545, -92.32083)

name : university of arkansas for medical sciences
location : (34.675999, -92.345001)

35/10 positive, 31/10 negative
Do these records refer to the same thing?
(y)es / (n)o / (u)nsure / (f)inished / (p)revious
name : iowa wesleyan college
location : (40.9724655, -91.55218)

name : iowa wesleyan university
location : (40.994999, -91.585999)

36/10 positive, 31/10 negative
Do these records refer to the same thing?
(y)es / (n)o / (u)nsure / (f)inished / (p)revious
name : massachusetts institute for a new commonwealth
location : (42.3584938, -71.06176)

name : massachusetts institute of technology
location : (42.362999, -71.102997)

37/10 positive, 31/10 negative
Do these records refer to the same thing?
(y)es / (n)o / (u)nsure / (f)inished / (p)revious
name : university press of kansas
location : (38.95642, -95.26953)

name : university of kansas
location : (38.978001, -95.344002)

37/10 positive, 32/10 negative
Do these records refer to the same thing?
(y)es / (n)o / (u)nsure / (f)inished / (p)revious
name : university of california san francisco
location : (37.76332, -122.458542)

name : university of san francisco
location : (37.720001, -122.443001)

37/10 positive, 33/10 negative
Do these records refer to the same thing?
(y)es / (n)o / (u)nsure / (f)inished / (p)revious
name : ashland theological seminary
location : (40.8605843, -82.31196)

name : ashland university
location : (40.873001, -82.317001)

37/10 positive, 34/10 negative
Do these records refer to the same thing?
(y)es / (n)o / (u)nsure / (f)inished / (p)revious
name : at t labs
location : (40.77735, -74.42186)

name : fairleigh dickinson university florham campus
location : (40.759998, -74.418999)

38/10 positive, 34/10 negative
Do these records refer to the same thing?
(y)es / (n)o / (u)nsure / (f)inished / (p)revious
name : carnegie foundation for the advancement of teaching
location : (37.41848, -122.1812)

name : stanford university
location : (37.417999, -122.170998)

38/10 positive, 35/10 negative
Do these records refer to the same thing?
(y)es / (n)o / (u)nsure / (f)inished / (p)revious
name : rhode island department of elementary and secondary education
location : (41.823288, -71.41373)

name : rhode island school of design
location : (41.820999, -71.453003)

38/10 positive, 36/10 negative
Do these records refer to the same thing?
(y)es / (n)o / (u)nsure / (f)inished / (p)revious
name : government of the district of columbia
location : (38.90472, -77.01639)

name : university of the district of columbia
location : (38.952999, -77.023003)

38/10 positive, 37/10 negative
Do these records refer to the same thing?
(y)es / (n)o / (u)nsure / (f)inished / (p)revious
name : arkansas state university mountain home
location : (36.32079, -92.38813)

name : arkansas state university
location : (35.886002, -90.656998)

38/10 positive, 38/10 negative
Do these records refer to the same thing?
(y)es / (n)o / (u)nsure / (f)inished / (p)revious
name : washington state community college
location : (39.43111, -81.43389)

name : marietta college
location : (39.43, -81.421997)

38/10 positive, 39/10 negative
Do these records refer to the same thing?
(y)es / (n)o / (u)nsure / (f)inished / (p)revious
name : embry riddle aeronautical university
location : (29.18857, -81.04871)

name : bethune cookman university
location : (29.191999, -81.046997)

38/10 positive, 40/10 negative
Do these records refer to the same thing?
(y)es / (n)o / (u)nsure / (f)inished / (p)revious
name : university of colorado denver
location : (39.74346, -105.00312)

name : university of colorado denver anschutz medical campus
location : (39.695, -105.036003)

38/10 positive, 41/10 negative
Do these records refer to the same thing?
(y)es / (n)o / (u)nsure / (f)inished / (p)revious
name : georgetown university medical center
location : (38.912, -77.077)

name : georgetown university
location : (38.952999, -77.023003)

38/10 positive, 42/10 negative
Do these records refer to the same thing?
(y)es / (n)o / (u)nsure / (f)inished / (p)revious
name : university of the district of columbia
location : (38.943943, -77.06533)

name : strayer university district of columbia
location : (38.952999, -77.023003)

38/10 positive, 43/10 negative
Do these records refer to the same thing?
(y)es / (n)o / (u)nsure / (f)inished / (p)revious
name : the master s college
location : (34.382122, -118.518387)

name : the master s university and seminary
location : (34.441002, -118.501999)

38/10 positive, 43/10 negative
Do these records refer to the same thing?
(y)es / (n)o / (u)nsure / (f)inished / (p)revious
name : university of missouri system
location : (38.946537, -92.32758)

name : university of missouri columbia
location : (38.883999, -92.399002)

38/10 positive, 43/10 negative
Do these records refer to the same thing?
(y)es / (n)o / (u)nsure / (f)inished / (p)revious
name : oregon state university cascades campus
location : (44.07083, -121.345)

name : oregon state university
location : (44.647999, -123.260002)

38/10 positive, 43/10 negative
Do these records refer to the same thing?
(y)es / (n)o / (u)nsure / (f)inished / (p)revious
name : university of missouri system
location : (38.946537, -92.32758)

name : university of missouri columbia
location : (38.883999, -92.399002)

38/10 positive, 43/10 negative
Do these records refer to the same thing?
(y)es / (n)o / (u)nsure / (f)inished
name : oregon state university cascades campus
location : (44.07083, -121.345)

name : oregon state university
location : (44.647999, -123.260002)

39/10 positive, 43/10 negative
Do these records refer to the same thing?
(y)es / (n)o / (u)nsure / (f)inished / (p)revious
name : st augustine college
location : (41.9721375, -87.66372)

name : saint augustine college
location : (41.776001, -87.710999)

39/10 positive, 44/10 negative
Do these records refer to the same thing?
(y)es / (n)o / (u)nsure / (f)inished / (p)revious
name : kansas state university salina
location : (38.80028, -97.63722)

name : kansas state university
location : (39.155998, -96.521004)

40/10 positive, 44/10 negative
Do these records refer to the same thing?
(y)es / (n)o / (u)nsure / (f)inished / (p)revious
name : st augustine college
location : (41.9721375, -87.66372)

name : saint augustine college
location : (41.776001, -87.710999)

39/10 positive, 44/10 negative
Do these records refer to the same thing?
(y)es / (n)o / (u)nsure / (f)inished
name : kansas state university salina
location : (38.80028, -97.63722)

name : kansas state university
location : (39.155998, -96.521004)

40/10 positive, 44/10 negative
Do these records refer to the same thing?
(y)es / (n)o / (u)nsure / (f)inished / (p)revious
Finished labeling
Clustering
Running ANALYZE... 

Done
