Warning : `load_model` does not return WordVectorModel or SupervisedModel any more, but a `FastText` object which is very similar.
Progress: 100.00% (260185811/260185811) - Elapsed time: 1085.81 seconds
Language detection completed.
Time elapsed: 250.1660119811694 minutes 

Processed papers: 260185811
Top 10 detected languages:
en: 185849430 (Avg. score: 0.7270)
ja: 12455802 (Avg. score: 0.8626)
de: 11279932 (Avg. score: 0.8191)
es: 9197650 (Avg. score: 0.7710)
fr: 8234925 (Avg. score: 0.8290)
zh: 5661461 (Avg. score: 0.8418)
pt: 4218548 (Avg. score: 0.7881)
ru: 3415592 (Avg. score: 0.8387)
ko: 3349918 (Avg. score: 0.9765)
it: 2279698 (Avg. score: 0.6517)
Performing integrity checks...
✓ All PaperIds in paper_language table are unique.
✓ All PaperIds in paper_language table exist in Papers table.
Creating index on PaperId for paper_language table...
Index created successfully.
