<<<<<<< HEAD
Start time: 1663923821.0762088 
=======
Start time: 1663049618.8915136 
>>>>>>> 4090a84e751df0ca5a46ed9d3de6e9dd80802c23

Using the following DocTypes for citations: ('Journal', 'Book', 'BookChapter', 'Conference')... 

Deleting existing tables
where_stmt_iterations is 
    WHERE train_name like '%christoph_%'
    
current_links for graduates
current_links for advisors
<<<<<<< HEAD
Time elapsed: 0.41125396092732747 minutes 

Making author_citations... 

Time elapsed: 16.7510702808698 minutes 

Making author_output... 

Time elapsed: 31.891067258516948 minutes 

Running ANALYZE... 

Done in 31.891092451413474 minutes.
=======
Time elapsed: 0.20002333720525106 minutes 

Making author_citations... 

Time elapsed: 19.122673777739205 minutes 

Making author_output... 

Time elapsed: 37.09157420396805 minutes 

Running ANALYZE... 

Done in 37.09209491411845 minutes.
>>>>>>> 4090a84e751df0ca5a46ed9d3de6e9dd80802c23
