INFO:root:Combining files into one
  0%|          | 0/3 [00:00<?, ?it/s]INFO:root:processing inst
INFO:root:csv created for inst
INFO:root:dropped and created tablegraduates_similarity_to_institutions
INFO:root:imported table: graduates_similarity_to_institutions
INFO:root:deleted csv for table: sim_to_institutions_full.csv
INFO:root:indices created: ['CREATE UNIQUE INDEX idx_gsi_AuthorAffilPeriod\n                ON graduates_similarity_to_institutions (AuthorId ASC, AffiliationId, period, max_level ASC)']
 33%|███▎      | 1/3 [1:18:08<2:36:16, 4688.28s/it]INFO:root:processing own
INFO:root:csv created for own
INFO:root:dropped and created tablegraduates_similarity_to_self
INFO:root:imported table: graduates_similarity_to_self
INFO:root:deleted csv for table: sim_own_full.csv
INFO:root:indices created: ['CREATE UNIQUE INDEX idx_gss_Author ON graduates_similarity_to_self (AuthorId ASC, max_level ASC)']
 67%|██████▋   | 2/3 [1:18:09<32:11, 1931.30s/it]  INFO:root:processing closest_collaborator_ids
INFO:root:csv created for closest_collaborator_ids
INFO:root:dropped and created tablegraduates_closest_collaborators
INFO:root:imported table: graduates_closest_collaborators
INFO:root:deleted csv for table: sim_closest_collaborator_full.csv
INFO:root:indices created: ['CREATE UNIQUE INDEX idx_gcc_AuthorAffilCoAuthorPeriod \n                ON graduates_closest_collaborators(AuthorId ASC, AffiliationId ASC, CoAuthorId ASC, period, max_level)', 'CREATE INDEX idx_gcc_AuthorCoAuthor \n                ON graduates_closest_collaborators (AuthorId ASC, CoAuthorId ASC, max_level ASC)']
INFO:root:indices created: ['CREATE UNIQUE INDEX idx_gcc_AuthorAffilCoAuthorPeriod \n                ON graduates_closest_collaborators(AuthorId ASC, AffiliationId ASC, CoAuthorId ASC, period, max_level)', 'CREATE INDEX idx_gcc_AuthorCoAuthor \n                ON graduates_closest_collaborators (AuthorId ASC, CoAuthorId ASC, max_level ASC)']
100%|██████████| 3/3 [2:10:22<00:00, 2480.11s/it]100%|██████████| 3/3 [2:10:22<00:00, 2607.63s/it]
Running ANALYZE... 

Done in 134.7536958694458 minutes.
