/home/christoph/anaconda3/envs/science-career-tempenv/lib/python3.9/site-packages/numpy/core/getlimits.py:500: UserWarning: The value of the smallest subnormal for <class 'numpy.float64'> type is zero.
  setattr(self, word, getattr(machar, word).flat[0])
/home/christoph/anaconda3/envs/science-career-tempenv/lib/python3.9/site-packages/numpy/core/getlimits.py:89: UserWarning: The value of the smallest subnormal for <class 'numpy.float64'> type is zero.
  return self._float_to_str(self.smallest_subnormal)
/home/christoph/anaconda3/envs/science-career-tempenv/lib/python3.9/site-packages/numpy/core/getlimits.py:500: UserWarning: The value of the smallest subnormal for <class 'numpy.float32'> type is zero.
  setattr(self, word, getattr(machar, word).flat[0])
/home/christoph/anaconda3/envs/science-career-tempenv/lib/python3.9/site-packages/numpy/core/getlimits.py:89: UserWarning: The value of the smallest subnormal for <class 'numpy.float32'> type is zero.
  return self._float_to_str(self.smallest_subnormal)
Namespace(testing=False, verbose=1, field=['political science'], train_name='christoph_fielddegree0', startyear=1985, endyear=2015, mergemode='1:1', recall=0.9, institution='False', fieldofstudy_cat='False', fieldofstudy_str='False', keywords='True', retrain='True', linking_type='graduates', samplesize=50000)
Have max 6 cores available
Testing is False 

finished setup ... 
Time elapsed: 0.00446778138478597 minutes 


    SELECT goid
            , year
            , firstname 
            , lastname
            , CASE TRIM(SUBSTR(middle_lastname, 1, l_fullname-l_firstname-l_lastname - 1)) 
                WHEN 
                    "" THEN NULL 
                    ELSE TRIM(SUBSTR(middle_lastname, 1, l_fullname-l_firstname-l_lastname - 1)) 
                END AS middlename
            , fieldofstudy
            , keywords
            , institution
            , coauthors
            , year_papertitle
    FROM (
        SELECT goid
            , degree_year AS year 
            , fullname 
            , SUBSTR(TRIM(fullname),1,instr(trim(fullname)||' ',' ')-1) AS firstname
            , REPLACE(fullname, RTRIM(fullname, REPLACE(fullname, " ", "")), "") AS lastname 
            , TRIM(SUBSTR(fullname, length(SUBSTR(TRIM(fullname),1,instr(trim(fullname)||' ',' ')-1)) + 1)) AS middle_lastname 
            , length(fullname) AS l_fullname 
            , length(SUBSTR(TRIM(fullname),1,instr(trim(fullname)||' ',' ')-1) ) AS l_firstname
            , length(REPLACE(fullname, RTRIM(fullname, REPLACE(fullname, " ", "")), "")) AS l_lastname
            , fieldname AS fieldofstudy
            , university_id
            , degree_year || "//" || thesistitle as year_papertitle 
        FROM pq_authors 
        INNER JOIN (
            SELECT goid, fieldname 
            FROM pq_fields_mag
            WHERE mag_field0 IN (?)
        ) USING (goid)
    )
    -- ## NOTE: use left join here as not all graduates have advisor (particularly pre-1980) and possibly also keywords
    LEFT JOIN (
        SELECT goid
            , fields as keywords
            , advisors as coauthors
        FROm pq_info_linking
    ) USING(goid)
    INNER JOIN (
        SELECT university_id, normalizedname as institution
        FROM pq_unis
        WHERE location like "%United States%"
    ) USING(university_id)
    WHERE year >= 1985 and year <= 2015 AND length(firstname) > 1
     


    SELECT f.AuthorId
        , f.year
        , f.firstname
        , f.lastname
        , CASE TRIM(SUBSTR(f.middle_lastname, 1, f.l_fullname - f.l_firstname - f.l_lastname - 1)) 
            WHEN 
                "" THEN NULL 
                ELSE TRIM(SUBSTR(f.middle_lastname, 1, f.l_fullname - f.l_firstname - f.l_lastname - 1)) 
            END as middlename 
            -- ## NOTE this gives "" for middlename when it is missing 
        , f.fieldofstudy
        , g.keywords
        , g.coauthors
        , g.institution
        , g.year_papertitle
    FROM (
        SELECT a.AuthorId
            , a.YearFirstPub AS year
            , a.FirstName AS firstname
            , REPLACE(b.NormalizedName, RTRIM(b.NormalizedName, REPLACE(b.NormalizedName, " ", "")), "") AS lastname 
                    -- https://stackoverflow.com/questions/21388820/how-to-get-the-last-index-of-a-substring-in-sqlite
            , TRIM(SUBSTR(b.NormalizedName, length(a.FirstName) + 1)) AS middle_lastname 
                    -- this gives all except the first name 
            , length(b.NormalizedName) as l_fullname 
            , length(a.FirstName) as l_firstname
            , length(REPLACE(b.NormalizedName, RTRIM(b.NormalizedName, REPLACE(b.NormalizedName, " ", "")), "")) as l_lastname
            , e.NormalizedName AS fieldofstudy
        FROM author_sample AS a
        INNER JOIN (
            SELECT AuthorId, NormalizedName
            FROM Authors
        ) AS b USING(AuthorId)
        INNER JOIN (
            SELECT AuthorId
            FROM author_field0
            WHERE FieldOfStudyId_lvl0 IN (?)
                AND Degree <= 0
        ) USING(AuthorId)
        LEFT JOIN (
            SELECT AuthorId, NormalizedName
            FROM author_fields c
            INNER JOIN (
                SELECT FieldOfStudyId, NormalizedName
                FROM FieldsOfStudy
            ) AS d USING(FieldOfStudyId)
            -- ## Condition on fieldofstudy being in the level 0 id_field
            INNER JOIN (
                SELECT ParentFieldOfStudyId, ChildFieldOfStudyId
                FROM crosswalk_fields
                WHERE ParentLevel = 0
                    AND ParentFieldOfStudyId IN (?)
            ) AS e ON (e.ChildFieldOfStudyId = c.FieldOfStudyId)
            WHERE FieldClass = 'first'
        ) AS e USING(AuthorId)
    ) f
    LEFT JOIN (
        SELECT AuthorId
                , institutions as institution
                , main_us_institutions_career
                , coauthors
                , keywords
                , year_papertitle
        FROM author_info_linking
    ) AS g USING(AuthorId)
    WHERE length(firstname) > 1 AND year >= 1985 - 5 AND year <= 2015 + 5 
        -- ## use this to condition on people that have at least at some point their main affiliation in the US
        AND g.main_us_institutions_career IS NOT NULL
        AND g.institution != "chinese academy of sciences"
     

Time elapsed: 170.35927500724793 minutes 

Starting active labeling...
firstname : mary
lastname : cohen
middlename : l
year : 2007
year_papertitle : ((2007, 'christopher small s concept of musicking toward a theory of choral singing pedagogy in prison contexts'), (2007, 'explorations of inmate and volunteer choral experiences in a prison based choir'), (2009, 'conductors perspectives of kansas prison choirs'), (2010, 'christopher small a biographical profile of his life'), (2010, 'reliability and perceived pedagogical utility of a weighted music performance assessment rubric'), (2010, 'risk taker extraordinaire an interview with elvera voth'), (2011, 'in memorial christopher small with gratitude'), (2012, 'harmony within the walls perceptions of worthiness and competence in a community prison choir'), (2012, 'writing between rehearsals a tool for assessment and building camaraderie'), (2013, 'changing lives incarcerated female youth create and perform with the storycatchers theatre and the chicago symphony orchestra'))
keywords : frozenset({'applied psychology', 'psychoanalysis', 'criminology', 'aesthetics', 'pedagogy', 'literature', 'social psychology', 'visual arts', 'gerontology'})

firstname : mary
lastname : cohen
middlename : l
year : 2007
year_papertitle : ((2007, 'christopher small s concept of musicking toward a theory of choral singing pedagogy in prison contexts'),)
keywords : frozenset({'music education', 'philosophy', 'criminology', 'education philosophy'})

0/10 positive, 0/10 negative
Do these records refer to the same thing?
(y)es / (n)o / (u)nsure / (f)inished
firstname : lauren
lastname : bowen
middlename : None
year : 1995
year_papertitle : ((1995, 'advertising and the legal profession'), (1995, 'attorney advertising in the wake of bates v state bar of arizona 1977 a study of judicial impact'), (1997, 'politics and judgment in federal district courts by c k rowland and robert a carp lawrence ks university of kansas press 1996 pp xi 211 29 95 the federal judiciary and institutional change by deborah j barrow gary zuk and gerard s gryski ann arbor mi university of michigan press 1996 pp xiv 143 39 50'))
keywords : frozenset({'law', 'public relations', 'humanities', 'advertising'})

firstname : lauren
lastname : bowen
middlename : lee
year : 1992
year_papertitle : ((1992, 'attorney advertising in the wake of bates v state bar of arizona 1977 a study of judicial impact'),)
keywords : frozenset({'political science', 'law'})

1/10 positive, 0/10 negative
Do these records refer to the same thing?
(y)es / (n)o / (u)nsure / (f)inished / (p)revious
firstname : sarah
lastname : kington
middlename : None
year : 2019
year_papertitle : ((2019, 'feeding the cesarean cycle examining the role of childbirth education classes'), (2021, 'something was attacking them and their reproductive organs environmental reproductive justice in an indigenous tribe in the united states gulf coast'))
keywords : frozenset({'obstetrics', 'economic growth'})

firstname : sarah
lastname : king
middlename : henderson
year : 1999
year_papertitle : ((1999, 'a study of peer sexual harassers in metropolitan nashville public high schools'),)
keywords : frozenset({'criminology', 'curricula', 'teaching', 'educational sociology'})

2/10 positive, 0/10 negative
Do these records refer to the same thing?
(y)es / (n)o / (u)nsure / (f)inished / (p)revious
firstname : david
lastname : hof
middlename : d
year : 2005
year_papertitle : ((2005, 'comprehensive school guidance programs in nebraska implications for rural schools'), (2007, 'the platte river corridor project a university k 12 collaboration to meet the needs of latino students'), (2008, 'multicultural and social justice training for counselor education programs and colleges of education rewards and challenges'))
keywords : frozenset({'medical education', 'pedagogy'})

firstname : david
lastname : hoffman
middlename : isao
year : 2000
year_papertitle : ((2000, 'oil and state building in post soviet azerbaijan and kazakhstan'),)
keywords : frozenset({'administration of general economic programs', 'political science', 'energy', 'social structure', 'economics'})

2/10 positive, 1/10 negative
Do these records refer to the same thing?
(y)es / (n)o / (u)nsure / (f)inished / (p)revious
firstname : william
lastname : sommers
middlename : t
year : 2007
year_papertitle : ((2007, 'an improved algorithm for small and cool fire detection using modis data a preliminary study in the southeastern united states'), (2007, 'smoke plume detection in the eastern united states using modis'), (2009, '2007 eastfire conference introduction to special issue'), (2013, 'remote sensing and modeling applications to wildland fires'), (2014, 'wildland fire emissions carbon and climate science overview and knowledge needs'))
keywords : frozenset({'ecology', 'public administration', 'remote sensing', 'meteorology', 'environmental resource management'})

firstname : william
lastname : toms
middlename : m
year : 2007
year_papertitle : ((2007, 'exploring the relationship between kolb s learning styles and tlp leadership styles in the new jersey state police a correlation study'),)
keywords : frozenset({'criminology', 'public administration', 'continuing education', 'organizational behavior', 'adult education', 'organization theory'})

2/10 positive, 2/10 negative
Do these records refer to the same thing?
(y)es / (n)o / (u)nsure / (f)inished / (p)revious
firstname : jaeran
lastname : kim
middlename : None
year : 2013
year_papertitle : ((2013, 'virtual boundaries ethical considerations for use of social media in social work'), (2017, 'exploring adoption specific curricula in undergraduate and graduate degree programs'), (2017, 'you can t run into a burning building without getting burned yourself an ecological systems perspective of parents choosing out of home care for an intercountry adopted child'), (2018, 'voluntary placements in child welfare a comparative analysis of state statutes'), (2019, 'adoption discontinuity in intensive out of home care settings'), (2020, 'adoption specific curricula in higher education1'), (2020, 'disability accommodation experiences of social work students in the united states'), (2020, 'making disability visible in social work education'), (2020, 'the inclusive family support model facilitating openness for post adoptive families'))
keywords : frozenset({'nursing', 'developmental psychology', 'pedagogy', 'social psychology', 'medical education', 'public relations'})

firstname : tae
lastname : kim
middlename : young
year : 1995
year_papertitle : ((1995, 'policy instrument choice an exploration of the use of marketable permits by the scaqmd s reclaim regional clean air incentives market'),)
keywords : frozenset({'environmental science', 'public administration'})

2/10 positive, 3/10 negative
Do these records refer to the same thing?
(y)es / (n)o / (u)nsure / (f)inished / (p)revious
firstname : tia
lastname : powell
middlename : None
year : 2008
year_papertitle : ((2008, 'carrots and sticks keeping healthcare workers on the job in a public health disaster'), (2009, 'participating in biomedical research'), (2011, 'a piece of my mind life imitates work'), (2011, 'pacemakers and end of life decisions reply'), (2012, 'emergency preparedness and public health the lessons of hurricane sandy'), (2013, 'hospital evacuation decisions in emergency situations reply'), (2013, 'practical ethical and legal challenges underlying crisis standards of care'), (2013, 'prepositioning antibiotics for anthrax'), (2014, 'brain death what health professionals should know'), (2014, 'the time is now bioethics and lgbt issues'))
keywords : frozenset({'nursing', 'cognitive science', 'emergency medicine', 'psychiatry', 'gender studies', 'public administration', 'intensive care medicine', 'medical education', 'virology', 'medical emergency', 'public relations'})

firstname : eric
lastname : powell
middlename : d
year : 2015
year_papertitle : ((2015, 'fighting unemployment a descriptive study examining female veterans ages 18 24'),)
keywords : frozenset({'business administration', 'vocational education', 'military studies', 'public administration'})

2/10 positive, 4/10 negative
Do these records refer to the same thing?
(y)es / (n)o / (u)nsure / (f)inished / (p)revious
firstname : deborah
lastname : kisatsky
middlename : None
year : 2003
year_papertitle : ((2003, 'beyond pain the role of pleasure and culture in the making of foreign affairs review'), (2003, 'the united states the french right and american power in europe 1946 1958'), (2006, 'james h critchfield partners at the creation the men behind postwar germany s defense and intelligence establishments'), (2006, 'partners at the creation the men behind postwar germany s defense and intelligence establishments review'), (2007, 'mandarins of the future modernization theory in cold war america by nils gilman baltimore johns hopkins university press 2003 329 pp 48 00'), (2008, 'david ciepley liberalism in the shadow of totalitarianism cambridge mass harvard university press 2006 pp x 379 49 95'))
keywords : frozenset({'theology', 'political economy', 'aesthetics', 'social psychology', 'economic history', 'economy'})

firstname : deborah
lastname : kisatsky
middlename : None
year : 2001
year_papertitle : ((2001, 'containment co optation cooperation the united states and the european right 1945 1955'),)
keywords : frozenset({'international relations', 'history', 'international law', 'american history'})

2/10 positive, 5/10 negative
Do these records refer to the same thing?
(y)es / (n)o / (u)nsure / (f)inished / (p)revious
firstname : denise
lastname : lach
middlename : None
year : 1991
year_papertitle : ((1991, 'sex differences in attitudes toward nuclear war'), (1991, 'workplace dispute resolution and gender inequality'), (1992, 'section dispute resolution processes practice and research efforts'), (1992, 'sociological explanations for failure to seek sexual harassment remedies'), (1993, 'sociological perspectives on sexual harassment and workplace dispute resolution'), (1994, 'gender and workplace dispute resolution a conceptual and theoretical model'), (1994, 'gender differences in clerical workers disputes over tasks interpersonal treatment and emotion'), (1996, 'environmental justice issues policies and solutions edited by bunyan bryant washington d c island press 1995 reviewed by denise lach'), (1996, 'introduction environmental conflict'))
keywords : frozenset({'ethnology', 'criminology', 'socioeconomics', 'law', 'public relations', 'law and economics', 'social psychology', 'humanities', 'management', 'environmental planning', 'economic growth'})

firstname : denise
lastname : lach
middlename : h
year : 1992
year_papertitle : ((1992, 'legitimation processes in environmental dispute resolution a case study'),)
keywords : frozenset({'political science', 'sociology'})

3/10 positive, 5/10 negative
Do these records refer to the same thing?
(y)es / (n)o / (u)nsure / (f)inished / (p)revious
firstname : chad
lastname : jonge
middlename : kiewiet de
year : 2010
year_papertitle : ((2010, 'kathleen bruhn urban protest in mexico and brazil new york cambridge university press 2008 tables figures acronyms appendix bibliography index 212 pp hardcover 87 e book 68'), (2012, 'vote buying and social desirability bias experimental evidence from nicaragua'), (2014, 'artificial inflation or deflation assessing the item count technique in comparative surveys'), (2014, 'the conditionality of vote buying norms experimental evidence from latin america'), (2015, 'legitimacy buying the dynamics of clientelism in the face of legitimacy challenges'), (2015, 'who lies about electoral gifts experimental evidence from latin america'), (2016, 'should researchers abandon questions about democracy evidence from latin america'), (2016, 'the hartford consensus a national survey of the public regarding bleeding control'))
keywords : frozenset({'public economics', 'demographic economics', 'econometrics', 'political economy', 'social psychology', 'art history', 'public relations', 'family medicine'})

firstname : chad
lastname : jonge
middlename : p kiewiet de
year : 2013
year_papertitle : ((2013, 'political learning and democratic commitment in new democracies'),)
keywords : frozenset({'political science'})

4/10 positive, 5/10 negative
Do these records refer to the same thing?
(y)es / (n)o / (u)nsure / (f)inished / (p)revious
firstname : emily
lastname : weisburst
middlename : None
year : 2017
year_papertitle : ((2017, 'information and college decisions evidence from the texas go center project'), (2017, 'innovative pathways through developmental education and postsecondary success an examination of developmental math interventions across texas'), (2019, 'patrolling public schools the impact of funding for school police on student discipline and long term education outcomes'), (2019, 'safety in police numbers evidence of police effectiveness from federal cops grant applications'), (2021, 'gender gaps in venture capital performance'), (2021, 'heterogeneity in the effects of college course placement'))
keywords : frozenset({'criminology', 'mathematics education', 'labour economics', 'medical education', 'public relations'})

firstname : emily
lastname : west
middlename : m
year : 2008
year_papertitle : ((2008, 'understanding juvenile delinquency among a sample of urban high risk youth the roles of gender and school poverty in predicting arrest'),)
keywords : frozenset({'criminology', 'individual family studies', 'educational sociology'})

5/10 positive, 5/10 negative
Do these records refer to the same thing?
(y)es / (n)o / (u)nsure / (f)inished / (p)revious
firstname : adam
lastname : rosen
middlename : b
year : 2013
year_papertitle : ((2013, 'differences in lateral drop jumps from an unknown height among individuals with functional ankle instability'), (2014, 'cross cultural adaption and reliability of the korean version of the identification of functional ankle instability 771 board 186 may 28 2'), (2015, 'ankle ligament laxity and stiffness in chronic ankle instability'), (2015, 'anterior reach deficits in star excursion balance tests in an adolescent unstable ankle population 535 board 8 may 27 1'), (2015, 'cross cultural adaptation and validation of the korean version of the cumberland ankle instability tool'), (2015, 'diagnostic accuracy of instrumented and manual talar tilt tests in chronic ankle instability populations'), (2015, 'individuals with both perceived ankle instability and mechanical laxity demonstrate dynamic postural stability deficits'), (2015, 'lower extremity kinematics during a drop jump in individuals with patellar tendinopathy'), (2016, 'a multivariate assessment of clinical contributions to the severity of perceived dysfunction measured by the cumberland ankle instability tool'), (2017, 'patellar tendon straps decrease pre landing quadriceps activation in males with patellar tendinopathy'))
keywords : frozenset({'speech recognition', 'orthodontics', 'dentistry', 'surgery', 'nuclear medicine', 'physical therapy', 'physical medicine and rehabilitation'})

firstname : adam
lastname : rosen
middlename : paul
year : 1996
year_papertitle : ((1996, 'factors affecting juror decision making in repressed memory cases'),)
keywords : frozenset({'occupational psychology', 'law', 'criminology', 'social psychology'})

5/10 positive, 6/10 negative
Do these records refer to the same thing?
(y)es / (n)o / (u)nsure / (f)inished / (p)revious
firstname : david
lastname : connor
middlename : patrick
year : 2011
year_papertitle : ((2011, 'book review explaining u s imprisonment'), (2012, 'ex offenders and educational equal access doctoral programs in criminology and criminal justice'), (2012, 'female sex offenders anticipations for re entry do they really know what they re in for'), (2013, 'number of sexual partners and social disorganization a developmental trajectory approach'), (2013, 'why the american journal of criminal justice is a great place to publish a research note examining frequent authors experiences'), (2014, 'disciplinary infractions behind bars an exploration of importation and deprivation theories'), (2014, 'who is having sex inside prison'), (2015, 'criminal justice officials views of sex offenders sex offender registration community notification and residency restrictions'), (2015, 'prison inmates and their visitors an examination of inmate characteristics and visitor types'), (2016, 'serious juvenile offenders who have experienced emerging adulthood substance use and recidivism'))
keywords : frozenset({'criminology', 'developmental psychology', 'psychiatry', 'social psychology', 'clinical psychology', 'public relations'})

firstname : david
lastname : connor
middlename : andrew o
year : 2002
year_papertitle : ((2002, 'the female psychopath validity and factor structure of the revised psychopathy checklist pcl r in women inmates'),)
keywords : frozenset({'criminology', 'psychological tests', 'psychotherapy', 'personality'})

5/10 positive, 7/10 negative
Do these records refer to the same thing?
(y)es / (n)o / (u)nsure / (f)inished / (p)revious
firstname : jason
lastname : taylor
middlename : l
year : 2014
year_papertitle : ((2014, 'book review first in the world community colleges and america s future by brown j n'), (2014, 'toward college and career readiness how different models produce similar short term outcomes'), (2015, 'accelerating pathways to college the in equitable effects of community college dual credit'), (2015, 'an examination of campus climate for lgbtq community college students'), (2015, 'are dual enrollment students college ready evidence from the wabash national study of liberal arts education'), (2015, 'call to action embracing an inclusive lgbtq culture on community college campuses'), (2015, 'state dual credit policy a national perspective'), (2016, 'reverse credit transfer policies and programs policy rationales implementation and implications'), (2016, 'reverse credit transfer recognizing and measuring transfer student success'), (2017, 'the multiple dimensions of transfer examining the transfer function in american higher education'))
keywords : frozenset({'actuarial science', 'marketing', 'medical education', 'mathematics education', 'knowledge management', 'public administration', 'pedagogy', 'accounting', 'public relations'})

firstname : jason
lastname : taylor
middlename : edward
year : 1998
year_papertitle : ((1998, 'the national industrial recovery act cartels for all and no questions asked'),)
keywords : frozenset({'american history', 'economic history', 'public administration'})

5/10 positive, 8/10 negative
Do these records refer to the same thing?
(y)es / (n)o / (u)nsure / (f)inished / (p)revious
firstname : victoria
lastname : soto
middlename : m defrancesco
year : 2006
year_papertitle : ((2006, 'racial distancing in a southern city latino immigrants views of black americans'), (2006, 'vota por tu futuro partisan mobilization of latino voters in the 2000 presidential election'))
keywords : frozenset({'gender studies', 'advertising'})

firstname : victoria
lastname : soto
middlename : maria defrancesco
year : 2007
year_papertitle : ((2007, 'do latinos party all the time the role of shared ethnic group identity on political choice'),)
keywords : frozenset({'political science', 'hispanic american studies'})

5/10 positive, 9/10 negative
Do these records refer to the same thing?
(y)es / (n)o / (u)nsure / (f)inished / (p)revious
firstname : peter
lastname : davies
middlename : j
year : 2007
year_papertitle : ((2007, 'understanding community receptivity to water re use ku ring gai council case study'), (2008, 'building consensus through the application of a decision support tool for land managers'), (2010, 'impact of concrete and pvc pipes on urban water chemistry'), (2010, 'impact of urban development on aquatic macroinvertebrates in south eastern australia degradation of in stream habitats and comparison with non urban streams'), (2010, 'new directions in urban biodiversity conservation the role of science and its interaction with local environmental policy'), (2011, 'a new type of water pollution concrete drainage infrastructure and geochemical contamination of urban waters'), (2011, 'development and application of a rapid assessment tool for urban stream networks'), (2011, 'troubled waters an examination of the disconnect between river science and law'), (2011, 'urban rivers and riparian systems directions and recommendations for legislators policy makers developers and community users'), (2013, 'a setback for river and riparian ecosystems a response to the new south wales office of water 2012 policy on riparian corridors'))
keywords : frozenset({'finance', 'socioeconomics', 'law', 'hydrology', 'ecology', 'environmental ethics', 'environmental engineering', 'environmental resource management'})

firstname : peter
lastname : davies
middlename : raymond alexander
year : 2003
year_papertitle : ((2003, 'the european union a study in the accountability of supranational institutions'),)
keywords : frozenset({'political science', 'international relations', 'international law'})

6/10 positive, 9/10 negative
Do these records refer to the same thing?
(y)es / (n)o / (u)nsure / (f)inished / (p)revious
firstname : karen
lastname : evans
middlename : m
year : 2011
year_papertitle : ((2011, 'analyzing complex gaze behavior in the natural world'), (2012, 'collecting and analyzing eye tracking data in outdoor environments'), (2012, 'ego motion compensation improves fixation detection in wearable eye tracking'))
keywords : frozenset({'computer vision', 'human computer interaction', 'artificial intelligence'})

firstname : karen
lastname : evans
middlename : gilliland
year : 1998
year_papertitle : ((1998, 'governance citizenship and the new sciences lessons from dewey and follett on realizing democratic administration'),)
keywords : frozenset({'american history', 'science history', 'public administration'})

6/10 positive, 10/10 negative
Do these records refer to the same thing?
(y)es / (n)o / (u)nsure / (f)inished / (p)revious
firstname : john
lastname : williams
middlename : w
year : 1989
year_papertitle : ((1989, 'carlos marighela the father of urban guerrilla warfare'),)
keywords : frozenset({'law', 'economic history'})

firstname : john
lastname : williams
middlename : hunter porter
year : 1988
year_papertitle : ((1988, 'british and american military procurement theories and cases in decision making'),)
keywords : frozenset({'political science'})

6/10 positive, 11/10 negative
Do these records refer to the same thing?
(y)es / (n)o / (u)nsure / (f)inished / (p)revious
firstname : jin
lastname : choi
middlename : young
year : 2011
year_papertitle : ((2011, 'repeat migration and remittances evidence from thai migrant workers'), (2013, 'social dimensions of organic production and systems research'))
keywords : frozenset({'labour economics', 'environmental economics'})

firstname : ji
lastname : choi
middlename : young
year : 2009
year_papertitle : ((2009, 'varieties of regional economic institutionalization europe north america and east asia compared'),)
keywords : frozenset({'political science', 'international law', 'public administration'})

6/10 positive, 12/10 negative
Do these records refer to the same thing?
(y)es / (n)o / (u)nsure / (f)inished / (p)revious
firstname : donghun
lastname : lee
middlename : None
year : 2008
year_papertitle : ((2008, 'the effects of vicarious achievement and team identification on birging and corfing'), (2011, 'consumer values versus perceived product attributes relationships among items from the mvs prs and perval scales'), (2011, 'super bowl commercial and game consumption for the college demographic'), (2011, 'the influence of personal values and goals on cognitive and behavioral involvement in sport'), (2012, 'confirmatory analysis of the athletic team merchandise model'), (2012, 'consumer evaluation of brand fit attitude and purchase intention of athletic team merchandise'), (2013, 'regaining fans trust after negative incidents fit between responses and nature of incidents'), (2013, 'the impact of football bowl subdivision head coaching changes on ncaa academic progress rate'), (2014, 'the impact of social media on the awareness of the olympic movement'), (2014, 'the relationship among service quality satisfaction and future attendance intention the case of shanghai atp masters 1000'))
keywords : frozenset({'marketing', 'applied psychology', 'advertising', 'social psychology', 'public relations'})

firstname : do
lastname : lee
middlename : suk
year : 2012
year_papertitle : ((2012, 'the effects of task properties and cognitive strategy on performance application to a personnel selection task in government organization context'),)
keywords : frozenset({'public administration'})

6/10 positive, 13/10 negative
Do these records refer to the same thing?
(y)es / (n)o / (u)nsure / (f)inished / (p)revious
firstname : branislav
lastname : slantchev
middlename : l
year : 2003
year_papertitle : ((2003, 'the power to hurt costly conflict with completely informed states'), (2003, 'the principle of convergence in wartime negotiations'), (2004, 'how initiators end their wars the duration of warfare and the terms of peace'), (2005, 'military coercion in interstate crises'), (2005, 'probabilistic causality selection bias and the logic of the democratic peace'), (2005, 'territory and commitment the concert of europe as self enforcing equilibrium'), (2005, 'the political economy of simultaneous transitions an empirical test of two models'), (2006, 'politicians the media and domestic audience costs'), (2006, 'trust and mistrust in international relations'), (2007, 'the armed peace a punctuated equilibrium theory of war'))
keywords : frozenset({'actuarial science', 'development economics', 'public economics', 'law', 'political economy', 'positive economics', 'law and economics', 'social psychology', 'public relations'})

firstname : branislav
lastname : slantchev
middlename : lazarov
year : 2002
year_papertitle : ((2002, 'strategic bargaining and the termination of interstate wars'),)
keywords : frozenset({'international relations', 'international law'})

6/10 positive, 14/10 negative
Do these records refer to the same thing?
(y)es / (n)o / (u)nsure / (f)inished / (p)revious
firstname : leonardo
lastname : arriola
middlename : r
year : 2007
year_papertitle : ((2007, 'the ethiopian voter an assessment of economic and ethnic influences with survey data'), (2008, 'ethnicity economic conditions and opposition support evidence from ethiopia s 2005 elections'), (2009, 'patronage and political stability in africa'), (2013, 'capital and opposition in africa coalition building in multiethnic societies'), (2013, 'protesting and policing in a multiethnic authoritarian state evidence from ethiopia'), (2014, 'ethnic politics and women s empowerment in africa ministerial appointments to executive cabinets'))
keywords : frozenset({'development economics', 'law', 'political economy', 'public relations', 'economic system', 'public administration', 'economy', 'economic growth'})

firstname : leonardo
lastname : arriola
middlename : rafael
year : 2008
year_papertitle : ((2008, 'between coordination and cooptation the opposition s dilemma in africa'),)
keywords : frozenset({'political science'})

7/10 positive, 14/10 negative
Do these records refer to the same thing?
(y)es / (n)o / (u)nsure / (f)inished / (p)revious
firstname : aeon
lastname : skoble
middlename : j
year : 1998
year_papertitle : ((1998, 'political philosophy essential selections'), (2000, 'liberty policy and natural disasters'), (2001, 'the simpsons and philosophy the d oh of homer'), (2002, 'philosophy and popular culture a philosopher seeks value in the simpsons'), (2004, 'woody allen and philosophy you mean my whole fallacy is wrong'))
keywords : frozenset({'psychoanalysis', 'ethnology', 'social science', 'aesthetics', 'welfare economics', 'literature', 'humanities', 'art history', 'classics'})

firstname : aeon
lastname : skoble
middlename : james
year : 1994
year_papertitle : ((1994, 'freedom authority and social order the legitimacy of state coercion in anarchist and minimalist theory'),)
keywords : frozenset({'political science', 'philosophy', 'law'})

8/10 positive, 14/10 negative
Do these records refer to the same thing?
(y)es / (n)o / (u)nsure / (f)inished / (p)revious
firstname : dong
lastname : han
middlename : None
year : 2010
year_papertitle : ((2010, 'can i own my writings and sell them too a brief history of copyright in china from the late qing era to mao s china'), (2010, 'policing and racialization of rural migrant workers in chinese cities'), (2011, 'use is an anagram of sue cultural control resistance and the role of copyright in chinese cyberspace'), (2012, 'copyrighting media labor and production a case of chinese television'), (2014, 'how the copyright law was not made reinventing copyright in contemporary china'), (2016, 'from vagueness to clarity articulating legal criteria of digital content regulation in china'))
keywords : frozenset({'advertising', 'law', 'political economy', 'public relations', 'law and economics', 'gender studies', 'economy', 'economic growth'})

firstname : dongping
lastname : han
middlename : None
year : 1998
year_papertitle : ((1998, 'the unknown cultural revolution educational reforms and their impact on china s rural development 1966 1976'),)
keywords : frozenset({'political science', 'history', 'school administration'})

9/10 positive, 14/10 negative
Do these records refer to the same thing?
(y)es / (n)o / (u)nsure / (f)inished / (p)revious
firstname : chen
lastname : wang
middlename : None
year : 2003
year_papertitle : ((2003, 'convolutional compaction of test responses'), (2003, 'on compacting test response data containing unknown values'), (2004, 'fault diagnosis in designs with convolutional compactors'), (2004, 'fault diagnosis in designswith convolutional compactors'), (2005, 'convolutional compaction driven diagnosis of scan failures'), (2005, 'defect aware test patterns'), (2005, 'finite memory test response compactors for embedded test applications'), (2005, 'on efficient x handling using a selective compaction scheme to achieve high test response compaction ratios'), (2006, 'timing aware atpg for high quality at speed testing of small delay defects'), (2007, 'isolation of failing scan cells through convolutional test response compaction'))
keywords : frozenset({'algorithm', 'control theory', 'electronic engineering', 'embedded system', 'real time computing', 'computer engineering', 'reliability engineering', 'computer hardware'})

firstname : chenshiuen
lastname : wang
middlename : None
year : 1996
year_papertitle : ((1996, 'faction politics in taiwan a perspective on patron client theory'),)
keywords : frozenset({'political science', 'history'})

9/10 positive, 15/10 negative
Do these records refer to the same thing?
(y)es / (n)o / (u)nsure / (f)inished / (p)revious
firstname : young
lastname : kim
middlename : soo
year : 2014
year_papertitle : ((2014, 'international norms and distinctive policy choices in global aids funding comparative case studies of norway and belgium'), (2015, 'obstacles to the response to hiv aids in south africa historical legacies in perception and policy environment in 1994 2006'), (2016, 'domestic contexts for response to global hiv aids in france perception media role and civil society'), (2017, 'variance in global response to hiv aids between the united states and japan perception media and civil society'))
keywords : frozenset({'development economics', 'social science', 'law', 'gender studies', 'gerontology', 'economic growth'})

firstname : young
lastname : kim
middlename : woon
year : 2010
year_papertitle : ((2010, 'contract design in the united states federal government'),)
keywords : frozenset({'public administration'})

9/10 positive, 16/10 negative
Do these records refer to the same thing?
(y)es / (n)o / (u)nsure / (f)inished / (p)revious
firstname : lorraine
lastname : volo
middlename : bayard de
year : 2001
year_papertitle : ((2001, 'mothers of heroes and martyrs gender identity politics in nicaragua 1979 1999'), (2002, 'after revolution mapping gender and cultural politics in neoliberal nicaragua by florence e babb 2000 austin university of texas press 2001 reviewed by lorraine bayard de volo'), (2003, 'analyzing politics and change in women s organizations'), (2003, 'engendering revolution explaining women s increased participation in guerrilla movements women and guerrilla movements nicaragua el salvador chiapas cuba'), (2003, 'radical women in latin america left and right'), (2003, 'service and surveillance infrapolitics at work among casino cocktail waitresses'), (2003, 'the mixed blessings of war and motherhood mothers of heroes and martyrs gender identity politics in nicaragua 1979 to 1999'), (2004, 'from the inside out ethnographic methods in political research'), (2004, 'ilja a luciak after the revolution gender and democracy in el salvador nicaragua and guatemala baltimore md the johns hopkins university 2001 pp xi 297 27 95 pb'), (2004, 'mobilizing mothers for war cross national framing strategies in nicaragua s contra war'))
keywords : frozenset({'development economics', 'theology', 'social science', 'political economy', 'gender studies', 'epistemology', 'economic history', 'humanities', 'public relations', 'religious studies'})

firstname : lorraine
lastname : volo
middlename : marie bayard de
year : 1996
year_papertitle : ((1996, 'heroes martyrs and mothers maternal identity politics in revolutionary nicaragua'),)
keywords : frozenset({'latin american history', 'political science', 'social psychology', 'social structure', 'womens studies'})

9/10 positive, 17/10 negative
Do these records refer to the same thing?
(y)es / (n)o / (u)nsure / (f)inished / (p)revious
firstname : james
lastname : cooper
middlename : m
year : 1998
year_papertitle : ((1998, 'creative problem solving and the castro conundrum'), (1998, 'towards a new architecture creative problem solving and the evolution of law'), (1999, 'spirits in the material world a post modern approach to united states trade policy'), (1999, 'state of the nation therapeutic jurisprudence and the evolution of the right of self determination in international law'), (2000, 'essay access to justice 1 1'))
keywords : frozenset({'management science', 'criminology', 'mathematics education', 'law and economics', 'computer security', 'international trade'})

firstname : james
lastname : cooper
middlename : fenimore
year : 1987
year_papertitle : ((1987, 'a participatory theocracy church government in colonial massachusetts 1629 1760'),)
keywords : frozenset({'religious history', 'american studies', 'american history', 'public administration'})

10/10 positive, 17/10 negative
Do these records refer to the same thing?
(y)es / (n)o / (u)nsure / (f)inished / (p)revious
firstname : david
lastname : hansen
middlename : v
year : 2000
year_papertitle : ((2000, 'selenium regulates expression in rat liver of genes for proteins involved in iron metabolism'), (2002, 'control of the centriole and centrosome cycles by ubiquitination enzymes'), (2002, 'phylogenetic analysis of hoxa 11 sequences reveals absence of transposable elements conservation of transcription factor binding sites and suggests antisense coding function'), (2004, 'plk1 regulates activation of the anaphase promoting complex by phosphorylating and triggering scfβtrcp dependent destruction of the apc inhibitor emi1'), (2005, 'a role for the anaphase promoting complex inhibitor emi2 xerp1 a homolog of early mitotic inhibitor 1 in cytostatic factor arrest of xenopus eggs'), (2006, 'camkii and polo like kinase 1 sequentially phosphorylate the cytostatic factor emi2 xerp1 to trigger its destruction and meiotic exit'), (2006, 'emi1 stably binds and inhibits the anaphase promoting complex cyclosome as a pseudosubstrate inhibitor'), (2006, 'mouse emi2 is required to enter meiosis ii by reestablishing cyclin b1 during interkinesis'), (2006, 'the evi5 oncogene regulates cyclin accumulation by stabilizing the anaphase promoting complex inhibitor emi1'), (2006, 'the high school attainment credit a tax credit encouraging parents to help motivate students to graduate from high school'))
keywords : frozenset({'actuarial science', 'cell biology', 'genetics', 'cancer research', 'accounting', 'molecular biology'})

firstname : david
lastname : hansen
middlename : phillips
year : 1988
year_papertitle : ((1988, 'covenantal ethics and economic policy the industrial policy debate reconsidered'),)
keywords : frozenset({'philosophy', 'theology', 'international law', 'public policy', 'public administration', 'religion'})

10/10 positive, 18/10 negative
Do these records refer to the same thing?
(y)es / (n)o / (u)nsure / (f)inished / (p)revious
firstname : dennis
lastname : smith
middlename : s
year : 1981
year_papertitle : ((1981, 'law and the disabled anti discrimination has a long way yet to go'), (1988, 'musculoskeletal status of men and women who entered a fitness programme'))
keywords : frozenset({'physical therapy', 'law'})

firstname : dennis
lastname : smith
middlename : alcides
year : 2007
year_papertitle : ((2007, 'regime change international overthrow and domestic vulnerability'),)
keywords : frozenset({'political science', 'international relations', 'international law'})

10/10 positive, 19/10 negative
Do these records refer to the same thing?
(y)es / (n)o / (u)nsure / (f)inished / (p)revious
firstname : john
lastname : clark
middlename : f
year : 1993
year_papertitle : ((1993, 'sociopolitical change in the republic of congo political dilemmas of economic reform'), (1993, 'theoretical disarray and the study of democratisation in africa democratization in africa african views african voices summary of three workshops edited by sahr john kpundeh washington dc national academy press 1992 pp viii 85 13 95 paperback the politics of africa s economic recovery by richard sandbrook cambridge university press 1993 pp x 170 27 95 10 95 paperback'), (1994, 'elections leadership and democracy in congo'), (1994, 'the constraints on democracy in sub saharan africa the case for limited democracy'), (1994, 'the national conference as an instrument of democratization in francophone africa'), (1995, 'making war and waging peace foreign intervention in africa edited by david r smock washington dc united states institute of peace press 1993 pp vi 290 32 95 19 95 paperback'), (1996, 'political reform in francophone africa'), (1997, 'challenging the state crisis and innovation in latin america and africa'), (1997, 'petro politics in congo'), (1997, 'political change and social contestation in the republic of congo sources and analyses'))
keywords : frozenset({'development economics', 'political economy', 'economic system', 'public administration', 'gender studies', 'economic history', 'economic growth'})

firstname : john
lastname : clark
middlename : andrew
year : 1992
year_papertitle : ((1992, 'the institutionalization of local political parties'),)
keywords : frozenset({'political science'})

10/10 positive, 20/10 negative
Do these records refer to the same thing?
(y)es / (n)o / (u)nsure / (f)inished / (p)revious
firstname : michael
lastname : harvey
middlename : w
year : 2000
year_papertitle : ((2000, 'how do vocational educators fare in working with students with special needs perceptions from the field'), (2001, 'career and technical student organizations a perfect path to self determination and successful transition'), (2001, 'enrollment trends for students with disabilities in pennsylvania s career and technical education what policy makers should know'), (2001, 'postsecondary employment status influence on future education public policy findings from the national education longitudinal study'), (2001, 'transition in the field of special education'), (2001, 'viewpoint transition in the field of special education'), (2001, 'vocational technical education a logical approach to dropout prevention for secondary special education'), (2002, 'comparison of postsecondary transitional outcomes between students with and without disabilities by secondary vocational education participation findings from the national education longitudinal study'), (2003, 'influences of student educational labels behaviors and learning characteristics as perceived by pennsylvania s secondary career and technical educators'), (2005, 'indiana career and technical instructors perceptions of program expectations for students with and without disabilities'))
keywords : frozenset({'mathematics education', 'pedagogy', 'theoretical physics', 'medical education', 'economic growth'})

firstname : michael
lastname : harvey
middlename : philip
year : 1995
year_papertitle : ((1995, 'power and passion a study of hamlet and machiavelli'),)
keywords : frozenset({'political science', 'theater', 'british and irish literature'})

10/10 positive, 21/10 negative
Do these records refer to the same thing?
(y)es / (n)o / (u)nsure / (f)inished / (p)revious
firstname : yingwei
lastname : yao
middlename : None
year : 2000
year_papertitle : ((2000, 'em based blind demodulation of synchronous cdma'), (2001, 'eavesdropping in the synchronous cdma channel an em based approach'), (2001, 'user capacity for synchronous multirate cdma systems with linear mmse receivers'), (2002, 'a new vsl scheme for multi rate ds cdma systems'), (2003, 'a two layer spreading code scheme for dual rate ds cdma systems'), (2003, 'rate maximizing power allocation in ofdm based on partial channel knowledge'), (2004, 'blind cfo estimation in ofdm systems'), (2004, 'blind detection of synchronous cdma in non gaussian channels'), (2004, 'on energy efficiency of relay transmissions'), (2004, 'on regularity and identifiability of blind source separation under constant modulus constraints'))
keywords : frozenset({'algorithm', 'control theory', 'speech recognition', 'electronic engineering', 'applied mathematics', 'computer network', 'telecommunications', 'mathematical optimization'})

firstname : yi
lastname : yao
middlename : None
year : 2009
year_papertitle : ((2009, 'the impact of fiscal decentralization on growth inequality and local governance in rural china'),)
keywords : frozenset({'political science', 'economics'})

10/10 positive, 22/10 negative
Do these records refer to the same thing?
(y)es / (n)o / (u)nsure / (f)inished / (p)revious
firstname : les
lastname : nunn
middlename : None
year : 2010
year_papertitle : ((2010, 'sacrificing america on the altar of mediocrity'), (2010, 'the importance of a good business plan'), (2010, 'voice over internet protocol voip cost efficiencies and the decision to implement'), (2011, 'forensic accountants financial investigators'), (2011, 'measuring the benefits of voice over internet protocol voip'), (2011, 'the expert witness another opportunity for college professors'))
keywords : frozenset({'marketing', 'finance', 'risk analysis', 'systems engineering', 'law', 'aesthetics', 'computer security', 'telecommunications', 'accounting', 'public relations'})

firstname : lesley
lastname : nunn
middlename : lucas
year : 1997
year_papertitle : ((1997, 'the concept of attachment and its relationship to the extent of juvenile delinquency'),)
keywords : frozenset({'criminology', 'developmental psychology', 'social psychology', 'behaviorial sciences'})

10/10 positive, 23/10 negative
Do these records refer to the same thing?
(y)es / (n)o / (u)nsure / (f)inished / (p)revious
firstname : robert
lastname : pallitto
middlename : m
year : 2002
year_papertitle : ((2002, 'theorizing cross border mobility surveillance security and identity'), (2004, 'affirmative action revived what is the future for law schools'), (2005, 'state secrets and executive power'), (2006, 'the law extraordinary rendition and presidential fiat'), (2007, 'presidential secrecy and the law'), (2008, 'on global order power values and the constitution of international societyby andrew hurrell'))
keywords : frozenset({'law', 'political economy', 'law and economics', 'social psychology', 'management'})

firstname : robert
lastname : pallitto
middlename : michael
year : 2002
year_papertitle : ((2002, 'invisible hands visible harms ideology and the welfare system'),)
keywords : frozenset({'political science', 'public policy'})

10/10 positive, 24/10 negative
Do these records refer to the same thing?
(y)es / (n)o / (u)nsure / (f)inished / (p)revious
firstname : christopher
lastname : anderson
middlename : j
year : 2013
year_papertitle : ((2013, 'multiplex identification of gram positive bacteria and resistance determinants directly from positive blood culture broths evaluation of an automated microarray based nucleic acid test'), (2013, 'nasal carriage of epidemic methicillin resistant staphylococcus aureus 15 emrsa 15 clone observed in three chicago area long term care facilities'), (2015, 'correction ethanolamine signaling promotes salmonella niche recognition and adaptation during infection'), (2015, 'ethanolamine signaling promotes salmonella niche recognition and adaptation during infection'), (2016, 'location location location salmonella senses ethanolamine to gauge distinct host environments and coordinate gene expression'), (2016, 'salmonella suppresses the trif dependent type i interferon response in macrophages'), (2017, 'salmonella enterica serovar typhimurium strategies for host adaptation'), (2018, 'ethanolamine influences human commensal escherichia coli growth gene expression and competition with enterohemorrhagic e coli o157 h7'), (2018, 'the ethanolamine permease euth promotes vacuole adaptation of salmonella enterica and listeria monocytogenes during macrophage infection'), (2020, 'ripk3 dependent recruitment of low inflammatory myeloid cells does not protect from systemic salmonella infection'))
keywords : frozenset({'biochemistry', 'library science', 'pediatrics', 'immunology', 'virology', 'microbiology'})

firstname : christopher
lastname : anderson
middlename : johannes
year : 1993
year_papertitle : ((1993, 'the structure of credit and blame'),)
keywords : frozenset({'political science', 'economics'})

10/10 positive, 24/10 negative
Do these records refer to the same thing?
(y)es / (n)o / (u)nsure / (f)inished / (p)revious
firstname : andrew
lastname : siegel
middlename : m
year : 2005
year_papertitle : ((2005, 'moving down the wedge of injustice a proposal for a third generation of wrongful convictions scholarship and advocacy'), (2006, 'equal protection unmodified justice john paul stevens and the case for unmediated constitutional interpretation'), (2006, 'the court against the courts hostility to litigation as an organizing theme in the rehnquist court s jurisprudence'))
keywords : frozenset({'law', 'law and economics'})

firstname : andrew
lastname : siegel
middlename : walter
year : 1996
year_papertitle : ((1996, 'guilt identity and punishment'),)
keywords : frozenset({'criminology', 'philosophy'})

10/10 positive, 25/10 negative
Do these records refer to the same thing?
(y)es / (n)o / (u)nsure / (f)inished / (p)revious
firstname : sarah
lastname : greathouse
middlename : None
year : 2009
year_papertitle : ((2009, 'instruction bias and lineup presentation moderate the effects of administrator knowledge on eyewitness identification'), (2011, 'temporal discounting the differential effect of proximal and distal consequences on confession decisions'), (2011, 'the potentially biasing effects of voir dire in juvenile waiver cases'), (2012, 'why do motions to suppress suggestive eyewitness identifications fail'), (2013, 'innocence and resisting confession during interrogation effects on physiologic activity'), (2014, 'hypothesis testing in attorney conducted voir dire'), (2016, 'managing officer behavioural risk using early intervention systems addressing system design challenges for law enforcement and corrections environments'))
keywords : frozenset({'management science', 'social psychology', 'public relations', 'psychiatry'})

firstname : sarah
lastname : greathouse
middlename : michal
year : 2009
year_papertitle : ((2009, 'does cross examination help jurors detect deception'),)
keywords : frozenset({'law', 'psychology'})

10/10 positive, 26/10 negative
Do these records refer to the same thing?
(y)es / (n)o / (u)nsure / (f)inished / (p)revious
firstname : john
lastname : thorson
middlename : e
year : 2005
year_papertitle : ((2005, 'negotiating tribal water rights fulfilling promises in the arid west'), (2006, 'tribal water rights essays in contemporary law policy and economics'))
keywords : frozenset({'development economics', 'law', 'public administration'})

firstname : john
lastname : thorson
middlename : eric
year : 1991
year_papertitle : ((1991, 'river of promise river of peril building missouri river management institutions in a federal setting'),)
keywords : frozenset({'environmental management', 'public administration'})

11/10 positive, 26/10 negative
Do these records refer to the same thing?
(y)es / (n)o / (u)nsure / (f)inished / (p)revious
firstname : lorraine
lastname : taylor
middlename : c
year : 2019
year_papertitle : ((2019, 'understanding school based policing recommendations for improving school resource officer programs and promoting safer schools'), (2020, 'rural community engagement for health disparities research the unique role of historically black colleges and universities hbcus'))
keywords : frozenset({'public relations', 'economic growth'})

firstname : lorraine
lastname : taylor
middlename : catherine
year : 1997
year_papertitle : ((1997, 'impact of economic hardship on mothers mental health and parenting implications for child socialization and welfare reform'),)
keywords : frozenset({'developmental psychology', 'public policy', 'public administration', 'individual family studies', 'social structure'})

11/10 positive, 27/10 negative
Do these records refer to the same thing?
(y)es / (n)o / (u)nsure / (f)inished / (p)revious
Finished labeling
Done in 1157.6443232377371 minutes.
