/home/christoph/anaconda3/envs/science-career-tempenv/lib/python3.9/site-packages/numpy/core/getlimits.py:500: UserWarning: The value of the smallest subnormal for <class 'numpy.float64'> type is zero.
  setattr(self, word, getattr(machar, word).flat[0])
/home/christoph/anaconda3/envs/science-career-tempenv/lib/python3.9/site-packages/numpy/core/getlimits.py:89: UserWarning: The value of the smallest subnormal for <class 'numpy.float64'> type is zero.
  return self._float_to_str(self.smallest_subnormal)
/home/christoph/anaconda3/envs/science-career-tempenv/lib/python3.9/site-packages/numpy/core/getlimits.py:500: UserWarning: The value of the smallest subnormal for <class 'numpy.float32'> type is zero.
  setattr(self, word, getattr(machar, word).flat[0])
/home/christoph/anaconda3/envs/science-career-tempenv/lib/python3.9/site-packages/numpy/core/getlimits.py:89: UserWarning: The value of the smallest subnormal for <class 'numpy.float32'> type is zero.
  return self._float_to_str(self.smallest_subnormal)
Namespace(testing=False, verbose=1, field=['physics'], train_name='christoph_baseline', startyear=1985, endyear=2022, mergemode='1:1', recall=0.9, institution='True', fieldofstudy_cat='False', fieldofstudy_str='False', keywords='False', retrain='True', linking_type='grants')
Have max 6 cores available
Testing is False 

finished setup ... 
firstname : stephen
lastname : wimpenny
middlename : None
year_range : (1988, 2021)
main_us_institutions_year : ((1988, 'university of california riverside'), (1994, 'brookhaven national laboratory'), (1995, 'university of california riverside'), (1995, 'northeastern university'), (1997, 'university of california riverside'), (2002, 'university of california riverside'), (2005, 'university of california riverside'), (2006, 'university of california riverside'), (2008, 'university of california riverside'), (2008, 'boston university'), (2009, 'university of california riverside'), (2010, 'university of california riverside'), (2011, 'university of california riverside'), (2012, 'university of california riverside'), (2013, 'university of california riverside'), (2014, 'university of california riverside'), (2015, 'university of california riverside'), (2016, 'university of california riverside'), (2017, 'university of california riverside'), (2018, 'university of california riverside'), (2019, 'university of california riverside'), (2020, 'university of california riverside'), (2021, 'university of california riverside'))
all_us_institutions_year : ((1988, 'university of california riverside'), (1994, 'brookhaven national laboratory'), (1995, 'northeastern university'), (1995, 'university of california riverside'), (1997, 'university of california riverside'), (2002, 'university of california riverside'), (2005, 'university of california riverside'), (2006, 'university of california riverside'), (2008, 'boston university'), (2008, 'university of california riverside'), (2009, 'university of california riverside'), (2010, 'university of california riverside'), (2011, 'university of california riverside'), (2011, 'university of california san diego'), (2012, 'university of california riverside'), (2012, 'university of california san diego'), (2013, 'university of california riverside'), (2014, 'university of california riverside'), (2014, 'university of california san diego'), (2015, 'university of california riverside'), (2016, 'university of california berkeley'), (2016, 'university of california riverside'), (2016, 'university of california san diego'), (2017, 'university of california riverside'), (2018, 'university of california riverside'), (2019, 'university of california riverside'), (2020, 'university of california riverside'), (2021, 'university of california riverside'))

firstname : stephen
lastname : reucroft
middlename : None
year_range : (2002,)
main_us_institutions_year : ((2002, 'northeastern university'),)
all_us_institutions_year : ((2002, 'northeastern university'),)

0/10 positive, 0/10 negative
Do these records refer to the same thing?
(y)es / (n)o / (u)nsure / (f)inished

        SELECT a.GrantID, CAST(SUBSTR(a.Award_AwardEffectiveDate, 7, 4) AS INT) AS year_range
            , b.institution, c.firstname, c.lastname, c.middlename
            , '' AS keywords, '' AS coauthors -- # necessary for current code structure
            , CAST(SUBSTR(a.Award_AwardEffectiveDate, 7, 4) AS INT) || "//" || b.institution AS main_us_institutions_year
            , CAST(SUBSTR(a.Award_AwardEffectiveDate, 7, 4) AS INT) || "//" || b.institution AS all_us_institutions_year
        FROM NSF_MAIN as a 
        INNER JOIN (
            SELECT GrantID, Name AS institution
            FROM NSF_Institution
        ) b 
        USING (GrantID)
        INNER JOIN (
            SELECT GrantID
                , FirstName AS firstname
                , LastName AS lastname
                , PIMidInit AS middlename --# NOTE: PISufxName is often "Jr", "Mr", JR, ... 
            FROM NSF_Investigator
            WHERE RoleCode = 'principal investigator'
        ) c
        USING (GrantID)
        WHERE AWARD_TranType = 'grant' AND AWARD_Agency = 'nsf' 
            AND a.AwardInstrument_Value IN ('standard grant', 'continuing grant')
            AND a.Organization_Directorate_ShortName IN ('MATHEMATICAL & PHYSICAL SCIEN')
            AND c.lastname != 'data not available'
         


    SELECT f.AuthorId
        , f.year
        , f.YearLastPub
        , f.firstname
        , f.lastname
        , CASE TRIM(SUBSTR(f.middle_lastname, 1, f.l_fullname - f.l_firstname - f.l_lastname - 1)) 
            WHEN 
                "" THEN NULL 
                ELSE TRIM(SUBSTR(f.middle_lastname, 1, f.l_fullname - f.l_firstname - f.l_lastname - 1)) 
            END as middlename 
            -- ## NOTE this gives "" for middlename when it is missing 
        , f.fieldofstudy
        , g.keywords
        , g.coauthors
        , g.institution
        , g.main_us_institutions_year
         
            , f.year || ";" || f.YearLastPub AS year_range 
            , g.all_us_institutions_year
        
    FROM (
        SELECT a.AuthorId
            , a.YearFirstPub AS year
            , a.YearLastPub 
            , a.FirstName AS firstname
            , REPLACE(b.NormalizedName, RTRIM(b.NormalizedName, REPLACE(b.NormalizedName, " ", "")), "") AS lastname 
                    -- https://stackoverflow.com/questions/21388820/how-to-get-the-last-index-of-a-substring-in-sqlite
            , TRIM(SUBSTR(b.NormalizedName, length(a.FirstName) + 1)) AS middle_lastname 
                    -- this gives all except the first name 
            , length(b.NormalizedName) as l_fullname 
            , length(a.FirstName) as l_firstname
            , length(REPLACE(b.NormalizedName, RTRIM(b.NormalizedName, REPLACE(b.NormalizedName, " ", "")), "")) as l_lastname
            , e.NormalizedName AS fieldofstudy
        FROM author_sample AS a
        INNER JOIN (
            SELECT AuthorId, NormalizedName
            FROM Authors
        ) AS b USING(AuthorId)
        INNER JOIN (
            -- ## mark: different from linking graduates. filter on field0
            SELECT AuthorId, NormalizedName
            FROM author_fields c
            INNER JOIN (
                SELECT FieldOfStudyId, NormalizedName
                FROM FieldsOfStudy
            ) AS d USING(FieldOfStudyId)
            WHERE FieldClass = 'main'
                AND FieldOfStudyId IN (?)
        ) AS e USING(AuthorId)
    ) f
    LEFT JOIN (
        SELECT AuthorId
                , main_us_institutions_career as institution
                , coauthors
                , keywords
                , main_us_institutions_year
                , all_us_institutions_year
        FROM author_info_linking
    ) AS g USING(AuthorId)
    
    WHERE length(firstname) > 1 AND f.YearLastPub >= 1985 - 5 AND year <= 2022 + 5 AND institution is not NULL
     

Starting active labeling...
(y)es / (n)o / (u)nsure / (f)inished
firstname : tong
lastname : zhu
middlename : None
year_range : (2012, 2020)
main_us_institutions_year : ((2012, 'pennsylvania state university'), (2014, 'pennsylvania state university'), (2016, 'university of illinois at urbana champaign'), (2018, 'purdue university'), (2019, 'purdue university'), (2020, 'abbvie'))
all_us_institutions_year : ((2011, 'pennsylvania state university'), (2012, 'pennsylvania state university'), (2013, 'pennsylvania state university'), (2014, 'pennsylvania state university'), (2015, 'pennsylvania state university'), (2016, 'university of illinois at urbana champaign'), (2018, 'purdue university'), (2019, 'purdue university'), (2020, 'abbvie'))

firstname : tong
lastname : ren
middlename : None
year_range : (2018,)
main_us_institutions_year : ((2018, 'purdue university'),)
all_us_institutions_year : ((2018, 'purdue university'),)

0/10 positive, 0/10 negative
Do these records refer to the same thing?
(y)es / (n)o / (u)nsure / (f)inished / (p)revious
firstname : stephen
lastname : wimpenny
middlename : None
year_range : (1988, 2021)
main_us_institutions_year : ((1988, 'university of california riverside'), (1994, 'brookhaven national laboratory'), (1995, 'university of california riverside'), (1995, 'northeastern university'), (1997, 'university of california riverside'), (2002, 'university of california riverside'), (2005, 'university of california riverside'), (2006, 'university of california riverside'), (2008, 'university of california riverside'), (2008, 'boston university'), (2009, 'university of california riverside'), (2010, 'university of california riverside'), (2011, 'university of california riverside'), (2012, 'university of california riverside'), (2013, 'university of california riverside'), (2014, 'university of california riverside'), (2015, 'university of california riverside'), (2016, 'university of california riverside'), (2017, 'university of california riverside'), (2018, 'university of california riverside'), (2019, 'university of california riverside'), (2020, 'university of california riverside'), (2021, 'university of california riverside'))
all_us_institutions_year : ((1988, 'university of california riverside'), (1994, 'brookhaven national laboratory'), (1995, 'northeastern university'), (1995, 'university of california riverside'), (1997, 'university of california riverside'), (2002, 'university of california riverside'), (2005, 'university of california riverside'), (2006, 'university of california riverside'), (2008, 'boston university'), (2008, 'university of california riverside'), (2009, 'university of california riverside'), (2010, 'university of california riverside'), (2011, 'university of california riverside'), (2011, 'university of california san diego'), (2012, 'university of california riverside'), (2012, 'university of california san diego'), (2013, 'university of california riverside'), (2014, 'university of california riverside'), (2014, 'university of california san diego'), (2015, 'university of california riverside'), (2016, 'university of california berkeley'), (2016, 'university of california riverside'), (2016, 'university of california san diego'), (2017, 'university of california riverside'), (2018, 'university of california riverside'), (2019, 'university of california riverside'), (2020, 'university of california riverside'), (2021, 'university of california riverside'))

firstname : stephen
lastname : reucroft
middlename : None
year_range : (2002,)
main_us_institutions_year : ((2002, 'northeastern university'),)
all_us_institutions_year : ((2002, 'northeastern university'),)

0/10 positive, 0/10 negative
Do these records refer to the same thing?
(y)es / (n)o / (u)nsure / (f)inished
firstname : tong
lastname : zhu
middlename : None
year_range : (2012, 2020)
main_us_institutions_year : ((2012, 'pennsylvania state university'), (2014, 'pennsylvania state university'), (2016, 'university of illinois at urbana champaign'), (2018, 'purdue university'), (2019, 'purdue university'), (2020, 'abbvie'))
all_us_institutions_year : ((2011, 'pennsylvania state university'), (2012, 'pennsylvania state university'), (2013, 'pennsylvania state university'), (2014, 'pennsylvania state university'), (2015, 'pennsylvania state university'), (2016, 'university of illinois at urbana champaign'), (2018, 'purdue university'), (2019, 'purdue university'), (2020, 'abbvie'))

firstname : tong
lastname : ren
middlename : None
year_range : (2018,)
main_us_institutions_year : ((2018, 'purdue university'),)
all_us_institutions_year : ((2018, 'purdue university'),)

0/10 positive, 1/10 negative
Do these records refer to the same thing?
(y)es / (n)o / (u)nsure / (f)inished / (p)revious
firstname : wei
lastname : chen
middlename : None
year_range : (1994, 1995)
main_us_institutions_year : ((1994, 'university of north carolina at chapel hill'), (1995, 'university of north carolina at chapel hill'))
all_us_institutions_year : ((1994, 'university of north carolina at chapel hill'), (1995, 'university of north carolina at chapel hill'))

firstname : wei
lastname : cheng
middlename : None
year_range : (2012,)
main_us_institutions_year : ((2012, 'regents of the university of michigan ann arbor'),)
all_us_institutions_year : ((2012, 'regents of the university of michigan ann arbor'),)

0/10 positive, 2/10 negative
Do these records refer to the same thing?
(y)es / (n)o / (u)nsure / (f)inished / (p)revious
firstname : melanie
lastname : beck
middlename : None
year_range : (2015, 2021)
main_us_institutions_year : ((2015, 'university of minnesota'), (2016, 'university of minnesota'), (2017, 'university of minnesota'), (2018, 'university of minnesota'))
all_us_institutions_year : ((2015, 'university of minnesota'), (2016, 'university of minnesota'), (2017, 'university of minnesota'), (2018, 'university of minnesota'), (2019, 'university of minnesota'))

firstname : melanie
lastname : becker
middlename : None
year_range : (2009,)
main_us_institutions_year : ((2009, 'texas a m research foundation'),)
all_us_institutions_year : ((2009, 'texas a m research foundation'),)

0/10 positive, 3/10 negative
Do these records refer to the same thing?
(y)es / (n)o / (u)nsure / (f)inished / (p)revious
firstname : timothy
lastname : brown
middlename : m
year_range : (1973, 2020)
main_us_institutions_year : ((1976, 'high altitude observatory'), (1982, 'national center for atmospheric research'), (1984, 'national center for atmospheric research'), (1985, 'national center for atmospheric research'), (1986, 'high altitude observatory'), (1990, 'national center for atmospheric research'), (1991, 'national center for atmospheric research'), (1992, 'national center for atmospheric research'), (1993, 'national research council'), (1993, 'national center for atmospheric research'), (1994, 'university corporation for atmospheric research'), (1994, 'national center for atmospheric research'), (1996, 'national center for atmospheric research'), (1997, 'national center for atmospheric research'), (1998, 'national center for atmospheric research'), (1999, 'goddard space flight center'), (1999, 'national center for atmospheric research'), (2000, 'national center for atmospheric research'), (2001, 'national center for atmospheric research'), (2002, 'university corporation for atmospheric research'), (2002, 'national center for atmospheric research'), (2003, 'national center for atmospheric research'), (2004, 'national center for atmospheric research'), (2005, 'national center for atmospheric research'), (2006, 'high altitude observatory'), (2006, 'national center for atmospheric research'), (2007, 'las cumbres observatory global telescope network'), (2008, 'las cumbres observatory global telescope network'), (2009, 'las cumbres observatory global telescope network'), (2010, 'las cumbres observatory global telescope network'), (2011, 'las cumbres observatory global telescope network'), (2012, 'las cumbres observatory global telescope network'), (2013, 'las cumbres observatory global telescope network'), (2014, 'las cumbres observatory global telescope network'), (2015, 'las cumbres observatory global telescope network'), (2015, 'university of colorado boulder'), (2016, 'las cumbres observatory global telescope network'), (2019, 'las cumbres observatory global telescope network'), (2019, 'university of colorado boulder'), (2020, 'las cumbres observatory global telescope network'))
all_us_institutions_year : ((1976, 'high altitude observatory'), (1976, 'university of colorado boulder'), (1982, 'national center for atmospheric research'), (1984, 'national center for atmospheric research'), (1985, 'national center for atmospheric research'), (1986, 'high altitude observatory'), (1986, 'national center for atmospheric research'), (1987, 'national center for atmospheric research'), (1988, 'high altitude observatory'), (1988, 'national center for atmospheric research'), (1990, 'national center for atmospheric research'), (1991, 'national center for atmospheric research'), (1991, 'university of california santa barbara'), (1992, 'national center for atmospheric research'), (1992, 'university corporation for atmospheric research'), (1993, 'national center for atmospheric research'), (1993, 'national research council'), (1994, 'national center for atmospheric research'), (1994, 'university corporation for atmospheric research'), (1996, 'national center for atmospheric research'), (1997, 'goddard space flight center'), (1997, 'high altitude observatory'), (1997, 'national center for atmospheric research'), (1998, 'goddard space flight center'), (1998, 'national center for atmospheric research'), (1999, 'goddard space flight center'), (1999, 'national center for atmospheric research'), (2000, 'national center for atmospheric research'), (2000, 'national research council'), (2001, 'national center for atmospheric research'), (2002, 'national center for atmospheric research'), (2002, 'university corporation for atmospheric research'), (2003, 'high altitude observatory'), (2003, 'national center for atmospheric research'), (2004, 'high altitude observatory'), (2004, 'national center for atmospheric research'), (2005, 'national center for atmospheric research'), (2006, 'high altitude observatory'), (2006, 'las cumbres observatory global telescope network'), (2006, 'national center for atmospheric research'), (2007, 'las cumbres observatory global telescope network'), (2007, 'national center for atmospheric research'), (2007, 'university of california santa barbara'), (2007, 'university of colorado boulder'), (2008, 'las cumbres observatory global telescope network'), (2008, 'national center for atmospheric research'), (2008, 'university of california santa barbara'), (2009, 'las cumbres observatory global telescope network'), (2009, 'university of california santa barbara'), (2010, 'las cumbres observatory global telescope network'), (2010, 'university of california santa barbara'), (2010, 'university of colorado boulder'), (2011, 'las cumbres observatory global telescope network'), (2011, 'university of california santa barbara'), (2012, 'las cumbres observatory global telescope network'), (2012, 'university of california santa barbara'), (2013, 'las cumbres observatory global telescope network'), (2014, 'las cumbres observatory global telescope network'), (2015, 'las cumbres observatory global telescope network'), (2015, 'university of colorado boulder'), (2016, 'las cumbres observatory global telescope network'), (2016, 'university of colorado boulder'), (2018, 'las cumbres observatory global telescope network'), (2018, 'university of colorado boulder'), (2019, 'las cumbres observatory global telescope network'), (2019, 'university of colorado boulder'), (2020, 'las cumbres observatory global telescope network'))

firstname : timothy
lastname : brown
middlename : x
year_range : (2012,)
main_us_institutions_year : ((2012, 'university of colorado at boulder'),)
all_us_institutions_year : ((2012, 'university of colorado at boulder'),)

0/10 positive, 4/10 negative
Do these records refer to the same thing?
(y)es / (n)o / (u)nsure / (f)inished / (p)revious
firstname : lucas
lastname : platter
middlename : None
year_range : (2003, 2021)
main_us_institutions_year : ((2004, 'university of washington'), (2006, 'ohio university'), (2007, 'ohio university'), (2008, 'ohio state university'), (2009, 'ohio state university'), (2010, 'university of washington'), (2012, 'university of washington'), (2016, 'university of tennessee'), (2016, 'oak ridge national laboratory'), (2017, 'university of tennessee'), (2017, 'oak ridge national laboratory'), (2018, 'university of tennessee'), (2019, 'university of tennessee'), (2019, 'oak ridge national laboratory'), (2020, 'university of tennessee'), (2020, 'oak ridge national laboratory'))
all_us_institutions_year : ((2004, 'university of washington'), (2005, 'ohio university'), (2006, 'ohio university'), (2007, 'ohio state university'), (2007, 'ohio university'), (2008, 'ohio state university'), (2008, 'ohio university'), (2009, 'ohio state university'), (2009, 'ohio university'), (2009, 'university of washington'), (2010, 'ohio state university'), (2010, 'university of washington'), (2011, 'ohio state university'), (2011, 'university of washington'), (2012, 'university of washington'), (2013, 'argonne national laboratory'), (2014, 'argonne national laboratory'), (2016, 'oak ridge national laboratory'), (2016, 'university of tennessee'), (2017, 'oak ridge national laboratory'), (2017, 'university of tennessee'), (2018, 'oak ridge national laboratory'), (2018, 'university of tennessee'), (2019, 'oak ridge national laboratory'), (2019, 'university of tennessee'), (2020, 'oak ridge national laboratory'), (2020, 'university of tennessee'))

firstname : lucas
lastname : platter
middlename : j
year_range : (2016,)
main_us_institutions_year : ((2016, 'university of tennessee knoxville'),)
all_us_institutions_year : ((2016, 'university of tennessee knoxville'),)

1/10 positive, 4/10 negative
Do these records refer to the same thing?
(y)es / (n)o / (u)nsure / (f)inished / (p)revious
firstname : bryan
lastname : bergeron
middlename : v
year_range : (2001, 2006)
main_us_institutions_year : ((2001, 'johns hopkins university'), (2003, 'johns hopkins university'), (2005, 'johns hopkins university'), (2006, 'johns hopkins university'))
all_us_institutions_year : ((2001, 'johns hopkins university'), (2003, 'johns hopkins university'), (2005, 'johns hopkins university'), (2006, 'johns hopkins university'))

firstname : bryan
lastname : berger
middlename : w
year_range : (2020,)
main_us_institutions_year : ((2020, 'university of virginia main campus'),)
all_us_institutions_year : ((2020, 'university of virginia main campus'),)

2/10 positive, 4/10 negative
Do these records refer to the same thing?
(y)es / (n)o / (u)nsure / (f)inished / (p)revious
firstname : theodor
lastname : jacobsen
middlename : s
year_range : (1987, 1992)
main_us_institutions_year : ((1992, 'university of washington'),)
all_us_institutions_year : ((1992, 'university of washington'),)

firstname : theodore
lastname : jacobson
middlename : a
year_range : (1989,)
main_us_institutions_year : ((1989, 'university of maryland college park'),)
all_us_institutions_year : ((1989, 'university of maryland college park'),)

2/10 positive, 5/10 negative
Do these records refer to the same thing?
(y)es / (n)o / (u)nsure / (f)inished / (p)revious
firstname : george
lastname : mase
middlename : None
year_range : (1991, 1999)
main_us_institutions_year : ((1991, 'california polytechnic state university'),)
all_us_institutions_year : ((1991, 'california polytechnic state university'),)

firstname : george
lastname : masek
middlename : e
year_range : (1992,)
main_us_institutions_year : ((1992, 'university of california san diego'),)
all_us_institutions_year : ((1992, 'university of california san diego'),)

2/10 positive, 6/10 negative
Do these records refer to the same thing?
(y)es / (n)o / (u)nsure / (f)inished / (p)revious
firstname : xing
lastname : fan
middlename : None
year_range : (2016, 2017)
main_us_institutions_year : None
all_us_institutions_year : ((2017, 'harvard university'),)

firstname : xiaohui
lastname : fan
middlename : None
year_range : (2015,)
main_us_institutions_year : ((2015, 'university of arizona'),)
all_us_institutions_year : ((2015, 'university of arizona'),)

2/10 positive, 7/10 negative
Do these records refer to the same thing?
(y)es / (n)o / (u)nsure / (f)inished / (p)revious
firstname : john
lastname : wilkerson
middlename : l
year_range : (1976, 1981)
main_us_institutions_year : ((1976, 'university of utah'), (1977, 'university of utah'), (1981, 'university of utah'))
all_us_institutions_year : ((1976, 'university of utah'), (1977, 'university of utah'), (1981, 'university of utah'))

firstname : john
lastname : wilkerson
middlename : f
year_range : (2018,)
main_us_institutions_year : ((2018, 'university of north carolina at chapel hill'),)
all_us_institutions_year : ((2018, 'university of north carolina at chapel hill'),)

2/10 positive, 8/10 negative
Do these records refer to the same thing?
(y)es / (n)o / (u)nsure / (f)inished / (p)revious
firstname : wm
lastname : mcharris
middlename : c
year_range : (1967, 2008)
main_us_institutions_year : ((1967, 'michigan state university'), (1968, 'michigan state university'), (1968, 'national science foundation'), (1969, 'michigan state university'), (1971, 'michigan state university'), (1973, 'michigan state university'), (1974, 'michigan state university'), (1975, 'michigan state university'), (1976, 'michigan state university'), (1977, 'michigan state university'), (1978, 'michigan state university'), (1979, 'michigan state university'), (1981, 'michigan state university'), (1982, 'michigan state university'), (1984, 'michigan state university'), (1986, 'michigan state university'), (1988, 'michigan state university'), (1989, 'michigan state university'), (1990, 'michigan state university'), (1991, 'michigan state university'), (1994, 'michigan state university'), (1996, 'michigan state university'), (1999, 'michigan state university'), (2001, 'michigan state university'), (2003, 'michigan state university'), (2004, 'michigan state university'), (2005, 'michigan state university'), (2007, 'michigan state university'), (2008, 'michigan state university'))
all_us_institutions_year : ((1967, 'michigan state university'), (1968, 'michigan state university'), (1968, 'national science foundation'), (1969, 'michigan state university'), (1969, 'national science foundation'), (1971, 'michigan state university'), (1973, 'michigan state university'), (1974, 'michigan state university'), (1975, 'michigan state university'), (1976, 'michigan state university'), (1977, 'michigan state university'), (1978, 'michigan state university'), (1979, 'michigan state university'), (1981, 'michigan state university'), (1982, 'michigan state university'), (1984, 'michigan state university'), (1986, 'michigan state university'), (1988, 'michigan state university'), (1989, 'michigan state university'), (1990, 'michigan state university'), (1991, 'michigan state university'), (1994, 'michigan state university'), (1996, 'michigan state university'), (1999, 'michigan state university'), (2001, 'michigan state university'), (2003, 'michigan state university'), (2004, 'michigan state university'), (2005, 'michigan state university'), (2007, 'michigan state university'), (2008, 'michigan state university'), (2011, 'michigan state university'), (2015, 'michigan state university'))

firstname : william
lastname : mcharris
middlename : c
year_range : (1976,)
main_us_institutions_year : ((1976, 'michigan state university'),)
all_us_institutions_year : ((1976, 'michigan state university'),)

2/10 positive, 9/10 negative
Do these records refer to the same thing?
(y)es / (n)o / (u)nsure / (f)inished / (p)revious
firstname : vivian
lastname : incera
middlename : de la
year_range : (1996, 2004)
main_us_institutions_year : ((1996, 'state university of new york at fredonia'), (1998, 'state university of new york system'), (2004, 'state university of new york at fredonia'))
all_us_institutions_year : ((1996, 'state university of new york at fredonia'), (1998, 'state university of new york system'), (2004, 'state university of new york at fredonia'))

firstname : vivian
lastname : incera
middlename : None
year_range : (2013,)
main_us_institutions_year : ((2013, 'university of texas at el paso'),)
all_us_institutions_year : ((2013, 'university of texas at el paso'),)

3/10 positive, 9/10 negative
Do these records refer to the same thing?
(y)es / (n)o / (u)nsure / (f)inished / (p)revious
firstname : zheng
lastname : zhang
middlename : None
year_range : (2014, 2015)
main_us_institutions_year : ((2014, 'university of california davis'), (2015, 'university of california davis'))
all_us_institutions_year : ((2014, 'university of california davis'), (2015, 'university of california davis'))

firstname : zhengjun
lastname : zhang
middlename : None
year_range : (2020,)
main_us_institutions_year : ((2020, 'university of wisconsin madison'),)
all_us_institutions_year : ((2020, 'university of wisconsin madison'),)

3/10 positive, 10/10 negative
Do these records refer to the same thing?
(y)es / (n)o / (u)nsure / (f)inished / (p)revious
firstname : john
lastname : wright
middlename : None
year_range : (1964, 2016)
main_us_institutions_year : ((1964, 'university of washington'), (2015, 'university of washington'), (2016, 'university of washington'))
all_us_institutions_year : ((1964, 'university of washington'), (2014, 'university of washington'), (2015, 'university of washington'), (2016, 'university of washington'))

firstname : john
lastname : wright
middlename : c
year_range : (2007,)
main_us_institutions_year : ((2007, 'university of wisconsin madison'),)
all_us_institutions_year : ((2007, 'university of wisconsin madison'),)

3/10 positive, 10/10 negative
Do these records refer to the same thing?
(y)es / (n)o / (u)nsure / (f)inished / (p)revious
firstname : john
lastname : wright
middlename : None
year_range : (1964, 2016)
main_us_institutions_year : ((1964, 'university of washington'), (2015, 'university of washington'), (2016, 'university of washington'))
all_us_institutions_year : ((1964, 'university of washington'), (2014, 'university of washington'), (2015, 'university of washington'), (2016, 'university of washington'))

firstname : john
lastname : wright
middlename : c
year_range : (2002,)
main_us_institutions_year : ((2002, 'university of wisconsin madison'),)
all_us_institutions_year : ((2002, 'university of wisconsin madison'),)

3/10 positive, 11/10 negative
Do these records refer to the same thing?
(y)es / (n)o / (u)nsure / (f)inished / (p)revious
firstname : nelson
lastname : caldwell
middlename : None
year_range : (1993, 2021)
main_us_institutions_year : ((1996, 'smithsonian institution'), (1998, 'association of universities for research in astronomy'), (1998, 'harvard university'), (1998, 'smithsonian institution'), (1998, 'national science foundation'), (1999, 'smithsonian institution'), (2000, 'smithsonian institution'), (2001, 'smithsonian institution'), (2002, 'smithsonian astrophysical observatory'), (2003, 'smithsonian astrophysical observatory'), (2004, 'smithsonian astrophysical observatory'), (2005, 'smithsonian astrophysical observatory'), (2005, 'harvard university'), (2005, 'smithsonian institution'), (2006, 'smithsonian astrophysical observatory'), (2007, 'smithsonian astrophysical observatory'), (2008, 'harvard university'), (2009, 'smithsonian astrophysical observatory'), (2009, 'harvard university'), (2010, 'harvard university'), (2011, 'harvard university'), (2012, 'harvard university'), (2013, 'harvard university'), (2014, 'harvard university'), (2015, 'harvard university'), (2016, 'harvard university'), (2017, 'harvard university'), (2018, 'harvard university'), (2019, 'smithsonian institution'), (2020, 'harvard university'), (2021, 'harvard university'))
all_us_institutions_year : ((1996, 'smithsonian institution'), (1997, 'association of universities for research in astronomy'), (1997, 'harvard university'), (1997, 'national science foundation'), (1997, 'smithsonian institution'), (1998, 'association of universities for research in astronomy'), (1998, 'harvard university'), (1998, 'national science foundation'), (1998, 'smithsonian institution'), (1999, 'harvard university'), (1999, 'smithsonian institution'), (2000, 'association of universities for research in astronomy'), (2000, 'smithsonian institution'), (2001, 'association of universities for research in astronomy'), (2001, 'harvard university'), (2001, 'smithsonian astrophysical observatory'), (2001, 'smithsonian institution'), (2002, 'smithsonian astrophysical observatory'), (2003, 'harvard university'), (2003, 'smithsonian astrophysical observatory'), (2004, 'smithsonian astrophysical observatory'), (2004, 'smithsonian institution'), (2005, 'harvard university'), (2005, 'smithsonian astrophysical observatory'), (2005, 'smithsonian institution'), (2006, 'smithsonian astrophysical observatory'), (2007, 'smithsonian astrophysical observatory'), (2008, 'harvard university'), (2008, 'smithsonian astrophysical observatory'), (2009, 'harvard university'), (2009, 'smithsonian astrophysical observatory'), (2010, 'harvard university'), (2011, 'cfa institute'), (2011, 'harvard university'), (2012, 'harvard university'), (2012, 'smithsonian astrophysical observatory'), (2013, 'harvard university'), (2014, 'harvard university'), (2015, 'harvard university'), (2016, 'harvard university'), (2017, 'harvard university'), (2018, 'harvard university'), (2019, 'harvard university'), (2019, 'smithsonian institution'), (2020, 'harvard university'), (2020, 'smithsonian institution'), (2021, 'harvard university'))

firstname : nelson
lastname : caldwell
middlename : None
year_range : (2018,)
main_us_institutions_year : ((2018, 'smithsonian institution astrophysical observatory'),)
all_us_institutions_year : ((2018, 'smithsonian institution astrophysical observatory'),)

3/10 positive, 12/10 negative
Do these records refer to the same thing?
(y)es / (n)o / (u)nsure / (f)inished / (p)revious
firstname : jeffrey
lastname : appel
middlename : a
year_range : (1974, 2019)
main_us_institutions_year : ((1976, 'fermilab'), (1977, 'fermilab'), (1978, 'fermilab'), (1979, 'fermilab'), (1983, 'fermilab'), (2001, 'fermilab'), (2004, 'fermilab'), (2015, 'fermilab'), (2016, 'fermilab'), (2018, 'fermilab'))
all_us_institutions_year : ((1976, 'fermilab'), (1977, 'fermilab'), (1978, 'fermilab'), (1979, 'fermilab'), (1983, 'fermilab'), (1984, 'fermilab'), (1988, 'fermilab'), (2001, 'fermilab'), (2002, 'fermilab'), (2003, 'fermilab'), (2004, 'fermilab'), (2005, 'fermilab'), (2006, 'fermilab'), (2008, 'fermilab'), (2010, 'fermilab'), (2011, 'fermilab'), (2015, 'fermilab'), (2016, 'fermilab'), (2018, 'fermilab'))

firstname : jeffrey
lastname : appel
middlename : a
year_range : (2006,)
main_us_institutions_year : ((2006, 'universities research association inc'),)
all_us_institutions_year : ((2006, 'universities research association inc'),)

4/10 positive, 12/10 negative
Do these records refer to the same thing?
(y)es / (n)o / (u)nsure / (f)inished / (p)revious
firstname : john
lastname : dickel
middlename : r
year_range : (1965, 2020)
main_us_institutions_year : ((1965, 'university of illinois at urbana champaign'), (1966, 'university of illinois at urbana champaign'), (1967, 'university of illinois at urbana champaign'), (1968, 'university of illinois at urbana champaign'), (1972, 'university of illinois at urbana champaign'), (1974, 'university of illinois at urbana champaign'), (1976, 'university of illinois at urbana champaign'), (1977, 'university of illinois at urbana champaign'), (1980, 'university of illinois at urbana champaign'), (1981, 'university of illinois at urbana champaign'), (1982, 'university of illinois at urbana champaign'), (1983, 'university of illinois at urbana champaign'), (1984, 'university of illinois at urbana champaign'), (1991, 'university of illinois at urbana champaign'), (1994, 'university of illinois at urbana champaign'), (1995, 'university of illinois at urbana champaign'), (1997, 'university of illinois at urbana champaign'), (1998, 'university of illinois at urbana champaign'), (1999, 'university of illinois at urbana champaign'), (2000, 'university of illinois at urbana champaign'), (2001, 'university of illinois at urbana champaign'), (2002, 'university of illinois at urbana champaign'), (2003, 'university of illinois at urbana champaign'), (2004, 'university of illinois at urbana champaign'), (2005, 'university of illinois at urbana champaign'), (2006, 'university of new mexico'), (2008, 'university of new mexico'), (2009, 'university of new mexico'), (2010, 'university of new mexico'), (2012, 'university of new mexico'), (2013, 'university of new mexico'), (2014, 'university of new mexico'), (2016, 'university of new mexico'), (2020, 'university of illinois at urbana champaign'))
all_us_institutions_year : ((1965, 'university of illinois at urbana champaign'), (1966, 'university of illinois at urbana champaign'), (1967, 'university of illinois at urbana champaign'), (1968, 'university of illinois at urbana champaign'), (1972, 'university of illinois at urbana champaign'), (1974, 'university of illinois at urbana champaign'), (1976, 'university of illinois at urbana champaign'), (1977, 'university of illinois at urbana champaign'), (1980, 'university of illinois at urbana champaign'), (1981, 'university of illinois at urbana champaign'), (1982, 'university of illinois at urbana champaign'), (1983, 'university of illinois at urbana champaign'), (1984, 'university of illinois at urbana champaign'), (1985, 'university of illinois at urbana champaign'), (1988, 'university of illinois at urbana champaign'), (1990, 'university of illinois at urbana champaign'), (1991, 'university of illinois at urbana champaign'), (1994, 'university of illinois at urbana champaign'), (1995, 'university of illinois at urbana champaign'), (1997, 'university of illinois at urbana champaign'), (1998, 'university of illinois at urbana champaign'), (1999, 'university of illinois at urbana champaign'), (2000, 'national federation of republican assemblies'), (2000, 'university of illinois at urbana champaign'), (2001, 'university of illinois at urbana champaign'), (2002, 'university of illinois at urbana champaign'), (2003, 'university of illinois at urbana champaign'), (2004, 'university of illinois at urbana champaign'), (2005, 'university of illinois at urbana champaign'), (2005, 'university of new mexico'), (2006, 'university of illinois at urbana champaign'), (2006, 'university of new mexico'), (2008, 'university of new mexico'), (2009, 'university of new mexico'), (2010, 'university of new mexico'), (2012, 'university of new mexico'), (2013, 'university of new mexico'), (2014, 'university of new mexico'), (2015, 'university of new mexico'), (2016, 'university of new mexico'), (2020, 'university of illinois at urbana champaign'))

firstname : helene
lastname : dickel
middlename : r
year_range : (1976,)
main_us_institutions_year : ((1976, 'university of illinois at urbana champaign'),)
all_us_institutions_year : ((1976, 'university of illinois at urbana champaign'),)

4/10 positive, 12/10 negative
Do these records refer to the same thing?
(y)es / (n)o / (u)nsure / (f)inished / (p)revious
firstname : frank
lastname : petriello
middlename : None
year_range : (2001, 2021)
main_us_institutions_year : ((2001, 'stanford university'), (2002, 'stanford university'), (2003, 'stanford university'), (2004, 'johns hopkins university'), (2005, 'johns hopkins university'), (2006, 'university of wisconsin madison'), (2007, 'university of wisconsin madison'), (2007, 'johns hopkins university'), (2008, 'university of wisconsin madison'), (2009, 'university of wisconsin madison'), (2010, 'university of wisconsin madison'), (2011, 'northwestern university'), (2013, 'northwestern university'), (2014, 'northwestern university'), (2014, 'argonne national laboratory'), (2015, 'argonne national laboratory'), (2017, 'northwestern university'), (2017, 'argonne national laboratory'), (2019, 'northwestern university'), (2020, 'argonne national laboratory'), (2021, 'northwestern university'), (2021, 'argonne national laboratory'))
all_us_institutions_year : ((2001, 'stanford university'), (2002, 'stanford university'), (2003, 'stanford university'), (2004, 'johns hopkins university'), (2004, 'stanford university'), (2005, 'johns hopkins university'), (2005, 'university of wisconsin madison'), (2006, 'university of wisconsin madison'), (2007, 'johns hopkins university'), (2007, 'university of wisconsin madison'), (2008, 'university of wisconsin madison'), (2009, 'university of wisconsin madison'), (2010, 'university of wisconsin madison'), (2011, 'argonne national laboratory'), (2011, 'northwestern university'), (2011, 'university of wisconsin madison'), (2013, 'argonne national laboratory'), (2013, 'northwestern university'), (2014, 'argonne national laboratory'), (2014, 'northwestern university'), (2015, 'argonne national laboratory'), (2015, 'northwestern university'), (2016, 'argonne national laboratory'), (2016, 'northwestern university'), (2017, 'argonne national laboratory'), (2017, 'northwestern university'), (2019, 'argonne national laboratory'), (2019, 'northwestern university'), (2020, 'argonne national laboratory'), (2020, 'northwestern university'), (2021, 'argonne national laboratory'), (2021, 'northwestern university'))

firstname : francis
lastname : petriello
middlename : j
year_range : (2015,)
main_us_institutions_year : ((2015, 'northwestern university'),)
all_us_institutions_year : ((2015, 'northwestern university'),)

4/10 positive, 13/10 negative
Do these records refer to the same thing?
(y)es / (n)o / (u)nsure / (f)inished / (p)revious
firstname : glennys
lastname : farrar
middlename : r
year_range : (1980, 1999)
main_us_institutions_year : ((1980, 'rutgers university'), (1981, 'rutgers university'), (1982, 'rutgers university'), (1983, 'rutgers university'), (1984, 'rutgers university'), (1985, 'rutgers university'), (1988, 'rutgers university'), (1989, 'rutgers university'), (1990, 'rutgers university'), (1991, 'rutgers university'), (1994, 'rutgers university'), (1995, 'rutgers university'), (1996, 'rutgers university'), (1997, 'rutgers university'), (1998, 'rutgers university'))
all_us_institutions_year : ((1980, 'rutgers university'), (1981, 'rutgers university'), (1982, 'rutgers university'), (1983, 'rutgers university'), (1984, 'rutgers university'), (1985, 'institute for advanced study'), (1985, 'rutgers university'), (1988, 'rutgers university'), (1989, 'rutgers university'), (1990, 'rutgers university'), (1991, 'rutgers university'), (1994, 'rutgers university'), (1995, 'rutgers university'), (1996, 'rutgers university'), (1997, 'rutgers university'), (1998, 'rutgers university'))

firstname : glennys
lastname : farrar
middlename : r
year_range : (2015,)
main_us_institutions_year : ((2015, 'new york university'),)
all_us_institutions_year : ((2015, 'new york university'),)

5/10 positive, 13/10 negative
Do these records refer to the same thing?
(y)es / (n)o / (u)nsure / (f)inished / (p)revious
firstname : michael
lastname : kavic
middlename : None
year_range : (2002, 2020)
main_us_institutions_year : ((2002, 'university of minnesota'), (2007, 'virginia tech'), (2008, 'virginia tech'), (2009, 'the college of new jersey'), (2009, 'virginia tech'), (2010, 'the college of new jersey'), (2011, 'long island university'), (2012, 'long island university'), (2014, 'long island university'), (2015, 'long island university'), (2016, 'long island university'), (2017, 'long island university'), (2018, 'state university of new york at old westbury'), (2018, 'long island university'))
all_us_institutions_year : ((2002, 'university of minnesota'), (2007, 'virginia tech'), (2008, 'virginia tech'), (2009, 'the college of new jersey'), (2009, 'virginia tech'), (2010, 'the college of new jersey'), (2011, 'long island university'), (2012, 'long island university'), (2013, 'the college of new jersey'), (2014, 'long island university'), (2015, 'long island university'), (2016, 'long island university'), (2017, 'long island university'), (2018, 'long island university'), (2018, 'state university of new york at old westbury'), (2019, 'state university of new york at old westbury'), (2020, 'state university of new york at old westbury'))

firstname : michael
lastname : kavic
middlename : None
year_range : (2020,)
main_us_institutions_year : ((2020, 'suny college at old westbury'),)
all_us_institutions_year : ((2020, 'suny college at old westbury'),)

5/10 positive, 14/10 negative
Do these records refer to the same thing?
(y)es / (n)o / (u)nsure / (f)inished / (p)revious
firstname : john
lastname : kogut
middlename : b
year_range : (1969, 2003)
main_us_institutions_year : ((1969, 'stanford university'), (1970, 'stanford university'), (1971, 'stanford university'), (1986, 'university of illinois at urbana champaign'))
all_us_institutions_year : ((1969, 'stanford university'), (1970, 'stanford university'), (1971, 'stanford university'), (1986, 'university of illinois at urbana champaign'))

firstname : john
lastname : kogut
middlename : b
year_range : (2005,)
main_us_institutions_year : ((2005, 'university of maryland college park'),)
all_us_institutions_year : ((2005, 'university of maryland college park'),)

6/10 positive, 14/10 negative
Do these records refer to the same thing?
(y)es / (n)o / (u)nsure / (f)inished / (p)revious
firstname : robert
lastname : konik
middlename : None
year_range : (1991, 2021)
main_us_institutions_year : ((1995, 'cornell university'), (1996, 'cornell university'), (1998, 'cornell university'), (1999, 'cornell university'), (2001, 'university of california santa barbara'), (2001, 'university of virginia'), (2002, 'university of virginia'), (2003, 'university of virginia'), (2005, 'brookhaven national laboratory'), (2006, 'brookhaven national laboratory'), (2007, 'brookhaven national laboratory'), (2008, 'brookhaven national laboratory'), (2009, 'brookhaven national laboratory'), (2010, 'brookhaven national laboratory'), (2011, 'brookhaven national laboratory'), (2012, 'brookhaven national laboratory'), (2013, 'brookhaven national laboratory'), (2014, 'brookhaven national laboratory'), (2015, 'brookhaven national laboratory'), (2016, 'brookhaven national laboratory'), (2017, 'brookhaven national laboratory'), (2018, 'brookhaven national laboratory'), (2019, 'brookhaven national laboratory'), (2020, 'brookhaven national laboratory'), (2021, 'brookhaven national laboratory'))
all_us_institutions_year : ((1995, 'cornell university'), (1996, 'cornell university'), (1997, 'cornell university'), (1998, 'cornell university'), (1998, 'university of california santa barbara'), (1999, 'cornell university'), (2001, 'university of california santa barbara'), (2001, 'university of virginia'), (2002, 'university of california santa barbara'), (2002, 'university of virginia'), (2003, 'university of virginia'), (2005, 'brookhaven national laboratory'), (2006, 'brookhaven national laboratory'), (2007, 'brookhaven national laboratory'), (2008, 'brookhaven national laboratory'), (2009, 'brookhaven national laboratory'), (2010, 'brookhaven national laboratory'), (2011, 'brookhaven national laboratory'), (2012, 'brookhaven national laboratory'), (2013, 'brookhaven national laboratory'), (2013, 'stony brook university'), (2014, 'brookhaven national laboratory'), (2015, 'brookhaven national laboratory'), (2016, 'brookhaven national laboratory'), (2017, 'brookhaven national laboratory'), (2018, 'brookhaven national laboratory'), (2019, 'brookhaven national laboratory'), (2020, 'brookhaven national laboratory'), (2021, 'brookhaven national laboratory'))

firstname : robert
lastname : konik
middlename : None
year_range : (2012,)
main_us_institutions_year : ((2012, 'boston college'),)
all_us_institutions_year : ((2012, 'boston college'),)

6/10 positive, 15/10 negative
Do these records refer to the same thing?
(y)es / (n)o / (u)nsure / (f)inished / (p)revious
firstname : paul
lastname : schechter
middlename : l
year_range : (1986, 2021)
main_us_institutions_year : ((1996, 'massachusetts institute of technology'), (1998, 'massachusetts institute of technology'), (1999, 'massachusetts institute of technology'), (2000, 'massachusetts institute of technology'), (2001, 'massachusetts institute of technology'), (2002, 'massachusetts institute of technology'), (2003, 'massachusetts institute of technology'), (2004, 'massachusetts institute of technology'), (2005, 'massachusetts institute of technology'), (2006, 'massachusetts institute of technology'), (2007, 'massachusetts institute of technology'), (2011, 'massachusetts institute of technology'), (2012, 'massachusetts institute of technology'), (2013, 'massachusetts institute of technology'), (2017, 'massachusetts institute of technology'), (2018, 'massachusetts institute of technology'), (2019, 'massachusetts institute of technology'), (2021, 'massachusetts institute of technology'))
all_us_institutions_year : ((1995, 'massachusetts institute of technology'), (1996, 'massachusetts institute of technology'), (1997, 'massachusetts institute of technology'), (1998, 'massachusetts institute of technology'), (1999, 'massachusetts institute of technology'), (2000, 'massachusetts institute of technology'), (2001, 'massachusetts institute of technology'), (2002, 'massachusetts institute of technology'), (2003, 'massachusetts institute of technology'), (2004, 'massachusetts institute of technology'), (2005, 'massachusetts institute of technology'), (2006, 'massachusetts institute of technology'), (2007, 'massachusetts institute of technology'), (2010, 'massachusetts institute of technology'), (2011, 'massachusetts institute of technology'), (2012, 'massachusetts institute of technology'), (2013, 'massachusetts institute of technology'), (2014, 'massachusetts institute of technology'), (2016, 'massachusetts institute of technology'), (2017, 'massachusetts institute of technology'), (2018, 'massachusetts institute of technology'), (2019, 'massachusetts institute of technology'), (2020, 'massachusetts institute of technology'), (2021, 'massachusetts institute of technology'))

firstname : paul
lastname : schechter
middlename : l
year_range : (1987,)
main_us_institutions_year : ((1987, 'carnegie institution of washington'),)
all_us_institutions_year : ((1987, 'carnegie institution of washington'),)

6/10 positive, 16/10 negative
Do these records refer to the same thing?
(y)es / (n)o / (u)nsure / (f)inished / (p)revious
firstname : anthony
lastname : tyson
middlename : None
year_range : (2006, 2020)
main_us_institutions_year : ((2006, 'university of california davis'), (2016, 'university of california davis'), (2020, 'university of california davis'))
all_us_institutions_year : ((2006, 'university of california davis'), (2007, 'university of california davis'), (2016, 'university of california davis'), (2020, 'university of california davis'))

firstname : j anthony
lastname : tyson
middlename : None
year_range : (2004,)
main_us_institutions_year : ((2004, 'university of california davis'),)
all_us_institutions_year : ((2004, 'university of california davis'),)

7/10 positive, 16/10 negative
Do these records refer to the same thing?
(y)es / (n)o / (u)nsure / (f)inished / (p)revious
firstname : charlie
lastname : conroy
middlename : None
year_range : (2005, 2021)
main_us_institutions_year : ((2005, 'university of california berkeley'), (2006, 'university of chicago'), (2007, 'princeton university'), (2008, 'princeton university'), (2009, 'princeton university'), (2010, 'princeton university'), (2011, 'harvard university'), (2012, 'harvard university'), (2013, 'university of california santa cruz'), (2014, 'university of california santa cruz'), (2015, 'harvard university'), (2016, 'harvard university'), (2017, 'harvard university'), (2018, 'harvard university'), (2019, 'harvard university'), (2020, 'harvard university'), (2021, 'smithsonian institution'))
all_us_institutions_year : ((2004, 'university of california berkeley'), (2005, 'university of california berkeley'), (2005, 'university of chicago'), (2006, 'university of chicago'), (2007, 'princeton university'), (2007, 'university of chicago'), (2008, 'princeton university'), (2008, 'university of chicago'), (2009, 'princeton university'), (2010, 'harvard university'), (2010, 'princeton university'), (2011, 'harvard university'), (2012, 'harvard university'), (2012, 'university of california santa cruz'), (2013, 'harvard university'), (2013, 'sloan fellows'), (2013, 'university of california santa cruz'), (2014, 'harvard university'), (2014, 'university of california santa cruz'), (2015, 'harvard university'), (2015, 'university of california santa cruz'), (2016, 'harvard university'), (2017, 'harvard university'), (2018, 'harvard university'), (2019, 'harvard university'), (2019, 'smithsonian institution'), (2020, 'harvard university'), (2020, 'smithsonian institution'), (2021, 'harvard university'), (2021, 'smithsonian institution'))

firstname : charles
lastname : conroy
middlename : None
year_range : (2013,)
main_us_institutions_year : ((2013, 'university of california santa cruz'),)
all_us_institutions_year : ((2013, 'university of california santa cruz'),)

8/10 positive, 16/10 negative
Do these records refer to the same thing?
(y)es / (n)o / (u)nsure / (f)inished / (p)revious
firstname : neil
lastname : reilly
middlename : None
year_range : (2016, 2018)
main_us_institutions_year : ((2016, 'marquette university'), (2017, 'marquette university'), (2018, 'marquette university'))
all_us_institutions_year : ((2016, 'marquette university'), (2017, 'marquette university'), (2018, 'marquette university'))

firstname : neil
lastname : reilly
middlename : None
year_range : (2018,)
main_us_institutions_year : ((2018, 'university of massachusetts boston'),)
all_us_institutions_year : ((2018, 'university of massachusetts boston'),)

9/10 positive, 16/10 negative
Do these records refer to the same thing?
(y)es / (n)o / (u)nsure / (f)inished / (p)revious
firstname : nick
lastname : scoville
middlename : None
year_range : (2009, 2019)
main_us_institutions_year : ((2009, 'carnegie institution for science'),)
all_us_institutions_year : ((2009, 'carnegie institution for science'), (2018, 'california institute of technology'), (2019, 'california institute of technology'))

firstname : nicholas
lastname : scoville
middlename : z
year_range : (1993,)
main_us_institutions_year : ((1993, 'california institute of technology'),)
all_us_institutions_year : ((1993, 'california institute of technology'),)

9/10 positive, 16/10 negative
Do these records refer to the same thing?
(y)es / (n)o / (u)nsure / (f)inished / (p)revious
firstname : hongwei
lastname : wang
middlename : None
year_range : (1998, 2021)
main_us_institutions_year : ((2000, 'chinese academy of sciences'), (2007, 'university of california los angeles'), (2010, 'chinese academy of sciences'), (2011, 'chinese academy of sciences'), (2014, 'chinese academy of sciences'), (2015, 'chinese academy of sciences'), (2016, 'chinese academy of sciences'), (2017, 'chinese academy of sciences'), (2018, 'chinese academy of sciences'), (2019, 'chinese academy of sciences'), (2020, 'chinese academy of sciences'), (2021, 'chinese academy of sciences'))
all_us_institutions_year : ((2000, 'chinese academy of sciences'), (2007, 'university of california los angeles'), (2010, 'chinese academy of sciences'), (2011, 'chinese academy of sciences'), (2011, 'university of california los angeles'), (2014, 'chinese academy of sciences'), (2015, 'chinese academy of sciences'), (2016, 'chinese academy of sciences'), (2017, 'chinese academy of sciences'), (2018, 'chinese academy of sciences'), (2019, 'chinese academy of sciences'), (2020, 'chinese academy of sciences'), (2021, 'chinese academy of sciences'))

firstname : feng
lastname : wang
middlename : None
year_range : (2018,)
main_us_institutions_year : ((2018, 'university of california berkeley'),)
all_us_institutions_year : ((2018, 'university of california berkeley'),)

9/10 positive, 17/10 negative
Do these records refer to the same thing?
(y)es / (n)o / (u)nsure / (f)inished / (p)revious
firstname : sara
lastname : martin
middlename : f
year_range : (1973, 2019)
main_us_institutions_year : ((1984, 'california institute of technology'), (1986, 'california institute of technology'), (1987, 'california institute of technology'), (1988, 'california institute of technology'), (1989, 'california institute of technology'), (1990, 'california institute of technology'), (1993, 'california institute of technology'), (2015, 'california institute of technology'), (2019, 'california institute of technology'))
all_us_institutions_year : ((1984, 'california institute of technology'), (1986, 'california institute of technology'), (1987, 'california institute of technology'), (1988, 'california institute of technology'), (1989, 'california institute of technology'), (1990, 'california institute of technology'), (1992, 'california institute of technology'), (1993, 'california institute of technology'), (1994, 'california institute of technology'), (2015, 'california institute of technology'), (2019, 'california institute of technology'))

firstname : christopher
lastname : martin
middlename : None
year_range : (1999,)
main_us_institutions_year : ((1999, 'california institute of technology'),)
all_us_institutions_year : ((1999, 'california institute of technology'),)

9/10 positive, 18/10 negative
Do these records refer to the same thing?
(y)es / (n)o / (u)nsure / (f)inished / (p)revious
firstname : david
lastname : tannor
middlename : j
year_range : (1991, 1994)
main_us_institutions_year : ((1991, 'university of notre dame'), (1992, 'university of notre dame'), (1993, 'university of notre dame'), (1994, 'university of notre dame'))
all_us_institutions_year : ((1991, 'university of notre dame'), (1992, 'university of notre dame'), (1993, 'university of notre dame'), (1994, 'university of notre dame'))

firstname : david
lastname : tannor
middlename : j
year_range : (1988,)
main_us_institutions_year : ((1988, 'illinois institute of technology'),)
all_us_institutions_year : ((1988, 'illinois institute of technology'),)

9/10 positive, 19/10 negative
Do these records refer to the same thing?
(y)es / (n)o / (u)nsure / (f)inished / (p)revious
firstname : brian
lastname : warner
middlename : d
year_range : (2003, 2021)
main_us_institutions_year : ((2006, 'university of colorado colorado springs'), (2007, 'university of colorado colorado springs'), (2008, 'university of colorado colorado springs'), (2009, 'space science institute'), (2009, 'university of colorado colorado springs'), (2011, 'university of colorado colorado springs'), (2012, 'university of colorado colorado springs'), (2013, 'university of colorado colorado springs'))
all_us_institutions_year : ((2006, 'university of colorado colorado springs'), (2007, 'university of colorado colorado springs'), (2008, 'university of colorado colorado springs'), (2009, 'space science institute'), (2009, 'university of colorado colorado springs'), (2011, 'university of colorado colorado springs'), (2012, 'university of colorado colorado springs'), (2013, 'university of colorado colorado springs'))

firstname : brian
lastname : warner
middlename : d
year_range : (2010,)
main_us_institutions_year : ((2010, 'moredata inc'),)
all_us_institutions_year : ((2010, 'moredata inc'),)

9/10 positive, 20/10 negative
Do these records refer to the same thing?
(y)es / (n)o / (u)nsure / (f)inished / (p)revious
firstname : randy
lastname : phelps
middlename : l
year_range : (1993, 2006)
main_us_institutions_year : ((1997, 'carnegie learning'), (1998, 'carnegie learning'), (1999, 'carnegie institution for science'), (1999, 'california institute of technology'), (1999, 'carnegie learning'), (2002, 'california institute of technology'), (2002, 'california state university sacramento'), (2003, 'california institute of technology'), (2003, 'university of california davis'), (2003, 'california state university sacramento'), (2004, 'california state university'))
all_us_institutions_year : ((1997, 'carnegie learning'), (1998, 'carnegie learning'), (1999, 'california institute of technology'), (1999, 'carnegie institution for science'), (1999, 'carnegie learning'), (2002, 'california institute of technology'), (2002, 'california state university sacramento'), (2003, 'california institute of technology'), (2003, 'california state university'), (2003, 'california state university sacramento'), (2003, 'university of california davis'), (2004, 'california state university'), (2004, 'national science foundation'), (2006, 'national science foundation'))

firstname : randy
lastname : phelps
middlename : l
year_range : (1998,)
main_us_institutions_year : ((1998, 'research resources incorporated'),)
all_us_institutions_year : ((1998, 'research resources incorporated'),)

9/10 positive, 20/10 negative
Do these records refer to the same thing?
(y)es / (n)o / (u)nsure / (f)inished / (p)revious
firstname : charles
lastname : lada
middlename : j
year_range : (1972, 2021)
main_us_institutions_year : ((1972, 'smithsonian astrophysical observatory'), (1995, 'harvard university'), (1997, 'smithsonian astrophysical observatory'), (1998, 'harvard university'), (1999, 'harvard university'), (2000, 'harvard university'), (2001, 'harvard university'), (2002, 'harvard university'), (2003, 'harvard university'), (2004, 'harvard university'), (2005, 'harvard university'), (2006, 'harvard university'), (2007, 'harvard university'), (2008, 'harvard university'), (2009, 'harvard university'), (2010, 'harvard university'), (2011, 'harvard university'), (2012, 'harvard university'), (2013, 'harvard university'), (2014, 'harvard university'), (2015, 'harvard university'), (2016, 'harvard university'), (2017, 'harvard university'), (2018, 'harvard university'), (2020, 'smithsonian institution'), (2021, 'harvard university'))
all_us_institutions_year : ((1972, 'smithsonian astrophysical observatory'), (1978, 'harvard university'), (1991, 'harvard university'), (1994, 'smithsonian astrophysical observatory'), (1995, 'harvard university'), (1996, 'smithsonian astrophysical observatory'), (1997, 'smithsonian astrophysical observatory'), (1998, 'association of universities for research in astronomy'), (1998, 'harvard university'), (1998, 'smithsonian astrophysical observatory'), (1999, 'association of universities for research in astronomy'), (1999, 'harvard university'), (1999, 'national science foundation'), (1999, 'smithsonian astrophysical observatory'), (2000, 'association of universities for research in astronomy'), (2000, 'harvard university'), (2000, 'smithsonian astrophysical observatory'), (2001, 'cfa institute'), (2001, 'harvard university'), (2001, 'smithsonian astrophysical observatory'), (2002, 'harvard university'), (2002, 'smithsonian astrophysical observatory'), (2003, 'association of universities for research in astronomy'), (2003, 'cfa institute'), (2003, 'harvard university'), (2003, 'smithsonian astrophysical observatory'), (2004, 'harvard university'), (2004, 'smithsonian astrophysical observatory'), (2005, 'cfa institute'), (2005, 'harvard university'), (2005, 'smithsonian astrophysical observatory'), (2006, 'cfa institute'), (2006, 'harvard university'), (2007, 'harvard university'), (2007, 'smithsonian astrophysical observatory'), (2008, 'harvard university'), (2009, 'harvard university'), (2010, 'harvard university'), (2011, 'harvard university'), (2012, 'harvard university'), (2013, 'harvard university'), (2014, 'harvard university'), (2015, 'harvard university'), (2015, 'smithsonian astrophysical observatory'), (2016, 'harvard university'), (2017, 'harvard university'), (2018, 'harvard university'), (2020, 'harvard university'), (2020, 'smithsonian institution'), (2021, 'harvard university'))

firstname : charles
lastname : lada
middlename : j
year_range : (1989,)
main_us_institutions_year : ((1989, 'university of arizona'),)
all_us_institutions_year : ((1989, 'university of arizona'),)

9/10 positive, 20/10 negative
Do these records refer to the same thing?
(y)es / (n)o / (u)nsure / (f)inished / (p)revious
firstname : randy
lastname : phelps
middlename : l
year_range : (1993, 2006)
main_us_institutions_year : ((1997, 'carnegie learning'), (1998, 'carnegie learning'), (1999, 'carnegie institution for science'), (1999, 'california institute of technology'), (1999, 'carnegie learning'), (2002, 'california institute of technology'), (2002, 'california state university sacramento'), (2003, 'california institute of technology'), (2003, 'university of california davis'), (2003, 'california state university sacramento'), (2004, 'california state university'))
all_us_institutions_year : ((1997, 'carnegie learning'), (1998, 'carnegie learning'), (1999, 'california institute of technology'), (1999, 'carnegie institution for science'), (1999, 'carnegie learning'), (2002, 'california institute of technology'), (2002, 'california state university sacramento'), (2003, 'california institute of technology'), (2003, 'california state university'), (2003, 'california state university sacramento'), (2003, 'university of california davis'), (2004, 'california state university'), (2004, 'national science foundation'), (2006, 'national science foundation'))

firstname : randy
lastname : phelps
middlename : l
year_range : (1998,)
main_us_institutions_year : ((1998, 'research resources incorporated'),)
all_us_institutions_year : ((1998, 'research resources incorporated'),)

9/10 positive, 20/10 negative
Do these records refer to the same thing?
(y)es / (n)o / (u)nsure / (f)inished
firstname : charles
lastname : lada
middlename : j
year_range : (1972, 2021)
main_us_institutions_year : ((1972, 'smithsonian astrophysical observatory'), (1995, 'harvard university'), (1997, 'smithsonian astrophysical observatory'), (1998, 'harvard university'), (1999, 'harvard university'), (2000, 'harvard university'), (2001, 'harvard university'), (2002, 'harvard university'), (2003, 'harvard university'), (2004, 'harvard university'), (2005, 'harvard university'), (2006, 'harvard university'), (2007, 'harvard university'), (2008, 'harvard university'), (2009, 'harvard university'), (2010, 'harvard university'), (2011, 'harvard university'), (2012, 'harvard university'), (2013, 'harvard university'), (2014, 'harvard university'), (2015, 'harvard university'), (2016, 'harvard university'), (2017, 'harvard university'), (2018, 'harvard university'), (2020, 'smithsonian institution'), (2021, 'harvard university'))
all_us_institutions_year : ((1972, 'smithsonian astrophysical observatory'), (1978, 'harvard university'), (1991, 'harvard university'), (1994, 'smithsonian astrophysical observatory'), (1995, 'harvard university'), (1996, 'smithsonian astrophysical observatory'), (1997, 'smithsonian astrophysical observatory'), (1998, 'association of universities for research in astronomy'), (1998, 'harvard university'), (1998, 'smithsonian astrophysical observatory'), (1999, 'association of universities for research in astronomy'), (1999, 'harvard university'), (1999, 'national science foundation'), (1999, 'smithsonian astrophysical observatory'), (2000, 'association of universities for research in astronomy'), (2000, 'harvard university'), (2000, 'smithsonian astrophysical observatory'), (2001, 'cfa institute'), (2001, 'harvard university'), (2001, 'smithsonian astrophysical observatory'), (2002, 'harvard university'), (2002, 'smithsonian astrophysical observatory'), (2003, 'association of universities for research in astronomy'), (2003, 'cfa institute'), (2003, 'harvard university'), (2003, 'smithsonian astrophysical observatory'), (2004, 'harvard university'), (2004, 'smithsonian astrophysical observatory'), (2005, 'cfa institute'), (2005, 'harvard university'), (2005, 'smithsonian astrophysical observatory'), (2006, 'cfa institute'), (2006, 'harvard university'), (2007, 'harvard university'), (2007, 'smithsonian astrophysical observatory'), (2008, 'harvard university'), (2009, 'harvard university'), (2010, 'harvard university'), (2011, 'harvard university'), (2012, 'harvard university'), (2013, 'harvard university'), (2014, 'harvard university'), (2015, 'harvard university'), (2015, 'smithsonian astrophysical observatory'), (2016, 'harvard university'), (2017, 'harvard university'), (2018, 'harvard university'), (2020, 'harvard university'), (2020, 'smithsonian institution'), (2021, 'harvard university'))

firstname : charles
lastname : lada
middlename : j
year_range : (1989,)
main_us_institutions_year : ((1989, 'university of arizona'),)
all_us_institutions_year : ((1989, 'university of arizona'),)

9/10 positive, 20/10 negative
Do these records refer to the same thing?
(y)es / (n)o / (u)nsure / (f)inished / (p)revious
firstname : paul
lastname : schechter
middlename : l
year_range : (1984, 1987)
main_us_institutions_year : ((1984, 'kitt peak national observatory'), (1987, 'kitt peak national observatory'))
all_us_institutions_year : ((1983, 'kitt peak national observatory'), (1984, 'kitt peak national observatory'), (1987, 'kitt peak national observatory'))

firstname : paul
lastname : schechter
middlename : l
year_range : (1984,)
main_us_institutions_year : ((1984, 'carnegie institution of washington'),)
all_us_institutions_year : ((1984, 'carnegie institution of washington'),)

9/10 positive, 20/10 negative
Do these records refer to the same thing?
(y)es / (n)o / (u)nsure / (f)inished / (p)revious
firstname : robert
lastname : harris
middlename : m
year_range : (1978, 2021)
main_us_institutions_year : ((1978, 'fermilab'), (1988, 'lawrence berkeley national laboratory'), (1992, 'fermilab'), (1993, 'fermilab'), (1994, 'fermilab'), (1995, 'fermilab'), (1996, 'fermilab'), (1998, 'fermilab'), (1999, 'fermilab'), (2000, 'fermilab'), (2001, 'fermilab'), (2002, 'fermilab'), (2006, 'fermilab'), (2007, 'fermilab'), (2008, 'carnegie mellon university'), (2009, 'fermilab'), (2010, 'fermilab'), (2011, 'fermilab'), (2012, 'fermilab'), (2013, 'fermilab'), (2014, 'fermilab'), (2015, 'fermilab'), (2016, 'fermilab'), (2017, 'fermilab'), (2018, 'fermilab'), (2019, 'fermilab'), (2020, 'fermilab'), (2021, 'fermilab'))
all_us_institutions_year : ((1978, 'fermilab'), (1988, 'lawrence berkeley national laboratory'), (1992, 'fermilab'), (1993, 'fermilab'), (1994, 'fermilab'), (1995, 'fermilab'), (1996, 'fermilab'), (1998, 'fermilab'), (1999, 'fermilab'), (2000, 'fermilab'), (2001, 'fermilab'), (2002, 'fermilab'), (2006, 'fermilab'), (2007, 'fermilab'), (2008, 'carnegie mellon university'), (2008, 'fermilab'), (2009, 'fermilab'), (2010, 'fermilab'), (2011, 'fermilab'), (2011, 'florida international university'), (2011, 'university of california davis'), (2012, 'fermilab'), (2013, 'fermilab'), (2013, 'university of texas at austin'), (2014, 'fermilab'), (2014, 'florida international university'), (2014, 'hobart corporation'), (2014, 'university of texas at austin'), (2015, 'fermilab'), (2015, 'university of texas at austin'), (2016, 'fermilab'), (2017, 'fermilab'), (2017, 'university of texas at austin'), (2018, 'fermilab'), (2018, 'university of texas at austin'), (2019, 'fermilab'), (2019, 'marine biological laboratory'), (2019, 'university of california davis'), (2019, 'university of texas at austin'), (2020, 'fermilab'), (2020, 'university of california davis'), (2020, 'university of texas at austin'), (2021, 'fermilab'))

firstname : robert
lastname : harris
middlename : a
year_range : (1982,)
main_us_institutions_year : ((1982, 'university of california berkeley'),)
all_us_institutions_year : ((1982, 'university of california berkeley'),)

9/10 positive, 20/10 negative
Do these records refer to the same thing?
(y)es / (n)o / (u)nsure / (f)inished / (p)revious
firstname : sumit
lastname : das
middlename : r
year_range : (2005, 2009)
main_us_institutions_year : ((2005, 'university of kentucky'), (2006, 'university of kentucky'), (2007, 'university of kentucky'), (2008, 'university of kentucky'), (2009, 'university of kentucky'))
all_us_institutions_year : ((2005, 'university of kentucky'), (2006, 'university of kentucky'), (2007, 'university of kentucky'), (2008, 'university of kentucky'), (2009, 'university of kentucky'))

firstname : sumit
lastname : das
middlename : r
year_range : (2021,)
main_us_institutions_year : ((2021, 'university of kentucky research foundation'),)
all_us_institutions_year : ((2021, 'university of kentucky research foundation'),)

9/10 positive, 21/10 negative
Do these records refer to the same thing?
(y)es / (n)o / (u)nsure / (f)inished / (p)revious
firstname : andreas
lastname : kronfeld
middlename : s
year_range : (1985, 2021)
main_us_institutions_year : ((1985, 'cornell university'), (1990, 'fermilab'), (1991, 'fermilab'), (1992, 'fermilab'), (1993, 'fermilab'), (1997, 'fermilab'), (1998, 'fermilab'), (1999, 'fermilab'), (2000, 'fermilab'), (2001, 'fermilab'), (2002, 'fermilab'), (2004, 'fermilab'), (2005, 'fermilab'), (2006, 'fermilab'), (2008, 'fermilab'), (2009, 'fermilab'), (2010, 'fermilab'), (2011, 'fermilab'), (2012, 'fermilab'), (2013, 'fermilab'), (2014, 'fermilab'), (2017, 'fermilab'), (2018, 'fermilab'), (2019, 'fermilab'), (2020, 'syracuse university'), (2020, 'fermilab'), (2021, 'fermilab'))
all_us_institutions_year : ((1985, 'cornell university'), (1990, 'fermilab'), (1991, 'fermilab'), (1992, 'fermilab'), (1993, 'fermilab'), (1994, 'fermilab'), (1995, 'fermilab'), (1996, 'fermilab'), (1997, 'fermilab'), (1998, 'fermilab'), (1999, 'fermilab'), (2000, 'fermilab'), (2001, 'fermilab'), (2002, 'fermilab'), (2003, 'fermilab'), (2004, 'fermilab'), (2005, 'fermilab'), (2006, 'fermilab'), (2008, 'fermilab'), (2009, 'fermilab'), (2010, 'fermilab'), (2011, 'fermilab'), (2011, 'university of utah'), (2012, 'fermilab'), (2012, 'university of utah'), (2013, 'fermilab'), (2014, 'fermilab'), (2015, 'fermilab'), (2016, 'fermilab'), (2016, 'syracuse university'), (2017, 'fermilab'), (2018, 'fermilab'), (2019, 'fermilab'), (2020, 'fermilab'), (2020, 'syracuse university'), (2021, 'fermilab'))

firstname : andreas
lastname : kronfeld
middlename : None
year_range : (2010,)
main_us_institutions_year : ((2010, 'fermi research alliance llc'),)
all_us_institutions_year : ((2010, 'fermi research alliance llc'),)

9/10 positive, 21/10 negative
Do these records refer to the same thing?
(y)es / (n)o / (u)nsure / (f)inished / (p)revious
firstname : michael
lastname : gregg
middlename : d
year_range : (1989, 2021)
main_us_institutions_year : ((1996, 'lawrence livermore national laboratory'), (1996, 'space telescope science institute'), (1997, 'lawrence livermore national laboratory'), (1998, 'lawrence livermore national laboratory'), (1998, 'university of california davis'), (1999, 'university of california davis'), (2000, 'lawrence livermore national laboratory'), (2001, 'university of california davis'), (2002, 'lawrence livermore national laboratory'), (2003, 'university of california davis'), (2004, 'lawrence livermore national laboratory'), (2004, 'university of california davis'), (2005, 'lawrence livermore national laboratory'), (2005, 'university of california davis'), (2006, 'university of california davis'), (2007, 'lawrence livermore national laboratory'), (2008, 'university of california davis'), (2009, 'lawrence livermore national laboratory'), (2009, 'university of california davis'), (2010, 'lawrence livermore national laboratory'), (2010, 'university of california davis'), (2011, 'lawrence livermore national laboratory'), (2011, 'university of california davis'), (2012, 'lawrence livermore national laboratory'), (2012, 'university of california davis'), (2013, 'lawrence livermore national laboratory'), (2013, 'university of california davis'), (2014, 'university of california davis'), (2017, 'university of california davis'), (2021, 'university of california davis'))
all_us_institutions_year : ((1995, 'lawrence livermore national laboratory'), (1996, 'lawrence livermore national laboratory'), (1996, 'space telescope science institute'), (1997, 'lawrence livermore national laboratory'), (1997, 'university of california davis'), (1998, 'lawrence livermore national laboratory'), (1998, 'university of california davis'), (1999, 'lawrence livermore national laboratory'), (1999, 'university of california davis'), (2000, 'kitt peak national observatory'), (2000, 'lawrence livermore national laboratory'), (2000, 'university of california davis'), (2001, 'lawrence livermore national laboratory'), (2001, 'university of california davis'), (2002, 'lawrence livermore national laboratory'), (2002, 'university of california davis'), (2003, 'lawrence livermore national laboratory'), (2003, 'university of california davis'), (2003, 'university of california los angeles'), (2004, 'lawrence livermore national laboratory'), (2004, 'university of california davis'), (2005, 'lawrence livermore national laboratory'), (2005, 'university of california'), (2005, 'university of california davis'), (2006, 'lawrence livermore national laboratory'), (2006, 'university of california'), (2006, 'university of california davis'), (2007, 'lawrence livermore national laboratory'), (2007, 'university of california davis'), (2007, 'university of california los angeles'), (2008, 'lawrence livermore national laboratory'), (2008, 'university of california davis'), (2008, 'university of california los angeles'), (2009, 'lawrence livermore national laboratory'), (2009, 'university of california'), (2009, 'university of california davis'), (2010, 'lawrence livermore national laboratory'), (2010, 'university of california davis'), (2011, 'lawrence livermore national laboratory'), (2011, 'university of california davis'), (2012, 'lawrence livermore national laboratory'), (2012, 'university of california davis'), (2013, 'lawrence livermore national laboratory'), (2013, 'university of california davis'), (2014, 'lawrence livermore national laboratory'), (2014, 'university of california davis'), (2017, 'university of california davis'), (2021, 'university of california davis'))

firstname : michael
lastname : gregg
middlename : d
year_range : (1988,)
main_us_institutions_year : ((1988, 'university of north carolina at chapel hill'),)
all_us_institutions_year : ((1988, 'university of north carolina at chapel hill'),)

10/10 positive, 21/10 negative
Do these records refer to the same thing?
(y)es / (n)o / (u)nsure / (f)inished / (p)revious
Finished labeling
Done in 149.4193761308988 minutes.
