Namespace(testing=False, verbose=1, field=['sociology'], train_name='christoph_with_protocol_magkeywords', startyear=1985, endyear=2015, loadstartyear=1985, loadendyear=2015, mergemode='1:1', recall=0.9, institution='False', fieldofstudy_cat='False', fieldofstudy_str='False', keywords='True', retrain='True', linking_type='graduates', samplesize=50000, write_to='database')
Have max 12 cores available
Testing is False 

I set the write connection to the main database.
id_field is [144024400] and will be passed to sql queries.
finished setup ... 
Time elapsed: 0.000681904951731364 minutes 


    SELECT goid
            , year
            , year as yeardiff_larger_than_0
            , firstname 
            , lastname
            , CASE TRIM(SUBSTR(middle_lastname, 1, l_fullname-l_firstname-l_lastname - 1)) 
                WHEN 
                    "" THEN NULL 
                    ELSE TRIM(SUBSTR(middle_lastname, 1, l_fullname-l_firstname-l_lastname - 1)) 
                END AS middlename
            , fieldofstudy
            , keywords
            , institution
            , coauthors
            , year_papertitle
    FROM (
        SELECT goid
            , degree_year AS year 
            , fullname 
            , SUBSTR(TRIM(fullname),1,instr(trim(fullname)||' ',' ')-1) AS firstname
            , REPLACE(fullname, RTRIM(fullname, REPLACE(fullname, " ", "")), "") AS lastname 
            , TRIM(SUBSTR(fullname, length(SUBSTR(TRIM(fullname),1,instr(trim(fullname)||' ',' ')-1)) + 1)) AS middle_lastname 
            , length(fullname) AS l_fullname 
            , length(SUBSTR(TRIM(fullname),1,instr(trim(fullname)||' ',' ')-1) ) AS l_firstname
            , length(REPLACE(fullname, RTRIM(fullname, REPLACE(fullname, " ", "")), "")) AS l_lastname
            , fieldname AS fieldofstudy
            , university_id
            , degree_year || "//" || thesistitle as year_papertitle 
        FROM pq_authors 
        INNER JOIN (
            SELECT goid, fieldname 
            FROM pq_fields_mag
            WHERE mag_field0 IN (?)
        ) USING (goid)
    )
    -- ## NOTE: use left join here as not all graduates have advisor (particularly pre-1980) and possibly also keywords
    LEFT JOIN (
        SELECT goid, fields_lvl1 as keywords, advisors as coauthors 
        FROM pq_info_linking
    ) USING(goid)
    INNER JOIN (
        SELECT university_id, normalizedname as institution
        FROM pq_unis
        WHERE location like "%United States%"
    ) USING(university_id)
    WHERE year >= 1985 and year <= 2015 AND length(firstname) > 1
     


    SELECT f.AuthorId
        , f.year
        , f.year as yeardiff_larger_than_0
        , f.firstname
        , f.lastname
        , CASE TRIM(SUBSTR(f.middle_lastname, 1, f.l_fullname - f.l_firstname - f.l_lastname - 1)) 
            WHEN 
                "" THEN NULL 
                ELSE TRIM(SUBSTR(f.middle_lastname, 1, f.l_fullname - f.l_firstname - f.l_lastname - 1)) 
            END as middlename 
            -- ## NOTE this gives "" for middlename when it is missing 
        , f.fieldofstudy
        , g.keywords
        , g.coauthors
        , g.institution
        , g.year_papertitle
    FROM (
        SELECT a.AuthorId
            , a.YearFirstPub AS year
            , a.FirstName AS firstname
            , REPLACE(b.NormalizedName, RTRIM(b.NormalizedName, REPLACE(b.NormalizedName, " ", "")), "") AS lastname 
                    -- https://stackoverflow.com/questions/21388820/how-to-get-the-last-index-of-a-substring-in-sqlite
            , TRIM(SUBSTR(b.NormalizedName, length(a.FirstName) + 1)) AS middle_lastname 
                    -- this gives all except the first name 
            , length(b.NormalizedName) as l_fullname 
            , length(a.FirstName) as l_firstname
            , length(REPLACE(b.NormalizedName, RTRIM(b.NormalizedName, REPLACE(b.NormalizedName, " ", "")), "")) as l_lastname
            , e.NormalizedName AS fieldofstudy
        FROM author_sample AS a
        INNER JOIN (
            SELECT AuthorId, NormalizedName
            FROM Authors
        ) AS b USING(AuthorId)
        INNER JOIN (
            SELECT AuthorId
            FROM author_field0
            WHERE FieldOfStudyId_lvl0 IN (?)
                AND Degree <= 0
        ) USING(AuthorId)
        LEFT JOIN (
            SELECT AuthorId, NormalizedName
            FROM author_fields c
            INNER JOIN (
                SELECT FieldOfStudyId, NormalizedName
                FROM FieldsOfStudy
            ) AS d USING(FieldOfStudyId)
            -- ## Condition on fieldofstudy being in the level 0 id_field
            INNER JOIN (
                SELECT ParentFieldOfStudyId, ChildFieldOfStudyId
                FROM crosswalk_fields
                WHERE ParentLevel = 0
                    AND ParentFieldOfStudyId IN (?)
            ) AS e ON (e.ChildFieldOfStudyId = c.FieldOfStudyId)
            WHERE FieldClass = 'first'
        ) AS e USING(AuthorId)
    ) f
    LEFT JOIN (
        SELECT AuthorId
                , institutions as institution
                , main_us_institutions_career
                , coauthors
                , keywords
                , year_papertitle
        FROM author_info_linking
    ) AS g USING(AuthorId)
    WHERE length(firstname) > 1 AND year >= 1985 - 5 AND year <= 2015 + 5 
        -- ## use this to condition on people that have at least at some point their main affiliation in the US
        AND g.main_us_institutions_career IS NOT NULL
        AND g.institution != "chinese academy of sciences"
     

/home/christoph/anaconda3/envs/science-career-tempenv/lib/python3.9/site-packages/sklearn/feature_extraction/text.py:541: UserWarning: The parameter 'ngram_range' will not be used since 'analyzer' is callable'
  warnings.warn(
/home/christoph/anaconda3/envs/science-career-tempenv/lib/python3.9/site-packages/sklearn/feature_extraction/text.py:547: UserWarning: The parameter 'stop_words' will not be used since 'analyzer' != 'word'
  warnings.warn(
Time elapsed: 67.83287628491719 minutes 

Starting active labeling...
firstname : elizabeth
lastname : compton
middlename : ashley zeron
year : 2008
yeardiff_larger_than_0 : 2008
year_papertitle : ((2008, 'varieties of response dependence a critique of zangwill'), (2012, 'a dispositional account of aesthetic properties'))
keywords : frozenset({'law', 'epistemology', 'art history', 'aesthetics', 'industrial organization'})

firstname : elizabeth
lastname : compton
middlename : ashley zeron
year : 2012
yeardiff_larger_than_0 : 2012
year_papertitle : ((2012, 'a dispositional account of aesthetic properties'),)
keywords : frozenset({'law', 'epistemology', 'cognitive psychology', 'literature', 'aesthetics'})

0/10 positive, 0/10 negative
Do these records refer to the same thing?
(y)es / (n)o / (u)nsure / (f)inished
firstname : kim
lastname : england
middlename : v l
year : 1987
yeardiff_larger_than_0 : 1987
year_papertitle : ((1987, 'the practical adequacy of method in social science'), (1988, 'gender relations and the suburbanization of clerical work'))
keywords : frozenset({'engineering ethics', 'labour economics', 'economic geography', 'public relations', 'industrial organization'})

firstname : kim
lastname : england
middlename : v l
year : 1988
yeardiff_larger_than_0 : 1988
year_papertitle : ((1988, 'gender relations and the suburbanization of clerical work'),)
keywords : frozenset({'economic growth', 'marketing', 'labour economics', 'public economics', 'demographic economics', 'nursing'})

1/10 positive, 0/10 negative
Do these records refer to the same thing?
(y)es / (n)o / (u)nsure / (f)inished / (p)revious
firstname : petia
lastname : topalova
middlename : None
year : 2008
yeardiff_larger_than_0 : 2008
year_papertitle : ((2005, 'three empirical essays on trade and development in india'), (2008, 'tariffs enforcement and customs evasion evidence from india'), (2009, 'child labor and schooling in a globalizing world some evidence from urban india'), (2009, 'powerful women does exposure reduce bias'), (2009, 'trade liberalization and new imported inputs'), (2010, 'barriers to household risk management evidence from india'), (2010, 'factor immobility and regional impacts of trade liberalization evidence on poverty from india'), (2010, 'imported intermediate inputs and domestic product growth evidence from india'), (2010, 'multi product firms and product turnover in the developing world evidence from india'), (2010, 'trade adjustment and human capital investments evidence from indian tariff reform'))
keywords : frozenset({'economic growth', 'labour economics', 'monetary economics', 'international trade', 'actuarial science', 'international economics', 'agricultural economics'})

firstname : petia
lastname : topalova
middlename : None
year : 2005
yeardiff_larger_than_0 : 2005
year_papertitle : ((2005, 'three empirical essays on trade and development in india'),)
keywords : frozenset({'economic growth', 'labour economics', 'international trade', 'public economics', 'international economics', 'agricultural economics', 'demographic economics'})

2/10 positive, 0/10 negative
Do these records refer to the same thing?
(y)es / (n)o / (u)nsure / (f)inished / (p)revious
(y)es / (n)o / (u)nsure / (f)inished / (p)revious
firstname : marianne
lastname : miller
middlename : mcinnes
year : 2005
yeardiff_larger_than_0 : 2005
year_papertitle : ((2005, 'beyond the frying pan addressing work issues with women in therapy'), (2006, 'spirituality gender and supervisory style in supervision'), (2010, 'can mfts address spirituality with clients in publically funded agencies'))
keywords : frozenset({'medical education', 'social psychology', 'religious studies', 'psychiatry', 'public relations', 'family medicine', 'psychotherapist'})

firstname : marianne
lastname : miller
middlename : mcinnes
year : 2003
yeardiff_larger_than_0 : 2003
year_papertitle : ((2003, 'spirituality gender and supervisory style in supervision'),)
keywords : frozenset({'applied psychology', 'social psychology', 'religious studies', 'psychiatry', 'public relations', 'developmental psychology', 'psychotherapist'})

3/10 positive, 0/10 negative
Do these records refer to the same thing?
(y)es / (n)o / (u)nsure / (f)inished / (p)revious
firstname : carol
lastname : davis
middlename : e egli
year : 1989
yeardiff_larger_than_0 : 1989
year_papertitle : ((1989, 'separation loss in searching birthmothers'), (1993, 'nurse midwifery education'))
keywords : frozenset({'medical education', 'mechanical engineering', 'information retrieval', 'data mining', 'pedagogy'})

firstname : carol
lastname : davis
middlename : e egli
year : 1990
yeardiff_larger_than_0 : 1990
year_papertitle : ((1990, 'separation loss in searching birthmothers'),)
keywords : frozenset({'psychotherapist', 'social psychology', 'psychiatry', 'developmental psychology', 'gerontology', 'family medicine', 'clinical psychology'})

4/10 positive, 0/10 negative
Do these records refer to the same thing?
(y)es / (n)o / (u)nsure / (f)inished / (p)revious
firstname : andrea
lastname : press
middlename : l
year : 1986
yeardiff_larger_than_0 : 1986
year_papertitle : ((1986, 'new views on the mass production of women s culture'), (1989, 'class and gender in the hegemonic process class differences in women s perceptions of television realism and identification with television characters'), (1991, 'women watching television gender class and generation in the american television experience'), (1991, 'working class women in a middle class world the impact of television on modes of reasoning about abortion'), (1992, 'the active viewer and the problem of interpretation reconciling traditional and critical research'), (1993, 'feminist methodology a reassessment what can she know feminist theory and the construction of knowledge feminist methods in social research'), (1993, 'receptive women consuming and contesting tv culture women watching television gender class and generation in the american television experience private screenings television and the female consumer'))
keywords : frozenset({'epistemology', 'social psychology', 'mathematics education', 'media studies', 'gender studies', 'literature', 'advertising'})

firstname : andrea
lastname : press
middlename : lee
year : 1987
yeardiff_larger_than_0 : 1987
year_papertitle : ((1987, 'deconstructing the female audience class differences in women s identification with television narrative and characters'),)
keywords : frozenset({'law', 'epistemology', 'social psychology', 'political economy', 'public relations', 'gender studies', 'literature', 'advertising'})

5/10 positive, 0/10 negative
Do these records refer to the same thing?
(y)es / (n)o / (u)nsure / (f)inished / (p)revious
firstname : elizabeth
lastname : sweet
middlename : l
year : 2006
yeardiff_larger_than_0 : 2006
year_papertitle : ((2000, 'gendered effects of structural adjustment a case study in mexico'), (2006, 'condiciones drogas y la carcel latino arrestees in miami new york san antonio and san jose'), (2006, 'spy or feminist grrrila research on the margin'), (2009, 'ethnographic understandings of gender and economic transition in siberia implications for planners and policy makers'), (2010, 'identity culture land and language stories of insurgent planning in the republic of buryatia russia'), (2010, 'planning responds to gender violence evidence from spain mexico and the united states'), (2011, 'commentary diversity in urban planning education and practice'), (2011, 'response to letter to the editors action and planning where do we draw the line'), (2012, 'chapter 6 a slow assassination of your soul race citizenship and gender identities in the borderlands of new economic places'), (2012, 'new configurations of racism after 9 11 gender and race in the context of the anti immigrant city'))
keywords : frozenset({'economic growth', 'law', 'environmental planning', 'public administration', 'medical emergency', 'public relations', 'gender studies'})

firstname : elizabeth
lastname : sweet
middlename : louise
year : 2000
yeardiff_larger_than_0 : 2000
year_papertitle : ((2000, 'gendered effects of structural adjustment a case study in mexico'),)
keywords : frozenset({'criminology', 'epistemology', 'economy', 'public administration', 'social science', 'public relations', 'gender studies', 'development economics', 'pedagogy', 'nursing'})

6/10 positive, 0/10 negative
Do these records refer to the same thing?
(y)es / (n)o / (u)nsure / (f)inished / (p)revious
firstname : caryn
lastname : aviv
middlename : None
year : 2001
yeardiff_larger_than_0 : 2001
year_papertitle : ((2001, 'using action research to improve collaboration between breast cancer patients and physicians creating the program for collaborative care'), (2003, 'improving the quality of decision making in breast cancer consultation planning template and consultation recording template'), (2007, 'ethnicity and spirituality in breast cancer survivors'), (2008, 'training community resource center and clinic personnel to prompt patients in listing questions for doctors follow up interviews about barriers and facilitators to the implementation of consultation planning'))
keywords : frozenset({'internal medicine', 'mathematics education', 'gerontology', 'gender studies', 'pedagogy', 'nursing', 'clinical psychology'})

firstname : caryn
lastname : aviv
middlename : suzanne
year : 2002
yeardiff_larger_than_0 : 2002
year_papertitle : ((2002, 'home making gender emotional zionism and american immigration to israel'),)
keywords : frozenset({'law', 'epistemology', 'social psychology', 'religious studies', 'gender studies', 'nursing', 'psychotherapist'})

7/10 positive, 0/10 negative
Do these records refer to the same thing?
(y)es / (n)o / (u)nsure / (f)inished / (p)revious
firstname : nicholas
lastname : barberis
middlename : None
year : 1996
yeardiff_larger_than_0 : 1996
year_papertitle : ((1996, 'how does privatization work evidence from the russian shops'), (1998, 'a model of investor sentiment'), (1998, 'a model of investor sentiment1we are grateful to the nsf for financial support and to oliver blanchard alon brav john campbell a referee john cochrane edward glaeser j b heaton danny kahneman david laibson owen lamont drazen prelec jay ritter a referee ken singleton dick thaler an anonymous referee and the editor bill schwert for comments 1'), (2000, 'investing for the long run when returns are predictable'), (2001, 'mental accounting loss aversion and individual stock returns'), (2001, 'prospect theory and asset prices'), (2003, 'chapter 18 a survey of behavioral finance'))
keywords : frozenset({'marketing', 'labour economics', 'econometrics', 'epistemology', 'microeconomics', 'finance', 'financial economics'})

firstname : nicholas
lastname : barber
middlename : michael
year : 2011
yeardiff_larger_than_0 : 2011
year_papertitle : ((2011, 'longing for the divine holism in plato s theaetetus and sophist'),)
keywords : frozenset({'epistemology', 'psychoanalysis', 'cognitive science', 'linguistics', 'literature', 'aesthetics'})

7/10 positive, 0/10 negative
Do these records refer to the same thing?
(y)es / (n)o / (u)nsure / (f)inished / (p)revious
firstname : rebecca
lastname : richardson
middlename : None
year : 2015
yeardiff_larger_than_0 : 2015
year_papertitle : ((2015, 'integrating the thematic approach into information literacy courses'), (2017, 'eavesdropping on the user experience learning how students perceive the library through yik yak'))
keywords : frozenset({'multimedia', 'computer network', 'mathematics education', 'human computer interaction', 'library science', 'literature', 'pedagogy'})

firstname : rebecca
lastname : richards
middlename : s
year : 2011
yeardiff_larger_than_0 : 2011
year_papertitle : ((2011, 'the council of women world leaders iron ladies and daughters of destiny a transnational study of women s rhetorical performances of power'),)
keywords : frozenset({'literature', 'law', 'epistemology', 'religious studies', 'media studies', 'political economy'})

7/10 positive, 1/10 negative
Do these records refer to the same thing?
(y)es / (n)o / (u)nsure / (f)inished / (p)revious
firstname : robert
lastname : kleinsasser
middlename : c
year : 1993
yeardiff_larger_than_0 : 1993
year_papertitle : ((1993, 'changing teachers task perceptions as a vehicle for improving fl instruction'), (1994, 'foreign language teacher certification quo vadis'), (1996, 'preservice elementary teachers views of pedagogical and mathematical content knowledge'), (1999, 'a professional development school s evolution potential teachers initial perceptions of their teaching and learning community'), (1999, 'communicative language teaching clt practical understandings'), (1999, 'multiple data sources converging and diverging conceptualizations of lote teaching'), (1999, 'richards jack c beyond training perspectives on language teacher education'), (1999, 'tribute to diane birckbichler'), (2000, 'a historical overview of six recurring issues in languages education throughout the 20th century in the united states and australia'))
keywords : frozenset({'medical education', 'mathematics education', 'art history', 'public relations', 'artificial intelligence', 'linguistics', 'pedagogy'})

firstname : roberta
lastname : klein
middlename : s
year : 1999
yeardiff_larger_than_0 : 1999
year_papertitle : ((1999, 'agatha christie a feminist reassessment'),)
keywords : frozenset({'literature', 'art history', 'gender studies', 'psychoanalysis', 'aesthetics'})

7/10 positive, 2/10 negative
Do these records refer to the same thing?
(y)es / (n)o / (u)nsure / (f)inished / (p)revious
firstname : stanley
lastname : herr
middlename : s
year : 1989
yeardiff_larger_than_0 : 1989
year_papertitle : ((1989, 'disabled clients constituencies and counsel representing persons with developmental disabilities'), (1994, 'health care decision making for persons with disabilities an alternative to guardianship'), (1994, 'state plans for surrogate decision making reply'), (1995, 'a humanist s legacy burton blatt and the origins of the disability rights movement'), (1995, 'maximizing autonomy reforming personal support laws in sweden and the united states'))
keywords : frozenset({'law', 'social psychology', 'public administration', 'psychiatry', 'public relations', 'gerontology', 'family medicine'})

firstname : jane
lastname : herring
middlename : l
year : 2006
yeardiff_larger_than_0 : 2006
year_papertitle : ((2006, 'attempting adherence a longitudinal study of hiv infected women with multiple comorbidities'),)
keywords : frozenset({'medical education', 'internal medicine', 'psychiatry', 'public relations', 'developmental psychology', 'artificial intelligence', 'pedagogy', 'family medicine', 'nursing', 'clinical psychology'})

7/10 positive, 3/10 negative
Do these records refer to the same thing?
(y)es / (n)o / (u)nsure / (f)inished / (p)revious
firstname : anne
lastname : price
middlename : m
year : 2008
yeardiff_larger_than_0 : 2008
year_papertitle : ((2008, 'colonial history muslim presence and gender equity ideology a cross national analysis'), (2008, 'religion and support for democracy a crossnational examination'), (2014, 'differential support for women in higher education and politics cross nationally'), (2015, 'a society of young women opportunities of place power and reform in saudi arabia'), (2015, 'how national structures shape attitudes toward women s right to employment in the middle east'))
keywords : frozenset({'economic growth', 'law', 'social psychology', 'ancient history', 'social science', 'gender studies', 'political economy'})

firstname : joshua
lastname : price
middlename : m
year : 1998
yeardiff_larger_than_0 : 1998
year_papertitle : ((1998, 'spaces of violence shades of meaning the heterogeneity of violence against women in the united states'),)
keywords : frozenset({'law', 'criminology', 'epistemology', 'public relations', 'media studies', 'gender studies', 'political economy', 'pedagogy'})

7/10 positive, 4/10 negative
Do these records refer to the same thing?
(y)es / (n)o / (u)nsure / (f)inished / (p)revious
firstname : mary
lastname : mccarthy
middlename : m
year : 2014
yeardiff_larger_than_0 : 2014
year_papertitle : ((2014, 'the role of games and simulations to teach abstract concepts of anarchy cooperation and conflict in world politics'), (2018, 'coalition building and mobilization case studies of the comfort women memorials in the united states'), (2019, 'creating a collective memory of the comfort women in the usa'), (2019, 'japan s opportunity to lead'))
keywords : frozenset({'multimedia', 'law', 'mathematics education', 'media studies', 'gender studies', 'political economy', 'mathematical economics'})

firstname : tara
lastname : mccarthy
middlename : monica
year : 2005
yeardiff_larger_than_0 : 2005
year_papertitle : ((2005, 'true women trade unionists and the lessons of tammany hall ethnic identity social reform and the political culture of irish women in america 1880 1923'),)
keywords : frozenset({'law', 'gender studies', 'political economy'})

7/10 positive, 5/10 negative
Do these records refer to the same thing?
(y)es / (n)o / (u)nsure / (f)inished / (p)revious
firstname : ken
lastname : jones
middlename : None
year : 1999
yeardiff_larger_than_0 : 1999
year_papertitle : ((1999, 'lessons from 12 years of comparative risk projects'), (2001, 'healthy communities beyond civic virtue'), (2005, 'comprehensive community indicators systems'), (2005, 'improving the tmdl process using watershed risk assessment principles'))
keywords : frozenset({'law', 'environmental health', 'public relations', 'risk analysis', 'hydrology', 'knowledge management', 'nursing'})

firstname : kenny
lastname : jones
middlename : None
year : 2010
yeardiff_larger_than_0 : 2010
year_papertitle : ((2010, 'afrocentricity homosexual identity integration and other factors affecting the mental health and psychological well being of gay black men'),)
keywords : frozenset({'internal medicine', 'demography', 'social psychology', 'psychiatry', 'developmental psychology', 'gerontology', 'clinical psychology'})

7/10 positive, 6/10 negative
Do these records refer to the same thing?
(y)es / (n)o / (u)nsure / (f)inished / (p)revious
(y)es / (n)o / (u)nsure / (f)inished / (p)revious
firstname : maria
lastname : haymes
middlename : vidal de
year : 1997
yeardiff_larger_than_0 : 1997
year_papertitle : ((1997, 'latino electoral and nonelectoral political participation findings from the 1996 chicago latino registered voter survey'), (1997, 'the golden exile'), (2000, 'latino poverty in the new century inequalities challenges and barriers'), (2000, 'the 1996 chicago latino registered voter political survey political participation and public policy positions'), (2004, 'operation pedro pan one family s journey to the u s'))
keywords : frozenset({'economic growth', 'law', 'public administration', 'public relations', 'media studies', 'gender studies', 'political economy'})

firstname : maria
lastname : haymes
middlename : del rosario vidal de
year : 1991
yeardiff_larger_than_0 : 1991
year_papertitle : ((1991, 'successful minorities a critical reexamination of the cuban american case'),)
keywords : frozenset({'economic growth', 'law', 'social psychology', 'public relations', 'gender studies', 'demographic economics', 'internal medicine'})

7/10 positive, 7/10 negative
Do these records refer to the same thing?
(y)es / (n)o / (u)nsure / (f)inished / (p)revious
firstname : pascha
lastname : buenohansen
middlename : None
year : 2010
yeardiff_larger_than_0 : 2010
year_papertitle : ((2010, 'finding each other s hearts'), (2017, 'the emerging lgbti rights challenge to transitional justice in latin america'))
keywords : frozenset({'criminology', 'law', 'epistemology', 'ancient history', 'gender studies', 'political economy', 'economic history'})

firstname : pascha
lastname : buenohansen
middlename : None
year : 2009
yeardiff_larger_than_0 : 2009
year_papertitle : ((2009, 'the use and abuse of human rights women and the internal armed conflict in peru'),)
keywords : frozenset({'economic growth', 'law', 'criminology', 'public administration', 'public relations', 'library science', 'political economy', 'pedagogy'})

8/10 positive, 7/10 negative
Do these records refer to the same thing?
(y)es / (n)o / (u)nsure / (f)inished / (p)revious
firstname : patricia
lastname : allen
middlename : None
year : 1991
yeardiff_larger_than_0 : 1991
year_papertitle : ((1991, 'integrating social environmental and economic issues in sustainable agriculture'), (1991, 'sustainable agriculture at the crossroads'), (1991, 'the social side of sustainability class gender and race'), (1992, 'the poverty of sustainability an analysis of current positions'))
keywords : frozenset({'economic growth', 'agroforestry', 'environmental planning', 'social psychology', 'environmental resource management', 'gender studies', 'agricultural economics'})

firstname : patricia
lastname : allen
middlename : ann robbins
year : 1998
yeardiff_larger_than_0 : 1998
year_papertitle : ((1998, 'case study of fifteen wives of church of god clergy who have encountered divorce'),)
keywords : frozenset({'medical education', 'criminology', 'applied psychology', 'social psychology', 'mathematics education', 'public relations'})

8/10 positive, 7/10 negative
Do these records refer to the same thing?
(y)es / (n)o / (u)nsure / (f)inished / (p)revious
firstname : betty
lastname : barrett
middlename : None
year : 1994
yeardiff_larger_than_0 : 1994
year_papertitle : ((1994, 'japanese team based work systems in north america'), (1994, 'japanese team based work systems in north america explaining the diversity'), (1998, 'knowledge driven work unexpected lessons from japanese and united states work practices'), (2001, 'one foot in a global team one foot at the local site making sense out of living in two worlds simultaneously'))
keywords : frozenset({'marketing', 'manufacturing engineering', 'economy', 'public relations', 'artificial intelligence', 'knowledge management', 'management'})

firstname : betty
lastname : barrett
middlename : j
year : 2006
yeardiff_larger_than_0 : 2006
year_papertitle : ((2006, 'the impact of childhood sexual abuse on adulthood parenting untangling the effects of childhood adversities intimate partner violence and other adulthood risk factors'),)
keywords : frozenset({'economic growth', 'criminology', 'social psychology', 'psychiatry', 'developmental psychology', 'clinical psychology'})

8/10 positive, 8/10 negative
Do these records refer to the same thing?
(y)es / (n)o / (u)nsure / (f)inished / (p)revious
firstname : khaldoun
lastname : samman
middlename : None
year : 2005
yeardiff_larger_than_0 : 2005
year_papertitle : ((2005, 'towards a non essentialist pedagogy of islam'), (2006, 'assimilating to power in two different world systems an analysis of paul and herzl'), (2010, 'the temporal template of tourism a comparative analysis of epcot center orlando and wadi rum jordan'))
keywords : frozenset({'law', 'epistemology', 'ancient history', 'religious studies', 'gender studies', 'political economy', 'pedagogy'})

firstname : khaldoun
lastname : samman
middlename : subhi
year : 2001
yeardiff_larger_than_0 : 2001
year_papertitle : ((2001, 'cities of god and nationalism rome mecca and jerusalem as contested sacred world cities'),)
keywords : frozenset({'classics', 'economy', 'ethnology', 'religious studies', 'media studies', 'gender studies'})

8/10 positive, 9/10 negative
Do these records refer to the same thing?
(y)es / (n)o / (u)nsure / (f)inished / (p)revious
firstname : ruth
lastname : huber
middlename : None
year : 1992
yeardiff_larger_than_0 : 1992
year_papertitle : ((1992, 'the long term care ombudsman program what does the complaint reporting system tell us'), (1993, 'in search of the impact of staff mix on long term care ombudsman programs'), (1993, 'macro assignment think big'), (1994, 'relationship between right to die and satisfaction with life'), (1995, 'elder rights and the long term care ombudsman program'), (1995, 'persisting gender differences in social workers incomes does the profession really care'), (1995, 'the relationship between volunteer long term care ombudsmen and regulatory nursing home actions'), (1996, 'differences in types of complaints and how they were resolved by local long term care ombudsmen operating in not in area agencies on aging'), (1997, 'the government performance and results act of 1993 implications for social work practice'), (1997, 'to empower with meaningful data lessons learned in building an alliance between researchers and long term care ombudsmen'))
keywords : frozenset({'law', 'social psychology', 'public administration', 'public relations', 'gerontology', 'family medicine', 'nursing'})

firstname : ruth
lastname : huber
middlename : j
year : 1989
yeardiff_larger_than_0 : 1989
year_papertitle : ((1989, 'gender differences in early bereavement'),)
keywords : frozenset({'demography', 'mathematics education', 'psychiatry', 'public relations', 'developmental psychology', 'gerontology', 'clinical psychology'})

8/10 positive, 9/10 negative
Do these records refer to the same thing?
(y)es / (n)o / (u)nsure / (f)inished / (p)revious
firstname : enaya
lastname : othman
middlename : None
year : 2016
yeardiff_larger_than_0 : 2016
year_papertitle : ((2016, 'negotiating palestinian womanhood encounters between palestinian women and american missionaries 1880s 1940s'), (2017, 'book review of muslim fashion contemporary style cultures by reina lewis'), (2017, 'muslim fashion contemporary style cultures'), (2021, 'experiences of muslim mothers of children with disabilities a qualitative study'), (2021, 'transnational identity and memory making in the lives of iraqi women in diaspora by nadia jones gailani toronto university of toronto press 2020 viii 187pp 48 75 paperback isbn 9781487503161'))
keywords : frozenset({'art history', 'religious studies', 'linguistics', 'gender studies', 'literature', 'aesthetics', 'nursing'})

firstname : enaya
lastname : othman
middlename : None
year : 2009
yeardiff_larger_than_0 : 2009
year_papertitle : ((2009, 'middle ground in the middle east american quakers amp palestinian women at the friends girls school in ramallah 1889 1948'),)
keywords : frozenset({'marketing', 'public administration', 'religious studies', 'media studies', 'gender studies', 'aesthetics'})

8/10 positive, 9/10 negative
Do these records refer to the same thing?
(y)es / (n)o / (u)nsure / (f)inished / (p)revious
firstname : natalia
lastname : deebsossa
middlename : None
year : 2007
yeardiff_larger_than_0 : 2007
year_papertitle : ((2007, 'helping the neediest of the needy an intersectional analysis of moral identity construction at a community health clinic'), (2008, 'enforcing borders in the nuevo south gender and migration in williamsburg virginia and the research triangle north carolina'), (2009, 'not avoiding a sensitive topic strategies to teach about women s reproductive rights'), (2011, 'carole joffe dispatches from the abortion wars the costs of fanaticism to doctors patients and the rest of us'), (2012, 'el programa de interrupcion legal del embarazo en la ciudad de mexico experiencias del personal de salud'), (2013, 'experiences of undocumented mexican migrant women when accessing sexual and reproductive health services in california usa a case study'), (2014, 'barriers to abortion facing mexican immigrants in north carolina choosing folk healers versus standard medical options'))
keywords : frozenset({'economic growth', 'law', 'obstetrics', 'gender studies', 'family medicine', 'nursing', 'internal medicine'})

firstname : natalia
lastname : deebsossa
middlename : None
year : 2006
yeardiff_larger_than_0 : 2006
year_papertitle : ((2006, 'inequalities at work health care workers and clients in a community clinic'),)
keywords : frozenset({'economic growth', 'anthropology', 'social psychology', 'political economy', 'gender studies', 'literature', 'pedagogy', 'nursing'})

8/10 positive, 9/10 negative
Do these records refer to the same thing?
(y)es / (n)o / (u)nsure / (f)inished / (p)revious
firstname : julia
lastname : gelatt
middlename : None
year : 2010
yeardiff_larger_than_0 : 2010
year_papertitle : ((2010, 'what happened to the wages of mexican immigrants trends and interpretations'), (2013, 'looking down or looking up status and subjective well being among asian and latino immigrants in the united states'))
keywords : frozenset({'economic growth', 'marketing', 'law', 'demography', 'social psychology', 'gender studies', 'demographic economics'})

firstname : julia
lastname : gelatt
middlename : None
year : 2013
yeardiff_larger_than_0 : 2013
year_papertitle : ((2013, 'immigration status and child well being in the united states'),)
keywords : frozenset({'law', 'demography', 'psychiatry', 'developmental psychology', 'gerontology', 'family medicine', 'nursing'})

9/10 positive, 9/10 negative
Do these records refer to the same thing?
(y)es / (n)o / (u)nsure / (f)inished / (p)revious
firstname : kimberly
lastname : balsam
middlename : f
year : 2001
yeardiff_larger_than_0 : 2001
year_papertitle : ((2001, 'changing hearts changing minds'), (2001, 'nowhere to hide lesbian battering homophobia and minority stress'), (2001, 'psychosocial correlates of internalized homophobia in lesbians'), (2002, 'lesbian and bisexual mothers and nonmothers demographics and the coming out process'), (2002, 'traumatic victimization in the lives of lesbian and bisexual women'), (2003, 'lesbian and bisexual women s experiences of victimization mental health revictimization and sexual identity development'), (2004, 'brothers and sisters of lesbians gay men and bisexuals as a demographic comparison group an innovative research methodology to examine social change'), (2004, 'culture trauma and wellness a comparison of heterosexual and lesbian gay bisexual and two spirit native americans'), (2004, 'pioneers in partnership lesbian and gay male couples in civil unions compared with those not in civil unions and married heterosexual siblings'), (2004, 'trauma stress and resilience among sexual minority women rising like the phoenix'))
keywords : frozenset({'criminology', 'social psychology', 'medical emergency', 'psychiatry', 'developmental psychology', 'gender studies', 'clinical psychology'})

firstname : kimberly
lastname : ray
middlename : lynn
year : 1997
yeardiff_larger_than_0 : 1997
year_papertitle : ((1997, 'adolescent mothers experience with infant health care utilization'),)
keywords : frozenset({'social psychology', 'psychiatry', 'developmental psychology', 'nursing', 'clinical psychology'})

10/10 positive, 9/10 negative
Do these records refer to the same thing?
(y)es / (n)o / (u)nsure / (f)inished / (p)revious
firstname : david
lastname : sommerfeld
middlename : h
year : 2003
yeardiff_larger_than_0 : 2003
year_papertitle : ((2003, 'interorganizational relationships among nonprofits in the aftermath of welfare reform'), (2003, 'the other america after welfare reform a view from the nonprofit sector'), (2003, 'unintended consequences the impact of welfare reform in the united states on ngos'), (2003, 'welfare reform and the future of nonprofit organizations'), (2006, 'the larger they get the changing size distributions of private human service organizations'), (2009, 'capacity for delivering culturally competent mental health services in new mexico results of a statewide agency survey'), (2009, 'evidence based practice implementation and staff emotional exhaustion in children s services'), (2009, 'evidence based practice implementation the impact of public versus private sector organization type on organizational support provider attitudes and adoption of evidence based practice'), (2009, 'the impact of evidence based practice implementation and fidelity monitoring on staff turnover evidence for a protective effect'))
keywords : frozenset({'economic growth', 'social psychology', 'psychiatry', 'public relations', 'public economics', 'political economy', 'nursing'})

firstname : david
lastname : soma
middlename : joseph
year : 1987
yeardiff_larger_than_0 : 1987
year_papertitle : ((1987, 'an analysis of child maltreatment in the united states army 1983 1985'),)
keywords : frozenset({'operations research', 'internal medicine', 'demography', 'social psychology', 'environmental health', 'psychiatry', 'gerontology', 'operations management', 'clinical psychology'})

10/10 positive, 10/10 negative
Do these records refer to the same thing?
(y)es / (n)o / (u)nsure / (f)inished / (p)revious
firstname : chrisann
lastname : newransky
middlename : None
year : 2009
yeardiff_larger_than_0 : 2009
year_papertitle : ((2009, 'microcredit self help groups for widowed and abandoned women in south india do they help'), (2010, 'exploring moderating effects of violent conflict on household welfare in a resource constrained environment the case of sub saharan africa'), (2011, 'predictors of welfare and child outcomes in female headed households in sub saharan africa'), (2013, 'from rhetoric to reality planning and conducting collaborations for international research in the global south'), (2014, 'assessing the effects of an asset building program in resource constrained households the case of sub saharan africa'), (2014, 'the development of self efficacy beliefs of widowed and abandoned women through microcredit self help groups the case of rural south india'), (2015, 'impact of cost sharing on preventive health services in the united states a critical review'), (2015, 'zoster vaccine coverage in a privately insured population aged y 50 years in the united states from 2007 to 2013'), (2016, 'work and income loss consideration among patients with herpes zoster when completing a quality of life questionnaire'))
keywords : frozenset({'economic growth', 'social psychology', 'public relations', 'gerontology', 'public economics', 'development economics', 'socioeconomics'})

firstname : chrisann
lastname : newransky
middlename : None
year : 2013
yeardiff_larger_than_0 : 2013
year_papertitle : ((2013, 'investigation of disparities in cervical cancer prevention in the united states hpv vaccination and pap screening in 18 30 year old women'),)
keywords : frozenset({'internal medicine', 'demography', 'environmental health', 'family medicine', 'demographic economics', 'nursing', 'clinical psychology'})

10/10 positive, 11/10 negative
Do these records refer to the same thing?
(y)es / (n)o / (u)nsure / (f)inished / (p)revious
firstname : steven
lastname : harris
middlename : None
year : 2006
yeardiff_larger_than_0 : 2006
year_papertitle : ((2006, 'the use of standardized patients for mock oral board exams in neurology a pilot study'), (2008, 'emerging authenticity the crafting of simulated parent teacher candidate conferences'), (2011, 'exploring the emotional geographies of parent teacher candidate interactions an emerging signature pedagogy'))
keywords : frozenset({'medical education', 'social psychology', 'mathematics education', 'cognitive science', 'pedagogy', 'family medicine', 'nursing'})

firstname : steven
lastname : harris
middlename : michael
year : 1996
yeardiff_larger_than_0 : 1996
year_papertitle : ((1996, 'the influence of therapist attractiveness presenting problem and client gender on client comfort with disclosing in couple therapy'),)
keywords : frozenset({'psychotherapist', 'marketing', 'law', 'applied psychology', 'social psychology', 'pedagogy', 'clinical psychology'})

10/10 positive, 12/10 negative
Do these records refer to the same thing?
(y)es / (n)o / (u)nsure / (f)inished / (p)revious
firstname : cheryl
lastname : young
middlename : d
year : 1998
yeardiff_larger_than_0 : 1998
year_papertitle : ((1998, 'representative bureaucracy the theoretical implications of statistical interaction'),)
keywords : frozenset({'law', 'epistemology', 'social psychology', 'public administration', 'public relations'})

firstname : cheryl
lastname : young
middlename : ann underwood
year : 2005
yeardiff_larger_than_0 : 2005
year_papertitle : ((2005, 'from seclusion to inclusion a comparative case study of students with emotional and behavioral disorders in middle schools'),)
keywords : frozenset({'medical education', 'applied psychology', 'social psychology', 'mathematics education', 'developmental psychology', 'pedagogy', 'clinical psychology'})

10/10 positive, 13/10 negative
Do these records refer to the same thing?
(y)es / (n)o / (u)nsure / (f)inished / (p)revious
firstname : mary
lastname : meyer
middlename : c
year : 1999
yeardiff_larger_than_0 : 1999
year_papertitle : ((1999, 'a comparison of nonparametric shape constrained bioassay estimators'), (1999, 'an extension of the mixed primal dual bases algorithm to the case of more constraints than dimensions'), (1999, 'customer satisfaction for financial services the role of products services and information technology'), (1999, 'data envelopment analysis and its use in banking'), (1999, 'dea duality on returns to scale rts in production and cost analyses an occurrence of multiple solutions and differences between production based and cost based rts estimates'), (1999, 'probability and random processes'), (2000, 'adhd type behavior and harmful dysfunction in childhood a cross cultural model'), (2000, 'on the degrees of freedom in shape restricted regression'), (2001, 'a primer of probability logic'), (2001, 'exploring the confidence interval for a binomial parameter in a first course in statistical computing'))
keywords : frozenset({'mathematical optimization', 'marketing', 'econometrics', 'algorithm', 'discrete mathematics', 'applied mathematics', 'statistics'})

firstname : mary
lastname : meyer
middlename : reynolds
year : 2012
yeardiff_larger_than_0 : 2012
year_papertitle : ((2012, 'from the great below to the great above a heuristic exploration of compassionate women s process of healing through transcendence of difficult family of origin relationships'),)
keywords : frozenset({'social psychology', 'public relations', 'developmental psychology', 'gender studies', 'literature', 'pedagogy', 'world wide web'})

10/10 positive, 14/10 negative
Do these records refer to the same thing?
(y)es / (n)o / (u)nsure / (f)inished / (p)revious
firstname : pablo
lastname : ramirez
middlename : c
year : 2011
yeardiff_larger_than_0 : 2011
year_papertitle : ((2011, 'book review of bicultural parent engagement advocacy and empowerment'), (2012, 'latina teacher agency in public schools love tensions and perseverance'), (2013, 'an interview with alma flor ada'), (2014, 'bridging bilingual and special education opportunities for transformative change in teacher preparation programs'), (2014, 'engaging culturally and linguistically diverse youth through performance poetry'), (2014, 'secondary english learners strengthening their literacy skills through culturally responsive teaching'), (2015, 'the intersectionality of culturally responsive teaching and performance poetry validating secondary latino youth and their community'), (2016, 'critical multicultural citizenship education student engagement toward building an equitable society'), (2016, 'introduction to the special issue the intersectionality of border pedagogy and secondary education'), (2016, 'the intersectionality of border pedagogy and latino a youth enacting border pedagogy in multiple spaces'))
keywords : frozenset({'economic growth', 'law', 'mathematics education', 'gender studies', 'literature', 'pedagogy', 'internal medicine'})

firstname : pablo
lastname : ramirez
middlename : alfonso
year : 2003
yeardiff_larger_than_0 : 2003
year_papertitle : ((2003, 'borderlands ethics visions of incorporation in chicana o fiction'),)
keywords : frozenset({'law', 'epistemology', 'political economy', 'humanities', 'gender studies', 'literature', 'aesthetics'})

10/10 positive, 15/10 negative
Do these records refer to the same thing?
(y)es / (n)o / (u)nsure / (f)inished / (p)revious
firstname : deborah
lastname : lustig
middlename : freedman
year : 1997
yeardiff_larger_than_0 : 1997
year_papertitle : ((1997, 'of kwanzaa cinco de mayo and whispering the need for intercultural education'), (2004, 'baby pictures family consumerism and exchange among teen mothers in the usa'))
keywords : frozenset({'pedagogy', 'anthropology', 'social psychology', 'art history', 'public economics', 'gender studies', 'aesthetics'})

firstname : deborah
lastname : lustig
middlename : freedman
year : 1997
yeardiff_larger_than_0 : 1997
year_papertitle : ((1997, 'in and out of school school age mothers in urban california negotiate parenthood class gender and race ethnicity'),)
keywords : frozenset({'medical education', 'anthropology', 'social psychology', 'developmental psychology', 'gender studies', 'clinical psychology'})

10/10 positive, 16/10 negative
Do these records refer to the same thing?
(y)es / (n)o / (u)nsure / (f)inished / (p)revious
firstname : jameson
lastname : watts
middlename : k m
year : 2014
yeardiff_larger_than_0 : 2014
year_papertitle : ((2014, 'supple networks preferential attachment by diversity in nascent social graphs'), (2015, 'social visibility and the gifting of digital goods'), (2016, 'when online visibility deters social interaction the case of digital gifts'), (2018, 'redefining the market a treatise on exchange and shared understanding'), (2018, 'trend spotting using text analysis to model market dynamics'), (2019, 'the downside of prominence in a network of marketing alliances'), (2020, 'board of director compensation in china it pays to be connected'), (2020, 'language consistency and stock market trading volume'), (2021, 'uncovering the sources of machine learning mistakes in advertising contextual bias in the evaluation of semantic relatedness'))
keywords : frozenset({'computer network', 'social psychology', 'public relations', 'artificial intelligence', 'industrial organization', 'world wide web', 'data science'})

firstname : jameson
lastname : watts
middlename : k m
year : 2015
yeardiff_larger_than_0 : 2015
year_papertitle : ((2015, 'language consistency and exchange market reactions to change in the distribution of field level information'),)
keywords : frozenset({'marketing', 'law', 'epistemology', 'social psychology', 'media studies', 'positive economics', 'industrial organization'})

11/10 positive, 16/10 negative
Do these records refer to the same thing?
(y)es / (n)o / (u)nsure / (f)inished / (p)revious
firstname : dara
lastname : murray
middlename : persis
year : 2013
yeardiff_larger_than_0 : 2013
year_papertitle : ((2013, 'kate moss icon of postfeminist disorder'), (2015, 'this is what was birthed motherhood and postfeminist self branding in tyra banks brand'))
keywords : frozenset({'computer graphics images', 'epistemology', 'social psychology', 'political economy', 'gender studies', 'literature', 'aesthetics'})

firstname : dara
lastname : murray
middlename : persis
year : 2015
yeardiff_larger_than_0 : 2015
year_papertitle : ((2015, 'love our bodies love ourselves the politics of beauty in consumer and digital cultures'),)
keywords : frozenset({'economic growth', 'multimedia', 'anthropology', 'epistemology', 'social psychology', 'public relations', 'media studies', 'gender studies', 'aesthetics'})

11/10 positive, 16/10 negative
Do these records refer to the same thing?
(y)es / (n)o / (u)nsure / (f)inished / (p)revious
firstname : ryan
lastname : kilmer
middlename : p
year : 2002
yeardiff_larger_than_0 : 2002
year_papertitle : ((2002, 'positive psychology some plusses and some open issues'), (2004, 'evaluating systems of care missing links in children s mental health research'), (2005, 'assessing strengths resilience and growth to guide clinical interventions'), (2006, 'an exploratory study of posttraumatic growth in children following a natural disaster'), (2006, 'posttraumatic irritability and related factors'), (2006, 'use of the neuropsychiatric inventory in traumatic brain injury a pilot investigation'), (2007, 'examining posttraumatic growth among japanese university students'), (2008, 'postraumatic growth in youth following disasters'), (2008, 'siblings of children with severe emotional disturbances risks resources and adaptation'), (2009, 'use of the revised posttraumatic growth inventory for children'))
keywords : frozenset({'social psychology', 'medical emergency', 'psychiatry', 'public relations', 'developmental psychology', 'nursing', 'clinical psychology'})

firstname : ryan
lastname : kilmer
middlename : patrick
year : 1999
yeardiff_larger_than_0 : 1999
year_papertitle : ((1999, 'a microanalysis of developmental parenting and family milieu variables that differentiate stress resilient and stress affected children'),)
keywords : frozenset({'demography', 'chromatography', 'developmental psychology', 'gerontology', 'statistics', 'clinical psychology'})

12/10 positive, 16/10 negative
Do these records refer to the same thing?
(y)es / (n)o / (u)nsure / (f)inished / (p)revious
firstname : antonio
lastname : alarcon
middlename : v menendez
year : 1985
yeardiff_larger_than_0 : 1985
year_papertitle : ((1985, 'ciencia tecnica y sociedad'), (1985, 'relaciones norte sur y materias primas'))
keywords : frozenset({'humanities'})

firstname : antonio
lastname : alarcon
middlename : v menendez
year : 1991
yeardiff_larger_than_0 : 1991
year_papertitle : ((1991, 'power and television the dominican case'),)
keywords : frozenset({'pedagogy', 'law', 'public relations', 'political economy', 'ecology'})

13/10 positive, 16/10 negative
Do these records refer to the same thing?
(y)es / (n)o / (u)nsure / (f)inished / (p)revious
firstname : kristina
lastname : sheeler
middlename : horn
year : 2004
yeardiff_larger_than_0 : 2004
year_papertitle : ((2004, 'voices about choices the role of female networks in affirming life choices in the academy'), (2010, 'beauty queens and unruly women in the year of the woman governor jennifer granholm and the visibility of leadership'))
keywords : frozenset({'pedagogy', 'law', 'political economy', 'public relations', 'gender studies', 'literature', 'aesthetics'})

firstname : kristina
lastname : sheeler
middlename : kay horn
year : 2000
yeardiff_larger_than_0 : 2000
year_papertitle : ((2000, 'women s public discourse and the gendering of leadership culture ann richards and christine todd whitman negotiate the governorship'),)
keywords : frozenset({'literature', 'law', 'social science', 'gender studies', 'political economy', 'aesthetics'})

13/10 positive, 17/10 negative
Do these records refer to the same thing?
(y)es / (n)o / (u)nsure / (f)inished / (p)revious
firstname : judith
lastname : weisinger
middlename : y
year : 1995
yeardiff_larger_than_0 : 1995
year_papertitle : ((1995, 'toward a method of exposing hidden assumptions in multicultural conflict'), (2000, 'cultural knowing as practicing extending our conceptions of culture'), (2001, 'a national longitudinal analysis of women s representation in private sector economic development organizations'), (2001, 'e notes web based diversity resources for learning and teaching cultural competence'), (2002, 'situating culture in the global information sector'))
keywords : frozenset({'economic growth', 'law', 'epistemology', 'social psychology', 'public relations', 'pedagogy', 'knowledge management'})

firstname : judith
lastname : weisinger
middlename : yvonne
year : 1996
yeardiff_larger_than_0 : 1996
year_papertitle : ((1996, 'conceptualizing cross cultural understanding a grounded theory approach'),)
keywords : frozenset({'epistemology', 'social psychology', 'cognitive science', 'gender studies', 'pedagogy', 'nursing'})

13/10 positive, 17/10 negative
Do these records refer to the same thing?
(y)es / (n)o / (u)nsure / (f)inished / (p)revious
firstname : william
lastname : smith
middlename : a
year : 1998
yeardiff_larger_than_0 : 1998
year_papertitle : ((1998, 'gender and racial ethnic differences in the affirmative action attitudes of u s college students'), (2002, 'the racial crisis in american higher education continuing challenges for the twenty first century'), (2004, 'assessment of coronal microleakage of three materials used in endodontically treated teeth'), (2005, 'experiencing community through the eyes of young female offenders'))
keywords : frozenset({'economic growth', 'law', 'criminology', 'demography', 'social psychology', 'gender studies', 'pedagogy'})

firstname : william
lastname : smith
middlename : a
year : 2001
yeardiff_larger_than_0 : 2001
year_papertitle : ((2001, 'parental involvement in schools a phenomenological study of four high schools in a rural east tennessee county'),)
keywords : frozenset({'medical education', 'mathematics education', 'public relations', 'developmental psychology', 'pedagogy', 'nursing'})

14/10 positive, 17/10 negative
Do these records refer to the same thing?
(y)es / (n)o / (u)nsure / (f)inished / (p)revious
firstname : jennifer
lastname : chun
middlename : jihye
year : 2009
yeardiff_larger_than_0 : 2009
year_papertitle : ((2009, 'organizing at the margins the symbolic politics of labor in south korea and the united states'), (2010, 'gender and labour in korea and japan sexing class edited by ruth barraclough and elyssa faison new york routledge 2009 xi 160 pp 130 00 cloth'), (2012, 'instantaneous mass profiling of live cells via live cell interferometry'), (2012, 'one alliance two lenses u s korea relations in a new era by gi wook shin stanford calif stanford university press 2010 xv 276 pp 65 00 cloth 22 95 paper'), (2012, 'rapidly quantifying drug sensitivity of dispersed and clumped breast cancer cells by mass profiling'), (2013, 'biophysical characterization of pluripotent stem cell mass accumulation rate and intracolony motion'), (2013, 'intersectionality as a social movement strategy asian immigrant women advocates'), (2013, 'quantification of biomass and cell motion in human pluripotent stem cell colonies'), (2014, 'introduction gender and politics in contemporary korea'), (2015, 'language travels and global aspirations of korean youth'))
keywords : frozenset({'law', 'social science', 'cell biology', 'optics', 'gender studies', 'political economy', 'pedagogy'})

firstname : jennifer
lastname : chun
middlename : jee hae
year : 2006
yeardiff_larger_than_0 : 2006
year_papertitle : ((2006, 'the symbolic politics of labor transforming employment relations in south korea and the united states'),)
keywords : frozenset({'labour economics', 'law', 'political economy', 'literature', 'knowledge management', 'nursing'})

14/10 positive, 17/10 negative
Do these records refer to the same thing?
(y)es / (n)o / (u)nsure / (f)inished / (p)revious
firstname : gladys
lastname : schrynemakers
middlename : palma de
year : 2011
yeardiff_larger_than_0 : 2011
year_papertitle : ((2011, 'a case among cases'), (2011, 'conservation experimentation innovation and model honors programs'), (2011, 'lessons from constructivist theories open source technology and student learning'), (2013, 'creating a digital learning community for undergraduate minority science majors'), (2014, 'how digital media like ted talks are revolutionizing teaching and student learning'))
keywords : frozenset({'multimedia', 'law', 'monetary economics', 'social psychology', 'mathematics education', 'public relations', 'pedagogy'})

firstname : gladys
lastname : schrynemakers
middlename : g palma de
year : 2002
yeardiff_larger_than_0 : 2002
year_papertitle : ((2002, 'the ontology of difference a phenomenological study of the narratives of three women'),)
keywords : frozenset({'epistemology', 'social psychology', 'public relations', 'gender studies', 'literature', 'ecology'})

15/10 positive, 17/10 negative
Do these records refer to the same thing?
(y)es / (n)o / (u)nsure / (f)inished / (p)revious
firstname : kathleen
lastname : bergquist
middlename : ja sook
year : 2003
yeardiff_larger_than_0 : 2003
year_papertitle : ((2003, 'caucasian parents and korean adoptees a survey of parents perceptions'), (2004, 'born in china'), (2005, 'student behavior in the virtual environment using web based quizzes to promote student learning'), (2009, 'operation babylift or babyabduction implications of the hague convention on the humanitarian evacuation and rescue of children'))
keywords : frozenset({'law', 'mathematics education', 'economy', 'public administration', 'gynecology', 'public economics', 'gender studies'})

firstname : kathleen
lastname : bergquist
middlename : leilani ja sook
year : 2000
yeardiff_larger_than_0 : 2000
year_papertitle : ((2000, 'racial identity ethnic identity and acculturation in korean adoptees'),)
keywords : frozenset({'combinatorics', 'demography', 'social psychology', 'media studies', 'developmental psychology', 'gender studies', 'clinical psychology'})

15/10 positive, 18/10 negative
Do these records refer to the same thing?
(y)es / (n)o / (u)nsure / (f)inished / (p)revious
firstname : mikaila
lastname : arthur
middlename : mariel lemonik
year : 2004
yeardiff_larger_than_0 : 2004
year_papertitle : ((2004, 'book review a history of bisexuality by steven angelides university of chicago press chicago illinois 2001 279 pp 20 00 paper 50 00 cloth by steven angelides university of chicago press chicago illinois 2001 279 pp 20 00 paper 50 00 cloth'), (2007, 'book review teaching about asian pacific americans effective activities strategies and assignments for classrooms and communities'))
keywords : frozenset({'art history', 'media studies', 'political economy', 'pedagogy', 'physical therapy'})

firstname : mikaila
lastname : arthur
middlename : mariel lemonik
year : 2007
yeardiff_larger_than_0 : 2007
year_papertitle : ((2007, 'getting away from the basics competing explanations for curricular change'),)
keywords : frozenset({'engineering ethics', 'anthropology', 'mathematics education', 'public relations', 'library science', 'gender studies', 'pedagogy', 'knowledge management'})

16/10 positive, 18/10 negative
Do these records refer to the same thing?
(y)es / (n)o / (u)nsure / (f)inished / (p)revious
firstname : jennifer
lastname : martin
middlename : r
year : 2010
yeardiff_larger_than_0 : 2010
year_papertitle : ((2010, 'the newly embedded librarian pharmacy information liaison service'), (2010, 'us pharmacists effect as team members on patient care systematic review and meta analyses'), (2011, 'effectiveness of a liaison program in meeting information needs of college of pharmacy faculty'), (2012, 'a 5 year analysis of peer reviewed journal article publications of pharmacy practice faculty members'), (2013, 'geriatric patient care by u s pharmacists in healthcare teams systematic review and meta analyses'), (2014, 'economic evaluation of primary prophylaxis using filgrastim versus pegfilgrastim in patients with solid tumor cancer a systematic literature review'), (2014, 'effect of epinephrine on survival after cardiac arrest a systematic review and meta analysis'), (2015, 'efficacy of same day vs next day pegfilgrastim for the prevention of chemotherapy induced febrile neutropenia cin fn a meta analysis'), (2016, 'a systematic review of extramural presentations and publications from pharmacy student research programs'), (2016, 'comparative effectiveness and safety of novel oral anticoagulants noacs versus vitamin k antagonists vka in atrial fibrillation a meta analysis of observational studies'))
keywords : frozenset({'medical education', 'intensive care medicine', 'library science', 'family medicine', 'knowledge management', 'nursing', 'internal medicine'})

firstname : jennifer
lastname : martin
middlename : l
year : 2005
yeardiff_larger_than_0 : 2005
year_papertitle : ((2005, 'peer sexual harassment finding voice changing culture'),)
keywords : frozenset({'social psychology', 'psychiatry', 'developmental psychology', 'family medicine', 'clinical psychology'})

16/10 positive, 18/10 negative
Do these records refer to the same thing?
(y)es / (n)o / (u)nsure / (f)inished / (p)revious
firstname : zieva
lastname : konvisser
middlename : dauber
year : 2017
yeardiff_larger_than_0 : 2017
year_papertitle : ((2017, 'exoneree engagement in policy reform work an exploratory study of the innocence movement policy reform process'), (2020, 'from liminality to communitas the collective dimensions of transformative learning'))
keywords : frozenset({'marketing', 'law', 'criminology', 'pedagogy', 'epistemology', 'social psychology', 'aesthetics'})

firstname : zieva
lastname : konvisser
middlename : lynn dauber
year : 2006
yeardiff_larger_than_0 : 2006
year_papertitle : ((2006, 'finding meaning and growth in the aftermath of suffering israeli civilian survivors of suicide bombings and other attacks'),)
keywords : frozenset({'psychotherapist', 'social psychology', 'mathematics education', 'public relations', 'developmental psychology', 'literature', 'physical therapy', 'clinical psychology'})

16/10 positive, 19/10 negative
Do these records refer to the same thing?
(y)es / (n)o / (u)nsure / (f)inished / (p)revious
firstname : kelly
lastname : moore
middlename : None
year : 2005
yeardiff_larger_than_0 : 2005
year_papertitle : ((2005, 'designing responsive curriculum planning lessons that work'), (2006, 'linking literacy teaching with assessment a continuing professional development initiative for secondary schools'))
keywords : frozenset({'mathematics education', 'control theory', 'computational science', 'public relations', 'pedagogy', 'physical therapy', 'operations management', 'industrial organization', 'internal medicine'})

firstname : kelly
lastname : moore
middlename : conroy
year : 2002
yeardiff_larger_than_0 : 2002
year_papertitle : ((2002, 'the effectiveness of solution focused therapy on students with school related behavioral problems'),)
keywords : frozenset({'medical education', 'law', 'developmental psychology', 'statistics', 'family medicine', 'nursing', 'clinical psychology', 'physical therapy'})

16/10 positive, 20/10 negative
Do these records refer to the same thing?
(y)es / (n)o / (u)nsure / (f)inished / (p)revious
firstname : dennis
lastname : grady
middlename : o
year : 1986
yeardiff_larger_than_0 : 1986
year_papertitle : ((1986, 'state and local government administration public administration policy series vol 28 edited by jack rabin and don dodd new york mercel dekker 1985 pp 464 39 75'), (1988, 'economic development and administrative power theory a comparative analysis of state development agencies'), (1989, 'governors and economic development policy the perception of their role and the reality of their influence'), (1993, 'managing the states personnel systems the actors orientations and issues'))
keywords : frozenset({'economic growth', 'law', 'social psychology', 'public administration', 'public relations', 'public economics', 'computer hardware'})

firstname : dennis
lastname : grady
middlename : patrick
year : 1997
yeardiff_larger_than_0 : 1997
year_papertitle : ((1997, 'conversational strategies for detecting deception an analysis of parent adolescent child interactions'),)
keywords : frozenset({'applied psychology', 'social psychology', 'public relations', 'developmental psychology', 'linguistics', 'genealogy'})

16/10 positive, 20/10 negative
Do these records refer to the same thing?
(y)es / (n)o / (u)nsure / (f)inished / (p)revious
firstname : alison
lastname : gottlieb
middlename : None
year : 2000
yeardiff_larger_than_0 : 2000
year_papertitle : ((2000, 'grandfamilies house an innovative approach to adressing needs of custodial grandparents'), (2007, 'language barriers surrounding medication use among older latinos'))
keywords : frozenset({'medical education', 'epistemology', 'social psychology', 'developmental psychology', 'family medicine', 'programming language', 'nursing'})

firstname : alison
lastname : gottlieb
middlename : stokes
year : 1993
yeardiff_larger_than_0 : 1993
year_papertitle : ((1993, 'single mothers raising a child with developmental disabilities a study of hope'),)
keywords : frozenset({'marketing', 'demography', 'social psychology', 'developmental psychology', 'pedagogy', 'clinical psychology'})

16/10 positive, 21/10 negative
Do these records refer to the same thing?
(y)es / (n)o / (u)nsure / (f)inished / (p)revious
firstname : robert
lastname : biggert
middlename : None
year : 1999
yeardiff_larger_than_0 : 1999
year_papertitle : ((1999, 'region and political opinion in the contemporary united states'),)
keywords : frozenset({'social psychology', 'religious studies', 'gender studies', 'political economy', 'demographic economics', 'industrial organization', 'development economics'})

firstname : robert
lastname : biggert
middlename : None
year : 1992
yeardiff_larger_than_0 : 1992
year_papertitle : ((1992, 'the political economy of american labor policy 1897 1980 a test of five theories'),)
keywords : frozenset({'marketing', 'law', 'monetary economics', 'neoclassical economics', 'social psychology', 'political economy', 'positive economics', 'public economics', 'microeconomics', 'classical economics'})

16/10 positive, 21/10 negative
Do these records refer to the same thing?
(y)es / (n)o / (u)nsure / (f)inished / (p)revious
firstname : katherine
lastname : skinner
middlename : None
year : 2005
yeardiff_larger_than_0 : 2005
year_papertitle : ((2005, 'free culture and the digital library symposium proceedings 2005'), (2008, 'metaarchive lockss distributed preservation networks'), (2008, 'strategies for sustaining digital libraries'), (2009, 'the metaarchive cooperative a collaborative approach to distributed digital preservation'), (2010, 'economics sustainability and the cooperative model in digital preservation'), (2010, 'preserving our collections preserving our missions'), (2011, 'new roles for new times digital curation for preservation'))
keywords : frozenset({'law', 'public relations', 'library science', 'literature', 'knowledge management', 'world wide web', 'data science'})

firstname : katherine
lastname : skinner
middlename : moore
year : 1991
yeardiff_larger_than_0 : 1991
year_papertitle : ((1991, 'assessing the contribution of the informal caregiving network to hospitalization and length of stay among frail elderly'),)
keywords : frozenset({'internal medicine', 'demography', 'psychiatry', 'gerontology', 'family medicine', 'clinical psychology'})

16/10 positive, 21/10 negative
Do these records refer to the same thing?
(y)es / (n)o / (u)nsure / (f)inished / (p)revious
firstname : miles
lastname : kimball
middlename : None
year : 2004
yeardiff_larger_than_0 : 2004
year_papertitle : ((2004, 'the early novels of benjamin disraeli'), (2005, 'database e portfolio systems a critical appraisal'), (2006, 'cars culture and tactical technical communication'), (2006, 'london through rose colored graphics visual rhetoric and information graphic design in charles booth s maps of london poverty'), (2007, 'digital media revisited theoretical and conceptual innovation in digital domains edited by gunnar liestol andrew morrison and terje rasmussen cambridge ma mit press 2003 554 pp'), (2009, 'book reviews resources in technical communication outcomes and approaches letting go of the words writing web content that works'))
keywords : frozenset({'multimedia', 'mathematics education', 'engineering management', 'public relations', 'literature', 'knowledge management', 'world wide web'})

firstname : miles
lastname : kimball
middlename : andrew
year : 1997
yeardiff_larger_than_0 : 1997
year_papertitle : ((1997, 'woman and the loss of representation responses to the new philology in victorian fiction'),)
keywords : frozenset({'literature', 'anthropology', 'epistemology', 'classics', 'art history', 'gender studies', 'computer graphics images', 'aesthetics'})

16/10 positive, 22/10 negative
Do these records refer to the same thing?
(y)es / (n)o / (u)nsure / (f)inished / (p)revious
firstname : shantih
lastname : clemans
middlename : e
year : 2012
yeardiff_larger_than_0 : 2012
year_papertitle : ((2012, 'the lost boyz a dark side of graffiti by rollins j'),)
keywords : frozenset({'media studies', 'art history', 'visual arts', 'social psychology'})

firstname : shantih
lastname : clemans
middlename : e
year : 1999
yeardiff_larger_than_0 : 1999
year_papertitle : ((1999, 'in the face of violence rape crisis workers talk about their lives'),)
keywords : frozenset({'criminology', 'social psychology', 'environmental resource management', 'social science', 'public relations', 'gender studies', 'political economy', 'clinical psychology'})

16/10 positive, 22/10 negative
Do these records refer to the same thing?
(y)es / (n)o / (u)nsure / (f)inished / (p)revious
firstname : patricia
lastname : norris
middlename : e
year : 1983
yeardiff_larger_than_0 : 1983
year_papertitle : ((1983, 'soil conservation and water quality improvement what farmers think'), (1987, 'virginia farmers soil conservation decisions an application of tobit analysis'), (1988, 'a case study of investment in agricultural sustainability adoption and policy issues for nitrogen pollution control in the chesapeake bay drainage'))
keywords : frozenset({'law', 'environmental planning', 'hydrology', 'finance', 'agricultural economics', 'water resource management', 'environmental engineering'})

firstname : patricia
lastname : norris
middlename : ann castle
year : 1998
yeardiff_larger_than_0 : 1998
year_papertitle : ((1998, 'retirement life satisfaction and pet ownership please don t take my sunshine away'),)
keywords : frozenset({'marketing', 'demography', 'social psychology', 'gerontology', 'developmental psychology', 'demographic economics', 'clinical psychology'})

16/10 positive, 23/10 negative
Do these records refer to the same thing?
(y)es / (n)o / (u)nsure / (f)inished / (p)revious
firstname : jaye
lastname : whitehead
middlename : cee
year : 2010
yeardiff_larger_than_0 : 2010
year_papertitle : ((2010, 'sisters outside radical activists working for women prisoners'), (2011, 'risk marriage and neoliberal governance learning from the unwillingly excluded'), (2012, 'reluctant gatekeepers trans positive practitioners and the social construction of sex and gender'), (2013, 'one marriage under god the campaign to promote marriage in america'), (2013, 'sexuality and the ethics of body modification theorizing the situated relationships among gender sexuality and the body'), (2015, 'the tolerance trap how god genes and good intentions are sabotaging gay equality'))
keywords : frozenset({'literature', 'social psychology', 'public relations', 'gender studies', 'political economy', 'aesthetics', 'clinical psychology'})

firstname : jaye
lastname : whitehead
middlename : cee
year : 2007
yeardiff_larger_than_0 : 2007
year_papertitle : ((2007, 'tying the knot marriage and governance in the contemporary united states'),)
keywords : frozenset({'economic growth', 'criminology', 'law and economics', 'political economy', 'accounting', 'psychiatry', 'positive economics', 'development economics', 'internal medicine'})

16/10 positive, 24/10 negative
Do these records refer to the same thing?
(y)es / (n)o / (u)nsure / (f)inished / (p)revious
firstname : tarrell
lastname : portman
middlename : awe agahe
year : 2001
yeardiff_larger_than_0 : 2001
year_papertitle : ((2001, 'debunking the pocahontas paradox the need for a humanistic perspective'), (2002, 'the opportunity was there a qualitative study of early entrant school counselors general features'), (2003, 'how entry level assistant professors master the art and science of successful scholarship'), (2004, 'critical issues of literature on counseling international students'), (2005, 'beloved women nurturing the sacred fire of leadership from an american indian perspective'), (2006, 'native american healing traditions'), (2006, 'professional school counselors approaches to technology'), (2006, 'self management of career development intentionality for counselor educators in training'))
keywords : frozenset({'medical education', 'anthropology', 'epistemology', 'ethnology', 'public relations', 'gender studies', 'pedagogy'})

firstname : tarrell
lastname : portman
middlename : awe agahe
year : 1999
yeardiff_larger_than_0 : 1999
year_papertitle : ((1999, 'differences between level of acculturation world view and sex role attributes of native american indian women by age and selected tribal affiliations'),)
keywords : frozenset({'marketing', 'demography', 'social psychology', 'developmental psychology', 'gerontology', 'clinical psychology'})

17/10 positive, 24/10 negative
Do these records refer to the same thing?
(y)es / (n)o / (u)nsure / (f)inished / (p)revious
firstname : james
lastname : burke
middlename : r
year : 1982
yeardiff_larger_than_0 : 1982
year_papertitle : ((1982, 'studies on the function of the non primer trnas associated with the 70 s rna of avian myeloblastosis virus'),)
keywords : frozenset({'biochemistry', 'crystallography', 'nuclear medicine', 'genetics'})

firstname : james
lastname : burke
middlename : william
year : 1989
yeardiff_larger_than_0 : 1989
year_papertitle : ((1989, 'parent adolescent relationships and family systems functioning'),)
keywords : frozenset({'internal medicine', 'demography', 'social psychology', 'agronomy', 'mathematics education', 'developmental psychology', 'gerontology', 'clinical psychology'})

18/10 positive, 24/10 negative
Do these records refer to the same thing?
(y)es / (n)o / (u)nsure / (f)inished / (p)revious
firstname : rebecca
lastname : goolsby
middlename : None
year : 2005
yeardiff_larger_than_0 : 2005
year_papertitle : ((2005, 'ethics and defense agency funding some considerations'), (2006, 'combating terrorist networks an evolutionary approach'), (2007, 'social network analysis measuring tools structures and dynamics'), (2010, 'social media as crisis platform the future of community maps crisis maps'), (2011, 'harnessing the crowdsourcing power of social media for disaster relief'), (2011, 'social computing and cultural modeling guest editor s introduction'), (2012, 'lifting elephants from data to model'))
keywords : frozenset({'engineering ethics', 'management science', 'public relations', 'political economy', 'knowledge management', 'world wide web', 'data science'})

firstname : rebecca
lastname : goolsby
middlename : lynn
year : 1994
yeardiff_larger_than_0 : 1994
year_papertitle : ((1994, 'women work and family in a northeastern thai provincial capital'),)
keywords : frozenset({'economic growth', 'social psychology', 'economic policy', 'public relations', 'gender studies', 'genealogy', 'demographic economics'})

18/10 positive, 25/10 negative
Do these records refer to the same thing?
(y)es / (n)o / (u)nsure / (f)inished / (p)revious
firstname : so
lastname : lim
middlename : youn
year : 2010
yeardiff_larger_than_0 : 2010
year_papertitle : ((2010, 'effects of cultural exposure through pre event media'), (2011, 'sport participation across national contexts a multilevel investigation of individual and systemic influences on adult sport participation'), (2012, 'the impact of world cup 2002 on the bilateral relationship between south korea and japan'), (2015, 'examining women s experiences of sport participation and dis empowerment'))
keywords : frozenset({'economic growth', 'marketing', 'applied psychology', 'social psychology', 'social science', 'gender studies', 'nursing'})

firstname : sooyin
lastname : lim
middlename : None
year : 1995
yeardiff_larger_than_0 : 1995
year_papertitle : ((1995, 'parent involvement in head start parent and professional perspectives on parents roles'),)
keywords : frozenset({'medical education', 'applied psychology', 'social psychology', 'developmental psychology', 'nursing'})

18/10 positive, 26/10 negative
Do these records refer to the same thing?
(y)es / (n)o / (u)nsure / (f)inished / (p)revious
firstname : mario
lastname : torres
middlename : s
year : 2003
yeardiff_larger_than_0 : 2003
year_papertitle : ((2003, 'the demographics of justice student searches student rights and administrator practices'), (2004, 'best interests of students left behind exploring the ethical and legal dimensions of united states federal involvement in public school improvement'), (2006, 'assessing columbine s impact on students fourth amendment case outcomes implications for administrative discretion and decision making'), (2007, 'students fourth amendment rights and the federal judgeship examining the link between political appointments and case outcomes'), (2007, 'the odden high school fiasco examining the intersection of race class and values in rural school leadership and policy'), (2008, 'administrator perceptions of school improvement policies in a high impact policy setting'), (2008, 'exploring the link between school leadership preparation and practice an analysis of former students impressions on the relevance of their doctoral experience at six elite institutions'), (2008, 'investigating fourth amendment judicial outcomes across contrasting minority school settings subjectivity in disciplinary decision making in diverse settings'), (2008, 'students reflections on the relevance and quality of highly ranked doctoral programs in educational administration beacons of leadership preparation'), (2008, 'the degree to which school and community factors shape perceptions of no pass no play among high school coaches in texas implications for policy selection'))
keywords : frozenset({'law', 'social psychology', 'mathematics education', 'public administration', 'public relations', 'political economy', 'pedagogy'})

firstname : marie
lastname : torres
middlename : susan
year : 1995
yeardiff_larger_than_0 : 1995
year_papertitle : ((1995, 'accessibility and effectiveness of home and community based long term care services used by latino elderly'),)
keywords : frozenset({'law', 'public administration', 'public relations', 'developmental psychology', 'gerontology', 'public economics', 'nursing', 'internal medicine'})

18/10 positive, 27/10 negative
Do these records refer to the same thing?
(y)es / (n)o / (u)nsure / (f)inished / (p)revious
firstname : lenna
lastname : nepomnyaschy
middlename : None
year : 2004
yeardiff_larger_than_0 : 2004
year_papertitle : ((2004, 'sources of support child care and hardship among unwed mothers 1999 2001'), (2005, 'in hospital paternity establishment and father involvement in fragile families'), (2005, 'intrapartum fever and newborn complications'), (2005, 'the effect of intrapartum fever on early childhood behavior'), (2006, 'low birthweight and asthma among young urban children'), (2007, 'a cross national comparison of racial and ethnic disparities in low birth weight in the united states and england'), (2007, 'child and family outcomes in new york and tel aviv using social indicators in a city level comparative analysis'), (2007, 'child support and father child contact testing reciprocal pathways'), (2007, 'child support fatherhood and marriage findings from the first 5 years of the fragile families and child wellbeing study'), (2007, 'paternity leave and fathers involvement with their young children'))
keywords : frozenset({'economic growth', 'law', 'demography', 'pediatrics', 'social psychology', 'medical emergency', 'developmental psychology'})

firstname : lenna
lastname : nepomnyaschy
middlename : None
year : 2003
yeardiff_larger_than_0 : 2003
year_papertitle : ((2003, 'the effects of child support enforcement on the lives of fragile families'),)
keywords : frozenset({'economic growth', 'computer network', 'law', 'demography', 'developmental psychology', 'public economics', 'demographic economics'})

18/10 positive, 27/10 negative
Do these records refer to the same thing?
(y)es / (n)o / (u)nsure / (f)inished / (p)revious
firstname : robert
lastname : morgan
middlename : l
year : 1988
yeardiff_larger_than_0 : 1988
year_papertitle : ((1988, 'restrictiveness of procedures to decrease behavior views of school psychologists administrators teachers and specialists'), (1989, 'judgments of restrictiveness social acceptability and usage review of research on procedures to decrease behavior'), (1989, 'videodisc technology in teacher preparation advantages and limitations'), (1990, 'an inservice training model to encourage collaborative consultation'), (1991, 'current transition assessment practices'), (1991, 'regulating behavioral procedures for individuals with handicaps review of state department standards'), (1992, 'effects of video assisted training on employment related social skills of adults with severe mental retardation'), (1992, 'quality of rehabilitation services to adults with developmental disabilities one fundamentalimpediment'), (1992, 'quality of vocational outcomes for adults with disabilities'), (1992, 'transition from school to work views of secondary special educators'))
keywords : frozenset({'medical education', 'social psychology', 'mathematics education', 'public relations', 'developmental psychology', 'pedagogy', 'physical therapy'})

firstname : robert
lastname : morgan
middlename : murray
year : 1991
yeardiff_larger_than_0 : 1991
year_papertitle : ((1991, 'relationship commitment and trust in marketing'),)
keywords : frozenset({'marketing', 'social psychology', 'public relations', 'public economics', 'microeconomics'})

19/10 positive, 27/10 negative
Do these records refer to the same thing?
(y)es / (n)o / (u)nsure / (f)inished / (p)revious
firstname : paul
lastname : fyfe
middlename : None
year : 2009
yeardiff_larger_than_0 : 2009
year_papertitle : ((2009, '2008 vanarsdel prize graduate student essay the random selection of victorian new media'), (2009, 'random selection of victorian new media'), (2010, 'accidents of a novel trade industrial catastrophe fire insurance and mary barton'), (2011, 'digital pedagogy unplugged'), (2011, 'how to not read a victorian novel'), (2012, 'electronic errata digital publishing open review and the futures of correction'), (2013, 'illustrating the accident'), (2013, 'illustrating the accident railways and the catastrophic picturesque in the illustrated london news'), (2013, 'the scholarly monograph unbound'), (2014, 'accidental death lizzie siddal and the poetics of the coroner s inquest'))
keywords : frozenset({'forensic engineering', 'law', 'epistemology', 'media studies', 'literature', 'pedagogy', 'financial economics'})

firstname : paul
lastname : fyfe
middlename : camm
year : 2009
yeardiff_larger_than_0 : 2009
year_papertitle : ((2009, 'the accidental muse chance and early victorian metropolitan literature'),)
keywords : frozenset({'anthropology', 'epistemology', 'mathematics education', 'transport engineering', 'surgery', 'literature', 'aesthetics'})

19/10 positive, 28/10 negative
Do these records refer to the same thing?
(y)es / (n)o / (u)nsure / (f)inished / (p)revious
Finished labeling
Done in 689.2993866920472 minutes.
