/home/christoph/anaconda3/envs/science-career-tempenv/lib/python3.9/site-packages/numpy/core/getlimits.py:500: UserWarning: The value of the smallest subnormal for <class 'numpy.float64'> type is zero.
  setattr(self, word, getattr(machar, word).flat[0])
/home/christoph/anaconda3/envs/science-career-tempenv/lib/python3.9/site-packages/numpy/core/getlimits.py:89: UserWarning: The value of the smallest subnormal for <class 'numpy.float64'> type is zero.
  return self._float_to_str(self.smallest_subnormal)
/home/christoph/anaconda3/envs/science-career-tempenv/lib/python3.9/site-packages/numpy/core/getlimits.py:500: UserWarning: The value of the smallest subnormal for <class 'numpy.float32'> type is zero.
  setattr(self, word, getattr(machar, word).flat[0])
/home/christoph/anaconda3/envs/science-career-tempenv/lib/python3.9/site-packages/numpy/core/getlimits.py:89: UserWarning: The value of the smallest subnormal for <class 'numpy.float32'> type is zero.
  return self._float_to_str(self.smallest_subnormal)
Namespace(testing=False, verbose=1, field=['computer science'], train_name='christoph_baseline_update', startyear=1985, endyear=2022, mergemode='m:1', recall=0.9, institution='True', fieldofstudy_cat='False', fieldofstudy_str='False', keywords='False', retrain='True', linking_type='advisors')
Have max 6 cores available
Testing is False 

finished setup ... 
firstname : jaswinder
lastname : singh
middlename : pal
year_range : (2008,)
main_us_institutions_year : ((2008, 'princeton university'),)
all_us_institutions_year : ((2008, 'princeton university'),)

firstname : jaswinder
lastname : sing
middlename : pal
year_range : (1997, 2000)
main_us_institutions_year : ((1997, 'princeton university'), (2000, 'princeton university'))
all_us_institutions_year : ((1997, 'princeton university'), (2000, 'princeton university'))

0/10 positive, 0/10 negative
Do these records refer to the same thing?
(y)es / (n)o / (u)nsure / (f)inished

        SELECT relationship_id
                , year
                , year AS year_range
                , firstname 
                , lastname
                , CASE TRIM(SUBSTR(middle_lastname, 1, l_fullname-l_firstname-l_lastname - 1)) 
                    WHEN 
                        "" THEN NULL 
                        ELSE TRIM(SUBSTR(middle_lastname, 1, l_fullname-l_firstname-l_lastname - 1)) 
                    END AS middlename
                , fieldofstudy
                , keywords
                , institution
                , year || "//" || institution as main_us_institutions_year
                , year || "//" || institution as all_us_institutions_year
        FROM (
            SELECT goid
                , relationship_id
                , degree_year AS year 
                , a.fullname 
                , SUBSTR(TRIM(a.fullname),1,instr(trim(a.fullname)||' ',' ')-1) AS firstname
                , REPLACE(a.fullname, RTRIM(a.fullname, REPLACE(a.fullname, " ", "")), "") AS lastname 
                , TRIM(SUBSTR(a.fullname, length(SUBSTR(TRIM(a.fullname),1,instr(trim(a.fullname)||' ',' ')-1)) + 1)) AS middle_lastname 
                , length(a.fullname) AS l_fullname 
                , length(SUBSTR(TRIM(a.fullname),1,instr(trim(a.fullname)||' ',' ')-1) ) AS l_firstname
                , length(REPLACE(a.fullname, RTRIM(a.fullname, REPLACE(a.fullname, " ", "")), "")) AS l_lastname
                , fieldname AS fieldofstudy
                , university_id
            FROM pq_authors 
            INNER JOIN (
                SELECT goid, fieldname 
                FROM pq_fields_mag
                WHERE mag_field0 IN (?)
            ) USING (goid)
            INNER JOIN ( --# NOTE: this only keeps the theses where at least one advisor is present
                SELECT *, firstname || ' ' || lastname AS fullname
                FROM pq_advisors
            ) AS a USING(goid)
        )
        -- ## NOTE: use left join here as not all graduates have advisor (particularly pre-1980) and possibly also keywords
        LEFT JOIN (
            SELECT goid
                , fields as keywords
            FROM pq_info_linking
        ) USING(goid) 
        INNER JOIN (
            SELECT university_id, normalizedname as institution
            FROM pq_unis --## mark: previously we linked advisors anywhere in the world (as career outcomes). for now, focus on US
            WHERE location like "%United States%"
        ) USING(university_id)
        WHERE year >= 1985 and year <= 2022 AND length(firstname) > 1
         


    SELECT f.AuthorId
        , f.year
        , f.YearLastPub
        , f.firstname
        , f.lastname
        , CASE TRIM(SUBSTR(f.middle_lastname, 1, f.l_fullname - f.l_firstname - f.l_lastname - 1)) 
            WHEN 
                "" THEN NULL 
                ELSE TRIM(SUBSTR(f.middle_lastname, 1, f.l_fullname - f.l_firstname - f.l_lastname - 1)) 
            END as middlename 
            -- ## NOTE this gives "" for middlename when it is missing 
        , f.fieldofstudy
        , g.keywords
        , g.coauthors
        , g.institution
        , g.main_us_institutions_year
         
        , f.year || ";" || f.YearLastPub AS year_range 
        , g.all_us_institutions_year
    
    FROM (
        SELECT a.AuthorId
            , a.YearFirstPub AS year
            , a.YearLastPub 
            , a.FirstName AS firstname
            , REPLACE(b.NormalizedName, RTRIM(b.NormalizedName, REPLACE(b.NormalizedName, " ", "")), "") AS lastname 
                    -- https://stackoverflow.com/questions/21388820/how-to-get-the-last-index-of-a-substring-in-sqlite
            , TRIM(SUBSTR(b.NormalizedName, length(a.FirstName) + 1)) AS middle_lastname 
                    -- this gives all except the first name 
            , length(b.NormalizedName) as l_fullname 
            , length(a.FirstName) as l_firstname
            , length(REPLACE(b.NormalizedName, RTRIM(b.NormalizedName, REPLACE(b.NormalizedName, " ", "")), "")) as l_lastname
            , e.NormalizedName AS fieldofstudy
        FROM author_sample AS a
        INNER JOIN (
            SELECT AuthorId, NormalizedName
            FROM Authors
        ) AS b USING(AuthorId)
        INNER JOIN (
            -- ## mark: different from linking graduates. filter on field0
            SELECT AuthorId, NormalizedName
            FROM author_fields c
            INNER JOIN (
                SELECT FieldOfStudyId, NormalizedName
                FROM FieldsOfStudy
            ) AS d USING(FieldOfStudyId)
            WHERE FieldClass = 'main'
                AND FieldOfStudyId IN (?)
        ) AS e USING(AuthorId)
    ) f
    LEFT JOIN (
        SELECT AuthorId
                , main_us_institutions_career as institution
                , coauthors
                , keywords
                , main_us_institutions_year
                , all_us_institutions_year
        FROM author_info_linking
    ) AS g USING(AuthorId)
    
    WHERE length(firstname) > 1 AND f.YearLastPub >= 1985 - 5 AND year <= 2022 + 5 AND institution is not NULL
     

Starting active labeling...
firstname : david
lastname : clark
middlename : None
year_range : (1994,)
main_us_institutions_year : ((1994, 'massachusetts institute of technology'),)
all_us_institutions_year : ((1994, 'massachusetts institute of technology'),)

firstname : david
lastname : clarke
middlename : p
year_range : (2001, 2003)
main_us_institutions_year : ((2001, 'american chemistry council'), (2003, 'american chemistry council'))
all_us_institutions_year : ((2001, 'american chemistry council'), (2003, 'american chemistry council'))

0/10 positive, 0/10 negative
Do these records refer to the same thing?
(y)es / (n)o / (u)nsure / (f)inished / (p)revious
firstname : jaswinder
lastname : singh
middlename : pal
year_range : (2008,)
main_us_institutions_year : ((2008, 'princeton university'),)
all_us_institutions_year : ((2008, 'princeton university'),)

firstname : jaswinder
lastname : sing
middlename : pal
year_range : (1997, 2000)
main_us_institutions_year : ((1997, 'princeton university'), (2000, 'princeton university'))
all_us_institutions_year : ((1997, 'princeton university'), (2000, 'princeton university'))

0/10 positive, 0/10 negative
Do these records refer to the same thing?
(y)es / (n)o / (u)nsure / (f)inished
firstname : david
lastname : clark
middlename : None
year_range : (1994,)
main_us_institutions_year : ((1994, 'massachusetts institute of technology'),)
all_us_institutions_year : ((1994, 'massachusetts institute of technology'),)

firstname : david
lastname : clarke
middlename : p
year_range : (2001, 2003)
main_us_institutions_year : ((2001, 'american chemistry council'), (2003, 'american chemistry council'))
all_us_institutions_year : ((2001, 'american chemistry council'), (2003, 'american chemistry council'))

1/10 positive, 0/10 negative
Do these records refer to the same thing?
(y)es / (n)o / (u)nsure / (f)inished / (p)revious
firstname : joseph
lastname : hartman
middlename : c
year_range : (2007,)
main_us_institutions_year : ((2007, 'lehigh university'),)
all_us_institutions_year : ((2007, 'lehigh university'),)

firstname : joseph
lastname : hart
middlename : d
year_range : (2000, 2020)
main_us_institutions_year : ((2015, 'university of maryland college park'), (2016, 'university of maryland college park'), (2017, 'university of maryland college park'), (2018, 'university of maryland college park'), (2019, 'university of maryland college park'), (2020, 'university of maryland college park'))
all_us_institutions_year : ((2015, 'university of maryland college park'), (2016, 'university of maryland college park'), (2017, 'university of maryland college park'), (2018, 'university of maryland college park'), (2019, 'university of maryland college park'), (2020, 'united states naval research laboratory'), (2020, 'university of maryland college park'))

1/10 positive, 1/10 negative
Do these records refer to the same thing?
(y)es / (n)o / (u)nsure / (f)inished / (p)revious
firstname : david
lastname : hallaron
middlename : o
year_range : (2007,)
main_us_institutions_year : ((2007, 'carnegie mellon university'),)
all_us_institutions_year : ((2007, 'carnegie mellon university'),)

firstname : david
lastname : ohallaron
middlename : r
year_range : (1989, 2015)
main_us_institutions_year : ((1989, 'carnegie mellon university'), (1991, 'carnegie mellon university'), (1993, 'carnegie mellon university'), (1994, 'carnegie mellon university'), (1995, 'carnegie mellon university'), (1996, 'carnegie mellon university'), (1997, 'carnegie mellon university'), (1998, 'carnegie mellon university'), (1999, 'carnegie mellon university'), (2000, 'carnegie mellon university'), (2001, 'carnegie mellon university'), (2002, 'carnegie mellon university'), (2003, 'carnegie mellon university'), (2004, 'carnegie mellon university'), (2005, 'carnegie mellon university'), (2006, 'carnegie mellon university'), (2007, 'carnegie mellon university'), (2008, 'carnegie mellon university'), (2009, 'intel'), (2010, 'intel'), (2010, 'carnegie mellon university'))
all_us_institutions_year : ((1989, 'carnegie mellon university'), (1991, 'carnegie mellon university'), (1993, 'carnegie mellon university'), (1994, 'carnegie mellon university'), (1995, 'carnegie mellon university'), (1996, 'carnegie mellon university'), (1997, 'carnegie mellon university'), (1998, 'carnegie mellon university'), (1999, 'carnegie mellon university'), (2000, 'carnegie mellon university'), (2001, 'carnegie mellon university'), (2002, 'carnegie mellon university'), (2003, 'carnegie mellon university'), (2004, 'carnegie mellon university'), (2005, 'carnegie mellon university'), (2006, 'carnegie mellon university'), (2007, 'carnegie mellon university'), (2008, 'carnegie mellon university'), (2009, 'intel'), (2010, 'carnegie mellon university'), (2010, 'intel'), (2012, 'intel'))

1/10 positive, 2/10 negative
Do these records refer to the same thing?
(y)es / (n)o / (u)nsure / (f)inished / (p)revious
firstname : maxim
lastname : likmachev
middlename : None
year_range : (2017,)
main_us_institutions_year : ((2017, 'carnegie mellon university'),)
all_us_institutions_year : ((2017, 'carnegie mellon university'),)

firstname : maxim
lastname : likhachevy
middlename : None
year_range : (2013, 2015)
main_us_institutions_year : ((2013, 'carnegie mellon university'), (2015, 'carnegie mellon university'))
all_us_institutions_year : ((2013, 'carnegie mellon university'), (2015, 'carnegie mellon university'))

2/10 positive, 2/10 negative
Do these records refer to the same thing?
(y)es / (n)o / (u)nsure / (f)inished / (p)revious
firstname : matthew
lastname : realff
middlename : j
year_range : (2008,)
main_us_institutions_year : ((2008, 'georgia institute of technology'),)
all_us_institutions_year : ((2008, 'georgia institute of technology'),)

firstname : matthew
lastname : reno
middlename : j
year_range : (2012, 2021)
main_us_institutions_year : ((2012, 'georgia institute of technology'), (2013, 'georgia institute of technology'), (2014, 'georgia institute of technology'), (2015, 'sandia national laboratories'), (2016, 'sandia national laboratories'), (2017, 'sandia national laboratories'), (2018, 'sandia national laboratories'), (2019, 'sandia national laboratories'), (2020, 'sandia national laboratories'), (2021, 'sandia national laboratories'))
all_us_institutions_year : ((2012, 'georgia institute of technology'), (2013, 'georgia institute of technology'), (2013, 'office of scientific and technical information'), (2013, 'sandia national laboratories'), (2014, 'georgia institute of technology'), (2015, 'georgia institute of technology'), (2015, 'sandia national laboratories'), (2016, 'sandia national laboratories'), (2017, 'sandia national laboratories'), (2018, 'sandia national laboratories'), (2019, 'sandia national laboratories'), (2020, 'sandia national laboratories'), (2021, 'sandia national laboratories'))

3/10 positive, 2/10 negative
Do these records refer to the same thing?
(y)es / (n)o / (u)nsure / (f)inished / (p)revious
firstname : syed
lastname : mahmud
middlename : masud
year_range : (1995,)
main_us_institutions_year : ((1995, 'wayne state university'),)
all_us_institutions_year : ((1995, 'wayne state university'),)

firstname : syed
lastname : mahmud
middlename : masud
year_range : (1986, 2016)
main_us_institutions_year : ((1986, 'oakland university'), (1988, 'university of rochester'), (1989, 'wayne state university'), (1990, 'wayne state university'), (1991, 'wayne state university'), (1992, 'wayne state university'), (1993, 'wayne state university'), (1994, 'wayne state university'), (1995, 'wayne state university'), (1996, 'wayne state university'), (1998, 'wayne state university'), (2001, 'wayne state university'), (2002, 'wayne state university'), (2003, 'wayne state university'), (2005, 'wayne state university'), (2006, 'wayne state university'), (2007, 'wayne state university'), (2008, 'wayne state university'), (2009, 'wayne state university'), (2010, 'wayne state university'), (2011, 'wayne state university'), (2012, 'wayne state university'), (2016, 'wayne state university'))
all_us_institutions_year : ((1986, 'oakland university'), (1988, 'oakland university'), (1988, 'university of rochester'), (1989, 'wayne state university'), (1990, 'wayne state university'), (1991, 'wayne state university'), (1992, 'wayne state university'), (1993, 'wayne state university'), (1994, 'wayne state university'), (1995, 'ford motor company'), (1995, 'wayne state university'), (1996, 'wayne state university'), (1998, 'wayne state university'), (2001, 'wayne state university'), (2002, 'wayne state university'), (2003, 'wayne state university'), (2004, 'wayne state university'), (2005, 'wayne state university'), (2006, 'wayne state university'), (2007, 'wayne state university'), (2008, 'wayne state university'), (2009, 'wayne state university'), (2010, 'wayne state university'), (2011, 'wayne state university'), (2012, 'wayne state university'), (2016, 'wayne state university'))

3/10 positive, 3/10 negative
Do these records refer to the same thing?
(y)es / (n)o / (u)nsure / (f)inished / (p)revious
firstname : leon
lastname : sterling
middlename : None
year_range : (1996,)
main_us_institutions_year : ((1996, 'case western reserve university'),)
all_us_institutions_year : ((1996, 'case western reserve university'),)

firstname : leon
lastname : sterling
middlename : None
year_range : (1976, 2020)
main_us_institutions_year : ((1986, 'case western reserve university'), (1988, 'case western reserve university'), (1989, 'case western reserve university'), (1990, 'case western reserve university'), (1991, 'case western reserve university'), (1992, 'case western reserve university'), (1993, 'case western reserve university'), (1995, 'case western reserve university'), (1996, 'case western reserve university'), (1998, 'case western reserve university'))
all_us_institutions_year : ((1986, 'case western reserve university'), (1988, 'case western reserve university'), (1989, 'case western reserve university'), (1990, 'case western reserve university'), (1991, 'case western reserve university'), (1992, 'case western reserve university'), (1993, 'case western reserve university'), (1995, 'case western reserve university'), (1996, 'case western reserve university'), (1997, 'case western reserve university'), (1998, 'case western reserve university'), (2000, 'massachusetts institute of technology'), (2003, 'case western reserve university'), (2009, 'massachusetts institute of technology'))

4/10 positive, 3/10 negative
Do these records refer to the same thing?
(y)es / (n)o / (u)nsure / (f)inished / (p)revious
firstname : neil
lastname : spring
middlename : None
year_range : (2013,)
main_us_institutions_year : ((2013, 'university of maryland college park'),)
all_us_institutions_year : ((2013, 'university of maryland college park'),)

firstname : neil
lastname : spring
middlename : None
year_range : (1997, 2019)
main_us_institutions_year : ((1997, 'university of california san diego'), (1999, 'university of washington'), (2000, 'university of washington'), (2001, 'university of washington'), (2002, 'university of washington'), (2003, 'university of washington'), (2004, 'university of washington'), (2006, 'university of maryland college park'), (2007, 'university of maryland college park'), (2008, 'university of maryland college park'), (2009, 'university of maryland college park'), (2010, 'university of maryland college park'), (2011, 'university of maryland college park'), (2013, 'university of maryland college park'), (2014, 'university of maryland college park'), (2015, 'university of maryland college park'), (2016, 'university of maryland college park'), (2017, 'university of maryland college park'), (2018, 'university of maryland college park'), (2019, 'university of maryland college park'))
all_us_institutions_year : ((1997, 'university of california san diego'), (1999, 'university of washington'), (2000, 'university of washington'), (2001, 'university of washington'), (2002, 'university of washington'), (2003, 'university of washington'), (2004, 'university of washington'), (2005, 'university of maryland college park'), (2006, 'university of maryland college park'), (2007, 'university of maryland college park'), (2008, 'university of maryland college park'), (2008, 'university of washington'), (2009, 'university of maryland college park'), (2010, 'university of maryland college park'), (2011, 'university of maryland college park'), (2013, 'university of maryland college park'), (2014, 'university of maryland college park'), (2015, 'university of maryland college park'), (2016, 'university of maryland college park'), (2017, 'university of maryland college park'), (2018, 'university of maryland college park'), (2019, 'university of maryland college park'))

5/10 positive, 3/10 negative
Do these records refer to the same thing?
(y)es / (n)o / (u)nsure / (f)inished / (p)revious
firstname : john
lastname : canny
middlename : f
year_range : (2015,)
main_us_institutions_year : ((2015, 'university of california berkeley'),)
all_us_institutions_year : ((2015, 'university of california berkeley'),)

firstname : john
lastname : canny
middlename : None
year_range : (1983, 2020)
main_us_institutions_year : ((1983, 'massachusetts institute of technology'), (1985, 'massachusetts institute of technology'), (1986, 'massachusetts institute of technology'), (1987, 'massachusetts institute of technology'), (1988, 'university of california berkeley'), (1989, 'university of california berkeley'), (1990, 'university of california berkeley'), (1991, 'university of california berkeley'), (1992, 'university of california berkeley'), (1993, 'university of california berkeley'), (1994, 'university of california berkeley'), (1995, 'university of california berkeley'), (1996, 'university of california berkeley'), (1997, 'university of california berkeley'), (1998, 'university of california berkeley'), (1999, 'university of california berkeley'), (2000, 'university of california berkeley'), (2001, 'university of california berkeley'), (2002, 'university of california berkeley'), (2003, 'university of california berkeley'), (2004, 'university of california berkeley'), (2005, 'university of california berkeley'), (2006, 'university of california berkeley'), (2007, 'university of california berkeley'), (2008, 'university of california berkeley'), (2009, 'university of california berkeley'), (2010, 'university of california berkeley'), (2011, 'university of california berkeley'), (2012, 'university of california berkeley'), (2013, 'university of california berkeley'), (2014, 'university of california berkeley'), (2015, 'university of california berkeley'), (2016, 'university of california berkeley'), (2017, 'university of california berkeley'), (2018, 'university of california berkeley'), (2019, 'university of california berkeley'), (2020, 'university of california berkeley'))
all_us_institutions_year : ((1983, 'massachusetts institute of technology'), (1985, 'massachusetts institute of technology'), (1986, 'massachusetts institute of technology'), (1987, 'massachusetts institute of technology'), (1988, 'massachusetts institute of technology'), (1988, 'university of california'), (1988, 'university of california berkeley'), (1989, 'rice university'), (1989, 'university of california berkeley'), (1990, 'university of california berkeley'), (1991, 'university of california'), (1991, 'university of california berkeley'), (1992, 'university of california berkeley'), (1993, 'university of california berkeley'), (1994, 'university of california'), (1994, 'university of california berkeley'), (1995, 'university of california berkeley'), (1996, 'university of california berkeley'), (1997, 'university of california berkeley'), (1998, 'university of california berkeley'), (1999, 'university of california berkeley'), (2000, 'university of california berkeley'), (2001, 'university of california berkeley'), (2002, 'university of california berkeley'), (2003, 'university of california berkeley'), (2004, 'university of california'), (2004, 'university of california berkeley'), (2005, 'university of california berkeley'), (2006, 'university of california berkeley'), (2007, 'university of california berkeley'), (2008, 'university of california berkeley'), (2009, 'carnegie mellon university'), (2009, 'university of california berkeley'), (2010, 'university of california berkeley'), (2011, 'university of california berkeley'), (2012, 'university of california berkeley'), (2013, 'university of california'), (2013, 'university of california berkeley'), (2014, 'university of california'), (2014, 'university of california berkeley'), (2015, 'university of california berkeley'), (2016, 'lawrence berkeley national laboratory'), (2016, 'university of california berkeley'), (2017, 'lawrence berkeley national laboratory'), (2017, 'university of california berkeley'), (2018, 'university of california berkeley'), (2019, 'google'), (2019, 'university of california berkeley'), (2020, 'google'), (2020, 'university of california'), (2020, 'university of california berkeley'), (2021, 'university of california berkeley'))

6/10 positive, 3/10 negative
Do these records refer to the same thing?
(y)es / (n)o / (u)nsure / (f)inished / (p)revious
firstname : alin
lastname : dobra
middlename : None
year_range : (2009,)
main_us_institutions_year : ((2009, 'university of florida'),)
all_us_institutions_year : ((2009, 'university of florida'),)

firstname : alin
lastname : dobra
middlename : None
year_range : (2001, 2019)
main_us_institutions_year : ((2002, 'cornell university'), (2003, 'cornell university'), (2005, 'university of florida'), (2006, 'university of florida'), (2007, 'university of florida'), (2008, 'university of florida'), (2009, 'university of florida'), (2010, 'university of florida'), (2012, 'university of florida'), (2013, 'university of florida'), (2014, 'university of florida'), (2015, 'university of florida'), (2017, 'university of florida'), (2018, 'university of florida'), (2019, 'university of florida'))
all_us_institutions_year : ((2002, 'cornell university'), (2003, 'cornell university'), (2005, 'university of florida'), (2006, 'university of florida'), (2007, 'university of florida'), (2008, 'university of florida'), (2009, 'university of florida'), (2010, 'university of florida'), (2012, 'university of florida'), (2013, 'university of florida'), (2014, 'university of florida'), (2015, 'university of florida'), (2017, 'university of florida'), (2018, 'university of florida'), (2019, 'university of florida'))

7/10 positive, 3/10 negative
Do these records refer to the same thing?
(y)es / (n)o / (u)nsure / (f)inished / (p)revious
firstname : dimitris
lastname : metaxas
middlename : None
year_range : (2021,)
main_us_institutions_year : ((2021, 'rutgers university'),)
all_us_institutions_year : ((2021, 'rutgers university'),)

firstname : dimitri
lastname : metaxas
middlename : None
year_range : (2003, 2011)
main_us_institutions_year : ((2003, 'rutgers university'), (2009, 'rutgers university'), (2011, 'rutgers university'))
all_us_institutions_year : ((2003, 'rutgers university'), (2009, 'rutgers university'), (2011, 'rutgers university'), (2012, 'rutgers university'))

8/10 positive, 3/10 negative
Do these records refer to the same thing?
(y)es / (n)o / (u)nsure / (f)inished / (p)revious
firstname : gregory
lastname : simco
middlename : None
year_range : (2010,)
main_us_institutions_year : ((2010, 'nova southeastern university'),)
all_us_institutions_year : ((2010, 'nova southeastern university'),)

firstname : greg
lastname : simco
middlename : None
year_range : (2010, 2014)
main_us_institutions_year : ((2010, 'nova southeastern university'), (2014, 'nova southeastern university'))
all_us_institutions_year : ((2010, 'nova southeastern university'), (2012, 'nova southeastern university'), (2013, 'nova southeastern university'), (2014, 'nova southeastern university'))

8/10 positive, 4/10 negative
Do these records refer to the same thing?
(y)es / (n)o / (u)nsure / (f)inished / (p)revious
firstname : matthew
lastname : bishop
middlename : None
year_range : (2015,)
main_us_institutions_year : ((2015, 'university of california davis'),)
all_us_institutions_year : ((2015, 'university of california davis'),)

firstname : matt
lastname : bishop
middlename : None
year_range : (1979, 2021)
main_us_institutions_year : ((1986, 'research institute for advanced computer science'), (1986, 'ames research center'), (1987, 'ames research center'), (1988, 'university of california davis'), (1989, 'dartmouth college'), (1990, 'dartmouth college'), (1993, 'university of california davis'), (1995, 'university of california davis'), (1996, 'university of california davis'), (1997, 'university of california davis'), (2000, 'university of california davis'), (2001, 'university of california davis'), (2002, 'university of california davis'), (2003, 'university of california davis'), (2004, 'university of california davis'), (2005, 'university of california davis'), (2006, 'university of california davis'), (2007, 'university of california davis'), (2008, 'university of california davis'), (2009, 'university of california davis'), (2010, 'university of california davis'), (2011, 'university of california davis'), (2012, 'university of california davis'), (2013, 'university of california davis'), (2014, 'university of california davis'), (2015, 'university of california davis'), (2016, 'university of california davis'), (2017, 'university of california davis'), (2018, 'university of california davis'), (2019, 'university of california davis'), (2020, 'university of california davis'), (2021, 'university of california davis'))
all_us_institutions_year : ((1986, 'ames research center'), (1986, 'research institute for advanced computer science'), (1987, 'ames research center'), (1988, 'university of california davis'), (1989, 'dartmouth college'), (1990, 'dartmouth college'), (1993, 'university of california davis'), (1995, 'university of california davis'), (1996, 'university of california davis'), (1997, 'university of california davis'), (1999, 'university of california davis'), (2000, 'university of california davis'), (2001, 'university of california davis'), (2002, 'university of california davis'), (2003, 'university of california berkeley'), (2003, 'university of california davis'), (2004, 'university of california davis'), (2005, 'university of california davis'), (2006, 'university of california davis'), (2007, 'university of california'), (2007, 'university of california davis'), (2008, 'university of california davis'), (2009, 'university of alaska fairbanks'), (2009, 'university of california davis'), (2010, 'university of california'), (2010, 'university of california davis'), (2011, 'university of california davis'), (2012, 'university of california berkeley'), (2012, 'university of california davis'), (2013, 'university of california'), (2013, 'university of california davis'), (2014, 'university of california davis'), (2015, 'university of california davis'), (2016, 'university of california'), (2016, 'university of california davis'), (2017, 'university of california davis'), (2018, 'university of california davis'), (2019, 'university of california davis'), (2020, 'university of california davis'), (2021, 'university of california davis'))

9/10 positive, 4/10 negative
Do these records refer to the same thing?
(y)es / (n)o / (u)nsure / (f)inished / (p)revious
firstname : xin
lastname : li
middlename : None
year_range : (2019,)
main_us_institutions_year : ((2019, 'carnegie mellon university'),)
all_us_institutions_year : ((2019, 'carnegie mellon university'),)

firstname : xin
lastname : liu
middlename : None
year_range : (2017, 2021)
main_us_institutions_year : ((2017, 'university of maryland college park'), (2017, 'university of maryland baltimore county'), (2018, 'university of maryland baltimore county'), (2019, 'university of maryland baltimore county'), (2020, 'university of maryland baltimore county'), (2021, 'university of maryland baltimore county'))
all_us_institutions_year : ((2017, 'university of maryland baltimore county'), (2017, 'university of maryland college park'), (2018, 'university of maryland baltimore county'), (2019, 'university of maryland baltimore'), (2019, 'university of maryland baltimore county'), (2019, 'university of maryland college park'), (2020, 'university of maryland baltimore county'), (2020, 'university of maryland college park'), (2021, 'university of maryland baltimore county'))

10/10 positive, 4/10 negative
Do these records refer to the same thing?
(y)es / (n)o / (u)nsure / (f)inished / (p)revious
firstname : ming
lastname : liu
middlename : t
year_range : (1991,)
main_us_institutions_year : ((1991, 'ohio state university'),)
all_us_institutions_year : ((1991, 'ohio state university'),)

firstname : ming
lastname : li
middlename : None
year_range : (2009, 2010)
main_us_institutions_year : ((2009, 'california state university fresno'), (2010, 'california state university fresno'))
all_us_institutions_year : ((2009, 'california state university fresno'), (2010, 'california state university fresno'))

10/10 positive, 5/10 negative
Do these records refer to the same thing?
(y)es / (n)o / (u)nsure / (f)inished / (p)revious
firstname : francisco
lastname : veloso
middlename : m
year_range : (2010,)
main_us_institutions_year : ((2010, 'carnegie mellon university'),)
all_us_institutions_year : ((2010, 'carnegie mellon university'),)

firstname : francisco
lastname : melo
middlename : s
year_range : (2007, 2020)
main_us_institutions_year : ((2008, 'carnegie mellon university'), (2009, 'carnegie mellon university'))
all_us_institutions_year : ((2008, 'carnegie mellon university'), (2009, 'carnegie mellon university'), (2010, 'carnegie mellon university'))

10/10 positive, 6/10 negative
Do these records refer to the same thing?
(y)es / (n)o / (u)nsure / (f)inished / (p)revious
firstname : rong
lastname : jin
middlename : None
year_range : (2014,)
main_us_institutions_year : ((2014, 'michigan state university'),)
all_us_institutions_year : ((2014, 'michigan state university'),)

firstname : dongpu
lastname : jin
middlename : None
year_range : (2011, 2014)
main_us_institutions_year : ((2011, 'university of nebraska lincoln'), (2014, 'university of nebraska lincoln'))
all_us_institutions_year : ((2011, 'university of nebraska lincoln'), (2014, 'university of nebraska lincoln'))

10/10 positive, 7/10 negative
Do these records refer to the same thing?
(y)es / (n)o / (u)nsure / (f)inished / (p)revious
firstname : liangjiang
lastname : wang
middlename : None
year_range : (2016,)
main_us_institutions_year : ((2016, 'clemson university'),)
all_us_institutions_year : ((2016, 'clemson university'),)

firstname : yongling
lastname : wang
middlename : None
year_range : (2006, 2007)
main_us_institutions_year : ((2007, 'chinese academy of sciences'),)
all_us_institutions_year : ((2007, 'chinese academy of sciences'),)

10/10 positive, 8/10 negative
Do these records refer to the same thing?
(y)es / (n)o / (u)nsure / (f)inished / (p)revious
firstname : wei
lastname : li
middlename : None
year_range : (2014,)
main_us_institutions_year : ((2014, 'nova southeastern university'),)
all_us_institutions_year : ((2014, 'nova southeastern university'),)

firstname : bei
lastname : li
middlename : None
year_range : (2019, 2020)
main_us_institutions_year : ((2019, 'northeastern university'),)
all_us_institutions_year : ((2018, 'northeastern university'), (2019, 'northeastern university'))

10/10 positive, 9/10 negative
Do these records refer to the same thing?
(y)es / (n)o / (u)nsure / (f)inished / (p)revious
firstname : keshab
lastname : parhi
middlename : k
year_range : (2015,)
main_us_institutions_year : ((2015, 'university of minnesota'),)
all_us_institutions_year : ((2015, 'university of minnesota'),)

firstname : megha
lastname : parhi
middlename : None
year_range : (2014, 2021)
main_us_institutions_year : ((2014, 'university of minnesota'), (2015, 'university of minnesota'), (2016, 'university of texas at austin'), (2021, 'university of texas at austin'))
all_us_institutions_year : ((2014, 'university of minnesota'), (2015, 'university of minnesota'), (2016, 'university of texas at austin'), (2021, 'university of texas at austin'))

10/10 positive, 10/10 negative
Do these records refer to the same thing?
(y)es / (n)o / (u)nsure / (f)inished / (p)revious
firstname : huan
lastname : liu
middlename : None
year_range : (2017,)
main_us_institutions_year : ((2017, 'arizona state university'),)
all_us_institutions_year : ((2017, 'arizona state university'),)

firstname : yuan
lastname : liu
middlename : None
year_range : (2013, 2021)
main_us_institutions_year : ((2013, 'arizona state university'), (2014, 'arizona state university'), (2017, 'arizona state university'), (2018, 'pacific northwest national laboratory'), (2019, 'pacific northwest national laboratory'), (2020, 'pacific northwest national laboratory'), (2021, 'pacific northwest national laboratory'))
all_us_institutions_year : ((2013, 'arizona state university'), (2014, 'arizona state university'), (2017, 'arizona state university'), (2018, 'arizona state university'), (2018, 'pacific northwest national laboratory'), (2019, 'pacific northwest national laboratory'), (2020, 'battelle memorial institute'), (2020, 'pacific northwest national laboratory'), (2021, 'pacific northwest national laboratory'))

10/10 positive, 11/10 negative
Do these records refer to the same thing?
(y)es / (n)o / (u)nsure / (f)inished / (p)revious
firstname : sang
lastname : lee
middlename : m
year_range : (1994,)
main_us_institutions_year : ((1994, 'university of nebraska lincoln'),)
all_us_institutions_year : ((1994, 'university of nebraska lincoln'),)

firstname : sang
lastname : lee
middlename : ik
year_range : (2001, 2004)
main_us_institutions_year : ((2001, 'purdue university'), (2003, 'purdue university'))
all_us_institutions_year : ((2001, 'purdue university'), (2003, 'purdue university'))

10/10 positive, 11/10 negative
Do these records refer to the same thing?
(y)es / (n)o / (u)nsure / (f)inished / (p)revious
firstname : ashish
lastname : goel
middlename : None
year_range : (2016,)
main_us_institutions_year : ((2016, 'stanford university'),)
all_us_institutions_year : ((2016, 'stanford university'),)

firstname : ashish
lastname : goel
middlename : None
year_range : (2006, 2012)
main_us_institutions_year : ((2006, 'purdue university'), (2007, 'purdue university'), (2009, 'purdue university'), (2010, 'purdue university'), (2011, 'purdue university'))
all_us_institutions_year : ((2006, 'purdue university'), (2007, 'purdue university'), (2009, 'purdue university'), (2010, 'purdue university'), (2011, 'broadcom'), (2011, 'purdue university'))

10/10 positive, 12/10 negative
Do these records refer to the same thing?
(y)es / (n)o / (u)nsure / (f)inished / (p)revious
firstname : cristina
lastname : lopes
middlename : videira
year_range : (2015,)
main_us_institutions_year : ((2015, 'university of california irvine'),)
all_us_institutions_year : ((2015, 'university of california irvine'),)

firstname : crista
lastname : lopes
middlename : videira
year_range : (2007, 2020)
main_us_institutions_year : ((2007, 'university of california irvine'), (2010, 'university of california irvine'), (2011, 'university of california irvine'), (2012, 'university of california irvine'), (2016, 'university of california irvine'), (2020, 'university of california irvine'))
all_us_institutions_year : ((2007, 'university of california irvine'), (2010, 'university of california irvine'), (2011, 'university of california irvine'), (2012, 'university of california irvine'), (2016, 'university of california irvine'), (2020, 'university of california irvine'))

10/10 positive, 13/10 negative
Do these records refer to the same thing?
(y)es / (n)o / (u)nsure / (f)inished / (p)revious
firstname : xu
lastname : xu
middlename : None
year_range : (2021,)
main_us_institutions_year : ((2021, 'north carolina state university'),)
all_us_institutions_year : ((2021, 'north carolina state university'),)

firstname : xu
lastname : xu
middlename : None
year_range : (2003, 2007)
main_us_institutions_year : ((2003, 'drexel university'), (2007, 'drexel university'))
all_us_institutions_year : ((2003, 'drexel university'), (2007, 'drexel university'))

11/10 positive, 13/10 negative
Do these records refer to the same thing?
(y)es / (n)o / (u)nsure / (f)inished / (p)revious
firstname : sushil
lastname : jajodia
middlename : None
year_range : (1997,)
main_us_institutions_year : ((1997, 'george mason university'),)
all_us_institutions_year : ((1997, 'george mason university'),)

firstname : sushil
lastname : jajodia
middlename : None
year_range : (1979, 1987)
main_us_institutions_year : ((1980, 'university of wisconsin stevens point'), (1983, 'university of missouri'), (1984, 'university of missouri'), (1985, 'university of missouri'), (1987, 'united states naval research laboratory'))
all_us_institutions_year : ((1980, 'university of wisconsin stevens point'), (1983, 'university of missouri'), (1984, 'university of missouri'), (1985, 'university of missouri'), (1987, 'united states naval research laboratory'))

11/10 positive, 14/10 negative
Do these records refer to the same thing?
(y)es / (n)o / (u)nsure / (f)inished / (p)revious
firstname : kumapti
lastname : narendra
middlename : s
year_range : (2017,)
main_us_institutions_year : ((2017, 'yale university'),)
all_us_institutions_year : ((2017, 'yale university'),)

firstname : kumpati
lastname : narendra
middlename : s
year_range : (1964, 2020)
main_us_institutions_year : ((1966, 'yale university'), (1967, 'yale university'), (1968, 'yale university'), (1969, 'yale university'), (1971, 'yale university'), (1972, 'yale university'), (1973, 'yale university'), (1974, 'yale university'), (1976, 'yale university'), (1977, 'yale university'), (1978, 'yale university'), (1979, 'yale university'), (1980, 'yale university'), (1981, 'yale university'), (1982, 'yale university'), (1983, 'yale university'), (1984, 'yale university'), (1985, 'yale university'), (1986, 'yale university'), (1987, 'yale university'), (1988, 'yale university'), (1989, 'yale university'), (1990, 'yale university'), (1991, 'yale university'), (1992, 'yale university'), (1993, 'yale university'), (1994, 'yale university'), (1995, 'yale university'), (1996, 'yale university'), (1997, 'yale university'), (1998, 'yale university'), (1999, 'yale university'), (2000, 'yale university'), (2001, 'yale university'), (2002, 'yale university'), (2003, 'yale university'), (2006, 'yale university'), (2007, 'yale university'), (2009, 'yale university'), (2010, 'yale university'), (2011, 'yale university'), (2012, 'yale university'), (2013, 'yale university'), (2014, 'yale university'), (2015, 'yale university'), (2016, 'yale university'), (2018, 'yale university'), (2019, 'yale university'), (2020, 'yale university'))
all_us_institutions_year : ((1966, 'yale university'), (1967, 'yale university'), (1968, 'yale university'), (1969, 'yale university'), (1971, 'yale university'), (1972, 'yale university'), (1973, 'yale university'), (1974, 'yale university'), (1976, 'yale university'), (1977, 'yale university'), (1978, 'yale university'), (1979, 'yale university'), (1980, 'yale university'), (1981, 'yale university'), (1982, 'yale university'), (1983, 'yale university'), (1984, 'yale university'), (1985, 'yale university'), (1986, 'yale university'), (1987, 'yale university'), (1988, 'yale university'), (1989, 'yale university'), (1990, 'yale university'), (1991, 'yale university'), (1992, 'yale university'), (1993, 'yale university'), (1994, 'yale university'), (1995, 'yale university'), (1996, 'yale university'), (1997, 'yale university'), (1998, 'yale university'), (1999, 'yale university'), (2000, 'yale university'), (2001, 'yale university'), (2002, 'yale university'), (2003, 'yale university'), (2006, 'yale university'), (2007, 'yale university'), (2009, 'yale university'), (2010, 'yale university'), (2011, 'yale university'), (2012, 'yale university'), (2013, 'yale university'), (2014, 'yale university'), (2015, 'yale university'), (2016, 'yale university'), (2018, 'yale university'), (2019, 'yale university'), (2020, 'yale university'))

11/10 positive, 15/10 negative
Do these records refer to the same thing?
(y)es / (n)o / (u)nsure / (f)inished / (p)revious
firstname : rui
lastname : figueiredo
middlename : j p de
year_range : (1996,)
main_us_institutions_year : ((1996, 'university of california irvine'),)
all_us_institutions_year : ((1996, 'university of california irvine'),)

firstname : rui
lastname : figueiredo
middlename : j p de
year_range : (1977, 1991)
main_us_institutions_year : ((1977, 'rice university'), (1980, 'rice university'), (1982, 'rice university'), (1983, 'rice university'), (1984, 'rice university'), (1989, 'rice university'), (1990, 'rice university'), (1991, 'rice university'))
all_us_institutions_year : ((1977, 'rice university'), (1980, 'rice university'), (1982, 'rice university'), (1983, 'rice university'), (1984, 'rice university'), (1989, 'rice university'), (1990, 'rice university'), (1991, 'rice university'))

12/10 positive, 15/10 negative
Do these records refer to the same thing?
(y)es / (n)o / (u)nsure / (f)inished / (p)revious
firstname : wende
lastname : neill
middlename : a o
year_range : (1995,)
main_us_institutions_year : ((1995, 'utah state university'),)
all_us_institutions_year : ((1995, 'utah state university'),)

firstname : wende
lastname : oneill
middlename : a
year_range : (1990, 1999)
main_us_institutions_year : ((1996, 'utah state university'), (1997, 'utah state university'))
all_us_institutions_year : ((1996, 'utah state university'), (1997, 'utah state university'))

12/10 positive, 16/10 negative
Do these records refer to the same thing?
(y)es / (n)o / (u)nsure / (f)inished / (p)revious
firstname : yong
lastname : lee
middlename : jae
year_range : (2020,)
main_us_institutions_year : ((2020, 'university of california davis'),)
all_us_institutions_year : ((2020, 'university of california davis'),)

firstname : yung
lastname : lee
middlename : jae
year_range : (1997, 1998)
main_us_institutions_year : ((1997, 'university of california irvine'), (1998, 'university of california irvine'))
all_us_institutions_year : ((1997, 'university of california irvine'), (1998, 'university of california irvine'))

13/10 positive, 16/10 negative
Do these records refer to the same thing?
(y)es / (n)o / (u)nsure / (f)inished / (p)revious
firstname : ji
lastname : loh
middlename : meng
year_range : (2019,)
main_us_institutions_year : ((2019, 'new jersey institute of technology'),)
all_us_institutions_year : ((2019, 'new jersey institute of technology'),)

firstname : ji
lastname : loh
middlename : meng
year_range : (2000, 2021)
main_us_institutions_year : ((2001, 'university of chicago'), (2007, 'columbia university'), (2008, 'columbia university'), (2009, 'columbia university'), (2010, 'columbia university'), (2011, 'at t labs'), (2012, 'at t labs'), (2012, 'at t'), (2013, 'new jersey institute of technology'), (2014, 'new jersey institute of technology'), (2015, 'new jersey institute of technology'), (2016, 'new jersey institute of technology'), (2017, 'new jersey institute of technology'), (2018, 'new jersey institute of technology'), (2019, 'new jersey institute of technology'), (2021, 'new jersey institute of technology'))
all_us_institutions_year : ((2000, 'university of chicago'), (2001, 'university of chicago'), (2003, 'columbia university'), (2007, 'columbia university'), (2008, 'columbia university'), (2009, 'columbia university'), (2010, 'at t labs'), (2010, 'columbia university'), (2011, 'at t labs'), (2011, 'columbia university'), (2011, 'new jersey institute of technology'), (2012, 'at t'), (2012, 'at t labs'), (2013, 'at t labs'), (2013, 'new jersey institute of technology'), (2014, 'new jersey institute of technology'), (2015, 'new jersey institute of technology'), (2016, 'new jersey institute of technology'), (2017, 'new jersey institute of technology'), (2018, 'new jersey institute of technology'), (2019, 'new jersey institute of technology'), (2021, 'new jersey institute of technology'))

13/10 positive, 17/10 negative
Do these records refer to the same thing?
(y)es / (n)o / (u)nsure / (f)inished / (p)revious
firstname : paul
lastname : amer
middlename : d
year_range : (2012,)
main_us_institutions_year : ((2012, 'university of delaware'),)
all_us_institutions_year : ((2012, 'university of delaware'),)

firstname : paul
lastname : amer
middlename : d
year_range : (1980, 2014)
main_us_institutions_year : ((1983, 'university of delaware'), (1987, 'university of delaware'), (1988, 'university of delaware'), (1989, 'university of delaware'), (1990, 'university of delaware'), (1991, 'university of delaware'), (1993, 'university of delaware'), (1994, 'university of delaware'), (1995, 'university of delaware'), (1996, 'university of delaware'), (1997, 'university of delaware'), (1998, 'university of delaware'), (1999, 'university of delaware'), (2000, 'university of delaware'), (2001, 'university of delaware'), (2002, 'university of delaware'), (2003, 'university of delaware'), (2004, 'university of delaware'), (2005, 'university of delaware'), (2006, 'university of delaware'), (2007, 'university of delaware'), (2008, 'university of delaware'), (2009, 'university of delaware'), (2010, 'university of delaware'), (2011, 'university of delaware'), (2012, 'university of delaware'), (2013, 'university of delaware'), (2014, 'university of delaware'))
all_us_institutions_year : ((1983, 'university of delaware'), (1987, 'university of delaware'), (1988, 'university of delaware'), (1989, 'university of delaware'), (1990, 'university of delaware'), (1991, 'university of delaware'), (1993, 'university of delaware'), (1994, 'university of delaware'), (1995, 'university of delaware'), (1996, 'university of delaware'), (1997, 'university of delaware'), (1998, 'university of delaware'), (1999, 'university of delaware'), (2000, 'university of delaware'), (2001, 'university of delaware'), (2002, 'university of delaware'), (2003, 'university of delaware'), (2004, 'university of delaware'), (2005, 'university of delaware'), (2006, 'university of delaware'), (2007, 'university of delaware'), (2008, 'university of delaware'), (2009, 'university of delaware'), (2010, 'university of delaware'), (2011, 'university of delaware'), (2012, 'university of delaware'), (2013, 'university of delaware'), (2014, 'university of delaware'))

14/10 positive, 17/10 negative
Do these records refer to the same thing?
(y)es / (n)o / (u)nsure / (f)inished / (p)revious
firstname : atif
lastname : debs
middlename : s
year_range : (1993,)
main_us_institutions_year : ((1993, 'georgia institute of technology'),)
all_us_institutions_year : ((1993, 'georgia institute of technology'),)

firstname : atif
lastname : debs
middlename : s
year_range : (1974, 1992)
main_us_institutions_year : ((1974, 'georgia institute of technology'), (1975, 'georgia institute of technology'), (1976, 'georgia institute of technology'), (1977, 'georgia institute of technology'), (1979, 'georgia institute of technology'), (1986, 'georgia institute of technology'), (1988, 'georgia institute of technology'), (1990, 'georgia institute of technology'), (1992, 'georgia institute of technology'))
all_us_institutions_year : ((1974, 'georgia institute of technology'), (1975, 'georgia institute of technology'), (1976, 'georgia institute of technology'), (1977, 'georgia institute of technology'), (1979, 'georgia institute of technology'), (1986, 'georgia institute of technology'), (1988, 'georgia institute of technology'), (1990, 'georgia institute of technology'), (1992, 'georgia institute of technology'))

15/10 positive, 17/10 negative
Do these records refer to the same thing?
(y)es / (n)o / (u)nsure / (f)inished / (p)revious
firstname : mooi
lastname : chuah
middlename : choo
year_range : (2017,)
main_us_institutions_year : ((2017, 'lehigh university'),)
all_us_institutions_year : ((2017, 'lehigh university'),)

firstname : mooi
lastname : chuah
middlename : choo
year_range : (1990, 2020)
main_us_institutions_year : ((1990, 'university of california san diego'), (1991, 'university of california san diego'), (1993, 'bell labs'), (1994, 'bell labs'), (1995, 'bell labs'), (1996, 'bell labs'), (1999, 'bell labs'), (2002, 'bell labs'), (2003, 'bell labs'), (2004, 'lehigh university'), (2005, 'lehigh university'), (2006, 'lehigh university'), (2007, 'lehigh university'), (2008, 'lehigh university'), (2009, 'lehigh university'), (2010, 'lehigh university'), (2011, 'lehigh university'), (2012, 'lehigh university'), (2013, 'lehigh university'), (2014, 'lehigh university'), (2015, 'lehigh university'), (2016, 'lehigh university'), (2017, 'lehigh university'), (2018, 'lehigh university'), (2019, 'lehigh university'), (2020, 'lehigh university'))
all_us_institutions_year : ((1990, 'university of california san diego'), (1991, 'university of california san diego'), (1992, 'at t corporation'), (1993, 'bell labs'), (1994, 'bell labs'), (1995, 'bell labs'), (1996, 'bell labs'), (1999, 'bell labs'), (2002, 'bell labs'), (2003, 'bell labs'), (2004, 'lehigh university'), (2005, 'lehigh university'), (2006, 'lehigh university'), (2007, 'lehigh university'), (2008, 'lehigh university'), (2009, 'lehigh university'), (2010, 'lehigh university'), (2011, 'lehigh university'), (2012, 'lehigh university'), (2013, 'lehigh university'), (2014, 'lehigh university'), (2015, 'lehigh university'), (2016, 'lehigh university'), (2017, 'lehigh university'), (2018, 'lehigh university'), (2019, 'lehigh university'), (2020, 'lehigh university'))

16/10 positive, 17/10 negative
Do these records refer to the same thing?
(y)es / (n)o / (u)nsure / (f)inished / (p)revious
firstname : jane
lastname : hayes
middlename : huffman
year_range : (2013,)
main_us_institutions_year : ((2013, 'university of kentucky'),)
all_us_institutions_year : ((2013, 'university of kentucky'),)

firstname : jane
lastname : hayes
middlename : huffman
year_range : (1999, 2020)
main_us_institutions_year : ((2002, 'university of kentucky'), (2003, 'university of kentucky'), (2004, 'university of kentucky'), (2005, 'university of kentucky'), (2006, 'university of kentucky'), (2007, 'university of kentucky'), (2008, 'university of kentucky'), (2009, 'university of kentucky'), (2010, 'university of kentucky'), (2011, 'university of kentucky'), (2012, 'university of kentucky'), (2013, 'university of kentucky'), (2014, 'university of kentucky'), (2015, 'university of kentucky'), (2016, 'university of kentucky'), (2017, 'university of kentucky'), (2018, 'university of kentucky'), (2019, 'university of kentucky'), (2020, 'university of kentucky'))
all_us_institutions_year : ((2002, 'university of kentucky'), (2003, 'university of kentucky'), (2004, 'university of kentucky'), (2005, 'university of kentucky'), (2006, 'university of kentucky'), (2007, 'university of kentucky'), (2008, 'university of kentucky'), (2009, 'university of kentucky'), (2010, 'university of kentucky'), (2011, 'university of kentucky'), (2012, 'university of kentucky'), (2013, 'university of kentucky'), (2014, 'university of kentucky'), (2015, 'university of kentucky'), (2016, 'university of kentucky'), (2017, 'university of kentucky'), (2018, 'university of kentucky'), (2019, 'university of kentucky'), (2020, 'university of kentucky'))

17/10 positive, 17/10 negative
Do these records refer to the same thing?
(y)es / (n)o / (u)nsure / (f)inished / (p)revious
firstname : min
lastname : chi
middlename : None
year_range : (2020,)
main_us_institutions_year : ((2020, 'north carolina state university'),)
all_us_institutions_year : ((2020, 'north carolina state university'),)

firstname : min
lastname : chi
middlename : None
year_range : (2004, 2021)
main_us_institutions_year : ((2004, 'university of pittsburgh'), (2007, 'university of pittsburgh'), (2008, 'university of pittsburgh'), (2009, 'university of pittsburgh'), (2010, 'carnegie mellon university'), (2011, 'stanford university'), (2014, 'north carolina state university'), (2015, 'north carolina state university'), (2016, 'north carolina state university'), (2017, 'north carolina state university'), (2018, 'north carolina state university'), (2019, 'north carolina state university'), (2020, 'north carolina state university'))
all_us_institutions_year : ((2004, 'university of pittsburgh'), (2007, 'university of pittsburgh'), (2008, 'university of pittsburgh'), (2009, 'university of pittsburgh'), (2010, 'carnegie mellon university'), (2010, 'university of pittsburgh'), (2011, 'carnegie mellon university'), (2011, 'stanford university'), (2012, 'carnegie mellon university'), (2014, 'north carolina state university'), (2015, 'north carolina state university'), (2016, 'north carolina state university'), (2017, 'north carolina state university'), (2018, 'north carolina state university'), (2019, 'north carolina state university'), (2020, 'north carolina state university'), (2021, 'north carolina state university'))

18/10 positive, 17/10 negative
Do these records refer to the same thing?
(y)es / (n)o / (u)nsure / (f)inished / (p)revious
firstname : min
lastname : chi
middlename : None
year_range : (2020,)
main_us_institutions_year : ((2020, 'north carolina state university'),)
all_us_institutions_year : ((2020, 'north carolina state university'),)

firstname : min
lastname : chi
middlename : None
year_range : (2004, 2021)
main_us_institutions_year : ((2004, 'university of pittsburgh'), (2007, 'university of pittsburgh'), (2008, 'university of pittsburgh'), (2009, 'university of pittsburgh'), (2010, 'carnegie mellon university'), (2011, 'stanford university'), (2014, 'north carolina state university'), (2015, 'north carolina state university'), (2016, 'north carolina state university'), (2017, 'north carolina state university'), (2018, 'north carolina state university'), (2019, 'north carolina state university'), (2020, 'north carolina state university'))
all_us_institutions_year : ((2004, 'university of pittsburgh'), (2007, 'university of pittsburgh'), (2008, 'university of pittsburgh'), (2009, 'university of pittsburgh'), (2010, 'carnegie mellon university'), (2010, 'university of pittsburgh'), (2011, 'carnegie mellon university'), (2011, 'stanford university'), (2012, 'carnegie mellon university'), (2014, 'north carolina state university'), (2015, 'north carolina state university'), (2016, 'north carolina state university'), (2017, 'north carolina state university'), (2018, 'north carolina state university'), (2019, 'north carolina state university'), (2020, 'north carolina state university'), (2021, 'north carolina state university'))

19/10 positive, 17/10 negative
Do these records refer to the same thing?
(y)es / (n)o / (u)nsure / (f)inished / (p)revious
firstname : sheldon
lastname : tan
middlename : xd
year_range : (2011,)
main_us_institutions_year : ((2011, 'university of california riverside'),)
all_us_institutions_year : ((2011, 'university of california riverside'),)

firstname : shelton
lastname : tan
middlename : xd
year_range : (2005, 2006)
main_us_institutions_year : ((2005, 'university of california riverside'), (2006, 'university of california riverside'))
all_us_institutions_year : ((2005, 'university of california riverside'), (2006, 'university of california riverside'))

20/10 positive, 17/10 negative
Do these records refer to the same thing?
(y)es / (n)o / (u)nsure / (f)inished / (p)revious
firstname : gurindar
lastname : sohi
middlename : s
year_range : (1998,)
main_us_institutions_year : ((1998, 'university of wisconsin madison'),)
all_us_institutions_year : ((1998, 'university of wisconsin madison'),)

firstname : guri
lastname : sohi
middlename : None
year_range : (1988, 2015)
main_us_institutions_year : ((1988, 'university of wisconsin madison'), (1989, 'university of wisconsin madison'), (2002, 'university of wisconsin madison'), (2003, 'university of wisconsin madison'), (2004, 'university of wisconsin madison'), (2007, 'university of wisconsin madison'), (2012, 'university of wisconsin madison'), (2014, 'university of wisconsin madison'), (2015, 'university of wisconsin madison'))
all_us_institutions_year : ((1988, 'university of wisconsin madison'), (1989, 'university of wisconsin madison'), (2002, 'university of wisconsin madison'), (2003, 'university of wisconsin madison'), (2004, 'university of wisconsin madison'), (2007, 'university of wisconsin madison'), (2012, 'university of wisconsin madison'), (2014, 'university of wisconsin madison'), (2015, 'university of wisconsin madison'))

21/10 positive, 17/10 negative
Do these records refer to the same thing?
(y)es / (n)o / (u)nsure / (f)inished / (p)revious
firstname : roger
lastname : howe
middlename : None
year_range : (2016,)
main_us_institutions_year : ((2016, 'stanford university'),)
all_us_institutions_year : ((2016, 'stanford university'),)

firstname : robert
lastname : howe
middlename : d
year_range : (1982, 2021)
main_us_institutions_year : ((1982, 'stanford university'), (1984, 'stanford university'), (1986, 'stanford university'), (1988, 'stanford university'), (1989, 'stanford university'), (1990, 'stanford university'), (1992, 'harvard university'), (1993, 'harvard university'), (1994, 'harvard university'), (1995, 'harvard university'), (1996, 'harvard university'), (1997, 'harvard university'), (1998, 'harvard university'), (1999, 'harvard university'), (2000, 'harvard university'), (2001, 'harvard university'), (2002, 'harvard university'), (2003, 'harvard university'), (2004, 'harvard university'), (2005, 'harvard university'), (2006, 'harvard university'), (2007, 'harvard university'), (2008, 'harvard university'), (2009, 'harvard university'), (2010, 'harvard university'), (2011, 'harvard university'), (2012, 'harvard university'), (2013, 'harvard university'), (2014, 'harvard university'), (2015, 'harvard university'), (2016, 'harvard university'), (2017, 'harvard university'), (2018, 'harvard university'), (2019, 'harvard university'), (2020, 'harvard university'), (2021, 'wyss institute for biologically inspired engineering'), (2021, 'harvard university'))
all_us_institutions_year : ((1982, 'stanford university'), (1983, 'stanford university'), (1984, 'stanford university'), (1985, 'stanford university'), (1986, 'stanford university'), (1987, 'stanford university'), (1988, 'stanford university'), (1989, 'stanford university'), (1990, 'stanford university'), (1991, 'harvard university'), (1992, 'harvard university'), (1993, 'harvard university'), (1994, 'harvard university'), (1995, 'harvard university'), (1996, 'harvard university'), (1997, 'harvard university'), (1998, 'harvard university'), (1999, 'harvard university'), (2000, 'harvard university'), (2001, 'harvard university'), (2002, 'harvard university'), (2003, 'harvard university'), (2004, 'harvard university'), (2004, 'massachusetts institute of technology'), (2005, 'harvard university'), (2005, 'massachusetts institute of technology'), (2005, 'rice university'), (2006, 'harvard university'), (2006, 'massachusetts institute of technology'), (2007, 'harvard university'), (2007, 'massachusetts institute of technology'), (2008, 'harvard university'), (2008, 'massachusetts institute of technology'), (2009, 'harvard university'), (2009, 'massachusetts institute of technology'), (2010, 'harvard university'), (2010, 'massachusetts institute of technology'), (2011, 'harvard university'), (2011, 'massachusetts institute of technology'), (2012, 'harvard university'), (2013, 'harvard university'), (2013, 'massachusetts institute of technology'), (2014, 'harvard university'), (2014, 'wyss institute for biologically inspired engineering'), (2015, 'harvard university'), (2015, 'massachusetts institute of technology'), (2016, 'harvard university'), (2017, 'harvard university'), (2017, 'wyss institute for biologically inspired engineering'), (2018, 'harvard university'), (2018, 'wyss institute for biologically inspired engineering'), (2019, 'harvard university'), (2019, 'wyss institute for biologically inspired engineering'), (2020, 'harvard university'), (2020, 'massachusetts institute of technology'), (2020, 'wyss institute for biologically inspired engineering'), (2021, 'harvard university'), (2021, 'wyss institute for biologically inspired engineering'))

22/10 positive, 17/10 negative
Do these records refer to the same thing?
(y)es / (n)o / (u)nsure / (f)inished / (p)revious
firstname : anupam
lastname : datta
middlename : None
year_range : (2012,)
main_us_institutions_year : ((2012, 'carnegie mellon university'),)
all_us_institutions_year : ((2012, 'carnegie mellon university'),)

firstname : anupam
lastname : das
middlename : None
year_range : (2008, 2021)
main_us_institutions_year : ((2012, 'university of illinois at urbana champaign'), (2013, 'university of illinois at urbana champaign'), (2014, 'university of illinois at urbana champaign'), (2015, 'university of illinois at urbana champaign'), (2016, 'university of illinois at urbana champaign'), (2017, 'carnegie mellon university'), (2018, 'carnegie mellon university'), (2020, 'north carolina state university'), (2021, 'north carolina state university'))
all_us_institutions_year : ((2011, 'university of illinois at urbana champaign'), (2012, 'university of illinois at urbana champaign'), (2013, 'university of illinois at urbana champaign'), (2014, 'university of illinois at urbana champaign'), (2015, 'university of illinois at urbana champaign'), (2016, 'university of illinois at urbana champaign'), (2017, 'carnegie mellon university'), (2018, 'carnegie mellon university'), (2018, 'north carolina state university'), (2020, 'north carolina state university'), (2021, 'north carolina state university'))

22/10 positive, 17/10 negative
Do these records refer to the same thing?
(y)es / (n)o / (u)nsure / (f)inished / (p)revious
firstname : john
lastname : harris
middlename : None
year_range : (2015,)
main_us_institutions_year : ((2015, 'university of florida'),)
all_us_institutions_year : ((2015, 'university of florida'),)

firstname : john
lastname : harris
middlename : m
year_range : (1996, 2016)
main_us_institutions_year : ((1996, 'northwestern university'), (2000, 'motorola'), (2001, 'motorola'), (2008, 'motorola'))
all_us_institutions_year : ((1996, 'northwestern university'), (1997, 'northwestern university'), (2000, 'motorola'), (2001, 'motorola'), (2002, 'motorola'), (2003, 'motorola'), (2004, 'motorola'), (2004, 'motorola solutions'), (2005, 'motorola'), (2006, 'motorola'), (2006, 'motorola solutions'), (2007, 'motorola'), (2008, 'motorola'), (2009, 'motorola'), (2010, 'motorola'), (2010, 'motorola solutions'), (2011, 'motorola'))

22/10 positive, 18/10 negative
Do these records refer to the same thing?
(y)es / (n)o / (u)nsure / (f)inished / (p)revious
firstname : aaron
lastname : kershenbaum
middlename : None
year_range : (1999,)
main_us_institutions_year : ((1999, 'polytechnic university'),)
all_us_institutions_year : ((1999, 'polytechnic university'),)

firstname : aaron
lastname : kershenbaum
middlename : None
year_range : (1973, 2016)
main_us_institutions_year : ((1992, 'ibm'), (1993, 'ibm'), (2002, 'ibm'), (2004, 'ibm'), (2005, 'ibm'), (2006, 'ibm'), (2007, 'ibm'), (2008, 'ibm'), (2009, 'ibm'), (2010, 'university of pennsylvania'), (2012, 'university of pennsylvania'), (2015, 'university of pennsylvania'), (2016, 'university of pennsylvania'))
all_us_institutions_year : ((1992, 'ibm'), (1993, 'ibm'), (1994, 'ibm'), (2001, 'ibm'), (2002, 'ibm'), (2003, 'ibm'), (2004, 'ibm'), (2005, 'ibm'), (2006, 'ibm'), (2007, 'ibm'), (2008, 'ibm'), (2009, 'ibm'), (2010, 'university of pennsylvania'), (2012, 'university of pennsylvania'), (2015, 'university of pennsylvania'), (2016, 'university of pennsylvania'))

22/10 positive, 19/10 negative
Do these records refer to the same thing?
(y)es / (n)o / (u)nsure / (f)inished / (p)revious
firstname : susan
lastname : horwitz
middlename : None
year_range : (2004,)
main_us_institutions_year : ((2004, 'university of wisconsin madison'),)
all_us_institutions_year : ((2004, 'university of wisconsin madison'),)

firstname : susan
lastname : horwitz
middlename : None
year_range : (1981, 2002)
main_us_institutions_year : ((1981, 'cornell university'), (1985, 'cornell university'), (2002, 'yeshiva university'))
all_us_institutions_year : ((1981, 'cornell university'), (1985, 'cornell university'), (1989, 'wisconsin alumni research foundation'), (2000, 'cornell university'), (2002, 'cornell university'), (2002, 'yeshiva university'))

22/10 positive, 19/10 negative
Do these records refer to the same thing?
(y)es / (n)o / (u)nsure / (f)inished / (p)revious
firstname : harold
lastname : abelson
middlename : None
year_range : (2001,)
main_us_institutions_year : ((2001, 'massachusetts institute of technology'),)
all_us_institutions_year : ((2001, 'massachusetts institute of technology'),)

firstname : hal
lastname : abelson
middlename : None
year_range : (1995, 2019)
main_us_institutions_year : ((1995, 'massachusetts institute of technology'), (2007, 'massachusetts institute of technology'), (2008, 'massachusetts institute of technology'), (2010, 'massachusetts institute of technology'), (2012, 'massachusetts institute of technology'), (2014, 'massachusetts institute of technology'), (2015, 'massachusetts institute of technology'), (2016, 'massachusetts institute of technology'), (2018, 'massachusetts institute of technology'), (2019, 'massachusetts institute of technology'))
all_us_institutions_year : ((1995, 'massachusetts institute of technology'), (2007, 'massachusetts institute of technology'), (2008, 'massachusetts institute of technology'), (2010, 'massachusetts institute of technology'), (2012, 'massachusetts institute of technology'), (2014, 'massachusetts institute of technology'), (2015, 'massachusetts institute of technology'), (2016, 'massachusetts institute of technology'), (2017, 'massachusetts institute of technology'), (2018, 'massachusetts institute of technology'), (2019, 'massachusetts institute of technology'), (2021, 'massachusetts institute of technology'))

22/10 positive, 19/10 negative
Do these records refer to the same thing?
(y)es / (n)o / (u)nsure / (f)inished / (p)revious
firstname : jose
lastname : tanchoco
middlename : m a
year_range : (1987,)
main_us_institutions_year : ((1987, 'purdue university'),)
all_us_institutions_year : ((1987, 'purdue university'),)

firstname : jose
lastname : tanchoco
middlename : m a
year_range : (1980, 1987)
main_us_institutions_year : ((1980, 'virginia tech'), (1981, 'virginia tech'), (1982, 'virginia tech'), (1983, 'virginia tech'))
all_us_institutions_year : ((1980, 'virginia tech'), (1981, 'virginia tech'), (1982, 'virginia tech'), (1983, 'virginia tech'))

23/10 positive, 19/10 negative
Do these records refer to the same thing?
(y)es / (n)o / (u)nsure / (f)inished / (p)revious
firstname : joanne
lastname : dugan
middlename : bechta
year_range : (2000,)
main_us_institutions_year : ((2000, 'university of virginia main campus'),)
all_us_institutions_year : ((2000, 'university of virginia main campus'),)

firstname : joanne
lastname : dugan
middlename : bechta
year_range : (1984, 1991)
main_us_institutions_year : ((1984, 'duke university'), (1989, 'duke university'), (1991, 'research triangle park'))
all_us_institutions_year : ((1984, 'duke university'), (1989, 'duke university'), (1991, 'research triangle park'))

23/10 positive, 20/10 negative
Do these records refer to the same thing?
(y)es / (n)o / (u)nsure / (f)inished / (p)revious
firstname : martin
lastname : wong
middlename : d f
year_range : (2003,)
main_us_institutions_year : ((2003, 'university of texas at austin'),)
all_us_institutions_year : ((2003, 'university of texas at austin'),)

firstname : martin
lastname : wong
middlename : d f
year_range : (1986, 2020)
main_us_institutions_year : ((1986, 'university of illinois at urbana champaign'), (2001, 'university of illinois at urbana champaign'), (2003, 'university of illinois at urbana champaign'), (2004, 'university of illinois at urbana champaign'), (2005, 'university of illinois at urbana champaign'), (2006, 'university of illinois at urbana champaign'), (2007, 'university of illinois at urbana champaign'), (2008, 'university of illinois at urbana champaign'), (2009, 'university of illinois at urbana champaign'), (2010, 'university of illinois at urbana champaign'), (2011, 'university of illinois at urbana champaign'), (2012, 'university of illinois at urbana champaign'), (2013, 'university of illinois at urbana champaign'), (2014, 'university of illinois at urbana champaign'), (2015, 'university of illinois at urbana champaign'), (2016, 'university of illinois at urbana champaign'), (2017, 'university of illinois at urbana champaign'), (2018, 'university of illinois at urbana champaign'), (2019, 'university of illinois at urbana champaign'), (2020, 'university of illinois at urbana champaign'))
all_us_institutions_year : ((1986, 'university of illinois at urbana champaign'), (2001, 'university of illinois at urbana champaign'), (2003, 'university of illinois at urbana champaign'), (2003, 'urbana university'), (2004, 'university of illinois at urbana champaign'), (2005, 'university of illinois at urbana champaign'), (2005, 'urbana university'), (2006, 'university of illinois at urbana champaign'), (2007, 'university of illinois at urbana champaign'), (2008, 'university of illinois at urbana champaign'), (2009, 'university of illinois at urbana champaign'), (2010, 'university of illinois at urbana champaign'), (2011, 'university of illinois at urbana champaign'), (2012, 'university of illinois at urbana champaign'), (2013, 'university of illinois at urbana champaign'), (2014, 'university of illinois at urbana champaign'), (2015, 'university of illinois at urbana champaign'), (2016, 'university of illinois at urbana champaign'), (2017, 'university of illinois at urbana champaign'), (2018, 'university of illinois at urbana champaign'), (2019, 'university of illinois at urbana champaign'), (2019, 'urbana university'), (2020, 'university of illinois at urbana champaign'))

23/10 positive, 21/10 negative
Do these records refer to the same thing?
(y)es / (n)o / (u)nsure / (f)inished / (p)revious
firstname : kang
lastname : shin
middlename : g
year_range : (1999,)
main_us_institutions_year : ((1999, 'university of michigan'),)
all_us_institutions_year : ((1999, 'university of michigan'),)

firstname : yongjune
lastname : shin
middlename : None
year_range : (1997, 2021)
main_us_institutions_year : ((1997, 'university of michigan'), (2000, 'university of texas at austin'), (2002, 'university of texas at austin'), (2003, 'university of texas at austin'), (2004, 'university of texas at austin'), (2005, 'university of south carolina'), (2006, 'university of south carolina'), (2007, 'columbia university'), (2008, 'university of south carolina'), (2009, 'university of south carolina'), (2010, 'university of south carolina'), (2011, 'university of south carolina'), (2012, 'university of south carolina'))
all_us_institutions_year : ((1997, 'university of michigan'), (1999, 'university of texas at austin'), (2000, 'university of texas at austin'), (2002, 'university of texas at austin'), (2003, 'university of texas at austin'), (2004, 'university of texas at austin'), (2005, 'university of south carolina'), (2006, 'university of south carolina'), (2007, 'columbia university'), (2008, 'university of south carolina'), (2009, 'university of south carolina'), (2010, 'university of south carolina'), (2011, 'university of south carolina'), (2012, 'university of south carolina'))

23/10 positive, 21/10 negative
Do these records refer to the same thing?
(y)es / (n)o / (u)nsure / (f)inished / (p)revious
Finished labeling
Done in 108.53134584824244 minutes.
