Namespace(testing=False, verbose=1, field=['political science'], train_name='mona_degree0', startyear=1985, endyear=2015, loadstartyear=1985, loadendyear=2015, mergemode='1:1', recall=0.9, institution='False', fieldofstudy_cat='False', fieldofstudy_str='False', keywords='True', retrain='True', linking_type='graduates', samplesize=50000, write_to='database')
Have max 12 cores available
Testing is False 

I set the write connection to the main database.
id_field is [17744445] and will be passed to sql queries.
finished setup ... 
Time elapsed: 0.0024656891822814942 minutes 


    SELECT goid
            , year
            , firstname 
            , lastname
            , CASE TRIM(SUBSTR(middle_lastname, 1, l_fullname-l_firstname-l_lastname - 1)) 
                WHEN 
                    "" THEN NULL 
                    ELSE TRIM(SUBSTR(middle_lastname, 1, l_fullname-l_firstname-l_lastname - 1)) 
                END AS middlename
            , fieldofstudy
            , keywords
            , institution
            , coauthors
            , year_papertitle
    FROM (
        SELECT goid
            , degree_year AS year 
            , fullname 
            , SUBSTR(TRIM(fullname),1,instr(trim(fullname)||' ',' ')-1) AS firstname
            , REPLACE(fullname, RTRIM(fullname, REPLACE(fullname, " ", "")), "") AS lastname 
            , TRIM(SUBSTR(fullname, length(SUBSTR(TRIM(fullname),1,instr(trim(fullname)||' ',' ')-1)) + 1)) AS middle_lastname 
            , length(fullname) AS l_fullname 
            , length(SUBSTR(TRIM(fullname),1,instr(trim(fullname)||' ',' ')-1) ) AS l_firstname
            , length(REPLACE(fullname, RTRIM(fullname, REPLACE(fullname, " ", "")), "")) AS l_lastname
            , fieldname AS fieldofstudy
            , university_id
            , degree_year || "//" || thesistitle as year_papertitle 
        FROM pq_authors 
        INNER JOIN (
            SELECT goid, fieldname 
            FROM pq_fields_mag
            WHERE mag_field0 IN (?)
        ) USING (goid)
    )
    -- ## NOTE: use left join here as not all graduates have advisor (particularly pre-1980) and possibly also keywords
    LEFT JOIN (
        SELECT goid
            , fields as keywords
            , advisors as coauthors
        FROm pq_info_linking
    ) USING(goid)
    INNER JOIN (
        SELECT university_id, normalizedname as institution
        FROM pq_unis
        WHERE location like "%United States%"
    ) USING(university_id)
    WHERE year >= 1985 and year <= 2015 AND length(firstname) > 1
     


    SELECT f.AuthorId
        , f.year
        , f.firstname
        , f.lastname
        , CASE TRIM(SUBSTR(f.middle_lastname, 1, f.l_fullname - f.l_firstname - f.l_lastname - 1)) 
            WHEN 
                "" THEN NULL 
                ELSE TRIM(SUBSTR(f.middle_lastname, 1, f.l_fullname - f.l_firstname - f.l_lastname - 1)) 
            END as middlename 
            -- ## NOTE this gives "" for middlename when it is missing 
        , f.fieldofstudy
        , g.keywords
        , g.coauthors
        , g.institution
        , g.year_papertitle
    FROM (
        SELECT a.AuthorId
            , a.YearFirstPub AS year
            , a.FirstName AS firstname
            , REPLACE(b.NormalizedName, RTRIM(b.NormalizedName, REPLACE(b.NormalizedName, " ", "")), "") AS lastname 
                    -- https://stackoverflow.com/questions/21388820/how-to-get-the-last-index-of-a-substring-in-sqlite
            , TRIM(SUBSTR(b.NormalizedName, length(a.FirstName) + 1)) AS middle_lastname 
                    -- this gives all except the first name 
            , length(b.NormalizedName) as l_fullname 
            , length(a.FirstName) as l_firstname
            , length(REPLACE(b.NormalizedName, RTRIM(b.NormalizedName, REPLACE(b.NormalizedName, " ", "")), "")) as l_lastname
            , e.NormalizedName AS fieldofstudy
        FROM author_sample AS a
        INNER JOIN (
            SELECT AuthorId, NormalizedName
            FROM Authors
        ) AS b USING(AuthorId)
        INNER JOIN (
            SELECT AuthorId
            FROM author_field0
            WHERE FieldOfStudyId_lvl0 IN (?)
                AND Degree <= 0
        ) USING(AuthorId)
        LEFT JOIN (
            SELECT AuthorId, NormalizedName
            FROM author_fields c
            INNER JOIN (
                SELECT FieldOfStudyId, NormalizedName
                FROM FieldsOfStudy
            ) AS d USING(FieldOfStudyId)
            -- ## Condition on fieldofstudy being in the level 0 id_field
            INNER JOIN (
                SELECT ParentFieldOfStudyId, ChildFieldOfStudyId
                FROM crosswalk_fields
                WHERE ParentLevel = 0
                    AND ParentFieldOfStudyId IN (?)
            ) AS e ON (e.ChildFieldOfStudyId = c.FieldOfStudyId)
            WHERE FieldClass = 'first'
        ) AS e USING(AuthorId)
    ) f
    LEFT JOIN (
        SELECT AuthorId
                , institutions as institution
                , main_us_institutions_career
                , coauthors
                , keywords
                , year_papertitle
        FROM author_info_linking
    ) AS g USING(AuthorId)
    WHERE length(firstname) > 1 AND year >= 1985 - 5 AND year <= 2015 + 5 
        -- ## use this to condition on people that have at least at some point their main affiliation in the US
        AND g.main_us_institutions_career IS NOT NULL
        AND g.institution != "chinese academy of sciences"
     

INFO:dedupe.canopy_index:Removing stop word an
INFO:dedupe.canopy_index:Removing stop word er
INFO:dedupe.canopy_index:Removing stop word ar
INFO:dedupe.canopy_index:Removing stop word ch
INFO:dedupe.canopy_index:Removing stop word el
INFO:dedupe.canopy_index:Removing stop word le
INFO:dedupe.canopy_index:Removing stop word la
INFO:dedupe.canopy_index:Removing stop word en
INFO:dedupe.canopy_index:Removing stop word ri
INFO:dedupe.canopy_index:Removing stop word on
INFO:dedupe.canopy_index:Removing stop word ha
INFO:dedupe.canopy_index:Removing stop word an
INFO:dedupe.canopy_index:Removing stop word ar
INFO:dedupe.canopy_index:Removing stop word ra
INFO:dedupe.canopy_index:Removing stop word ro
INFO:dedupe.canopy_index:Removing stop word ma
INFO:dedupe.canopy_index:Removing stop word in
INFO:dedupe.canopy_index:Removing stop word re
INFO:dedupe.canopy_index:Removing stop word ng
INFO:dedupe.canopy_index:Removing stop word an
INFO:dedupe.canopy_index:Removing stop word in
INFO:dedupe.canopy_index:Removing stop word er
INFO:dedupe.canopy_index:Removing stop word ll
INFO:dedupe.canopy_index:Removing stop word ne
INFO:dedupe.canopy_index:Removing stop word al
INFO:dedupe.canopy_index:Removing stop word ar
INFO:dedupe.canopy_index:Removing stop word on
/home/mona/anaconda3/envs/science-career-tempenv/lib/python3.9/site-packages/sklearn/feature_extraction/text.py:544: UserWarning: The parameter 'ngram_range' will not be used since 'analyzer' is callable'
  warnings.warn(
/home/mona/anaconda3/envs/science-career-tempenv/lib/python3.9/site-packages/sklearn/feature_extraction/text.py:550: UserWarning: The parameter 'stop_words' will not be used since 'analyzer' != 'word'
  warnings.warn(
INFO:dedupe.training:Final predicate set:
INFO:dedupe.training:SimplePredicate: (commonSixGram, middlename)
Time elapsed: 218.51532406806945 minutes 

Starting active labeling...
firstname : andrew
lastname : rabin
middlename : None
year : 2005
year_papertitle : ((2005, 'what mine eyes have seen and my ears heard testimony in old english literature and law'), (2009, 'female advocacy and royal protection in tenth century england the legal career of queen aelfthryth'), (2009, 'hypermetric verse in an old english charm against theft'), (2010, 'english law before magna carta'), (2010, 'english law before magna carta felix liebermann and die gesetze der angelsachsen'), (2011, 'testimony and authority in old english law writing the subject in the fonthill letter'), (2012, 'reviewsarah foot aethelstan the first king of england new haven ct yale university press 2011 pp xiv 283 16 pages of b w figs and 3 maps 40 isbn 9780300125351'))
keywords : frozenset({'art history', 'classics', 'law', 'literature', 'media studies'})

firstname : andrew
lastname : rabin
middlename : shepard
year : 2005
year_papertitle : ((2005, 'what mine eyes have seen and my ears heard testimony in old english literature and law'),)
keywords : frozenset({'european history', 'law', 'medieval history', 'literature', 'medieval literature'})

0/10 positive, 0/10 negative
Do these records refer to the same thing?
(y)es / (n)o / (u)nsure / (f)inished
firstname : sean
lastname : farhang
middlename : None
year : 2004
year_papertitle : ((2004, 'institutional dynamics on the u s court of appeals minority representation under panel decision making'), (2005, 'the southern imposition congress and labor in the new deal and fair deal'), (2008, 'governing the american state congress and the new federalism 1877 1929 by kimberly s johnson princeton princeton university press 2006 242p 37 50 cloth'), (2008, 'public regulation and private lawsuits in the american separation of powers system'), (2009, 'congressional mobilization of private litigants evidence from the civil rights act of 1991'), (2009, 'the political development of job discrimination litigation 1963 1976'), (2010, 'chapter 1 an introduction to private enforcement regimes'), (2010, 'chapter 3 an empirical model of enactment of private enforcement regimes'), (2010, 'chapter 4 foundations the civil rights act of 1964'), (2010, 'chapter 6 escalation the civil rights act of 1991'))
keywords : frozenset({'political economy', 'law', 'economic history', 'accounting', 'public administration'})

firstname : sean
lastname : farhang
middlename : None
year : 2006
year_papertitle : ((2006, 'the litigation state public regulation and private lawsuits in the american separation of powers system'),)
keywords : frozenset({'political science', 'law'})

1/10 positive, 0/10 negative
Do these records refer to the same thing?
(y)es / (n)o / (u)nsure / (f)inished / (p)revious
INFO:dedupe.training:Final predicate set:
INFO:dedupe.training:TfidfTextSearchPredicate: (0.6, lastname)
firstname : alison
lastname : kadlec
middlename : None
year : 2006
year_papertitle : ((2006, 'reconstructing dewey the philosophy of critical pragmatism'), (2009, 'play and public life'))
keywords : frozenset({'epistemology', 'public relations', 'social science'})

firstname : alison
lastname : kadlechassing
middlename : None
year : 2004
year_papertitle : ((2004, 'radical reconstructions the critical pragmatism of john dewey'),)
keywords : frozenset({'political science'})

2/10 positive, 0/10 negative
Do these records refer to the same thing?
(y)es / (n)o / (u)nsure / (f)inished / (p)revious
firstname : abigail
lastname : williams
middlename : b
year : 2011
year_papertitle : ((2011, 'maltreatment of children with developmental disabilities an ecological systems analysis'), (2013, 'a review of research on school bullying among african american youth an ecological systems analysis'), (2013, 'adolescent neglect juvenile delinquency and the risk of recidivism'), (2017, 'the discontinuity of offending among african american youth in the juvenile justice system'))
keywords : frozenset({'clinical psychology', 'psychiatry', 'developmental psychology', 'social psychology'})

firstname : abigail
lastname : williamson
middlename : None
year : 2011
year_papertitle : ((2011, 'beyond the passage of time local government response in new immigrant destinations'),)
keywords : frozenset({'public policy', 'political science'})

3/10 positive, 0/10 negative
Do these records refer to the same thing?
(y)es / (n)o / (u)nsure / (f)inished / (p)revious
INFO:dedupe.training:Final predicate set:
INFO:dedupe.training:SimplePredicate: (sameFiveCharStartPredicate, lastname)
firstname : michael
lastname : mann
middlename : e
year : 1989
year_papertitle : ((1989, 'monte carlo simulation of oxygen ordering in yba2cu3oz'), (1989, 'nematic liquid crystals a monte carlo simulation study in higher dimensions'), (1989, 'states of partial order in yba2cu3oz'), (1990, 'phase diagram and low temperature behavior of oxygen ordering in yba2cu3oz using ab initio interactions'), (1993, 'spatial correlations of interdecadal variation in global surface temperatures'), (1994, 'global scale modes of surface temperature variability on interannual to century timescales'), (1995, 'a comparison of the ccm1 simulated climates for pre industrial and present day co2 levels'), (1995, 'decadal to centennial scale climate variability insights into the rise and fall of the great salt lake'), (1995, 'global interdecadal and century scale climate oscillations during the past five centuries'), (1995, 'the great salt lake a barometer of low frequency climatic variability'))
keywords : frozenset({'meteorology', 'condensed matter physics', 'statistical physics', 'atmospheric sciences', 'climatology'})

firstname : michel
lastname : man
middlename : None
year : 2007
year_papertitle : ((2007, 'la folie le mal de l afrique postcoloniale dans le baobab fou et la folie et la mort de ken bugul'),)
keywords : frozenset({'personality psychology', 'political science', 'modern literature', 'african literature', 'romance literature'})

3/10 positive, 1/10 negative
Do these records refer to the same thing?
(y)es / (n)o / (u)nsure / (f)inished / (p)revious
firstname : dongbin
lastname : kim
middlename : None
year : 2004
year_papertitle : ((2004, 'cross racial interaction among undergraduates some consequences causes and patterns'), (2004, 'the effect of financial aid on students college choice differences by racial groups'), (2007, 'the changing profile of college access the truman commission and enrollment patterns in the postwar era'), (2007, 'the effect of loans on students degree attainment differences by student and institutional characteristics'), (2008, 'factors predicting community college faculty satisfaction with instructional autonomy'), (2010, 'brain gain or brain circulation u s doctoral recipients returning to south korea'), (2010, 'the effect of loans on time to doctorate degree differences by race ethnicity field of study and institutional characteristics'), (2011, 'international doctorates trends analysis on their decision to stay in us'), (2011, 'the rise of the commuter student changing patterns of college attendance for students living at home in the united states 1960 1980'), (2011, 'william g bowen matthew m chingos and michael s mcpherson crossing the finish line'))
keywords : frozenset({'mathematics education', 'demographic economics', 'public relations', 'economic growth', 'finance', 'development economics', 'social psychology', 'theology', 'actuarial science', 'public administration'})

firstname : christopher
lastname : kimaru
middlename : maina
year : 1990
year_papertitle : ((1990, 'an analysis of us foreign assistance to tropical africa in the 1980s'),)
keywords : frozenset({'international relations', 'business costs', 'international law', 'public administration'})

3/10 positive, 2/10 negative
Do these records refer to the same thing?
(y)es / (n)o / (u)nsure / (f)inished / (p)revious
firstname : kanishka
lastname : jayasuriya
middlename : None
year : 1987
year_papertitle : ((1987, 'the politics of economic policy in the philippines during the marcos era'), (1991, 'alternative approaches to australian trade and industry policy liberal and strategic perspectives'), (1992, 'australian structural adjustment international markets and politics'), (1992, 'miti s secret life'), (1992, 'the dynamics of economic policy reform in south east asia and the south west pacific'), (1994, 'political economy of central banks'), (1994, 'singapore the politics of regional definition'))
keywords : frozenset({'economy', 'political economy', 'economic policy', 'economic growth', 'development economics', 'market economy', 'international trade', 'public administration', 'genealogy', 'international economics'})

firstname : kanishka
lastname : balasuriya
middlename : s
year : 2014
year_papertitle : ((2014, 'how decentralization matters to conflict devising a generalizable framework'),)
keywords : frozenset({'public policy', 'political science', 'public administration'})

3/10 positive, 3/10 negative
Do these records refer to the same thing?
(y)es / (n)o / (u)nsure / (f)inished / (p)revious
firstname : suzanne
lastname : rose
middlename : None
year : 2011
year_papertitle : ((2011, 'correction drugs diagnostic tests approved quickly'), (2011, 'drugs diagnostic tests approved quickly'), (2011, 'fda pulls approval for avastin in breast cancer'), (2011, 'hdac inhibitors show benefits in breast cancer'), (2011, 'upcoming battles in the war on cancer'), (2012, 'finding new uses for existing medications'), (2012, 'immunotherapy network launches first trial'), (2012, 'some cells in a tumor protect against metastasis'), (2013, 'second chances for shelved compounds'), (2013, 'taking cancer drug toxicity to heart'))
keywords : frozenset({'ancient history', 'medical physics', 'public relations', 'internal medicine', 'cancer research', 'oncology'})

firstname : suzanne
lastname : lockwoodrayermann
middlename : w
year : 2001
year_papertitle : ((2001, 'the impact of federal legislation on cervical cancer screening'),)
keywords : frozenset({'oncology', 'public health', 'public administration'})

3/10 positive, 4/10 negative
Do these records refer to the same thing?
(y)es / (n)o / (u)nsure / (f)inished / (p)revious
firstname : jeffrey
lastname : johnson
middlename : v
year : 1987
year_papertitle : ((1987, 'social network interaction and mortality a six year follow up study of a random sample of the swedish population'), (1988, 'depression in unemployed swedish women'), (1988, 'job strain work place social support and cardiovascular disease a cross sectional study of a random sample of the swedish working population'), (1988, 'special section on work organization democratization and health introduction'), (1989, 'a case study of stress and mass psychogenic illness in industrial workers'), (1989, 'collective control strategies for survival in the workplace'), (1989, 'combined effects of job strain and social isolation on cardiovascular disease morbidity and mortality in a random sample of the swedish male working population'), (1989, 'introduction structural barriers to change in the workplace'), (1989, 'introduction the need for new directions in research on work organization and health'), (1989, 'introduction theoretical developments in psychosocial work environment research'))
keywords : frozenset({'clinical psychology', 'environmental resource management', 'gerontology', 'engineering ethics', 'public relations', 'demography', 'social psychology', 'psychiatry', 'public administration'})

firstname : jeffrey
lastname : john
middlename : edward st
year : 2000
year_papertitle : ((2000, 'matters of public concern reconceptualizing the supreme court s threshold test for federal employee free speech'),)
keywords : frozenset({'law', 'rhetoric', 'composition', 'communication'})

3/10 positive, 5/10 negative
Do these records refer to the same thing?
(y)es / (n)o / (u)nsure / (f)inished / (p)revious
firstname : ron
lastname : scott
middlename : None
year : 2003
year_papertitle : ((2003, 'using work centered support system technology to enhance command and control'), (2005, 'work centered support systems a human centered approach to intelligent system design'), (2006, 'evolvable work centred support systems for command and control creating systems users can adapt to meet changing demands'))
keywords : frozenset({'human computer interaction', 'systems engineering', 'knowledge management', 'process management'})

firstname : ronald
lastname : scott
middlename : j
year : 2004
year_papertitle : ((2004, 'myths and realities the relationship between operations tempo quality of life and retention in the united states air force'),)
keywords : frozenset({'social research', 'social structure', 'public administration'})

3/10 positive, 6/10 negative
Do these records refer to the same thing?
(y)es / (n)o / (u)nsure / (f)inished / (p)revious
firstname : yulei
lastname : zhang
middlename : None
year : 2008
year_papertitle : ((2008, 'an integrated approach to mapping worldwide bioterrorism research capabilities'), (2008, 'bioportal infectious disease informatics research disease surveillance and situational awareness'), (2009, 'arizona literature mapper an integrated approach to monitor and analyze global bioterrorism research literature'), (2009, 'automatic online news monitoring and classification for syndromic surveillance'), (2009, 'dark web forums portal searching and analyzing jihadist forums'), (2009, 'gender difference analysis of political web forums an experiment on an international islamic women s forum'), (2010, 'a lexicon enhanced method for sentiment classification an experiment on online product reviews'), (2010, 'developing a dark web collection and infrastructure for computational and social sciences'), (2010, 'global disease surveillance using social media hiv aids content intervention in web forums'), (2010, 'trends in worldwide nanotechnology patent applications 1991 to 2008'))
keywords : frozenset({'nanotechnology', 'operations research', 'speech recognition', 'internet privacy', 'data science', 'medical emergency', 'media studies', 'world wide web', 'artificial intelligence', 'machine learning', 'knowledge management'})

firstname : yu
lastname : zhang
middlename : None
year : 2014
year_papertitle : ((2014, 'bureaucracy and law a study of chinese criminal courts and social media'),)
keywords : frozenset({'web studies', 'criminology', 'law'})

3/10 positive, 7/10 negative
Do these records refer to the same thing?
(y)es / (n)o / (u)nsure / (f)inished / (p)revious
firstname : bethany
lastname : backes
middlename : l
year : 2009
year_papertitle : ((2009, 'if you build it will they come using a mobile safety centre to disseminate safety information and products to low income urban families'), (2013, 'building a solid foundation for sexual violence research applying lessons learned to inform research priorities'), (2013, 'nij s program of domestic violence research collaborative efforts to build knowledge guided by safety for victims and accountability of perpetrators'))
keywords : frozenset({'nursing', 'environmental health', 'computer security', 'public relations'})

firstname : bethany
lastname : backes
middlename : l
year : 2015
year_papertitle : ((2015, 'formal help seeking among female victims of sexual and physical violence individual interpersonal and incident level predictors'),)
keywords : frozenset({'social work', 'womens studies', 'criminology'})

3/10 positive, 8/10 negative
Do these records refer to the same thing?
(y)es / (n)o / (u)nsure / (f)inished / (p)revious
firstname : robert
lastname : yehl
middlename : None
year : 2014
year_papertitle : ((2014, 'the cotton mill village turned city a retrospective analysis of three of georgia s smallest cities'), (2016, 'on site clinics a new model of health coverage in local government'), (2018, 'georgia rural hospital authorities as shadow governments'))
keywords : frozenset({'environmental health', 'economic growth', 'economic history', 'public administration'})

firstname : robert
lastname : yehl
middlename : p
year : 2010
year_papertitle : ((2010, 'more than little boxes producing and providing local services in metropolitan america'),)
keywords : frozenset({'political science', 'public administration'})

3/10 positive, 9/10 negative
Do these records refer to the same thing?
(y)es / (n)o / (u)nsure / (f)inished / (p)revious
firstname : katharine
lastname : bradley
middlename : w v
year : 2016
year_papertitle : ((2016, 'who lobbies the lobbyists state medicaid bureaucrats engagement in the legislative process'), (2020, 'are all network ties created equal distinguishing between strength and use of ties in bureaucrat lobbyist alliances'))
keywords : frozenset({'law and economics', 'public economics', 'public administration'})

firstname : katharine
lastname : bradley
middlename : w v
year : 2014
year_papertitle : ((2014, 'who lobbies the lobbyists bureaucratic influence on state medicaid legislation'),)
keywords : frozenset({'public policy', 'political science', 'public health'})

3/10 positive, 10/10 negative
Do these records refer to the same thing?
(y)es / (n)o / (u)nsure / (f)inished / (p)revious
firstname : leigh
lastname : berge
middlename : claire la
year : 2014
year_papertitle : ((2014, 'scandals and abstraction financial fiction of the long 1980s'), (2014, 'the rules of abstraction methods and discourses of finance'), (2015, 'wages against artwork the social practice of decommodification'), (2016, 'cultures of financialization fictitious capital in popular culture and everyday life by max haiven'), (2016, 'how to make money with words finance performativity language'), (2017, 'reading for neoliberalism reading like neoliberals'), (2018, 'decommodified labor conceptualizing work after the wage'))
keywords : frozenset({'economy', 'labour economics', 'social science', 'finance', 'software engineering', 'aesthetics', 'neoclassical economics'})

firstname : leigh
lastname : berge
middlename : claire la
year : 2008
year_papertitle : ((2008, 'scandals and abstractions 1980s finance and the revaluation of american culture'),)
keywords : frozenset({'american studies', 'finance', 'american history', 'economic history', 'american literature', 'film studies'})

4/10 positive, 10/10 negative
Do these records refer to the same thing?
(y)es / (n)o / (u)nsure / (f)inished / (p)revious
firstname : graeme
lastname : robertson
middlename : b
year : 2003
year_papertitle : ((2003, 'an arab more than muslim electoral gap'), (2004, 'arab not muslim exceptionalism'), (2004, 'leading labor unions politics and protest in new democracies'), (2007, 'rotten states corruption post communism and neoliberalismby leslie holmes'), (2007, 'strikes and labor organization in hybrid regimes'), (2009, 'managing society protest civil society and regime in putin s russia'), (2009, 'responses political science democracy and authoritarianism'), (2010, 'politics justice and the new russian strike'), (2010, 'the politics of protest in hybrid regimes managing dissent in post communist russia'))
keywords : frozenset({'political economy', 'labour economics', 'economic system', 'development economics', 'economic history', 'religious studies', 'public administration', 'criminology'})

firstname : graeme
lastname : robertson
middlename : b
year : 2005
year_papertitle : ((2005, 'all they need is someone to organize it protest and politics in post communist russia'),)
keywords : frozenset({'political science'})

5/10 positive, 10/10 negative
Do these records refer to the same thing?
(y)es / (n)o / (u)nsure / (f)inished / (p)revious
firstname : mary
lastname : malone
middlename : fran t
year : 2002
year_papertitle : ((2002, 'inseguridad y temor en la argentina el impacto de la confianza en la policia y la corrupcion sobre la percepcion ciudadana del crimen'), (2003, 'fear of crime or fear of life public insecurities in chile'), (2004, 'what democracy means to citizens and why it matters'), (2006, 'does it take a village policing strategies and fear of crime in latin america'), (2008, 'book review perez linan a 2007 presidential impeachment and the new political instability in latin america cambridge uk cambridge university press'), (2009, 'where are the good samaritans assessing cross national support for peacekeeping operations'))
keywords : frozenset({'political economy', 'social psychology', 'economic history', 'humanities', 'cartography', 'public administration', 'criminology'})

firstname : mary
lastname : malone
middlename : fran t
year : 2004
year_papertitle : ((2004, 'respect for the law in latin america'),)
keywords : frozenset({'political science'})

5/10 positive, 11/10 negative
Do these records refer to the same thing?
(y)es / (n)o / (u)nsure / (f)inished / (p)revious
firstname : sarah
lastname : walker
middlename : cusworth
year : 2008
year_papertitle : ((2008, 'four facet pcl r structure and cognitive functioning among high violent criminal offenders'), (2010, 'impact of school based health center use on academic outcomes'), (2011, 'adolescent use of school based health centers and high school dropout'), (2012, 'school based health center use and high school dropout rates reply'), (2013, 'child welfare training in child psychiatry residency a program director survey'), (2014, 'using an innovative developmental evaluation framework to promote the use of evidence based practices and programs in violence prevention the seattle youth violence prevention initiative'), (2015, 'a research framework for understanding the practical impact of family involvement in the juvenile justice system the juvenile justice family involvement model'), (2015, 'american indian perspectives on evidence based practice implementation results from a statewide tribal mental health gathering'), (2015, 'impact of peer partner support on self efficacy for justice involved parents a controlled study of juvenile justice 101'), (2015, 'principles in practice a multistate study of gender responsive reforms in the juvenile justice system'))
keywords : frozenset({'clinical psychology', 'family medicine', 'gerontology', 'public relations', 'developmental psychology', 'demography', 'social psychology', 'public administration', 'computer security', 'medical education'})

firstname : sarah
lastname : walker
middlename : cusworth
year : 2005
year_papertitle : ((2005, 'parenting as a moderator of minority adolescent victimization and violent behavior in high risk neighborhoods'),)
keywords : frozenset({'behaviorial sciences', 'criminology', 'social psychology'})

5/10 positive, 12/10 negative
Do these records refer to the same thing?
(y)es / (n)o / (u)nsure / (f)inished / (p)revious
firstname : alejandro
lastname : flores
middlename : quiroz
year : 2009
year_papertitle : ((2009, 'the political survival of foreign ministers'), (2010, 'pakistan s flood of cash'), (2011, 'alliances as contiguity in spatial models of military expenditures'), (2011, 'leader survival and cabinet change'), (2012, 'a competing risks model of war termination and leader change'), (2013, 'leader survival and natural disasters'), (2014, 'united states of america the cabinet'), (2016, 'ministerial survival during political and cabinet change foreign affairs diplomacy and war'))
keywords : frozenset({'political economy', 'keynesian economics', 'law', 'demographic economics', 'public relations', 'development economics', 'public administration', 'operations management'})

firstname : alejandro
lastname : flores
middlename : quiroz
year : 2010
year_papertitle : ((2010, 'the ministerial condition political survival and cabinet change'),)
keywords : frozenset({'international relations', 'political science', 'international law'})

5/10 positive, 13/10 negative
Do these records refer to the same thing?
(y)es / (n)o / (u)nsure / (f)inished / (p)revious
firstname : wayne
lastname : welsh
middlename : n
year : 1991
year_papertitle : ((1991, 'cognitive mediators of aggression test of a causal model'), (1991, 'counties in court interorganizational adaptations to jail litigation in california'), (1991, 'jail litigation in california an empirical assessment'), (1992, 'court orders and county correctional expenditures power of the purse'), (1992, 'editorial introduction a transition for the prison journal'), (1992, 'the dynamics of jail reform litigation a comparative analysis of litigation in california counties'), (1993, 'changes in arrest policies as a result of court orders against county jails'), (1993, 'ideologies and incarceration legislator attitudes toward jail overcrowding'), (1994, 'incarceration as a deviant form of social control jail overcrowding in california'), (1996, 'reducing overrepresentation of minorities in juvenile justice development of community based programs in pennsylvania'))
keywords : frozenset({'public economics', 'law', 'developmental psychology', 'social psychology', 'public administration', 'criminology', 'medical education'})

firstname : wayne
lastname : welsh
middlename : nelson
year : 1990
year_papertitle : ((1990, 'a comparative analysis of court orders against california county jails intervention and impact'),)
keywords : frozenset({'criminology', 'sociology', 'law'})

6/10 positive, 13/10 negative
Do these records refer to the same thing?
(y)es / (n)o / (u)nsure / (f)inished / (p)revious
firstname : silvia
lastname : mendes
middlename : m
year : 2000
year_papertitle : ((2000, 'der politikraum von parteiprogrammen'), (2000, 'property crime and drug enforcement in portugal'), (2001, 'checking the party policy estimates convergent validity'), (2001, 'putting severity of punishment back in the deterrence package'), (2001, 'the policy space of party manifestos'), (2004, 'certainty severity and their relative deterrent effects questioning the implications of the role of risk in criminal deterrence policy'), (2004, 'endogenous economic voting evidence from the 1997 british election'), (2004, 'what are elections for conferring the median mandate'), (2005, 'learning to lose election outcomes democratic experience and political protest potential'), (2007, 'cross temporal and cross national comparisons of party left right positions'))
keywords : frozenset({'economy', 'political economy', 'public relations', 'social psychology', 'positive economics', 'law and economics', 'criminology'})

firstname : silvia
lastname : mendes
middlename : maria vale
year : 2001
year_papertitle : ((2001, 'criminal deterrence policy theory politics and practice'),)
keywords : frozenset({'criminology', 'political science'})

6/10 positive, 14/10 negative
Do these records refer to the same thing?
(y)es / (n)o / (u)nsure / (f)inished / (p)revious
firstname : stephanie
lastname : schulte
middlename : ricker
year : 2008
year_papertitle : ((2008, 'the wargames scenario'), (2008, 'the wargames scenario regulating teenagers and teenaged technology 1980 1984'), (2009, 'self colonizing eeurope the information society merges onto the information superhighway'), (2011, 'surfing feminism s online wave the internet and the future of feminism'), (2012, 'the political power of film traffic s impact on drug policy debates'), (2013, 'cached decoding the internet in global popular culture'), (2013, 'online environmental engagement among youth influence of parents attitudes and demographics'), (2014, 'correlates of political and civic engagement among youth during the 2012 presidential campaign'), (2014, 'youth political consumerism and the 2012 presidential election what influences youth boycotting and buycotting'), (2015, 'feeling mediated a history of media technology and emotion in america'))
keywords : frozenset({'political economy', 'law', 'public relations', 'gender studies', 'social science', 'social psychology', 'multimedia', 'criminology'})

firstname : stephanie
lastname : schulte
middlename : ricker
year : 2008
year_papertitle : ((2008, 'state technology to state of being the making of the internet in global popular culture 1980 2000'),)
keywords : frozenset({'american studies', 'political science', 'mass communications'})

6/10 positive, 14/10 negative
Do these records refer to the same thing?
(y)es / (n)o / (u)nsure / (f)inished / (p)revious
firstname : jessica
lastname : rich
middlename : a j
year : 2008
year_papertitle : ((2008, 'shawn smallman the aids pandemic in latin america chapel hill university of north carolina press 2007 photographs maps bibliography index 290 pp hardcover 59 95 paperback 22 50'), (2012, 'centralizing decentralized governance in brazil'), (2013, 'grassroots bureaucracy intergovernmental relations and popular mobilization in brazil s aids policy sector'))
keywords : frozenset({'classics', 'public administration'})

firstname : jessica
lastname : rich
middlename : a j
year : 2012
year_papertitle : ((2012, 'state driven activism interest mobilization in brazil s aids policy sector'),)
keywords : frozenset({'latin american studies', 'political science', 'public health'})

6/10 positive, 15/10 negative
Do these records refer to the same thing?
(y)es / (n)o / (u)nsure / (f)inished / (p)revious
firstname : trevon
lastname : logan
middlename : d
year : 2005
year_papertitle : ((2005, 'the hidden cost of economic development the biological standard of living in antebellum pennsylvania'), (2005, 'the hidden cost of economic development the biological standard of living in antebellum pennsylvania by timothy cuff burlington vt ashgate 2005 pp vii 277 99 95'), (2006, 'food nutrition and substitution in the late nineteenth century'), (2006, 'is the calorie distribution log normal evidence from the nineteenth century'), (2006, 'nutrition and well being in the late nineteenth century'), (2009, 'are engel curve estimates of cpi bias biased'), (2009, 'health human capital and african american migration before 1910'), (2009, 'hunger a modern history by james vernon cambridge ma the belknap press of harvard university press 2007 pp xii 369 29 95'), (2009, 'south africa s post apartheid two step social demands versus macro stability'), (2009, 'the transformation of hunger the demand for calories past and present'))
keywords : frozenset({'classics', 'statistics', 'public economics', 'demographic economics', 'economic growth', 'development economics', 'demography', 'economic history', 'econometrics'})

firstname : trevon
lastname : logan
middlename : d marcus
year : 2004
year_papertitle : ((2004, 'a window on well being an econometric analysis of late nineteenth century households'),)
keywords : frozenset({'economic history'})

7/10 positive, 15/10 negative
Do these records refer to the same thing?
(y)es / (n)o / (u)nsure / (f)inished / (p)revious
firstname : karen
lastname : snedker
middlename : a
year : 2006
year_papertitle : ((2006, 'altruistic and vicarious fear of crime fear for others and gendered social roles'), (2009, 'contextual effects and adolescent substance use exploring the role of neighborhoods'), (2010, 'long term outcomes for the promoting care suicide prevention program'), (2011, 'practicing what they preach lynching and religion in the american south 1890 1929'), (2012, 'explaining the gender gap in fear of crime assessments of risk and vulnerability among new york city residents'), (2012, 'suicide risk at young adulthood continuities and discontinuities from adolescence'), (2013, 'neighborhood perceptions and emotional well being in young adulthood'))
keywords : frozenset({'clinical psychology', 'social science', 'developmental psychology', 'social psychology', 'psychiatry', 'criminology'})

firstname : karen
lastname : snedker
middlename : ann
year : 2003
year_papertitle : ((2003, 'explaining the dynamics of fear of crime crime disorder and risk on new york city neighborhoods'),)
keywords : frozenset({'criminology', 'sociology'})

8/10 positive, 15/10 negative
Do these records refer to the same thing?
(y)es / (n)o / (u)nsure / (f)inished / (p)revious
firstname : anthony
lastname : braga
middlename : a
year : 1993
year_papertitle : ((1993, 'correctional alternatives for drug offenders in an era of overcrowding'), (1994, 'police perceptions of street level narcotics activity evaluating drug buys as a research tool'), (1996, 'youth violence in boston gun markets serious youth offenders and a use reduction strategy'), (1998, 'homicide in minneapolis research for problem solving'), (1999, 'problem oriented policing in violent crime places a randomized controlled experiment'), (1999, 'youth homicide in boston an assessment of supplementary homicide report data'), (2000, 'problem solving and youth violence an evaluation of the boston gun project'))
keywords : frozenset({'psychiatry', 'computer security', 'criminology', 'applied psychology'})

firstname : anthony
lastname : braga
middlename : allan
year : 1997
year_papertitle : ((1997, 'solving violent crime problems an evaluation of the jersey city police department s pilot program to control violent places'),)
keywords : frozenset({'law', 'criminology', 'public administration'})

8/10 positive, 16/10 negative
Do these records refer to the same thing?
(y)es / (n)o / (u)nsure / (f)inished / (p)revious
firstname : sharon
lastname : rivera
middlename : werning
year : 1996
year_papertitle : ((1996, 'historical cleavages or transition mode influences on the emerging party systems in poland hungary and czechoslovakia'), (2000, 'elites in post communist russia a changing of the guard'), (2002, 'interviewing political elites lessons from russia'))
keywords : frozenset({'economy', 'development economics', 'political economy'})

firstname : sharon
lastname : rivera
middlename : werning
year : 1998
year_papertitle : ((1998, 'communists as democrats elite political culture in post communist russia'),)
keywords : frozenset({'social structure', 'political science'})

8/10 positive, 17/10 negative
Do these records refer to the same thing?
(y)es / (n)o / (u)nsure / (f)inished / (p)revious
firstname : brenda
lastname : blackwell
middlename : sims
year : 1993
year_papertitle : ((1993, 'changes in perceived threats of shame embarrassment and legal sanctions for interpersonal violence 1982 1992'), (1993, 'changes in the sex patterning of perceived threats of sanctions'), (1993, 'religious beliefs and public support for the death penalty for juveniles and adults'), (1994, 'racial differences in perceived sanction threat static and dynamic hypotheses'), (1996, 'religious stability endogamy and the effects of personal religiosity on attitudes toward abortion'), (1996, 'risk preferences and patriarchy extending power control theory'), (1997, 'random drug testing and religion'), (2000, 'perceived sanction threats gender and crime a test and elaboration of power control theory'))
keywords : frozenset({'criminology', 'developmental psychology', 'social psychology'})

firstname : brenda
lastname : blackwell
middlename : sims
year : 1995
year_papertitle : ((1995, 'elaborating power control theory predicting gender differences in social bonds perceived sanction threats and low self control'),)
keywords : frozenset({'social research', 'criminology', 'social psychology'})

8/10 positive, 18/10 negative
Do these records refer to the same thing?
(y)es / (n)o / (u)nsure / (f)inished / (p)revious
firstname : seyyed
lastname : nasr
middlename : vali reza
year : 1992
year_papertitle : ((1992, 'c a qadir philosophy and science in the islamic world london routledge 1990 pp 218'), (1992, 'political islam religion and politics in the arab world by nazih n ayubi 291 pages index bibliography glossary notes tables london routledge 1991 isbn 0 415 05442 7'), (1993, 'iran after khomeini by shireen t hunter 155 pages foreword by david d newsom index new york praeger and center for strategic and international studies 1992 14 95 paper isbn 0 275 94292 9'), (1993, 'islamic opposition to the islamic state the jama at i islami 1977 88'), (1993, 'joyce n wiley the islamic movement of iraqi shi as boulder colo lynne rienner 1992 pp 200'), (1993, 'religious modernism in the arab world india and iran the perils and prospects of a discourse'), (1993, 'the islamic threat myth or reality by john l esposito 243 pages notes select bibliography index new york oxford oxford university press 1992 22 cloth isbn 0 19 507184 0'), (1994, 'the vanguard of the islamic revolution the jama at i islami of pakistan'), (1994, 'vernon james schubel religious performance in contemporary islam shi i devotional rituals in south asia columbia s c university of south carolina press 1993 pp 213'), (1995, 'democracy and islamic revivalism'))
keywords : frozenset({'ancient history', 'classics', 'ethnology', 'law', 'social science', 'media studies', 'development economics', 'library science', 'religious studies', 'theology', 'humanities'})

firstname : seyyed
lastname : nasr
middlename : vali reza
year : 1991
year_papertitle : ((1991, 'the politics of an islamic movement the jama at i islami in pakistan'),)
keywords : frozenset({'political science', 'biographies', 'history'})

9/10 positive, 18/10 negative
Do these records refer to the same thing?
(y)es / (n)o / (u)nsure / (f)inished / (p)revious
firstname : laura
lastname : zanotti
middlename : None
year : 2005
year_papertitle : ((2005, 'governmentalizing the post cold war international regime the un debate on democratization and good governance'), (2006, 'taming chaos a foucauldian view of un peacekeeping democracy and normalization'), (2008, 'conflicting cultures of nature ecotourism education and the kayapo of the brazilian amazon'), (2008, 'imagining democracy building unsustainable institutions the un peacekeeping operation in haiti'), (2008, 'normalizing democracy and human rights discipline resistance and carceralization in croatia s euro atlantic integration'), (2009, 'commons and markets opportunities for development of local sustainability'), (2009, 'economic diversification and sustainable development the role non timber forest products play in the monetization of kayapo livelihoods'), (2010, 'cacophonies of aid failed state building and ngos in haiti setting the stage for disaster envisioning the future'), (2010, 'un integrated peacekeeping operations and ngos reflections on governmental rationalities and contestation in the age of risk'), (2011, 'governing disorder un peace operations international security and democratization in the post cold war era'))
keywords : frozenset({'political economy', 'environmental resource management', 'environmental ethics', 'economic system', 'law', 'economic growth', 'development economics', 'natural resource economics', 'agricultural economics', 'public administration'})

firstname : laura
lastname : zanotti
middlename : None
year : 2004
year_papertitle : ((2004, 'disciplining democracy united nations peacekeeping international security and democratization in the post cold war era'),)
keywords : frozenset({'international relations', 'political science', 'international law'})

10/10 positive, 18/10 negative
Do these records refer to the same thing?
(y)es / (n)o / (u)nsure / (f)inished / (p)revious
firstname : carl
lastname : wilmsen
middlename : None
year : 2001
year_papertitle : ((2001, 'sustained yield recast the politics of sustainability in vallecitos new mexico'), (2007, 'book reviewsseeing the forest and the trees human environment interactions in forest ecosystems emilio f moran elinor ostrom eds the mit press cambridge massachusetts 2005 442 pp isbn 0 262 13453 5'), (2007, 'maintaining the environmental racial order in northern new mexico'), (2008, 'a review of kosek jake understories the political life of forests in northern new mexico'))
keywords : frozenset({'economy', 'environmental resource management', 'political economy', 'gender studies', 'development economics', 'forestry'})

firstname : carl
lastname : wilmsen
middlename : None
year : 1997
year_papertitle : ((1997, 'fighting for the forest sustainability and social justice in vallecitos new mexico'),)
keywords : frozenset({'american studies', 'geography', 'environmental science', 'forestry', 'public administration'})

11/10 positive, 18/10 negative
Do these records refer to the same thing?
(y)es / (n)o / (u)nsure / (f)inished / (p)revious
firstname : mary
lastname : hill
middlename : lynne gasaway
year : 2002
year_papertitle : ((2002, 're shaping our words re shaping our world crimes against humanity and other signs of the times'), (2008, 'catholic social teaching and civic engagement grounding civic praxis in catholic theory'), (2008, 'staying on topic changing the topic language and gender in the 1995 louisiana governor s race'))
keywords : frozenset({'pedagogy', 'social psychology', 'law'})

firstname : mary
lastname : hill
middlename : lynne gasaway
year : 1999
year_papertitle : ((1999, 'language and gender in the race for the louisiana governor s mansion'),)
keywords : frozenset({'political science', 'language', 'linguistics'})

12/10 positive, 18/10 negative
Do these records refer to the same thing?
(y)es / (n)o / (u)nsure / (f)inished / (p)revious
firstname : jennifer
lastname : cyr
middlename : None
year : 2009
year_papertitle : ((2009, 'mapping political legitimacy in latin america'), (2010, 'la legitimite politique en amerique latine exercices de cartographie regionale'), (2013, 'do electoral laws affect women s representation'), (2015, 'making or breaking politics social conflicts and party system change in democratic bolivia'), (2016, 'between adaptation and breakdown conceptualizing party survival'), (2016, 'the pitfalls and promise of focus groups as a data collection method'))
keywords : frozenset({'management science', 'political economy', 'law', 'economic system', 'social science', 'social psychology', 'humanities', 'medical education'})

firstname : jennifer
lastname : cyr
middlename : marie
year : 2012
year_papertitle : ((2012, 'from collapse to comeback the fates of political parties in latin america'),)
keywords : frozenset({'organization theory', 'latin american studies', 'political science', 'organizational behavior'})

12/10 positive, 19/10 negative
Do these records refer to the same thing?
(y)es / (n)o / (u)nsure / (f)inished / (p)revious
firstname : christopher
lastname : latimer
middlename : None
year : 2009
year_papertitle : ((2009, 'understanding the complexity of the digital divide in relation to the quality of house campaign websites in the united states'), (2012, 'how young people are using communication technologies as platforms and pathways to engagement what the research tells us'))
keywords : frozenset({'public relations', 'marketing', 'multimedia', 'internet privacy'})

firstname : christopher
lastname : latimer
middlename : peter
year : 2005
year_papertitle : ((2005, 'internet quality politics context and the relative quality of candidate websites in the 2002 election'),)
keywords : frozenset({'mass media', 'marketing', 'political science'})

12/10 positive, 20/10 negative
Do these records refer to the same thing?
(y)es / (n)o / (u)nsure / (f)inished / (p)revious
Finished labeling
INFO:rlr.crossvalidation:using cross validation to find optimum alpha...
INFO:rlr.crossvalidation:optimum alpha: 0.000010, score 0.7100913435278668
INFO:dedupe.training:Final predicate set:
INFO:dedupe.training:TfidfTextSearchPredicate: (0.6, lastname)
Done in 8721.347451555728 minutes.
