/home/flavio/miniconda3/envs/science-career-tempenv/lib/python3.9/site-packages/numpy/core/getlimits.py:500: UserWarning: The value of the smallest subnormal for <class 'numpy.float64'> type is zero.
  setattr(self, word, getattr(machar, word).flat[0])
/home/flavio/miniconda3/envs/science-career-tempenv/lib/python3.9/site-packages/numpy/core/getlimits.py:89: UserWarning: The value of the smallest subnormal for <class 'numpy.float64'> type is zero.
  return self._float_to_str(self.smallest_subnormal)
/home/flavio/miniconda3/envs/science-career-tempenv/lib/python3.9/site-packages/numpy/core/getlimits.py:500: UserWarning: The value of the smallest subnormal for <class 'numpy.float32'> type is zero.
  setattr(self, word, getattr(machar, word).flat[0])
/home/flavio/miniconda3/envs/science-career-tempenv/lib/python3.9/site-packages/numpy/core/getlimits.py:89: UserWarning: The value of the smallest subnormal for <class 'numpy.float32'> type is zero.
  return self._float_to_str(self.smallest_subnormal)
Namespace(testing=False, verbose=1, field=['chemistry'], train_name='flavio_baseline_update', startyear=1985, endyear=2022, mergemode='1:1', recall=0.9, institution='True', fieldofstudy_cat='False', fieldofstudy_str='False', keywords='False', retrain='True', linking_type='advisors')
Have max 6 cores available
Testing is False 

finished setup ... 
firstname : abraham
lastname : clearfield
middlename : None
year_range : (2014,)
main_us_institutions_year : ((2014, 'texas a m university college station'),)
all_us_institutions_year : ((2014, 'texas a m university college station'),)

firstname : abraham
lastname : clearfield
middlename : None
year_range : (1958, 2020)
main_us_institutions_year : ((1973, 'brookhaven national laboratory'), (1977, 'brookhaven national laboratory'), (1977, 'texas a m university'), (1978, 'texas a m university'), (1979, 'texas a m university'), (1980, 'texas a m university'), (1981, 'texas a m university'), (1982, 'texas a m university'), (1983, 'texas a m university'), (1984, 'texas a m university'), (1985, 'texas a m university'), (1986, 'texas a m university'), (1987, 'texas a m university'), (1988, 'texas a m university'), (1989, 'texas a m university'), (1990, 'texas a m university'), (1991, 'texas a m university'), (1992, 'texas a m university'), (1993, 'texas a m university'), (1994, 'texas a m university'), (1995, 'texas a m university'), (1996, 'texas a m university'), (1997, 'texas a m university'), (1998, 'texas a m university'), (1999, 'texas a m university'), (2000, 'texas a m university'), (2001, 'texas a m university'), (2002, 'texas a m university'), (2003, 'texas a m university'), (2004, 'texas a m university'), (2005, 'texas a m university'), (2006, 'texas a m university'), (2007, 'texas a m university'), (2008, 'texas a m university'), (2009, 'texas a m university'), (2010, 'texas a m university'), (2011, 'texas a m university'), (2012, 'texas a m university'), (2013, 'texas a m university'), (2014, 'texas a m university'), (2015, 'texas a m university'), (2016, 'texas a m university'), (2017, 'texas a m university'), (2018, 'texas a m university'), (2019, 'texas a m university'), (2020, 'texas a m university'))
all_us_institutions_year : ((1973, 'brookhaven national laboratory'), (1977, 'brookhaven national laboratory'), (1977, 'texas a m university'), (1978, 'texas a m university'), (1979, 'texas a m university'), (1980, 'texas a m university'), (1981, 'texas a m university'), (1982, 'texas a m university'), (1983, 'texas a m university'), (1984, 'texas a m university'), (1985, 'texas a m university'), (1986, 'texas a m university'), (1987, 'texas a m university'), (1988, 'texas a m university'), (1989, 'texas a m university'), (1990, 'texas a m university'), (1991, 'texas a m university'), (1992, 'texas a m university'), (1993, 'texas a m university'), (1994, 'texas a m university'), (1995, 'texas a m university'), (1996, 'texas a m university'), (1997, 'texas a m university'), (1998, 'texas a m university'), (1999, 'texas a m university'), (2000, 'texas a m university'), (2001, 'texas a m university'), (2002, 'texas a m university'), (2003, 'texas a m university'), (2004, 'texas a m university'), (2005, 'texas a m university'), (2006, 'texas a m university'), (2007, 'texas a m university'), (2008, 'bowling green state university'), (2008, 'brookhaven national laboratory'), (2008, 'texas a m university'), (2009, 'texas a m university'), (2010, 'texas a m university'), (2011, 'texas a m university'), (2012, 'texas a m university'), (2013, 'texas a m university'), (2014, 'texas a m university'), (2015, 'texas a m university'), (2016, 'texas a m university'), (2017, 'texas a m university'), (2018, 'texas a m university'), (2019, 'texas a m university'), (2020, 'texas a m university'))

28/10 positive, 62/10 negative
Do these records refer to the same thing?
(y)es / (n)o / (u)nsure / (f)inished
Preparing temp tables for info of proquest authors... 


        SELECT relationship_id
                , year
                , year AS year_range
                , firstname 
                , lastname
                , CASE TRIM(SUBSTR(middle_lastname, 1, l_fullname-l_firstname-l_lastname - 1)) 
                    WHEN 
                        "" THEN NULL 
                        ELSE TRIM(SUBSTR(middle_lastname, 1, l_fullname-l_firstname-l_lastname - 1)) 
                    END AS middlename
                , fieldofstudy
                , keywords
                , institution
                , year || "//" || institution as main_us_institutions_year
                , year || "//" || institution as all_us_institutions_year
        FROM (
            SELECT goid
                , relationship_id
                , degree_year AS year 
                , a.fullname 
                , SUBSTR(TRIM(a.fullname),1,instr(trim(a.fullname)||' ',' ')-1) AS firstname
                , REPLACE(a.fullname, RTRIM(a.fullname, REPLACE(a.fullname, " ", "")), "") AS lastname 
                , TRIM(SUBSTR(a.fullname, length(SUBSTR(TRIM(a.fullname),1,instr(trim(a.fullname)||' ',' ')-1)) + 1)) AS middle_lastname 
                , length(a.fullname) AS l_fullname 
                , length(SUBSTR(TRIM(a.fullname),1,instr(trim(a.fullname)||' ',' ')-1) ) AS l_firstname
                , length(REPLACE(a.fullname, RTRIM(a.fullname, REPLACE(a.fullname, " ", "")), "")) AS l_lastname
                , fieldname AS fieldofstudy
                , university_id
            FROM pq_authors 
            INNER JOIN (
                SELECT goid, fieldname 
                FROM pq_fields_mag
                WHERE mag_field0 IN (?)
            ) USING (goid)
            INNER JOIN ( --# NOTE: this only keeps the theses where at least one advisor is present
                SELECT *, firstname || ' ' || lastname AS fullname
                FROM pq_advisors
            ) AS a USING(goid)
        )
        -- ## NOTE: use left join here as not all graduates have advisor (particularly pre-1980) and possibly also keywords
        LEFT JOIN pq_keywords USING(goid) 
        INNER JOIN (
            SELECT university_id, normalizedname as institution
            FROM pq_unis --## mark: previously we linked advisors anywhere in the world (as career outcomes). for now, focus on US
            WHERE location like "%United States%"
        ) USING(university_id)
        WHERE year >= 1985 and year <= 2022 AND length(firstname) > 1
         


    SELECT f.AuthorId
        , f.year
        , f.YearLastPub
        , f.firstname
        , f.lastname
        , CASE TRIM(SUBSTR(f.middle_lastname, 1, f.l_fullname - f.l_firstname - f.l_lastname - 1)) 
            WHEN 
                "" THEN NULL 
                ELSE TRIM(SUBSTR(f.middle_lastname, 1, f.l_fullname - f.l_firstname - f.l_lastname - 1)) 
            END as middlename 
            -- ## NOTE this gives "" for middlename when it is missing 
        , f.fieldofstudy
        , g.keywords
        , g.coauthors
        , g.institution
        , g.main_us_institutions_year
         
        , f.year || ";" || f.YearLastPub AS year_range 
        , g.all_us_institutions_year
    
    FROM (
        SELECT a.AuthorId
            , a.YearFirstPub AS year
            , a.YearLastPub 
            , a.FirstName AS firstname
            , REPLACE(b.NormalizedName, RTRIM(b.NormalizedName, REPLACE(b.NormalizedName, " ", "")), "") AS lastname 
                    -- https://stackoverflow.com/questions/21388820/how-to-get-the-last-index-of-a-substring-in-sqlite
            , TRIM(SUBSTR(b.NormalizedName, length(a.FirstName) + 1)) AS middle_lastname 
                    -- this gives all except the first name 
            , length(b.NormalizedName) as l_fullname 
            , length(a.FirstName) as l_firstname
            , length(REPLACE(b.NormalizedName, RTRIM(b.NormalizedName, REPLACE(b.NormalizedName, " ", "")), "")) as l_lastname
            , e.NormalizedName AS fieldofstudy
        FROM author_sample AS a
        INNER JOIN (
            SELECT AuthorId, NormalizedName
            FROM Authors
        ) AS b USING(AuthorId)
        INNER JOIN (
            -- ## mark: different from linking graduates. filter on field0
            SELECT AuthorId, NormalizedName
            FROM author_fields c
            INNER JOIN (
                SELECT FieldOfStudyId, NormalizedName
                FROM FieldsOfStudy
            ) AS d USING(FieldOfStudyId)
            WHERE FieldClass = 'main'
                AND FieldOfStudyId IN (?)
        ) AS e USING(AuthorId)
    ) f
    LEFT JOIN (
        SELECT AuthorId
                , main_us_institutions_career as institution
                , coauthors
                , keywords
                , main_us_institutions_year
                , all_us_institutions_year
        FROM author_info_linking
    ) AS g USING(AuthorId)
    
    WHERE length(firstname) > 1 AND f.YearLastPub >= 1985 - 5 AND year <= 2022 + 5 AND institution is not NULL
     

Reading labelled examples from /mnt/ssd/DedupeFiles/advisors/training_chemistry_1985_2022_institutionTrue_fieldofstudy_catFalse_fieldofstudy_strFalse_keywordsFalseflavio_baseline_update.json
Starting active labeling...
firstname : martin
lastname : newcomb
middlename : e
year_range : (1993,)
main_us_institutions_year : ((1993, 'texas a m university college station'),)
all_us_institutions_year : ((1993, 'texas a m university college station'),)

firstname : martin
lastname : newcomb
middlename : None
year_range : (1979, 1991)
main_us_institutions_year : ((1979, 'texas a m university'), (1982, 'texas a m university'), (1983, 'colorado state university'), (1983, 'texas a m university'), (1984, 'texas a m university'), (1985, 'texas a m university'), (1986, 'texas a m university'), (1987, 'texas a m university'), (1988, 'texas a m university'), (1989, 'texas a m university'), (1990, 'texas a m university'), (1991, 'texas a m university'))
all_us_institutions_year : ((1979, 'texas a m university'), (1982, 'texas a m university'), (1983, 'colorado state university'), (1983, 'texas a m university'), (1984, 'texas a m university'), (1985, 'texas a m university'), (1986, 'texas a m university'), (1987, 'texas a m university'), (1988, 'texas a m university'), (1988, 'university of pittsburgh'), (1989, 'texas a m university'), (1990, 'texas a m university'), (1991, 'texas a m university'), (1992, 'texas a m university'))

29/10 positive, 62/10 negative
Do these records refer to the same thing?
(y)es / (n)o / (u)nsure / (f)inished / (p)revious
firstname : abraham
lastname : clearfield
middlename : None
year_range : (2014,)
main_us_institutions_year : ((2014, 'texas a m university college station'),)
all_us_institutions_year : ((2014, 'texas a m university college station'),)

firstname : abraham
lastname : clearfield
middlename : None
year_range : (1958, 2020)
main_us_institutions_year : ((1973, 'brookhaven national laboratory'), (1977, 'brookhaven national laboratory'), (1977, 'texas a m university'), (1978, 'texas a m university'), (1979, 'texas a m university'), (1980, 'texas a m university'), (1981, 'texas a m university'), (1982, 'texas a m university'), (1983, 'texas a m university'), (1984, 'texas a m university'), (1985, 'texas a m university'), (1986, 'texas a m university'), (1987, 'texas a m university'), (1988, 'texas a m university'), (1989, 'texas a m university'), (1990, 'texas a m university'), (1991, 'texas a m university'), (1992, 'texas a m university'), (1993, 'texas a m university'), (1994, 'texas a m university'), (1995, 'texas a m university'), (1996, 'texas a m university'), (1997, 'texas a m university'), (1998, 'texas a m university'), (1999, 'texas a m university'), (2000, 'texas a m university'), (2001, 'texas a m university'), (2002, 'texas a m university'), (2003, 'texas a m university'), (2004, 'texas a m university'), (2005, 'texas a m university'), (2006, 'texas a m university'), (2007, 'texas a m university'), (2008, 'texas a m university'), (2009, 'texas a m university'), (2010, 'texas a m university'), (2011, 'texas a m university'), (2012, 'texas a m university'), (2013, 'texas a m university'), (2014, 'texas a m university'), (2015, 'texas a m university'), (2016, 'texas a m university'), (2017, 'texas a m university'), (2018, 'texas a m university'), (2019, 'texas a m university'), (2020, 'texas a m university'))
all_us_institutions_year : ((1973, 'brookhaven national laboratory'), (1977, 'brookhaven national laboratory'), (1977, 'texas a m university'), (1978, 'texas a m university'), (1979, 'texas a m university'), (1980, 'texas a m university'), (1981, 'texas a m university'), (1982, 'texas a m university'), (1983, 'texas a m university'), (1984, 'texas a m university'), (1985, 'texas a m university'), (1986, 'texas a m university'), (1987, 'texas a m university'), (1988, 'texas a m university'), (1989, 'texas a m university'), (1990, 'texas a m university'), (1991, 'texas a m university'), (1992, 'texas a m university'), (1993, 'texas a m university'), (1994, 'texas a m university'), (1995, 'texas a m university'), (1996, 'texas a m university'), (1997, 'texas a m university'), (1998, 'texas a m university'), (1999, 'texas a m university'), (2000, 'texas a m university'), (2001, 'texas a m university'), (2002, 'texas a m university'), (2003, 'texas a m university'), (2004, 'texas a m university'), (2005, 'texas a m university'), (2006, 'texas a m university'), (2007, 'texas a m university'), (2008, 'bowling green state university'), (2008, 'brookhaven national laboratory'), (2008, 'texas a m university'), (2009, 'texas a m university'), (2010, 'texas a m university'), (2011, 'texas a m university'), (2012, 'texas a m university'), (2013, 'texas a m university'), (2014, 'texas a m university'), (2015, 'texas a m university'), (2016, 'texas a m university'), (2017, 'texas a m university'), (2018, 'texas a m university'), (2019, 'texas a m university'), (2020, 'texas a m university'))

28/10 positive, 62/10 negative
Do these records refer to the same thing?
(y)es / (n)o / (u)nsure / (f)inished
firstname : martin
lastname : newcomb
middlename : e
year_range : (1993,)
main_us_institutions_year : ((1993, 'texas a m university college station'),)
all_us_institutions_year : ((1993, 'texas a m university college station'),)

firstname : martin
lastname : newcomb
middlename : None
year_range : (1979, 1991)
main_us_institutions_year : ((1979, 'texas a m university'), (1982, 'texas a m university'), (1983, 'colorado state university'), (1983, 'texas a m university'), (1984, 'texas a m university'), (1985, 'texas a m university'), (1986, 'texas a m university'), (1987, 'texas a m university'), (1988, 'texas a m university'), (1989, 'texas a m university'), (1990, 'texas a m university'), (1991, 'texas a m university'))
all_us_institutions_year : ((1979, 'texas a m university'), (1982, 'texas a m university'), (1983, 'colorado state university'), (1983, 'texas a m university'), (1984, 'texas a m university'), (1985, 'texas a m university'), (1986, 'texas a m university'), (1987, 'texas a m university'), (1988, 'texas a m university'), (1988, 'university of pittsburgh'), (1989, 'texas a m university'), (1990, 'texas a m university'), (1991, 'texas a m university'), (1992, 'texas a m university'))

29/10 positive, 62/10 negative
Do these records refer to the same thing?
(y)es / (n)o / (u)nsure / (f)inished / (p)revious
firstname : abraham
lastname : clearfield
middlename : None
year_range : (2014,)
main_us_institutions_year : ((2014, 'texas a m university college station'),)
all_us_institutions_year : ((2014, 'texas a m university college station'),)

firstname : abraham
lastname : clearfield
middlename : None
year_range : (1958, 2020)
main_us_institutions_year : ((1973, 'brookhaven national laboratory'), (1977, 'brookhaven national laboratory'), (1977, 'texas a m university'), (1978, 'texas a m university'), (1979, 'texas a m university'), (1980, 'texas a m university'), (1981, 'texas a m university'), (1982, 'texas a m university'), (1983, 'texas a m university'), (1984, 'texas a m university'), (1985, 'texas a m university'), (1986, 'texas a m university'), (1987, 'texas a m university'), (1988, 'texas a m university'), (1989, 'texas a m university'), (1990, 'texas a m university'), (1991, 'texas a m university'), (1992, 'texas a m university'), (1993, 'texas a m university'), (1994, 'texas a m university'), (1995, 'texas a m university'), (1996, 'texas a m university'), (1997, 'texas a m university'), (1998, 'texas a m university'), (1999, 'texas a m university'), (2000, 'texas a m university'), (2001, 'texas a m university'), (2002, 'texas a m university'), (2003, 'texas a m university'), (2004, 'texas a m university'), (2005, 'texas a m university'), (2006, 'texas a m university'), (2007, 'texas a m university'), (2008, 'texas a m university'), (2009, 'texas a m university'), (2010, 'texas a m university'), (2011, 'texas a m university'), (2012, 'texas a m university'), (2013, 'texas a m university'), (2014, 'texas a m university'), (2015, 'texas a m university'), (2016, 'texas a m university'), (2017, 'texas a m university'), (2018, 'texas a m university'), (2019, 'texas a m university'), (2020, 'texas a m university'))
all_us_institutions_year : ((1973, 'brookhaven national laboratory'), (1977, 'brookhaven national laboratory'), (1977, 'texas a m university'), (1978, 'texas a m university'), (1979, 'texas a m university'), (1980, 'texas a m university'), (1981, 'texas a m university'), (1982, 'texas a m university'), (1983, 'texas a m university'), (1984, 'texas a m university'), (1985, 'texas a m university'), (1986, 'texas a m university'), (1987, 'texas a m university'), (1988, 'texas a m university'), (1989, 'texas a m university'), (1990, 'texas a m university'), (1991, 'texas a m university'), (1992, 'texas a m university'), (1993, 'texas a m university'), (1994, 'texas a m university'), (1995, 'texas a m university'), (1996, 'texas a m university'), (1997, 'texas a m university'), (1998, 'texas a m university'), (1999, 'texas a m university'), (2000, 'texas a m university'), (2001, 'texas a m university'), (2002, 'texas a m university'), (2003, 'texas a m university'), (2004, 'texas a m university'), (2005, 'texas a m university'), (2006, 'texas a m university'), (2007, 'texas a m university'), (2008, 'bowling green state university'), (2008, 'brookhaven national laboratory'), (2008, 'texas a m university'), (2009, 'texas a m university'), (2010, 'texas a m university'), (2011, 'texas a m university'), (2012, 'texas a m university'), (2013, 'texas a m university'), (2014, 'texas a m university'), (2015, 'texas a m university'), (2016, 'texas a m university'), (2017, 'texas a m university'), (2018, 'texas a m university'), (2019, 'texas a m university'), (2020, 'texas a m university'))

28/10 positive, 62/10 negative
Do these records refer to the same thing?
(y)es / (n)o / (u)nsure / (f)inished
firstname : martin
lastname : newcomb
middlename : e
year_range : (1993,)
main_us_institutions_year : ((1993, 'texas a m university college station'),)
all_us_institutions_year : ((1993, 'texas a m university college station'),)

firstname : martin
lastname : newcomb
middlename : None
year_range : (1979, 1991)
main_us_institutions_year : ((1979, 'texas a m university'), (1982, 'texas a m university'), (1983, 'colorado state university'), (1983, 'texas a m university'), (1984, 'texas a m university'), (1985, 'texas a m university'), (1986, 'texas a m university'), (1987, 'texas a m university'), (1988, 'texas a m university'), (1989, 'texas a m university'), (1990, 'texas a m university'), (1991, 'texas a m university'))
all_us_institutions_year : ((1979, 'texas a m university'), (1982, 'texas a m university'), (1983, 'colorado state university'), (1983, 'texas a m university'), (1984, 'texas a m university'), (1985, 'texas a m university'), (1986, 'texas a m university'), (1987, 'texas a m university'), (1988, 'texas a m university'), (1988, 'university of pittsburgh'), (1989, 'texas a m university'), (1990, 'texas a m university'), (1991, 'texas a m university'), (1992, 'texas a m university'))

29/10 positive, 62/10 negative
Do these records refer to the same thing?
(y)es / (n)o / (u)nsure / (f)inished / (p)revious
firstname : adam
lastname : whalley
middlename : c
year_range : (2017,)
main_us_institutions_year : ((2017, 'university of vermont and state agricultural college'),)
all_us_institutions_year : ((2017, 'university of vermont and state agricultural college'),)

firstname : adam
lastname : whalley
middlename : c
year_range : (2006, 2020)
main_us_institutions_year : ((2006, 'columbia university'), (2007, 'columbia university'), (2008, 'columbia university'), (2009, 'columbia university'), (2010, 'lawrence berkeley national laboratory'), (2011, 'northwestern university'), (2012, 'northwestern university'), (2013, 'northwestern university'), (2014, 'university of vermont'), (2014, 'northwestern university'), (2016, 'university of vermont'), (2020, 'university of vermont'))
all_us_institutions_year : ((2006, 'columbia university'), (2007, 'columbia university'), (2008, 'columbia university'), (2009, 'columbia university'), (2010, 'lawrence berkeley national laboratory'), (2011, 'columbia university'), (2011, 'northwestern university'), (2012, 'northwestern university'), (2013, 'northwestern university'), (2014, 'northwestern university'), (2014, 'university of vermont'), (2015, 'university of vermont'), (2016, 'university of vermont'), (2020, 'university of vermont'))

30/10 positive, 62/10 negative
Do these records refer to the same thing?
(y)es / (n)o / (u)nsure / (f)inished / (p)revious
firstname : robert
lastname : lalonde
middlename : t
year_range : (1994,)
main_us_institutions_year : ((1994, 'state university of new york system'),)
all_us_institutions_year : ((1994, 'state university of new york system'),)

firstname : robert
lastname : lalonde
middlename : t
year_range : (1970, 2004)
main_us_institutions_year : ((1974, 'state university of new york college of environmental science and forestry'), (1975, 'state university of new york college of environmental science and forestry'), (1976, 'state university of new york college of environmental science and forestry'), (1977, 'state university of new york college of environmental science and forestry'), (1987, 'state university of new york college of environmental science and forestry'), (1990, 'state university of new york college of environmental science and forestry'), (1991, 'state university of new york college of environmental science and forestry'), (1993, 'state university of new york college of environmental science and forestry'), (1994, 'state university of new york college of environmental science and forestry'), (2003, 'state university of new york college of environmental science and forestry'), (2004, 'state university of new york college of environmental science and forestry'))
all_us_institutions_year : ((1974, 'state university of new york college of environmental science and forestry'), (1975, 'state university of new york college of environmental science and forestry'), (1976, 'state university of new york college of environmental science and forestry'), (1977, 'state university of new york college of environmental science and forestry'), (1987, 'state university of new york college of environmental science and forestry'), (1990, 'state university of new york college of environmental science and forestry'), (1991, 'state university of new york college of environmental science and forestry'), (1993, 'state university of new york college of environmental science and forestry'), (1994, 'state university of new york college of environmental science and forestry'), (2003, 'state university of new york college of environmental science and forestry'), (2004, 'state university of new york college of environmental science and forestry'))

31/10 positive, 62/10 negative
Do these records refer to the same thing?
(y)es / (n)o / (u)nsure / (f)inished / (p)revious
firstname : michael
lastname : wong
middlename : None
year_range : (2018,)
main_us_institutions_year : ((2018, 'rice university'),)
all_us_institutions_year : ((2018, 'rice university'),)

firstname : michael
lastname : wong
middlename : k y
year_range : (1986, 2003)
main_us_institutions_year : ((1986, 'princeton university'),)
all_us_institutions_year : ((1986, 'princeton university'), (1987, 'princeton university'))

32/10 positive, 62/10 negative
Do these records refer to the same thing?
(y)es / (n)o / (u)nsure / (f)inished / (p)revious
firstname : jingsong
lastname : zhang
middlename : None
year_range : (2011,)
main_us_institutions_year : ((2011, 'university of california riverside'),)
all_us_institutions_year : ((2011, 'university of california riverside'),)

firstname : li
lastname : zhang
middlename : None
year_range : (2006, 2012)
main_us_institutions_year : ((2006, 'university of california riverside'), (2007, 'university of california riverside'), (2008, 'university of california riverside'))
all_us_institutions_year : ((2006, 'university of california riverside'), (2007, 'university of california riverside'), (2008, 'university of california'), (2008, 'university of california riverside'))

32/10 positive, 63/10 negative
Do these records refer to the same thing?
(y)es / (n)o / (u)nsure / (f)inished / (p)revious
firstname : catherine
lastname : fenselau
middlename : None
year_range : (2003,)
main_us_institutions_year : ((2003, 'university of maryland college park'),)
all_us_institutions_year : ((2003, 'university of maryland college park'),)

firstname : catherine
lastname : fenselau
middlename : None
year_range : (1990, 1994)
main_us_institutions_year : ((1990, 'university of maryland baltimore county'), (1993, 'university of maryland baltimore county'), (1994, 'university of maryland baltimore county'))
all_us_institutions_year : ((1990, 'university of maryland baltimore county'), (1993, 'university of maryland baltimore county'), (1994, 'university of maryland baltimore county'))

32/10 positive, 64/10 negative
Do these records refer to the same thing?
(y)es / (n)o / (u)nsure / (f)inished / (p)revious
firstname : sarah
lastname : trimpin
middlename : None
year_range : (2013,)
main_us_institutions_year : ((2013, 'wayne state university'),)
all_us_institutions_year : ((2013, 'wayne state university'),)

firstname : sarah
lastname : trimpin
middlename : None
year_range : (2004, 2005)
main_us_institutions_year : ((2004, 'oregon state university'), (2005, 'oregon state university'))
all_us_institutions_year : ((2004, 'oregon state university'), (2005, 'oregon state university'))

32/10 positive, 64/10 negative
Do these records refer to the same thing?
(y)es / (n)o / (u)nsure / (f)inished / (p)revious
firstname : henry
lastname : freiser
middlename : None
year_range : (1989,)
main_us_institutions_year : ((1989, 'university of arizona'),)
all_us_institutions_year : ((1989, 'university of arizona'),)

firstname : ben
lastname : freiser
middlename : s
year_range : (1970, 1983)
main_us_institutions_year : ((1970, 'university of arizona'),)
all_us_institutions_year : ((1970, 'university of arizona'),)

32/10 positive, 65/10 negative
Do these records refer to the same thing?
(y)es / (n)o / (u)nsure / (f)inished / (p)revious
firstname : francisco
lastname : valle
middlename : r del
year_range : (2006,)
main_us_institutions_year : ((2006, 'new mexico state university'),)
all_us_institutions_year : ((2006, 'new mexico state university'),)

firstname : juan
lastname : valle
middlename : r del
year_range : (2002, 2021)
main_us_institutions_year : ((2002, 'university of california san diego'), (2003, 'university of california san diego'), (2004, 'university of california san diego'), (2005, 'university of california san diego'), (2008, 'new mexico state university'), (2009, 'new mexico state university'), (2012, 'university of south florida'), (2015, 'university of south florida'), (2016, 'university of south florida'), (2017, 'university of south florida'), (2018, 'university of south florida'), (2019, 'university of south florida'), (2020, 'university of notre dame'), (2021, 'university of notre dame'))
all_us_institutions_year : ((2002, 'university of california san diego'), (2003, 'university of california san diego'), (2004, 'university of california san diego'), (2005, 'university of california san diego'), (2008, 'new mexico state university'), (2009, 'new mexico state university'), (2012, 'university of south florida'), (2015, 'university of south florida'), (2016, 'university of south florida'), (2017, 'university of south florida'), (2018, 'university of south florida'), (2019, 'university of south florida'), (2020, 'university of notre dame'), (2020, 'university of south florida'), (2021, 'university of notre dame'))

32/10 positive, 66/10 negative
Do these records refer to the same thing?
(y)es / (n)o / (u)nsure / (f)inished / (p)revious
firstname : paul
lastname : hudrlik
middlename : f
year_range : (1999,)
main_us_institutions_year : ((1999, 'howard university'),)
all_us_institutions_year : ((1999, 'howard university'),)

firstname : paul
lastname : hudrlik
middlename : f
year_range : (1973, 2010)
main_us_institutions_year : ((1979, 'university of washington'), (1984, 'university of washington'), (1985, 'university of washington'), (1988, 'university of washington'), (1996, 'university of washington'), (1997, 'university of washington'), (2007, 'university of washington'))
all_us_institutions_year : ((1979, 'university of washington'), (1984, 'university of washington'), (1985, 'university of washington'), (1988, 'university of washington'), (1989, 'howard university'), (1993, 'howard university'), (1996, 'howard university'), (1996, 'university of washington'), (1997, 'university of washington'), (1998, 'howard university'), (2007, 'university of washington'), (2008, 'howard university'))

33/10 positive, 66/10 negative
Do these records refer to the same thing?
(y)es / (n)o / (u)nsure / (f)inished / (p)revious
firstname : abraham
lastname : clearfield
middlename : None
year_range : (2002,)
main_us_institutions_year : ((2002, 'texas a m university college station'),)
all_us_institutions_year : ((2002, 'texas a m university college station'),)

firstname : abraham
lastname : clearfield
middlename : None
year_range : (2004, 2015)
main_us_institutions_year : ((2004, 'texas a m university'), (2013, 'texas a m university'), (2014, 'texas a m university'), (2015, 'texas a m university'))
all_us_institutions_year : ((2004, 'texas a m university'), (2013, 'texas a m university'), (2014, 'texas a m university'), (2015, 'texas a m university'))

34/10 positive, 66/10 negative
Do these records refer to the same thing?
(y)es / (n)o / (u)nsure / (f)inished / (p)revious
firstname : abraham
lastname : clearfield
middlename : None
year_range : (1996,)
main_us_institutions_year : ((1996, 'texas a m university college station'),)
all_us_institutions_year : ((1996, 'texas a m university college station'),)

firstname : abraham
lastname : clearfield
middlename : None
year_range : (1978, 2018)
main_us_institutions_year : ((1990, 'texas a m university'), (1991, 'texas a m university'), (1993, 'texas a m university'), (2001, 'texas a m university'), (2003, 'texas a m university'), (2004, 'texas a m university'), (2005, 'texas a m university'), (2006, 'texas a m university'), (2008, 'texas a m university'), (2012, 'texas a m university'), (2013, 'texas a m university'), (2018, 'texas a m university'))
all_us_institutions_year : ((1988, 'texas a m university'), (1990, 'texas a m university'), (1991, 'texas a m university'), (1992, 'texas a m university'), (1993, 'texas a m university'), (1997, 'texas a m university'), (1998, 'texas a m university'), (1999, 'texas a m university'), (2000, 'texas a m university'), (2001, 'texas a m university'), (2003, 'texas a m university'), (2004, 'texas a m university'), (2005, 'texas a m university'), (2006, 'texas a m university'), (2007, 'texas a m university'), (2008, 'texas a m university'), (2009, 'texas a m university'), (2012, 'texas a m university'), (2013, 'texas a m university'), (2015, 'texas a m university'), (2018, 'texas a m university'))

35/10 positive, 66/10 negative
Do these records refer to the same thing?
(y)es / (n)o / (u)nsure / (f)inished / (p)revious
firstname : leo
lastname : paquette
middlename : a
year_range : (1993,)
main_us_institutions_year : ((1993, 'ohio state university'),)
all_us_institutions_year : ((1993, 'ohio state university'),)

firstname : leo
lastname : paquette
middlename : a
year_range : (2005, 2010)
main_us_institutions_year : ((2007, 'university of texas at austin'),)
all_us_institutions_year : ((2006, 'ohio state university'), (2007, 'ohio state university'), (2007, 'university of texas at austin'), (2009, 'ohio state university'), (2010, 'ohio state university'))

36/10 positive, 66/10 negative
Do these records refer to the same thing?
(y)es / (n)o / (u)nsure / (f)inished / (p)revious
firstname : laurence
lastname : romsted
middlename : s
year_range : (1991,)
main_us_institutions_year : ((1991, 'rutgers university'),)
all_us_institutions_year : ((1991, 'rutgers university'),)

firstname : larry
lastname : romsted
middlename : None
year_range : (2016, 2020)
main_us_institutions_year : ((2016, 'rutgers university'), (2020, 'rutgers university'))
all_us_institutions_year : ((2016, 'rutgers university'), (2020, 'rutgers university'))

36/10 positive, 67/10 negative
Do these records refer to the same thing?
(y)es / (n)o / (u)nsure / (f)inished / (p)revious
firstname : michael
lastname : mark
middlename : r van de
year_range : (1997,)
main_us_institutions_year : ((1997, 'missouri university of science and technology'),)
all_us_institutions_year : ((1997, 'missouri university of science and technology'),)

firstname : michael
lastname : mark
middlename : r van de
year_range : (1978, 1980)
main_us_institutions_year : ((1978, 'university of minnesota'),)
all_us_institutions_year : ((1978, 'university of minnesota'),)

36/10 positive, 68/10 negative
Do these records refer to the same thing?
(y)es / (n)o / (u)nsure / (f)inished / (p)revious
firstname : michael
lastname : mark
middlename : r van de
year_range : (1999,)
main_us_institutions_year : ((1999, 'missouri university of science and technology'),)
all_us_institutions_year : ((1999, 'missouri university of science and technology'),)

firstname : michael
lastname : mark
middlename : r van de
year_range : (1978, 1980)
main_us_institutions_year : ((1978, 'university of minnesota'),)
all_us_institutions_year : ((1978, 'university of minnesota'),)

36/10 positive, 69/10 negative
Do these records refer to the same thing?
(y)es / (n)o / (u)nsure / (f)inished / (p)revious
firstname : michael
lastname : mark
middlename : r van de
year_range : (2012,)
main_us_institutions_year : ((2012, 'missouri university of science and technology'),)
all_us_institutions_year : ((2012, 'missouri university of science and technology'),)

firstname : michael
lastname : mark
middlename : r van de
year_range : (1978, 1980)
main_us_institutions_year : ((1978, 'university of minnesota'),)
all_us_institutions_year : ((1978, 'university of minnesota'),)

36/10 positive, 70/10 negative
Do these records refer to the same thing?
(y)es / (n)o / (u)nsure / (f)inished / (p)revious
firstname : barry
lastname : honig
middlename : None
year_range : (1995,)
main_us_institutions_year : ((1995, 'university of pennsylvania'),)
all_us_institutions_year : ((1995, 'university of pennsylvania'),)

firstname : barry
lastname : honig
middlename : None
year_range : (1964, 2021)
main_us_institutions_year : ((1970, 'harvard university'), (1971, 'columbia university'), (1971, 'harvard university'), (1973, 'northwestern university'), (1973, 'newyork presbyterian hospital'), (1979, 'columbia university'), (1980, 'university of illinois at urbana champaign'), (1981, 'university of illinois at urbana champaign'), (1982, 'university of illinois at urbana champaign'), (1983, 'columbia university'), (1984, 'columbia university'), (1985, 'columbia university'), (1986, 'columbia university'), (1987, 'columbia university'), (1988, 'columbia university'), (1989, 'columbia university'), (1990, 'university of illinois at urbana champaign'), (1991, 'columbia university'), (1992, 'columbia university'), (1993, 'columbia university'), (1994, 'columbia university'), (1995, 'columbia university'), (1996, 'columbia university'), (1997, 'columbia university'), (1998, 'columbia university'), (1999, 'columbia university'), (2000, 'columbia university'), (2001, 'howard hughes medical institute'), (2002, 'howard hughes medical institute'), (2003, 'howard hughes medical institute'), (2004, 'howard hughes medical institute'), (2005, 'howard hughes medical institute'), (2006, 'howard hughes medical institute'), (2007, 'howard hughes medical institute'), (2008, 'howard hughes medical institute'), (2009, 'howard hughes medical institute'), (2010, 'howard hughes medical institute'), (2011, 'columbia university'), (2011, 'howard hughes medical institute'), (2012, 'columbia university'), (2013, 'howard hughes medical institute'), (2014, 'howard hughes medical institute'), (2015, 'columbia university'), (2015, 'howard hughes medical institute'), (2016, 'howard hughes medical institute'), (2017, 'columbia university'), (2018, 'columbia university'), (2019, 'howard hughes medical institute'), (2020, 'columbia university'), (2021, 'columbia university'), (2021, 'columbia university medical center'))
all_us_institutions_year : ((1970, 'harvard university'), (1971, 'columbia university'), (1971, 'harvard university'), (1973, 'newyork presbyterian hospital'), (1973, 'northwestern university'), (1978, 'columbia university'), (1979, 'columbia university'), (1980, 'columbia university'), (1980, 'university of illinois at urbana champaign'), (1981, 'columbia university'), (1981, 'university of illinois at urbana champaign'), (1982, 'university of illinois at urbana champaign'), (1983, 'columbia university'), (1984, 'columbia university'), (1985, 'columbia university'), (1986, 'columbia university'), (1987, 'columbia university'), (1988, 'columbia university'), (1988, 'university of california irvine'), (1989, 'columbia university'), (1989, 'university of illinois at urbana champaign'), (1990, 'columbia university'), (1990, 'university of illinois at urbana champaign'), (1991, 'columbia university'), (1992, 'columbia university'), (1993, 'columbia university'), (1994, 'columbia university'), (1994, 'university of pennsylvania'), (1994, 'yale university'), (1995, 'columbia university'), (1995, 'university of pennsylvania'), (1996, 'columbia university'), (1997, 'columbia university'), (1998, 'columbia university'), (1999, 'columbia university'), (2000, 'columbia university'), (2000, 'state university of new york system'), (2001, 'columbia university'), (2001, 'howard hughes medical institute'), (2002, 'columbia university'), (2002, 'howard hughes medical institute'), (2003, 'columbia university'), (2003, 'howard hughes medical institute'), (2004, 'columbia university'), (2004, 'howard hughes medical institute'), (2005, 'columbia university'), (2005, 'howard hughes medical institute'), (2006, 'columbia university'), (2006, 'columbia university medical center'), (2006, 'howard hughes medical institute'), (2007, 'columbia university'), (2007, 'howard hughes medical institute'), (2008, 'columbia university'), (2008, 'howard hughes medical institute'), (2009, 'columbia university'), (2009, 'howard hughes medical institute'), (2009, 'rutgers university'), (2010, 'columbia university'), (2010, 'howard hughes medical institute'), (2011, 'columbia university'), (2011, 'howard hughes medical institute'), (2012, 'columbia university'), (2012, 'howard hughes medical institute'), (2013, 'columbia university'), (2013, 'howard hughes medical institute'), (2014, 'columbia university'), (2014, 'howard hughes medical institute'), (2015, 'columbia university'), (2015, 'howard hughes medical institute'), (2016, 'columbia university'), (2016, 'howard hughes medical institute'), (2017, 'columbia university'), (2017, 'howard hughes medical institute'), (2018, 'columbia university'), (2018, 'columbia university medical center'), (2018, 'howard hughes medical institute'), (2019, 'columbia university'), (2019, 'howard hughes medical institute'), (2020, 'columbia university'), (2021, 'columbia university'), (2021, 'columbia university medical center'))

36/10 positive, 71/10 negative
Do these records refer to the same thing?
(y)es / (n)o / (u)nsure / (f)inished / (p)revious
firstname : martin
lastname : newcomb
middlename : None
year_range : (1988,)
main_us_institutions_year : ((1988, 'texas a m university college station'),)
all_us_institutions_year : ((1988, 'texas a m university college station'),)

firstname : martin
lastname : newcomb
middlename : None
year_range : (1973, 2019)
main_us_institutions_year : ((1998, 'university of michigan'), (1999, 'wayne state university'), (1999, 'university of illinois at chicago'), (2002, 'university of illinois at chicago'), (2003, 'university of illinois at chicago'), (2004, 'university of illinois at chicago'), (2005, 'university of illinois at chicago'), (2006, 'university of illinois at chicago'), (2007, 'university of illinois at chicago'), (2008, 'university of illinois at chicago'), (2009, 'university of illinois at chicago'), (2010, 'university of illinois at chicago'), (2011, 'university of illinois at chicago'), (2012, 'university of illinois at chicago'), (2013, 'university of illinois at chicago'), (2014, 'university of illinois at chicago'), (2019, 'university of illinois at chicago'))
all_us_institutions_year : ((1991, 'texas a m university'), (1992, 'wayne state university'), (1994, 'wayne state university'), (1996, 'wayne state university'), (1997, 'wayne state university'), (1998, 'university of michigan'), (1999, 'university of illinois at chicago'), (1999, 'wayne state university'), (2002, 'university of illinois at chicago'), (2003, 'columbia university'), (2003, 'university of illinois at chicago'), (2003, 'university of michigan'), (2004, 'university of illinois at chicago'), (2005, 'university of illinois at chicago'), (2006, 'university of illinois at chicago'), (2007, 'university of illinois at chicago'), (2008, 'university of illinois at chicago'), (2009, 'university of illinois at chicago'), (2009, 'university of michigan'), (2010, 'university of illinois at chicago'), (2010, 'wayne state university'), (2011, 'university of illinois at chicago'), (2012, 'university of illinois at chicago'), (2013, 'university of illinois at chicago'), (2014, 'university of illinois at chicago'), (2019, 'university of illinois at chicago'))

37/10 positive, 71/10 negative
Do these records refer to the same thing?
(y)es / (n)o / (u)nsure / (f)inished / (p)revious
firstname : robert
lastname : mendes
middlename : w
year_range : (1993,)
main_us_institutions_year : ((1993, 'massachusetts college of pharmacy and health sciences'),)
all_us_institutions_year : ((1993, 'massachusetts college of pharmacy and health sciences'),)

firstname : robert
lastname : mendes
middlename : w
year_range : (1978, 1994)
main_us_institutions_year : ((1978, 'mcphs university'), (1980, 'mcphs university'), (1986, 'mcphs university'), (1991, 'mcphs university'), (1994, 'mcphs university'))
all_us_institutions_year : ((1978, 'mcphs university'), (1980, 'mcphs university'), (1986, 'mcphs university'), (1991, 'mcphs university'), (1994, 'mcphs university'))

38/10 positive, 71/10 negative
Do these records refer to the same thing?
(y)es / (n)o / (u)nsure / (f)inished / (p)revious
Finished labeling
Done in 83.30665553410849 minutes.
