Namespace(testing=False, verbose=1, field=['environmental science'], train_name='mona_degree0', startyear=1990, endyear=2015, loadstartyear=1990, loadendyear=2015, mergemode='m:1', recall=0.9, institution='True', fieldofstudy_cat='False', fieldofstudy_str='False', keywords='False', retrain='True', linking_type='advisors', samplesize=100000, write_to='database')
Have max 12 cores available
Testing is False 

I set the write connection to the main database.
id_field is [39432304] and will be passed to sql queries.
finished setup ... 
Time elapsed: 0.0005418697992960612 minutes 


        SELECT relationship_id
                , year
                , year AS year_range
                , firstname 
                , lastname
                , CASE TRIM(SUBSTR(middle_lastname, 1, l_fullname-l_firstname-l_lastname - 1)) 
                    WHEN 
                        "" THEN NULL 
                        ELSE TRIM(SUBSTR(middle_lastname, 1, l_fullname-l_firstname-l_lastname - 1)) 
                    END AS middlename
                , fieldofstudy
                , keywords
                , institution
                , year || "//" || institution as main_us_institutions_year
                , year || "//" || institution as all_us_institutions_year
        FROM (
            SELECT goid
                , relationship_id
                , degree_year AS year 
                , a.fullname 
                , SUBSTR(TRIM(a.fullname),1,instr(trim(a.fullname)||' ',' ')-1) AS firstname
                , REPLACE(a.fullname, RTRIM(a.fullname, REPLACE(a.fullname, " ", "")), "") AS lastname 
                , TRIM(SUBSTR(a.fullname, length(SUBSTR(TRIM(a.fullname),1,instr(trim(a.fullname)||' ',' ')-1)) + 1)) AS middle_lastname 
                , length(a.fullname) AS l_fullname 
                , length(SUBSTR(TRIM(a.fullname),1,instr(trim(a.fullname)||' ',' ')-1) ) AS l_firstname
                , length(REPLACE(a.fullname, RTRIM(a.fullname, REPLACE(a.fullname, " ", "")), "")) AS l_lastname
                , fieldname AS fieldofstudy
                , university_id
            FROM pq_authors 
            INNER JOIN (
                SELECT goid, fieldname 
                FROM pq_fields_mag
                WHERE mag_field0 IN (?)
            ) USING (goid)
            INNER JOIN ( --# NOTE: this only keeps the theses where at least one advisor is present
                SELECT *, firstname || ' ' || lastname AS fullname
                FROM pq_advisors
            ) AS a USING(goid)
        )
        -- ## NOTE: use left join here as not all graduates have advisor (particularly pre-1980) and possibly also keywords
        LEFT JOIN (
            SELECT goid
                , fields as keywords
            FROM pq_info_linking
        ) USING(goid) 
        INNER JOIN (
            SELECT university_id, normalizedname as institution
            FROM pq_unis --## mark: previously we linked advisors anywhere in the world (as career outcomes). for now, focus on US
            WHERE location like "%United States%"
        ) USING(university_id)
        WHERE year >= 1990 and year <= 2015
         


    SELECT f.AuthorId
        , f.year
        , f.YearLastPub
        , f.firstname
        , f.lastname
        , CASE TRIM(SUBSTR(f.middle_lastname, 1, f.l_fullname - f.l_firstname - f.l_lastname - 1)) 
            WHEN 
                "" THEN NULL 
                ELSE TRIM(SUBSTR(f.middle_lastname, 1, f.l_fullname - f.l_firstname - f.l_lastname - 1)) 
            END as middlename 
            -- ## NOTE this gives "" for middlename when it is missing 
        , f.fieldofstudy
        , g.keywords
        , g.coauthors
        , g.institution
        , g.main_us_institutions_year
         
        , f.year || ";" || f.YearLastPub AS year_range 
        , g.all_us_institutions_year
    
    FROM (
        SELECT a.AuthorId
            , a.YearFirstPub AS year
            , a.YearLastPub 
            , a.FirstName AS firstname
            , REPLACE(b.NormalizedName, RTRIM(b.NormalizedName, REPLACE(b.NormalizedName, " ", "")), "") AS lastname 
                    -- https://stackoverflow.com/questions/21388820/how-to-get-the-last-index-of-a-substring-in-sqlite
            , TRIM(SUBSTR(b.NormalizedName, length(a.FirstName) + 1)) AS middle_lastname 
                    -- this gives all except the first name 
            , length(b.NormalizedName) as l_fullname 
            , length(a.FirstName) as l_firstname
            , length(REPLACE(b.NormalizedName, RTRIM(b.NormalizedName, REPLACE(b.NormalizedName, " ", "")), "")) as l_lastname
            , e.NormalizedName AS fieldofstudy
        FROM author_sample AS a
        INNER JOIN (
            SELECT AuthorId, NormalizedName
            FROM Authors
        ) AS b USING(AuthorId)
        INNER JOIN (
            SELECT AuthorId
            FROM author_field0
            WHERE FieldOfStudyId_lvl0 IN (?)
                AND Degree <= 0
        ) USING(AuthorId)
        LEFT JOIN (
            SELECT AuthorId, NormalizedName
            FROM author_fields c
            INNER JOIN (
                SELECT FieldOfStudyId, NormalizedName
                FROM FieldsOfStudy
            ) AS d USING(FieldOfStudyId)
            -- ## Condition on fieldofstudy being in the level 0 id_field
            INNER JOIN (
                SELECT ParentFieldOfStudyId, ChildFieldOfStudyId
                FROM crosswalk_fields
                WHERE ParentLevel = 0
                    AND ParentFieldOfStudyId IN (?)
            ) AS e ON (e.ChildFieldOfStudyId = c.FieldOfStudyId)
            WHERE FieldClass = 'first'
        ) AS e USING(AuthorId)
    ) f
    LEFT JOIN (
        SELECT AuthorId
                , main_us_institutions_career as institution
                , coauthors
                , keywords
                , main_us_institutions_year
                , all_us_institutions_year
        FROM author_info_linking
    ) AS g USING(AuthorId)
    
    WHERE f.YearLastPub  >= 1990 - 5 AND year <= 2015 + 5 AND institution is not NULL
     

Time elapsed: 157.65794212818145 minutes 

Starting active labeling...
firstname : nicole
lastname : riemer
middlename : None
year_range : (2012,)
main_us_institutions_year : ((2012, 'stony brook university'),)
all_us_institutions_year : ((2012, 'stony brook university'),)

firstname : nicole
lastname : riemer
middlename : None
year_range : (1999, 2021)
main_us_institutions_year : ((2003, 'university of california davis'), (2004, 'center for turbulence research'), (2005, 'university of california davis'), (2006, 'state university of new york system'), (2007, 'marine sciences research center'), (2008, 'stony brook university'), (2009, 'university of illinois at urbana champaign'), (2010, 'university of illinois at urbana champaign'), (2011, 'university of illinois at urbana champaign'), (2012, 'university of illinois at urbana champaign'), (2013, 'university of illinois at urbana champaign'), (2014, 'university of illinois at urbana champaign'), (2015, 'university of illinois at urbana champaign'), (2016, 'university of illinois at urbana champaign'), (2017, 'university of illinois at urbana champaign'), (2019, 'university of illinois at urbana champaign'), (2020, 'university of illinois at urbana champaign'), (2021, 'university of illinois at urbana champaign'))
all_us_institutions_year : ((2003, 'university of california davis'), (2004, 'center for turbulence research'), (2005, 'university of california davis'), (2006, 'state university of new york system'), (2007, 'marine sciences research center'), (2008, 'stony brook university'), (2008, 'university of illinois at urbana champaign'), (2009, 'university of illinois at urbana champaign'), (2010, 'university of illinois at urbana champaign'), (2011, 'university of illinois at urbana champaign'), (2012, 'university of illinois at urbana champaign'), (2013, 'university of illinois at urbana champaign'), (2014, 'university of illinois at urbana champaign'), (2015, 'university of illinois at urbana champaign'), (2016, 'university of illinois at urbana champaign'), (2017, 'university of illinois at urbana champaign'), (2017, 'urbana university'), (2018, 'university of illinois at urbana champaign'), (2019, 'university of illinois at urbana champaign'), (2020, 'university of illinois at urbana champaign'), (2021, 'university of illinois at urbana champaign'))

0/10 positive, 0/10 negative
Do these records refer to the same thing?
(y)es / (n)o / (u)nsure / (f)inished
firstname : emilio
lastname : moran
middlename : None
year_range : (2000,)
main_us_institutions_year : ((2000, 'indiana university'),)
all_us_institutions_year : ((2000, 'indiana university'),)

firstname : emilio
lastname : moran
middlename : f
year_range : (1976, 2020)
main_us_institutions_year : ((1978, 'indiana university'), (1981, 'indiana university'), (1982, 'indiana university'), (1983, 'indiana university'), (1986, 'indiana university'), (1987, 'indiana university'), (1990, 'indiana university'), (1991, 'indiana university'), (1992, 'indiana university'), (1993, 'indiana university'), (1994, 'indiana university'), (1996, 'indiana university'), (1997, 'indiana university'), (1998, 'university of illinois at urbana champaign'), (1999, 'indiana university'), (2000, 'indiana university'), (2001, 'indiana university'), (2002, 'indiana university'), (2003, 'indiana university'), (2004, 'indiana university'), (2005, 'indiana university'), (2006, 'indiana university'), (2007, 'indiana university'), (2008, 'indiana university'), (2010, 'indiana university'), (2011, 'indiana university'), (2012, 'indiana university'), (2013, 'indiana university'), (2014, 'michigan state university'), (2016, 'michigan state university'), (2017, 'michigan state university'), (2018, 'michigan state university'), (2019, 'michigan state university'), (2020, 'michigan state university'))
all_us_institutions_year : ((1978, 'indiana university'), (1981, 'indiana university'), (1982, 'indiana university'), (1983, 'indiana university'), (1984, 'indiana university'), (1986, 'indiana university'), (1987, 'indiana university'), (1990, 'indiana university'), (1991, 'indiana university'), (1992, 'indiana university'), (1993, 'indiana university'), (1994, 'indiana university'), (1995, 'indiana university'), (1996, 'indiana university'), (1997, 'indiana university'), (1998, 'university of illinois at urbana champaign'), (1999, 'indiana university'), (2000, 'indiana university'), (2001, 'indiana university'), (2002, 'indiana university'), (2003, 'indiana university'), (2004, 'indiana university'), (2005, 'indiana university'), (2006, 'indiana university'), (2007, 'indiana university'), (2008, 'indiana university'), (2010, 'indiana university'), (2011, 'indiana university'), (2012, 'indiana university'), (2012, 'university of maryland center for environmental science'), (2013, 'indiana university'), (2013, 'michigan state university'), (2014, 'michigan state university'), (2015, 'michigan state university'), (2016, 'indiana university'), (2016, 'michigan state university'), (2017, 'michigan state university'), (2018, 'michigan state university'), (2019, 'michigan state university'), (2020, 'michigan state university'), (2021, 'michigan state university'))

1/10 positive, 0/10 negative
Do these records refer to the same thing?
(y)es / (n)o / (u)nsure / (f)inished / (p)revious
firstname : chenning
lastname : tong
middlename : None
year_range : (2015,)
main_us_institutions_year : ((2015, 'clemson university'),)
all_us_institutions_year : ((2015, 'clemson university'),)

firstname : chenning
lastname : tong
middlename : None
year_range : (2006, 2019)
main_us_institutions_year : ((2006, 'clemson university'), (2009, 'clemson university'), (2010, 'clemson university'), (2011, 'clemson university'), (2013, 'clemson university'), (2015, 'clemson university'), (2016, 'national center for atmospheric research'), (2017, 'clemson university'), (2018, 'clemson university'), (2019, 'clemson university'))
all_us_institutions_year : ((2006, 'clemson university'), (2009, 'clemson university'), (2010, 'clemson university'), (2011, 'clemson university'), (2013, 'clemson university'), (2015, 'clemson university'), (2016, 'national center for atmospheric research'), (2017, 'clemson university'), (2018, 'clemson university'), (2019, 'clemson university'))

2/10 positive, 0/10 negative
Do these records refer to the same thing?
(y)es / (n)o / (u)nsure / (f)inished / (p)revious
firstname : v
lastname : chandresekar
middlename : None
year_range : (1998,)
main_us_institutions_year : ((1998, 'colorado state university'),)
all_us_institutions_year : ((1998, 'colorado state university'),)

firstname : v
lastname : chandrasekar
middlename : None
year_range : (1995, 2021)
main_us_institutions_year : ((1995, 'colorado state university'), (2001, 'colorado state university'), (2002, 'colorado state university'), (2003, 'colorado state university'), (2004, 'colorado state university'), (2007, 'colorado state university'), (2009, 'colorado state university'), (2010, 'colorado state university'), (2011, 'colorado state university'), (2012, 'colorado state university'), (2013, 'colorado state university'), (2014, 'colorado state university'), (2015, 'colorado state university'), (2016, 'colorado state university'), (2017, 'colorado state university'), (2018, 'colorado state university'), (2019, 'colorado state university'), (2020, 'colorado state university'), (2021, 'colorado state university'))
all_us_institutions_year : ((1970, 'colorado state university'), (1995, 'colorado state university'), (2001, 'colorado state university'), (2002, 'colorado state university'), (2003, 'colorado state university'), (2004, 'colorado state university'), (2007, 'colorado state university'), (2009, 'colorado state university'), (2010, 'colorado state university'), (2011, 'colorado state university'), (2012, 'colorado state university'), (2013, 'colorado state university'), (2014, 'colorado state university'), (2015, 'colorado state university'), (2016, 'colorado state university'), (2017, 'colorado state university'), (2018, 'colorado state university'), (2019, 'colorado state university'), (2020, 'colorado state university'), (2021, 'colorado state university'))

3/10 positive, 0/10 negative
Do these records refer to the same thing?
(y)es / (n)o / (u)nsure / (f)inished / (p)revious
firstname : hongbin
lastname : zhan
middlename : None
year_range : (2007,)
main_us_institutions_year : ((2007, 'texas a m university college station'),)
all_us_institutions_year : ((2007, 'texas a m university college station'),)

firstname : hongbin
lastname : zhang
middlename : None
year_range : (2015, 2019)
main_us_institutions_year : ((2015, 'kansas department of agriculture division of water resources'),)
all_us_institutions_year : ((2015, 'kansas department of agriculture division of water resources'),)

4/10 positive, 0/10 negative
Do these records refer to the same thing?
(y)es / (n)o / (u)nsure / (f)inished / (p)revious
firstname : wei
lastname : ji
middlename : None
year_range : (2004,)
main_us_institutions_year : ((2004, 'university of missouri kansas city'),)
all_us_institutions_year : ((2004, 'university of missouri kansas city'),)

firstname : wei
lastname : jiang
middlename : teh
year_range : (1990, 2020)
main_us_institutions_year : ((1990, 'university of michigan'), (1991, 'university of michigan'), (1992, 'united states geological survey'), (1992, 'university of michigan'), (1993, 'university of michigan'), (1994, 'university of michigan'), (1996, 'university of michigan'))
all_us_institutions_year : ((1990, 'university of michigan'), (1991, 'university of michigan'), (1992, 'united states geological survey'), (1992, 'university of michigan'), (1993, 'university of michigan'), (1994, 'arizona state university'), (1994, 'university of michigan'), (1996, 'university of michigan'))

4/10 positive, 1/10 negative
Do these records refer to the same thing?
(y)es / (n)o / (u)nsure / (f)inished / (p)revious
firstname : m
lastname : walker
middlename : todd
year_range : (2014,)
main_us_institutions_year : ((2014, 'cornell university'),)
all_us_institutions_year : ((2014, 'cornell university'),)

firstname : m
lastname : walter
middlename : todd
year_range : (1999, 2021)
main_us_institutions_year : ((1999, 'cornell university'), (2001, 'cornell university'), (2002, 'cornell university'), (2003, 'cornell university'), (2004, 'cornell university'), (2005, 'cornell university'), (2006, 'cornell university'), (2007, 'cornell university'), (2008, 'cornell university'), (2009, 'cornell university'), (2010, 'cornell university'), (2011, 'cornell university'), (2012, 'cornell university'), (2013, 'cornell university'), (2014, 'cornell university'), (2015, 'cornell university'), (2016, 'cornell university'), (2017, 'cornell university'), (2018, 'cornell university'), (2019, 'cornell university'), (2020, 'cornell university'), (2021, 'cornell university'))
all_us_institutions_year : ((1999, 'cornell university'), (2001, 'cornell university'), (2002, 'cornell university'), (2003, 'cornell university'), (2004, 'cornell university'), (2005, 'cornell university'), (2005, 'ithaca college'), (2005, 'washington state university'), (2006, 'cornell university'), (2007, 'cornell university'), (2008, 'cornell university'), (2009, 'cornell university'), (2010, 'cornell university'), (2011, 'cornell university'), (2012, 'cornell university'), (2013, 'cornell university'), (2014, 'cornell university'), (2015, 'cornell university'), (2016, 'cornell university'), (2017, 'cornell university'), (2018, 'cornell university'), (2018, 'ithaca college'), (2019, 'cornell university'), (2020, 'cornell university'), (2021, 'cornell university'))

4/10 positive, 2/10 negative
Do these records refer to the same thing?
(y)es / (n)o / (u)nsure / (f)inished / (p)revious
firstname : john
lastname : hess
middlename : w
year_range : (2000,)
main_us_institutions_year : ((2000, 'university of nevada reno'),)
all_us_institutions_year : ((2000, 'university of nevada reno'),)

firstname : j
lastname : hessels
middlename : w t
year_range : (2004, 2021)
main_us_institutions_year : None
all_us_institutions_year : ((2016, 'national radio astronomy observatory'),)

5/10 positive, 2/10 negative
Do these records refer to the same thing?
(y)es / (n)o / (u)nsure / (f)inished / (p)revious
firstname : john
lastname : wallace
middlename : m
year_range : (1990,)
main_us_institutions_year : ((1990, 'university of washington'),)
all_us_institutions_year : ((1990, 'university of washington'),)

firstname : j
lastname : walls
middlename : m
year_range : (1973, 2021)
main_us_institutions_year : None
all_us_institutions_year : ((2018, 'colorado state university'),)

5/10 positive, 3/10 negative
Do these records refer to the same thing?
(y)es / (n)o / (u)nsure / (f)inished / (p)revious
firstname : ralph
lastname : boemer
middlename : e j
year_range : (2009,)
main_us_institutions_year : ((2009, 'ohio state university'),)
all_us_institutions_year : ((2009, 'ohio state university'),)

firstname : ralph
lastname : boerner
middlename : e j
year_range : (1975, 1995)
main_us_institutions_year : ((1995, 'ohio state university'),)
all_us_institutions_year : ((1995, 'ohio state university'),)

5/10 positive, 4/10 negative
Do these records refer to the same thing?
(y)es / (n)o / (u)nsure / (f)inished / (p)revious
firstname : harriett
lastname : smithsomerville
middlename : e
year_range : (2003,)
main_us_institutions_year : ((2003, 'university of alabama'),)
all_us_institutions_year : ((2003, 'university of alabama'),)

firstname : h
lastname : smith
middlename : e
year_range : (1971, 2010)
main_us_institutions_year : ((1994, 'university of california san diego'), (1994, 'california institute of technology'), (1998, 'university of california san diego'), (1999, 'university of california san diego'), (2000, 'university of california san diego'), (2003, 'university of california san diego'), (2004, 'university of california san diego'), (2005, 'university of california san diego'), (2006, 'university of california san diego'), (2007, 'university of california san diego'), (2008, 'university of california san diego'), (2009, 'university of california san diego'), (2010, 'university of california san diego'))
all_us_institutions_year : ((1977, 'university of california san diego'), (1990, 'university of california'), (1994, 'california institute of technology'), (1994, 'university of california san diego'), (1998, 'california institute of technology'), (1998, 'university of california san diego'), (1999, 'california institute of technology'), (1999, 'university of california san diego'), (2000, 'university of california'), (2000, 'university of california san diego'), (2002, 'university of california'), (2003, 'university of california san diego'), (2004, 'university of california san diego'), (2005, 'university of california san diego'), (2006, 'national science foundation'), (2006, 'university of california san diego'), (2007, 'university of california san diego'), (2008, 'university of california san diego'), (2009, 'university of california san diego'), (2010, 'university of california san diego'))

5/10 positive, 5/10 negative
Do these records refer to the same thing?
(y)es / (n)o / (u)nsure / (f)inished / (p)revious
firstname : xiaoming
lastname : wang
middlename : None
year_range : (2009,)
main_us_institutions_year : ((2009, 'florida state university'),)
all_us_institutions_year : ((2009, 'florida state university'),)

firstname : xiaoming
lastname : wan
middlename : None
year_range : (2009, 2021)
main_us_institutions_year : ((2009, 'chinese academy of sciences'), (2012, 'chinese academy of sciences'), (2013, 'chinese academy of sciences'), (2014, 'chinese academy of sciences'), (2015, 'chinese academy of sciences'), (2016, 'chinese academy of sciences'), (2017, 'chinese academy of sciences'), (2018, 'chinese academy of sciences'), (2019, 'chinese academy of sciences'), (2020, 'chinese academy of sciences'), (2021, 'chinese academy of sciences'))
all_us_institutions_year : ((2009, 'chinese academy of sciences'), (2012, 'chinese academy of sciences'), (2013, 'chinese academy of sciences'), (2014, 'chinese academy of sciences'), (2015, 'chinese academy of sciences'), (2016, 'chinese academy of sciences'), (2017, 'chinese academy of sciences'), (2018, 'chinese academy of sciences'), (2019, 'chinese academy of sciences'), (2020, 'chinese academy of sciences'), (2020, 'university of california davis'), (2021, 'chinese academy of sciences'), (2021, 'university of california davis'))

5/10 positive, 6/10 negative
Do these records refer to the same thing?
(y)es / (n)o / (u)nsure / (f)inished / (p)revious
firstname : bin
lastname : wang
middlename : None
year_range : (2008,)
main_us_institutions_year : ((2008, 'university of hawaii at manoa'),)
all_us_institutions_year : ((2008, 'university of hawaii at manoa'),)

firstname : bin
lastname : wan
middlename : None
year_range : (2015, 2016)
main_us_institutions_year : ((2015, 'chinese academy of sciences'), (2016, 'chinese academy of sciences'))
all_us_institutions_year : ((2015, 'chinese academy of sciences'), (2016, 'chinese academy of sciences'))

5/10 positive, 7/10 negative
Do these records refer to the same thing?
(y)es / (n)o / (u)nsure / (f)inished / (p)revious
firstname : richard
lastname : smardon
middlename : c
year_range : (2004,)
main_us_institutions_year : ((2004, 'state university of new york system'),)
all_us_institutions_year : ((2004, 'state university of new york system'),)

firstname : richard
lastname : smardon
middlename : None
year_range : (1998, 2018)
main_us_institutions_year : ((1998, 'syracuse university'),)
all_us_institutions_year : ((1998, 'syracuse university'),)

5/10 positive, 8/10 negative
Do these records refer to the same thing?
(y)es / (n)o / (u)nsure / (f)inished / (p)revious
firstname : antony
lastname : clarke
middlename : d
year_range : (2008,)
main_us_institutions_year : ((2008, 'university of hawaii at manoa'),)
all_us_institutions_year : ((2008, 'university of hawaii at manoa'),)

firstname : b
lastname : clark
middlename : e
year_range : (1992, 2021)
main_us_institutions_year : ((1994, 'university of hawaii at manoa'), (1997, 'cornell university'), (1998, 'cornell university'), (1999, 'cornell university'), (2000, 'cornell university'), (2001, 'cornell university'), (2002, 'cornell university'), (2003, 'ithaca college'), (2004, 'ithaca college'), (2006, 'ithaca college'), (2007, 'ithaca college'), (2008, 'ithaca college'), (2009, 'ithaca college'), (2010, 'ithaca college'), (2011, 'ithaca college'), (2012, 'ithaca college'), (2013, 'ithaca college'), (2015, 'ithaca college'), (2017, 'ithaca college'), (2018, 'ithaca college'), (2019, 'ithaca college'), (2020, 'ithaca college'), (2021, 'ithaca college'))
all_us_institutions_year : ((1994, 'university of hawaii at manoa'), (1997, 'cornell university'), (1998, 'cornell university'), (1999, 'cornell university'), (1999, 'united states geological survey'), (2000, 'cornell university'), (2001, 'cornell university'), (2001, 'ithaca college'), (2002, 'cornell university'), (2003, 'ithaca college'), (2004, 'ithaca college'), (2006, 'ithaca college'), (2007, 'ithaca college'), (2008, 'ithaca college'), (2009, 'ithaca college'), (2010, 'ithaca college'), (2011, 'ithaca college'), (2012, 'ithaca college'), (2013, 'ithaca college'), (2015, 'ithaca college'), (2017, 'ithaca college'), (2018, 'ithaca college'), (2019, 'ithaca college'), (2020, 'ithaca college'), (2021, 'ithaca college'))

5/10 positive, 9/10 negative
Do these records refer to the same thing?
(y)es / (n)o / (u)nsure / (f)inished / (p)revious
firstname : benjamin
lastname : liu
middlename : y h
year_range : (1992,)
main_us_institutions_year : ((1992, 'university of minnesota'),)
all_us_institutions_year : ((1992, 'university of minnesota'),)

firstname : benjamin
lastname : liu
middlename : y h
year_range : (1997, 2010)
main_us_institutions_year : ((2010, 'rice university'),)
all_us_institutions_year : ((2010, 'rice university'),)

5/10 positive, 10/10 negative
Do these records refer to the same thing?
(y)es / (n)o / (u)nsure / (f)inished / (p)revious
firstname : robert
lastname : cess
middlename : None
year_range : (1993,)
main_us_institutions_year : ((1993, 'stony brook university'),)
all_us_institutions_year : ((1993, 'stony brook university'),)

firstname : r
lastname : cess
middlename : d
year_range : (1989, 2005)
main_us_institutions_year : ((1989, 'state university of new york system'), (2005, 'state university of new york system'))
all_us_institutions_year : ((1989, 'state university of new york system'), (1989, 'stony brook university'), (2005, 'state university of new york system'))

5/10 positive, 11/10 negative
Do these records refer to the same thing?
(y)es / (n)o / (u)nsure / (f)inished / (p)revious
firstname : dave
lastname : fritts
middlename : None
year_range : (2009,)
main_us_institutions_year : ((2009, 'university of colorado at boulder'),)
all_us_institutions_year : ((2009, 'university of colorado at boulder'),)

firstname : david
lastname : fritts
middlename : c
year_range : (1976, 2021)
main_us_institutions_year : ((1983, 'university of alaska fairbanks'), (1984, 'university of alaska fairbanks'), (1985, 'university of alaska fairbanks'), (1986, 'university of alaska fairbanks'), (1987, 'university of alaska fairbanks'), (1988, 'university of alaska fairbanks'), (1989, 'university of alaska fairbanks'), (1990, 'university of alaska fairbanks'), (1991, 'university of alaska fairbanks'), (1992, 'university of alaska fairbanks'), (1993, 'university of colorado boulder'), (1994, 'university of colorado boulder'), (1995, 'university of colorado boulder'), (1996, 'university of colorado boulder'), (1997, 'university of colorado boulder'), (1998, 'university of colorado boulder'), (1999, 'university of colorado boulder'), (1999, 'national waste recycling association'), (2001, 'university of colorado boulder'))
all_us_institutions_year : ((1982, 'university of alaska fairbanks'), (1983, 'university of alaska fairbanks'), (1984, 'university of alaska fairbanks'), (1985, 'university of alaska fairbanks'), (1986, 'university of alaska fairbanks'), (1987, 'university of alaska fairbanks'), (1988, 'university of alaska fairbanks'), (1989, 'university of alaska fairbanks'), (1990, 'university of alaska fairbanks'), (1991, 'university of alaska fairbanks'), (1992, 'university of alaska fairbanks'), (1992, 'university of colorado boulder'), (1993, 'university of colorado boulder'), (1994, 'university of colorado boulder'), (1995, 'university of colorado boulder'), (1996, 'university of colorado boulder'), (1997, 'university of colorado boulder'), (1998, 'national waste recycling association'), (1998, 'university of colorado boulder'), (1999, 'national waste recycling association'), (1999, 'university of colorado boulder'), (2001, 'university of colorado boulder'), (2013, 'university of colorado boulder'))

6/10 positive, 11/10 negative
Do these records refer to the same thing?
(y)es / (n)o / (u)nsure / (f)inished / (p)revious
firstname : md
lastname : hossain
middlename : sahadat
year_range : (2014,)
main_us_institutions_year : ((2014, 'university of texas at arlington'),)
all_us_institutions_year : ((2014, 'university of texas at arlington'),)

firstname : m
lastname : hossain
middlename : d sahadat
year_range : (2015, 2020)
main_us_institutions_year : ((2015, 'university of texas at arlington'), (2016, 'university of texas at arlington'), (2017, 'university of texas at arlington'), (2020, 'university of texas at arlington'))
all_us_institutions_year : ((2015, 'university of texas at arlington'), (2016, 'university of texas at arlington'), (2017, 'university of texas at arlington'), (2020, 'university of texas at arlington'))

7/10 positive, 11/10 negative
Do these records refer to the same thing?
(y)es / (n)o / (u)nsure / (f)inished / (p)revious
firstname : yvette
lastname : richardson
middlename : None
year_range : (2013,)
main_us_institutions_year : ((2013, 'pennsylvania state university'),)
all_us_institutions_year : ((2013, 'pennsylvania state university'),)

firstname : gordon
lastname : richards
middlename : t
year_range : (1997, 2021)
main_us_institutions_year : ((1997, 'university of chicago'), (1997, 'fermilab'), (1998, 'university of chicago'), (1998, 'fermilab'), (1999, 'university of chicago'), (2000, 'university of chicago'), (2001, 'pennsylvania state university'), (2002, 'pennsylvania state university'), (2003, 'princeton university'), (2004, 'princeton university'), (2005, 'princeton university'), (2006, 'princeton university'), (2006, 'johns hopkins university'), (2007, 'johns hopkins university'), (2008, 'drexel university'), (2009, 'drexel university'), (2010, 'drexel university'), (2011, 'drexel university'), (2012, 'drexel university'), (2013, 'drexel university'), (2014, 'drexel university'), (2015, 'drexel university'), (2016, 'drexel university'), (2017, 'drexel university'), (2018, 'drexel university'), (2019, 'drexel university'), (2020, 'drexel university'), (2021, 'drexel university'))
all_us_institutions_year : ((1997, 'fermilab'), (1997, 'university of chicago'), (1998, 'fermilab'), (1998, 'university of chicago'), (1999, 'fermilab'), (1999, 'university of chicago'), (2000, 'pennsylvania state university'), (2000, 'university of chicago'), (2001, 'pennsylvania state university'), (2001, 'university of chicago'), (2002, 'pennsylvania state university'), (2003, 'pennsylvania state university'), (2003, 'princeton university'), (2004, 'drexel university'), (2004, 'pennsylvania state university'), (2004, 'princeton university'), (2005, 'johns hopkins university'), (2005, 'princeton university'), (2006, 'drexel university'), (2006, 'johns hopkins university'), (2006, 'princeton university'), (2007, 'drexel university'), (2007, 'johns hopkins university'), (2007, 'princeton university'), (2008, 'drexel university'), (2008, 'johns hopkins university'), (2009, 'drexel university'), (2010, 'drexel university'), (2011, 'drexel university'), (2012, 'drexel university'), (2013, 'drexel university'), (2014, 'association of universities for research in astronomy'), (2014, 'drexel university'), (2015, 'drexel university'), (2016, 'drexel university'), (2017, 'drexel university'), (2018, 'drexel university'), (2019, 'drexel university'), (2019, 'university of delaware'), (2020, 'drexel university'), (2020, 'university of delaware'), (2021, 'drexel university'))

8/10 positive, 11/10 negative
Do these records refer to the same thing?
(y)es / (n)o / (u)nsure / (f)inished / (p)revious
firstname : paul
lastname : sheng
middlename : s
year_range : (1997,)
main_us_institutions_year : ((1997, 'university of california berkeley'),)
all_us_institutions_year : ((1997, 'university of california berkeley'),)

firstname : steve
lastname : shen
middlename : None
year_range : (2016, 2017)
main_us_institutions_year : ((2016, 'university of california berkeley'), (2017, 'university of california berkeley'))
all_us_institutions_year : ((2016, 'university of california berkeley'), (2017, 'university of california berkeley'))

8/10 positive, 12/10 negative
Do these records refer to the same thing?
(y)es / (n)o / (u)nsure / (f)inished / (p)revious
firstname : stuart
lastname : wakeham
middlename : g
year_range : (2000,)
main_us_institutions_year : ((2000, 'university of north carolina at chapel hill'),)
all_us_institutions_year : ((2000, 'university of north carolina at chapel hill'),)

firstname : stuart
lastname : wakeham
middlename : g
year_range : (1977, 2021)
main_us_institutions_year : ((1980, 'woods hole oceanographic institution'), (1982, 'woods hole oceanographic institution'), (1983, 'woods hole oceanographic institution'), (1984, 'woods hole oceanographic institution'), (1985, 'woods hole oceanographic institution'), (1986, 'woods hole oceanographic institution'), (1987, 'woods hole oceanographic institution'), (1988, 'woods hole oceanographic institution'), (1989, 'skidaway institute of oceanography'), (1990, 'skidaway institute of oceanography'), (1991, 'skidaway institute of oceanography'), (1992, 'skidaway institute of oceanography'), (1993, 'skidaway institute of oceanography'), (1994, 'skidaway institute of oceanography'), (1995, 'skidaway institute of oceanography'), (1996, 'skidaway institute of oceanography'), (1997, 'skidaway institute of oceanography'), (1998, 'skidaway institute of oceanography'), (1999, 'skidaway institute of oceanography'), (2000, 'skidaway institute of oceanography'), (2001, 'skidaway institute of oceanography'), (2002, 'skidaway institute of oceanography'), (2003, 'skidaway institute of oceanography'), (2004, 'skidaway institute of oceanography'), (2005, 'skidaway institute of oceanography'), (2006, 'skidaway institute of oceanography'), (2007, 'skidaway institute of oceanography'), (2008, 'skidaway institute of oceanography'), (2009, 'skidaway institute of oceanography'), (2010, 'skidaway institute of oceanography'), (2011, 'skidaway institute of oceanography'), (2012, 'skidaway institute of oceanography'), (2013, 'skidaway institute of oceanography'), (2014, 'skidaway institute of oceanography'), (2015, 'skidaway institute of oceanography'), (2016, 'skidaway institute of oceanography'), (2018, 'skidaway institute of oceanography'), (2019, 'skidaway institute of oceanography'), (2020, 'skidaway institute of oceanography'), (2021, 'skidaway institute of oceanography'))
all_us_institutions_year : ((1980, 'woods hole oceanographic institution'), (1982, 'woods hole oceanographic institution'), (1983, 'woods hole oceanographic institution'), (1984, 'woods hole oceanographic institution'), (1985, 'woods hole oceanographic institution'), (1986, 'woods hole oceanographic institution'), (1987, 'skidaway institute of oceanography'), (1987, 'woods hole oceanographic institution'), (1988, 'woods hole oceanographic institution'), (1989, 'skidaway institute of oceanography'), (1990, 'skidaway institute of oceanography'), (1991, 'skidaway institute of oceanography'), (1992, 'skidaway institute of oceanography'), (1993, 'skidaway institute of oceanography'), (1994, 'skidaway institute of oceanography'), (1995, 'skidaway institute of oceanography'), (1996, 'skidaway institute of oceanography'), (1997, 'skidaway institute of oceanography'), (1998, 'skidaway institute of oceanography'), (1999, 'skidaway institute of oceanography'), (2000, 'skidaway institute of oceanography'), (2001, 'skidaway institute of oceanography'), (2002, 'skidaway institute of oceanography'), (2003, 'skidaway institute of oceanography'), (2004, 'skidaway institute of oceanography'), (2005, 'skidaway institute of oceanography'), (2006, 'skidaway institute of oceanography'), (2007, 'skidaway institute of oceanography'), (2008, 'skidaway institute of oceanography'), (2009, 'skidaway institute of oceanography'), (2010, 'skidaway institute of oceanography'), (2011, 'skidaway institute of oceanography'), (2012, 'skidaway institute of oceanography'), (2013, 'skidaway institute of oceanography'), (2014, 'skidaway institute of oceanography'), (2015, 'skidaway institute of oceanography'), (2016, 'skidaway institute of oceanography'), (2018, 'skidaway institute of oceanography'), (2019, 'skidaway institute of oceanography'), (2020, 'skidaway institute of oceanography'), (2021, 'skidaway institute of oceanography'))

8/10 positive, 13/10 negative
Do these records refer to the same thing?
(y)es / (n)o / (u)nsure / (f)inished / (p)revious
firstname : joel
lastname : baker
middlename : e
year_range : (2002,)
main_us_institutions_year : ((2002, 'university of maryland college park'),)
all_us_institutions_year : ((2002, 'university of maryland college park'),)

firstname : joel
lastname : baker
middlename : e
year_range : (1993, 2003)
main_us_institutions_year : ((1993, 'chesapeake biological laboratory'), (1995, 'chesapeake biological laboratory'), (1999, 'chesapeake biological laboratory'), (2002, 'chesapeake biological laboratory'), (2003, 'chesapeake biological laboratory'))
all_us_institutions_year : ((1993, 'chesapeake biological laboratory'), (1995, 'chesapeake biological laboratory'), (1999, 'chesapeake biological laboratory'), (2002, 'chesapeake biological laboratory'), (2003, 'chesapeake biological laboratory'), (2005, 'chesapeake biological laboratory'))

8/10 positive, 14/10 negative
Do these records refer to the same thing?
(y)es / (n)o / (u)nsure / (f)inished / (p)revious
firstname : eduardo
lastname : saez
middlename : None
year_range : (2005,)
main_us_institutions_year : ((2005, 'university of arizona'),)
all_us_institutions_year : ((2005, 'university of arizona'),)

firstname : a
lastname : saez
middlename : e
year_range : (1982, 2016)
main_us_institutions_year : ((1982, 'university of california davis'), (1984, 'university of california davis'), (1985, 'north carolina state university'), (1986, 'north carolina state university'), (1997, 'north carolina state university'), (2002, 'university of arizona'), (2006, 'university of arizona'), (2008, 'university of arizona'), (2011, 'university of arizona'), (2012, 'university of arizona'), (2014, 'university of arizona'), (2015, 'university of arizona'), (2016, 'university of arizona'))
all_us_institutions_year : ((1982, 'university of california davis'), (1984, 'university of california davis'), (1985, 'north carolina state university'), (1986, 'north carolina state university'), (1997, 'north carolina state university'), (2002, 'university of arizona'), (2006, 'university of arizona'), (2008, 'university of arizona'), (2011, 'university of arizona'), (2012, 'university of arizona'), (2014, 'university of arizona'), (2015, 'university of arizona'), (2016, 'university of arizona'))

8/10 positive, 15/10 negative
Do these records refer to the same thing?
(y)es / (n)o / (u)nsure / (f)inished / (p)revious
firstname : alexander
lastname : cheng
middlename : h d
year_range : (1991,)
main_us_institutions_year : ((1991, 'university of delaware'),)
all_us_institutions_year : ((1991, 'university of delaware'),)

firstname : a
lastname : cheng
middlename : hd
year_range : (1992, 1997)
main_us_institutions_year : ((1992, 'university of delaware'), (1994, 'university of delaware'), (1997, 'university of delaware'))
all_us_institutions_year : ((1992, 'university of delaware'), (1994, 'university of delaware'), (1997, 'university of delaware'))

8/10 positive, 16/10 negative
Do these records refer to the same thing?
(y)es / (n)o / (u)nsure / (f)inished / (p)revious
firstname : barun
lastname : gupta
middlename : k sen
year_range : (1999,)
main_us_institutions_year : ((1999, 'louisiana state university and agricultural mechanical college'),)
all_us_institutions_year : ((1999, 'louisiana state university and agricultural mechanical college'),)

firstname : b
lastname : gupta
middlename : k sen
year_range : (2001, 2008)
main_us_institutions_year : ((2001, 'louisiana state university'), (2002, 'louisiana state university'), (2003, 'louisiana state university'), (2007, 'louisiana state university'), (2008, 'louisiana state university'))
all_us_institutions_year : ((2001, 'louisiana state university'), (2002, 'louisiana state university'), (2003, 'louisiana state university'), (2007, 'louisiana state university'), (2008, 'louisiana state university'))

9/10 positive, 16/10 negative
Do these records refer to the same thing?
(y)es / (n)o / (u)nsure / (f)inished / (p)revious
firstname : robert
lastname : cess
middlename : d
year_range : (1993,)
main_us_institutions_year : ((1993, 'stony brook university'),)
all_us_institutions_year : ((1993, 'stony brook university'),)

firstname : r
lastname : cess
middlename : d
year_range : (1989, 2005)
main_us_institutions_year : ((1989, 'state university of new york system'), (2005, 'state university of new york system'))
all_us_institutions_year : ((1989, 'state university of new york system'), (1989, 'stony brook university'), (2005, 'state university of new york system'))

10/10 positive, 16/10 negative
Do these records refer to the same thing?
(y)es / (n)o / (u)nsure / (f)inished / (p)revious
firstname : j
lastname : chung
middlename : n
year_range : (1997,)
main_us_institutions_year : ((1997, 'washington state university'),)
all_us_institutions_year : ((1997, 'washington state university'),)

firstname : byungyeoup
lastname : chung
middlename : None
year_range : (2003, 2011)
main_us_institutions_year : ((2010, 'washington state university'),)
all_us_institutions_year : ((2010, 'washington state university'),)

11/10 positive, 16/10 negative
Do these records refer to the same thing?
(y)es / (n)o / (u)nsure / (f)inished / (p)revious
firstname : k
lastname : smith
middlename : shafer
year_range : (2010,)
main_us_institutions_year : ((2010, 'rensselaer polytechnic institute'),)
all_us_institutions_year : ((2010, 'rensselaer polytechnic institute'),)

firstname : k
lastname : smith
middlename : shafer
year_range : (1999, 2021)
main_us_institutions_year : ((1999, 'university of california santa cruz'), (2001, 'geophysical fluid dynamics laboratory'), (2002, 'princeton university'), (2004, 'courant institute of mathematical sciences'), (2005, 'courant institute of mathematical sciences'), (2007, 'courant institute of mathematical sciences'), (2009, 'courant institute of mathematical sciences'), (2011, 'courant institute of mathematical sciences'), (2012, 'courant institute of mathematical sciences'), (2013, 'courant institute of mathematical sciences'), (2015, 'courant institute of mathematical sciences'), (2015, 'new york university'), (2017, 'courant institute of mathematical sciences'), (2017, 'new york university'), (2018, 'courant institute of mathematical sciences'), (2019, 'courant institute of mathematical sciences'), (2020, 'courant institute of mathematical sciences'), (2020, 'new york university'), (2021, 'courant institute of mathematical sciences'))
all_us_institutions_year : ((1999, 'university of california santa cruz'), (2001, 'geophysical fluid dynamics laboratory'), (2002, 'princeton university'), (2004, 'courant institute of mathematical sciences'), (2005, 'courant institute of mathematical sciences'), (2007, 'courant institute of mathematical sciences'), (2007, 'new york university'), (2009, 'courant institute of mathematical sciences'), (2009, 'new york university'), (2011, 'courant institute of mathematical sciences'), (2011, 'new york university'), (2012, 'courant institute of mathematical sciences'), (2013, 'courant institute of mathematical sciences'), (2013, 'new york university'), (2015, 'courant institute of mathematical sciences'), (2015, 'new york university'), (2017, 'courant institute of mathematical sciences'), (2017, 'new york university'), (2018, 'courant institute of mathematical sciences'), (2018, 'new york university'), (2019, 'courant institute of mathematical sciences'), (2020, 'courant institute of mathematical sciences'), (2020, 'new york university'), (2021, 'courant institute of mathematical sciences'))

11/10 positive, 17/10 negative
Do these records refer to the same thing?
(y)es / (n)o / (u)nsure / (f)inished / (p)revious
firstname : tom
lastname : hopkins
middlename : sawyer
year_range : (1997,)
main_us_institutions_year : ((1997, 'north carolina state university'),)
all_us_institutions_year : ((1997, 'north carolina state university'),)

firstname : tom
lastname : hopkins
middlename : sawyer
year_range : (1983, 1987)
main_us_institutions_year : ((1983, 'brookhaven national laboratory'), (1984, 'brookhaven national laboratory'), (1985, 'brookhaven national laboratory'), (1986, 'brookhaven national laboratory'), (1987, 'brookhaven national laboratory'))
all_us_institutions_year : ((1983, 'brookhaven national laboratory'), (1984, 'brookhaven national laboratory'), (1985, 'brookhaven national laboratory'), (1986, 'brookhaven national laboratory'), (1987, 'brookhaven national laboratory'))

11/10 positive, 18/10 negative
Do these records refer to the same thing?
(y)es / (n)o / (u)nsure / (f)inished / (p)revious
firstname : yanbin
lastname : li
middlename : None
year_range : (2006,)
main_us_institutions_year : ((2006, 'university of arkansas'),)
all_us_institutions_year : ((2006, 'university of arkansas'),)

firstname : yan
lastname : li
middlename : None
year_range : (2011, 2019)
main_us_institutions_year : ((2013, 'university of kansas'), (2014, 'university of kansas'), (2015, 'university of kansas'), (2016, 'university of kansas'), (2017, 'university of kansas'))
all_us_institutions_year : ((2013, 'university of kansas'), (2014, 'university of kansas'), (2015, 'university of kansas'), (2016, 'university of kansas'), (2017, 'university of kansas'))

11/10 positive, 19/10 negative
Do these records refer to the same thing?
(y)es / (n)o / (u)nsure / (f)inished / (p)revious
firstname : dondjun
lastname : seo
middlename : None
year_range : (2014,)
main_us_institutions_year : ((2014, 'university of texas at arlington'),)
all_us_institutions_year : ((2014, 'university of texas at arlington'),)

firstname : dong
lastname : seo
middlename : jun
year_range : (1987, 2021)
main_us_institutions_year : ((1992, 'silver spring networks'), (1996, 'national oceanic and atmospheric administration'), (1997, 'silver spring networks'), (1998, 'silver spring networks'), (1999, 'silver spring networks'), (2000, 'silver spring networks'), (2001, 'silver spring networks'), (2002, 'silver spring networks'), (2003, 'national oceanic and atmospheric administration'), (2004, 'national oceanic and atmospheric administration'), (2004, 'silver spring networks'), (2006, 'national oceanic and atmospheric administration'), (2007, 'university corporation for atmospheric research'), (2007, 'national oceanic and atmospheric administration'), (2008, 'university corporation for atmospheric research'), (2008, 'silver spring networks'), (2009, 'university corporation for atmospheric research'), (2010, 'university corporation for atmospheric research'), (2011, 'university corporation for atmospheric research'), (2011, 'silver spring networks'), (2012, 'university of texas at arlington'), (2013, 'university of texas at arlington'), (2014, 'university of texas at arlington'), (2015, 'university of texas at arlington'), (2016, 'university of texas at arlington'), (2017, 'university of texas at arlington'), (2017, 'university of texas at austin'), (2018, 'university of texas at arlington'), (2019, 'university of texas at arlington'), (2020, 'university of texas at arlington'), (2021, 'university of texas at arlington'))
all_us_institutions_year : ((1989, 'utah state university'), (1992, 'silver spring networks'), (1995, 'national oceanic and atmospheric administration'), (1996, 'national oceanic and atmospheric administration'), (1997, 'silver spring networks'), (1998, 'national oceanic and atmospheric administration'), (1998, 'silver spring networks'), (1999, 'national oceanic and atmospheric administration'), (1999, 'silver spring networks'), (1999, 'university of iowa'), (2000, 'silver spring networks'), (2001, 'silver spring networks'), (2002, 'silver spring networks'), (2003, 'national oceanic and atmospheric administration'), (2003, 'silver spring networks'), (2004, 'national oceanic and atmospheric administration'), (2004, 'silver spring networks'), (2005, 'national oceanic and atmospheric administration'), (2006, 'national oceanic and atmospheric administration'), (2007, 'national oceanic and atmospheric administration'), (2007, 'university corporation for atmospheric research'), (2008, 'silver spring networks'), (2008, 'university corporation for atmospheric research'), (2009, 'silver spring networks'), (2009, 'university corporation for atmospheric research'), (2010, 'national oceanic and atmospheric administration'), (2010, 'university corporation for atmospheric research'), (2011, 'national oceanic and atmospheric administration'), (2011, 'silver spring networks'), (2011, 'university corporation for atmospheric research'), (2011, 'university of texas at arlington'), (2012, 'silver spring networks'), (2012, 'university corporation for atmospheric research'), (2012, 'university of texas at arlington'), (2013, 'silver spring networks'), (2013, 'university of texas at arlington'), (2013, 'university of texas at austin'), (2014, 'silver spring networks'), (2014, 'university corporation for atmospheric research'), (2014, 'university of texas at arlington'), (2015, 'university of texas at arlington'), (2016, 'university of texas at arlington'), (2017, 'university of texas at arlington'), (2017, 'university of texas at austin'), (2018, 'university of texas at arlington'), (2019, 'university of texas at arlington'), (2020, 'university of texas at arlington'), (2021, 'university of texas at arlington'))

11/10 positive, 20/10 negative
Do these records refer to the same thing?
(y)es / (n)o / (u)nsure / (f)inished / (p)revious
firstname : john
lastname : blair
middlename : None
year_range : (2008,)
main_us_institutions_year : ((2008, 'kansas state university'),)
all_us_institutions_year : ((2008, 'kansas state university'),)

firstname : john
lastname : blair
middlename : None
year_range : (1998, 2001)
main_us_institutions_year : ((1998, 'arizona state university'), (2000, 'arizona state university'), (2001, 'arizona state university'))
all_us_institutions_year : ((1998, 'arizona state university'), (2000, 'arizona state university'), (2001, 'arizona state university'))

12/10 positive, 20/10 negative
Do these records refer to the same thing?
(y)es / (n)o / (u)nsure / (f)inished / (p)revious
firstname : robert
lastname : phalen
middlename : f
year_range : (2005,)
main_us_institutions_year : ((2005, 'university of california irvine'),)
all_us_institutions_year : ((2005, 'university of california irvine'),)

firstname : robert
lastname : phalen
middlename : n
year_range : (2008, 2020)
main_us_institutions_year : ((2008, 'california state university san bernardino'), (2011, 'california state university san bernardino'), (2012, 'california state university san bernardino'), (2014, 'california state university san bernardino'), (2015, 'california state university san bernardino'), (2016, 'university of houston clear lake'), (2017, 'university of houston clear lake'), (2020, 'university of houston clear lake'))
all_us_institutions_year : ((2008, 'california state university san bernardino'), (2011, 'california state university san bernardino'), (2012, 'california state university san bernardino'), (2014, 'california state university san bernardino'), (2015, 'california state university san bernardino'), (2016, 'university of houston clear lake'), (2017, 'university of houston clear lake'), (2020, 'university of houston clear lake'))

12/10 positive, 21/10 negative
Do these records refer to the same thing?
(y)es / (n)o / (u)nsure / (f)inished / (p)revious
firstname : leejane
lastname : liu
middlename : sally
year_range : (2004,)
main_us_institutions_year : ((2004, 'university of washington'),)
all_us_institutions_year : ((2004, 'university of washington'),)

firstname : lj
lastname : liu
middlename : sally
year_range : (2000, 2005)
main_us_institutions_year : ((2000, 'university of washington'), (2001, 'university of washington'), (2003, 'university of washington'), (2005, 'university of washington'))
all_us_institutions_year : ((2000, 'university of washington'), (2001, 'university of washington'), (2003, 'university of washington'), (2005, 'university of washington'))

12/10 positive, 22/10 negative
Do these records refer to the same thing?
(y)es / (n)o / (u)nsure / (f)inished / (p)revious
firstname : ramalingam
lastname : saravanan
middlename : None
year_range : (2013,)
main_us_institutions_year : ((2013, 'texas a m university college station'),)
all_us_institutions_year : ((2013, 'texas a m university college station'),)

firstname : r
lastname : saravanan
middlename : None
year_range : (1984, 2021)
main_us_institutions_year : ((1990, 'princeton university'), (1996, 'national center for atmospheric research'), (1997, 'national center for atmospheric research'), (1998, 'national center for atmospheric research'), (1999, 'national center for atmospheric research'), (2000, 'national center for atmospheric research'), (2001, 'national center for atmospheric research'), (2002, 'national center for atmospheric research'), (2003, 'national center for atmospheric research'), (2004, 'national center for atmospheric research'), (2005, 'national center for atmospheric research'), (2006, 'texas a m university'), (2006, 'national center for atmospheric research'), (2007, 'texas a m university'), (2009, 'texas a m university'), (2010, 'texas a m university'), (2011, 'texas a m university'), (2012, 'texas a m university'), (2013, 'national center for atmospheric research'), (2014, 'texas a m university'), (2015, 'texas a m university'), (2016, 'texas a m university'), (2017, 'texas a m university'), (2018, 'texas a m university'), (2019, 'texas a m university'), (2020, 'texas a m university'), (2021, 'texas a m university'))
all_us_institutions_year : ((1990, 'princeton university'), (1996, 'national center for atmospheric research'), (1997, 'national center for atmospheric research'), (1998, 'national center for atmospheric research'), (1999, 'national center for atmospheric research'), (2000, 'national center for atmospheric research'), (2001, 'national center for atmospheric research'), (2002, 'national center for atmospheric research'), (2003, 'national center for atmospheric research'), (2004, 'national center for atmospheric research'), (2005, 'national center for atmospheric research'), (2006, 'national center for atmospheric research'), (2006, 'texas a m university'), (2007, 'texas a m university'), (2009, 'texas a m university'), (2010, 'texas a m university'), (2011, 'texas a m university'), (2012, 'texas a m university'), (2013, 'national center for atmospheric research'), (2013, 'texas a m university'), (2014, 'texas a m university'), (2015, 'texas a m university'), (2016, 'texas a m university'), (2017, 'texas a m university'), (2018, 'texas a m university'), (2018, 'university of hawaii at manoa'), (2019, 'texas a m university'), (2020, 'texas a m university'), (2021, 'texas a m university'))

13/10 positive, 22/10 negative
Do these records refer to the same thing?
(y)es / (n)o / (u)nsure / (f)inished / (p)revious
firstname : rachael
lastname : craig
middlename : g
year_range : (2005,)
main_us_institutions_year : ((2005, 'kent state university'),)
all_us_institutions_year : ((2005, 'kent state university'),)

firstname : richard
lastname : craig
middlename : g
year_range : (1973, 1990)
main_us_institutions_year : ((1973, 'kent state university'), (1974, 'kent state university'), (1980, 'kent state university'), (1982, 'kent state university'), (1984, 'kent state university'), (1986, 'kent state university'), (1988, 'kent state university'), (1989, 'kent state university'), (1990, 'kent state university'))
all_us_institutions_year : ((1973, 'kent state university'), (1974, 'kent state university'), (1980, 'kent state university'), (1982, 'kent state university'), (1984, 'kent state university'), (1986, 'kent state university'), (1987, 'kent state university'), (1988, 'kent state university'), (1989, 'kent state university'), (1990, 'kent state university'), (1991, 'kent state university'), (2013, 'kent state university'))

14/10 positive, 22/10 negative
Do these records refer to the same thing?
(y)es / (n)o / (u)nsure / (f)inished / (p)revious
firstname : arnold
lastname : schultz
middlename : None
year_range : (1994,)
main_us_institutions_year : ((1994, 'university of california berkeley'),)
all_us_institutions_year : ((1994, 'university of california berkeley'),)

firstname : a
lastname : schultz
middlename : None
year_range : (1983, 2020)
main_us_institutions_year : ((1987, 'university of california san diego'), (1990, 'university of washington'), (1991, 'university of washington'), (2004, 'oregon state university'), (2008, 'oregon state university'), (2008, 'national science foundation'), (2009, 'oregon state university'), (2014, 'oregon state university'), (2017, 'oregon state university'), (2018, 'oregon state university'), (2019, 'university of wisconsin madison'), (2020, 'oregon state university'))
all_us_institutions_year : ((1982, 'university of washington'), (1987, 'university of california san diego'), (1990, 'university of washington'), (1991, 'university of washington'), (2004, 'oregon state university'), (2006, 'oregon state university'), (2007, 'oregon state university'), (2008, 'national science foundation'), (2008, 'oregon state university'), (2009, 'oregon state university'), (2014, 'oregon state university'), (2017, 'oregon state university'), (2017, 'university of wisconsin madison'), (2018, 'oregon state university'), (2018, 'pacific northwest national laboratory'), (2019, 'oregon state university'), (2019, 'university of wisconsin madison'), (2020, 'oregon state university'), (2020, 'university of hawaii'), (2020, 'university of wisconsin madison'))

14/10 positive, 23/10 negative
Do these records refer to the same thing?
(y)es / (n)o / (u)nsure / (f)inished / (p)revious
firstname : timothy
lastname : kane
middlename : j
year_range : (2014,)
main_us_institutions_year : ((2014, 'pennsylvania state university'),)
all_us_institutions_year : ((2014, 'pennsylvania state university'),)

firstname : r
lastname : kane
middlename : j
year_range : (1986, 1987)
main_us_institutions_year : ((1986, 'pennsylvania state university'),)
all_us_institutions_year : ((1986, 'pennsylvania state university'),)

14/10 positive, 24/10 negative
Do these records refer to the same thing?
(y)es / (n)o / (u)nsure / (f)inished / (p)revious
firstname : roy
lastname : sidle
middlename : c
year_range : (1993,)
main_us_institutions_year : ((1993, 'utah state university'),)
all_us_institutions_year : ((1993, 'utah state university'),)

firstname : roy
lastname : sidle
middlename : c
year_range : (2011, 2019)
main_us_institutions_year : ((2011, 'united states environmental protection agency'), (2012, 'united states environmental protection agency'), (2013, 'united states environmental protection agency'), (2014, 'united states environmental protection agency'), (2015, 'united states environmental protection agency'))
all_us_institutions_year : ((2011, 'united states environmental protection agency'), (2012, 'united states environmental protection agency'), (2013, 'united states environmental protection agency'), (2014, 'united states environmental protection agency'), (2015, 'united states environmental protection agency'))

14/10 positive, 25/10 negative
Do these records refer to the same thing?
(y)es / (n)o / (u)nsure / (f)inished / (p)revious
firstname : jeffrey
lastname : rogers
middlename : c
year_range : (2009,)
main_us_institutions_year : ((2009, 'ohio state university'),)
all_us_institutions_year : ((2009, 'ohio state university'),)

firstname : jeffery
lastname : rogers
middlename : c
year_range : (1981, 1993)
main_us_institutions_year : ((1981, 'ohio state university'), (1982, 'ohio state university'), (1983, 'ohio state university'), (1984, 'ohio state university'), (1985, 'ohio state university'), (1988, 'ohio state university'), (1990, 'ohio state university'), (1992, 'ohio state university'), (1993, 'ohio state university'))
all_us_institutions_year : ((1981, 'ohio state university'), (1982, 'ohio state university'), (1983, 'ohio state university'), (1984, 'ohio state university'), (1985, 'ohio state university'), (1988, 'ohio state university'), (1990, 'ohio state university'), (1992, 'ohio state university'), (1993, 'ohio state university'))

14/10 positive, 26/10 negative
Do these records refer to the same thing?
(y)es / (n)o / (u)nsure / (f)inished / (p)revious
firstname : eric
lastname : carlo
middlename : h de
year_range : (1992,)
main_us_institutions_year : ((1992, 'university of hawaii at manoa'),)
all_us_institutions_year : ((1992, 'university of hawaii at manoa'),)

firstname : e
lastname : carlo
middlename : h de
year_range : (1982, 2011)
main_us_institutions_year : ((1982, 'university of hawaii'), (1990, 'university of hawaii'), (1991, 'university of hawaii'), (1997, 'university of hawaii'), (2009, 'university of hawaii'), (2011, 'university of hawaii'))
all_us_institutions_year : ((1982, 'university of hawaii'), (1990, 'university of hawaii'), (1991, 'university of hawaii'), (1997, 'university of hawaii'), (2001, 'university of hawaii'), (2003, 'university of hawaii'), (2009, 'university of hawaii'), (2011, 'university of hawaii'))

14/10 positive, 27/10 negative
Do these records refer to the same thing?
(y)es / (n)o / (u)nsure / (f)inished / (p)revious
firstname : edward
lastname : vleet
middlename : s van
year_range : (2000,)
main_us_institutions_year : ((2000, 'university of south florida'),)
all_us_institutions_year : ((2000, 'university of south florida'),)

firstname : e
lastname : vleet
middlename : s van
year_range : (1986, 1994)
main_us_institutions_year : ((1986, 'university of south florida st petersburg'), (1994, 'university of south florida st petersburg'))
all_us_institutions_year : ((1986, 'university of south florida st petersburg'), (1994, 'university of south florida st petersburg'))

15/10 positive, 27/10 negative
Do these records refer to the same thing?
(y)es / (n)o / (u)nsure / (f)inished / (p)revious
firstname : william
lastname : patrick
middlename : h
year_range : (1993,)
main_us_institutions_year : ((1993, 'louisiana state university and agricultural mechanical college'),)
all_us_institutions_year : ((1993, 'louisiana state university and agricultural mechanical college'),)

firstname : w
lastname : patrick
middlename : h
year_range : (1968, 1996)
main_us_institutions_year : ((1968, 'louisiana state university'), (1971, 'louisiana state university'), (1978, 'louisiana state university'), (1979, 'louisiana state university'), (1980, 'louisiana state university'), (1981, 'louisiana state university'), (1982, 'louisiana state university'), (1983, 'louisiana state university'), (1990, 'louisiana state university'), (1991, 'louisiana state university'), (1996, 'louisiana state university'))
all_us_institutions_year : ((1968, 'louisiana state university'), (1971, 'louisiana state university'), (1978, 'louisiana state university'), (1979, 'louisiana state university'), (1980, 'louisiana state university'), (1981, 'louisiana state university'), (1982, 'louisiana state university'), (1983, 'louisiana state university'), (1990, 'louisiana state university'), (1991, 'louisiana state university'), (1996, 'louisiana state university'))

15/10 positive, 28/10 negative
Do these records refer to the same thing?
(y)es / (n)o / (u)nsure / (f)inished / (p)revious
firstname : edward
lastname : vleet
middlename : s van
year_range : (2001,)
main_us_institutions_year : ((2001, 'university of south florida'),)
all_us_institutions_year : ((2001, 'university of south florida'),)

firstname : e
lastname : vleet
middlename : s van
year_range : (1986, 1994)
main_us_institutions_year : ((1986, 'university of south florida st petersburg'), (1994, 'university of south florida st petersburg'))
all_us_institutions_year : ((1986, 'university of south florida st petersburg'), (1994, 'university of south florida st petersburg'))

16/10 positive, 28/10 negative
Do these records refer to the same thing?
(y)es / (n)o / (u)nsure / (f)inished / (p)revious
firstname : ronald
lastname : delaune
middlename : d
year_range : (2005,)
main_us_institutions_year : ((2005, 'louisiana state university and agricultural mechanical college'),)
all_us_institutions_year : ((2005, 'louisiana state university and agricultural mechanical college'),)

firstname : r
lastname : delaune
middlename : d
year_range : (1970, 2021)
main_us_institutions_year : ((1978, 'louisiana state university'), (1979, 'louisiana state university'), (1980, 'louisiana state university'), (1981, 'louisiana state university'), (1982, 'louisiana state university'), (1983, 'louisiana state university'), (1984, 'louisiana state university'), (1985, 'louisiana state university'), (1986, 'louisiana state university'), (1987, 'louisiana state university'), (1988, 'louisiana state university'), (1989, 'louisiana state university'), (1990, 'louisiana state university'), (1991, 'louisiana state university'), (1992, 'louisiana state university'), (1993, 'louisiana state university'), (1994, 'louisiana state university'), (1995, 'louisiana state university'), (1996, 'louisiana state university'), (1997, 'louisiana state university'), (1998, 'louisiana state university'), (1999, 'louisiana state university'), (2000, 'louisiana state university'), (2001, 'louisiana state university'), (2002, 'louisiana state university'), (2003, 'louisiana state university'), (2004, 'louisiana state university'), (2005, 'louisiana state university'), (2006, 'louisiana state university'), (2007, 'louisiana state university'), (2008, 'louisiana state university'), (2009, 'louisiana state university'), (2010, 'louisiana state university'), (2011, 'louisiana state university'), (2012, 'louisiana state university'), (2013, 'louisiana state university'), (2014, 'louisiana state university'), (2015, 'louisiana state university'), (2016, 'louisiana state university'), (2017, 'louisiana state university'), (2018, 'louisiana state university'), (2019, 'louisiana state university'), (2020, 'louisiana state university'), (2021, 'louisiana state university'))
all_us_institutions_year : ((1978, 'louisiana state university'), (1979, 'louisiana state university'), (1980, 'louisiana state university'), (1981, 'louisiana state university'), (1982, 'louisiana state university'), (1983, 'louisiana state university'), (1984, 'louisiana state university'), (1985, 'louisiana state university'), (1986, 'louisiana state university'), (1987, 'louisiana state university'), (1988, 'louisiana state university'), (1989, 'louisiana state university'), (1990, 'louisiana state university'), (1991, 'louisiana state university'), (1992, 'louisiana state university'), (1993, 'louisiana state university'), (1994, 'louisiana state university'), (1995, 'louisiana state university'), (1996, 'louisiana state university'), (1997, 'louisiana state university'), (1998, 'louisiana state university'), (1999, 'louisiana state university'), (2000, 'louisiana state university'), (2001, 'louisiana state university'), (2002, 'louisiana state university'), (2003, 'louisiana state university'), (2004, 'louisiana state university'), (2005, 'louisiana state university'), (2006, 'louisiana state university'), (2007, 'louisiana state university'), (2008, 'louisiana state university'), (2008, 'university of florida'), (2009, 'louisiana state university'), (2010, 'louisiana state university'), (2011, 'louisiana state university'), (2012, 'louisiana state university'), (2013, 'louisiana state university'), (2014, 'louisiana state university'), (2015, 'louisiana state university'), (2016, 'louisiana state university'), (2017, 'louisiana state university'), (2018, 'louisiana state university'), (2019, 'louisiana state university'), (2020, 'louisiana state university'), (2021, 'louisiana state university'))

16/10 positive, 29/10 negative
Do these records refer to the same thing?
(y)es / (n)o / (u)nsure / (f)inished / (p)revious
firstname : robert
lastname : emery
middlename : j
year_range : (2003,)
main_us_institutions_year : ((2003, 'university of texas school of public health'),)
all_us_institutions_year : ((2003, 'university of texas school of public health'),)

firstname : robert
lastname : emery
middlename : j
year_range : (1992, 2021)
main_us_institutions_year : ((1992, 'east carolina university'), (1995, 'university of texas health science center at houston'), (1996, 'university of texas health science center at houston'), (1997, 'university of texas health science center at houston'), (1998, 'university of texas health science center at houston'), (2000, 'university of texas health science center at houston'), (2001, 'university of texas health science center at houston'), (2002, 'university of texas health science center at houston'), (2003, 'university of texas health science center at houston'), (2004, 'university of texas health science center at houston'), (2005, 'university of texas health science center at houston'), (2005, 'university of texas at austin'), (2008, 'university of texas health science center at houston'), (2009, 'university of texas at austin'), (2011, 'university of texas at austin'), (2012, 'university of texas health science center at houston'), (2013, 'university of texas health science center at houston'), (2014, 'university of texas health science center at houston'), (2015, 'university of texas health science center at houston'), (2016, 'university of texas at austin'), (2017, 'university of texas health science center at houston'), (2018, 'university of texas health science center at houston'), (2020, 'university of texas health science center at houston'), (2021, 'university of texas health science center at houston'))
all_us_institutions_year : ((1992, 'east carolina university'), (1995, 'university of texas health science center at houston'), (1996, 'university of texas health science center at houston'), (1997, 'university of texas health science center at houston'), (1998, 'university of texas health science center at houston'), (2000, 'university of texas health science center at houston'), (2001, 'university of texas health science center at houston'), (2002, 'university of texas health science center at houston'), (2003, 'university of texas health science center at houston'), (2004, 'university of texas health science center at houston'), (2005, 'university of texas at austin'), (2005, 'university of texas health science center at houston'), (2008, 'university of texas health science center at houston'), (2009, 'university of texas at austin'), (2011, 'university of texas at austin'), (2012, 'university of texas health science center at houston'), (2013, 'university of texas at austin'), (2013, 'university of texas health science center at houston'), (2014, 'university of texas health science center at houston'), (2015, 'university of texas at austin'), (2015, 'university of texas health science center at houston'), (2016, 'university of texas at austin'), (2016, 'university of texas health science center at houston'), (2017, 'university of texas health science center at houston'), (2018, 'university of texas at austin'), (2018, 'university of texas health science center at houston'), (2020, 'university of texas at austin'), (2020, 'university of texas health science center at houston'), (2021, 'university of texas health science center at houston'))

17/10 positive, 29/10 negative
Do these records refer to the same thing?
(y)es / (n)o / (u)nsure / (f)inished / (p)revious
firstname : barun
lastname : gupta
middlename : k sen
year_range : (1997,)
main_us_institutions_year : ((1997, 'louisiana state university and agricultural mechanical college'),)
all_us_institutions_year : ((1997, 'louisiana state university and agricultural mechanical college'),)

firstname : b
lastname : gupta
middlename : k sen
year_range : (2001, 2008)
main_us_institutions_year : ((2001, 'louisiana state university'), (2002, 'louisiana state university'), (2003, 'louisiana state university'), (2007, 'louisiana state university'), (2008, 'louisiana state university'))
all_us_institutions_year : ((2001, 'louisiana state university'), (2002, 'louisiana state university'), (2003, 'louisiana state university'), (2007, 'louisiana state university'), (2008, 'louisiana state university'))

18/10 positive, 29/10 negative
Do these records refer to the same thing?
(y)es / (n)o / (u)nsure / (f)inished / (p)revious
firstname : darko
lastname : koracin
middlename : r
year_range : (2012,)
main_us_institutions_year : ((2012, 'university of nevada reno'),)
all_us_institutions_year : ((2012, 'university of nevada reno'),)

firstname : darko
lastname : koracin
middlename : None
year_range : (1988, 2020)
main_us_institutions_year : ((1989, 'desert research institute'), (1990, 'desert research institute'), (1992, 'desert research institute'), (1993, 'desert research institute'), (1995, 'desert research institute'), (1996, 'desert research institute'), (1998, 'desert research institute'), (2000, 'desert research institute'), (2001, 'desert research institute'), (2002, 'desert research institute'), (2003, 'desert research institute'), (2004, 'desert research institute'), (2005, 'desert research institute'), (2006, 'desert research institute'), (2007, 'desert research institute'), (2008, 'desert research institute'), (2009, 'desert research institute'), (2010, 'desert research institute'), (2011, 'desert research institute'), (2012, 'desert research institute'), (2013, 'desert research institute'), (2014, 'desert research institute'), (2016, 'desert research institute'), (2018, 'desert research institute'), (2019, 'desert research institute'), (2020, 'desert research institute'))
all_us_institutions_year : ((1989, 'desert research institute'), (1990, 'desert research institute'), (1992, 'desert research institute'), (1993, 'desert research institute'), (1995, 'desert research institute'), (1996, 'desert research institute'), (1998, 'desert research institute'), (2000, 'desert research institute'), (2001, 'desert research institute'), (2002, 'desert research institute'), (2003, 'desert research institute'), (2004, 'desert research institute'), (2005, 'desert research institute'), (2006, 'desert research institute'), (2006, 'university of nevada reno'), (2007, 'desert research institute'), (2008, 'desert research institute'), (2009, 'desert research institute'), (2010, 'desert research institute'), (2011, 'desert research institute'), (2012, 'desert research institute'), (2013, 'desert research institute'), (2014, 'community college of philadelphia'), (2014, 'desert research institute'), (2015, 'desert research institute'), (2016, 'desert research institute'), (2017, 'desert research institute'), (2018, 'desert research institute'), (2019, 'desert research institute'), (2020, 'desert research institute'))

19/10 positive, 29/10 negative
Do these records refer to the same thing?
(y)es / (n)o / (u)nsure / (f)inished / (p)revious
firstname : wei
lastname : gao
middlename : None
year_range : (2015,)
main_us_institutions_year : ((2015, 'colorado state university'),)
all_us_institutions_year : ((2015, 'colorado state university'),)

firstname : wei
lastname : gao
middlename : None
year_range : (2010, 2021)
main_us_institutions_year : ((2010, 'university of california san diego'), (2011, 'university of california san diego'), (2012, 'university of california san diego'), (2013, 'university of california san diego'), (2014, 'university of california san diego'), (2015, 'university of california san diego'), (2016, 'university of california berkeley'), (2017, 'university of california berkeley'), (2018, 'california institute of technology'), (2019, 'california institute of technology'), (2020, 'california institute of technology'), (2021, 'california institute of technology'))
all_us_institutions_year : ((1972, 'university of california san diego'), (2010, 'university of california san diego'), (2011, 'university of california san diego'), (2012, 'university of california'), (2012, 'university of california los angeles'), (2012, 'university of california san diego'), (2013, 'university of california'), (2013, 'university of california san diego'), (2014, 'university of california los angeles'), (2014, 'university of california san diego'), (2015, 'university of california san diego'), (2016, 'lawrence berkeley national laboratory'), (2016, 'university of california'), (2016, 'university of california berkeley'), (2016, 'university of california san diego'), (2017, 'lawrence berkeley national laboratory'), (2017, 'stanford university'), (2017, 'university of california berkeley'), (2017, 'university of california san diego'), (2018, 'california institute of technology'), (2018, 'lawrence berkeley national laboratory'), (2018, 'university of california berkeley'), (2018, 'university of california san diego'), (2019, 'california institute of technology'), (2020, 'california institute of technology'), (2021, 'california institute of technology'))

19/10 positive, 29/10 negative
Do these records refer to the same thing?
(y)es / (n)o / (u)nsure / (f)inished / (p)revious
firstname : james
lastname : vincent
middlename : h
year_range : (1994,)
main_us_institutions_year : ((1994, 'university of minnesota'),)
all_us_institutions_year : ((1994, 'university of minnesota'),)

firstname : james
lastname : vincent
middlename : h
year_range : (1989, 2020)
main_us_institutions_year : ((1998, 'university of michigan'), (1999, 'university of michigan'), (2000, 'university of michigan'), (2001, 'university of michigan'), (2002, 'university of michigan'), (2003, 'university of michigan'), (2004, 'university of michigan'), (2005, 'university of michigan'), (2007, 'university of michigan'), (2008, 'university of michigan'), (2011, 'university of michigan'), (2012, 'university of michigan'))
all_us_institutions_year : ((1998, 'university of michigan'), (1999, 'university of michigan'), (2000, 'university of michigan'), (2001, 'university of michigan'), (2002, 'university of michigan'), (2003, 'university of michigan'), (2004, 'university of michigan'), (2005, 'university of michigan'), (2007, 'university of michigan'), (2008, 'university of michigan'), (2009, 'university of michigan'), (2011, 'university of michigan'), (2012, 'university of michigan'))

19/10 positive, 30/10 negative
Do these records refer to the same thing?
(y)es / (n)o / (u)nsure / (f)inished / (p)revious
firstname : j
lastname : moore
middlename : keith
year_range : (2010,)
main_us_institutions_year : ((2010, 'university of california irvine'),)
all_us_institutions_year : ((2010, 'university of california irvine'),)

firstname : jacob
lastname : moore
middlename : l
year_range : (2016, 2018)
main_us_institutions_year : ((2016, 'university of california davis'), (2018, 'university of california davis'))
all_us_institutions_year : ((2016, 'university of california davis'), (2017, 'university of california davis'), (2018, 'university of california davis'))

19/10 positive, 31/10 negative
Do these records refer to the same thing?
(y)es / (n)o / (u)nsure / (f)inished / (p)revious
Finished labeling
Done in 742.5770332296689 minutes.
