/home/christoph/anaconda3/envs/science-career-tempenv/lib/python3.9/site-packages/numpy/core/getlimits.py:500: UserWarning: The value of the smallest subnormal for <class 'numpy.float64'> type is zero.
  setattr(self, word, getattr(machar, word).flat[0])
/home/christoph/anaconda3/envs/science-career-tempenv/lib/python3.9/site-packages/numpy/core/getlimits.py:89: UserWarning: The value of the smallest subnormal for <class 'numpy.float64'> type is zero.
  return self._float_to_str(self.smallest_subnormal)
/home/christoph/anaconda3/envs/science-career-tempenv/lib/python3.9/site-packages/numpy/core/getlimits.py:500: UserWarning: The value of the smallest subnormal for <class 'numpy.float32'> type is zero.
  setattr(self, word, getattr(machar, word).flat[0])
/home/christoph/anaconda3/envs/science-career-tempenv/lib/python3.9/site-packages/numpy/core/getlimits.py:89: UserWarning: The value of the smallest subnormal for <class 'numpy.float32'> type is zero.
  return self._float_to_str(self.smallest_subnormal)
Namespace(testing=False, verbose=1, field=['biology'], train_name='christoph_fielddegree0', startyear=1985, endyear=2015, mergemode='1:1', recall=0.9, institution='False', fieldofstudy_cat='False', fieldofstudy_str='False', keywords='True', retrain='True', linking_type='graduates', samplesize=50000)
Have max 6 cores available
Testing is False 

finished setup ... 
Time elapsed: 0.0008909702301025391 minutes 


    SELECT goid
            , year
            , firstname 
            , lastname
            , CASE TRIM(SUBSTR(middle_lastname, 1, l_fullname-l_firstname-l_lastname - 1)) 
                WHEN 
                    "" THEN NULL 
                    ELSE TRIM(SUBSTR(middle_lastname, 1, l_fullname-l_firstname-l_lastname - 1)) 
                END AS middlename
            , fieldofstudy
            , keywords
            , institution
            , coauthors
            , year_papertitle
    FROM (
        SELECT goid
            , degree_year AS year 
            , fullname 
            , SUBSTR(TRIM(fullname),1,instr(trim(fullname)||' ',' ')-1) AS firstname
            , REPLACE(fullname, RTRIM(fullname, REPLACE(fullname, " ", "")), "") AS lastname 
            , TRIM(SUBSTR(fullname, length(SUBSTR(TRIM(fullname),1,instr(trim(fullname)||' ',' ')-1)) + 1)) AS middle_lastname 
            , length(fullname) AS l_fullname 
            , length(SUBSTR(TRIM(fullname),1,instr(trim(fullname)||' ',' ')-1) ) AS l_firstname
            , length(REPLACE(fullname, RTRIM(fullname, REPLACE(fullname, " ", "")), "")) AS l_lastname
            , fieldname AS fieldofstudy
            , university_id
            , degree_year || "//" || thesistitle as year_papertitle 
        FROM pq_authors 
        INNER JOIN (
            SELECT goid, fieldname 
            FROM pq_fields_mag
            WHERE mag_field0 IN (?)
        ) USING (goid)
    )
    -- ## NOTE: use left join here as not all graduates have advisor (particularly pre-1980) and possibly also keywords
    LEFT JOIN (
        SELECT goid
            , fields as keywords
            , advisors as coauthors
        FROm pq_info_linking
    ) USING(goid)
    INNER JOIN (
        SELECT university_id, normalizedname as institution
        FROM pq_unis
        WHERE location like "%United States%"
    ) USING(university_id)
    WHERE year >= 1985 and year <= 2015 AND length(firstname) > 1
     


    SELECT f.AuthorId
        , f.year
        , f.firstname
        , f.lastname
        , CASE TRIM(SUBSTR(f.middle_lastname, 1, f.l_fullname - f.l_firstname - f.l_lastname - 1)) 
            WHEN 
                "" THEN NULL 
                ELSE TRIM(SUBSTR(f.middle_lastname, 1, f.l_fullname - f.l_firstname - f.l_lastname - 1)) 
            END as middlename 
            -- ## NOTE this gives "" for middlename when it is missing 
        , f.fieldofstudy
        , g.keywords
        , g.coauthors
        , g.institution
        , g.year_papertitle
    FROM (
        SELECT a.AuthorId
            , a.YearFirstPub AS year
            , a.FirstName AS firstname
            , REPLACE(b.NormalizedName, RTRIM(b.NormalizedName, REPLACE(b.NormalizedName, " ", "")), "") AS lastname 
                    -- https://stackoverflow.com/questions/21388820/how-to-get-the-last-index-of-a-substring-in-sqlite
            , TRIM(SUBSTR(b.NormalizedName, length(a.FirstName) + 1)) AS middle_lastname 
                    -- this gives all except the first name 
            , length(b.NormalizedName) as l_fullname 
            , length(a.FirstName) as l_firstname
            , length(REPLACE(b.NormalizedName, RTRIM(b.NormalizedName, REPLACE(b.NormalizedName, " ", "")), "")) as l_lastname
            , e.NormalizedName AS fieldofstudy
        FROM author_sample AS a
        INNER JOIN (
            SELECT AuthorId, NormalizedName
            FROM Authors
        ) AS b USING(AuthorId)
        INNER JOIN (
            SELECT AuthorId
            FROM author_field0
            WHERE FieldOfStudyId_lvl0 IN (?)
                AND Degree <= 0
        ) USING(AuthorId)
        LEFT JOIN (
            SELECT AuthorId, NormalizedName
            FROM author_fields c
            INNER JOIN (
                SELECT FieldOfStudyId, NormalizedName
                FROM FieldsOfStudy
            ) AS d USING(FieldOfStudyId)
            -- ## Condition on fieldofstudy being in the level 0 id_field
            INNER JOIN (
                SELECT ParentFieldOfStudyId, ChildFieldOfStudyId
                FROM crosswalk_fields
                WHERE ParentLevel = 0
                    AND ParentFieldOfStudyId IN (?)
            ) AS e ON (e.ChildFieldOfStudyId = c.FieldOfStudyId)
            WHERE FieldClass = 'first'
        ) AS e USING(AuthorId)
    ) f
    LEFT JOIN (
        SELECT AuthorId
                , institutions as institution
                , main_us_institutions_career
                , coauthors
                , keywords
                , year_papertitle
        FROM author_info_linking
    ) AS g USING(AuthorId)
    WHERE length(firstname) > 1 AND year >= 1985 - 5 AND year <= 2015 + 5 
        -- ## use this to condition on people that have at least at some point their main affiliation in the US
        AND g.main_us_institutions_career IS NOT NULL
        AND g.institution != "chinese academy of sciences"
     

Time elapsed: 620.283254869779 minutes 

Starting active labeling...
firstname : soumya
lastname : iyengar
middlename : None
year : 1999
year_papertitle : ((1999, 'development of topography within song control circuitry of zebra finches during the sensitive period for song learning'), (2002, 'development of individual axon arbors in a thalamocortical circuit necessary for song learning in zebra finches'), (2002, 'the role of auditory experience in the formation of neural circuits underlying vocal learning in zebra finches'), (2006, 'cortical network for representing the teeth and tongue in primates'))
keywords : frozenset({'anatomy', 'neuroscience'})

firstname : soumya
lastname : iyengar
middlename : None
year : 2000
year_papertitle : ((2000, 'topographic organization within song control circuitry of male zebra finches during the sensitive period for song learning'),)
keywords : frozenset({'ecology', 'neurology'})

0/10 positive, 0/10 negative
Do these records refer to the same thing?
(y)es / (n)o / (u)nsure / (f)inished
firstname : marcelo
lastname : camargo
middlename : bento paes de
year : 1998
year_papertitle : ((1998, 'disponibilidade hidrica no solo para a cultura do milho no estado de sao paulo em funcao de epocas de semeadura e cultivares'), (1998, 'teste e analise de modelos agrometeorologicos de estimativa de produtividade para a cultura da soja na regiao de ribeirao preto'), (1999, 'drought sensitivity indices for a sorghum crop'), (2003, 'escala para avaliacao de estadios fenologicos do cafeeiro arabica'))
keywords : frozenset({'botany', 'agronomy', 'horticulture'})

firstname : marcelo
lastname : camargo
middlename : bento paes de
year : 1993
year_papertitle : ((1993, 'determination of the water balance components and drought sensitivity indices for a sorghum crop'),)
keywords : frozenset({'plant sciences', 'agronomy', 'environmental science'})

1/10 positive, 0/10 negative
Do these records refer to the same thing?
(y)es / (n)o / (u)nsure / (f)inished / (p)revious
firstname : ruth
lastname : brezinschek
middlename : i
year : 1993
year_papertitle : ((1993, 'increased immune activation during and after physical eexercise'), (1994, 'phenotypic characterization of cd4 alpha beta tcr and gamma delta tcr t cells with a transendothelial migratory capacity'), (1995, 'analysis of the heavy chain repertoire of human peripheral b cells using single cell polymerase chain reaction'), (1995, 'phenotypic characterization of cd4 t cells that exhibit a transendothelial migratory capacity'), (1996, 'cytokine levels in the seminal plasma of infertile males'), (1996, 'enrichment of differentiated cd45rbdim cd27 memory t cells in the peripheral blood synovial fluid and synovial tissue of patients with rheumatoid arthritis'), (1996, 'expression of the beta 7 integrin by human endothelial cells'), (1997, 'analysis of the frequency and pattern of somatic mutations within nonproductively rearranged human variable heavy chain genes'), (1997, 'analysis of the human vh gene repertoire differential effects of selection and somatic hypermutation on human peripheral cd5 igm and cd5 igm b cells'), (1997, 'molecular mechanisms and selective influences that shape the kappa gene repertoire of igm b cells'))
keywords : frozenset({'genetics', 'cell biology', 'molecular biology', 'endocrinology', 'internal medicine', 'immunology'})

firstname : ruth
lastname : dickover
middlename : elizabeth
year : 1991
year_papertitle : ((1991, 'quantitation and characterization of human immunodeficiency virus nucleic acid in aids patients by using the polymerase chain reaction'),)
keywords : frozenset({'microbiology'})

2/10 positive, 0/10 negative
Do these records refer to the same thing?
(y)es / (n)o / (u)nsure / (f)inished / (p)revious
firstname : robert
lastname : horlick
middlename : a
year : 1990
year_papertitle : ((1990, 'single stranded rna molecular weight and shape determination by differential pressure capillary viscometry sedimentation velocity and gel electrophoresis'), (1992, 'cloning expression and tissue distribution of the gene encoding rat fibroblast growth factor receptor subtype 4'), (1992, 'tumor growth regulation by modulation of basic fibroblast growth factor'))
keywords : frozenset({'analytical chemistry', 'cell biology', 'molecular biology', 'endocrinology', 'chromatography', 'internal medicine'})

firstname : robert
lastname : schilz
middlename : j
year : 1988
year_papertitle : ((1988, 'expression of growth factor genes in transformed human fibroblasts and cells derived from human fibrosarcomas a possible mechanism for replication in the absence of exogenous growth factors'),)
keywords : frozenset({'biochemistry'})

2/10 positive, 1/10 negative
Do these records refer to the same thing?
(y)es / (n)o / (u)nsure / (f)inished / (p)revious
firstname : jinlai
lastname : lin
middlename : None
year : 1999
year_papertitle : ((1999, 'synthesis and properties of a novel phosphodiester analogue nucleoside boranophosphorothioate'), (2000, 'synthesis of a boron analogue of glucose conjugated nucleoside diphosphate nucleoside α p boranodiphosphoglucose'), (2000, 'synthesis of a novel triphosphate analogue nucleoside α p borano α p thiotriphosphate'), (2000, 'synthesis of boron containing adp and gdp analogues nucleoside 5 p boranodiphosphates'), (2001, 'novel 3 5 cyclic nucleotide analogue adenosine 3 5 cyclic boranomonophosphate'), (2001, 'synthesis and properties of novel triphosphate analogues ribonucleoside and deoxyribonucleoside alpha p borano alpha p thio triphosphates'), (2001, 'synthesis of a novel nucleic acid mimic p boranomethylphosphonate'), (2001, 'synthesis of new classes of boron containing nucleotides'), (2002, 'reading and writing genetic information with boranophosphate borane phosphate mimics of nucleotides dna and rna'), (2003, 'reading writing and modulating genetic information with boranophosphate mimics of nucleotides dna and rna'))
keywords : frozenset({'stereochemistry', 'biochemistry', 'combinatorial chemistry'})

firstname : jinlai
lastname : lin
middlename : None
year : 2001
year_papertitle : ((2001, 'synthesis and properties of new classes of boron containing nucleic acids'),)
keywords : frozenset({'organic chemistry', 'biochemistry'})

2/10 positive, 2/10 negative
Do these records refer to the same thing?
(y)es / (n)o / (u)nsure / (f)inished / (p)revious
firstname : hyun
lastname : lee
middlename : sook
year : 2002
year_papertitle : ((2002, 'alternating translocation of protein substrates from both ends of clpxp protease'), (2004, 'clpa and clpx atpases bind simultaneously to opposite ends of clpp peptidase to form active hybrid complexes'), (2005, 'cardiac specific nkx2 5 homeodomain conformational stability and specific dna binding of nkx2 5 c56s'), (2005, 'letter to the editor nmr assignments of the dna bound human csx nkx2 5 homeodomain and nk2 specific domain'))
keywords : frozenset({'biophysics', 'nuclear magnetic resonance', 'biochemistry', 'crystallography', 'stereochemistry'})

firstname : hyun
lastname : lee
middlename : None
year : 2006
year_papertitle : ((2006, 'structural and functional characterization of the yeast dun1 fha domain'),)
keywords : frozenset({'biophysics'})

3/10 positive, 2/10 negative
Do these records refer to the same thing?
(y)es / (n)o / (u)nsure / (f)inished / (p)revious
firstname : ying
lastname : li
middlename : None
year : 2004
year_papertitle : ((2004, 'negative regulation of prolactin receptor stability and signaling mediated by scfβ trcp e3 ubiquitin ligase'), (2004, 'stability of homologue of slimb f box protein is regulated by availability of its substrate'), (2005, 'targeting β transducin repeat containing protein e3 ubiquitin ligase augments the effects of antitumor drugs on breast cancer cells'), (2006, 'stabilization of prolactin receptor in breast cancer cells'), (2007, 'raf inhibitor stabilizes receptor for the type i interferon but inhibits its anti proliferative effects in human malignant melanoma cells'), (2007, 'site specific ubiquitination exposes a linear motif to promote interferon α receptor endocytosis'), (2008, 'oncogene mediated inhibition of glycogen synthase kinase 3β impairs degradation of prolactin receptor'))
keywords : frozenset({'cell biology', 'endocrinology', 'cancer research', 'biochemistry', 'internal medicine'})

firstname : ying
lastname : liang
middlename : None
year : 1995
year_papertitle : ((1995, 'c clamp porphyrins models for h bonded heme active site'),)
keywords : frozenset({'organic chemistry', 'biochemistry'})

3/10 positive, 2/10 negative
Do these records refer to the same thing?
(y)es / (n)o / (u)nsure / (f)inished / (p)revious
firstname : feng
lastname : li
middlename : None
year : 1999
year_papertitle : ((1999, 'basic fgf induced down regulation of igf i mrna in cultured rat muller cells'), (2001, 'development of normal and injury induced gene expression of afgf bfgf cntf bdnf gfap and igf i in the rat retina'))
keywords : frozenset({'endocrinology', 'molecular biology', 'internal medicine'})

firstname : feng
lastname : liang
middlename : None
year : 1996
year_papertitle : ((1996, 'genetic studies of double strand break repair in mammalian cells'),)
keywords : frozenset({'molecular biology'})

3/10 positive, 3/10 negative
Do these records refer to the same thing?
(y)es / (n)o / (u)nsure / (f)inished / (p)revious
firstname : elif
lastname : firatkaralar
middlename : nur
year : 2010
year_papertitle : ((2010, 'an actin filament binding interface on the arp2 3 complex is critical for nucleation and branch stability'), (2011, 'new mechanisms and functions of actin nucleation'), (2011, 'the actin nucleation factor jmy is a negative regulator of neuritogenesis'), (2014, 'proteomic analysis of mammalian sperm cells identifies new components of the centrosome'), (2014, 'proximity interactions among centrosome components identify regulators of centriole duplication'), (2014, 'the centriole duplication cycle'), (2015, 'probing mammalian centrosome structure using bioid proximity dependent biotinylation'), (2016, 'fluorescent protein integrated white leds for displays'), (2017, 'the centriolar satellite protein ccdc66 interacts with cep290 and functions in cilium formation and trafficking'))
keywords : frozenset({'biophysics', 'nanotechnology', 'cell biology', 'optoelectronics'})

firstname : elif
lastname : firat
middlename : nur
year : 2010
year_papertitle : ((2010, 'dissecting the mechanism of arp2 3 complex activation by actin filament binding and the regulation and function of jmy in cells'),)
keywords : frozenset({'molecular biology', 'biochemistry', 'cellular biology'})

3/10 positive, 4/10 negative
Do these records refer to the same thing?
(y)es / (n)o / (u)nsure / (f)inished / (p)revious
firstname : jian
lastname : zhang
middlename : None
year : 1999
year_papertitle : ((1999, 'upregulation of neuronal endosomal lysosomal system and activation of microglia in mice deficient for cathepsin d'), (2001, 'involvement of nitric oxide released from microglia macrophages in pathological changes of cathepsin d deficient mice'), (2003, 'activation of μ calpain in developing cortical neurons following methylmercury treatment'), (2005, 'leptomeningeal cells activate microglia and astrocytes to induce il 10 production by releasing pro inflammatory cytokines during systemic inflammation'), (2005, 'proteolytic degradation of glutamate decarboxylase mediates disinhibition of hippocampal ca3 pyramidal cells in cathepsin d deficient mice'), (2006, 'involvement of cox 1 and up regulated prostaglandin e synthases in phosphatidylserine liposome induced prostaglandin e2 production by microglia'))
keywords : frozenset({'cell biology', 'molecular biology', 'endocrinology', 'biochemistry', 'internal medicine', 'pathology', 'anesthesia'})

firstname : qian
lastname : zhang
middlename : None
year : 2013
year_papertitle : ((2013, 'hydrogen deuterium exchange coupled with ft icr ms instrumentation software development and applications'),)
keywords : frozenset({'biochemistry', 'analytical chemistry'})

4/10 positive, 4/10 negative
Do these records refer to the same thing?
(y)es / (n)o / (u)nsure / (f)inished / (p)revious
firstname : yan
lastname : li
middlename : None
year : 2015
year_papertitle : ((2015, '11 regulation of the cell cycle'), (2021, 'fbxl8 suppresses lymphoma growth and hematopoietic transformation through degradation of cyclin d3'))
keywords : frozenset({'cell biology', 'cancer research'})

firstname : yan
lastname : lin
middlename : None
year : 2007
year_papertitle : ((2007, 'statistical issues in family based genetic association studies with application to congenital heart defects in down syndrome'),)
keywords : frozenset({'genetics', 'biostatistics', 'bioinformatics'})

4/10 positive, 5/10 negative
Do these records refer to the same thing?
(y)es / (n)o / (u)nsure / (f)inished / (p)revious
firstname : wei
lastname : zhang
middlename : None
year : 2010
year_papertitle : ((2010, 'bog bilberry vaccinium uliginosum l extract reduces cultured hep g2 caco 2 and 3t3 l1 cell viability affects cell cycle progression and has variable effects on membrane permeability'), (2011, 'toward better control of salmonella contamination by taking advantage of the egg s self defense system a review'), (2012, 'hypomethylation upregulates the expression of cd30 in lymphoma induced by marek s disease virus'), (2013, 'quantity of glucose transporter and appetite associated factor mrna in various tissues after insulin injection in chickens selected for low or high body weight'), (2014, 'anorexigenic effect of serotonin in an alternative vertebrate model 728 18'), (2014, 'chickens from lines artificially selected for juvenile low and high body weight differ in glucose homeostasis and pancreas physiology'), (2014, 'chickens from lines selected for high and low body weight show differences in fatty acid oxidation efficiency and metabolic flexibility in skeletal muscle and white adipose tissue'), (2014, 'chickens from lines selected for low or high body weight differ in fatty acid oxidation efficiency and metabolic flexibility in skeletal muscle and abdominal fat 814 2'), (2014, 'delayed feeding after hatch caused compensatory increases in blood glucose concentration in fed chicks from low but not high body weight lines'), (2014, 'hypothalamus adipose tissue crosstalk neuropeptide y and the regulation of energy metabolism'))
keywords : frozenset({'molecular biology', 'physiology', 'endocrinology', 'cancer research', 'biochemistry', 'internal medicine', 'immunology', 'toxicology'})

firstname : weijia
lastname : zhang
middlename : None
year : 2000
year_papertitle : ((2000, 'immunobiological analysis of tcr transgenic mice revealed structural features of tcr cdr3 loops in antigen recognition'),)
keywords : frozenset({'immunology', 'molecular biology', 'cellular biology'})

4/10 positive, 6/10 negative
Do these records refer to the same thing?
(y)es / (n)o / (u)nsure / (f)inished / (p)revious
firstname : cheng
lastname : zhu
middlename : None
year : 2000
year_papertitle : ((2000, 'role of climate in the rise and fall of neolithic cultures on the yangtze delta'), (2003, 'on the holocene sea level highstand along the yangtze delta and ningshao plain east china'), (2003, 'radiocarbon constraints on the holocene flood deposits of the ning zhen mountains lower yangtze river area of china'), (2005, 'identifying paleoflood deposits archived in zhongba site the three gorges reservoir region of the yangtze river china'))
keywords : frozenset({'climatology', 'oceanography', 'mineralogy', 'physical geography', 'ecology', 'geochemistry'})

firstname : chen
lastname : zhu
middlename : None
year : 2014
year_papertitle : ((2014, 'membrane curvature sorting and generation by the bar domain proteins endophilin and syndapin'),)
keywords : frozenset({'biochemistry'})

4/10 positive, 7/10 negative
Do these records refer to the same thing?
(y)es / (n)o / (u)nsure / (f)inished / (p)revious
firstname : matthew
lastname : clarke
middlename : l
year : 2007
year_papertitle : ((2007, 'fluorescence intermittency and spectral shifts of single bio conjugated nanocrystals studied by single molecule confocal fluorescence microscopy and spectroscopy'), (2007, 'nanocrystal based biomimetic system for quantitative flow cytometry'), (2008, 'probing the dynamic fluorescence properties of single water soluble quantum dots'), (2008, 'thermal properties of gold nanoshells in lipid vesicles studied by single particle tracking measurements'), (2008, 'water soluble dna wrapped single walled carbon nanotube quantum dot complexes'), (2009, 'effects of plasmon exciton coupling on the optical properties of cdse zns quantum dots coupled to gold nanoparticles'), (2009, 'multimodal nanoscale hyperspectral imaging demonstrated on heterostructures of quantum dots and dna wrapped single wall carbon nanotubes'), (2009, 'quantitative characterization of quantum dot labeled lambda phage for escherichia coli detection'), (2010, 'probing dynamic fluorescence properties of single and clustered quantum dots toward quantitative biomedical imaging of cells'))
keywords : frozenset({'biophysics', 'photochemistry', 'molecular biology', 'optoelectronics', 'nanotechnology', 'chemical engineering', 'optics'})

firstname : matthew
lastname : clark
middlename : daniel
year : 2014
year_papertitle : ((2014, 'characterizing the host response and genetic control of resistance in honeycrisp to apple scab i venturia inaequalis i'),)
keywords : frozenset({'genetics', 'pathology', 'plant sciences'})

4/10 positive, 8/10 negative
Do these records refer to the same thing?
(y)es / (n)o / (u)nsure / (f)inished / (p)revious
firstname : yan
lastname : wang
middlename : None
year : 2013
year_papertitle : ((2013, 'porcine pancreatic lipase related protein 2 has high triglyceride lipase activity in the absence of colipase'), (2013, 'the arg92cys colipase polymorphism impairs function and secretion by increasing protein misfolding'), (2014, 'a c elegans model of human α1 antitrypsin deficiency links components of the rnai pathway to misfolded protein turnover'), (2014, 'capitalizing on the autophagic response for treatment of liver disease caused by alpha 1 antitrypsin deficiency and other genetic diseases'), (2014, 'fluphenazine reduces proteotoxicity in c elegans and mammalian models of alpha 1 antitrypsin deficiency'), (2014, 'mysteries of α1 antitrypsin deficiency emerging therapeutic strategies for a challenging disease'), (2014, 'targeting intracellular degradation pathways for treatment of liver disease caused by α1 antitrypsin deficiency'), (2016, 'a carboxyl ester lipase cel mutant causes chronic pancreatitis by forming intracellular aggregates that activate apoptosis'), (2020, 'smad7 enhances adult β cell proliferation without significantly affecting β cell function in mice'))
keywords : frozenset({'cell biology', 'molecular biology', 'endocrinology', 'cancer research', 'biochemistry', 'internal medicine', 'immunology'})

firstname : yan
lastname : wang
middlename : None
year : 2015
year_papertitle : ((2015, 'heat shock protein 70 promotes hcc by modulating dna damage response mapk erk signaling and cellular senescence'),)
keywords : frozenset({'molecular biology', 'oncology'})

4/10 positive, 9/10 negative
Do these records refer to the same thing?
(y)es / (n)o / (u)nsure / (f)inished / (p)revious
firstname : eric
lastname : smith
middlename : None
year : 2000
year_papertitle : ((2000, 'phosphorylation induced dimerization of interferon regulatory factor 7 unmasks dna binding and a bipartite transactivation domain'), (2000, 'stat1 affects lymphocyte survival and proliferation partially independent of its role downstream of ifn γ'), (2001, 'irf3 and irf7 phosphorylation in virus infected cells does not require double stranded rna dependent protein kinase r or ikappa b kinase but is blocked by vaccinia virus e3l protein'), (2002, 'a kaposi s sarcoma associated herpesviral protein inhibits virus mediated induction of type i interferon by blocking irf 7 phosphorylation and nuclear accumulation'), (2002, 'acetylation of interferon regulatory factor 7 by p300 creb binding protein cbp associated factor pcaf impairs its dna binding'), (2002, 'enhancement and diversification of ifn induction by irf 7 mediated positive feedback'), (2002, 'ifn stimulated transcription through a tbp free acetyltransferase complex escapes viral shutoff'), (2005, 'tissue specific positive feedback requirements for production of type i interferon following virus infection'))
keywords : frozenset({'cell biology', 'virology', 'molecular biology', 'immunology'})

firstname : eric
lastname : smith
middlename : james
year : 1997
year_papertitle : ((1997, 'distinct roles for retinoblastoma protein family members in cell cycle control'),)
keywords : frozenset({'molecular biology', 'microbiology', 'cellular biology'})

4/10 positive, 10/10 negative
Do these records refer to the same thing?
(y)es / (n)o / (u)nsure / (f)inished / (p)revious
firstname : christina
lastname : passe
middlename : m million
year : 2006
year_papertitle : ((2006, 'the murine p8 gene promoter is activated by activating transcription factor 4 atf4 in the gonadotrope derived l t2 cell line'), (2008, 'loss of the protein nupr1 p8 leads to delayed lhb expression delayed ovarian maturation and testicular development of a sertoli cell only syndrome like phenotype in mice'), (2008, 'loss of the protein p8 leads to delayed lh beta expression delayed female sexual maturation and testicular development of a sertoli cell only syndrome like phenotype'))
keywords : frozenset({'endocrinology', 'molecular biology', 'internal medicine'})

firstname : christina
lastname : passe
middlename : m million
year : 2008
year_papertitle : ((2008, 'role and regulation of the high mobility group protein p8 in gonadotrope development function and tumorigenesis'),)
keywords : frozenset({'molecular biology', 'physiology', 'cellular biology'})

4/10 positive, 10/10 negative
Do these records refer to the same thing?
(y)es / (n)o / (u)nsure / (f)inished / (p)revious
firstname : maria
lastname : pereira
middlename : das gracas c
year : 1998
year_papertitle : ((1998, 'dna sequence similarity between california isolates of cryptosporidium parvum'), (1999, 'association of herd composition stocking rate and duration of calving season with fecal shedding of cryptosporidium parvum oocysts in beef herds'), (1999, 'comparison of sensitivity of immunofluorescent microscopy to that of a combination of immunofluorescent microscopy and immunomagnetic separation for detection of cryptosporidium parvum oocysts in adult bovine feces'), (2002, 'intra familial and extra familial risk factors associated with cryptosporidium parvum infection among children hospitalized for diarrhea in goiânia goias brazil'), (2004, 'efficacy of vegetated buffer strips for retaining cryptosporidium parvum'))
keywords : frozenset({'genetics', 'hydrology', 'microbiology', 'internal medicine', 'immunology', 'animal science'})

firstname : maria
lastname : pereira
middlename : das gracas cabral
year : 2012
year_papertitle : ((2012, 'the molecular epidemiology and risk factors for i escherichia coli i in aquatic systems of northern california'),)
keywords : frozenset({'epidemiology', 'microbiology', 'public health'})

5/10 positive, 10/10 negative
Do these records refer to the same thing?
(y)es / (n)o / (u)nsure / (f)inished / (p)revious
firstname : christopher
lastname : white
middlename : None
year : 1992
year_papertitle : ((1992, 'another pound of cure'), (1993, 'adrenal and testicular tumours and azoospermia in congenital adrenal hyperplasia'), (1994, 'vitamin d receptor alleles and bone physiology'), (1995, 'cigarette smoking and vertebral body deformity'), (1995, 'effects of estrogen exposure and reproductive factors on bone mineral density and osteoporotic fractures'), (1996, '1 25 dihydroxyvitamin d3 increases osteoblast specific transgene expression regulated by human osteocalcin gene flanking sequences'), (1996, 'prevalent vertebral deformities relationship to bone mineral density and spinal osteophytosis in elderly men and women'), (1997, 'bone density and osteoporosis crunching more than numbers'), (1997, 'human and murine osteocalcin gene expression conserved tissue restricted expression and divergent responses to 1 25 dihydroxyvitamin d3 in vivo'))
keywords : frozenset({'law', 'cell biology', 'dentistry', 'molecular biology', 'physical therapy', 'pediatrics', 'physiology', 'endocrinology', 'surgery', 'gynecology', 'internal medicine', 'pathology'})

firstname : christopher
lastname : white
middlename : eric
year : 1996
year_papertitle : ((1996, 'expression and characterization of small fragments of thrombomodulin'),)
keywords : frozenset({'molecular biology', 'biochemistry'})

5/10 positive, 11/10 negative
Do these records refer to the same thing?
(y)es / (n)o / (u)nsure / (f)inished / (p)revious
firstname : patrick
lastname : everley
middlename : a
year : 2002
year_papertitle : ((2002, 'the human emap like protein 70 elp70 is a microtubule destabilizer that localizes to the mitotic apparatus'), (2003, 'vaults bind directly to microtubules via their caps and not their barrels'), (2004, 'quantitative cancer proteomics stable isotope labeling with amino acids in cell culture silac as a tool for prostate cancer research'), (2005, 'proteomics in tumor progression and metastasis'), (2006, 'enhanced analysis of metastatic prostate cancer using stable isotopes and high mass accuracy instrumentation'), (2007, 'assessing enzyme activities using stable isotope labeling and mass spectrometry'), (2008, 'the impact of peptide abundance and dynamic range on stable isotope based quantitative proteomic analyses'))
keywords : frozenset({'biophysics', 'analytical chemistry', 'cell biology', 'molecular biology', 'chromatography', 'nuclear magnetic resonance', 'biochemistry', 'bioinformatics', 'computational biology'})

firstname : patrick
lastname : everley
middlename : allen
year : 2006
year_papertitle : ((2006, 'the development of quantitative and functional proteomic technologies and their application to the study of prostate cancer'),)
keywords : frozenset({'cellular biology'})

5/10 positive, 12/10 negative
Do these records refer to the same thing?
(y)es / (n)o / (u)nsure / (f)inished / (p)revious
firstname : sol
lastname : canny
middlename : gomez de la torre
year : 2009
year_papertitle : ((2009, 'a novel role for mapkapk2 in morphogenesis during zebrafish development'), (2009, 'zebrafish poky chuk ikk1 is required for epiboly and evl differentiation'), (2010, 'poky chuk ikk1 is required for differentiation of the zebrafish embryonic epidermis'), (2011, 'pronephric tubulogenesis requires daam1 mediated planar cell polarity signaling'))
keywords : frozenset({'cell biology', 'genetics'})

firstname : sol
lastname : canny
middlename : gomez de la torre
year : 2014
year_papertitle : ((2014, 'p38a mitogen activated protein kinase mapkapk2a signaling regulates zebrafish tristetraprolin in the yolk syncytial layer a role for tristetraprolin dependent mrna degradation in zebrafish early development'),)
keywords : frozenset({'biochemistry', 'developmental biology'})

6/10 positive, 12/10 negative
Do these records refer to the same thing?
(y)es / (n)o / (u)nsure / (f)inished / (p)revious
firstname : patricia
lastname : santos
middlename : c dos
year : 2000
year_papertitle : ((2000, 'boophilus microplus anticoagulant protein an antithrombin inhibitor isolated from the cattle tick saliva'), (2002, 'chapter 5 use of short chain alkynes to locate the nitrogenase catalytic site'), (2003, 'mammalian transforming growth factor β1 activated after ingestion by anopheles stephensi modulates mosquito immunity'), (2004, 'an organometallic intermediate during alkyne reduction by nitrogenase'), (2004, 'characterization of azotobacter vinelandii nifz deletion strains indication of stepwise mofe protein assembly'), (2004, 'formation and insertion of the nitrogenase iron molybdenum cofactor'), (2004, 'iron sulfur cluster assembly nifu directed activation of the nitrogenase fe protein'), (2004, 'localization of a catalytic intermediate bound to the femo cofactor of nitrogenase'), (2004, 'substrate interaction at an iron sulfur face of the femo cofactor during nitrogenase catalysis'), (2005, 'substrate interactions with the nitrogenase active site'))
keywords : frozenset({'photochemistry', 'combinatorial chemistry', 'microbiology', 'inorganic chemistry', 'biochemistry', 'crystallography', 'stereochemistry'})

firstname : patricia
lastname : santos
middlename : c dos
year : 2004
year_papertitle : ((2004, 'the biosynthesis and function of nitrogenase metalloclusters'),)
keywords : frozenset({'biochemistry'})

6/10 positive, 12/10 negative
Do these records refer to the same thing?
(y)es / (n)o / (u)nsure / (f)inished / (p)revious
firstname : jin
lastname : chung
middlename : woong
year : 2002
year_papertitle : ((2002, 'cytotoxic necrotizing factor 1 contributes to escherichia coli k1 invasion of the central nervous system'), (2003, '37 kda laminin receptor precursor modulates cytotoxic necrotizing factor 1 mediated rhoa activation and bacterial uptake'), (2003, 'outer membrane protein a and cytotoxic necrotizing factor 1 use diverse signaling mechanisms for escherichia coli k1 invasion of human brain microvascular endothelial cells'), (2005, '67 kda laminin receptor promotes internalization of cytotoxic necrotizing factor 1 expressing escherichia coli k1 into human brain microvascular endothelial cells'))
keywords : frozenset({'cell biology', 'molecular biology', 'microbiology'})

firstname : jin
lastname : chung
middlename : woong
year : 2000
year_papertitle : ((2000, 'stable integration of a bacterial hemoglobin gene into the chromosomes of i pseudomonas i and the study of the biodegradation of toxic compounds by exconjugants containing i vgb i'),)
keywords : frozenset({'environmental engineering', 'molecular biology', 'microbiology'})

7/10 positive, 12/10 negative
Do these records refer to the same thing?
(y)es / (n)o / (u)nsure / (f)inished / (p)revious
firstname : patricia
lastname : rosa
middlename : de la
year : 2003
year_papertitle : ((2003, 'loss of pre b and igm b cells in the bone marrow after exposure to a mixture of herbicides'), (2005, 'characterization of thymic atrophy and the mechanism of thymocyte depletion after in vivo exposure to a mixture of herbicides'), (2005, 'the polysaccharide antibody response after streptococcus pneumoniae vaccination is differentially enhanced or suppressed by 3 4 dichloropropionanilide and 2 4 dichlorophenoxyacetic acid'))
keywords : frozenset({'endocrinology', 'immunology', 'microbiology', 'internal medicine'})

firstname : patricia
lastname : rosa
middlename : hernandez de la
year : 2003
year_papertitle : ((2003, 'a conceptual model to characterize internal structure of plant communities based on functional traits in camp williams utah and camp grayling michigan'),)
keywords : frozenset({'botany', 'ecology'})

7/10 positive, 12/10 negative
Do these records refer to the same thing?
(y)es / (n)o / (u)nsure / (f)inished / (p)revious
firstname : david
lastname : campbell
middlename : n
year : 2014
year_papertitle : ((2014, 'developing a castor ricinus communis l production system in florida u s evaluating crop phenology and response to management'), (2015, 'development of a regional specific crop coefficient kc for castor ricinus communis l in florida usa by using the sap flow method'), (2015, 'effects of row spacing and population density on yield of sweet sorghum applications for harvesting as billets'), (2019, 'pandora a parallelizing approximation discovery framework wip paper'), (2020, 'pandora an architecture independent parallelizing approximation discovery framework'))
keywords : frozenset({'parallel computing', 'agronomy', 'horticulture'})

firstname : david
lastname : campbell
middlename : andrew
year : 2005
year_papertitle : ((2005, 'a natural language processing system to assess user needs in information retrieval'),)
keywords : frozenset({'biomedical research', 'molecular biology', 'artificial intelligence'})

7/10 positive, 12/10 negative
Do these records refer to the same thing?
(y)es / (n)o / (u)nsure / (f)inished / (p)revious
firstname : david
lastname : green
middlename : None
year : 2002
year_papertitle : ((2002, 'structural basis for activation of fibroblast growth factor signaling by sucrose octasulfate'), (2009, 'effect of cancer on platelets'), (2009, 'multiple myeloma involving skin and pulmonary parenchyma after autologous stem cell transplantation'))
keywords : frozenset({'biophysics', 'surgery', 'cancer research', 'biochemistry', 'internal medicine', 'pathology'})

firstname : david
lastname : green
middlename : ellis
year : 1997
year_papertitle : ((1997, 'effect of rhizoctonia resistance in tall fescue on fungicide efficacy a turfgrass ipm model'),)
keywords : frozenset({'plant pathology'})

7/10 positive, 13/10 negative
Do these records refer to the same thing?
(y)es / (n)o / (u)nsure / (f)inished / (p)revious
firstname : mark
lastname : osterlund
middlename : t
year : 2002
year_papertitle : ((2002, 'applied plant genomics the secret is integration'), (2005, 'dna binding specificity of rice mariner like transposases and interactions with stowaway mites'))
keywords : frozenset({'genetics', 'data science'})

firstname : mark
lastname : osterlund
middlename : timothy
year : 2000
year_papertitle : ((2000, 'cop1 links protein degradation to photomorphogenic development'),)
keywords : frozenset({'botany', 'molecular biology'})

7/10 positive, 14/10 negative
Do these records refer to the same thing?
(y)es / (n)o / (u)nsure / (f)inished / (p)revious
firstname : sumera
lastname : hasham
middlename : nikhat
year : 2006
year_papertitle : ((2006, 'vascular lipases inflammation and atherosclerosis'), (2009, 'lipoic acid synthase lasy a novel role in inflammation mitochondrial function and insulin resistance'))
keywords : frozenset({'endocrinology', 'internal medicine'})

firstname : sumera
lastname : hasham
middlename : nikhat
year : 2003
year_papertitle : ((2003, 'the genetic basis of thoracic aortic aneurysms and dissections genetic heterogeneity and mapping of i taad1 i and i taad2 i loci'),)
keywords : frozenset({'genetics', 'molecular biology'})

8/10 positive, 14/10 negative
Do these records refer to the same thing?
(y)es / (n)o / (u)nsure / (f)inished / (p)revious
firstname : fahad
lastname : alkhayyat
middlename : None
year : 2014
year_papertitle : ((2014, 'upstream regulation of mycotoxin biosynthesis'), (2015, 'genetic control of asexual development in aspergillus fumigatus'))
keywords : frozenset({'microbiology'})

firstname : fahad
lastname : alkhayyat
middlename : None
year : 2015
year_papertitle : ((2015, 'upstream regulation of developemnt and metabolism in i aspergillus i'),)
keywords : frozenset({'genetics', 'food science', 'microbiology'})

9/10 positive, 14/10 negative
Do these records refer to the same thing?
(y)es / (n)o / (u)nsure / (f)inished / (p)revious
firstname : efthalia
lastname : kalliri
middlename : None
year : 2005
year_papertitle : ((2005, 'kinetic and spectroscopic investigation of co sup ii ni sup ii and n oxalylglycine inhibition of the fe sup ii alpha ketoglutarate dioxygenase taud'), (2005, 'kinetic and spectroscopic investigation of coii niii and n oxalylglycine inhibition of the feii α ketoglutarate dioxygenase taud'), (2006, 'characterization of an active spore photoproduct lyase a dna repair enzyme in the radical s adenosylmethionine superfamily'), (2008, 'identification of escherichia coli ygaf as an l 2 hydroxyglutarate oxidase'))
keywords : frozenset({'photochemistry', 'inorganic chemistry', 'biochemistry', 'crystallography', 'stereochemistry'})

firstname : efthalia
lastname : kalliri
middlename : None
year : 2008
year_papertitle : ((2008, 'kinetic spectroscopic investigation of taud interactions with inhibitors and isolation characterization of the putative iron ii alpha ketoglutarate dependent dioxygenase and flavin dependent dehydrogenase csid and ygaf'),)
keywords : frozenset({'biochemistry'})

10/10 positive, 14/10 negative
Do these records refer to the same thing?
(y)es / (n)o / (u)nsure / (f)inished / (p)revious
firstname : alan
lastname : pearson
middlename : None
year : 2000
year_papertitle : ((2000, 'a receptor for phosphatidylserine specific clearance of apoptotic cells'), (2001, 'drosophila scavenger receptor ci is a pattern recognition receptor for bacteria'), (2002, 'functional genomic analysis of phagocytosis and identification of a drosophila receptor for e coli'), (2003, 'identification of cytoskeletal regulatory proteins required for efficient phagocytosis in drosophila'), (2005, 'eater a transmembrane protein mediating phagocytosis of bacterial pathogens in drosophila'))
keywords : frozenset({'cell biology', 'immunology'})

firstname : alan
lastname : pearson
middlename : m
year : 1997
year_papertitle : ((1997, 'studies of the class a and class c scavenger receptors'),)
keywords : frozenset({'immunology', 'molecular biology', 'cellular biology'})

11/10 positive, 14/10 negative
Do these records refer to the same thing?
(y)es / (n)o / (u)nsure / (f)inished / (p)revious
firstname : philmo
lastname : oh
middlename : None
year : 2009
year_papertitle : ((2009, 'caveolin 1 expression determines the route of neutrophil extravasation through skin microvasculature'), (2011, 'a novel tumour suppressor function for the notch pathway in myeloid leukaemia'), (2011, 'oncogenic and tumor suppressor functions of notch in cancer it s notch what you think'), (2012, 'therapeutic targeting of the cyclin d3 cdk4 6 complex in t cell leukemia'), (2013, 'erratum in vivo mapping of notch pathway activity in normal and stress hematopoiesis cell stem cell 2013 13 190 204'), (2013, 'in vivo mapping of notch pathway activity in normal and stress hematopoiesis'), (2013, 'notch pathway activation targets aml initiating cell homeostasis and differentiation'), (2014, 'notch signaling switching an oncogene to a tumor suppressor'), (2016, 'radiation therapy induces macrophages to suppress t cell responses against pancreatic tumors in mice'))
keywords : frozenset({'genetics', 'cell biology', 'cancer research', 'immunology', 'pathology'})

firstname : philmo
lastname : oh
middlename : y
year : 2012
year_papertitle : ((2012, 'context and lineage dependent role of notch receptors during hematopoiesis'),)
keywords : frozenset({'developmental biology', 'cellular biology', 'medicine'})

12/10 positive, 14/10 negative
Do these records refer to the same thing?
(y)es / (n)o / (u)nsure / (f)inished / (p)revious
firstname : yi
lastname : liu
middlename : None
year : 2015
year_papertitle : ((2015, 'crystal structure of xanthomonas avrrxo1 orf1 a type iii effector with a polynucleotide kinase domain and its interactor avrrxo1 orf2'), (2016, 'sacb sacr gene cassette as the negative selection marker to suppress agrobacterium overgrowth in agrobacterium mediated plant transformation'), (2020, 'cysteine protease rd21a regulated by e3 ligase sinat4 is required for drought induced resistance to pseudomonas syringae in arabidopsis'))
keywords : frozenset({'cell biology', 'genetics', 'biochemistry'})

firstname : yi
lastname : liu
middlename : None
year : 2015
year_papertitle : ((2015, 'construction of engineered ribosomes in vitro to evaluate translational function towards an expanded genetic code'),)
keywords : frozenset({'biology', 'chemical engineering'})

13/10 positive, 14/10 negative
Do these records refer to the same thing?
(y)es / (n)o / (u)nsure / (f)inished / (p)revious
firstname : greg
lastname : heuvel
middlename : b vanden
year : 2008
year_papertitle : ((2008, 'cux2 cutl2 integrates neural progenitor development with cell cycle progression during spinal cord neurogenesis'), (2009, 'cux2 functions downstream of notch signaling to regulate dorsal interneuron formation in the spinal cord'))
keywords : frozenset({'cell biology', 'genetics', 'neuroscience'})

firstname : gregory
lastname : heuvel
middlename : b vanden
year : 1994
year_papertitle : ((1994, 'basement membrane gene expression in the developing kidney'),)
keywords : frozenset({'molecular biology', 'cellular biology'})

13/10 positive, 14/10 negative
Do these records refer to the same thing?
(y)es / (n)o / (u)nsure / (f)inished / (p)revious
firstname : pablo
lastname : sanchez
middlename : j
year : 1989
year_papertitle : ((1989, 'molecular analysis of the fetal igm response to treponema pallidum antigens implications for improved serodiagnosis of congenital syphilis'), (1990, 'significance of a positive urine group b streptococcal latex agglutination test in neonates'), (1991, 'candida endocarditis successful medical management in three preterm infants and review of the literature'), (1991, 'congenital syphilis associated with negative results of maternal serologic tests at delivery'), (1991, 'identification of treponema pallidum in amniotic fluid and fetal blood from pregnancies complicated by congenital syphilis'), (1991, 'use of polymerase chain reaction and rabbit infectivity testing to detect treponema pallidum in amniotic fluid fetal and neonatal sera and cerebrospinal fluid'), (1992, 'effect of maternal hypertension on neonatal neutropenia and risk of nosocomial infection'), (1992, 'igm antibody to treponema pallidum in cerebrospinal fluid of infants with congenital syphilis'), (1992, 'late onset meningitis in sick very low birth weight infants clinical and sonographic observations'), (1993, 'evaluation of molecular methodologies and rabbit infectivity testing for the diagnosis of congenital syphilis and neonatal central nervous system invasion by treponema pallidum'))
keywords : frozenset({'intensive care medicine', 'gastroenterology', 'virology', 'pediatrics', 'surgery', 'internal medicine', 'immunology', 'pathology'})

firstname : pablo
lastname : sanchez
middlename : enrique
year : 2012
year_papertitle : ((2012, 'dna aptamer development for detection of atrazine and protective antigen toxin using fluorescence polarization'),)
keywords : frozenset({'environmental engineering', 'microbiology', 'surgery', 'chemical engineering', 'toxicology'})

13/10 positive, 15/10 negative
Do these records refer to the same thing?
(y)es / (n)o / (u)nsure / (f)inished / (p)revious
firstname : diane
lastname : davis
middlename : holditch
year : 1984
year_papertitle : ((1984, 'behavioral states and the central nervous system'), (1985, 'theophylline affects sleep wake state development in premature infants'), (1986, 'maternal stimulation of premature and fullterm infants'), (1987, 'behavioral states of premature infants implications for neural and behavioral development'), (1987, 'the sleeping and waking states of infants correlations across time and person'), (1988, 'infants at risk for sudden infant death syndrome sids differential prediction for three siblings of sids infants'), (1988, 'the early social environment of premature and fullterm infants'))
keywords : frozenset({'physiology', 'developmental psychology', 'neuroscience', 'pediatrics'})

firstname : diane
lastname : davis
middlename : lucile holditch
year : 1985
year_papertitle : ((1985, 'naturalistic observations of premature and fullterm infants comparisons of sleep wake states infant behaviors and mother infant interactions systems theory birth order'),)
keywords : frozenset({'cellular biology', 'psychobiology'})

13/10 positive, 16/10 negative
Do these records refer to the same thing?
(y)es / (n)o / (u)nsure / (f)inished / (p)revious
firstname : jiang
lastname : zhu
middlename : None
year : 2005
year_papertitle : ((2005, 'comparative study of generalized born models born radii and peptide folding'), (2005, 'comparative study of generalized born models protein dynamics'), (2006, 'molecular dynamics simulations of the hydrophobin sc3 at a hydrophobic hydrophilic interface'), (2006, 'structural refinement of protein segments containing secondary structure elements local sampling knowledge based potentials and clustering'), (2007, 'local quality assessment in homology models using statistical potentials and support vector machines'), (2008, 'loop modeling sampling filtering and scoring'), (2008, 'refining homology models by combining replica exchange molecular dynamics and statistical potentials'), (2010, 'backbone model of an aquareovirus virion by cryo electron microscopy and bioinformatics'), (2010, 'building and refining protein models within cryo electron microscopy density maps based on homology modeling and multiscale structure refinement'), (2010, 'structural basis for broad and potent neutralization of hiv 1 by antibody vrc01'))
keywords : frozenset({'computational chemistry', 'virology', 'statistical physics', 'crystallography', 'algorithm', 'mathematical optimization', 'bioinformatics', 'data mining', 'machine learning', 'artificial intelligence'})

firstname : jian
lastname : zhu
middlename : None
year : 2004
year_papertitle : ((2004, 'structure function studies of electron transfer complexes in bovine heart mitochondria'),)
keywords : frozenset({'biophysics', 'molecular biology'})

14/10 positive, 16/10 negative
Do these records refer to the same thing?
(y)es / (n)o / (u)nsure / (f)inished / (p)revious
firstname : elizabeth
lastname : cameron
middlename : m
year : 2002
year_papertitle : ((2002, 'neuregulin isoforms exhibit distinct patterns of erbb family receptor activation'), (2004, 'five carboxyl terminal residues of neuregulin2 are critical for stimulation of signaling by the erbb4 receptor tyrosine kinase'), (2007, 'inter conversion of neuregulin2 full and partial agonists for erbb4'))
keywords : frozenset({'cell biology', 'cancer research', 'biochemistry'})

firstname : elizabeth
lastname : cameron
middlename : eileen
year : 2000
year_papertitle : ((2000, 'investigation of the events underlying gene silencing in association with aberrant cpg island hypermethylation in cancer'),)
keywords : frozenset({'genetics', 'molecular biology', 'oncology'})

14/10 positive, 16/10 negative
Do these records refer to the same thing?
(y)es / (n)o / (u)nsure / (f)inished / (p)revious
firstname : john
lastname : gordon
middlename : b
year : 1993
year_papertitle : ((1993, 'differing effects of acute and prolonged alkalosis on hypoxic pulmonary vasoconstriction'), (1993, 'effects of n omega nitro l arginine on total and segmental vascular resistances in developing lamb lungs'), (1995, 'effects of hypoxia and vascular tone on endothelium dependent and independent responses in developing lungs'), (1996, 'alkalosis enhances vascular contractility to u46619 in isolated lamb lungs 2038'), (1996, 'developmental changes in endothelium dependent relaxation of pulmonary arteries role of edno and prostanoids'), (1996, 'pathophysiology diagnosis and management of pulmonary hypertension in infants and children'), (1996, 'responsiveness and sensitivity to inhaled nitric oxide changes with age in isolated lungs of developing newborn lambs 2059'), (1997, 'relative effects of cyclooxygenase and nitric oxide synthase inhibition on vascular resistances in neonatal lamb lungs'), (1999, 'maturational changes in ovine pulmonary vascular responses to inhaled nitric oxide'), (2000, 'site specific effect of guanosine 3 5 cyclic monophosphate phosphodiesterase inhibition in isolated lamb lungs'))
keywords : frozenset({'cardiology', 'endocrinology', 'anesthesia', 'internal medicine'})

firstname : john
lastname : gordon
middlename : david
year : 1997
year_papertitle : ((1997, 'isolation and characterization of the 22 kd subunit of gluconate dehydrogenase derived from pseudomonas aeruginosa pao1'),)
keywords : frozenset({'genetics', 'molecular biology', 'soil sciences'})

14/10 positive, 16/10 negative
Do these records refer to the same thing?
(y)es / (n)o / (u)nsure / (f)inished / (p)revious
(y)es / (n)o / (u)nsure / (f)inished / (p)revious
Finished labeling
Done in 915.5839028000831 minutes.
