Namespace(testing=False, verbose=1, field=['physics'], train_name='christoph0723_degree0', startyear=1990, endyear=2015, loadstartyear=1990, loadendyear=2015, mergemode='m:1', recall=0.9, institution='True', fieldofstudy_cat='False', fieldofstudy_str='False', keywords='False', retrain='True', linking_type='advisors', samplesize=100000, write_to='database')
Have max 12 cores available
Testing is False 

I set the write connection to the main database.
id_field is [121332964] and will be passed to sql queries.
finished setup ... 
Time elapsed: 0.00041423241297403973 minutes 


        SELECT relationship_id
                , year
                , year AS year_range
                , firstname 
                , lastname
                , CASE TRIM(SUBSTR(middle_lastname, 1, l_fullname-l_firstname-l_lastname - 1)) 
                    WHEN 
                        "" THEN NULL 
                        ELSE TRIM(SUBSTR(middle_lastname, 1, l_fullname-l_firstname-l_lastname - 1)) 
                    END AS middlename
                , fieldofstudy
                , keywords
                , institution
                , year || "//" || institution as main_us_institutions_year
                , year || "//" || institution as all_us_institutions_year
        FROM (
            SELECT goid
                , relationship_id
                , degree_year AS year 
                , a.fullname 
                , SUBSTR(TRIM(a.fullname),1,instr(trim(a.fullname)||' ',' ')-1) AS firstname
                , REPLACE(a.fullname, RTRIM(a.fullname, REPLACE(a.fullname, " ", "")), "") AS lastname 
                , TRIM(SUBSTR(a.fullname, length(SUBSTR(TRIM(a.fullname),1,instr(trim(a.fullname)||' ',' ')-1)) + 1)) AS middle_lastname 
                , length(a.fullname) AS l_fullname 
                , length(SUBSTR(TRIM(a.fullname),1,instr(trim(a.fullname)||' ',' ')-1) ) AS l_firstname
                , length(REPLACE(a.fullname, RTRIM(a.fullname, REPLACE(a.fullname, " ", "")), "")) AS l_lastname
                , fieldname AS fieldofstudy
                , university_id
            FROM pq_authors 
            INNER JOIN (
                SELECT goid, fieldname 
                FROM pq_fields_mag
                WHERE mag_field0 IN (?)
            ) USING (goid)
            INNER JOIN ( --# NOTE: this only keeps the theses where at least one advisor is present
                SELECT *, firstname || ' ' || lastname AS fullname
                FROM pq_advisors
            ) AS a USING(goid)
        )
        -- ## NOTE: use left join here as not all graduates have advisor (particularly pre-1980) and possibly also keywords
        LEFT JOIN (
            SELECT goid
                , fields as keywords
            FROM pq_info_linking
        ) USING(goid) 
        INNER JOIN (
            SELECT university_id, normalizedname as institution
            FROM pq_unis --## mark: previously we linked advisors anywhere in the world (as career outcomes). for now, focus on US
            WHERE location like "%United States%"
        ) USING(university_id)
        WHERE year >= 1990 and year <= 2015
         


    SELECT f.AuthorId
        , f.year
        , f.YearLastPub
        , f.firstname
        , f.lastname
        , CASE TRIM(SUBSTR(f.middle_lastname, 1, f.l_fullname - f.l_firstname - f.l_lastname - 1)) 
            WHEN 
                "" THEN NULL 
                ELSE TRIM(SUBSTR(f.middle_lastname, 1, f.l_fullname - f.l_firstname - f.l_lastname - 1)) 
            END as middlename 
            -- ## NOTE this gives "" for middlename when it is missing 
        , f.fieldofstudy
        , g.keywords
        , g.coauthors
        , g.institution
        , g.main_us_institutions_year
         
        , f.year || ";" || f.YearLastPub AS year_range 
        , g.all_us_institutions_year
    
    FROM (
        SELECT a.AuthorId
            , a.YearFirstPub AS year
            , a.YearLastPub 
            , a.FirstName AS firstname
            , REPLACE(b.NormalizedName, RTRIM(b.NormalizedName, REPLACE(b.NormalizedName, " ", "")), "") AS lastname 
                    -- https://stackoverflow.com/questions/21388820/how-to-get-the-last-index-of-a-substring-in-sqlite
            , TRIM(SUBSTR(b.NormalizedName, length(a.FirstName) + 1)) AS middle_lastname 
                    -- this gives all except the first name 
            , length(b.NormalizedName) as l_fullname 
            , length(a.FirstName) as l_firstname
            , length(REPLACE(b.NormalizedName, RTRIM(b.NormalizedName, REPLACE(b.NormalizedName, " ", "")), "")) as l_lastname
            , e.NormalizedName AS fieldofstudy
        FROM author_sample AS a
        INNER JOIN (
            SELECT AuthorId, NormalizedName
            FROM Authors
        ) AS b USING(AuthorId)
        INNER JOIN (
            SELECT AuthorId
            FROM author_field0
            WHERE FieldOfStudyId_lvl0 IN (?)
                AND Degree <= 0
        ) USING(AuthorId)
        LEFT JOIN (
            SELECT AuthorId, NormalizedName
            FROM author_fields c
            INNER JOIN (
                SELECT FieldOfStudyId, NormalizedName
                FROM FieldsOfStudy
            ) AS d USING(FieldOfStudyId)
            -- ## Condition on fieldofstudy being in the level 0 id_field
            INNER JOIN (
                SELECT ParentFieldOfStudyId, ChildFieldOfStudyId
                FROM crosswalk_fields
                WHERE ParentLevel = 0
                    AND ParentFieldOfStudyId IN (?)
            ) AS e ON (e.ChildFieldOfStudyId = c.FieldOfStudyId)
            WHERE FieldClass = 'first'
        ) AS e USING(AuthorId)
    ) f
    LEFT JOIN (
        SELECT AuthorId
                , main_us_institutions_career as institution
                , coauthors
                , keywords
                , main_us_institutions_year
                , all_us_institutions_year
        FROM author_info_linking
    ) AS g USING(AuthorId)
    
    WHERE f.YearLastPub  >= 1990 - 5 AND year <= 2015 + 5 AND institution is not NULL
     

Time elapsed: 141.21895020008088 minutes 

Starting active labeling...
firstname : michael
lastname : brown
middlename : e
year_range : (2012,)
main_us_institutions_year : ((2012, 'california institute of technology'),)
all_us_institutions_year : ((2012, 'california institute of technology'),)

firstname : michael
lastname : brown
middlename : s
year_range : (1980, 2018)
main_us_institutions_year : ((1990, 'university of california san francisco'),)
all_us_institutions_year : ((1990, 'university of california san francisco'),)

0/10 positive, 0/10 negative
Do these records refer to the same thing?
(y)es / (n)o / (u)nsure / (f)inished
firstname : michael
lastname : todd
middlename : d
year_range : (2012,)
main_us_institutions_year : ((2012, 'university of california san diego'),)
all_us_institutions_year : ((2012, 'university of california san diego'),)

firstname : michael
lastname : todd
middlename : j
year_range : (1974, 2021)
main_us_institutions_year : ((1974, 'cornell university'), (1976, 'cornell university'), (1978, 'cornell university'), (1979, 'cornell university'), (1980, 'cornell university'), (1981, 'cornell university'), (1982, 'cornell university'), (1983, 'cornell university'), (1985, 'cornell university'), (1986, 'cornell university'), (1988, 'cornell university'), (1989, 'cornell university'), (1990, 'cornell university'), (1991, 'cornell university'), (1992, 'cornell university'), (1993, 'cornell university'), (1994, 'cornell university'), (1995, 'arizona state university'), (1996, 'arizona state university'), (1997, 'cornell university'), (1998, 'cornell university'), (1999, 'cornell university'), (2000, 'cornell university'), (2001, 'cornell university'), (2002, 'cornell university'), (2003, 'cornell university'), (2004, 'arizona state university'), (2004, 'cornell university'), (2004, 'university of connecticut health center'), (2005, 'pacific institute'), (2006, 'pacific institute'), (2007, 'cornell university'), (2008, 'pacific institute'), (2008, 'cornell university'), (2009, 'pacific institute'), (2010, 'cornell university'), (2012, 'pacific institute'), (2013, 'new college of florida'), (2014, 'arizona state university'), (2014, 'cornell university'), (2015, 'arizona state university'), (2016, 'arizona state university'), (2017, 'arizona state university'), (2018, 'arizona state university'), (2019, 'arizona state university'), (2020, 'arizona state university'), (2021, 'arizona state university'))
all_us_institutions_year : ((1974, 'cornell university'), (1976, 'cornell university'), (1978, 'cornell university'), (1979, 'cornell university'), (1980, 'cornell university'), (1981, 'cornell university'), (1982, 'cornell university'), (1983, 'cornell university'), (1985, 'cornell university'), (1986, 'cornell university'), (1988, 'cornell university'), (1989, 'cornell university'), (1990, 'cornell university'), (1991, 'cornell university'), (1992, 'cornell university'), (1993, 'arizona state university'), (1993, 'cornell university'), (1994, 'arizona state university'), (1994, 'cornell university'), (1995, 'arizona state university'), (1995, 'cornell university'), (1996, 'arizona state university'), (1996, 'cornell university'), (1997, 'cornell university'), (1998, 'cornell university'), (1998, 'new college of florida'), (1999, 'cornell university'), (1999, 'new college of florida'), (2000, 'cornell university'), (2001, 'arizona state university'), (2001, 'cornell university'), (2002, 'cornell university'), (2003, 'cornell university'), (2004, 'arizona state university'), (2004, 'cornell university'), (2004, 'university of connecticut health center'), (2005, 'cornell university'), (2005, 'pacific institute'), (2006, 'pacific institute'), (2007, 'cornell university'), (2007, 'pacific institute'), (2008, 'cornell university'), (2008, 'fairleigh dickinson university'), (2008, 'pacific institute'), (2009, 'pacific institute'), (2010, 'cornell university'), (2010, 'pacific institute'), (2011, 'cornell university'), (2012, 'cornell university'), (2012, 'new college of florida'), (2012, 'pacific institute'), (2013, 'arizona state university'), (2013, 'cornell university'), (2013, 'new college of florida'), (2013, 'pacific institute'), (2014, 'arizona state university'), (2014, 'cornell university'), (2015, 'arizona state university'), (2015, 'new college of florida'), (2016, 'arizona state university'), (2016, 'cornell university'), (2016, 'new college of florida'), (2017, 'arizona state university'), (2017, 'new college of florida'), (2018, 'arizona state university'), (2018, 'cornell university'), (2018, 'new college of florida'), (2019, 'arizona state university'), (2019, 'cornell university'), (2020, 'arizona state university'), (2021, 'arizona state university'))

0/10 positive, 1/10 negative
Do these records refer to the same thing?
(y)es / (n)o / (u)nsure / (f)inished / (p)revious
firstname : hyatt
lastname : gibbs
middlename : None
year_range : (1990,)
main_us_institutions_year : ((1990, 'university of arizona'),)
all_us_institutions_year : ((1990, 'university of arizona'),)

firstname : hyatt
lastname : gibbs
middlename : m
year_range : (1982, 2012)
main_us_institutions_year : ((1982, 'university of arizona'), (1984, 'university of arizona'), (1985, 'university of arizona'), (1986, 'university of arizona'), (1987, 'university of arizona'), (1988, 'university of arizona'), (1989, 'university of arizona'), (1990, 'university of arizona'), (1991, 'university of arizona'), (1993, 'university of arizona'), (1994, 'university of arizona'), (1998, 'university of arizona'), (2001, 'university of arizona'), (2002, 'university of arizona'), (2003, 'university of arizona'), (2004, 'university of arizona'), (2005, 'university of arizona'), (2006, 'university of arizona'), (2007, 'university of arizona'), (2009, 'university of arizona'), (2010, 'university of arizona'), (2011, 'university of arizona'), (2012, 'university of arizona'))
all_us_institutions_year : ((1982, 'university of arizona'), (1984, 'university of arizona'), (1985, 'university of arizona'), (1986, 'university of arizona'), (1987, 'university of arizona'), (1988, 'university of arizona'), (1989, 'university of arizona'), (1990, 'university of arizona'), (1991, 'university of arizona'), (1992, 'university of arizona'), (1993, 'university of arizona'), (1994, 'university of arizona'), (1995, 'university of arizona'), (1996, 'university of arizona'), (1997, 'university of arizona'), (1998, 'university of arizona'), (1999, 'university of arizona'), (2000, 'university of arizona'), (2001, 'university of arizona'), (2002, 'university of arizona'), (2003, 'university of arizona'), (2004, 'university of arizona'), (2005, 'university of arizona'), (2006, 'university of arizona'), (2007, 'university of arizona'), (2009, 'university of arizona'), (2010, 'university of arizona'), (2011, 'university of arizona'), (2012, 'university of arizona'))

0/10 positive, 2/10 negative
Do these records refer to the same thing?
(y)es / (n)o / (u)nsure / (f)inished / (p)revious
firstname : lam
lastname : hui
middlename : None
year_range : (2004,)
main_us_institutions_year : ((2004, 'columbia university'),)
all_us_institutions_year : ((2004, 'columbia university'),)

firstname : lam
lastname : hui
middlename : None
year_range : (1997, 2021)
main_us_institutions_year : ((1997, 'fermilab'), (1998, 'fermilab'), (1999, 'fermilab'), (2000, 'fermilab'), (2001, 'columbia university'), (2001, 'princeton university'), (2001, 'fermilab'), (2003, 'fermilab'), (2004, 'fermilab'), (2005, 'columbia university'), (2005, 'university of chicago'), (2005, 'fermilab'), (2007, 'columbia university'), (2009, 'columbia university'), (2011, 'columbia university'), (2012, 'columbia university'), (2014, 'columbia university'), (2015, 'columbia university'), (2016, 'columbia university'), (2017, 'columbia university'))
all_us_institutions_year : ((1997, 'fermilab'), (1998, 'fermilab'), (1999, 'fermilab'), (2000, 'columbia university'), (2000, 'fermilab'), (2000, 'institute for advanced study'), (2000, 'princeton university'), (2001, 'columbia university'), (2001, 'fermilab'), (2001, 'princeton university'), (2003, 'columbia university'), (2003, 'fermilab'), (2003, 'university of chicago'), (2004, 'fermilab'), (2005, 'columbia university'), (2005, 'fermilab'), (2005, 'university of chicago'), (2006, 'columbia university'), (2007, 'columbia university'), (2008, 'columbia university'), (2009, 'columbia university'), (2010, 'columbia university'), (2011, 'columbia university'), (2012, 'columbia university'), (2013, 'columbia university'), (2014, 'columbia university'), (2015, 'columbia university'), (2016, 'columbia university'), (2017, 'columbia university'))

1/10 positive, 2/10 negative
Do these records refer to the same thing?
(y)es / (n)o / (u)nsure / (f)inished / (p)revious
firstname : dong
lastname : lai
middlename : None
year_range : (2015,)
main_us_institutions_year : ((2015, 'cornell university'),)
all_us_institutions_year : ((2015, 'cornell university'),)

firstname : dong
lastname : lai
middlename : None
year_range : (1991, 2021)
main_us_institutions_year : ((1991, 'cornell university'), (1992, 'cornell university'), (1993, 'cornell university'), (1994, 'cornell university'), (1995, 'california institute of technology'), (1996, 'california institute of technology'), (1997, 'cornell university'), (1997, 'california institute of technology'), (1998, 'california institute of technology'), (1999, 'cornell university'), (2000, 'cornell university'), (2001, 'cornell university'), (2002, 'cornell university'), (2003, 'cornell university'), (2004, 'cornell university'), (2005, 'cornell university'), (2006, 'cornell university'), (2007, 'cornell university'), (2008, 'cornell university'), (2009, 'cornell university'), (2010, 'cornell university'), (2011, 'cornell university'), (2012, 'cornell university'), (2013, 'cornell university'), (2014, 'cornell university'), (2015, 'cornell university'), (2016, 'cornell university'), (2017, 'cornell university'), (2018, 'cornell university'), (2019, 'cornell university'), (2020, 'cornell university'), (2021, 'cornell university'))
all_us_institutions_year : ((1991, 'cornell university'), (1992, 'cornell university'), (1993, 'cornell university'), (1994, 'california institute of technology'), (1994, 'cornell university'), (1995, 'california institute of technology'), (1995, 'cornell university'), (1996, 'california institute of technology'), (1997, 'california institute of technology'), (1997, 'cornell university'), (1998, 'california institute of technology'), (1998, 'cornell university'), (1999, 'cornell university'), (2000, 'cornell university'), (2001, 'cornell university'), (2002, 'cornell university'), (2003, 'cornell university'), (2004, 'cornell university'), (2005, 'chinese academy of sciences'), (2005, 'cornell university'), (2006, 'chinese academy of sciences'), (2006, 'cornell university'), (2007, 'chinese academy of sciences'), (2007, 'cornell university'), (2008, 'chinese academy of sciences'), (2008, 'cornell university'), (2009, 'cornell university'), (2010, 'cornell university'), (2010, 'kavli institute for theoretical physics'), (2010, 'university of california santa barbara'), (2011, 'cornell university'), (2011, 'kavli institute for theoretical physics'), (2011, 'university of california santa barbara'), (2012, 'cornell university'), (2013, 'cornell university'), (2014, 'cornell university'), (2015, 'cornell university'), (2016, 'cornell university'), (2017, 'cornell university'), (2017, 'institute for advanced study'), (2017, 'princeton university'), (2018, 'chinese academy of sciences'), (2018, 'cornell university'), (2019, 'chinese academy of sciences'), (2019, 'cornell university'), (2020, 'cornell university'), (2020, 'university of california berkeley'), (2021, 'cornell university'))

2/10 positive, 2/10 negative
Do these records refer to the same thing?
(y)es / (n)o / (u)nsure / (f)inished / (p)revious
firstname : john
lastname : schroeder
middlename : None
year_range : (1990,)
main_us_institutions_year : ((1990, 'rensselaer polytechnic institute'),)
all_us_institutions_year : ((1990, 'rensselaer polytechnic institute'),)

firstname : john
lastname : schroeder
middlename : None
year_range : (1983, 2013)
main_us_institutions_year : ((1983, 'rensselaer polytechnic institute'), (1984, 'rensselaer polytechnic institute'), (1985, 'rensselaer polytechnic institute'), (1988, 'rensselaer polytechnic institute'), (1990, 'rensselaer polytechnic institute'), (1992, 'rensselaer polytechnic institute'), (1993, 'rensselaer polytechnic institute'), (1994, 'rensselaer polytechnic institute'), (1996, 'rensselaer polytechnic institute'), (1997, 'rensselaer polytechnic institute'), (1998, 'rensselaer polytechnic institute'), (2004, 'rensselaer polytechnic institute'), (2012, 'rensselaer polytechnic institute'))
all_us_institutions_year : ((1983, 'rensselaer polytechnic institute'), (1984, 'rensselaer polytechnic institute'), (1985, 'rensselaer polytechnic institute'), (1988, 'rensselaer polytechnic institute'), (1990, 'rensselaer polytechnic institute'), (1992, 'rensselaer polytechnic institute'), (1993, 'rensselaer polytechnic institute'), (1994, 'rensselaer polytechnic institute'), (1996, 'rensselaer polytechnic institute'), (1997, 'rensselaer polytechnic institute'), (1998, 'rensselaer polytechnic institute'), (2004, 'rensselaer polytechnic institute'), (2012, 'rensselaer polytechnic institute'))

3/10 positive, 2/10 negative
Do these records refer to the same thing?
(y)es / (n)o / (u)nsure / (f)inished / (p)revious
firstname : marco
lastname : cavaglia
middlename : None
year_range : (2009,)
main_us_institutions_year : ((2009, 'university of mississippi'),)
all_us_institutions_year : ((2009, 'university of mississippi'),)

firstname : m
lastname : cavagli
middlename : None
year_range : (2010, 2019)
main_us_institutions_year : ((2010, 'university of mississippi'), (2011, 'university of mississippi'), (2019, 'university of mississippi'), (2019, 'missouri university of science and technology'))
all_us_institutions_year : ((2010, 'university of mississippi'), (2011, 'university of mississippi'), (2019, 'missouri university of science and technology'), (2019, 'university of mississippi'))

4/10 positive, 2/10 negative
Do these records refer to the same thing?
(y)es / (n)o / (u)nsure / (f)inished / (p)revious
firstname : ernest
lastname : ma
middlename : None
year_range : (2015,)
main_us_institutions_year : ((2015, 'university of california riverside'),)
all_us_institutions_year : ((2015, 'university of california riverside'),)

firstname : ernesto
lastname : maio
middlename : di
year_range : (2001, 2021)
main_us_institutions_year : None
all_us_institutions_year : ((2018, 'national research council'),)

5/10 positive, 2/10 negative
Do these records refer to the same thing?
(y)es / (n)o / (u)nsure / (f)inished / (p)revious
firstname : aaron
lastname : lindenberg
middlename : None
year_range : (2010,)
main_us_institutions_year : ((2010, 'stanford university'),)
all_us_institutions_year : ((2010, 'stanford university'),)

firstname : a
lastname : linden
middlename : von der
year_range : (2010, 2020)
main_us_institutions_year : ((2010, 'stanford university'), (2010, 'slac national accelerator laboratory'), (2011, 'stanford university'), (2011, 'slac national accelerator laboratory'), (2012, 'stanford university'), (2013, 'stanford university'), (2014, 'stanford university'), (2015, 'stanford university'), (2016, 'stanford university'), (2018, 'stony brook university'), (2019, 'stony brook university'), (2020, 'stony brook university'))
all_us_institutions_year : ((2010, 'slac national accelerator laboratory'), (2010, 'stanford university'), (2011, 'slac national accelerator laboratory'), (2011, 'stanford university'), (2012, 'stanford university'), (2013, 'slac national accelerator laboratory'), (2013, 'stanford university'), (2014, 'stanford university'), (2015, 'stanford university'), (2016, 'stanford university'), (2016, 'stony brook university'), (2017, 'stony brook university'), (2018, 'stony brook university'), (2019, 'stony brook university'), (2020, 'stony brook university'))

5/10 positive, 3/10 negative
Do these records refer to the same thing?
(y)es / (n)o / (u)nsure / (f)inished / (p)revious
firstname : wenzhi
lastname : li
middlename : None
year_range : (2013,)
main_us_institutions_year : ((2013, 'florida international university'),)
all_us_institutions_year : ((2013, 'florida international university'),)

firstname : wenzhi
lastname : lin
middlename : None
year_range : (2005, 2015)
main_us_institutions_year : ((2008, 'ohio university'), (2009, 'ohio university'), (2011, 'ohio university'), (2012, 'oak ridge national laboratory'), (2013, 'oak ridge national laboratory'), (2014, 'oak ridge national laboratory'), (2015, 'oak ridge national laboratory'))
all_us_institutions_year : ((2008, 'ohio university'), (2009, 'ohio university'), (2011, 'ohio university'), (2012, 'oak ridge national laboratory'), (2013, 'oak ridge national laboratory'), (2014, 'oak ridge national laboratory'), (2014, 'ohio university'), (2015, 'oak ridge national laboratory'), (2016, 'oak ridge national laboratory'))

5/10 positive, 4/10 negative
Do these records refer to the same thing?
(y)es / (n)o / (u)nsure / (f)inished / (p)revious
firstname : john
lastname : clarke
middlename : None
year_range : (2011,)
main_us_institutions_year : ((2011, 'boston university'),)
all_us_institutions_year : ((2011, 'boston university'),)

firstname : john
lastname : clark
middlename : a
year_range : (2017, 2021)
main_us_institutions_year : ((2017, 'university of california riverside'), (2018, 'university of california riverside'), (2019, 'university of california riverside'), (2020, 'university of california riverside'), (2021, 'university of california riverside'))
all_us_institutions_year : ((2017, 'university of california riverside'), (2018, 'university of california riverside'), (2019, 'university of california riverside'), (2020, 'university of california riverside'), (2021, 'university of california riverside'))

5/10 positive, 5/10 negative
Do these records refer to the same thing?
(y)es / (n)o / (u)nsure / (f)inished / (p)revious
firstname : w
lastname : bron
middlename : e
year_range : (1991,)
main_us_institutions_year : ((1991, 'university of california irvine'),)
all_us_institutions_year : ((1991, 'university of california irvine'),)

firstname : marianne
lastname : bronner
middlename : e
year_range : (1979, 2021)
main_us_institutions_year : ((2011, 'california institute of technology'), (2012, 'california institute of technology'), (2013, 'california institute of technology'), (2014, 'california institute of technology'), (2015, 'california institute of technology'), (2016, 'california institute of technology'), (2017, 'california institute of technology'), (2018, 'california institute of technology'), (2019, 'california institute of technology'), (2020, 'california institute of technology'), (2021, 'california institute of technology'))
all_us_institutions_year : ((2011, 'california institute of technology'), (2012, 'california institute of technology'), (2013, 'california institute of technology'), (2014, 'california institute of technology'), (2015, 'california institute of technology'), (2016, 'california institute of technology'), (2017, 'california institute of technology'), (2018, 'california institute of technology'), (2019, 'california institute of technology'), (2020, 'california institute of technology'), (2021, 'california institute of technology'))

5/10 positive, 6/10 negative
Do these records refer to the same thing?
(y)es / (n)o / (u)nsure / (f)inished / (p)revious
firstname : douglas
lastname : liu
middlename : n c
year_range : (2010,)
main_us_institutions_year : ((2010, 'university of california santa cruz'),)
all_us_institutions_year : ((2010, 'university of california santa cruz'),)

firstname : d
lastname : lin
middlename : n c
year_range : (1980, 2021)
main_us_institutions_year : ((1980, 'university of california santa cruz'), (1994, 'university of california santa cruz'), (1995, 'university of california santa cruz'), (1996, 'university of california santa cruz'), (1997, 'university of california santa cruz'), (1998, 'university of california santa cruz'), (1999, 'university of california santa cruz'), (2000, 'university of california santa cruz'), (2001, 'university of california santa cruz'), (2002, 'university of california santa cruz'), (2003, 'university of california santa cruz'), (2004, 'university of california santa cruz'), (2005, 'university of california santa cruz'), (2006, 'university of california santa cruz'), (2007, 'university of california santa cruz'), (2008, 'university of california santa cruz'), (2009, 'university of california santa cruz'), (2010, 'university of california santa cruz'), (2011, 'university of california santa cruz'), (2012, 'university of california santa cruz'), (2013, 'university of california santa cruz'), (2014, 'university of california santa cruz'), (2015, 'university of california santa cruz'), (2016, 'university of california santa cruz'), (2017, 'university of california santa cruz'), (2018, 'university of california santa cruz'), (2020, 'university of california santa cruz'), (2021, 'university of california santa cruz'))
all_us_institutions_year : ((1980, 'university of california santa cruz'), (1989, 'university of california santa cruz'), (1994, 'university of california santa cruz'), (1995, 'university of california santa cruz'), (1996, 'university of california santa cruz'), (1997, 'university of california santa cruz'), (1998, 'university of california santa cruz'), (1999, 'university of california santa cruz'), (2000, 'university of california santa cruz'), (2001, 'university of california'), (2001, 'university of california santa cruz'), (2002, 'university of california santa cruz'), (2003, 'university of california santa cruz'), (2004, 'university of california santa cruz'), (2005, 'university of california santa cruz'), (2006, 'university of california santa cruz'), (2007, 'university of california'), (2007, 'university of california santa cruz'), (2008, 'university of california'), (2008, 'university of california santa cruz'), (2009, 'university of california santa cruz'), (2010, 'university of california santa cruz'), (2011, 'university of california santa cruz'), (2012, 'university of california santa cruz'), (2013, 'university of california santa cruz'), (2014, 'university of california santa cruz'), (2015, 'university of california santa cruz'), (2016, 'chinese academy of sciences'), (2016, 'university of california santa cruz'), (2017, 'university of california santa cruz'), (2018, 'university of california santa cruz'), (2020, 'university of california santa cruz'), (2021, 'university of california santa cruz'))

5/10 positive, 7/10 negative
Do these records refer to the same thing?
(y)es / (n)o / (u)nsure / (f)inished / (p)revious
firstname : samuel
lastname : mao
middlename : s
year_range : (2012,)
main_us_institutions_year : ((2012, 'university of california berkeley'),)
all_us_institutions_year : ((2012, 'university of california berkeley'),)

firstname : samuel
lastname : manzer
middlename : None
year_range : (2015, 2017)
main_us_institutions_year : ((2015, 'university of california berkeley'), (2017, 'university of california berkeley'))
all_us_institutions_year : ((2015, 'lawrence berkeley national laboratory'), (2015, 'university of california berkeley'), (2017, 'university of california berkeley'))

6/10 positive, 7/10 negative
Do these records refer to the same thing?
(y)es / (n)o / (u)nsure / (f)inished / (p)revious
firstname : andrew
lastname : casson
middlename : j
year_range : (2007,)
main_us_institutions_year : ((2007, 'yale university'),)
all_us_institutions_year : ((2007, 'yale university'),)

firstname : andrew
lastname : masters
middlename : j
year_range : (1981, 2019)
main_us_institutions_year : ((1982, 'yale university'), (1983, 'yale university'), (1984, 'yale university'))
all_us_institutions_year : ((1982, 'yale university'), (1983, 'yale university'), (1984, 'yale university'))

6/10 positive, 8/10 negative
Do these records refer to the same thing?
(y)es / (n)o / (u)nsure / (f)inished / (p)revious
firstname : samuel
lastname : ting
middlename : c c
year_range : (1997,)
main_us_institutions_year : ((1997, 'massachusetts institute of technology'),)
all_us_institutions_year : ((1997, 'massachusetts institute of technology'),)

firstname : samuel
lastname : fingerman
middlename : None
year_range : (2013, 2019)
main_us_institutions_year : ((2013, 'university of massachusetts lowell'), (2016, 'suffolk university'), (2016, 'university of massachusetts lowell'), (2017, 'university of massachusetts lowell'))
all_us_institutions_year : ((2013, 'university of massachusetts lowell'), (2016, 'suffolk university'), (2016, 'university of massachusetts lowell'), (2017, 'university of massachusetts lowell'), (2019, 'university of massachusetts lowell'))

6/10 positive, 9/10 negative
Do these records refer to the same thing?
(y)es / (n)o / (u)nsure / (f)inished / (p)revious
firstname : jing
lastname : guo
middlename : None
year_range : (2008,)
main_us_institutions_year : ((2008, 'university of florida'),)
all_us_institutions_year : ((2008, 'university of florida'),)

firstname : jinghong
lastname : guo
middlename : None
year_range : (2010, 2015)
main_us_institutions_year : ((2010, 'electric power research institute'), (2014, 'electric power research institute'), (2015, 'electric power research institute'))
all_us_institutions_year : ((2010, 'electric power research institute'), (2014, 'electric power research institute'), (2015, 'electric power research institute'))

6/10 positive, 10/10 negative
Do these records refer to the same thing?
(y)es / (n)o / (u)nsure / (f)inished / (p)revious
firstname : john
lastname : thomas
middlename : e
year_range : (2002,)
main_us_institutions_year : ((2002, 'duke university'),)
all_us_institutions_year : ((2002, 'duke university'),)

firstname : j
lastname : thomas
middlename : e
year_range : (1972, 2010)
main_us_institutions_year : ((1972, 'university of idaho'), (1974, 'university of idaho'), (2010, 'university of idaho'))
all_us_institutions_year : ((1972, 'university of idaho'), (1974, 'university of idaho'), (2010, 'university of idaho'))

6/10 positive, 11/10 negative
Do these records refer to the same thing?
(y)es / (n)o / (u)nsure / (f)inished / (p)revious
firstname : richard
lastname : casten
middlename : f
year_range : (2003,)
main_us_institutions_year : ((2003, 'yale university'),)
all_us_institutions_year : ((2003, 'yale university'),)

firstname : rick
lastname : casten
middlename : None
year_range : (2005, 2019)
main_us_institutions_year : ((2005, 'yale university'), (2017, 'yale university'), (2019, 'yale university'), (2020, 'yale university'))
all_us_institutions_year : ((2005, 'yale university'), (2017, 'yale university'), (2019, 'yale university'), (2020, 'yale university'))

6/10 positive, 11/10 negative
Do these records refer to the same thing?
(y)es / (n)o / (u)nsure / (f)inished / (p)revious
firstname : ilan
lastname : stern
middlename : None
year_range : (2012,)
main_us_institutions_year : ((2012, 'tulane university school of science and engineering'),)
all_us_institutions_year : ((2012, 'tulane university school of science and engineering'),)

firstname : i
lastname : stern
middlename : None
year_range : (2007, 2017)
main_us_institutions_year : ((2009, 'tulane university'), (2017, 'tulane university'))
all_us_institutions_year : ((2009, 'tulane university'), (2017, 'tulane university'))

6/10 positive, 11/10 negative
Do these records refer to the same thing?
(y)es / (n)o / (u)nsure / (f)inished / (p)revious
firstname : matthias
lastname : perdekamp
middlename : grosse
year_range : (2011,)
main_us_institutions_year : ((2011, 'university of illinois at urbana champaign'),)
all_us_institutions_year : ((2011, 'university of illinois at urbana champaign'),)

firstname : m
lastname : perdekamp
middlename : grosse
year_range : (2001, 2003)
main_us_institutions_year : ((2001, 'brookhaven national laboratory'), (2003, 'brookhaven national laboratory'))
all_us_institutions_year : ((2001, 'brookhaven national laboratory'), (2002, 'brookhaven national laboratory'), (2003, 'brookhaven national laboratory'))

7/10 positive, 11/10 negative
Do these records refer to the same thing?
(y)es / (n)o / (u)nsure / (f)inished / (p)revious
firstname : eric
lastname : becklin
middlename : e
year_range : (1994,)
main_us_institutions_year : ((1994, 'university of california los angeles'),)
all_us_institutions_year : ((1994, 'university of california los angeles'),)

firstname : e
lastname : becklin
middlename : e
year_range : (1979, 1988)
main_us_institutions_year : ((1979, 'university of hawaii'), (1980, 'university of hawaii'), (1987, 'university of hawaii'), (1988, 'university of hawaii'))
all_us_institutions_year : ((1979, 'university of hawaii'), (1980, 'university of hawaii'), (1987, 'university of hawaii'), (1988, 'university of hawaii'))

7/10 positive, 12/10 negative
Do these records refer to the same thing?
(y)es / (n)o / (u)nsure / (f)inished / (p)revious
firstname : craig
lastname : hogan
middlename : j
year_range : (1995,)
main_us_institutions_year : ((1995, 'university of washington'),)
all_us_institutions_year : ((1995, 'university of washington'),)

firstname : craig
lastname : hogan
middlename : j
year_range : (1983, 2004)
main_us_institutions_year : ((1983, 'california institute of technology'), (1984, 'california institute of technology'), (1985, 'california institute of technology'), (1986, 'california institute of technology'))
all_us_institutions_year : ((1983, 'california institute of technology'), (1984, 'california institute of technology'), (1985, 'california institute of technology'), (1986, 'california institute of technology'))

7/10 positive, 13/10 negative
Do these records refer to the same thing?
(y)es / (n)o / (u)nsure / (f)inished / (p)revious
firstname : ian
lastname : fisher
middlename : None
year_range : (2012,)
main_us_institutions_year : ((2012, 'stanford university'),)
all_us_institutions_year : ((2012, 'stanford university'),)

firstname : daniel
lastname : fisher
middlename : s
year_range : (1977, 2021)
main_us_institutions_year : ((1977, 'harvard university'), (1979, 'harvard university'), (1979, 'bell labs'), (1980, 'bell labs'), (1981, 'bell labs'), (1982, 'bell labs'), (1983, 'bell labs'), (1984, 'bell labs'), (1985, 'bell labs'), (1986, 'bell labs'), (1988, 'princeton university'), (1988, 'bell labs'), (1989, 'princeton university'), (1990, 'princeton university'), (1991, 'harvard university'), (1991, 'princeton university'), (1992, 'harvard university'), (1993, 'harvard university'), (1994, 'harvard university'), (1995, 'harvard university'), (1996, 'harvard university'), (1997, 'harvard university'), (1998, 'harvard university'), (1999, 'harvard university'), (2000, 'harvard university'), (2001, 'harvard university'), (2002, 'harvard university'), (2003, 'harvard university'), (2004, 'harvard university'), (2005, 'harvard university'), (2006, 'harvard university'), (2007, 'harvard university'), (2009, 'stanford university'), (2010, 'stanford university'), (2011, 'stanford university'), (2012, 'stanford university'), (2013, 'stanford university'), (2014, 'stanford university'), (2015, 'stanford university'), (2016, 'stanford university'), (2018, 'stanford university'), (2019, 'stanford university'), (2020, 'stanford university'))
all_us_institutions_year : ((1977, 'harvard university'), (1979, 'bell labs'), (1979, 'harvard university'), (1980, 'bell labs'), (1981, 'bell labs'), (1982, 'bell labs'), (1983, 'bell labs'), (1984, 'bell labs'), (1985, 'bell labs'), (1986, 'bell labs'), (1987, 'bell labs'), (1988, 'bell labs'), (1988, 'princeton university'), (1989, 'princeton university'), (1990, 'princeton university'), (1991, 'harvard university'), (1991, 'princeton university'), (1992, 'harvard university'), (1993, 'harvard university'), (1994, 'harvard university'), (1995, 'harvard university'), (1996, 'harvard university'), (1997, 'harvard university'), (1998, 'harvard university'), (1999, 'harvard university'), (2000, 'harvard university'), (2001, 'harvard university'), (2002, 'harvard university'), (2003, 'harvard university'), (2004, 'harvard university'), (2005, 'harvard university'), (2006, 'harvard university'), (2007, 'harvard university'), (2008, 'bell labs'), (2009, 'stanford university'), (2010, 'harvard university'), (2010, 'stanford university'), (2011, 'stanford university'), (2012, 'stanford university'), (2013, 'stanford university'), (2014, 'stanford university'), (2015, 'stanford university'), (2016, 'stanford university'), (2017, 'stanford university'), (2018, 'stanford university'), (2019, 'harvard university'), (2019, 'stanford university'), (2020, 'harvard university'), (2020, 'stanford university'))

7/10 positive, 13/10 negative
Do these records refer to the same thing?
(y)es / (n)o / (u)nsure / (f)inished / (p)revious
firstname : beilok
lastname : hu
middlename : None
year_range : (1991,)
main_us_institutions_year : ((1991, 'university of maryland college park'),)
all_us_institutions_year : ((1991, 'university of maryland college park'),)

firstname : ben
lastname : hu
middlename : yukuang
year_range : (1991, 2019)
main_us_institutions_year : ((1993, 'university of maryland college park'), (1994, 'university of maryland college park'), (1999, 'university of akron'), (2000, 'university of akron'), (2002, 'university of akron'), (2003, 'university of akron'), (2007, 'university of maryland college park'), (2007, 'university of akron'), (2008, 'university of akron'), (2012, 'university of akron'), (2016, 'university of akron'), (2018, 'university of maryland college park'), (2018, 'university of akron'), (2019, 'university of akron'))
all_us_institutions_year : ((1993, 'university of maryland college park'), (1994, 'university of maryland college park'), (1999, 'university of akron'), (2000, 'university of akron'), (2002, 'university of akron'), (2003, 'university of akron'), (2007, 'university of akron'), (2007, 'university of maryland college park'), (2008, 'university of akron'), (2008, 'university of maryland college park'), (2012, 'university of akron'), (2016, 'university of akron'), (2018, 'university of akron'), (2018, 'university of maryland college park'), (2019, 'university of akron'))

7/10 positive, 14/10 negative
Do these records refer to the same thing?
(y)es / (n)o / (u)nsure / (f)inished / (p)revious
firstname : ronald
lastname : davidson
middlename : c
year_range : (2008,)
main_us_institutions_year : ((2008, 'princeton university'),)
all_us_institutions_year : ((2008, 'princeton university'),)

firstname : ronald
lastname : davidson
middlename : c
year_range : (1968, 1989)
main_us_institutions_year : ((1987, 'science applications international corporation'), (1989, 'science applications international corporation'))
all_us_institutions_year : ((1987, 'science applications international corporation'), (1989, 'science applications international corporation'))

7/10 positive, 15/10 negative
Do these records refer to the same thing?
(y)es / (n)o / (u)nsure / (f)inished / (p)revious
firstname : peter
lastname : wolynes
middlename : g
year_range : (2012,)
main_us_institutions_year : ((2012, 'university of california san diego'),)
all_us_institutions_year : ((2012, 'university of california san diego'),)

firstname : peter
lastname : wolynes
middlename : g
year_range : (1975, 2011)
main_us_institutions_year : ((1975, 'harvard university'), (1978, 'harvard university'), (1979, 'harvard university'))
all_us_institutions_year : ((1975, 'harvard university'), (1978, 'harvard university'), (1979, 'harvard university'))

7/10 positive, 16/10 negative
Do these records refer to the same thing?
(y)es / (n)o / (u)nsure / (f)inished / (p)revious
firstname : roger
lastname : ulrich
middlename : k
year_range : (2009,)
main_us_institutions_year : ((2009, 'university of california los angeles'),)
all_us_institutions_year : ((2009, 'university of california los angeles'),)

firstname : r
lastname : ulrich
middlename : k
year_range : (2010, 2011)
main_us_institutions_year : ((2010, 'university of california'), (2011, 'university of california'))
all_us_institutions_year : ((2010, 'university of california'), (2011, 'university of california'))

7/10 positive, 16/10 negative
Do these records refer to the same thing?
(y)es / (n)o / (u)nsure / (f)inished / (p)revious
firstname : leo
lastname : hollberg
middlename : w
year_range : (1997,)
main_us_institutions_year : ((1997, 'university of colorado at boulder'),)
all_us_institutions_year : ((1997, 'university of colorado at boulder'),)

firstname : l
lastname : hollberg
middlename : None
year_range : (1981, 2020)
main_us_institutions_year : ((1981, 'university of colorado boulder'), (1984, 'national institute of standards and technology'), (1985, 'bell labs'), (1986, 'bell labs'), (1987, 'national institute of standards and technology'), (1990, 'national institute of standards and technology'), (1992, 'national institute of standards and technology'), (1993, 'national institute of standards and technology'), (1994, 'national institute of standards and technology'), (1995, 'national institute of standards and technology'), (1996, 'national institute of standards and technology'), (1997, 'national institute of standards and technology'), (1998, 'national institute of standards and technology'), (1999, 'national institute of standards and technology'), (2000, 'national institute of standards and technology'), (2001, 'national institute of standards and technology'), (2002, 'national institute of standards and technology'), (2003, 'national institute of standards and technology'), (2004, 'national institute of standards and technology'), (2005, 'national institute of standards and technology'), (2006, 'national institute of standards and technology'), (2007, 'national institute of standards and technology'), (2008, 'national institute of standards and technology'), (2009, 'national institute of standards and technology'), (2010, 'national institute of standards and technology'), (2014, 'stanford university'), (2015, 'national institute of standards and technology'), (2016, 'stanford university'), (2017, 'stanford university'), (2019, 'stanford university'), (2020, 'stanford university'))
all_us_institutions_year : ((1981, 'national institute of standards and technology'), (1981, 'university of colorado boulder'), (1983, 'national institute of standards and technology'), (1984, 'national institute of standards and technology'), (1985, 'bell labs'), (1986, 'bell labs'), (1987, 'national institute of standards and technology'), (1989, 'national institute of standards and technology'), (1990, 'national institute of standards and technology'), (1992, 'national institute of standards and technology'), (1993, 'national institute of standards and technology'), (1993, 'university of colorado boulder'), (1994, 'national institute of standards and technology'), (1995, 'national institute of standards and technology'), (1996, 'national institute of standards and technology'), (1997, 'national institute of standards and technology'), (1998, 'national institute of standards and technology'), (1998, 'university of colorado boulder'), (1999, 'national institute of standards and technology'), (2000, 'national institute of standards and technology'), (2001, 'national institute of standards and technology'), (2002, 'national institute of standards and technology'), (2003, 'national institute of standards and technology'), (2004, 'national institute of standards and technology'), (2005, 'national institute of standards and technology'), (2006, 'national institute of standards and technology'), (2007, 'national institute of standards and technology'), (2008, 'national institute of standards and technology'), (2009, 'national institute of standards and technology'), (2010, 'national institute of standards and technology'), (2014, 'stanford university'), (2015, 'national institute of standards and technology'), (2015, 'stanford university'), (2016, 'stanford university'), (2017, 'stanford university'), (2019, 'stanford university'), (2020, 'stanford university'))

8/10 positive, 16/10 negative
Do these records refer to the same thing?
(y)es / (n)o / (u)nsure / (f)inished / (p)revious
firstname : manuel
lastname : sanchez
middlename : calderon de la barca
year_range : (2014,)
main_us_institutions_year : ((2014, 'university of california davis'),)
all_us_institutions_year : ((2014, 'university of california davis'),)

firstname : m
lastname : sanchez
middlename : calderon delabarca
year_range : (2007, 2011)
main_us_institutions_year : ((2007, 'university of california davis'), (2009, 'university of california davis'), (2010, 'university of california davis'), (2011, 'university of california davis'))
all_us_institutions_year : ((2007, 'university of california davis'), (2009, 'university of california davis'), (2010, 'university of california davis'), (2011, 'university of california davis'))

9/10 positive, 16/10 negative
Do these records refer to the same thing?
(y)es / (n)o / (u)nsure / (f)inished / (p)revious
firstname : melissa
lastname : tate
middlename : knothe
year_range : (2013,)
main_us_institutions_year : ((2013, 'case western reserve university'),)
all_us_institutions_year : ((2013, 'case western reserve university'),)

firstname : melissa
lastname : tate
middlename : l knothe
year_range : (1998, 2020)
main_us_institutions_year : ((2003, 'cleveland clinic'), (2005, 'case western reserve university'), (2005, 'cleveland clinic'), (2006, 'case western reserve university'), (2007, 'case western reserve university'), (2008, 'case western reserve university'), (2009, 'case western reserve university'), (2010, 'case western reserve university'), (2011, 'case western reserve university'), (2012, 'case western reserve university'), (2013, 'case western reserve university'))
all_us_institutions_year : ((2003, 'cleveland clinic'), (2004, 'case western reserve university'), (2005, 'case western reserve university'), (2005, 'cleveland clinic'), (2006, 'case western reserve university'), (2007, 'case western reserve university'), (2008, 'case western reserve university'), (2009, 'case western reserve university'), (2010, 'case western reserve university'), (2011, 'case western reserve university'), (2012, 'case western reserve university'), (2013, 'case western reserve university'), (2014, 'case western reserve university'), (2018, 'case western reserve university'), (2020, 'case western reserve university'))

10/10 positive, 16/10 negative
Do these records refer to the same thing?
(y)es / (n)o / (u)nsure / (f)inished / (p)revious
firstname : demetrius
lastname : venable
middlename : d
year_range : (2010,)
main_us_institutions_year : ((2010, 'howard university'),)
all_us_institutions_year : ((2010, 'howard university'),)

firstname : demetrius
lastname : venable
middlename : d
year_range : (1981, 1986)
main_us_institutions_year : ((1981, 'hampton university'), (1984, 'hampton university'))
all_us_institutions_year : ((1981, 'hampton university'), (1984, 'hampton university'), (1986, 'hampton university'))

11/10 positive, 16/10 negative
Do these records refer to the same thing?
(y)es / (n)o / (u)nsure / (f)inished / (p)revious
firstname : li
lastname : yu
middlename : hua
year_range : (2002,)
main_us_institutions_year : ((2002, 'stony brook university'),)
all_us_institutions_year : ((2002, 'stony brook university'),)

firstname : li
lastname : yu
middlename : hua
year_range : (2014, 2018)
main_us_institutions_year : ((2014, 'brookhaven national laboratory'), (2017, 'brookhaven national laboratory'), (2018, 'brookhaven national laboratory'))
all_us_institutions_year : ((2014, 'brookhaven national laboratory'), (2017, 'brookhaven national laboratory'), (2018, 'brookhaven national laboratory'))

11/10 positive, 17/10 negative
Do these records refer to the same thing?
(y)es / (n)o / (u)nsure / (f)inished / (p)revious
firstname : robert
lastname : parr
middlename : g
year_range : (1991,)
main_us_institutions_year : ((1991, 'university of north carolina at chapel hill'),)
all_us_institutions_year : ((1991, 'university of north carolina at chapel hill'),)

firstname : robert
lastname : parr
middlename : g
year_range : (1965, 2008)
main_us_institutions_year : ((2008, 'california state university'),)
all_us_institutions_year : ((2008, 'california state university'),)

11/10 positive, 18/10 negative
Do these records refer to the same thing?
(y)es / (n)o / (u)nsure / (f)inished / (p)revious
firstname : manuel
lastname : sanchez
middlename : calderon de la barca
year_range : (2014,)
main_us_institutions_year : ((2014, 'university of california davis'),)
all_us_institutions_year : ((2014, 'university of california davis'),)

firstname : m
lastname : sanchez
middlename : c de la barca
year_range : (2012, 2020)
main_us_institutions_year : ((2012, 'university of california davis'), (2014, 'university of california davis'), (2019, 'university of california davis'), (2020, 'university of california davis'))
all_us_institutions_year : ((2012, 'university of california davis'), (2014, 'university of california davis'), (2019, 'university of california davis'), (2020, 'university of california davis'))

11/10 positive, 18/10 negative
Do these records refer to the same thing?
(y)es / (n)o / (u)nsure / (f)inished / (p)revious
firstname : manuel
lastname : sanchez
middlename : calderon de la barca
year_range : (2014,)
main_us_institutions_year : ((2014, 'university of california davis'),)
all_us_institutions_year : ((2014, 'university of california davis'),)

firstname : m
lastname : sanchez
middlename : c de la barca
year_range : (2012, 2020)
main_us_institutions_year : ((2012, 'university of california davis'), (2014, 'university of california davis'), (2019, 'university of california davis'), (2020, 'university of california davis'))
all_us_institutions_year : ((2012, 'university of california davis'), (2014, 'university of california davis'), (2019, 'university of california davis'), (2020, 'university of california davis'))

12/10 positive, 18/10 negative
Do these records refer to the same thing?
(y)es / (n)o / (u)nsure / (f)inished / (p)revious
firstname : harrison
lastname : prosper
middlename : b
year_range : (2013,)
main_us_institutions_year : ((2013, 'florida state university'),)
all_us_institutions_year : ((2013, 'florida state university'),)

firstname : h
lastname : prosper
middlename : None
year_range : (2012, 2015)
main_us_institutions_year : ((2012, 'florida international university'), (2015, 'florida international university'))
all_us_institutions_year : ((2012, 'florida international university'), (2015, 'florida international university'))

13/10 positive, 18/10 negative
Do these records refer to the same thing?
(y)es / (n)o / (u)nsure / (f)inished / (p)revious
firstname : ata
lastname : sarajedini
middlename : None
year_range : (2012,)
main_us_institutions_year : ((2012, 'university of florida'),)
all_us_institutions_year : ((2012, 'university of florida'),)

firstname : a
lastname : sarajedini
middlename : None
year_range : (2018, 2020)
main_us_institutions_year : ((2019, 'florida atlantic university'), (2020, 'florida atlantic university'))
all_us_institutions_year : ((2019, 'florida atlantic university'), (2020, 'florida atlantic university'))

13/10 positive, 18/10 negative
Do these records refer to the same thing?
(y)es / (n)o / (u)nsure / (f)inished / (p)revious
firstname : jennifer
lastname : aitken
middlename : a
year_range : (2015,)
main_us_institutions_year : ((2015, 'duquesne university'),)
all_us_institutions_year : ((2015, 'duquesne university'),)

firstname : jennifer
lastname : aitken
middlename : a
year_range : (1998, 2017)
main_us_institutions_year : ((1998, 'michigan state university'), (1999, 'michigan state university'), (2000, 'michigan state university'), (2001, 'michigan state university'), (2002, 'michigan state university'), (2004, 'michigan state university'))
all_us_institutions_year : ((1998, 'michigan state university'), (1999, 'michigan state university'), (2000, 'michigan state university'), (2001, 'michigan state university'), (2002, 'michigan state university'), (2004, 'michigan state university'), (2010, 'michigan state university'), (2014, 'duquesne university'), (2015, 'duquesne university'))

13/10 positive, 19/10 negative
Do these records refer to the same thing?
(y)es / (n)o / (u)nsure / (f)inished / (p)revious
firstname : arthur
lastname : walker
middlename : b c
year_range : (2000,)
main_us_institutions_year : ((2000, 'stanford university'),)
all_us_institutions_year : ((2000, 'stanford university'),)

firstname : a
lastname : walker
middlename : h
year_range : (1986, 1993)
main_us_institutions_year : ((1986, 'stanford university'), (1987, 'stanford university'), (1990, 'stanford university'))
all_us_institutions_year : ((1986, 'stanford university'), (1987, 'stanford university'), (1990, 'stanford university'))

14/10 positive, 19/10 negative
Do these records refer to the same thing?
(y)es / (n)o / (u)nsure / (f)inished / (p)revious
firstname : j
lastname : wheeler
middlename : craig
year_range : (2006,)
main_us_institutions_year : ((2006, 'university of texas at austin'),)
all_us_institutions_year : ((2006, 'university of texas at austin'),)

firstname : john
lastname : wheeler
middlename : archibald
year_range : (1933, 2019)
main_us_institutions_year : ((1933, 'johns hopkins university'), (1934, 'new york university'), (1936, 'university of north carolina at chapel hill'), (1937, 'university of north carolina at chapel hill'), (1938, 'university of north carolina at chapel hill'), (1939, 'princeton university'), (1940, 'princeton university'), (1941, 'princeton university'), (1945, 'princeton university'), (1947, 'princeton university'), (1949, 'princeton university'), (1953, 'princeton university'), (1956, 'princeton university'), (1957, 'princeton university'), (1959, 'princeton university'), (1961, 'princeton university'), (1962, 'princeton university'), (1963, 'princeton university'), (1965, 'university of texas at austin'), (1966, 'princeton university'), (1971, 'princeton university'), (1973, 'princeton university'), (1975, 'princeton university'), (1977, 'university of texas at austin'), (1978, 'university of texas at austin'), (1979, 'university of texas at austin'), (1980, 'university of texas at austin'), (1982, 'university of texas at austin'), (1983, 'university of texas at austin'), (1985, 'university of texas at austin'), (1986, 'university of texas at austin'), (1988, 'university of texas at austin'), (1992, 'university of texas at austin'), (1993, 'princeton university'), (1993, 'university of texas at austin'), (1995, 'princeton university'), (1995, 'university of texas at austin'), (1997, 'university of texas at austin'), (1999, 'princeton university'), (1999, 'university of texas at austin'), (2001, 'princeton university'), (2002, 'princeton university'), (2002, 'university of texas at austin'), (2003, 'university of texas at austin'), (2013, 'princeton university'))
all_us_institutions_year : ((1933, 'johns hopkins university'), (1934, 'new york university'), (1936, 'university of north carolina at chapel hill'), (1937, 'university of north carolina at chapel hill'), (1938, 'university of north carolina at chapel hill'), (1939, 'princeton university'), (1940, 'princeton university'), (1941, 'princeton university'), (1945, 'princeton university'), (1947, 'princeton university'), (1949, 'princeton university'), (1953, 'princeton university'), (1956, 'princeton university'), (1957, 'princeton university'), (1959, 'princeton university'), (1961, 'princeton university'), (1962, 'princeton university'), (1963, 'princeton university'), (1965, 'princeton university'), (1965, 'university of texas at austin'), (1966, 'princeton university'), (1970, 'princeton university'), (1971, 'princeton university'), (1973, 'princeton university'), (1975, 'princeton university'), (1977, 'princeton university'), (1977, 'university of texas at austin'), (1977, 'university of washington'), (1978, 'university of texas at austin'), (1979, 'university of texas at austin'), (1980, 'university of texas at austin'), (1982, 'university of texas at austin'), (1983, 'university of texas at austin'), (1984, 'university of texas at austin'), (1985, 'university of texas at austin'), (1986, 'university of texas at austin'), (1988, 'princeton university'), (1988, 'university of texas at austin'), (1989, 'princeton university'), (1989, 'university of texas at austin'), (1992, 'university of texas at austin'), (1993, 'princeton university'), (1993, 'university of texas at austin'), (1995, 'princeton university'), (1995, 'university of texas at austin'), (1997, 'university of texas at austin'), (1998, 'princeton university'), (1999, 'princeton university'), (1999, 'university of texas at austin'), (2001, 'princeton university'), (2002, 'princeton university'), (2002, 'university of texas at austin'), (2003, 'university of texas at austin'), (2013, 'princeton university'))

14/10 positive, 20/10 negative
Do these records refer to the same thing?
(y)es / (n)o / (u)nsure / (f)inished / (p)revious
firstname : john
lastname : brandt
middlename : c
year_range : (1994,)
main_us_institutions_year : ((1994, 'university of colorado at boulder'),)
all_us_institutions_year : ((1994, 'university of colorado at boulder'),)

firstname : john
lastname : brandt
middlename : c
year_range : (1969, 2014)
main_us_institutions_year : ((1969, 'goddard space flight center'), (1972, 'goddard space flight center'), (1973, 'goddard space flight center'), (1974, 'goddard space flight center'), (1975, 'goddard space flight center'), (1980, 'goddard space flight center'), (1981, 'goddard space flight center'), (1985, 'goddard space flight center'), (1986, 'goddard space flight center'), (1987, 'goddard space flight center'))
all_us_institutions_year : ((1969, 'goddard space flight center'), (1972, 'goddard space flight center'), (1973, 'goddard space flight center'), (1974, 'goddard space flight center'), (1975, 'goddard space flight center'), (1979, 'goddard space flight center'), (1980, 'goddard space flight center'), (1981, 'goddard space flight center'), (1984, 'goddard space flight center'), (1985, 'goddard space flight center'), (1986, 'goddard space flight center'), (1987, 'goddard space flight center'))

14/10 positive, 21/10 negative
Do these records refer to the same thing?
(y)es / (n)o / (u)nsure / (f)inished / (p)revious
firstname : antonio
lastname : neto
middlename : h castro
year_range : (2007,)
main_us_institutions_year : ((2007, 'harvard university'),)
all_us_institutions_year : ((2007, 'harvard university'),)

firstname : a
lastname : neto
middlename : h castro
year_range : (1990, 2021)
main_us_institutions_year : ((1993, 'university of illinois at urbana champaign'), (1994, 'university of illinois at urbana champaign'), (1995, 'university of california santa barbara'), (1996, 'university of california riverside'), (1997, 'university of california riverside'), (1998, 'university of california riverside'), (1999, 'university of california riverside'), (2000, 'university of california riverside'), (2001, 'boston university'), (2002, 'boston university'), (2003, 'boston university'), (2004, 'boston university'), (2005, 'boston university'), (2006, 'boston university'), (2007, 'boston university'), (2008, 'boston university'), (2009, 'boston university'), (2010, 'boston university'), (2011, 'boston university'))
all_us_institutions_year : ((1993, 'university of illinois at urbana champaign'), (1994, 'university of illinois at urbana champaign'), (1995, 'university of california santa barbara'), (1995, 'university of illinois at urbana champaign'), (1996, 'university of california'), (1996, 'university of california riverside'), (1996, 'university of california santa barbara'), (1997, 'university of california riverside'), (1998, 'university of california riverside'), (1999, 'university of california riverside'), (2000, 'boston university'), (2000, 'university of california riverside'), (2001, 'boston university'), (2001, 'university of california riverside'), (2002, 'boston university'), (2002, 'university of california'), (2003, 'boston university'), (2004, 'boston university'), (2005, 'boston university'), (2006, 'boston university'), (2006, 'harvard university'), (2007, 'boston university'), (2007, 'harvard university'), (2008, 'boston university'), (2009, 'boston university'), (2010, 'boston university'), (2011, 'boston university'), (2012, 'boston university'), (2013, 'boston university'), (2014, 'boston university'), (2015, 'boston university'), (2016, 'boston university'), (2017, 'boston university'))

14/10 positive, 21/10 negative
Do these records refer to the same thing?
(y)es / (n)o / (u)nsure / (f)inished / (p)revious
firstname : timothy
lastname : kallman
middlename : r
year_range : (1997,)
main_us_institutions_year : ((1997, 'university of maryland college park'),)
all_us_institutions_year : ((1997, 'university of maryland college park'),)

firstname : timothy
lastname : kallman
middlename : r
year_range : (1978, 2021)
main_us_institutions_year : ((1990, 'goddard space flight center'), (1996, 'goddard space flight center'), (1997, 'goddard space flight center'), (1999, 'goddard space flight center'), (2000, 'goddard space flight center'), (2001, 'goddard space flight center'), (2002, 'goddard space flight center'), (2003, 'goddard space flight center'), (2004, 'goddard space flight center'), (2005, 'goddard space flight center'), (2006, 'goddard space flight center'), (2007, 'goddard space flight center'), (2008, 'goddard space flight center'), (2009, 'goddard space flight center'), (2010, 'goddard space flight center'), (2011, 'goddard space flight center'), (2012, 'goddard space flight center'), (2013, 'goddard space flight center'), (2014, 'goddard space flight center'), (2015, 'goddard space flight center'), (2016, 'goddard space flight center'), (2017, 'goddard space flight center'), (2018, 'goddard space flight center'), (2019, 'goddard space flight center'), (2020, 'goddard space flight center'), (2021, 'goddard space flight center'))
all_us_institutions_year : ((1985, 'goddard space flight center'), (1990, 'goddard space flight center'), (1996, 'goddard space flight center'), (1997, 'goddard space flight center'), (1998, 'goddard space flight center'), (1999, 'goddard space flight center'), (2000, 'goddard space flight center'), (2001, 'goddard space flight center'), (2002, 'goddard space flight center'), (2003, 'goddard space flight center'), (2004, 'goddard space flight center'), (2005, 'goddard space flight center'), (2006, 'goddard space flight center'), (2007, 'goddard space flight center'), (2008, 'goddard space flight center'), (2009, 'goddard space flight center'), (2010, 'goddard space flight center'), (2011, 'goddard space flight center'), (2012, 'goddard space flight center'), (2013, 'goddard space flight center'), (2014, 'goddard space flight center'), (2015, 'goddard space flight center'), (2016, 'goddard space flight center'), (2017, 'goddard space flight center'), (2018, 'goddard space flight center'), (2019, 'goddard space flight center'), (2020, 'california institute of technology'), (2020, 'goddard space flight center'), (2021, 'goddard space flight center'))

15/10 positive, 21/10 negative
Do these records refer to the same thing?
(y)es / (n)o / (u)nsure / (f)inished / (p)revious
firstname : c
lastname : caldwell
middlename : denise
year_range : (1998,)
main_us_institutions_year : ((1998, 'university of central florida'),)
all_us_institutions_year : ((1998, 'university of central florida'),)

firstname : c
lastname : caldwell
middlename : denise
year_range : (2000, 2004)
main_us_institutions_year : ((2000, 'national science foundation'), (2004, 'national science foundation'))
all_us_institutions_year : ((2000, 'national science foundation'), (2004, 'national science foundation'))

16/10 positive, 21/10 negative
Do these records refer to the same thing?
(y)es / (n)o / (u)nsure / (f)inished / (p)revious
firstname : carlos
lastname : melo
middlename : a r sa de
year_range : (2007,)
main_us_institutions_year : ((2007, 'georgia institute of technology'),)
all_us_institutions_year : ((2007, 'georgia institute of technology'),)

firstname : c
lastname : melo
middlename : a r sa de
year_range : (2007, 2009)
main_us_institutions_year : ((2008, 'national institute of standards and technology'), (2009, 'national institute of standards and technology'))
all_us_institutions_year : ((2008, 'national institute of standards and technology'), (2009, 'national institute of standards and technology'))

16/10 positive, 21/10 negative
Do these records refer to the same thing?
(y)es / (n)o / (u)nsure / (f)inished / (p)revious
firstname : carlos
lastname : melo
middlename : a r sa de
year_range : (2006,)
main_us_institutions_year : ((2006, 'georgia institute of technology'),)
all_us_institutions_year : ((2006, 'georgia institute of technology'),)

firstname : c
lastname : melo
middlename : a r sa de
year_range : (2007, 2009)
main_us_institutions_year : ((2008, 'national institute of standards and technology'), (2009, 'national institute of standards and technology'))
all_us_institutions_year : ((2008, 'national institute of standards and technology'), (2009, 'national institute of standards and technology'))

16/10 positive, 21/10 negative
Do these records refer to the same thing?
(y)es / (n)o / (u)nsure / (f)inished / (p)revious
firstname : david
lastname : fritts
middlename : c
year_range : (1999,)
main_us_institutions_year : ((1999, 'university of colorado at boulder'),)
all_us_institutions_year : ((1999, 'university of colorado at boulder'),)

firstname : david
lastname : fritts
middlename : c
year_range : (1998, 2006)
main_us_institutions_year : ((1998, 'national waste recycling association'), (2002, 'national waste recycling association'), (2006, 'national waste recycling association'))
all_us_institutions_year : ((1998, 'national waste recycling association'), (2002, 'national waste recycling association'), (2006, 'national waste recycling association'))

16/10 positive, 21/10 negative
Do these records refer to the same thing?
(y)es / (n)o / (u)nsure / (f)inished / (p)revious
firstname : j
lastname : angel
middlename : roger p
year_range : (1998,)
main_us_institutions_year : ((1998, 'university of arizona'),)
all_us_institutions_year : ((1998, 'university of arizona'),)

firstname : j
lastname : angel
middlename : roger p
year_range : (1996, 2007)
main_us_institutions_year : ((1998, 'steward health care system'), (2006, 'steward health care system'), (2007, 'steward health care system'))
all_us_institutions_year : ((1998, 'steward health care system'), (2006, 'steward health care system'), (2007, 'steward health care system'))

16/10 positive, 21/10 negative
Do these records refer to the same thing?
(y)es / (n)o / (u)nsure / (f)inished / (p)revious
firstname : j
lastname : angel
middlename : roger p
year_range : (1992,)
main_us_institutions_year : ((1992, 'university of arizona'),)
all_us_institutions_year : ((1992, 'university of arizona'),)

firstname : j
lastname : angel
middlename : roger p
year_range : (1996, 2007)
main_us_institutions_year : ((1998, 'steward health care system'), (2006, 'steward health care system'), (2007, 'steward health care system'))
all_us_institutions_year : ((1998, 'steward health care system'), (2006, 'steward health care system'), (2007, 'steward health care system'))

16/10 positive, 21/10 negative
Do these records refer to the same thing?
(y)es / (n)o / (u)nsure / (f)inished / (p)revious
firstname : m
lastname : zubairy
middlename : suhail
year_range : (2006,)
main_us_institutions_year : ((2006, 'texas a m university college station'),)
all_us_institutions_year : ((2006, 'texas a m university college station'),)

firstname : m
lastname : zubairy
middlename : suhail
year_range : (1985, 1986)
main_us_institutions_year : ((1985, 'university of new mexico'), (1986, 'university of new mexico'))
all_us_institutions_year : ((1985, 'university of new mexico'), (1986, 'university of new mexico'))

16/10 positive, 22/10 negative
Do these records refer to the same thing?
(y)es / (n)o / (u)nsure / (f)inished / (p)revious
firstname : john
lastname : hobbs
middlename : d
year_range : (2008,)
main_us_institutions_year : ((2008, 'stony brook university'),)
all_us_institutions_year : ((2008, 'stony brook university'),)

firstname : j
lastname : hobbs
middlename : d
year_range : (1999, 2018)
main_us_institutions_year : ((1999, 'state university of new york system'), (2002, 'state university of new york system'), (2005, 'state university of new york system'), (2006, 'state university of new york system'), (2008, 'state university of new york system'), (2013, 'state university of new york system'), (2014, 'state university of new york system'), (2015, 'state university of new york system'), (2016, 'state university of new york system'), (2018, 'state university of new york system'))
all_us_institutions_year : ((1999, 'state university of new york system'), (2002, 'state university of new york system'), (2005, 'state university of new york system'), (2006, 'state university of new york system'), (2008, 'state university of new york system'), (2013, 'state university of new york system'), (2014, 'state university of new york system'), (2015, 'state university of new york system'), (2016, 'state university of new york system'), (2018, 'state university of new york system'))

16/10 positive, 23/10 negative
Do these records refer to the same thing?
(y)es / (n)o / (u)nsure / (f)inished / (p)revious
firstname : eric
lastname : becklin
middlename : None
year_range : (1990,)
main_us_institutions_year : ((1990, 'university of hawaii at manoa'),)
all_us_institutions_year : ((1990, 'university of hawaii at manoa'),)

firstname : e
lastname : becklin
middlename : e
year_range : (1979, 2019)
main_us_institutions_year : ((1979, 'university of hawaii'), (1981, 'university of hawaii'), (1986, 'university of hawaii'), (1988, 'university of hawaii'), (1996, 'university of california los angeles'), (1999, 'university of california los angeles'), (2000, 'university of california los angeles'), (2001, 'university of california los angeles'), (2002, 'university of california los angeles'), (2003, 'university of california los angeles'), (2005, 'university of california los angeles'), (2007, 'university of california los angeles'), (2008, 'university of california los angeles'), (2009, 'university of california los angeles'), (2011, 'university of california los angeles'), (2013, 'university of california los angeles'), (2016, 'university of california los angeles'))
all_us_institutions_year : ((1979, 'university of hawaii'), (1981, 'university of hawaii'), (1986, 'university of hawaii'), (1988, 'university of hawaii'), (1996, 'university of california los angeles'), (1998, 'university of california los angeles'), (1999, 'university of california los angeles'), (2000, 'university of california los angeles'), (2001, 'university of california los angeles'), (2002, 'university of california los angeles'), (2003, 'university of california los angeles'), (2005, 'university of california los angeles'), (2007, 'university of california los angeles'), (2008, 'university of california los angeles'), (2009, 'university of california los angeles'), (2010, 'university of california los angeles'), (2011, 'university of california los angeles'), (2013, 'ames research center'), (2013, 'universities space research association'), (2013, 'university of california los angeles'), (2016, 'university of california los angeles'), (2018, 'university of california los angeles'))

17/10 positive, 23/10 negative
Do these records refer to the same thing?
(y)es / (n)o / (u)nsure / (f)inished / (p)revious
firstname : barrett
lastname : rogers
middlename : n
year_range : (2008,)
main_us_institutions_year : ((2008, 'dartmouth college'),)
all_us_institutions_year : ((2008, 'dartmouth college'),)

firstname : b
lastname : rogers
middlename : n
year_range : (1998, 2000)
main_us_institutions_year : ((1998, 'university of maryland college park'), (1999, 'university of maryland college park'), (2000, 'university of maryland college park'))
all_us_institutions_year : ((1998, 'university of maryland college park'), (1999, 'university of maryland college park'), (2000, 'university of maryland college park'), (2001, 'university of maryland college park'))

18/10 positive, 23/10 negative
Do these records refer to the same thing?
(y)es / (n)o / (u)nsure / (f)inished / (p)revious
firstname : genash
lastname : chanmugam
middlename : None
year_range : (1990,)
main_us_institutions_year : ((1990, 'louisiana state university and agricultural mechanical college'),)
all_us_institutions_year : ((1990, 'louisiana state university and agricultural mechanical college'),)

firstname : g
lastname : chanmugam
middlename : None
year_range : (1976, 1987)
main_us_institutions_year : ((1976, 'louisiana state university'), (1987, 'louisiana state university'))
all_us_institutions_year : ((1976, 'louisiana state university'), (1987, 'louisiana state university'))

18/10 positive, 23/10 negative
Do these records refer to the same thing?
(y)es / (n)o / (u)nsure / (f)inished / (p)revious
firstname : john
lastname : schwarz
middlename : None
year_range : (2006,)
main_us_institutions_year : ((2006, 'california institute of technology'),)
all_us_institutions_year : ((2006, 'california institute of technology'),)

firstname : j
lastname : schwarz
middlename : m
year_range : (2001, 2021)
main_us_institutions_year : ((2001, 'harvard university'), (2003, 'syracuse university'), (2004, 'syracuse university'), (2005, 'university of pennsylvania'), (2006, 'university of pennsylvania'), (2006, 'university of california los angeles'), (2007, 'syracuse university'), (2008, 'syracuse university'), (2011, 'syracuse university'), (2012, 'syracuse university'), (2013, 'syracuse university'), (2014, 'syracuse university'), (2015, 'syracuse university'), (2016, 'syracuse university'), (2017, 'syracuse university'), (2018, 'syracuse university'), (2019, 'syracuse university'), (2020, 'syracuse university'), (2020, 'ithaca college'), (2021, 'syracuse university'), (2021, 'ithaca college'))
all_us_institutions_year : ((2001, 'harvard university'), (2003, 'syracuse university'), (2004, 'syracuse university'), (2004, 'university of california los angeles'), (2004, 'university of pennsylvania'), (2005, 'university of pennsylvania'), (2006, 'university of california los angeles'), (2006, 'university of pennsylvania'), (2007, 'syracuse university'), (2008, 'syracuse university'), (2009, 'syracuse university'), (2010, 'syracuse university'), (2011, 'syracuse university'), (2012, 'syracuse university'), (2013, 'syracuse university'), (2014, 'syracuse university'), (2015, 'syracuse university'), (2016, 'syracuse university'), (2017, 'syracuse university'), (2018, 'syracuse university'), (2019, 'ithaca college'), (2019, 'syracuse university'), (2020, 'ithaca college'), (2020, 'syracuse university'), (2021, 'ithaca college'), (2021, 'syracuse university'))

19/10 positive, 23/10 negative
Do these records refer to the same thing?
(y)es / (n)o / (u)nsure / (f)inished / (p)revious
firstname : philip
lastname : lubin
middlename : m
year_range : (1994,)
main_us_institutions_year : ((1994, 'university of california santa barbara'),)
all_us_institutions_year : ((1994, 'university of california santa barbara'),)

firstname : phillip
lastname : lubin
middlename : None
year_range : (2011, 2019)
main_us_institutions_year : ((2011, 'university of california santa barbara'), (2013, 'university of california santa barbara'), (2015, 'university of california santa barbara'), (2019, 'university of california santa barbara'))
all_us_institutions_year : ((2011, 'university of california santa barbara'), (2013, 'university of california santa barbara'), (2015, 'university of california santa barbara'), (2019, 'university of california santa barbara'))

19/10 positive, 23/10 negative
Do these records refer to the same thing?
(y)es / (n)o / (u)nsure / (f)inished / (p)revious
Finished labeling
Done in 316.29287732839583 minutes.
