Namespace(testing=False, verbose=1, field=['computer science'], train_name='mona_degree0', startyear=1980, endyear=2020, loadstartyear=1980, loadendyear=2020, mergemode='m:1', recall=0.9, institution='True', fieldofstudy_cat='False', fieldofstudy_str='False', keywords='False', retrain='True', linking_type='grants', samplesize=100000, write_to='database')
Have max 12 cores available
Testing is False 

I set the write connection to the main database.
id_field is [41008148] and will be passed to sql queries.
finished setup ... 
Time elapsed: 0.0005302548408508301 minutes 


        SELECT a.GrantID || "_" || c.author_position as grantid_authorposition
            , CAST(SUBSTR(a.Award_AwardEffectiveDate, 7, 4) AS INT) AS year_range
            , b.institution, c.firstname, c.lastname, c.middlename
            , '' AS keywords, '' AS coauthors -- # necessary for current code structure
            , CAST(SUBSTR(a.Award_AwardEffectiveDate, 7, 4) AS INT) || "//" || b.institution AS main_us_institutions_year
            , CAST(SUBSTR(a.Award_AwardEffectiveDate, 7, 4) AS INT) || "//" || b.institution AS all_us_institutions_year
        FROM NSF_MAIN as a 
        INNER JOIN (
            SELECT GrantID, Name AS institution
            FROM NSF_Institution
            WHERE Position = 0 -- take the first reported. otherwise possibly duplicates. NSF_Performance_Institution has some missing. https://github.com/chrished/science_career_RAs/issues/19
        ) b 
        USING (GrantID)
        INNER JOIN (
            SELECT GrantID
                , FirstName AS firstname
                , LastName AS lastname
                , PIMidInit AS middlename --# NOTE: PISufxName is often "Jr", "Mr", JR, ... 
                , Position as author_position --## Some grants have >1 PIs
            FROM NSF_Investigator
            WHERE RoleCode = 'principal investigator'
        ) c
        USING (GrantID)
        WHERE AWARD_TranType = 'grant' AND AWARD_Agency = 'nsf' 
            AND a.AwardInstrument_Value IN ('standard grant', 'continuing grant')
            AND c.lastname != 'data not available'
            AND CAST(SUBSTR(a.Award_AwardEffectiveDate, 7, 4) AS INT) >= 1980
            AND CAST(SUBSTR(a.Award_AwardEffectiveDate, 7, 4) AS INT) <= 2020
            AND b.institution != "travel award"
         


    SELECT f.AuthorId
        , f.year
        , f.YearLastPub
        , f.firstname
        , f.lastname
        , CASE TRIM(SUBSTR(f.middle_lastname, 1, f.l_fullname - f.l_firstname - f.l_lastname - 1)) 
            WHEN 
                "" THEN NULL 
                ELSE TRIM(SUBSTR(f.middle_lastname, 1, f.l_fullname - f.l_firstname - f.l_lastname - 1)) 
            END as middlename 
            -- ## NOTE this gives "" for middlename when it is missing 
        , f.fieldofstudy
        , g.keywords
        , g.coauthors
        , g.institution
        , g.main_us_institutions_year
         
        , f.year || ";" || f.YearLastPub AS year_range 
        , g.all_us_institutions_year
    
    FROM (
        SELECT a.AuthorId
            , a.YearFirstPub AS year
            , a.YearLastPub 
            , a.FirstName AS firstname
            , REPLACE(b.NormalizedName, RTRIM(b.NormalizedName, REPLACE(b.NormalizedName, " ", "")), "") AS lastname 
                    -- https://stackoverflow.com/questions/21388820/how-to-get-the-last-index-of-a-substring-in-sqlite
            , TRIM(SUBSTR(b.NormalizedName, length(a.FirstName) + 1)) AS middle_lastname 
                    -- this gives all except the first name 
            , length(b.NormalizedName) as l_fullname 
            , length(a.FirstName) as l_firstname
            , length(REPLACE(b.NormalizedName, RTRIM(b.NormalizedName, REPLACE(b.NormalizedName, " ", "")), "")) as l_lastname
            , e.NormalizedName AS fieldofstudy
        FROM author_sample AS a
        INNER JOIN (
            SELECT AuthorId, NormalizedName
            FROM Authors
        ) AS b USING(AuthorId)
        INNER JOIN (
            SELECT AuthorId
            FROM author_field0
            WHERE FieldOfStudyId_lvl0 IN (?)
                AND Degree <= 0
        ) USING(AuthorId)
        LEFT JOIN (
            SELECT AuthorId, NormalizedName
            FROM author_fields c
            INNER JOIN (
                SELECT FieldOfStudyId, NormalizedName
                FROM FieldsOfStudy
            ) AS d USING(FieldOfStudyId)
            -- ## Condition on fieldofstudy being in the level 0 id_field
            INNER JOIN (
                SELECT ParentFieldOfStudyId, ChildFieldOfStudyId
                FROM crosswalk_fields
                WHERE ParentLevel = 0
                    AND ParentFieldOfStudyId IN (?)
            ) AS e ON (e.ChildFieldOfStudyId = c.FieldOfStudyId)
            WHERE FieldClass = 'first'
        ) AS e USING(AuthorId)
    ) f
    LEFT JOIN (
        SELECT AuthorId
                , main_us_institutions_career as institution
                , coauthors
                , keywords
                , main_us_institutions_year
                , all_us_institutions_year
        FROM author_info_linking
    ) AS g USING(AuthorId)
    
    WHERE f.YearLastPub  >= 1980 - 5 AND year <= 2020 + 5 AND institution is not NULL
     

Time elapsed: 403.0405371785164 minutes 

Starting active labeling...
firstname : jay
lastname : pulliam
middlename : None
year_range : (1992,)
main_us_institutions_year : ((1992, 'university of california berkeley'),)
all_us_institutions_year : ((1992, 'university of california berkeley'),)

firstname : jay
lastname : shanken
middlename : None
year_range : (1982, 2020)
main_us_institutions_year : ((1985, 'university of california berkeley'), (1987, 'university of rochester'), (1990, 'university of rochester'), (1992, 'university of rochester'), (1993, 'university of rochester'), (1994, 'university of rochester'), (1995, 'university of rochester'), (1997, 'university of rochester'), (2002, 'university of rochester'), (2003, 'emory university'), (2005, 'emory university'), (2006, 'emory university'), (2007, 'emory university'), (2010, 'emory university'), (2012, 'emory university'), (2018, 'emory university'), (2020, 'national bureau of economic research'))
all_us_institutions_year : ((1985, 'university of california berkeley'), (1987, 'university of rochester'), (1990, 'university of rochester'), (1992, 'university of rochester'), (1993, 'university of rochester'), (1994, 'university of rochester'), (1995, 'emory university'), (1995, 'national bureau of economic research'), (1995, 'university of rochester'), (1997, 'university of rochester'), (1998, 'emory university'), (1998, 'national bureau of economic research'), (1999, 'emory university'), (1999, 'national bureau of economic research'), (2000, 'emory university'), (2000, 'national bureau of economic research'), (2001, 'emory university'), (2001, 'national bureau of economic research'), (2002, 'emory university'), (2002, 'national bureau of economic research'), (2002, 'university of rochester'), (2003, 'emory university'), (2004, 'emory university'), (2004, 'national bureau of economic research'), (2005, 'emory university'), (2006, 'emory university'), (2006, 'national bureau of economic research'), (2007, 'emory university'), (2008, 'emory university'), (2008, 'national bureau of economic research'), (2010, 'emory university'), (2012, 'emory university'), (2012, 'national bureau of economic research'), (2013, 'emory university'), (2013, 'national bureau of economic research'), (2015, 'emory university'), (2017, 'emory university'), (2017, 'national bureau of economic research'), (2018, 'emory university'), (2019, 'emory university'), (2019, 'national bureau of economic research'), (2020, 'national bureau of economic research'))

0/10 positive, 0/10 negative
Do these records refer to the same thing?
(y)es / (n)o / (u)nsure / (f)inished
firstname : stephen
lastname : marshak
middlename : None
year_range : (2011,)
main_us_institutions_year : ((2011, 'university of illinois at urbana champaign'),)
all_us_institutions_year : ((2011, 'university of illinois at urbana champaign'),)

firstname : stephen
lastname : nesbitt
middlename : w
year_range : (2000, 2021)
main_us_institutions_year : ((2000, 'texas a m university'), (2000, 'university of utah'), (2002, 'university of utah'), (2003, 'university of utah'), (2004, 'university of utah'), (2005, 'colorado state university'), (2006, 'colorado state university'), (2007, 'colorado state university'), (2008, 'university of illinois at urbana champaign'), (2009, 'university of illinois at urbana champaign'), (2010, 'university of illinois at urbana champaign'), (2011, 'university of illinois at urbana champaign'), (2012, 'university of illinois at urbana champaign'), (2013, 'university of illinois at urbana champaign'), (2014, 'university of illinois at urbana champaign'), (2015, 'university of illinois at urbana champaign'), (2016, 'university of illinois at urbana champaign'), (2017, 'university of illinois at urbana champaign'), (2018, 'university of illinois at urbana champaign'), (2019, 'university of illinois at urbana champaign'), (2020, 'university of illinois at urbana champaign'), (2021, 'university of illinois at urbana champaign'))
all_us_institutions_year : ((2000, 'texas a m university'), (2000, 'university of utah'), (2002, 'university of alabama in huntsville'), (2002, 'university of utah'), (2003, 'university of utah'), (2004, 'university of utah'), (2005, 'colorado state university'), (2006, 'colorado state university'), (2007, 'colorado state university'), (2007, 'university of illinois at urbana champaign'), (2008, 'university of illinois at urbana champaign'), (2009, 'university of illinois at urbana champaign'), (2010, 'university of illinois at urbana champaign'), (2011, 'university of illinois at urbana champaign'), (2012, 'university of illinois at urbana champaign'), (2013, 'university of illinois at urbana champaign'), (2014, 'university of illinois at urbana champaign'), (2015, 'university of illinois at urbana champaign'), (2016, 'university of illinois at urbana champaign'), (2017, 'university of illinois at urbana champaign'), (2018, 'university of illinois at urbana champaign'), (2019, 'university of illinois at urbana champaign'), (2020, 'university of illinois at urbana champaign'), (2021, 'university of illinois at urbana champaign'))

0/10 positive, 1/10 negative
Do these records refer to the same thing?
(y)es / (n)o / (u)nsure / (f)inished / (p)revious
firstname : vijay
lastname : gupta
middlename : None
year_range : (2017,)
main_us_institutions_year : ((2017, 'university of california los angeles'),)
all_us_institutions_year : ((2017, 'university of california los angeles'),)

firstname : vijay
lastname : gupta
middlename : None
year_range : (1989, 2021)
main_us_institutions_year : ((1989, 'massachusetts institute of technology'), (1990, 'massachusetts institute of technology'), (1992, 'massachusetts institute of technology'), (1993, 'dartmouth college'), (1994, 'dartmouth college'), (1995, 'dartmouth college'), (1996, 'dartmouth college'), (1997, 'university of california los angeles'), (1998, 'university of california los angeles'), (2000, 'university of california los angeles'), (2001, 'university of california los angeles'), (2002, 'university of california los angeles'), (2003, 'university of california los angeles'), (2004, 'university of california los angeles'), (2005, 'university of california los angeles'), (2006, 'university of california los angeles'), (2007, 'university of california los angeles'), (2008, 'university of california los angeles'), (2009, 'university of california los angeles'), (2010, 'university of california los angeles'), (2011, 'university of california los angeles'), (2012, 'university of california los angeles'), (2013, 'university of california los angeles'), (2014, 'university of california'), (2014, 'university of california los angeles'), (2017, 'university of california los angeles'), (2018, 'university of california los angeles'), (2019, 'university of california los angeles'), (2020, 'university of california los angeles'), (2021, 'university of california los angeles'))
all_us_institutions_year : ((1989, 'massachusetts institute of technology'), (1990, 'massachusetts institute of technology'), (1991, 'massachusetts institute of technology'), (1992, 'massachusetts institute of technology'), (1993, 'dartmouth college'), (1994, 'dartmouth college'), (1995, 'dartmouth college'), (1996, 'dartmouth college'), (1997, 'massachusetts institute of technology'), (1997, 'university of california los angeles'), (1998, 'university of california los angeles'), (2000, 'university of california los angeles'), (2001, 'university of california los angeles'), (2002, 'university of california los angeles'), (2003, 'massachusetts institute of technology'), (2003, 'university of california los angeles'), (2004, 'university of california los angeles'), (2005, 'university of california los angeles'), (2006, 'university of california'), (2006, 'university of california los angeles'), (2007, 'university of california'), (2007, 'university of california los angeles'), (2008, 'university of california los angeles'), (2009, 'university of california los angeles'), (2010, 'university of california los angeles'), (2011, 'university of california'), (2011, 'university of california los angeles'), (2012, 'university of california los angeles'), (2013, 'university of california los angeles'), (2014, 'university of california'), (2014, 'university of california los angeles'), (2016, 'university of california los angeles'), (2017, 'university of california los angeles'), (2018, 'university of california los angeles'), (2019, 'university of california los angeles'), (2020, 'university of california los angeles'), (2021, 'university of california los angeles'))

0/10 positive, 2/10 negative
Do these records refer to the same thing?
(y)es / (n)o / (u)nsure / (f)inished / (p)revious
firstname : eric
lastname : sobie
middlename : None
year_range : (2016,)
main_us_institutions_year : ((2016, 'icahn school of medicine at mount sinai'),)
all_us_institutions_year : ((2016, 'icahn school of medicine at mount sinai'),)

firstname : eric
lastname : sobie
middlename : None
year_range : (2016, 2019)
main_us_institutions_year : ((2016, 'mount sinai hospital'), (2019, 'icahn school of medicine at mount sinai'), (2019, 'mount sinai hospital'))
all_us_institutions_year : ((2016, 'mount sinai hospital'), (2017, 'mount sinai hospital'), (2018, 'mount sinai hospital'), (2019, 'icahn school of medicine at mount sinai'), (2019, 'mount sinai hospital'))

1/10 positive, 2/10 negative
Do these records refer to the same thing?
(y)es / (n)o / (u)nsure / (f)inished / (p)revious
firstname : xiulin
lastname : ruan
middlename : None
year_range : (2020,)
main_us_institutions_year : ((2020, 'purdue university'),)
all_us_institutions_year : ((2020, 'purdue university'),)

firstname : xiulin
lastname : ruan
middlename : None
year_range : (2002, 2021)
main_us_institutions_year : ((2004, 'university of michigan'), (2005, 'university of michigan'), (2006, 'university of michigan'), (2007, 'university of michigan'), (2008, 'purdue university'), (2009, 'purdue university'), (2010, 'purdue university'), (2011, 'purdue university'), (2012, 'purdue university'), (2013, 'purdue university'), (2014, 'purdue university'), (2015, 'purdue university'), (2016, 'purdue university'), (2017, 'purdue university'), (2018, 'purdue university'), (2019, 'purdue university'), (2020, 'purdue university'), (2021, 'purdue university'))
all_us_institutions_year : ((2003, 'university of michigan'), (2004, 'university of michigan'), (2005, 'university of michigan'), (2006, 'university of michigan'), (2007, 'purdue university'), (2007, 'university of michigan'), (2008, 'purdue university'), (2009, 'purdue university'), (2010, 'purdue university'), (2011, 'purdue university'), (2012, 'purdue university'), (2013, 'purdue university'), (2014, 'purdue university'), (2015, 'purdue university'), (2016, 'purdue university'), (2017, 'purdue university'), (2018, 'purdue university'), (2019, 'purdue university'), (2020, 'purdue university'), (2021, 'purdue university'))

2/10 positive, 2/10 negative
Do these records refer to the same thing?
(y)es / (n)o / (u)nsure / (f)inished / (p)revious
firstname : benjamin
lastname : lev
middlename : None
year_range : (2011,)
main_us_institutions_year : ((2011, 'stanford university'),)
all_us_institutions_year : ((2011, 'stanford university'),)

firstname : benjamin
lastname : lev
middlename : None
year_range : (1972, 2021)
main_us_institutions_year : ((1976, 'temple university'), (1977, 'temple university'), (1978, 'temple university'), (1979, 'temple university'), (1980, 'temple university'), (1981, 'temple university'), (1990, 'worcester polytechnic institute'), (1998, 'princeton university'), (2001, 'california institute of technology'), (2002, 'university of michigan'), (2003, 'california institute of technology'), (2004, 'california institute of technology'), (2006, 'national institute of standards and technology'), (2006, 'university of michigan'), (2006, 'california institute of technology'), (2007, 'national institute of standards and technology'), (2007, 'university of michigan'), (2008, 'national institute of standards and technology'), (2009, 'university of illinois at urbana champaign'), (2009, 'university of michigan'), (2010, 'university of illinois at urbana champaign'), (2011, 'university of illinois at urbana champaign'), (2012, 'stanford university'), (2013, 'drexel university'), (2014, 'drexel university'), (2015, 'drexel university'), (2016, 'stanford university'), (2017, 'drexel university'), (2018, 'drexel university'), (2019, 'drexel university'), (2020, 'drexel university'), (2021, 'drexel university'))
all_us_institutions_year : ((1976, 'temple university'), (1977, 'temple university'), (1978, 'temple university'), (1979, 'temple university'), (1980, 'temple university'), (1981, 'temple university'), (1990, 'worcester polytechnic institute'), (1998, 'princeton university'), (2001, 'california institute of technology'), (2002, 'university of michigan'), (2003, 'california institute of technology'), (2004, 'california institute of technology'), (2004, 'university of michigan'), (2006, 'california institute of technology'), (2006, 'national institute of standards and technology'), (2006, 'university of michigan'), (2007, 'national institute of standards and technology'), (2007, 'university of colorado boulder'), (2007, 'university of michigan'), (2008, 'national institute of standards and technology'), (2008, 'university of illinois at urbana champaign'), (2009, 'national institute of standards and technology'), (2009, 'university of colorado boulder'), (2009, 'university of illinois at urbana champaign'), (2009, 'university of michigan'), (2010, 'drexel university'), (2010, 'university of illinois at urbana champaign'), (2011, 'drexel university'), (2011, 'stanford university'), (2011, 'university of illinois at urbana champaign'), (2012, 'stanford university'), (2013, 'drexel university'), (2013, 'stanford university'), (2014, 'drexel university'), (2014, 'stanford university'), (2015, 'drexel university'), (2015, 'stanford university'), (2016, 'drexel university'), (2016, 'stanford university'), (2017, 'drexel university'), (2017, 'stanford university'), (2018, 'drexel university'), (2018, 'stanford university'), (2019, 'drexel university'), (2019, 'stanford university'), (2020, 'drexel university'), (2020, 'stanford university'), (2021, 'drexel university'), (2021, 'stanford university'))

3/10 positive, 2/10 negative
Do these records refer to the same thing?
(y)es / (n)o / (u)nsure / (f)inished / (p)revious
firstname : jonathan
lastname : gratch
middlename : None
year_range : (2007,)
main_us_institutions_year : ((2007, 'university of southern california'),)
all_us_institutions_year : ((2007, 'university of southern california'),)

firstname : jonathan
lastname : gratch
middlename : None
year_range : (1991, 2021)
main_us_institutions_year : ((1991, 'university of illinois at urbana champaign'), (1992, 'university of illinois at urbana champaign'), (1993, 'university of illinois at urbana champaign'), (1994, 'university of illinois at urbana champaign'), (1996, 'university of southern california'), (1997, 'university of southern california'), (2000, 'university of southern california'), (2001, 'university of southern california'), (2002, 'university of southern california'), (2003, 'university of southern california'), (2004, 'university of southern california'), (2005, 'university of southern california'), (2006, 'university of southern california'), (2007, 'university of southern california'), (2008, 'university of southern california'), (2009, 'university of southern california'), (2010, 'university of southern california'), (2011, 'university of southern california'), (2012, 'university of southern california'), (2013, 'university of southern california'), (2014, 'university of southern california'), (2015, 'university of southern california'), (2016, 'university of southern california'), (2017, 'university of southern california'), (2018, 'institute for creative technologies'), (2019, 'university of southern california'), (2020, 'institute for creative technologies'), (2020, 'university of southern california'), (2021, 'institute for creative technologies'))
all_us_institutions_year : ((1991, 'university of illinois at urbana champaign'), (1992, 'university of illinois at urbana champaign'), (1993, 'university of illinois at urbana champaign'), (1994, 'university of illinois at urbana champaign'), (1996, 'university of southern california'), (1997, 'university of southern california'), (1999, 'information sciences institute'), (2000, 'information sciences institute'), (2000, 'university of southern california'), (2001, 'information sciences institute'), (2001, 'university of southern california'), (2002, 'information sciences institute'), (2002, 'university of southern california'), (2003, 'information sciences institute'), (2003, 'institute for creative technologies'), (2003, 'university of southern california'), (2004, 'institute for creative technologies'), (2004, 'university of southern california'), (2005, 'university of southern california'), (2006, 'university of southern california'), (2007, 'information sciences institute'), (2007, 'university of southern california'), (2008, 'institute for creative technologies'), (2008, 'national academies'), (2008, 'university of southern california'), (2009, 'university of southern california'), (2010, 'institute for creative technologies'), (2010, 'university of southern california'), (2011, 'americorps vista'), (2011, 'institute for creative technologies'), (2011, 'university of southern california'), (2012, 'americorps vista'), (2012, 'university of southern california'), (2013, 'university of southern california'), (2014, 'university of southern california'), (2015, 'institute for creative technologies'), (2015, 'university of southern california'), (2016, 'institute for creative technologies'), (2016, 'university of southern california'), (2017, 'institute for creative technologies'), (2017, 'university of southern california'), (2018, 'institute for creative technologies'), (2018, 'university of southern california'), (2019, 'institute for creative technologies'), (2019, 'university of southern california'), (2020, 'information sciences institute'), (2020, 'institute for creative technologies'), (2020, 'university of southern california'), (2021, 'information sciences institute'), (2021, 'institute for creative technologies'), (2021, 'university of southern california'))

4/10 positive, 2/10 negative
Do these records refer to the same thing?
(y)es / (n)o / (u)nsure / (f)inished / (p)revious
firstname : tiffany
lastname : barnes
middlename : m
year_range : (2008,)
main_us_institutions_year : ((2008, 'university of north carolina at charlotte'),)
all_us_institutions_year : ((2008, 'university of north carolina at charlotte'),)

firstname : tiffany
lastname : barnes
middlename : None
year_range : (1995, 2021)
main_us_institutions_year : ((1997, 'north carolina state university'), (2005, 'university of north carolina at charlotte'), (2006, 'university of north carolina at charlotte'), (2007, 'university of north carolina at charlotte'), (2008, 'university of north carolina at charlotte'), (2009, 'university of north carolina at charlotte'), (2010, 'university of north carolina at charlotte'), (2011, 'university of north carolina at charlotte'), (2012, 'university of north carolina at charlotte'), (2013, 'north carolina state university'), (2014, 'north carolina state university'), (2015, 'north carolina state university'), (2016, 'north carolina state university'), (2017, 'north carolina state university'), (2018, 'north carolina state university'), (2019, 'north carolina state university'), (2020, 'north carolina state university'), (2021, 'north carolina state university'))
all_us_institutions_year : ((1997, 'north carolina state university'), (2001, 'north carolina state university'), (2002, 'north carolina state university'), (2005, 'university of north carolina at charlotte'), (2006, 'university of north carolina at charlotte'), (2007, 'university of north carolina at charlotte'), (2008, 'university of north carolina at charlotte'), (2009, 'university of north carolina at charlotte'), (2010, 'university of north carolina at charlotte'), (2011, 'university of north carolina at charlotte'), (2012, 'north carolina state university'), (2012, 'university of north carolina at charlotte'), (2013, 'north carolina state university'), (2013, 'university of north carolina at charlotte'), (2014, 'north carolina state university'), (2015, 'north carolina state university'), (2016, 'north carolina state university'), (2017, 'north carolina state university'), (2018, 'north carolina state university'), (2019, 'north carolina state university'), (2020, 'north carolina state university'), (2021, 'north carolina state university'))

5/10 positive, 2/10 negative
Do these records refer to the same thing?
(y)es / (n)o / (u)nsure / (f)inished / (p)revious
firstname : loukas
lastname : lazos
middlename : None
year_range : (2011,)
main_us_institutions_year : ((2011, 'university of arizona'),)
all_us_institutions_year : ((2011, 'university of arizona'),)

firstname : loukas
lastname : lazos
middlename : None
year_range : (2003, 2020)
main_us_institutions_year : ((2003, 'university of washington'), (2004, 'university of washington'), (2005, 'university of washington'), (2006, 'university of washington'), (2007, 'university of washington'), (2008, 'university of arizona'), (2009, 'university of arizona'), (2010, 'university of arizona'), (2011, 'university of arizona'), (2012, 'university of arizona'), (2013, 'university of arizona'), (2014, 'university of arizona'), (2015, 'university of arizona'), (2016, 'university of arizona'), (2017, 'university of arizona'), (2018, 'university of arizona'), (2019, 'university of arizona'), (2020, 'university of arizona'))
all_us_institutions_year : ((2003, 'university of washington'), (2004, 'university of washington'), (2005, 'university of washington'), (2006, 'university of washington'), (2007, 'university of washington'), (2008, 'university of arizona'), (2009, 'university of arizona'), (2010, 'university of arizona'), (2011, 'university of arizona'), (2012, 'university of arizona'), (2013, 'university of arizona'), (2014, 'university of arizona'), (2015, 'university of arizona'), (2016, 'university of arizona'), (2017, 'university of arizona'), (2018, 'university of arizona'), (2019, 'university of arizona'), (2020, 'university of arizona'))

6/10 positive, 2/10 negative
Do these records refer to the same thing?
(y)es / (n)o / (u)nsure / (f)inished / (p)revious
firstname : shilad
lastname : sen
middlename : w
year_range : (2015,)
main_us_institutions_year : ((2015, 'macalester college'),)
all_us_institutions_year : ((2015, 'macalester college'),)

firstname : shilad
lastname : sen
middlename : None
year_range : (2006, 2020)
main_us_institutions_year : ((2006, 'university of minnesota'), (2007, 'university of minnesota'), (2008, 'university of minnesota'), (2009, 'university of minnesota'), (2010, 'macalester college'), (2011, 'macalester college'), (2012, 'macalester college'), (2013, 'macalester college'), (2014, 'macalester college'), (2015, 'macalester college'), (2016, 'macalester college'), (2017, 'macalester college'), (2018, 'macalester college'), (2019, 'macalester college'), (2020, 'macalester college'))
all_us_institutions_year : ((2006, 'ibm'), (2006, 'university of minnesota'), (2007, 'ibm'), (2007, 'university of minnesota'), (2008, 'university of minnesota'), (2009, 'macalester college'), (2009, 'university of minnesota'), (2010, 'macalester college'), (2011, 'macalester college'), (2012, 'macalester college'), (2012, 'university of minnesota'), (2013, 'macalester college'), (2014, 'macalester college'), (2015, 'macalester college'), (2016, 'macalester college'), (2017, 'macalester college'), (2018, 'macalester college'), (2019, 'macalester college'), (2020, 'macalester college'))

7/10 positive, 2/10 negative
Do these records refer to the same thing?
(y)es / (n)o / (u)nsure / (f)inished / (p)revious
firstname : qi
lastname : chen
middlename : None
year_range : (2019,)
main_us_institutions_year : ((2019, 'university of california irvine'),)
all_us_institutions_year : ((2019, 'university of california irvine'),)

firstname : qi
lastname : cheng
middlename : None
year_range : (1997, 2019)
main_us_institutions_year : ((2000, 'university of california riverside'), (2000, 'university of southern california'), (2001, 'university of southern california'), (2002, 'university of oklahoma'), (2003, 'university of oklahoma'), (2004, 'university of oklahoma'), (2005, 'university of oklahoma'), (2006, 'university of oklahoma'), (2007, 'university of oklahoma'), (2008, 'university of oklahoma'), (2009, 'university of oklahoma'), (2010, 'university of oklahoma'), (2011, 'university of oklahoma'), (2012, 'university of oklahoma'), (2013, 'university of oklahoma'), (2014, 'university of oklahoma'), (2015, 'university of oklahoma'), (2016, 'university of oklahoma'), (2017, 'university of oklahoma'), (2018, 'university of oklahoma'), (2019, 'university of oklahoma'))
all_us_institutions_year : ((2000, 'university of california riverside'), (2000, 'university of southern california'), (2001, 'university of southern california'), (2002, 'university of oklahoma'), (2002, 'university of southern california'), (2003, 'university of oklahoma'), (2004, 'university of oklahoma'), (2005, 'university of oklahoma'), (2006, 'university of oklahoma'), (2007, 'university of oklahoma'), (2008, 'university of oklahoma'), (2009, 'university of oklahoma'), (2010, 'university of oklahoma'), (2011, 'university of oklahoma'), (2012, 'university of oklahoma'), (2013, 'university of oklahoma'), (2014, 'university of oklahoma'), (2015, 'university of oklahoma'), (2016, 'university of oklahoma'), (2017, 'university of oklahoma'), (2018, 'university of oklahoma'), (2019, 'university of oklahoma'))

8/10 positive, 2/10 negative
Do these records refer to the same thing?
(y)es / (n)o / (u)nsure / (f)inished / (p)revious
firstname : heiko
lastname : jacobs
middlename : o
year_range : (2006,)
main_us_institutions_year : ((2006, 'university of minnesota twin cities'),)
all_us_institutions_year : ((2006, 'university of minnesota twin cities'),)

firstname : heiko
lastname : jacobsen
middlename : None
year_range : (1992, 2021)
main_us_institutions_year : ((1997, 'university of texas at austin'), (2005, 'tulane university'), (2006, 'tulane university'), (2007, 'tulane university'), (2008, 'tulane university'), (2010, 'tulane university'), (2016, 'tulane university'))
all_us_institutions_year : ((1997, 'university of texas at austin'), (2005, 'tulane university'), (2006, 'tulane university'), (2007, 'tulane university'), (2008, 'tulane university'), (2010, 'tulane university'), (2016, 'tulane university'))

8/10 positive, 3/10 negative
Do these records refer to the same thing?
(y)es / (n)o / (u)nsure / (f)inished / (p)revious
firstname : anne
lastname : mcneil
middlename : j
year_range : (2016,)
main_us_institutions_year : ((2016, 'regents of the university of michigan ann arbor'),)
all_us_institutions_year : ((2016, 'regents of the university of michigan ann arbor'),)

firstname : ann
lastname : mcneill
middlename : None
year_range : (1986, 2021)
main_us_institutions_year : None
all_us_institutions_year : ((2014, 'king university'),)

8/10 positive, 4/10 negative
Do these records refer to the same thing?
(y)es / (n)o / (u)nsure / (f)inished / (p)revious
firstname : robert
lastname : park
middlename : l
year_range : (1982,)
main_us_institutions_year : ((1982, 'university of maryland college park'),)
all_us_institutions_year : ((1982, 'university of maryland college park'),)

firstname : robert
lastname : parker
middlename : l
year_range : (1937, 2018)
main_us_institutions_year : ((1967, 'university of california san diego'), (1971, 'university of california san diego'), (1971, 'scripps institution of oceanography'), (1972, 'university of california los angeles'), (1973, 'university of california san diego'), (1974, 'university of california san diego'), (1975, 'university of california san diego'), (1976, 'university of california san diego'), (1977, 'university of california san diego'), (1978, 'university of california san diego'), (1978, 'scripps institution of oceanography'), (1979, 'university of california san diego'), (1981, 'university of california san diego'), (1982, 'university of california san diego'), (1985, 'university of california san diego'), (1985, 'scripps institution of oceanography'), (1986, 'university of california san diego'), (1987, 'university of california san diego'), (1987, 'scripps research institute'), (1988, 'university of california san diego'), (1989, 'university of california san diego'), (1989, 'scripps institution of oceanography'), (1991, 'scripps institution of oceanography'), (1991, 'scripps research institute'), (1992, 'university of california los angeles'), (1993, 'scripps institution of oceanography'), (1994, 'scripps institution of oceanography'), (1995, 'scripps institution of oceanography'), (1996, 'scripps institution of oceanography'), (1997, 'scripps institution of oceanography'), (1998, 'university of california san diego'), (2000, 'university of california san diego'), (2000, 'scripps institution of oceanography'), (2001, 'scripps institution of oceanography'), (2001, 'university of california los angeles'), (2002, 'university of california san diego'), (2003, 'university of california san diego'), (2004, 'university of california san diego'), (2004, 'scripps institution of oceanography'), (2005, 'university of california san diego'), (2006, 'university of california san diego'), (2007, 'university of california san diego'), (2009, 'university of california san diego'), (2010, 'university of california san diego'), (2011, 'university of california san diego'), (2011, 'scripps institution of oceanography'), (2012, 'university of california san diego'), (2012, 'scripps institution of oceanography'), (2013, 'university of california san diego'), (2014, 'university of california san diego'), (2018, 'university of california san diego'), (2018, 'university of california los angeles'))
all_us_institutions_year : ((1967, 'university of california san diego'), (1969, 'university of california san diego'), (1971, 'scripps institution of oceanography'), (1971, 'university of california san diego'), (1972, 'university of california los angeles'), (1973, 'university of california san diego'), (1974, 'university of california san diego'), (1975, 'university of california san diego'), (1976, 'university of california san diego'), (1977, 'university of california san diego'), (1978, 'scripps institution of oceanography'), (1978, 'university of california san diego'), (1979, 'scripps health'), (1979, 'university of california san diego'), (1981, 'university of california san diego'), (1982, 'university of california san diego'), (1983, 'university of california san diego'), (1985, 'scripps institution of oceanography'), (1985, 'university of california san diego'), (1986, 'university of california san diego'), (1987, 'scripps research institute'), (1987, 'university of california san diego'), (1988, 'scripps institution of oceanography'), (1988, 'university of california san diego'), (1989, 'scripps institution of oceanography'), (1989, 'university of california san diego'), (1991, 'scripps institution of oceanography'), (1991, 'scripps research institute'), (1992, 'university of california los angeles'), (1993, 'scripps institution of oceanography'), (1994, 'scripps institution of oceanography'), (1995, 'scripps institution of oceanography'), (1996, 'scripps institution of oceanography'), (1997, 'scripps institution of oceanography'), (1998, 'university of california san diego'), (2000, 'scripps institution of oceanography'), (2000, 'university of california san diego'), (2001, 'scripps institution of oceanography'), (2001, 'university of california los angeles'), (2002, 'scripps institution of oceanography'), (2002, 'university of california san diego'), (2003, 'university of california san diego'), (2004, 'scripps institution of oceanography'), (2004, 'university of california san diego'), (2005, 'university of california san diego'), (2006, 'university of california san diego'), (2007, 'scripps institution of oceanography'), (2007, 'university of california san diego'), (2009, 'university of california san diego'), (2010, 'university of california san diego'), (2011, 'scripps institution of oceanography'), (2011, 'university of california san diego'), (2012, 'scripps institution of oceanography'), (2012, 'university of california san diego'), (2013, 'university of california san diego'), (2014, 'university of california san diego'), (2018, 'university of california los angeles'), (2018, 'university of california san diego'))

8/10 positive, 5/10 negative
Do these records refer to the same thing?
(y)es / (n)o / (u)nsure / (f)inished / (p)revious
firstname : michael
lastname : rose
middlename : r
year_range : (2013,)
main_us_institutions_year : ((2013, 'university of california irvine'),)
all_us_institutions_year : ((2013, 'university of california irvine'),)

firstname : michal
lastname : rosenzvi
middlename : None
year_range : (1998, 2021)
main_us_institutions_year : ((2004, 'university of california irvine'), (2008, 'ibm'), (2010, 'ibm'), (2011, 'ibm'), (2012, 'ibm'), (2014, 'ibm'), (2015, 'ibm'), (2016, 'ibm'), (2017, 'ibm'), (2021, 'ibm'))
all_us_institutions_year : ((2004, 'university of california irvine'), (2007, 'ibm'), (2008, 'ibm'), (2010, 'ibm'), (2011, 'ibm'), (2011, 'mount carmel health'), (2012, 'ibm'), (2012, 'university of california irvine'), (2013, 'ibm'), (2014, 'ibm'), (2015, 'ibm'), (2016, 'ibm'), (2017, 'ibm'), (2020, 'ibm'), (2021, 'ibm'), (2021, 'mount carmel health'))

8/10 positive, 6/10 negative
Do these records refer to the same thing?
(y)es / (n)o / (u)nsure / (f)inished / (p)revious
firstname : xin
lastname : li
middlename : None
year_range : (2008,)
main_us_institutions_year : ((2008, 'carnegie mellon university'),)
all_us_institutions_year : ((2008, 'carnegie mellon university'),)

firstname : xin
lastname : lin
middlename : None
year_range : (2010, 2021)
main_us_institutions_year : ((2013, 'chinese academy of sciences'), (2014, 'chinese academy of sciences'), (2017, 'chinese academy of sciences'), (2018, 'chinese academy of sciences'), (2020, 'chinese academy of sciences'), (2021, 'chinese academy of sciences'))
all_us_institutions_year : ((2013, 'chinese academy of sciences'), (2014, 'chinese academy of sciences'), (2016, 'chinese academy of sciences'), (2017, 'chinese academy of sciences'), (2018, 'chinese academy of sciences'), (2020, 'chinese academy of sciences'), (2021, 'chinese academy of sciences'))

8/10 positive, 7/10 negative
Do these records refer to the same thing?
(y)es / (n)o / (u)nsure / (f)inished / (p)revious
firstname : arvind
lastname : krishnamurthy
middlename : None
year_range : (2017,)
main_us_institutions_year : ((2017, 'university of washington'),)
all_us_institutions_year : ((2017, 'university of washington'),)

firstname : arvind
lastname : krishna
middlename : s
year_range : (2002, 2008)
main_us_institutions_year : ((2002, 'university of california'), (2003, 'vanderbilt university'), (2003, 'university of california irvine'), (2004, 'vanderbilt university'), (2005, 'vanderbilt university'), (2006, 'vanderbilt university'), (2007, 'vanderbilt university'), (2008, 'vanderbilt university'))
all_us_institutions_year : ((2002, 'university of california'), (2003, 'university of california irvine'), (2003, 'vanderbilt university'), (2004, 'vanderbilt university'), (2005, 'vanderbilt university'), (2006, 'vanderbilt university'), (2007, 'vanderbilt university'), (2008, 'vanderbilt university'))

8/10 positive, 8/10 negative
Do these records refer to the same thing?
(y)es / (n)o / (u)nsure / (f)inished / (p)revious
firstname : jongyoon
lastname : han
middlename : None
year_range : (2009,)
main_us_institutions_year : ((2009, 'massachusetts institute of technology'),)
all_us_institutions_year : ((2009, 'massachusetts institute of technology'),)

firstname : j
lastname : han
middlename : None
year_range : (1988, 1989)
main_us_institutions_year : ((1988, 'oak ridge national laboratory'), (1989, 'oak ridge national laboratory'))
all_us_institutions_year : ((1988, 'oak ridge national laboratory'), (1989, 'oak ridge national laboratory'))

8/10 positive, 9/10 negative
Do these records refer to the same thing?
(y)es / (n)o / (u)nsure / (f)inished / (p)revious
firstname : john
lastname : carney
middlename : None
year_range : (2016,)
main_us_institutions_year : ((2016, 'carney labs llc'),)
all_us_institutions_year : ((2016, 'carney labs llc'),)

firstname : john
lastname : carney
middlename : m
year_range : (1981, 1989)
main_us_institutions_year : ((1981, 'university of oklahoma health sciences center'), (1982, 'university of oklahoma health sciences center'), (1983, 'university of oklahoma health sciences center'), (1984, 'university of oklahoma health sciences center'), (1985, 'university of oklahoma health sciences center'), (1986, 'university of oklahoma health sciences center'), (1987, 'university of oklahoma health sciences center'), (1989, 'university of oklahoma health sciences center'))
all_us_institutions_year : ((1981, 'university of oklahoma health sciences center'), (1982, 'university of oklahoma health sciences center'), (1983, 'university of oklahoma health sciences center'), (1984, 'university of oklahoma health sciences center'), (1985, 'university of oklahoma health sciences center'), (1986, 'university of oklahoma health sciences center'), (1987, 'university of oklahoma health sciences center'), (1989, 'university of oklahoma health sciences center'), (1990, 'oklahoma medical research foundation'), (1993, 'oklahoma medical research foundation'), (1994, 'oklahoma medical research foundation'), (1995, 'oklahoma medical research foundation'))

8/10 positive, 10/10 negative
Do these records refer to the same thing?
(y)es / (n)o / (u)nsure / (f)inished / (p)revious
firstname : stephen
lastname : hill
middlename : o
year_range : (2008,)
main_us_institutions_year : ((2008, 'florida state university'),)
all_us_institutions_year : ((2008, 'florida state university'),)

firstname : stephen
lastname : hill
middlename : None
year_range : (2011, 2020)
main_us_institutions_year : ((2011, 'weber state university'), (2014, 'university of north carolina at wilmington'), (2015, 'university of north carolina at wilmington'), (2016, 'university of north carolina at wilmington'), (2020, 'university of north carolina at wilmington'))
all_us_institutions_year : ((2011, 'weber state university'), (2014, 'university of north carolina at wilmington'), (2015, 'university of north carolina at wilmington'), (2016, 'university of north carolina at wilmington'), (2020, 'university of north carolina at wilmington'))

8/10 positive, 11/10 negative
Do these records refer to the same thing?
(y)es / (n)o / (u)nsure / (f)inished / (p)revious
firstname : m pinar
lastname : menguc
middlename : None
year_range : (2004,)
main_us_institutions_year : ((2004, 'university of kentucky research foundation'),)
all_us_institutions_year : ((2004, 'university of kentucky research foundation'),)

firstname : m
lastname : menguc
middlename : pinar
year_range : (1991, 2021)
main_us_institutions_year : ((1991, 'university of kentucky'), (1996, 'university of kentucky'), (1997, 'university of kentucky'), (1998, 'university of kentucky'), (2002, 'university of kentucky'), (2003, 'university of kentucky'), (2004, 'university of kentucky'), (2005, 'university of kentucky'), (2006, 'university of kentucky'), (2007, 'university of kentucky'), (2008, 'university of kentucky'), (2009, 'university of kentucky'), (2010, 'university of kentucky'), (2013, 'university of kentucky'))
all_us_institutions_year : ((1991, 'university of kentucky'), (1995, 'university of kentucky'), (1996, 'university of kentucky'), (1997, 'university of kentucky'), (1998, 'university of kentucky'), (2001, 'rensselaer polytechnic institute'), (2001, 'university of kentucky'), (2002, 'university of kentucky'), (2003, 'university of kentucky'), (2004, 'university of kentucky'), (2005, 'university of kentucky'), (2006, 'university of kentucky'), (2007, 'university of kentucky'), (2008, 'university of kentucky'), (2009, 'university of kentucky'), (2010, 'university of kentucky'), (2011, 'university of kentucky'), (2013, 'university of kentucky'), (2015, 'university of kentucky'), (2016, 'university of kentucky'), (2020, 'university of kentucky'))

8/10 positive, 12/10 negative
Do these records refer to the same thing?
(y)es / (n)o / (u)nsure / (f)inished / (p)revious
firstname : john
lastname : labrecque
middlename : l
year_range : (1990,)
main_us_institutions_year : ((1990, 'columbia university'),)
all_us_institutions_year : ((1990, 'columbia university'),)

firstname : john
lastname : labrecque
middlename : l
year_range : (2000, 2014)
main_us_institutions_year : ((2000, 'california institute of technology'), (2002, 'california institute of technology'), (2002, 'nasa headquarters'), (2003, 'nasa headquarters'))
all_us_institutions_year : ((2000, 'california institute of technology'), (2002, 'california institute of technology'), (2002, 'nasa headquarters'), (2003, 'nasa headquarters'))

9/10 positive, 12/10 negative
Do these records refer to the same thing?
(y)es / (n)o / (u)nsure / (f)inished / (p)revious
firstname : charles
lastname : martin
middlename : e
year_range : (1985,)
main_us_institutions_year : ((1985, 'rutgers university new brunswick'),)
all_us_institutions_year : ((1985, 'rutgers university new brunswick'),)

firstname : charles
lastname : martin
middlename : e
year_range : (2014, 2020)
main_us_institutions_year : ((2014, 'hrl laboratories'), (2015, 'hrl laboratories'), (2017, 'hrl laboratories'), (2018, 'hrl laboratories'), (2019, 'hrl laboratories'), (2020, 'hrl laboratories'))
all_us_institutions_year : ((2014, 'hrl laboratories'), (2015, 'hrl laboratories'), (2016, 'hrl laboratories'), (2017, 'hrl laboratories'), (2018, 'hrl laboratories'), (2019, 'hrl laboratories'), (2020, 'hrl laboratories'))

9/10 positive, 13/10 negative
Do these records refer to the same thing?
(y)es / (n)o / (u)nsure / (f)inished / (p)revious
firstname : zak
lastname : kassas
middlename : m
year_range : (2018,)
main_us_institutions_year : ((2018, 'university of california irvine'),)
all_us_institutions_year : ((2018, 'university of california irvine'),)

firstname : zaher
lastname : kassas
middlename : m
year_range : (2002, 2021)
main_us_institutions_year : ((2004, 'ohio state university'), (2008, 'university of texas at austin'), (2011, 'university of texas at austin'), (2012, 'university of texas at austin'), (2013, 'university of texas at austin'), (2014, 'university of texas at austin'), (2015, 'university of california riverside'), (2016, 'university of california riverside'), (2017, 'university of california riverside'), (2018, 'university of california riverside'), (2019, 'university of california irvine'), (2020, 'university of california irvine'), (2021, 'university of california irvine'))
all_us_institutions_year : ((2004, 'ohio state university'), (2008, 'university of texas at austin'), (2011, 'university of texas at austin'), (2012, 'university of texas at austin'), (2013, 'university of texas at austin'), (2014, 'university of california riverside'), (2014, 'university of texas at austin'), (2015, 'university of california riverside'), (2016, 'university of california riverside'), (2017, 'university of california riverside'), (2018, 'university of california riverside'), (2019, 'university of california irvine'), (2019, 'university of california riverside'), (2020, 'university of california irvine'), (2021, 'university of california irvine'))

9/10 positive, 14/10 negative
Do these records refer to the same thing?
(y)es / (n)o / (u)nsure / (f)inished / (p)revious
firstname : richard
lastname : salter
middlename : m
year_range : (2009,)
main_us_institutions_year : ((2009, 'oberlin college'),)
all_us_institutions_year : ((2009, 'oberlin college'),)

firstname : richard
lastname : salter
middlename : None
year_range : (1999, 2000)
main_us_institutions_year : ((1999, 'university of maryland college park'), (2000, 'university of maryland college park'))
all_us_institutions_year : ((1999, 'university of maryland college park'), (2000, 'university of maryland college park'))

9/10 positive, 14/10 negative
Do these records refer to the same thing?
(y)es / (n)o / (u)nsure / (f)inished / (p)revious
firstname : yufei
lastname : huang
middlename : None
year_range : (2012,)
main_us_institutions_year : ((2012, 'university of texas at san antonio'),)
all_us_institutions_year : ((2012, 'university of texas at san antonio'),)

firstname : y
lastname : huang
middlename : p
year_range : (1991, 1992)
main_us_institutions_year : ((1991, 'texas tech university'), (1992, 'texas tech university'))
all_us_institutions_year : ((1991, 'texas tech university'), (1992, 'texas tech university'))

9/10 positive, 15/10 negative
Do these records refer to the same thing?
(y)es / (n)o / (u)nsure / (f)inished / (p)revious
firstname : jaeho
lastname : lee
middlename : None
year_range : (2020,)
main_us_institutions_year : ((2020, 'university of california irvine'),)
all_us_institutions_year : ((2020, 'university of california irvine'),)

firstname : j
lastname : lee
middlename : b
year_range : (2004, 2006)
main_us_institutions_year : ((2004, 'university of california berkeley'), (2005, 'university of california berkeley'), (2006, 'university of california berkeley'))
all_us_institutions_year : ((2004, 'university of california berkeley'), (2005, 'university of california berkeley'), (2006, 'university of california berkeley'))

9/10 positive, 16/10 negative
Do these records refer to the same thing?
(y)es / (n)o / (u)nsure / (f)inished / (p)revious
firstname : weishou
lastname : hu
middlename : None
year_range : (1994,)
main_us_institutions_year : ((1994, 'university of minnesota twin cities'),)
all_us_institutions_year : ((1994, 'university of minnesota twin cities'),)

firstname : wei
lastname : hu
middlename : shou
year_range : (1983, 2021)
main_us_institutions_year : ((1983, 'massachusetts institute of technology'), (1984, 'massachusetts institute of technology'), (1985, 'university of minnesota'), (1986, 'university of minnesota'), (1987, 'university of minnesota'), (1988, 'university of minnesota'), (1989, 'university of minnesota'), (1990, 'university of minnesota'), (1991, 'university of minnesota'), (1992, 'university of minnesota'), (1993, 'university of minnesota'), (1994, 'university of minnesota'), (1995, 'university of minnesota'), (1996, 'university of minnesota'), (1997, 'university of minnesota'), (1998, 'university of minnesota'), (1999, 'university of minnesota'), (2000, 'university of minnesota'), (2001, 'university of minnesota'), (2002, 'university of minnesota'), (2003, 'university of minnesota'), (2004, 'university of minnesota'), (2005, 'university of minnesota'), (2006, 'university of minnesota'), (2007, 'university of minnesota'), (2008, 'university of minnesota'), (2009, 'university of minnesota'), (2010, 'university of minnesota'), (2011, 'university of minnesota'), (2012, 'university of minnesota'), (2013, 'university of minnesota'), (2014, 'university of minnesota'), (2015, 'university of minnesota'), (2016, 'university of minnesota'), (2017, 'university of minnesota'), (2018, 'university of minnesota'), (2019, 'university of minnesota'), (2020, 'university of minnesota'), (2021, 'university of minnesota'))
all_us_institutions_year : ((1983, 'massachusetts institute of technology'), (1984, 'massachusetts institute of technology'), (1985, 'university of minnesota'), (1986, 'university of minnesota'), (1987, 'massachusetts institute of technology'), (1987, 'university of minnesota'), (1988, 'university of minnesota'), (1989, 'university of minnesota'), (1990, 'university of minnesota'), (1991, 'university of minnesota'), (1992, 'university of minnesota'), (1993, 'university of maryland college park'), (1993, 'university of minnesota'), (1994, 'university of maryland college park'), (1994, 'university of minnesota'), (1995, 'university of minnesota'), (1996, 'university of minnesota'), (1997, 'university of minnesota'), (1998, 'university of minnesota'), (1999, 'university of minnesota'), (2000, 'university of minnesota'), (2001, 'university of minnesota'), (2002, 'university of minnesota'), (2003, 'university of minnesota'), (2004, 'university of minnesota'), (2005, 'university of minnesota'), (2006, 'university of minnesota'), (2007, 'university of minnesota'), (2008, 'university of minnesota'), (2009, 'university of minnesota'), (2010, 'university of minnesota'), (2011, 'university of minnesota'), (2012, 'university of minnesota'), (2013, 'university of minnesota'), (2014, 'purdue university'), (2014, 'university of minnesota'), (2015, 'university of minnesota'), (2016, 'university of minnesota'), (2017, 'university of minnesota'), (2018, 'university of minnesota'), (2019, 'university of minnesota'), (2020, 'university of minnesota'), (2021, 'university of minnesota'))

9/10 positive, 17/10 negative
Do these records refer to the same thing?
(y)es / (n)o / (u)nsure / (f)inished / (p)revious
firstname : alessandro
lastname : orso
middlename : None
year_range : (2010,)
main_us_institutions_year : ((2010, 'georgia tech research corporation'),)
all_us_institutions_year : ((2010, 'georgia tech research corporation'),)

firstname : alessandro
lastname : orso
middlename : None
year_range : (1995, 2020)
main_us_institutions_year : ((2001, 'georgia institute of technology'), (2002, 'georgia institute of technology'), (2003, 'georgia institute of technology'), (2004, 'georgia institute of technology'), (2005, 'georgia institute of technology'), (2006, 'georgia institute of technology'), (2007, 'georgia institute of technology'), (2008, 'georgia institute of technology'), (2009, 'georgia institute of technology'), (2010, 'georgia institute of technology'), (2011, 'georgia institute of technology'), (2012, 'georgia institute of technology'), (2013, 'georgia institute of technology'), (2014, 'georgia institute of technology'), (2015, 'georgia institute of technology'), (2016, 'georgia institute of technology'), (2017, 'georgia institute of technology'), (2018, 'georgia institute of technology'), (2019, 'georgia institute of technology'), (2020, 'georgia institute of technology'))
all_us_institutions_year : ((2000, 'georgia institute of technology'), (2001, 'georgia institute of technology'), (2002, 'georgia institute of technology'), (2003, 'georgia institute of technology'), (2004, 'georgia institute of technology'), (2005, 'georgia institute of technology'), (2006, 'georgia institute of technology'), (2007, 'georgia institute of technology'), (2008, 'georgia institute of technology'), (2009, 'georgia institute of technology'), (2010, 'georgia institute of technology'), (2011, 'georgia institute of technology'), (2011, 'georgia institute of technology college of computing'), (2012, 'georgia institute of technology'), (2013, 'georgia institute of technology'), (2013, 'georgia institute of technology college of computing'), (2014, 'georgia institute of technology'), (2015, 'georgia institute of technology'), (2016, 'georgia institute of technology'), (2017, 'georgia institute of technology'), (2018, 'georgia institute of technology'), (2019, 'georgia institute of technology'), (2019, 'georgia tech research institute'), (2020, 'georgia institute of technology'))

10/10 positive, 17/10 negative
Do these records refer to the same thing?
(y)es / (n)o / (u)nsure / (f)inished / (p)revious
firstname : george
lastname : biros
middlename : None
year_range : (2009,)
main_us_institutions_year : ((2009, 'georgia tech research corporation'),)
all_us_institutions_year : ((2009, 'georgia tech research corporation'),)

firstname : george
lastname : biros
middlename : None
year_range : (2002, 2021)
main_us_institutions_year : ((2002, 'new york university'), (2003, 'new york university'), (2004, 'courant institute of mathematical sciences'), (2005, 'university of pennsylvania'), (2006, 'university of pennsylvania'), (2007, 'university of pennsylvania'), (2008, 'university of pennsylvania'), (2009, 'georgia institute of technology'), (2010, 'georgia institute of technology'), (2011, 'georgia institute of technology'), (2012, 'university of texas at austin'), (2013, 'university of texas at austin'), (2014, 'university of texas at austin'), (2015, 'university of texas at austin'), (2016, 'university of texas at austin'), (2017, 'university of texas at austin'), (2018, 'university of texas at austin'), (2019, 'university of texas at austin'), (2020, 'university of texas at austin'), (2021, 'university of texas at austin'))
all_us_institutions_year : ((2002, 'new york university'), (2003, 'new york university'), (2004, 'courant institute of mathematical sciences'), (2004, 'university of pennsylvania'), (2005, 'university of pennsylvania'), (2005, 'university of texas at austin'), (2006, 'university of pennsylvania'), (2007, 'university of pennsylvania'), (2008, 'georgia institute of technology'), (2008, 'university of pennsylvania'), (2009, 'georgia institute of technology'), (2009, 'university of pennsylvania'), (2010, 'georgia institute of technology'), (2011, 'georgia institute of technology'), (2011, 'university of pennsylvania'), (2011, 'university of texas at austin'), (2012, 'university of texas at austin'), (2013, 'university of texas at austin'), (2014, 'university of texas at austin'), (2015, 'university of texas at austin'), (2016, 'university of pennsylvania'), (2016, 'university of texas at austin'), (2017, 'university of texas at austin'), (2018, 'university of california berkeley'), (2018, 'university of texas at austin'), (2019, 'university of texas at austin'), (2020, 'university of texas at austin'), (2021, 'university of texas at austin'))

11/10 positive, 17/10 negative
Do these records refer to the same thing?
(y)es / (n)o / (u)nsure / (f)inished / (p)revious
firstname : zeljko
lastname : ivezic
middlename : None
year_range : (2006,)
main_us_institutions_year : ((2006, 'university of washington'),)
all_us_institutions_year : ((2006, 'university of washington'),)

firstname : eljko
lastname : ivezic
middlename : None
year_range : (1997, 2021)
main_us_institutions_year : ((1997, 'princeton university'), (1998, 'princeton university'), (1999, 'princeton university'), (2000, 'princeton university'), (2001, 'princeton university'), (2002, 'princeton university'), (2003, 'princeton university'), (2004, 'princeton university'), (2005, 'princeton university'), (2006, 'university of washington'), (2007, 'university of washington'), (2008, 'university of washington'), (2009, 'university of washington'), (2010, 'university of washington'), (2011, 'university of washington'), (2012, 'university of washington'), (2013, 'university of washington'), (2014, 'university of washington'), (2015, 'university of washington'), (2016, 'university of washington'), (2017, 'university of washington'), (2018, 'university of washington'), (2019, 'university of washington'), (2020, 'university of washington'), (2021, 'university of washington'))
all_us_institutions_year : ((1997, 'princeton university'), (1998, 'princeton university'), (1999, 'princeton university'), (2000, 'princeton university'), (2001, 'princeton university'), (2002, 'princeton university'), (2003, 'princeton university'), (2004, 'princeton university'), (2004, 'university of washington'), (2005, 'princeton university'), (2005, 'university of washington'), (2006, 'princeton university'), (2006, 'university of washington'), (2007, 'university of washington'), (2008, 'university of washington'), (2009, 'university of washington'), (2010, 'university of washington'), (2011, 'university of washington'), (2012, 'university of washington'), (2013, 'university of washington'), (2014, 'university of washington'), (2015, 'university of washington'), (2016, 'university of washington'), (2017, 'university of washington'), (2018, 'university of washington'), (2019, 'university of washington'), (2020, 'university of washington'), (2021, 'university of washington'))

12/10 positive, 17/10 negative
Do these records refer to the same thing?
(y)es / (n)o / (u)nsure / (f)inished / (p)revious
firstname : ibrahim
lastname : jawahir
middlename : s
year_range : (2002,)
main_us_institutions_year : ((2002, 'university of kentucky research foundation'),)
all_us_institutions_year : ((2002, 'university of kentucky research foundation'),)

firstname : i
lastname : jawahir
middlename : s
year_range : (1988, 2021)
main_us_institutions_year : ((1991, 'university of kentucky'), (1992, 'university of kentucky'), (1993, 'university of kentucky'), (1994, 'university of kentucky'), (1995, 'university of kentucky'), (1996, 'university of kentucky'), (1998, 'university of kentucky'), (1999, 'university of kentucky'), (2000, 'university of kentucky'), (2001, 'university of kentucky'), (2002, 'university of kentucky'), (2003, 'university of kentucky'), (2004, 'university of kentucky'), (2005, 'university of kentucky'), (2006, 'university of kentucky'), (2007, 'university of kentucky'), (2008, 'university of kentucky'), (2009, 'university of kentucky'), (2010, 'university of kentucky'), (2011, 'university of kentucky'), (2012, 'university of kentucky'), (2013, 'university of kentucky'), (2014, 'university of kentucky'), (2015, 'university of kentucky'), (2016, 'university of kentucky'), (2017, 'university of kentucky'), (2018, 'university of kentucky'), (2019, 'university of kentucky'), (2020, 'university of kentucky'), (2021, 'university of kentucky'))
all_us_institutions_year : ((1991, 'university of kentucky'), (1992, 'university of kentucky'), (1993, 'university of kentucky'), (1994, 'university of kentucky'), (1995, 'university of kentucky'), (1996, 'university of kentucky'), (1997, 'university of kentucky'), (1998, 'university of kentucky'), (1999, 'university of kentucky'), (2000, 'university of kentucky'), (2001, 'university of kentucky'), (2001, 'university of utah'), (2002, 'university of kentucky'), (2003, 'university of kentucky'), (2004, 'university of kentucky'), (2005, 'university of kentucky'), (2006, 'university of kentucky'), (2007, 'university of kentucky'), (2008, 'university of kentucky'), (2009, 'university of kentucky'), (2010, 'university of kentucky'), (2011, 'university of kentucky'), (2012, 'university of kentucky'), (2013, 'university of kentucky'), (2014, 'university of kentucky'), (2015, 'university of kentucky'), (2016, 'university of kentucky'), (2017, 'university of kentucky'), (2018, 'university of kentucky'), (2019, 'university of kentucky'), (2020, 'university of kentucky'), (2021, 'university of kentucky'))

13/10 positive, 17/10 negative
Do these records refer to the same thing?
(y)es / (n)o / (u)nsure / (f)inished / (p)revious
firstname : min
lastname : zhang
middlename : None
year_range : (2012,)
main_us_institutions_year : ((2012, 'purdue university'),)
all_us_institutions_year : ((2012, 'purdue university'),)

firstname : ping
lastname : zhang
middlename : None
year_range : (2009, 2017)
main_us_institutions_year : ((2009, 'purdue university'), (2010, 'indiana university purdue university indianapolis'))
all_us_institutions_year : ((2009, 'purdue university'), (2010, 'indiana university purdue university indianapolis'))

14/10 positive, 17/10 negative
Do these records refer to the same thing?
(y)es / (n)o / (u)nsure / (f)inished / (p)revious
firstname : timothy
lastname : donohue
middlename : j
year_range : (2012,)
main_us_institutions_year : ((2012, 'gordon research conferences'),)
all_us_institutions_year : ((2012, 'gordon research conferences'),)

firstname : timothy
lastname : donohue
middlename : j
year_range : (1976, 2021)
main_us_institutions_year : ((1976, 'new york university'), (1978, 'pennsylvania state university'), (1983, 'university of illinois at urbana champaign'), (1984, 'pennsylvania state university'), (1987, 'university of illinois at urbana champaign'), (1988, 'university of illinois at urbana champaign'), (1988, 'university of wisconsin madison'), (1989, 'university of wisconsin madison'), (1990, 'university of wisconsin madison'), (1991, 'university of wisconsin madison'), (1992, 'university of wisconsin madison'), (1993, 'university of wisconsin madison'), (1994, 'university of wisconsin madison'), (1995, 'university of wisconsin madison'), (1996, 'university of wisconsin madison'), (1997, 'university of wisconsin madison'), (1998, 'university of wisconsin madison'), (1999, 'university of wisconsin madison'), (2001, 'university of wisconsin madison'), (2002, 'university of wisconsin madison'), (2003, 'university of wisconsin madison'), (2004, 'university of wisconsin madison'), (2005, 'university of wisconsin madison'), (2006, 'university of wisconsin madison'), (2007, 'university of wisconsin madison'), (2008, 'university of wisconsin madison'), (2009, 'university of wisconsin madison'), (2010, 'university of wisconsin madison'), (2011, 'university of wisconsin madison'), (2012, 'university of wisconsin madison'), (2013, 'university of wisconsin madison'), (2014, 'great lakes bioenergy research center'), (2015, 'university of wisconsin madison'), (2015, 'great lakes bioenergy research center'), (2016, 'university of wisconsin madison'), (2016, 'great lakes bioenergy research center'), (2017, 'university of wisconsin madison'), (2017, 'great lakes bioenergy research center'), (2018, 'university of wisconsin madison'), (2018, 'great lakes bioenergy research center'), (2019, 'university of wisconsin madison'), (2019, 'great lakes bioenergy research center'), (2020, 'university of wisconsin madison'), (2021, 'university of wisconsin madison'), (2021, 'great lakes bioenergy research center'))
all_us_institutions_year : ((1976, 'new york university'), (1978, 'pennsylvania state university'), (1983, 'university of illinois at urbana champaign'), (1984, 'pennsylvania state university'), (1985, 'university of illinois at urbana champaign'), (1987, 'university of illinois at urbana champaign'), (1988, 'university of illinois at urbana champaign'), (1988, 'university of wisconsin madison'), (1989, 'university of illinois at urbana champaign'), (1989, 'university of wisconsin madison'), (1990, 'university of wisconsin madison'), (1991, 'university of wisconsin madison'), (1992, 'university of wisconsin madison'), (1993, 'university of wisconsin madison'), (1994, 'university of wisconsin madison'), (1995, 'university of wisconsin madison'), (1996, 'university of wisconsin madison'), (1997, 'university of illinois at urbana champaign'), (1997, 'university of wisconsin madison'), (1998, 'university of wisconsin madison'), (1999, 'university of wisconsin madison'), (2001, 'university of wisconsin madison'), (2002, 'university of wisconsin madison'), (2003, 'university of wisconsin madison'), (2004, 'university of wisconsin madison'), (2005, 'university of wisconsin madison'), (2006, 'university of wisconsin madison'), (2007, 'university of wisconsin madison'), (2008, 'great lakes bioenergy research center'), (2008, 'university of illinois at urbana champaign'), (2008, 'university of wisconsin madison'), (2009, 'university of wisconsin madison'), (2010, 'great lakes bioenergy research center'), (2010, 'university of wisconsin madison'), (2011, 'great lakes bioenergy research center'), (2011, 'university of wisconsin madison'), (2012, 'great lakes bioenergy research center'), (2012, 'university of wisconsin madison'), (2013, 'great lakes bioenergy research center'), (2013, 'university of wisconsin madison'), (2014, 'great lakes bioenergy research center'), (2014, 'university of wisconsin madison'), (2015, 'great lakes bioenergy research center'), (2015, 'university of wisconsin madison'), (2016, 'great lakes bioenergy research center'), (2016, 'university of wisconsin madison'), (2017, 'great lakes bioenergy research center'), (2017, 'university of wisconsin madison'), (2018, 'great lakes bioenergy research center'), (2018, 'university of wisconsin madison'), (2019, 'great lakes bioenergy research center'), (2019, 'university of wisconsin madison'), (2020, 'great lakes bioenergy research center'), (2020, 'university of wisconsin madison'), (2021, 'great lakes bioenergy research center'), (2021, 'university of wisconsin madison'))

14/10 positive, 18/10 negative
Do these records refer to the same thing?
(y)es / (n)o / (u)nsure / (f)inished / (p)revious
firstname : balakrishnan
lastname : nair
middlename : g
year_range : (2002,)
main_us_institutions_year : ((2002, 'ceramatec inc'),)
all_us_institutions_year : ((2002, 'ceramatec inc'),)

firstname : bala
lastname : nair
middlename : g
year_range : (2006, 2021)
main_us_institutions_year : ((2006, 'cleveland clinic'), (2007, 'cleveland clinic'), (2008, 'cleveland clinic'), (2009, 'cleveland clinic'), (2010, 'university of washington'), (2011, 'university of washington'), (2012, 'university of washington'), (2013, 'university of washington'), (2014, 'university of washington'), (2015, 'university of washington'), (2016, 'university of washington'), (2017, 'university of washington'), (2018, 'university of washington'), (2019, 'university of washington'), (2020, 'university of washington'), (2021, 'university of washington'))
all_us_institutions_year : ((2006, 'cleveland clinic'), (2007, 'cleveland clinic'), (2008, 'cleveland clinic'), (2009, 'cleveland clinic'), (2010, 'university of washington'), (2011, 'university of washington'), (2012, 'university of washington'), (2013, 'university of washington'), (2014, 'university of washington'), (2015, 'university of washington'), (2016, 'university of washington'), (2017, 'university of california los angeles'), (2017, 'university of washington'), (2017, 'university of washington medical center'), (2018, 'harborview medical center'), (2018, 'university of washington'), (2019, 'university of washington'), (2019, 'university of washington medical center'), (2019, 'washington university in st louis'), (2020, 'university of washington'), (2021, 'university of washington'))

14/10 positive, 19/10 negative
Do these records refer to the same thing?
(y)es / (n)o / (u)nsure / (f)inished / (p)revious
firstname : reuel
lastname : shinnar
middlename : None
year_range : (1990,)
main_us_institutions_year : ((1990, 'cuny city college'),)
all_us_institutions_year : ((1990, 'cuny city college'),)

firstname : reuel
lastname : shinnar
middlename : None
year_range : (1962, 2013)
main_us_institutions_year : ((1967, 'city university of new york'), (1968, 'city college of new york'), (1969, 'city university of new york'), (1970, 'city university of new york'), (1971, 'city university of new york'), (1971, 'city college of new york'), (1972, 'city university of new york'), (1973, 'city college of new york'), (1974, 'city university of new york'), (1976, 'city university of new york'), (1981, 'city university of new york'), (1981, 'city college of new york'), (1983, 'city university of new york'), (1987, 'city university of new york'), (1988, 'city college of new york'), (1989, 'city college of new york'), (1992, 'city university of new york'), (1995, 'city college of new york'), (1996, 'city university of new york'), (1997, 'city college of new york'), (1998, 'city university of new york'), (2000, 'city college of new york'), (2001, 'city university of new york'), (2003, 'city college of new york'), (2004, 'city college of new york'), (2006, 'city college of new york'), (2007, 'city college of new york'), (2008, 'city college of new york'), (2009, 'city college of new york'), (2013, 'city college of new york'))
all_us_institutions_year : ((1967, 'city university of new york'), (1968, 'city college of new york'), (1969, 'city college of new york'), (1969, 'city university of new york'), (1970, 'city university of new york'), (1971, 'city college of new york'), (1971, 'city university of new york'), (1972, 'city university of new york'), (1973, 'city college of new york'), (1974, 'city university of new york'), (1976, 'city university of new york'), (1981, 'city college of new york'), (1981, 'city university of new york'), (1983, 'city university of new york'), (1987, 'city university of new york'), (1988, 'city college of new york'), (1989, 'city college of new york'), (1992, 'city university of new york'), (1995, 'city college of new york'), (1996, 'city university of new york'), (1997, 'city college of new york'), (1998, 'city university of new york'), (2000, 'city college of new york'), (2001, 'city college of new york'), (2001, 'city university of new york'), (2003, 'city college of new york'), (2004, 'city college of new york'), (2005, 'city college of new york'), (2006, 'city college of new york'), (2007, 'city college of new york'), (2007, 'city university of new york'), (2008, 'city college of new york'), (2008, 'city university of new york'), (2009, 'city college of new york'), (2012, 'city university of new york'), (2013, 'city college of new york'))

14/10 positive, 20/10 negative
Do these records refer to the same thing?
(y)es / (n)o / (u)nsure / (f)inished / (p)revious
firstname : fang
lastname : liu
middlename : None
year_range : (2017,)
main_us_institutions_year : ((2017, 'university of notre dame'),)
all_us_institutions_year : ((2017, 'university of notre dame'),)

firstname : fang
lastname : liu
middlename : None
year_range : (2005, 2006)
main_us_institutions_year : ((2005, 'university of maryland college park'), (2006, 'university of maryland college park'))
all_us_institutions_year : ((2005, 'university of maryland college park'), (2006, 'university of maryland college park'))

15/10 positive, 20/10 negative
Do these records refer to the same thing?
(y)es / (n)o / (u)nsure / (f)inished / (p)revious
firstname : han
lastname : liu
middlename : None
year_range : (2007,)
main_us_institutions_year : ((2007, 'giner electrochemical systems llc'),)
all_us_institutions_year : ((2007, 'giner electrochemical systems llc'),)

firstname : han
lastname : liu
middlename : None
year_range : (2008, 2021)
main_us_institutions_year : ((2020, 'electronic arts'),)
all_us_institutions_year : ((2020, 'electronic arts'), (2021, 'electronic arts'))

15/10 positive, 21/10 negative
Do these records refer to the same thing?
(y)es / (n)o / (u)nsure / (f)inished / (p)revious
firstname : michael
lastname : jackson
middlename : None
year_range : (2014,)
main_us_institutions_year : ((2014, 'central washington university'),)
all_us_institutions_year : ((2014, 'central washington university'),)

firstname : michael
lastname : jackson
middlename : b
year_range : (1970, 2019)
main_us_institutions_year : ((1991, 'national research council'), (1992, 'national research council'), (1995, 'national research council'), (1997, 'national research council'), (1998, 'national research council'), (1999, 'national research council'), (2002, 'national research council'), (2004, 'national research council'), (2005, 'national research council'), (2006, 'national research council'), (2017, 'national research council'))
all_us_institutions_year : ((1991, 'national research council'), (1992, 'national research council'), (1993, 'national research council'), (1994, 'national research council'), (1995, 'national research council'), (1996, 'national research council'), (1997, 'national research council'), (1998, 'national research council'), (1999, 'national research council'), (2000, 'national research council'), (2001, 'national research council'), (2002, 'national research council'), (2003, 'national research council'), (2004, 'national research council'), (2005, 'national research council'), (2006, 'national research council'), (2007, 'national research council'), (2017, 'national research council'))

15/10 positive, 22/10 negative
Do these records refer to the same thing?
(y)es / (n)o / (u)nsure / (f)inished / (p)revious
firstname : roger
lastname : helkey
middlename : j
year_range : (2003,)
main_us_institutions_year : ((2003, 'calient networks'),)
all_us_institutions_year : ((2003, 'calient networks'),)

firstname : roger
lastname : helkey
middlename : None
year_range : (1989, 2021)
main_us_institutions_year : ((1989, 'university of california santa barbara'), (1990, 'university of california santa barbara'), (1992, 'university of california santa barbara'), (1993, 'university of california santa barbara'), (1994, 'university of california santa barbara'), (1995, 'university of california santa barbara'), (1996, 'massachusetts institute of technology'), (1997, 'massachusetts institute of technology'), (1998, 'massachusetts institute of technology'), (1999, 'massachusetts institute of technology'), (2017, 'university of california santa barbara'), (2019, 'university of california santa barbara'), (2020, 'university of california santa barbara'), (2021, 'university of california santa barbara'))
all_us_institutions_year : ((1989, 'university of california santa barbara'), (1990, 'university of california santa barbara'), (1992, 'university of california santa barbara'), (1993, 'university of california santa barbara'), (1994, 'university of california santa barbara'), (1995, 'university of california santa barbara'), (1996, 'massachusetts institute of technology'), (1997, 'massachusetts institute of technology'), (1998, 'massachusetts institute of technology'), (1999, 'massachusetts institute of technology'), (2000, 'massachusetts institute of technology'), (2017, 'university of california santa barbara'), (2019, 'university of california santa barbara'), (2020, 'university of california santa barbara'), (2021, 'university of california santa barbara'))

15/10 positive, 23/10 negative
Do these records refer to the same thing?
(y)es / (n)o / (u)nsure / (f)inished / (p)revious
firstname : krishnendu
lastname : chakrabarty
middlename : None
year_range : (2017,)
main_us_institutions_year : ((2017, 'duke university'),)
all_us_institutions_year : ((2017, 'duke university'),)

firstname : krishendu
lastname : chakrabarty
middlename : None
year_range : (2001, 2009)
main_us_institutions_year : ((2001, 'duke university'), (2006, 'duke university'), (2007, 'duke university'), (2009, 'duke university'))
all_us_institutions_year : ((2001, 'duke university'), (2006, 'duke university'), (2007, 'duke university'), (2009, 'duke university'))

15/10 positive, 24/10 negative
Do these records refer to the same thing?
(y)es / (n)o / (u)nsure / (f)inished / (p)revious
firstname : gerald
lastname : wempner
middlename : a
year_range : (1984,)
main_us_institutions_year : ((1984, 'georgia tech research corporation'),)
all_us_institutions_year : ((1984, 'georgia tech research corporation'),)

firstname : gerald
lastname : wempner
middlename : None
year_range : (1964, 2002)
main_us_institutions_year : ((1964, 'university of alabama in huntsville'), (1965, 'university of alabama in huntsville'), (1967, 'university of alabama in huntsville'), (1970, 'university of alabama in huntsville'), (1971, 'university of alabama in huntsville'), (1972, 'university of alabama in huntsville'), (1976, 'georgia institute of technology'), (1977, 'georgia institute of technology'), (1980, 'georgia institute of technology'), (1982, 'georgia institute of technology'), (1984, 'georgia institute of technology'), (1986, 'georgia institute of technology'), (1989, 'georgia institute of technology'), (1991, 'georgia institute of technology'), (1992, 'georgia institute of technology'), (1993, 'georgia institute of technology'), (2002, 'georgia institute of technology'))
all_us_institutions_year : ((1964, 'university of alabama in huntsville'), (1965, 'university of alabama in huntsville'), (1967, 'university of alabama in huntsville'), (1970, 'university of alabama in huntsville'), (1971, 'university of alabama in huntsville'), (1972, 'university of alabama in huntsville'), (1976, 'georgia institute of technology'), (1977, 'georgia institute of technology'), (1980, 'georgia institute of technology'), (1982, 'georgia institute of technology'), (1984, 'georgia institute of technology'), (1986, 'georgia institute of technology'), (1989, 'georgia institute of technology'), (1991, 'georgia institute of technology'), (1992, 'georgia institute of technology'), (1993, 'georgia institute of technology'), (2002, 'georgia institute of technology'))

15/10 positive, 25/10 negative
Do these records refer to the same thing?
(y)es / (n)o / (u)nsure / (f)inished / (p)revious
firstname : robert
lastname : goldberg
middlename : b
year_range : (2010,)
main_us_institutions_year : ((2010, 'university of california los angeles'),)
all_us_institutions_year : ((2010, 'university of california los angeles'),)

firstname : robert
lastname : goldberg
middlename : l
year_range : (1996, 2005)
main_us_institutions_year : ((2005, 'university of california san francisco'),)
all_us_institutions_year : ((2005, 'university of california san francisco'),)

16/10 positive, 25/10 negative
Do these records refer to the same thing?
(y)es / (n)o / (u)nsure / (f)inished / (p)revious
firstname : jason
lastname : mccormick
middlename : None
year_range : (2013,)
main_us_institutions_year : ((2013, 'regents of the university of michigan ann arbor'),)
all_us_institutions_year : ((2013, 'regents of the university of michigan ann arbor'),)

firstname : jason
lastname : mccormick
middlename : None
year_range : (2004, 2021)
main_us_institutions_year : ((2004, 'georgia institute of technology'), (2006, 'georgia institute of technology'), (2009, 'university of michigan'), (2012, 'university of michigan'), (2014, 'university of michigan'), (2015, 'university of michigan'), (2018, 'university of michigan'), (2019, 'university of michigan'), (2020, 'university of michigan'), (2021, 'university of michigan'))
all_us_institutions_year : ((2003, 'georgia institute of technology'), (2004, 'georgia institute of technology'), (2005, 'georgia institute of technology'), (2006, 'georgia institute of technology'), (2007, 'georgia institute of technology'), (2009, 'university of michigan'), (2010, 'university of michigan'), (2012, 'university of michigan'), (2014, 'university of michigan'), (2015, 'university of michigan'), (2018, 'university of michigan'), (2019, 'university of michigan'), (2020, 'university of michigan'), (2021, 'university of michigan'))

16/10 positive, 26/10 negative
Do these records refer to the same thing?
(y)es / (n)o / (u)nsure / (f)inished / (p)revious
firstname : marshall
lastname : poole
middlename : s
year_range : (2012,)
main_us_institutions_year : ((2012, 'university of illinois at urbana champaign'),)
all_us_institutions_year : ((2012, 'university of illinois at urbana champaign'),)

firstname : m
lastname : poole
middlename : scott
year_range : (1981, 2021)
main_us_institutions_year : ((1981, 'university of illinois at urbana champaign'), (2015, 'university of illinois at urbana champaign'), (2019, 'university of illinois at urbana champaign'), (2021, 'university of illinois at urbana champaign'))
all_us_institutions_year : ((1981, 'university of illinois at urbana champaign'), (2015, 'university of illinois at urbana champaign'), (2019, 'university of illinois at urbana champaign'), (2021, 'university of illinois at urbana champaign'))

17/10 positive, 26/10 negative
Do these records refer to the same thing?
(y)es / (n)o / (u)nsure / (f)inished / (p)revious
(y)es / (n)o / (u)nsure / (f)inished / (p)revious
firstname : srinivasa
lastname : varadhan
middlename : r
year_range : (2012,)
main_us_institutions_year : ((2012, 'new york university'),)
all_us_institutions_year : ((2012, 'new york university'),)

firstname : s
lastname : varadhan
middlename : r s
year_range : (1962, 2020)
main_us_institutions_year : ((1966, 'courant institute of mathematical sciences'), (1974, 'university of colorado boulder'), (1981, 'courant institute of mathematical sciences'), (1984, 'courant institute of mathematical sciences'), (1985, 'courant institute of mathematical sciences'), (1986, 'new york university'), (1987, 'courant institute of mathematical sciences'), (1988, 'new york university'), (1989, 'courant institute of mathematical sciences'), (1991, 'courant institute of mathematical sciences'), (1993, 'courant institute of mathematical sciences'), (1994, 'courant institute of mathematical sciences'), (1996, 'new york university'), (1997, 'courant institute of mathematical sciences'), (1998, 'courant institute of mathematical sciences'), (2000, 'courant institute of mathematical sciences'), (2001, 'courant institute of mathematical sciences'), (2002, 'new york university'), (2003, 'courant institute of mathematical sciences'), (2004, 'courant institute of mathematical sciences'), (2006, 'courant institute of mathematical sciences'), (2008, 'courant institute of mathematical sciences'), (2009, 'new york university'), (2013, 'courant institute of mathematical sciences'), (2013, 'new york university'), (2014, 'new york university'), (2015, 'courant institute of mathematical sciences'), (2016, 'courant institute of mathematical sciences'), (2017, 'new york university'), (2020, 'courant institute of mathematical sciences'))
all_us_institutions_year : ((1966, 'courant institute of mathematical sciences'), (1974, 'university of colorado boulder'), (1981, 'courant institute of mathematical sciences'), (1981, 'new york university'), (1982, 'new york university'), (1983, 'new york university'), (1984, 'courant institute of mathematical sciences'), (1985, 'courant institute of mathematical sciences'), (1985, 'new york university'), (1986, 'new york university'), (1987, 'courant institute of mathematical sciences'), (1988, 'new york university'), (1989, 'courant institute of mathematical sciences'), (1991, 'courant institute of mathematical sciences'), (1993, 'courant institute of mathematical sciences'), (1993, 'new york university'), (1994, 'courant institute of mathematical sciences'), (1995, 'new york university'), (1996, 'new york university'), (1997, 'courant institute of mathematical sciences'), (1998, 'courant institute of mathematical sciences'), (2000, 'courant institute of mathematical sciences'), (2001, 'courant institute of mathematical sciences'), (2002, 'new york university'), (2003, 'courant institute of mathematical sciences'), (2004, 'courant institute of mathematical sciences'), (2005, 'courant institute of mathematical sciences'), (2006, 'courant institute of mathematical sciences'), (2006, 'new york university'), (2008, 'courant institute of mathematical sciences'), (2009, 'new york university'), (2011, 'new york university'), (2012, 'courant institute of mathematical sciences'), (2012, 'new york university'), (2013, 'courant institute of mathematical sciences'), (2013, 'new york university'), (2014, 'new york university'), (2015, 'courant institute of mathematical sciences'), (2016, 'courant institute of mathematical sciences'), (2016, 'new york university'), (2017, 'new york university'), (2018, 'courant institute of mathematical sciences'), (2018, 'new york university'), (2020, 'courant institute of mathematical sciences'))

18/10 positive, 26/10 negative
Do these records refer to the same thing?
(y)es / (n)o / (u)nsure / (f)inished / (p)revious
firstname : jonathan
lastname : bird
middlename : None
year_range : (2018,)
main_us_institutions_year : ((2018, 'portland state university'),)
all_us_institutions_year : ((2018, 'portland state university'),)

firstname : jonathan
lastname : bird
middlename : c
year_range : (2008, 2021)
main_us_institutions_year : ((2008, 'ohio state university'), (2009, 'ohio state university'), (2010, 'ohio state university'), (2011, 'ohio state university'), (2012, 'ohio state university'), (2013, 'ohio state university'), (2014, 'vanderbilt university'), (2015, 'vanderbilt university'), (2016, 'vanderbilt university'), (2017, 'vanderbilt university'), (2018, 'vanderbilt university'), (2019, 'vanderbilt university'), (2020, 'vanderbilt university'), (2021, 'vanderbilt university'))
all_us_institutions_year : ((2007, 'ohio state university'), (2008, 'ohio state university'), (2009, 'ohio state university'), (2010, 'ohio state university'), (2011, 'ohio state university'), (2012, 'ohio state university'), (2013, 'ohio state university'), (2014, 'ohio state university'), (2014, 'vanderbilt university'), (2015, 'vanderbilt university'), (2016, 'vanderbilt university'), (2017, 'vanderbilt university'), (2018, 'vanderbilt university'), (2019, 'vanderbilt university'), (2020, 'vanderbilt university'), (2021, 'vanderbilt university'))

19/10 positive, 26/10 negative
Do these records refer to the same thing?
(y)es / (n)o / (u)nsure / (f)inished / (p)revious
firstname : irene
lastname : pepperberg
middlename : m
year_range : (1993,)
main_us_institutions_year : ((1993, 'university of arizona'),)
all_us_institutions_year : ((1993, 'university of arizona'),)

firstname : irene
lastname : pepperberg
middlename : m
year_range : (2006, 2021)
main_us_institutions_year : ((2006, 'harvard university'), (2007, 'harvard university'), (2007, 'brandeis university'), (2008, 'harvard university'), (2009, 'harvard university'), (2009, 'brandeis university'), (2010, 'harvard university'), (2012, 'harvard university'), (2013, 'harvard university'), (2014, 'harvard university'), (2015, 'harvard university'), (2016, 'harvard university'), (2017, 'harvard university'), (2018, 'harvard university'), (2019, 'harvard university'), (2020, 'harvard university'), (2021, 'harvard university'))
all_us_institutions_year : ((2006, 'brandeis university'), (2006, 'harvard university'), (2007, 'brandeis university'), (2007, 'harvard university'), (2008, 'brandeis university'), (2008, 'harvard university'), (2009, 'brandeis university'), (2009, 'harvard university'), (2010, 'harvard university'), (2011, 'harvard university'), (2012, 'brandeis university'), (2012, 'harvard university'), (2013, 'brandeis university'), (2013, 'harvard university'), (2014, 'brandeis university'), (2014, 'harvard university'), (2015, 'harvard university'), (2016, 'brandeis university'), (2016, 'harvard university'), (2017, 'harvard university'), (2018, 'harvard university'), (2019, 'harvard university'), (2020, 'harvard university'), (2021, 'harvard university'))

19/10 positive, 27/10 negative
Do these records refer to the same thing?
(y)es / (n)o / (u)nsure / (f)inished / (p)revious
firstname : james
lastname : hendler
middlename : a
year_range : (2006,)
main_us_institutions_year : ((2006, 'association for the advancement of artificial intelligence'),)
all_us_institutions_year : ((2006, 'association for the advancement of artificial intelligence'),)

firstname : james
lastname : hendler
middlename : a
year_range : (2005, 2019)
main_us_institutions_year : ((2015, 'rensselaer polytechnic institute'), (2019, 'rensselaer polytechnic institute'))
all_us_institutions_year : ((2011, 'rensselaer polytechnic institute'), (2013, 'rensselaer polytechnic institute'), (2015, 'rensselaer polytechnic institute'), (2017, 'rensselaer polytechnic institute'), (2019, 'rensselaer polytechnic institute'))

19/10 positive, 28/10 negative
Do these records refer to the same thing?
(y)es / (n)o / (u)nsure / (f)inished / (p)revious
firstname : c lee
lastname : giles
middlename : None
year_range : (2018,)
main_us_institutions_year : ((2018, 'pennsylvania state univ university park'),)
all_us_institutions_year : ((2018, 'pennsylvania state univ university park'),)

firstname : c
lastname : giles
middlename : l
year_range : (1996, 2000)
main_us_institutions_year : ((1996, 'penn state college of information sciences and technology'), (2000, 'penn state college of information sciences and technology'))
all_us_institutions_year : ((1996, 'penn state college of information sciences and technology'), (2000, 'penn state college of information sciences and technology'))

19/10 positive, 29/10 negative
Do these records refer to the same thing?
(y)es / (n)o / (u)nsure / (f)inished / (p)revious
firstname : narseo
lastname : vallinarodriguez
middlename : None
year_range : (2016,)
main_us_institutions_year : ((2016, 'international computer science institute'),)
all_us_institutions_year : ((2016, 'international computer science institute'),)

firstname : narseo
lastname : vallinarodriguez
middlename : None
year_range : (2009, 2021)
main_us_institutions_year : None
all_us_institutions_year : ((2013, 'international computer science institute'), (2016, 'international computer science institute'), (2018, 'international computer science institute'), (2020, 'international computer science institute'))

19/10 positive, 30/10 negative
Do these records refer to the same thing?
(y)es / (n)o / (u)nsure / (f)inished / (p)revious
firstname : swarun
lastname : kumar
middlename : None
year_range : (2020,)
main_us_institutions_year : ((2020, 'carnegie mellon university'),)
all_us_institutions_year : ((2020, 'carnegie mellon university'),)

firstname : s
lastname : kumar
middlename : v bharath
year_range : (2002, 2006)
main_us_institutions_year : ((2006, 'university of california berkeley'),)
all_us_institutions_year : ((2006, 'university of california berkeley'),)

20/10 positive, 30/10 negative
Do these records refer to the same thing?
(y)es / (n)o / (u)nsure / (f)inished / (p)revious
Finished labeling
Done in 4348.010170193514 minutes.
