Namespace(testing=False, verbose=1, field=['business'], train_name='christoph_degree0', startyear=1990, endyear=2015, loadstartyear=1990, loadendyear=2015, mergemode='m:1', recall=0.9, institution='True', fieldofstudy_cat='False', fieldofstudy_str='False', keywords='False', retrain='True', linking_type='advisors', samplesize=100000, write_to='database')
Have max 12 cores available
Testing is False 

I set the write connection to the main database.
id_field is [144133560] and will be passed to sql queries.
finished setup ... 
Time elapsed: 0.0009664694468180338 minutes 


        SELECT relationship_id
                , year
                , year AS year_range
                , firstname 
                , lastname
                , CASE TRIM(SUBSTR(middle_lastname, 1, l_fullname-l_firstname-l_lastname - 1)) 
                    WHEN 
                        "" THEN NULL 
                        ELSE TRIM(SUBSTR(middle_lastname, 1, l_fullname-l_firstname-l_lastname - 1)) 
                    END AS middlename
                , fieldofstudy
                , keywords
                , institution
                , year || "//" || institution as main_us_institutions_year
                , year || "//" || institution as all_us_institutions_year
        FROM (
            SELECT goid
                , relationship_id
                , degree_year AS year 
                , a.fullname 
                , SUBSTR(TRIM(a.fullname),1,instr(trim(a.fullname)||' ',' ')-1) AS firstname
                , REPLACE(a.fullname, RTRIM(a.fullname, REPLACE(a.fullname, " ", "")), "") AS lastname 
                , TRIM(SUBSTR(a.fullname, length(SUBSTR(TRIM(a.fullname),1,instr(trim(a.fullname)||' ',' ')-1)) + 1)) AS middle_lastname 
                , length(a.fullname) AS l_fullname 
                , length(SUBSTR(TRIM(a.fullname),1,instr(trim(a.fullname)||' ',' ')-1) ) AS l_firstname
                , length(REPLACE(a.fullname, RTRIM(a.fullname, REPLACE(a.fullname, " ", "")), "")) AS l_lastname
                , fieldname AS fieldofstudy
                , university_id
            FROM pq_authors 
            INNER JOIN (
                SELECT goid, fieldname 
                FROM pq_fields_mag
                WHERE mag_field0 IN (?)
            ) USING (goid)
            INNER JOIN ( --# NOTE: this only keeps the theses where at least one advisor is present
                SELECT *, firstname || ' ' || lastname AS fullname
                FROM pq_advisors
            ) AS a USING(goid)
        )
        -- ## NOTE: use left join here as not all graduates have advisor (particularly pre-1980) and possibly also keywords
        LEFT JOIN (
            SELECT goid
                , fields as keywords
            FROM pq_info_linking
        ) USING(goid) 
        INNER JOIN (
            SELECT university_id, normalizedname as institution
            FROM pq_unis --## mark: previously we linked advisors anywhere in the world (as career outcomes). for now, focus on US
            WHERE location like "%United States%"
        ) USING(university_id)
        WHERE year >= 1990 and year <= 2015
         


    SELECT f.AuthorId
        , f.year
        , f.YearLastPub
        , f.firstname
        , f.lastname
        , CASE TRIM(SUBSTR(f.middle_lastname, 1, f.l_fullname - f.l_firstname - f.l_lastname - 1)) 
            WHEN 
                "" THEN NULL 
                ELSE TRIM(SUBSTR(f.middle_lastname, 1, f.l_fullname - f.l_firstname - f.l_lastname - 1)) 
            END as middlename 
            -- ## NOTE this gives "" for middlename when it is missing 
        , f.fieldofstudy
        , g.keywords
        , g.coauthors
        , g.institution
        , g.main_us_institutions_year
         
        , f.year || ";" || f.YearLastPub AS year_range 
        , g.all_us_institutions_year
    
    FROM (
        SELECT a.AuthorId
            , a.YearFirstPub AS year
            , a.YearLastPub 
            , a.FirstName AS firstname
            , REPLACE(b.NormalizedName, RTRIM(b.NormalizedName, REPLACE(b.NormalizedName, " ", "")), "") AS lastname 
                    -- https://stackoverflow.com/questions/21388820/how-to-get-the-last-index-of-a-substring-in-sqlite
            , TRIM(SUBSTR(b.NormalizedName, length(a.FirstName) + 1)) AS middle_lastname 
                    -- this gives all except the first name 
            , length(b.NormalizedName) as l_fullname 
            , length(a.FirstName) as l_firstname
            , length(REPLACE(b.NormalizedName, RTRIM(b.NormalizedName, REPLACE(b.NormalizedName, " ", "")), "")) as l_lastname
            , e.NormalizedName AS fieldofstudy
        FROM author_sample AS a
        INNER JOIN (
            SELECT AuthorId, NormalizedName
            FROM Authors
        ) AS b USING(AuthorId)
        INNER JOIN (
            SELECT AuthorId
            FROM author_field0
            WHERE FieldOfStudyId_lvl0 IN (?)
                AND Degree <= 0
        ) USING(AuthorId)
        LEFT JOIN (
            SELECT AuthorId, NormalizedName
            FROM author_fields c
            INNER JOIN (
                SELECT FieldOfStudyId, NormalizedName
                FROM FieldsOfStudy
            ) AS d USING(FieldOfStudyId)
            -- ## Condition on fieldofstudy being in the level 0 id_field
            INNER JOIN (
                SELECT ParentFieldOfStudyId, ChildFieldOfStudyId
                FROM crosswalk_fields
                WHERE ParentLevel = 0
                    AND ParentFieldOfStudyId IN (?)
            ) AS e ON (e.ChildFieldOfStudyId = c.FieldOfStudyId)
            WHERE FieldClass = 'first'
        ) AS e USING(AuthorId)
    ) f
    LEFT JOIN (
        SELECT AuthorId
                , main_us_institutions_career as institution
                , coauthors
                , keywords
                , main_us_institutions_year
                , all_us_institutions_year
        FROM author_info_linking
    ) AS g USING(AuthorId)
    
    WHERE f.YearLastPub  >= 1990 - 5 AND year <= 2015 + 5 AND institution is not NULL
     

Time elapsed: 41.87626347541809 minutes 

Starting active labeling...
firstname : marc
lastname : holzer
middlename : None
year_range : (2008,)
main_us_institutions_year : ((2008, 'rutgers university'),)
all_us_institutions_year : ((2008, 'rutgers university'),)

firstname : marc
lastname : holzer
middlename : None
year_range : (1974, 2019)
main_us_institutions_year : ((1987, 'new york college of health professions'), (1993, 'rutgers university'), (1997, 'rutgers university'), (1999, 'rutgers university'), (2001, 'rutgers university'), (2003, 'rutgers university'), (2004, 'rutgers university'), (2005, 'rutgers university'), (2006, 'rutgers university'), (2007, 'rutgers university'), (2008, 'rutgers university'), (2009, 'rutgers university'), (2010, 'rutgers university'), (2011, 'rutgers university'), (2012, 'rutgers university'), (2014, 'rutgers university'), (2015, 'rutgers university'), (2016, 'rutgers university'), (2017, 'rutgers university'))
all_us_institutions_year : ((1987, 'new york college of health professions'), (1993, 'rutgers university'), (1997, 'rutgers university'), (1998, 'rutgers university'), (1999, 'rutgers university'), (2001, 'rutgers university'), (2003, 'rutgers university'), (2004, 'rutgers university'), (2005, 'rutgers university'), (2006, 'rutgers university'), (2007, 'rutgers university'), (2008, 'rutgers university'), (2009, 'rutgers university'), (2010, 'rutgers university'), (2011, 'rutgers university'), (2012, 'rutgers university'), (2014, 'rutgers university'), (2015, 'rutgers university'), (2016, 'rutgers university'), (2017, 'rutgers university'))

0/10 positive, 0/10 negative
Do these records refer to the same thing?
(y)es / (n)o / (u)nsure / (f)inished
firstname : john
lastname : yinger
middlename : None
year_range : (2010,)
main_us_institutions_year : ((2010, 'syracuse university'),)
all_us_institutions_year : ((2010, 'syracuse university'),)

firstname : john
lastname : yinger
middlename : None
year_range : (1976, 2021)
main_us_institutions_year : ((1976, 'harvard university'), (1977, 'harvard university'), (1978, 'harvard university'), (1979, 'harvard university'), (1982, 'harvard university'), (1986, 'harvard university'), (1988, 'syracuse university'), (1990, 'syracuse university'), (1991, 'syracuse university'), (1992, 'syracuse university'), (1993, 'syracuse university'), (1995, 'syracuse university'), (1997, 'syracuse university'), (1998, 'syracuse university'), (1999, 'syracuse university'), (2000, 'syracuse university'), (2002, 'syracuse university'), (2003, 'syracuse university'), (2005, 'syracuse university'), (2006, 'syracuse university'), (2007, 'syracuse university'), (2008, 'syracuse university'), (2010, 'syracuse university'), (2011, 'syracuse university'), (2014, 'syracuse university'), (2015, 'syracuse university'), (2016, 'syracuse university'), (2017, 'syracuse university'), (2020, 'syracuse university'), (2021, 'syracuse university'))
all_us_institutions_year : ((1976, 'harvard university'), (1977, 'harvard university'), (1978, 'harvard university'), (1979, 'harvard university'), (1982, 'harvard university'), (1983, 'harvard university'), (1986, 'harvard university'), (1988, 'syracuse university'), (1990, 'syracuse university'), (1991, 'syracuse university'), (1992, 'syracuse university'), (1993, 'syracuse university'), (1995, 'syracuse university'), (1997, 'syracuse university'), (1998, 'syracuse university'), (1999, 'syracuse university'), (2000, 'syracuse university'), (2001, 'syracuse university'), (2002, 'syracuse university'), (2003, 'syracuse university'), (2004, 'syracuse university'), (2005, 'syracuse university'), (2006, 'syracuse university'), (2007, 'syracuse university'), (2008, 'syracuse university'), (2009, 'syracuse university'), (2010, 'syracuse university'), (2011, 'syracuse university'), (2014, 'syracuse university'), (2015, 'syracuse university'), (2016, 'syracuse university'), (2017, 'syracuse university'), (2019, 'syracuse university'), (2020, 'syracuse university'), (2021, 'syracuse university'))

1/10 positive, 0/10 negative
Do these records refer to the same thing?
(y)es / (n)o / (u)nsure / (f)inished / (p)revious
firstname : brian
lastname : rubin
middlename : None
year_range : (2015,)
main_us_institutions_year : ((2015, 'northcentral university'),)
all_us_institutions_year : ((2015, 'northcentral university'),)

firstname : brian
lastname : rubineau
middlename : None
year_range : (2010, 2020)
main_us_institutions_year : ((2010, 'cornell university'), (2011, 'cornell university'), (2012, 'cornell university'))
all_us_institutions_year : ((2003, 'united states department of the navy'), (2007, 'cornell university'), (2008, 'cornell university'), (2010, 'cornell university'), (2011, 'cornell university'), (2012, 'cornell university'), (2013, 'cornell university'), (2019, 'cornell university'))

2/10 positive, 0/10 negative
Do these records refer to the same thing?
(y)es / (n)o / (u)nsure / (f)inished / (p)revious
firstname : jacob
lastname : rose
middlename : m
year_range : (2009,)
main_us_institutions_year : ((2009, 'southern illinois university at carbondale'),)
all_us_institutions_year : ((2009, 'southern illinois university at carbondale'),)

firstname : jacob
lastname : rosen
middlename : None
year_range : (2013, 2018)
main_us_institutions_year : ((2013, 'university of michigan'), (2015, 'massachusetts institute of technology'), (2016, 'massachusetts institute of technology'), (2016, 'mitre corporation'))
all_us_institutions_year : ((2013, 'university of michigan'), (2015, 'massachusetts institute of technology'), (2016, 'massachusetts institute of technology'), (2016, 'mitre corporation'), (2017, 'massachusetts institute of technology'), (2018, 'massachusetts institute of technology'))

2/10 positive, 1/10 negative
Do these records refer to the same thing?
(y)es / (n)o / (u)nsure / (f)inished / (p)revious
firstname : m
lastname : petecornell
middlename : elisabeth
year_range : (2000,)
main_us_institutions_year : ((2000, 'stanford university'),)
all_us_institutions_year : ((2000, 'stanford university'),)

firstname : m
lastname : patecornell
middlename : elisabeth
year_range : (1984, 2021)
main_us_institutions_year : ((1984, 'stanford university'), (1985, 'stanford university'), (1989, 'stanford university'), (1992, 'stanford university'), (1993, 'stanford university'), (1994, 'stanford university'), (1996, 'stanford university'), (1998, 'stanford university'), (1999, 'stanford university'), (2000, 'stanford university'), (2001, 'stanford university'), (2002, 'stanford university'), (2003, 'stanford university'), (2004, 'stanford university'), (2005, 'stanford university'), (2006, 'stanford university'), (2007, 'stanford university'), (2008, 'stanford university'), (2009, 'stanford university'), (2011, 'stanford university'), (2012, 'stanford university'), (2015, 'stanford university'), (2016, 'stanford university'), (2018, 'stanford university'), (2020, 'stanford university'), (2021, 'stanford university'))
all_us_institutions_year : ((1984, 'stanford university'), (1985, 'stanford university'), (1989, 'stanford university'), (1990, 'stanford university'), (1991, 'stanford university'), (1992, 'stanford university'), (1993, 'stanford university'), (1994, 'stanford university'), (1996, 'stanford university'), (1998, 'stanford university'), (1999, 'stanford university'), (2000, 'stanford university'), (2001, 'stanford university'), (2002, 'stanford university'), (2003, 'stanford university'), (2004, 'stanford university'), (2005, 'stanford university'), (2006, 'stanford university'), (2007, 'stanford university'), (2008, 'stanford university'), (2009, 'stanford university'), (2011, 'stanford university'), (2012, 'stanford university'), (2015, 'stanford university'), (2016, 'stanford university'), (2018, 'stanford university'), (2020, 'stanford university'), (2021, 'stanford university'))

2/10 positive, 2/10 negative
Do these records refer to the same thing?
(y)es / (n)o / (u)nsure / (f)inished / (p)revious
firstname : george
lastname : furstenburg
middlename : m von
year_range : (2001,)
main_us_institutions_year : ((2001, 'indiana university'),)
all_us_institutions_year : ((2001, 'indiana university'),)

firstname : george
lastname : furstenberg
middlename : m von
year_range : (1970, 2014)
main_us_institutions_year : ((1971, 'indiana university'), (1972, 'indiana university'), (1973, 'indiana university'), (1974, 'indiana university'), (1975, 'indiana university'), (1978, 'indiana university'), (1979, 'indiana university'), (1985, 'indiana university'), (1986, 'indiana university'), (1988, 'indiana university'), (1989, 'indiana university'), (1991, 'indiana university'), (1993, 'indiana university'), (1996, 'indiana university'), (1998, 'indiana university'), (2000, 'fordham university'), (2001, 'fordham university'), (2002, 'indiana university'), (2002, 'fordham university'), (2003, 'indiana university'), (2004, 'indiana university'), (2005, 'indiana university'), (2006, 'indiana university'), (2008, 'indiana university'), (2012, 'indiana university'))
all_us_institutions_year : ((1971, 'indiana university'), (1972, 'indiana university'), (1973, 'indiana university'), (1974, 'indiana university'), (1975, 'indiana university'), (1978, 'indiana university'), (1979, 'indiana university'), (1985, 'indiana university'), (1986, 'indiana university'), (1988, 'indiana university'), (1989, 'indiana university'), (1991, 'indiana university'), (1993, 'indiana university'), (1996, 'indiana university'), (1997, 'indiana university'), (1998, 'indiana university'), (2000, 'fordham university'), (2001, 'fordham university'), (2002, 'fordham university'), (2002, 'indiana university'), (2003, 'indiana university'), (2004, 'indiana university'), (2005, 'indiana university'), (2006, 'indiana university'), (2007, 'indiana university'), (2007, 'national science foundation'), (2008, 'indiana university'), (2008, 'national science foundation'), (2011, 'indiana university'), (2012, 'indiana university'), (2013, 'indiana university'))

3/10 positive, 2/10 negative
Do these records refer to the same thing?
(y)es / (n)o / (u)nsure / (f)inished / (p)revious
firstname : elise
lastname : sautler
middlename : truly
year_range : (2000,)
main_us_institutions_year : ((2000, 'new mexico state university'),)
all_us_institutions_year : ((2000, 'new mexico state university'),)

firstname : elise
lastname : sautter
middlename : truly
year_range : (1994, 1999)
main_us_institutions_year : ((1994, 'new mexico state university'), (1995, 'new mexico state university'), (1997, 'new mexico state university'), (1999, 'new mexico state university'))
all_us_institutions_year : ((1994, 'new mexico state university'), (1995, 'new mexico state university'), (1997, 'new mexico state university'), (1999, 'new mexico state university'))

4/10 positive, 2/10 negative
Do these records refer to the same thing?
(y)es / (n)o / (u)nsure / (f)inished / (p)revious
firstname : david
lastname : peterson
middlename : r
year_range : (1996,)
main_us_institutions_year : ((1996, 'florida state university'),)
all_us_institutions_year : ((1996, 'florida state university'),)

firstname : david
lastname : peters
middlename : h
year_range : (1991, 2021)
main_us_institutions_year : ((1991, 'johns hopkins university'), (1992, 'johns hopkins university'), (1993, 'johns hopkins university'), (1998, 'world bank'), (2000, 'world bank'), (2002, 'johns hopkins university'), (2003, 'johns hopkins university'), (2004, 'johns hopkins university'), (2005, 'johns hopkins university'), (2006, 'johns hopkins university'), (2007, 'johns hopkins university'), (2008, 'johns hopkins university'), (2009, 'johns hopkins university'), (2010, 'johns hopkins university'), (2011, 'johns hopkins university'), (2012, 'johns hopkins university'), (2013, 'johns hopkins university'), (2014, 'johns hopkins university'), (2015, 'johns hopkins university'), (2016, 'johns hopkins university'), (2017, 'johns hopkins university'), (2018, 'johns hopkins university'), (2019, 'johns hopkins university'), (2020, 'johns hopkins university'), (2021, 'johns hopkins university'))
all_us_institutions_year : ((1991, 'johns hopkins university'), (1992, 'johns hopkins university'), (1993, 'johns hopkins university'), (1998, 'world bank'), (2000, 'world bank'), (2001, 'world bank'), (2002, 'johns hopkins university'), (2003, 'johns hopkins university'), (2004, 'johns hopkins university'), (2005, 'johns hopkins university'), (2006, 'johns hopkins university'), (2007, 'johns hopkins university'), (2008, 'johns hopkins university'), (2009, 'johns hopkins university'), (2010, 'johns hopkins university'), (2011, 'johns hopkins university'), (2012, 'johns hopkins university'), (2013, 'johns hopkins university'), (2014, 'johns hopkins university'), (2015, 'johns hopkins university'), (2016, 'johns hopkins university'), (2017, 'johns hopkins university'), (2018, 'johns hopkins university'), (2019, 'johns hopkins university'), (2020, 'johns hopkins university'), (2021, 'johns hopkins university'))

5/10 positive, 2/10 negative
Do these records refer to the same thing?
(y)es / (n)o / (u)nsure / (f)inished / (p)revious
(y)es / (n)o / (u)nsure / (f)inished / (p)revious
firstname : randolph
lastname : bucklin
middlename : e
year_range : (2014,)
main_us_institutions_year : ((2014, 'university of california los angeles'),)
all_us_institutions_year : ((2014, 'university of california los angeles'),)

firstname : d
lastname : suckling
middlename : m
year_range : (1980, 2021)
main_us_institutions_year : None
all_us_institutions_year : ((2012, 'united states department of agriculture'),)

5/10 positive, 3/10 negative
Do these records refer to the same thing?
(y)es / (n)o / (u)nsure / (f)inished / (p)revious
firstname : salil
lastname : sarkar
middlename : k
year_range : (2005,)
main_us_institutions_year : ((2005, 'university of texas at arlington'),)
all_us_institutions_year : ((2005, 'university of texas at arlington'),)

firstname : s
lastname : das
middlename : k
year_range : (2008, 2009)
main_us_institutions_year : ((2008, 'university of texas at arlington'),)
all_us_institutions_year : ((2008, 'university of texas at arlington'), (2008, 'university of texas at austin'))

5/10 positive, 4/10 negative
Do these records refer to the same thing?
(y)es / (n)o / (u)nsure / (f)inished / (p)revious
firstname : mark
lastname : knapp
middlename : l
year_range : (2004,)
main_us_institutions_year : ((2004, 'university of texas at austin'),)
all_us_institutions_year : ((2004, 'university of texas at austin'),)

firstname : mark
lastname : williams
middlename : l
year_range : (1991, 2021)
main_us_institutions_year : ((1992, 'creighton university'), (1995, 'texas christian university'), (1996, 'university of miami'), (1996, 'university of texas health science center at houston'), (1997, 'university of miami'), (1997, 'university of texas health science center at houston'), (1998, 'university of miami'), (1999, 'university of texas health science center at houston'), (2000, 'university of texas health science center at houston'), (2001, 'university of texas health science center at houston'), (2002, 'university of texas health science center at houston'), (2002, 'university of texas at austin'), (2003, 'university of texas health science center at houston'), (2004, 'university of texas health science center at houston'), (2005, 'university of texas health science center at houston'), (2006, 'university of texas health science center at houston'), (2007, 'university of texas health science center at houston'), (2008, 'university of texas health science center at houston'), (2009, 'university of texas health science center at houston'), (2010, 'university of texas health science center at houston'), (2011, 'university of texas health science center at houston'), (2011, 'florida international university'), (2012, 'florida international university'), (2013, 'florida international university'), (2014, 'florida international university'), (2015, 'florida international university'), (2016, 'florida international university'), (2017, 'florida international university'), (2021, 'florida international university'))
all_us_institutions_year : ((1992, 'creighton university'), (1995, 'texas christian university'), (1996, 'university of miami'), (1996, 'university of texas health science center at houston'), (1997, 'university of miami'), (1997, 'university of texas health science center at houston'), (1998, 'university of miami'), (1998, 'university of texas health science center at houston'), (1999, 'university of texas health science center at houston'), (2000, 'university of miami'), (2000, 'university of texas health science center at houston'), (2001, 'university of miami'), (2001, 'university of texas health science center at houston'), (2002, 'university of texas at austin'), (2002, 'university of texas health science center at houston'), (2003, 'university of texas health science center at houston'), (2004, 'university of texas health science center at houston'), (2005, 'university of houston'), (2005, 'university of texas at austin'), (2005, 'university of texas health science center at houston'), (2006, 'university of texas at austin'), (2006, 'university of texas health science center at houston'), (2007, 'university of texas at austin'), (2007, 'university of texas health science center at houston'), (2008, 'university of texas at austin'), (2008, 'university of texas health science center at houston'), (2009, 'university of texas health science center at houston'), (2010, 'university of texas at austin'), (2010, 'university of texas health science center at houston'), (2011, 'florida international university'), (2011, 'university of texas health science center at houston'), (2012, 'florida international university'), (2012, 'university of texas at austin'), (2013, 'florida international university'), (2014, 'florida international university'), (2015, 'creighton university'), (2015, 'florida international university'), (2016, 'florida international university'), (2017, 'florida international university'), (2021, 'florida international university'))

5/10 positive, 5/10 negative
Do these records refer to the same thing?
(y)es / (n)o / (u)nsure / (f)inished / (p)revious
firstname : tridas
lastname : mukhopadhay
middlename : None
year_range : (2005,)
main_us_institutions_year : ((2005, 'carnegie mellon university'),)
all_us_institutions_year : ((2005, 'carnegie mellon university'),)

firstname : tridas
lastname : mukhopadhyay
middlename : None
year_range : (1989, 2019)
main_us_institutions_year : ((1989, 'carnegie mellon university'), (1991, 'carnegie mellon university'), (1992, 'carnegie mellon university'), (1994, 'carnegie mellon university'), (1995, 'carnegie mellon university'), (1996, 'carnegie mellon university'), (1997, 'carnegie mellon university'), (1998, 'carnegie mellon university'), (1999, 'carnegie mellon university'), (2001, 'carnegie mellon university'), (2002, 'carnegie mellon university'), (2003, 'carnegie mellon university'), (2004, 'carnegie mellon university'), (2005, 'carnegie mellon university'), (2006, 'carnegie mellon university'), (2007, 'carnegie mellon university'), (2008, 'carnegie mellon university'), (2009, 'carnegie mellon university'), (2011, 'carnegie mellon university'), (2012, 'carnegie mellon university'), (2014, 'carnegie mellon university'), (2015, 'carnegie mellon university'), (2016, 'carnegie mellon university'), (2017, 'carnegie mellon university'), (2019, 'carnegie mellon university'))
all_us_institutions_year : ((1989, 'carnegie mellon university'), (1991, 'carnegie mellon university'), (1992, 'carnegie mellon university'), (1994, 'carnegie mellon university'), (1995, 'carnegie mellon university'), (1996, 'carnegie mellon university'), (1997, 'carnegie mellon university'), (1998, 'carnegie mellon university'), (1999, 'carnegie mellon university'), (2000, 'carnegie mellon university'), (2001, 'carnegie mellon university'), (2002, 'carnegie mellon university'), (2003, 'carnegie mellon university'), (2004, 'carnegie mellon university'), (2005, 'carnegie mellon university'), (2006, 'carnegie mellon university'), (2007, 'carnegie mellon university'), (2008, 'carnegie mellon university'), (2009, 'carnegie mellon university'), (2010, 'carnegie mellon university'), (2011, 'carnegie mellon university'), (2012, 'carnegie mellon university'), (2014, 'carnegie mellon university'), (2015, 'carnegie mellon university'), (2016, 'carnegie mellon university'), (2017, 'carnegie mellon university'), (2019, 'carnegie mellon university'), (2020, 'carnegie mellon university'))

5/10 positive, 6/10 negative
Do these records refer to the same thing?
(y)es / (n)o / (u)nsure / (f)inished / (p)revious
firstname : nancy
lastname : rose
middlename : l
year_range : (2001,)
main_us_institutions_year : ((2001, 'massachusetts institute of technology'),)
all_us_institutions_year : ((2001, 'massachusetts institute of technology'),)

firstname : jeffrey
lastname : rosenblum
middlename : l
year_range : (2015, 2020)
main_us_institutions_year : ((2015, 'massachusetts institute of technology'), (2018, 'massachusetts institute of technology'), (2020, 'massachusetts institute of technology'))
all_us_institutions_year : ((2015, 'massachusetts institute of technology'), (2018, 'massachusetts institute of technology'), (2020, 'massachusetts institute of technology'))

6/10 positive, 6/10 negative
Do these records refer to the same thing?
(y)es / (n)o / (u)nsure / (f)inished / (p)revious
firstname : peter
lastname : timmer
middlename : None
year_range : (1993,)
main_us_institutions_year : ((1993, 'harvard university'),)
all_us_institutions_year : ((1993, 'harvard university'),)

firstname : venessa
lastname : timmerman
middlename : None
year_range : (2008, 2020)
main_us_institutions_year : ((2020, 'harvard university'),)
all_us_institutions_year : ((2020, 'harvard university'),)

6/10 positive, 7/10 negative
Do these records refer to the same thing?
(y)es / (n)o / (u)nsure / (f)inished / (p)revious
firstname : robert
lastname : atkins
middlename : None
year_range : (1994,)
main_us_institutions_year : ((1994, 'union institute'),)
all_us_institutions_year : ((1994, 'union institute'),)

firstname : robert
lastname : atkin
middlename : s
year_range : (1989, 1997)
main_us_institutions_year : ((1989, 'university of pittsburgh'), (1996, 'university of pittsburgh'), (1997, 'university of pittsburgh'))
all_us_institutions_year : ((1989, 'university of pittsburgh'), (1996, 'university of pittsburgh'), (1997, 'university of pittsburgh'))

6/10 positive, 8/10 negative
Do these records refer to the same thing?
(y)es / (n)o / (u)nsure / (f)inished / (p)revious
firstname : jim
lastname : holway
middlename : None
year_range : (2011,)
main_us_institutions_year : ((2011, 'arizona state university'),)
all_us_institutions_year : ((2011, 'arizona state university'),)

firstname : jim
lastname : ho
middlename : q
year_range : (2017, 2020)
main_us_institutions_year : ((2017, 'middlebury college'), (2018, 'middlebury college'), (2019, 'albert einstein college of medicine'), (2020, 'albert einstein college of medicine'))
all_us_institutions_year : ((2017, 'middlebury college'), (2017, 'united states department of veterans affairs'), (2018, 'middlebury college'), (2018, 'va palo alto healthcare system'), (2019, 'albert einstein college of medicine'), (2020, 'albert einstein college of medicine'))

6/10 positive, 8/10 negative
Do these records refer to the same thing?
(y)es / (n)o / (u)nsure / (f)inished / (p)revious
firstname : ram
lastname : tenkaski
middlename : None
year_range : (2000,)
main_us_institutions_year : ((2000, 'benedictine university'),)
all_us_institutions_year : ((2000, 'benedictine university'),)

firstname : ramkrishnan
lastname : tenkasi
middlename : v
year_range : (1992, 2020)
main_us_institutions_year : ((1992, 'case western reserve university'), (1995, 'university of southern california'), (1996, 'university of southern california'), (2003, 'benedictine university'), (2004, 'benedictine university'), (2008, 'benedictine university'), (2016, 'benedictine university'), (2017, 'benedictine university'))
all_us_institutions_year : ((1992, 'case western reserve university'), (1994, 'case western reserve university'), (1995, 'university of southern california'), (1996, 'university of southern california'), (2003, 'benedictine university'), (2004, 'benedictine university'), (2008, 'benedictine university'), (2015, 'benedictine university'), (2016, 'benedictine university'), (2017, 'benedictine university'))

6/10 positive, 9/10 negative
Do these records refer to the same thing?
(y)es / (n)o / (u)nsure / (f)inished / (p)revious
firstname : gary
lastname : olson
middlename : None
year_range : (1995,)
main_us_institutions_year : ((1995, 'university of michigan'),)
all_us_institutions_year : ((1995, 'university of michigan'),)

firstname : gary
lastname : olson
middlename : a
year_range : (1984, 2013)
main_us_institutions_year : ((1989, 'university of south florida'), (1992, 'university of south florida'))
all_us_institutions_year : ((1989, 'university of south florida'), (1990, 'university of south florida'), (1992, 'university of south florida'))

7/10 positive, 9/10 negative
Do these records refer to the same thing?
(y)es / (n)o / (u)nsure / (f)inished / (p)revious
firstname : mayuram
lastname : krishnan
middlename : s
year_range : (2006,)
main_us_institutions_year : ((2006, 'university of michigan'),)
all_us_institutions_year : ((2006, 'university of michigan'),)

firstname : m
lastname : krishnan
middlename : None
year_range : (2009, 2021)
main_us_institutions_year : ((2010, 'vanderbilt university medical center'), (2010, 'vanderbilt university'), (2011, 'vanderbilt university'), (2012, 'vanderbilt university'), (2013, 'university of california'), (2013, 'vanderbilt university medical center'), (2013, 'vanderbilt university'), (2014, 'university of california berkeley'))
all_us_institutions_year : ((2010, 'vanderbilt university'), (2010, 'vanderbilt university medical center'), (2011, 'vanderbilt university'), (2011, 'vanderbilt university medical center'), (2012, 'vanderbilt university'), (2013, 'university of california'), (2013, 'vanderbilt university'), (2013, 'vanderbilt university medical center'), (2014, 'university of california berkeley'))

7/10 positive, 9/10 negative
Do these records refer to the same thing?
(y)es / (n)o / (u)nsure / (f)inished / (p)revious
firstname : james
lastname : anderson
middlename : c
year_range : (1998,)
main_us_institutions_year : ((1998, 'northwestern university'),)
all_us_institutions_year : ((1998, 'northwestern university'),)

firstname : j
lastname : anderson
middlename : None
year_range : (1993, 2013)
main_us_institutions_year : ((1993, 'utah state university'), (1997, 'utah state university'), (2004, 'utah state university'), (2009, 'utah state university'), (2011, 'utah state university'), (2013, 'utah state university'))
all_us_institutions_year : ((1993, 'utah state university'), (1997, 'utah state university'), (2004, 'utah state university'), (2009, 'utah state university'), (2011, 'utah state university'), (2013, 'utah state university'))

7/10 positive, 9/10 negative
Do these records refer to the same thing?
(y)es / (n)o / (u)nsure / (f)inished / (p)revious
firstname : joanne
lastname : barnes
middlename : None
year_range : (2014,)
main_us_institutions_year : ((2014, 'indiana wesleyan university'),)
all_us_institutions_year : ((2014, 'indiana wesleyan university'),)

firstname : j
lastname : barnes
middlename : c
year_range : (2007, 2021)
main_us_institutions_year : ((2007, 'university of south carolina'), (2008, 'florida state university'), (2009, 'florida state university'), (2010, 'university of texas at dallas'), (2011, 'university of texas at dallas'), (2012, 'university of texas at dallas'), (2013, 'university of texas at dallas'), (2014, 'university of texas at dallas'), (2015, 'university of cincinnati'), (2016, 'university of cincinnati'), (2017, 'university of cincinnati'), (2018, 'university of cincinnati'), (2019, 'university of cincinnati'), (2020, 'university of cincinnati'), (2021, 'university of cincinnati'))
all_us_institutions_year : ((2007, 'university of south carolina'), (2008, 'florida state university'), (2009, 'florida state university'), (2010, 'florida state university'), (2010, 'university of texas at dallas'), (2011, 'university of texas at austin'), (2011, 'university of texas at dallas'), (2012, 'university of texas at dallas'), (2013, 'florida state university'), (2013, 'university of texas at dallas'), (2014, 'university of cincinnati'), (2014, 'university of texas at dallas'), (2015, 'university of cincinnati'), (2015, 'university of texas at dallas'), (2016, 'university of cincinnati'), (2016, 'university of texas at dallas'), (2017, 'university of cincinnati'), (2018, 'university of cincinnati'), (2019, 'university of cincinnati'), (2020, 'university of cincinnati'), (2021, 'university of cincinnati'))

7/10 positive, 9/10 negative
Do these records refer to the same thing?
(y)es / (n)o / (u)nsure / (f)inished / (p)revious
firstname : roberto
lastname : gutierrez
middlename : None
year_range : (2011,)
main_us_institutions_year : ((2011, 'university of oregon'),)
all_us_institutions_year : ((2011, 'university of oregon'),)

firstname : r
lastname : gutierrez
middlename : j
year_range : (1973, 2021)
main_us_institutions_year : ((1981, 'humboldt state university'), (1983, 'university of california berkeley'), (1987, 'humboldt state university'), (1989, 'humboldt state university'), (1990, 'humboldt state university'), (1991, 'humboldt state university'), (1992, 'humboldt state university'), (1994, 'humboldt state university'), (1995, 'humboldt state university'), (1996, 'humboldt state university'), (1998, 'humboldt state university'), (1999, 'humboldt state university'), (2000, 'humboldt state university'), (2001, 'humboldt state university'), (2001, 'university of minnesota'), (2002, 'humboldt state university'), (2002, 'university of minnesota'), (2003, 'humboldt state university'), (2003, 'university of minnesota'), (2004, 'university of minnesota'), (2005, 'university of minnesota'), (2006, 'university of minnesota'), (2007, 'university of minnesota'), (2008, 'university of minnesota'), (2009, 'university of minnesota'), (2010, 'university of minnesota'), (2011, 'university of minnesota'), (2012, 'university of minnesota'), (2013, 'university of minnesota'), (2014, 'university of minnesota'), (2015, 'university of minnesota'), (2016, 'university of minnesota'), (2017, 'university of minnesota'), (2018, 'university of wisconsin madison'), (2019, 'university of wisconsin madison'), (2020, 'university of wisconsin madison'), (2021, 'university of wisconsin madison'))
all_us_institutions_year : ((1981, 'humboldt state university'), (1983, 'university of california berkeley'), (1987, 'humboldt state university'), (1989, 'humboldt state university'), (1990, 'humboldt state university'), (1991, 'humboldt state university'), (1992, 'humboldt state university'), (1994, 'humboldt state university'), (1995, 'humboldt state university'), (1996, 'humboldt state university'), (1998, 'humboldt state university'), (1999, 'humboldt state university'), (2000, 'humboldt state university'), (2001, 'humboldt state university'), (2001, 'university of minnesota'), (2002, 'humboldt state university'), (2002, 'university of minnesota'), (2003, 'humboldt state university'), (2003, 'university of minnesota'), (2004, 'university of minnesota'), (2005, 'university of minnesota'), (2006, 'university of minnesota'), (2007, 'university of minnesota'), (2008, 'university of minnesota'), (2009, 'university of minnesota'), (2010, 'university of minnesota'), (2011, 'university of minnesota'), (2012, 'university of minnesota'), (2013, 'university of minnesota'), (2014, 'university of minnesota'), (2015, 'university of minnesota'), (2016, 'university of minnesota'), (2017, 'university of minnesota'), (2017, 'university of wisconsin madison'), (2018, 'university of minnesota'), (2018, 'university of wisconsin madison'), (2019, 'university of minnesota'), (2019, 'university of wisconsin madison'), (2020, 'university of minnesota'), (2020, 'university of wisconsin madison'), (2021, 'university of minnesota'), (2021, 'university of wisconsin madison'))

7/10 positive, 9/10 negative
Do these records refer to the same thing?
(y)es / (n)o / (u)nsure / (f)inished / (p)revious
firstname : m
lastname : miller
middlename : mark
year_range : (1990,)
main_us_institutions_year : ((1990, 'university of tennessee'),)
all_us_institutions_year : ((1990, 'university of tennessee'),)

firstname : mark
lastname : miller
middlename : m
year_range : (1993, 2017)
main_us_institutions_year : ((2001, 'university of southern mississippi'), (2003, 'university of southern mississippi'), (2007, 'university of southern mississippi'), (2008, 'university of southern mississippi'), (2011, 'university of southern mississippi'), (2016, 'university of southern mississippi'), (2017, 'university of southern mississippi'))
all_us_institutions_year : ((2001, 'university of southern mississippi'), (2003, 'university of southern mississippi'), (2007, 'university of southern mississippi'), (2008, 'university of southern mississippi'), (2011, 'university of southern mississippi'), (2016, 'university of southern mississippi'), (2017, 'university of southern mississippi'))

7/10 positive, 9/10 negative
Do these records refer to the same thing?
(y)es / (n)o / (u)nsure / (f)inished / (p)revious
firstname : akhil
lastname : kumar
middlename : None
year_range : (2011,)
main_us_institutions_year : ((2011, 'pennsylvania state university'),)
all_us_institutions_year : ((2011, 'pennsylvania state university'),)

firstname : a
lastname : kumar
middlename : None
year_range : (1971, 2019)
main_us_institutions_year : ((1983, 'bell labs'),)
all_us_institutions_year : ((1983, 'bell labs'),)

7/10 positive, 9/10 negative
Do these records refer to the same thing?
(y)es / (n)o / (u)nsure / (f)inished / (p)revious
firstname : d
lastname : lee
middlename : scott
year_range : (2002,)
main_us_institutions_year : ((2002, 'texas a m university college station'),)
all_us_institutions_year : ((2002, 'texas a m university college station'),)

firstname : dongyoung
lastname : lee
middlename : None
year_range : (2011, 2020)
main_us_institutions_year : ((2011, 'university of utah'),)
all_us_institutions_year : ((2010, 'university of utah'), (2011, 'university of utah'))

7/10 positive, 9/10 negative
Do these records refer to the same thing?
(y)es / (n)o / (u)nsure / (f)inished / (p)revious
firstname : steven
lastname : berry
middlename : t
year_range : (1998,)
main_us_institutions_year : ((1998, 'yale university'),)
all_us_institutions_year : ((1998, 'yale university'),)

firstname : steve
lastname : berry
middlename : None
year_range : (2002, 2017)
main_us_institutions_year : ((2007, 'university of colorado colorado springs'),)
all_us_institutions_year : ((2007, 'university of colorado colorado springs'),)

7/10 positive, 9/10 negative
Do these records refer to the same thing?
(y)es / (n)o / (u)nsure / (f)inished / (p)revious
firstname : s
lastname : kothari
middlename : p
year_range : (1997,)
main_us_institutions_year : ((1997, 'university of rochester'),)
all_us_institutions_year : ((1997, 'university of rochester'),)

firstname : siddharth
lastname : kothari
middlename : None
year_range : (2013, 2021)
main_us_institutions_year : ((2013, 'stanford university'), (2021, 'international monetary fund'))
all_us_institutions_year : ((2013, 'stanford university'), (2014, 'international monetary fund'), (2014, 'stanford university'), (2016, 'international monetary fund'), (2018, 'international monetary fund'), (2020, 'international monetary fund'), (2021, 'international monetary fund'))

7/10 positive, 10/10 negative
Do these records refer to the same thing?
(y)es / (n)o / (u)nsure / (f)inished / (p)revious
firstname : hd
lastname : vinod
middlename : None
year_range : (2008,)
main_us_institutions_year : ((2008, 'fordham university'),)
all_us_institutions_year : ((2008, 'fordham university'),)

firstname : hrishikesh
lastname : vinod
middlename : d
year_range : (1968, 2020)
main_us_institutions_year : ((1970, 'mathematica policy research'), (1973, 'bell labs'), (1976, 'bell labs'), (1978, 'at t corporation'), (1979, 'at t corporation'), (1980, 'at t corporation'), (1982, 'bell labs'), (1984, 'fordham university'), (1985, 'fordham university'), (1987, 'fordham university'), (1989, 'fordham university'), (1993, 'fordham university'), (1994, 'fordham university'), (1995, 'fordham university'), (1996, 'fordham university'), (1997, 'fordham university'), (1998, 'fordham university'), (1999, 'fordham university'), (2000, 'fordham university'), (2002, 'fordham university'), (2003, 'fordham university'), (2004, 'fordham university'), (2006, 'fordham university'), (2008, 'fordham university'), (2009, 'fordham university'), (2013, 'fordham university'), (2014, 'fordham university'), (2017, 'fordham university'), (2019, 'fordham university'), (2020, 'fordham university'))
all_us_institutions_year : ((1970, 'mathematica policy research'), (1973, 'bell labs'), (1976, 'bell labs'), (1978, 'at t corporation'), (1979, 'at t corporation'), (1980, 'at t corporation'), (1982, 'bell labs'), (1984, 'fordham university'), (1985, 'fordham university'), (1987, 'fordham university'), (1989, 'fordham university'), (1990, 'fordham university'), (1993, 'fordham university'), (1994, 'fordham university'), (1995, 'fordham university'), (1996, 'fordham university'), (1997, 'fordham university'), (1998, 'fordham university'), (1999, 'fordham university'), (2000, 'fordham university'), (2001, 'fordham university'), (2002, 'fordham university'), (2003, 'fordham university'), (2004, 'brooklyn law school'), (2004, 'fordham university'), (2005, 'fordham university'), (2006, 'fordham university'), (2007, 'fordham university'), (2008, 'fordham university'), (2009, 'fordham university'), (2010, 'fordham university'), (2011, 'fordham university'), (2012, 'fordham university'), (2013, 'fordham university'), (2014, 'fordham university'), (2015, 'fordham university'), (2016, 'fordham university'), (2017, 'fordham university'), (2018, 'fordham university'), (2019, 'fordham university'), (2020, 'fordham university'), (2021, 'fordham university'))

7/10 positive, 11/10 negative
Do these records refer to the same thing?
(y)es / (n)o / (u)nsure / (f)inished / (p)revious
firstname : william
lastname : wells
middlename : None
year_range : (1997,)
main_us_institutions_year : ((1997, 'university of minnesota'),)
all_us_institutions_year : ((1997, 'university of minnesota'),)

firstname : william
lastname : wells
middlename : None
year_range : (2002, 2021)
main_us_institutions_year : ((2002, 'southern illinois university carbondale'), (2003, 'southern illinois university carbondale'), (2004, 'southern illinois university carbondale'), (2005, 'southern illinois university carbondale'), (2006, 'southern illinois university carbondale'), (2007, 'southern illinois university carbondale'), (2007, 'sam houston state university'), (2010, 'sam houston state university'), (2011, 'sam houston state university'), (2012, 'sam houston state university'), (2015, 'sam houston state university'), (2016, 'sam houston state university'), (2017, 'sam houston state university'), (2018, 'sam houston state university'), (2019, 'sam houston state university'), (2020, 'sam houston state university'), (2021, 'sam houston state university'))
all_us_institutions_year : ((2002, 'southern illinois university carbondale'), (2003, 'southern illinois university carbondale'), (2004, 'southern illinois university carbondale'), (2005, 'southern illinois university carbondale'), (2006, 'southern illinois university carbondale'), (2007, 'sam houston state university'), (2007, 'southern illinois university carbondale'), (2010, 'sam houston state university'), (2011, 'sam houston state university'), (2012, 'bowling green state university'), (2012, 'sam houston state university'), (2015, 'sam houston state university'), (2016, 'sam houston state university'), (2017, 'sam houston state university'), (2018, 'sam houston state university'), (2019, 'sam houston state university'), (2020, 'sam houston state university'), (2021, 'sam houston state university'))

8/10 positive, 11/10 negative
Do these records refer to the same thing?
(y)es / (n)o / (u)nsure / (f)inished / (p)revious
firstname : eric
lastname : eisenstein
middlename : m
year_range : (2013,)
main_us_institutions_year : ((2013, 'temple university'),)
all_us_institutions_year : ((2013, 'temple university'),)

firstname : eric
lastname : eisenstein
middlename : m
year_range : (2006, 2008)
main_us_institutions_year : ((2006, 'cornell university'), (2008, 'cornell university'))
all_us_institutions_year : ((2006, 'cornell university'), (2008, 'cornell university'))

8/10 positive, 12/10 negative
Do these records refer to the same thing?
(y)es / (n)o / (u)nsure / (f)inished / (p)revious
firstname : haitao
lastname : li
middlename : None
year_range : (2012,)
main_us_institutions_year : ((2012, 'university of michigan'),)
all_us_institutions_year : ((2012, 'university of michigan'),)

firstname : haitao
lastname : li
middlename : None
year_range : (2009, 2021)
main_us_institutions_year : ((2009, 'university of missouri st louis'), (2011, 'university of missouri st louis'), (2011, 'chinese academy of sciences'), (2012, 'university of missouri st louis'), (2013, 'university of missouri st louis'), (2014, 'university of missouri st louis'), (2015, 'university of missouri st louis'), (2015, 'chinese academy of sciences'), (2016, 'university of missouri st louis'), (2016, 'chinese academy of sciences'), (2017, 'university of missouri st louis'), (2019, 'university of missouri st louis'), (2020, 'university of missouri st louis'), (2021, 'university of missouri st louis'))
all_us_institutions_year : ((2009, 'university of missouri st louis'), (2011, 'chinese academy of sciences'), (2011, 'university of missouri st louis'), (2012, 'university of missouri st louis'), (2013, 'university of missouri'), (2013, 'university of missouri st louis'), (2014, 'chinese academy of sciences'), (2014, 'university of missouri st louis'), (2015, 'chinese academy of sciences'), (2015, 'university of missouri st louis'), (2016, 'chinese academy of sciences'), (2016, 'university of missouri st louis'), (2017, 'university of missouri st louis'), (2019, 'university of missouri st louis'), (2020, 'university of missouri st louis'), (2021, 'university of missouri st louis'))

8/10 positive, 13/10 negative
Do these records refer to the same thing?
(y)es / (n)o / (u)nsure / (f)inished / (p)revious
firstname : p
lastname : varadarajan
middlename : rajan
year_range : (1999,)
main_us_institutions_year : ((1999, 'texas a m university college station'),)
all_us_institutions_year : ((1999, 'texas a m university college station'),)

firstname : p
lastname : varadarajan
middlename : rajan
year_range : (1985, 2013)
main_us_institutions_year : ((2013, 'university of massachusetts amherst'),)
all_us_institutions_year : ((2013, 'university of massachusetts amherst'),)

8/10 positive, 13/10 negative
Do these records refer to the same thing?
(y)es / (n)o / (u)nsure / (f)inished / (p)revious
firstname : lynne
lastname : zucker
middlename : None
year_range : (2007,)
main_us_institutions_year : ((2007, 'university of southern california'),)
all_us_institutions_year : ((2007, 'university of southern california'),)

firstname : lynne
lastname : zucker
middlename : g
year_range : (1977, 2020)
main_us_institutions_year : ((1987, 'university of california los angeles'), (1996, 'university of california los angeles'), (1997, 'university of california los angeles'), (1998, 'university of california los angeles'), (2002, 'university of california los angeles'), (2003, 'university of california los angeles'), (2004, 'university of california los angeles'), (2007, 'university of california los angeles'), (2007, 'national bureau of economic research'), (2009, 'duke university'), (2016, 'university of california los angeles'), (2019, 'university of california los angeles'))
all_us_institutions_year : ((1987, 'university of california los angeles'), (1994, 'national bureau of economic research'), (1994, 'university of california los angeles'), (1995, 'national bureau of economic research'), (1995, 'university of california los angeles'), (1996, 'national bureau of economic research'), (1996, 'university of california los angeles'), (1997, 'national bureau of economic research'), (1997, 'university of california los angeles'), (1998, 'national bureau of economic research'), (1998, 'university of california los angeles'), (1999, 'national bureau of economic research'), (1999, 'university of california los angeles'), (2001, 'national bureau of economic research'), (2001, 'university of california los angeles'), (2002, 'national bureau of economic research'), (2002, 'university of california los angeles'), (2003, 'national bureau of economic research'), (2003, 'university of california los angeles'), (2004, 'university of california los angeles'), (2005, 'university of california los angeles'), (2006, 'national bureau of economic research'), (2006, 'university of california los angeles'), (2007, 'national bureau of economic research'), (2007, 'university of california los angeles'), (2008, 'national bureau of economic research'), (2008, 'university of california los angeles'), (2009, 'duke university'), (2011, 'national bureau of economic research'), (2011, 'university of california los angeles'), (2014, 'national bureau of economic research'), (2014, 'university of california los angeles'), (2015, 'national bureau of economic research'), (2015, 'university of california los angeles'), (2016, 'university of california los angeles'), (2019, 'university of california los angeles'))

8/10 positive, 13/10 negative
Do these records refer to the same thing?
(y)es / (n)o / (u)nsure / (f)inished / (p)revious
firstname : christine
lastname : mcphail
middlename : johnson
year_range : (2003,)
main_us_institutions_year : ((2003, 'morgan state university'),)
all_us_institutions_year : ((2003, 'morgan state university'),)

firstname : christine
lastname : mcphail
middlename : johnson
year_range : (2016, 2019)
main_us_institutions_year : ((2016, 'american university'), (2019, 'american university'))
all_us_institutions_year : ((2016, 'american university'), (2019, 'american university'))

9/10 positive, 13/10 negative
Do these records refer to the same thing?
(y)es / (n)o / (u)nsure / (f)inished / (p)revious
firstname : wayne
lastname : lee
middlename : y
year_range : (1998,)
main_us_institutions_year : ((1998, 'kent state university'),)
all_us_institutions_year : ((1998, 'kent state university'),)

firstname : wayne
lastname : lee
middlename : y
year_range : (1986, 1997)
main_us_institutions_year : ((1986, 'santa clara university'), (1990, 'santa clara university'))
all_us_institutions_year : ((1986, 'santa clara university'), (1990, 'santa clara university'), (1997, 'university of arkansas'))

9/10 positive, 14/10 negative
Do these records refer to the same thing?
(y)es / (n)o / (u)nsure / (f)inished / (p)revious
firstname : lyle
lastname : yorks
middlename : None
year_range : (2012,)
main_us_institutions_year : ((2012, 'teachers college columbia university'),)
all_us_institutions_year : ((2012, 'teachers college columbia university'),)

firstname : lyle
lastname : yorks
middlename : None
year_range : (1976, 2020)
main_us_institutions_year : ((1985, 'eastern connecticut state university'), (2001, 'columbia university'), (2002, 'columbia university'), (2004, 'columbia university'), (2006, 'columbia university'), (2007, 'columbia university'), (2008, 'eastern connecticut state university'), (2009, 'columbia university'), (2010, 'columbia university'), (2011, 'columbia university'), (2012, 'columbia university'), (2013, 'columbia university'), (2014, 'columbia university'), (2015, 'columbia university'), (2016, 'columbia university'), (2017, 'columbia university'), (2018, 'columbia university'), (2020, 'columbia university'))
all_us_institutions_year : ((1985, 'eastern connecticut state university'), (2001, 'columbia university'), (2002, 'columbia university'), (2004, 'columbia university'), (2006, 'columbia university'), (2007, 'columbia university'), (2008, 'eastern connecticut state university'), (2009, 'columbia university'), (2010, 'columbia university'), (2011, 'columbia university'), (2012, 'columbia university'), (2013, 'columbia university'), (2014, 'columbia university'), (2015, 'columbia university'), (2016, 'columbia university'), (2017, 'columbia university'), (2018, 'columbia university'), (2019, 'columbia university'), (2020, 'columbia university'))

9/10 positive, 14/10 negative
Do these records refer to the same thing?
(y)es / (n)o / (u)nsure / (f)inished / (p)revious
firstname : patricia
lastname : walker
middlename : hinton
year_range : (1997,)
main_us_institutions_year : ((1997, 'university of rochester school of nursing'),)
all_us_institutions_year : ((1997, 'university of rochester school of nursing'),)

firstname : patricia
lastname : walker
middlename : hinton
year_range : (1994, 2016)
main_us_institutions_year : ((2002, 'uniformed services university of the health sciences'), (2005, 'uniformed services university of the health sciences'), (2008, 'uniformed services university of the health sciences'), (2010, 'uniformed services university of the health sciences'), (2013, 'uniformed services university of the health sciences'), (2014, 'uniformed services university of the health sciences'), (2016, 'uniformed services university of the health sciences'))
all_us_institutions_year : ((2002, 'uniformed services university of the health sciences'), (2005, 'uniformed services university of the health sciences'), (2008, 'uniformed services university of the health sciences'), (2010, 'uniformed services university of the health sciences'), (2013, 'uniformed services university of the health sciences'), (2014, 'uniformed services university of the health sciences'), (2015, 'uniformed services university of the health sciences'), (2016, 'uniformed services university of the health sciences'))

10/10 positive, 14/10 negative
Do these records refer to the same thing?
(y)es / (n)o / (u)nsure / (f)inished / (p)revious
firstname : j
lastname : choi
middlename : jay
year_range : (1996,)
main_us_institutions_year : ((1996, 'temple university'),)
all_us_institutions_year : ((1996, 'temple university'),)

firstname : jaeyoung
lastname : choi
middlename : None
year_range : (1990, 2021)
main_us_institutions_year : None
all_us_institutions_year : ((2013, 'world bank'), (2015, 'georgia institute of technology'))

11/10 positive, 14/10 negative
Do these records refer to the same thing?
(y)es / (n)o / (u)nsure / (f)inished / (p)revious
Finished labeling
Done in 56.79188270171483 minutes.
