Namespace(testing=False, verbose=1, field=['biology'], train_name='flavio_baseline', startyear=1985, endyear=2022, mergemode='1:1', recall=0.9, institution='False', fieldofstudy_cat='False', fieldofstudy_str='False', keywords='False', retrain='True', linking_type='grants')
Have max 6 cores available
Testing is False 

finished setup ... 
firstname : william
lastname : smith
middlename : o
us_institutions_year : (('2011', 'cornell university'), ('2017', 'cornell university'))

firstname : william
lastname : smith vaniz
middlename : f
us_institutions_year : (('1976', 'academy of natural sciences philadelphia'),)

0/10 positive, 0/10 negative
Do these records refer to the same thing?
(y)es / (n)o / (u)nsure / (f)inished

        SELECT a.GrantID, CAST(SUBSTR(a.Award_AwardEffectiveDate, 7, 4) AS INT) AS year
            , b.institution, c.firstname, c.lastname, c.middlename
            , '' AS keywords, '' AS coauthors -- # necessary for current code structure
            , CAST(SUBSTR(a.Award_AwardEffectiveDate, 7, 4) AS INT) || "//" || b.institution AS us_institutions_year
        FROM NSF_MAIN as a 
        INNER JOIN (
            SELECT GrantID, Name AS institution
            FROM NSF_Institution
        ) b 
        USING (GrantID)
        INNER JOIN (
            SELECT GrantID
                , FirstName AS firstname
                , LastName AS lastname
                , PIMidInit AS middlename --# NOTE: PISufxName is often "Jr", "Mr", JR, ... 
            FROM NSF_Investigator
            WHERE RoleCode = 'principal investigator'
        ) c
        USING (GrantID)
        WHERE AWARD_TranType = 'grant' AND AWARD_Agency = 'nsf' 
            AND a.AwardInstrument_Value IN ('standard grant', 'continuing grant')
            AND a.Organization_Directorate_ShortName IN ('BIOLOGICAL SCIENCES')
            AND c.lastname != 'data not available'
         


    SELECT f.AuthorId
        , f.year
        , f.YearLastPub
        , f.firstname
        , f.lastname
        , CASE TRIM(SUBSTR(f.middle_lastname, 1, f.l_fullname - f.l_firstname - f.l_lastname - 1)) 
            WHEN 
                "" THEN NULL 
                ELSE TRIM(SUBSTR(f.middle_lastname, 1, f.l_fullname - f.l_firstname - f.l_lastname - 1)) 
            END as middlename 
            -- ## NOTE this gives "" for middlename when it is missing 
        , f.fieldofstudy
        , g.keywords
        , g.coauthors
        , g.institution
        , g.us_institutions_year
    FROM (
        SELECT a.AuthorId
            , a.YearFirstPub AS year
            , a.YearLastPub 
            , a.FirstName AS firstname
            , REPLACE(b.NormalizedName, RTRIM(b.NormalizedName, REPLACE(b.NormalizedName, " ", "")), "") AS lastname 
                    -- https://stackoverflow.com/questions/21388820/how-to-get-the-last-index-of-a-substring-in-sqlite
            , TRIM(SUBSTR(b.NormalizedName, length(a.FirstName) + 1)) AS middle_lastname 
                    -- this gives all except the first name 
            , length(b.NormalizedName) as l_fullname 
            , length(a.FirstName) as l_firstname
            , length(REPLACE(b.NormalizedName, RTRIM(b.NormalizedName, REPLACE(b.NormalizedName, " ", "")), "")) as l_lastname
            , e.NormalizedName AS fieldofstudy
        FROM author_sample AS a
        INNER JOIN (
            SELECT AuthorId, NormalizedName
            FROM Authors
        ) AS b USING(AuthorId)
        INNER JOIN (
            -- ## mark: different from linking graduates. filter on field0
            SELECT AuthorId, NormalizedName
            FROM author_fields c
            INNER JOIN (
                SELECT FieldOfStudyId, NormalizedName
                FROM FieldsOfStudy
            ) AS d USING(FieldOfStudyId)
            WHERE FieldClass = 'main'
                AND FieldOfStudyId IN (?)
        ) AS e USING(AuthorId)
    ) f
    LEFT JOIN (
        SELECT AuthorId
                , us_institutions_career as institution
                , coauthors
                , keywords
                , us_institutions_year
        FROM author_info_linking
    ) AS g USING(AuthorId)
    
    WHERE length(firstname) > 1 AND f.YearLastPub >= 1985 - 5 AND year <= 2022 + 5 AND institution is not NULL
     

Starting active labeling...
firstname : jack
lastname : su
middlename : meng fen
us_institutions_year : (('2013', 'baylor college of medicine'), ('2014', 'baylor college of medicine'), ('2020', 'baylor college of medicine'))

firstname : jack
lastname : shannon
middlename : c
us_institutions_year : (('1994', 'pennsylvania state univ university park'),)

1/10 positive, 0/10 negative
Do these records refer to the same thing?
(y)es / (n)o / (u)nsure / (f)inished / (p)revious
firstname : william
lastname : smith
middlename : o
us_institutions_year : (('2011', 'cornell university'), ('2017', 'cornell university'))

firstname : william
lastname : smith vaniz
middlename : f
us_institutions_year : (('1976', 'academy of natural sciences philadelphia'),)

0/10 positive, 0/10 negative
Do these records refer to the same thing?
(y)es / (n)o / (u)nsure / (f)inished
firstname : jack
lastname : su
middlename : meng fen
us_institutions_year : (('2013', 'baylor college of medicine'), ('2014', 'baylor college of medicine'), ('2020', 'baylor college of medicine'))

firstname : jack
lastname : shannon
middlename : c
us_institutions_year : (('1994', 'pennsylvania state univ university park'),)

0/10 positive, 1/10 negative
Do these records refer to the same thing?
(y)es / (n)o / (u)nsure / (f)inished / (p)revious
firstname : david
lastname : gray
middlename : r
us_institutions_year : (('1979', 'virginia tech'), ('1981', 'virginia tech'), ('1982', 'virginia tech'), ('1983', 'virginia tech'), ('1984', 'virginia tech'), ('1991', 'virginia tech'), ('1995', 'virginia tech'), ('1998', 'virginia tech'))

firstname : david
lastname : grunwald
middlename : None
us_institutions_year : (('2019', 'university of massachusetts medical school'),)

0/10 positive, 2/10 negative
Do these records refer to the same thing?
(y)es / (n)o / (u)nsure / (f)inished / (p)revious
firstname : ruth
lastname : francisfloyd
middlename : None
us_institutions_year : (('1985', 'mississippi state university'), ('1988', 'mississippi state university'), ('1991', 'university of florida'), ('1993', 'university of florida'), ('1995', 'university of florida'), ('1997', 'university of florida'), ('1998', 'university of florida'), ('1999', 'university of florida'), ('2001', 'university of florida'), ('2004', 'university of florida'), ('2006', 'university of florida'), ('2018', 'university of florida'), ('2019', 'university of florida'))

firstname : christopher
lastname : francis
middlename : a
us_institutions_year : (('2004', 'stanford university'),)

0/10 positive, 3/10 negative
Do these records refer to the same thing?
(y)es / (n)o / (u)nsure / (f)inished / (p)revious
firstname : shumei
lastname : ren
middlename : None
us_institutions_year : (('2010', 'albany medical college'), ('2011', 'albany medical college'), ('2014', 'albany medical college'))

firstname : susan
lastname : renn
middlename : c
us_institutions_year : (('2015', 'reed college'),)

0/10 positive, 4/10 negative
Do these records refer to the same thing?
(y)es / (n)o / (u)nsure / (f)inished / (p)revious
firstname : david
lastname : osborn
middlename : a
us_institutions_year : (('1996', 'university of georgia'), ('1998', 'university of georgia'), ('2000', 'university of georgia'), ('2003', 'university of georgia'), ('2004', 'university of georgia'), ('2005', 'university of georgia'), ('2006', 'university of georgia'), ('2007', 'university of georgia'), ('2008', 'university of georgia'), ('2009', 'university of georgia'), ('2010', 'university of georgia'), ('2011', 'university of georgia'), ('2012', 'university of georgia'), ('2013', 'university of georgia'), ('2014', 'university of georgia'), ('2015', 'university of georgia'), ('2016', 'university of georgia'), ('2018', 'university of georgia'), ('2021', 'university of georgia'))

firstname : david
lastname : hu
middlename : None
us_institutions_year : (('2013', 'georgia tech research corporation'),)

0/10 positive, 5/10 negative
Do these records refer to the same thing?
(y)es / (n)o / (u)nsure / (f)inished / (p)revious
firstname : margaret
lastname : hurd
middlename : r
us_institutions_year : (('1997', 'centers for disease control and prevention'), ('2001', 'centers for disease control and prevention'))

firstname : margaret
lastname : werner washburne
middlename : None
us_institutions_year : (('2001', 'university of new mexico'),)

0/10 positive, 6/10 negative
Do these records refer to the same thing?
(y)es / (n)o / (u)nsure / (f)inished / (p)revious
firstname : qi
lastname : wang
middlename : None
us_institutions_year : (('2004', 'chinese academy of sciences'), ('2005', 'chinese academy of sciences'), ('2008', 'chinese academy of sciences'), ('2009', 'chinese academy of sciences'), ('2010', 'chinese academy of sciences'), ('2010', 'florida museum of natural history'), ('2011', 'chinese academy of sciences'), ('2011', 'florida museum of natural history'), ('2012', 'chinese academy of sciences'), ('2013', 'chinese academy of sciences'), ('2014', 'chinese academy of sciences'), ('2015', 'chinese academy of sciences'), ('2016', 'chinese academy of sciences'), ('2017', 'chinese academy of sciences'), ('2018', 'chinese academy of sciences'), ('2019', 'chinese academy of sciences'), ('2020', 'chinese academy of sciences'), ('2021', 'chinese academy of sciences'))

firstname : jianrong
lastname : wang
middlename : None
us_institutions_year : (('2020', 'michigan state university'),)

0/10 positive, 7/10 negative
Do these records refer to the same thing?
(y)es / (n)o / (u)nsure / (f)inished / (p)revious
firstname : jing
lastname : li
middlename : None
us_institutions_year : (('1999', 'university of wisconsin madison'), ('2000', 'university of wisconsin madison'))

firstname : jingyi jessica
lastname : li
middlename : None
us_institutions_year : (('2019', 'university of california los angeles'),)

0/10 positive, 8/10 negative
Do these records refer to the same thing?
(y)es / (n)o / (u)nsure / (f)inished / (p)revious
firstname : bing
lastname : li
middlename : None
us_institutions_year : (('2016', 'chinese academy of sciences'), ('2017', 'chinese academy of sciences'), ('2018', 'chinese academy of sciences'))

firstname : jingyi jessica
lastname : li
middlename : None
us_institutions_year : (('2019', 'university of california los angeles'),)

0/10 positive, 9/10 negative
Do these records refer to the same thing?
(y)es / (n)o / (u)nsure / (f)inished / (p)revious
firstname : lu
lastname : zhao
middlename : None
us_institutions_year : (('2016', 'university of southern california'), ('2018', 'university of southern california'), ('2019', 'university of southern california'), ('2020', 'university of southern california'), ('2021', 'university of southern california'))

firstname : patrick xuechun
lastname : zhao
middlename : None
us_institutions_year : (('2015', 'noble research institute llc'),)

0/10 positive, 10/10 negative
Do these records refer to the same thing?
(y)es / (n)o / (u)nsure / (f)inished / (p)revious
firstname : wen
lastname : li
middlename : None
us_institutions_year : (('2016', 'emory university'), ('2017', 'emory university'))

firstname : jingyi jessica
lastname : li
middlename : None
us_institutions_year : (('2019', 'university of california los angeles'),)

0/10 positive, 11/10 negative
Do these records refer to the same thing?
(y)es / (n)o / (u)nsure / (f)inished / (p)revious
firstname : tao
lastname : zhao
middlename : None
us_institutions_year : (('1999', 'saint louis university'), ('2000', 'saint louis university'), ('2001', 'saint louis university'))

firstname : patrick xuechun
lastname : zhao
middlename : None
us_institutions_year : (('2015', 'noble research institute llc'),)

0/10 positive, 12/10 negative
Do these records refer to the same thing?
(y)es / (n)o / (u)nsure / (f)inished / (p)revious
firstname : jing
lastname : jin
middlename : None
us_institutions_year : (('2005', 'university of pittsburgh'), ('2007', 'university of pittsburgh'), ('2008', 'university of pittsburgh'), ('2009', 'yale university'), ('2010', 'yale university'), ('2011', 'yale university'), ('2013', 'yale university'), ('2014', 'yale university'))

firstname : mingzhou
lastname : jin
middlename : None
us_institutions_year : (('2022', 'university of tennessee knoxville'),)

0/10 positive, 13/10 negative
Do these records refer to the same thing?
(y)es / (n)o / (u)nsure / (f)inished / (p)revious
firstname : christopher
lastname : field
middlename : r
us_institutions_year : (('2015', 'university of connecticut'), ('2016', 'university of connecticut'), ('2017', 'university of connecticut'), ('2018', 'university of connecticut'), ('2019', 'university of maryland college park'), ('2021', 'university of connecticut'))

firstname : christopher
lastname : field
middlename : b
us_institutions_year : (('2012', 'carnegie institution of washington'),)

0/10 positive, 14/10 negative
Do these records refer to the same thing?
(y)es / (n)o / (u)nsure / (f)inished / (p)revious
firstname : yanli
lastname : wang
middlename : None
us_institutions_year : (('2004', 'university of massachusetts medical school'), ('2007', 'university of massachusetts amherst'))

firstname : yu li
lastname : wang
middlename : None
us_institutions_year : (('2004', 'american society for cell biology'),)

0/10 positive, 15/10 negative
Do these records refer to the same thing?
(y)es / (n)o / (u)nsure / (f)inished / (p)revious
firstname : dennis
lastname : xiang
middlename : None
us_institutions_year : (('2011', 'johns hopkins university'), ('2012', 'johns hopkins university'))

firstname : jennyqiuyun
lastname : xiang
middlename : None
us_institutions_year : (('2015', 'north carolina state university'),)

0/10 positive, 16/10 negative
Do these records refer to the same thing?
(y)es / (n)o / (u)nsure / (f)inished / (p)revious
firstname : ling
lastname : zhang
middlename : None
us_institutions_year : (('1994', 'temple university'), ('1996', 'temple university'), ('1997', 'temple university'), ('1998', 'temple university'))

firstname : tingjun
lastname : zhang
middlename : None
us_institutions_year : (('2008', 'university of colorado at boulder'),)

0/10 positive, 17/10 negative
Do these records refer to the same thing?
(y)es / (n)o / (u)nsure / (f)inished / (p)revious
firstname : michelle
lastname : ordway
middlename : None
us_institutions_year : (('2020', 'university of pennsylvania'), ('2021', 'university of pennsylvania'))

firstname : richard
lastname : ordway
middlename : w
us_institutions_year : (('1996', 'pennsylvania state univ university park'),)

0/10 positive, 18/10 negative
Do these records refer to the same thing?
(y)es / (n)o / (u)nsure / (f)inished / (p)revious
firstname : xin
lastname : wang
middlename : None
us_institutions_year : (('2012', 'university of minnesota'), ('2015', 'university of minnesota'))

firstname : jianrong
lastname : wang
middlename : None
us_institutions_year : (('2020', 'michigan state university'),)

0/10 positive, 19/10 negative
Do these records refer to the same thing?
(y)es / (n)o / (u)nsure / (f)inished / (p)revious
firstname : michelle
lastname : ordway
middlename : None
us_institutions_year : (('2020', 'university of pennsylvania'), ('2021', 'university of pennsylvania'))

firstname : richard
lastname : ordway
middlename : w
us_institutions_year : (('1996', 'pennsylvania state univ university park'),)

0/10 positive, 18/10 negative
Do these records refer to the same thing?
(y)es / (n)o / (u)nsure / (f)inished
firstname : xin
lastname : wang
middlename : None
us_institutions_year : (('2012', 'university of minnesota'), ('2015', 'university of minnesota'))

firstname : jianrong
lastname : wang
middlename : None
us_institutions_year : (('2020', 'michigan state university'),)

0/10 positive, 18/10 negative
Do these records refer to the same thing?
(y)es / (n)o / (u)nsure / (f)inished / (p)revious
firstname : junwen
lastname : wang
middlename : None
us_institutions_year : (('2004', 'temple university'), ('2005', 'temple university'), ('2005', 'university of pennsylvania'), ('2006', 'university of pennsylvania'), ('2007', 'university of pennsylvania'), ('2008', 'university of pennsylvania'), ('2017', 'arizona state university'), ('2017', 'mayo clinic'), ('2018', 'mayo clinic'), ('2019', 'mayo clinic'), ('2020', 'mayo clinic'), ('2021', 'mayo clinic'))

firstname : jean
lastname : wang
middlename : y
us_institutions_year : (('1984', 'university of california san diego'),)

1/10 positive, 20/10 negative
Do these records refer to the same thing?
(y)es / (n)o / (u)nsure / (f)inished / (p)revious
firstname : hong
lastname : zhang
middlename : liang
us_institutions_year : (('1994', 'university of maryland baltimore'), ('1995', 'university of maryland baltimore'), ('1996', 'university of maryland baltimore'))

firstname : tingjun
lastname : zhang
middlename : None
us_institutions_year : (('2008', 'university of colorado at boulder'),)

1/10 positive, 21/10 negative
Do these records refer to the same thing?
(y)es / (n)o / (u)nsure / (f)inished / (p)revious
firstname : andrew
lastname : taylor
middlename : d
us_institutions_year : (('1991', 'united states forest service'), ('1993', 'university of hawaii at manoa'), ('1997', 'university of hawaii'), ('2005', 'university of hawaii at manoa'), ('2013', 'university of hawaii at manoa'), ('2014', 'university of hawaii'), ('2016', 'university of hawaii'), ('2017', 'university of hawaii at manoa'), ('2019', 'university of hawaii'))

firstname : c richard
lastname : taylor
middlename : None
us_institutions_year : (('1979', 'harvard university'),)

1/10 positive, 22/10 negative
Do these records refer to the same thing?
(y)es / (n)o / (u)nsure / (f)inished / (p)revious
firstname : yong
lastname : jin
middlename : hwan
us_institutions_year : (('2001', 'national institutes of health'), ('2003', 'national institutes of health'), ('2005', 'national institutes of health'))

firstname : mingzhou
lastname : jin
middlename : None
us_institutions_year : (('2022', 'university of tennessee knoxville'),)

1/10 positive, 23/10 negative
Do these records refer to the same thing?
(y)es / (n)o / (u)nsure / (f)inished / (p)revious
firstname : kathleen
lastname : ireland
middlename : None
us_institutions_year : (('2012', 'university of minnesota'), ('2014', 'university of minnesota'), ('2017', 'university of minnesota'), ('2018', 'university of minnesota'))

firstname : james
lastname : ireland
middlename : j
us_institutions_year : (('1979', 'michigan state university'),)

1/10 positive, 24/10 negative
Do these records refer to the same thing?
(y)es / (n)o / (u)nsure / (f)inished / (p)revious
firstname : weihua
lastname : wang
middlename : None
us_institutions_year : (('2018', 'university of arizona'),)

firstname : jean
lastname : wang
middlename : y
us_institutions_year : (('1984', 'university of california san diego'),)

1/10 positive, 25/10 negative
Do these records refer to the same thing?
(y)es / (n)o / (u)nsure / (f)inished / (p)revious
firstname : hwaishi
lastname : wang
middlename : None
us_institutions_year : (('1995', 'albany medical college'), ('1996', 'albany medical college'), ('1997', 'albany medical college'), ('1998', 'albany medical college'), ('2001', 'national institutes of health'))

firstname : jean
lastname : wang
middlename : y
us_institutions_year : (('1984', 'university of california san diego'),)

1/10 positive, 26/10 negative
Do these records refer to the same thing?
(y)es / (n)o / (u)nsure / (f)inished / (p)revious
firstname : tao
lastname : zhang
middlename : None
us_institutions_year : (('2006', 'brigham and women s hospital'), ('2012', 'beth israel deaconess medical center'))

firstname : tingjun
lastname : zhang
middlename : None
us_institutions_year : (('2008', 'university of colorado at boulder'),)

1/10 positive, 27/10 negative
Do these records refer to the same thing?
(y)es / (n)o / (u)nsure / (f)inished / (p)revious
firstname : whitney
lastname : jones
middlename : m
us_institutions_year : (('2014', 'texas a m university'), ('2016', 'texas a m university'))

firstname : adam
lastname : jones
middlename : g
us_institutions_year : (('2014', 'texas a m university'),)

1/10 positive, 28/10 negative
Do these records refer to the same thing?
(y)es / (n)o / (u)nsure / (f)inished / (p)revious
firstname : zhi
lastname : wang
middlename : None
us_institutions_year : (('2016', 'purdue university'), ('2019', 'rehabilitation institute of chicago'))

firstname : andrew
lastname : wang
middlename : h
us_institutions_year : (('1998', 'university of illinois at urbana champaign'),)

1/10 positive, 29/10 negative
Do these records refer to the same thing?
(y)es / (n)o / (u)nsure / (f)inished / (p)revious
firstname : tai
lastname : li
middlename : None
us_institutions_year : (('2005', 'university of toledo medical center'), ('2006', 'ohio university'), ('2007', 'ohio university'))

firstname : jingyi jessica
lastname : li
middlename : None
us_institutions_year : (('2019', 'university of california los angeles'),)

1/10 positive, 30/10 negative
Do these records refer to the same thing?
(y)es / (n)o / (u)nsure / (f)inished / (p)revious
firstname : yan
lastname : wang
middlename : None
us_institutions_year : (('2013', 'chinese academy of sciences'), ('2016', 'chinese academy of sciences'), ('2018', 'chinese academy of sciences'))

firstname : yu li
lastname : wang
middlename : None
us_institutions_year : (('2004', 'american society for cell biology'),)

1/10 positive, 31/10 negative
Do these records refer to the same thing?
(y)es / (n)o / (u)nsure / (f)inished / (p)revious
firstname : rui
lastname : wang
middlename : None
us_institutions_year : (('2016', 'chinese academy of sciences'), ('2018', 'chinese academy of sciences'))

firstname : yu li
lastname : wang
middlename : None
us_institutions_year : (('2004', 'american society for cell biology'),)

1/10 positive, 32/10 negative
Do these records refer to the same thing?
(y)es / (n)o / (u)nsure / (f)inished / (p)revious
firstname : william
lastname : smith
middlename : o
us_institutions_year : (('2011', 'cornell university'), ('2017', 'cornell university'))

firstname : val
lastname : smith
middlename : None
us_institutions_year : (('1990', 'university of north carolina at chapel hill'),)

1/10 positive, 33/10 negative
Do these records refer to the same thing?
(y)es / (n)o / (u)nsure / (f)inished / (p)revious
firstname : linling
lastname : li
middlename : None
us_institutions_year : (('2019', 'oak ridge national laboratory'), ('2021', 'oak ridge national laboratory'))

firstname : jingyi jessica
lastname : li
middlename : None
us_institutions_year : (('2019', 'university of california los angeles'),)

1/10 positive, 34/10 negative
Do these records refer to the same thing?
(y)es / (n)o / (u)nsure / (f)inished / (p)revious
firstname : wenru
lastname : li
middlename : None
us_institutions_year : (('2020', 'chinese academy of sciences'), ('2021', 'chinese academy of sciences'))

firstname : jingyi jessica
lastname : li
middlename : None
us_institutions_year : (('2019', 'university of california los angeles'),)

1/10 positive, 35/10 negative
Do these records refer to the same thing?
(y)es / (n)o / (u)nsure / (f)inished / (p)revious
firstname : achen
lastname : zhao
middlename : None
us_institutions_year : (('2020', 'chinese academy of sciences'), ('2021', 'chinese academy of sciences'))

firstname : patrick xuechun
lastname : zhao
middlename : None
us_institutions_year : (('2015', 'noble research institute llc'),)

1/10 positive, 36/10 negative
Do these records refer to the same thing?
(y)es / (n)o / (u)nsure / (f)inished / (p)revious
firstname : chunxia
lastname : wang
middlename : None
us_institutions_year : (('1998', 'chinese academy of sciences'), ('1999', 'chinese academy of sciences'), ('2000', 'chinese academy of sciences'), ('2001', 'chinese academy of sciences'), ('2002', 'chinese academy of sciences'), ('2003', 'chinese academy of sciences'), ('2005', 'chinese academy of sciences'), ('2006', 'chinese academy of sciences'), ('2007', 'chinese academy of sciences'))

firstname : jean
lastname : wang
middlename : y
us_institutions_year : (('1984', 'university of california san diego'),)

1/10 positive, 37/10 negative
Do these records refer to the same thing?
(y)es / (n)o / (u)nsure / (f)inished / (p)revious
firstname : xiaofeng
lastname : ma
middlename : None
us_institutions_year : (('2001', 'university of washington'), ('2002', 'university of washington'), ('2003', 'university of washington'), ('2005', 'university of washington'), ('2008', 'university of washington'))

firstname : qin
lastname : ma
middlename : None
us_institutions_year : (('2021', 'ohio state university'),)

1/10 positive, 38/10 negative
Do these records refer to the same thing?
(y)es / (n)o / (u)nsure / (f)inished / (p)revious
firstname : wei
lastname : wang
middlename : None
us_institutions_year : (('1998', 'baylor college of medicine'), ('1999', 'chinese academy of sciences'), ('2016', 'baylor college of medicine'), ('2016', 'boston children s hospital'), ('2019', 'baylor college of medicine'), ('2019', 'boston children s hospital'), ('2019', 'google'), ('2020', 'baylor college of medicine'), ('2020', 'boston children s hospital'), ('2021', 'baylor college of medicine'), ('2021', 'boston children s hospital'))

firstname : jean
lastname : wang
middlename : y
us_institutions_year : (('1984', 'university of california san diego'),)

1/10 positive, 39/10 negative
Do these records refer to the same thing?
(y)es / (n)o / (u)nsure / (f)inished / (p)revious
firstname : yanli
lastname : wang
middlename : None
us_institutions_year : (('2004', 'university of massachusetts medical school'), ('2007', 'university of massachusetts amherst'))

firstname : jianrong
lastname : wang
middlename : None
us_institutions_year : (('2020', 'michigan state university'),)

1/10 positive, 40/10 negative
Do these records refer to the same thing?
(y)es / (n)o / (u)nsure / (f)inished / (p)revious
firstname : john
lastname : anderson
middlename : l
us_institutions_year : (('2011', 'bureau of land management'),)

firstname : sydney
lastname : anderson
middlename : None
us_institutions_year : (('1977', 'american museum natural history'),)

1/10 positive, 41/10 negative
Do these records refer to the same thing?
(y)es / (n)o / (u)nsure / (f)inished / (p)revious
firstname : chunchun
lastname : li
middlename : None
us_institutions_year : (('2014', 'national institutes of health'),)

firstname : jingyi jessica
lastname : li
middlename : None
us_institutions_year : (('2019', 'university of california los angeles'),)

1/10 positive, 42/10 negative
Do these records refer to the same thing?
(y)es / (n)o / (u)nsure / (f)inished / (p)revious
firstname : fangfang
lastname : li
middlename : None
us_institutions_year : (('2013', 'chinese academy of sciences'),)

firstname : jingyi jessica
lastname : li
middlename : None
us_institutions_year : (('2019', 'university of california los angeles'),)

1/10 positive, 43/10 negative
Do these records refer to the same thing?
(y)es / (n)o / (u)nsure / (f)inished / (p)revious
firstname : wenhua
lastname : lu
middlename : None
us_institutions_year : (('1993', 'university of rhode island'), ('1994', 'university of rhode island'), ('1995', 'university of rhode island'), ('2001', 'university of rhode island'))

firstname : yan
lastname : lu
middlename : None
us_institutions_year : (('2022', 'western michigan university'),)

1/10 positive, 44/10 negative
Do these records refer to the same thing?
(y)es / (n)o / (u)nsure / (f)inished / (p)revious
firstname : feng
lastname : wang
middlename : None
us_institutions_year : (('2015', 'university of minnesota'), ('2016', 'university of minnesota'), ('2018', 'university of minnesota'))

firstname : jianrong
lastname : wang
middlename : None
us_institutions_year : (('2020', 'michigan state university'),)

1/10 positive, 45/10 negative
Do these records refer to the same thing?
(y)es / (n)o / (u)nsure / (f)inished / (p)revious
firstname : qi
lastname : wang
middlename : None
us_institutions_year : (('2004', 'chinese academy of sciences'), ('2005', 'chinese academy of sciences'), ('2008', 'chinese academy of sciences'), ('2009', 'chinese academy of sciences'), ('2010', 'chinese academy of sciences'), ('2010', 'florida museum of natural history'), ('2011', 'chinese academy of sciences'), ('2011', 'florida museum of natural history'), ('2012', 'chinese academy of sciences'), ('2013', 'chinese academy of sciences'), ('2014', 'chinese academy of sciences'), ('2015', 'chinese academy of sciences'), ('2016', 'chinese academy of sciences'), ('2017', 'chinese academy of sciences'), ('2018', 'chinese academy of sciences'), ('2019', 'chinese academy of sciences'), ('2020', 'chinese academy of sciences'), ('2021', 'chinese academy of sciences'))

firstname : andrew
lastname : wang
middlename : h
us_institutions_year : (('1998', 'university of illinois at urbana champaign'),)

1/10 positive, 46/10 negative
Do these records refer to the same thing?
(y)es / (n)o / (u)nsure / (f)inished / (p)revious
firstname : dongqiang
lastname : hu
middlename : None
us_institutions_year : (('2017', 'chinese academy of sciences'), ('2018', 'chinese academy of sciences'), ('2019', 'chinese academy of sciences'))

firstname : david
lastname : hu
middlename : None
us_institutions_year : (('2013', 'georgia tech research corporation'),)

1/10 positive, 47/10 negative
Do these records refer to the same thing?
(y)es / (n)o / (u)nsure / (f)inished / (p)revious
firstname : yuping
lastname : li
middlename : None
us_institutions_year : (('2012', 'city of hope national medical center'), ('2013', 'city of hope national medical center'), ('2015', 'city of hope national medical center'), ('2016', 'city of hope national medical center'), ('2017', 'city of hope national medical center'), ('2018', 'city of hope national medical center'), ('2019', 'city of hope national medical center'), ('2020', 'city of hope national medical center'), ('2021', 'city of hope national medical center'))

firstname : jingyi jessica
lastname : li
middlename : None
us_institutions_year : (('2019', 'university of california los angeles'),)

1/10 positive, 48/10 negative
Do these records refer to the same thing?
(y)es / (n)o / (u)nsure / (f)inished / (p)revious
firstname : gongshe
lastname : hu
middlename : None
us_institutions_year : (('2019', 'agricultural research service'), ('2020', 'united states department of agriculture'))

firstname : david
lastname : hu
middlename : None
us_institutions_year : (('2013', 'georgia tech research corporation'),)

1/10 positive, 49/10 negative
Do these records refer to the same thing?
(y)es / (n)o / (u)nsure / (f)inished / (p)revious
firstname : hong
lastname : zhang
middlename : liang
us_institutions_year : (('1994', 'university of maryland baltimore'), ('1995', 'university of maryland baltimore'), ('1996', 'university of maryland baltimore'))

firstname : jun
lastname : zhang
middlename : None
us_institutions_year : (('2020', 'university of alabama at birmingham'),)

1/10 positive, 50/10 negative
Do these records refer to the same thing?
(y)es / (n)o / (u)nsure / (f)inished / (p)revious
firstname : christopher
lastname : field
middlename : r
us_institutions_year : (('2015', 'university of connecticut'), ('2016', 'university of connecticut'), ('2017', 'university of connecticut'), ('2018', 'university of connecticut'), ('2019', 'university of maryland college park'), ('2021', 'university of connecticut'))

firstname : christopher
lastname : field
middlename : b
us_institutions_year : (('2009', 'carnegie institution of washington'),)

1/10 positive, 51/10 negative
Do these records refer to the same thing?
(y)es / (n)o / (u)nsure / (f)inished / (p)revious
Finished labeling
/home/flavio/.local/lib/python3.10/site-packages/sklearn/model_selection/_split.py:680: UserWarning: The least populated class in y has only 1 members, which is less than n_splits=5.
  warnings.warn(
/home/flavio/.local/lib/python3.10/site-packages/sklearn/metrics/_classification.py:1592: UndefinedMetricWarning: F-score is ill-defined and being set to 0.0 due to no true nor predicted samples. Use `zero_division` parameter to control this behavior.
  _warn_prf(average, "true nor predicted", "F-score is", len(true_sum))
/home/flavio/.local/lib/python3.10/site-packages/sklearn/metrics/_classification.py:1592: UndefinedMetricWarning: F-score is ill-defined and being set to 0.0 due to no true nor predicted samples. Use `zero_division` parameter to control this behavior.
  _warn_prf(average, "true nor predicted", "F-score is", len(true_sum))
/home/flavio/.local/lib/python3.10/site-packages/sklearn/metrics/_classification.py:1592: UndefinedMetricWarning: F-score is ill-defined and being set to 0.0 due to no true nor predicted samples. Use `zero_division` parameter to control this behavior.
  _warn_prf(average, "true nor predicted", "F-score is", len(true_sum))
/home/flavio/.local/lib/python3.10/site-packages/sklearn/metrics/_classification.py:1592: UndefinedMetricWarning: F-score is ill-defined and being set to 0.0 due to no true nor predicted samples. Use `zero_division` parameter to control this behavior.
  _warn_prf(average, "true nor predicted", "F-score is", len(true_sum))
/home/flavio/.local/lib/python3.10/site-packages/sklearn/metrics/_classification.py:1592: UndefinedMetricWarning: F-score is ill-defined and being set to 0.0 due to no true nor predicted samples. Use `zero_division` parameter to control this behavior.
  _warn_prf(average, "true nor predicted", "F-score is", len(true_sum))
/home/flavio/.local/lib/python3.10/site-packages/sklearn/metrics/_classification.py:1592: UndefinedMetricWarning: F-score is ill-defined and being set to 0.0 due to no true nor predicted samples. Use `zero_division` parameter to control this behavior.
  _warn_prf(average, "true nor predicted", "F-score is", len(true_sum))
/home/flavio/.local/lib/python3.10/site-packages/sklearn/metrics/_classification.py:1592: UndefinedMetricWarning: F-score is ill-defined and being set to 0.0 due to no true nor predicted samples. Use `zero_division` parameter to control this behavior.
  _warn_prf(average, "true nor predicted", "F-score is", len(true_sum))
/home/flavio/.local/lib/python3.10/site-packages/sklearn/metrics/_classification.py:1592: UndefinedMetricWarning: F-score is ill-defined and being set to 0.0 due to no true nor predicted samples. Use `zero_division` parameter to control this behavior.
  _warn_prf(average, "true nor predicted", "F-score is", len(true_sum))
/home/flavio/.local/lib/python3.10/site-packages/sklearn/metrics/_classification.py:1592: UndefinedMetricWarning: F-score is ill-defined and being set to 0.0 due to no true nor predicted samples. Use `zero_division` parameter to control this behavior.
  _warn_prf(average, "true nor predicted", "F-score is", len(true_sum))
/home/flavio/.local/lib/python3.10/site-packages/sklearn/metrics/_classification.py:1592: UndefinedMetricWarning: F-score is ill-defined and being set to 0.0 due to no true nor predicted samples. Use `zero_division` parameter to control this behavior.
  _warn_prf(average, "true nor predicted", "F-score is", len(true_sum))
/home/flavio/.local/lib/python3.10/site-packages/sklearn/metrics/_classification.py:1592: UndefinedMetricWarning: F-score is ill-defined and being set to 0.0 due to no true nor predicted samples. Use `zero_division` parameter to control this behavior.
  _warn_prf(average, "true nor predicted", "F-score is", len(true_sum))
/home/flavio/.local/lib/python3.10/site-packages/sklearn/metrics/_classification.py:1592: UndefinedMetricWarning: F-score is ill-defined and being set to 0.0 due to no true nor predicted samples. Use `zero_division` parameter to control this behavior.
  _warn_prf(average, "true nor predicted", "F-score is", len(true_sum))
/home/flavio/.local/lib/python3.10/site-packages/sklearn/metrics/_classification.py:1592: UndefinedMetricWarning: F-score is ill-defined and being set to 0.0 due to no true nor predicted samples. Use `zero_division` parameter to control this behavior.
  _warn_prf(average, "true nor predicted", "F-score is", len(true_sum))
/home/flavio/.local/lib/python3.10/site-packages/sklearn/metrics/_classification.py:1592: UndefinedMetricWarning: F-score is ill-defined and being set to 0.0 due to no true nor predicted samples. Use `zero_division` parameter to control this behavior.
  _warn_prf(average, "true nor predicted", "F-score is", len(true_sum))
/home/flavio/.local/lib/python3.10/site-packages/sklearn/metrics/_classification.py:1592: UndefinedMetricWarning: F-score is ill-defined and being set to 0.0 due to no true nor predicted samples. Use `zero_division` parameter to control this behavior.
  _warn_prf(average, "true nor predicted", "F-score is", len(true_sum))
/home/flavio/.local/lib/python3.10/site-packages/sklearn/metrics/_classification.py:1592: UndefinedMetricWarning: F-score is ill-defined and being set to 0.0 due to no true nor predicted samples. Use `zero_division` parameter to control this behavior.
  _warn_prf(average, "true nor predicted", "F-score is", len(true_sum))
/home/flavio/.local/lib/python3.10/site-packages/sklearn/metrics/_classification.py:1592: UndefinedMetricWarning: F-score is ill-defined and being set to 0.0 due to no true nor predicted samples. Use `zero_division` parameter to control this behavior.
  _warn_prf(average, "true nor predicted", "F-score is", len(true_sum))
/home/flavio/.local/lib/python3.10/site-packages/sklearn/metrics/_classification.py:1592: UndefinedMetricWarning: F-score is ill-defined and being set to 0.0 due to no true nor predicted samples. Use `zero_division` parameter to control this behavior.
  _warn_prf(average, "true nor predicted", "F-score is", len(true_sum))
/home/flavio/.local/lib/python3.10/site-packages/sklearn/metrics/_classification.py:1592: UndefinedMetricWarning: F-score is ill-defined and being set to 0.0 due to no true nor predicted samples. Use `zero_division` parameter to control this behavior.
  _warn_prf(average, "true nor predicted", "F-score is", len(true_sum))
/home/flavio/.local/lib/python3.10/site-packages/sklearn/metrics/_classification.py:1592: UndefinedMetricWarning: F-score is ill-defined and being set to 0.0 due to no true nor predicted samples. Use `zero_division` parameter to control this behavior.
  _warn_prf(average, "true nor predicted", "F-score is", len(true_sum))
/home/flavio/.local/lib/python3.10/site-packages/sklearn/metrics/_classification.py:1592: UndefinedMetricWarning: F-score is ill-defined and being set to 0.0 due to no true nor predicted samples. Use `zero_division` parameter to control this behavior.
  _warn_prf(average, "true nor predicted", "F-score is", len(true_sum))
/home/flavio/.local/lib/python3.10/site-packages/sklearn/metrics/_classification.py:1592: UndefinedMetricWarning: F-score is ill-defined and being set to 0.0 due to no true nor predicted samples. Use `zero_division` parameter to control this behavior.
  _warn_prf(average, "true nor predicted", "F-score is", len(true_sum))
/home/flavio/.local/lib/python3.10/site-packages/sklearn/metrics/_classification.py:1592: UndefinedMetricWarning: F-score is ill-defined and being set to 0.0 due to no true nor predicted samples. Use `zero_division` parameter to control this behavior.
  _warn_prf(average, "true nor predicted", "F-score is", len(true_sum))
/home/flavio/.local/lib/python3.10/site-packages/sklearn/metrics/_classification.py:1592: UndefinedMetricWarning: F-score is ill-defined and being set to 0.0 due to no true nor predicted samples. Use `zero_division` parameter to control this behavior.
  _warn_prf(average, "true nor predicted", "F-score is", len(true_sum))
/home/flavio/.local/lib/python3.10/site-packages/sklearn/metrics/_classification.py:1592: UndefinedMetricWarning: F-score is ill-defined and being set to 0.0 due to no true nor predicted samples. Use `zero_division` parameter to control this behavior.
  _warn_prf(average, "true nor predicted", "F-score is", len(true_sum))
/home/flavio/.local/lib/python3.10/site-packages/sklearn/metrics/_classification.py:1592: UndefinedMetricWarning: F-score is ill-defined and being set to 0.0 due to no true nor predicted samples. Use `zero_division` parameter to control this behavior.
  _warn_prf(average, "true nor predicted", "F-score is", len(true_sum))
/home/flavio/.local/lib/python3.10/site-packages/sklearn/model_selection/_validation.py:378: FitFailedWarning: 
7 fits failed out of a total of 35.
The score on these train-test partitions for these parameters will be set to nan.
If these failures are not expected, you can try to debug them by setting error_score='raise'.

Below are more details about the failures:
--------------------------------------------------------------------------------
7 fits failed with the following error:
Traceback (most recent call last):
  File "/home/flavio/.local/lib/python3.10/site-packages/sklearn/model_selection/_validation.py", line 686, in _fit_and_score
    estimator.fit(X_train, y_train, **fit_params)
  File "/home/flavio/.local/lib/python3.10/site-packages/sklearn/linear_model/_logistic.py", line 1183, in fit
    raise ValueError(
ValueError: This solver needs samples of at least 2 classes in the data, but the data contains only one class: 0

  warnings.warn(some_fits_failed_message, FitFailedWarning)
/home/flavio/.local/lib/python3.10/site-packages/sklearn/model_selection/_search.py:953: UserWarning: One or more of the test scores are non-finite: [nan nan nan nan nan nan nan]
  warnings.warn(
Done in 171.05186740557352 minutes.
