Namespace(testing=False, verbose=1, field=['medicine'], train_name='mona_degree0', startyear=1985, endyear=2015, loadstartyear=1985, loadendyear=2015, mergemode='1:1', recall=0.9, institution='False', fieldofstudy_cat='False', fieldofstudy_str='False', keywords='True', retrain='True', linking_type='graduates', samplesize=50000, write_to='database')
Have max 12 cores available
Testing is False 

I set the write connection to the main database.
id_field is [71924100] and will be passed to sql queries.
finished setup ... 
Time elapsed: 0.0016927719116210938 minutes 


    SELECT goid
            , year
            , firstname 
            , lastname
            , CASE TRIM(SUBSTR(middle_lastname, 1, l_fullname-l_firstname-l_lastname - 1)) 
                WHEN 
                    "" THEN NULL 
                    ELSE TRIM(SUBSTR(middle_lastname, 1, l_fullname-l_firstname-l_lastname - 1)) 
                END AS middlename
            , fieldofstudy
            , keywords
            , institution
            , coauthors
            , year_papertitle
    FROM (
        SELECT goid
            , degree_year AS year 
            , fullname 
            , SUBSTR(TRIM(fullname),1,instr(trim(fullname)||' ',' ')-1) AS firstname
            , REPLACE(fullname, RTRIM(fullname, REPLACE(fullname, " ", "")), "") AS lastname 
            , TRIM(SUBSTR(fullname, length(SUBSTR(TRIM(fullname),1,instr(trim(fullname)||' ',' ')-1)) + 1)) AS middle_lastname 
            , length(fullname) AS l_fullname 
            , length(SUBSTR(TRIM(fullname),1,instr(trim(fullname)||' ',' ')-1) ) AS l_firstname
            , length(REPLACE(fullname, RTRIM(fullname, REPLACE(fullname, " ", "")), "")) AS l_lastname
            , fieldname AS fieldofstudy
            , university_id
            , degree_year || "//" || thesistitle as year_papertitle 
        FROM pq_authors 
        INNER JOIN (
            SELECT goid, fieldname 
            FROM pq_fields_mag
            WHERE mag_field0 IN (?)
        ) USING (goid)
    )
    -- ## NOTE: use left join here as not all graduates have advisor (particularly pre-1980) and possibly also keywords
    LEFT JOIN (
        SELECT goid
            , fields as keywords
            , advisors as coauthors
        FROm pq_info_linking
    ) USING(goid)
    INNER JOIN (
        SELECT university_id, normalizedname as institution
        FROM pq_unis
        WHERE location like "%United States%"
    ) USING(university_id)
    WHERE year >= 1985 and year <= 2015 AND length(firstname) > 1
     


    SELECT f.AuthorId
        , f.year
        , f.firstname
        , f.lastname
        , CASE TRIM(SUBSTR(f.middle_lastname, 1, f.l_fullname - f.l_firstname - f.l_lastname - 1)) 
            WHEN 
                "" THEN NULL 
                ELSE TRIM(SUBSTR(f.middle_lastname, 1, f.l_fullname - f.l_firstname - f.l_lastname - 1)) 
            END as middlename 
            -- ## NOTE this gives "" for middlename when it is missing 
        , f.fieldofstudy
        , g.keywords
        , g.coauthors
        , g.institution
        , g.year_papertitle
    FROM (
        SELECT a.AuthorId
            , a.YearFirstPub AS year
            , a.FirstName AS firstname
            , REPLACE(b.NormalizedName, RTRIM(b.NormalizedName, REPLACE(b.NormalizedName, " ", "")), "") AS lastname 
                    -- https://stackoverflow.com/questions/21388820/how-to-get-the-last-index-of-a-substring-in-sqlite
            , TRIM(SUBSTR(b.NormalizedName, length(a.FirstName) + 1)) AS middle_lastname 
                    -- this gives all except the first name 
            , length(b.NormalizedName) as l_fullname 
            , length(a.FirstName) as l_firstname
            , length(REPLACE(b.NormalizedName, RTRIM(b.NormalizedName, REPLACE(b.NormalizedName, " ", "")), "")) as l_lastname
            , e.NormalizedName AS fieldofstudy
        FROM author_sample AS a
        INNER JOIN (
            SELECT AuthorId, NormalizedName
            FROM Authors
        ) AS b USING(AuthorId)
        INNER JOIN (
            SELECT AuthorId
            FROM author_field0
            WHERE FieldOfStudyId_lvl0 IN (?)
                AND Degree <= 0
        ) USING(AuthorId)
        LEFT JOIN (
            SELECT AuthorId, NormalizedName
            FROM author_fields c
            INNER JOIN (
                SELECT FieldOfStudyId, NormalizedName
                FROM FieldsOfStudy
            ) AS d USING(FieldOfStudyId)
            -- ## Condition on fieldofstudy being in the level 0 id_field
            INNER JOIN (
                SELECT ParentFieldOfStudyId, ChildFieldOfStudyId
                FROM crosswalk_fields
                WHERE ParentLevel = 0
                    AND ParentFieldOfStudyId IN (?)
            ) AS e ON (e.ChildFieldOfStudyId = c.FieldOfStudyId)
            WHERE FieldClass = 'first'
        ) AS e USING(AuthorId)
    ) f
    LEFT JOIN (
        SELECT AuthorId
                , institutions as institution
                , main_us_institutions_career
                , coauthors
                , keywords
                , year_papertitle
        FROM author_info_linking
    ) AS g USING(AuthorId)
    WHERE length(firstname) > 1 AND year >= 1985 - 5 AND year <= 2015 + 5 
        -- ## use this to condition on people that have at least at some point their main affiliation in the US
        AND g.main_us_institutions_career IS NOT NULL
        AND g.institution != "chinese academy of sciences"
     

/home/mona/anaconda3/envs/science-career-tempenv/lib/python3.9/site-packages/sklearn/feature_extraction/text.py:544: UserWarning: The parameter 'ngram_range' will not be used since 'analyzer' is callable'
  warnings.warn(
/home/mona/anaconda3/envs/science-career-tempenv/lib/python3.9/site-packages/sklearn/feature_extraction/text.py:550: UserWarning: The parameter 'stop_words' will not be used since 'analyzer' != 'word'
  warnings.warn(
Time elapsed: 1220.9420162955919 minutes 

Starting active labeling...
firstname : david
lastname : thomas
middlename : w
year : 1996
year_papertitle : ((1996, 'a case study on the effects of a retrofitted dementia special care unit on resident behaviors'), (1997, 'assessing leisure motivators and satisfaction of international elderhostel participants'), (1997, 'the impact of contextual factors on the spring break travel decisions of college students'), (1997, 'understanding the wandering patient a continuity of personality perspective'))
keywords : frozenset({'marketing', 'nursing', 'clinical psychology', 'social psychology', 'psychiatry', 'advertising'})

firstname : david
lastname : thomassen
middlename : None
year : 1989
year_papertitle : ((1989, 'mechanisms of pulegone induced hepatotoxicity'),)
keywords : frozenset({'public health', 'pharmacology'})

0/10 positive, 0/10 negative
Do these records refer to the same thing?
(y)es / (n)o / (u)nsure / (f)inished
firstname : jing
lastname : liu
middlename : None
year : 2008
year_papertitle : ((2008, 'congenital nephrotic syndrome combined with skull dysplasia case report and literature review'), (2012, 'etiology of neonatal infection related to premature rupture of membranes'))
keywords : frozenset({'gastroenterology', 'radiology', 'internal medicine'})

firstname : jing
lastname : li
middlename : None
year : 2014
year_papertitle : ((2014, 'molecular insights into alternating access mechanism of secondary active transporters from molecular dynamics simulations'),)
keywords : frozenset({'physiology', 'biophysics', 'biochemistry'})

0/10 positive, 1/10 negative
Do these records refer to the same thing?
(y)es / (n)o / (u)nsure / (f)inished / (p)revious
firstname : jill
lastname : mogle
middlename : a
year : 2014
year_papertitle : ((2014, 'microbiome data distinguish patients with clostridium difficile infection and non c difficile associated diarrhea from healthy controls'), (2014, 'the systemic inflammatory response to clostridium difficile infection'), (2015, 'clostridium difficile ribotype 027 relationship to age detectability of toxins a or b in stool with rapid testing severe infection and mortality'), (2015, 'is clostridium difficile infection a risk factor for subsequent bloodstream infection'), (2015, 'low prevalence of clostridium septicum fecal carriage in an adult population'), (2015, 'mo1851 elevated fecal calprotectin associates with severe clostridium difficile infection in older adults'), (2015, 'serum inflammatory mediator profiles differentiate patients with complicated and uncomplicated clostridium difficile infection'), (2016, 'elevated fecal calprotectin associates with adverse outcomes from clostridium difficile infection in older adults'))
keywords : frozenset({'virology', 'gastroenterology', 'pathology', 'microbiology', 'internal medicine', 'immunology', 'surgery'})

firstname : jill
lastname : hollenbach
middlename : allison
year : 1998
year_papertitle : ((1998, 'genetic character and evolution of the human leukocyte antigen complex in mesoamerican natives'),)
keywords : frozenset({'genetics', 'native american studies', 'immunology', 'ethnic studies'})

0/10 positive, 2/10 negative
Do these records refer to the same thing?
(y)es / (n)o / (u)nsure / (f)inished / (p)revious
firstname : robert
lastname : olson
middlename : m
year : 1980
year_papertitle : ((1980, 'aplasia cutis congenita'), (1981, 'regional lymph node management and outcome in 100 patients with head and neck melanoma'), (1982, 'microvascular free flap coverage of mechanical injuries to the upper extremity'), (1984, 'reply to discussion on orbicularis oculi reconstruction'))
keywords : frozenset({'dermatology', 'anatomy', 'surgery'})

firstname : jon
lastname : olson
middlename : charles
year : 2000
year_papertitle : ((2000, 'subclinical vascular disease in type 1 diabetes'),)
keywords : frozenset({'public health', 'surgery'})

0/10 positive, 3/10 negative
Do these records refer to the same thing?
(y)es / (n)o / (u)nsure / (f)inished / (p)revious
firstname : jung
lastname : kim
middlename : h
year : 2011
year_papertitle : ((2011, 'ps116 our experience with laser angioplasty of 258 lower extremities statin use improves patency'), (2012, 'a case matched validation study of anatomic severity grade score in predicting reinterventions after endovascular aortic aneurysm repair'), (2012, 'abstracts from the 2013 southern association for vascular surgery annual meetinga case matched validation study of anatomic severity grade score in predicting reinterventions after endovascular aortic aneurysm repair'), (2012, 'atherectomy offers no benefits over balloon angioplasty in tibial interventions for critical limb ischemia'), (2012, 'identifying the target lesions for 245 laser angioplasty cases and a review of the literature'), (2013, 'endovascular foreign body retrieval'), (2013, 'the positive effect of reentry device with intravascular ultrasound on technical success safety and patency of subintimal angioplasty of chronic total occlusion in iliac arteries'))
keywords : frozenset({'radiology', 'surgery'})

firstname : jung
lastname : kim
middlename : han
year : 1996
year_papertitle : ((1996, 'role of intracellular free calcium in the obesity and insulin resistance associated with dominant agouti mutations'),)
keywords : frozenset({'cellular biology', 'genetics', 'nutrition'})

0/10 positive, 4/10 negative
Do these records refer to the same thing?
(y)es / (n)o / (u)nsure / (f)inished / (p)revious
firstname : gretel
lastname : riva
middlename : torres de la
year : 2009
year_papertitle : ((2009, 'association of an unusual marine mammal mortality event with pseudo nitzschia spp blooms along the southern california coastline'), (2013, 'neutering dogs effects on joint disorders and cancers in golden retrievers'))
keywords : frozenset({'ecology', 'fishery', 'physiology', 'surgery'})

firstname : gretel
lastname : riva
middlename : torres de la
year : 2011
year_papertitle : ((2011, 'examination of the health related effects of neutering and spaying of dogs emphasis on early versus late gonadectomy in golden retrievers'),)
keywords : frozenset({'epidemiology', 'veterinary services'})

0/10 positive, 5/10 negative
Do these records refer to the same thing?
(y)es / (n)o / (u)nsure / (f)inished / (p)revious
firstname : john
lastname : wilson
middlename : tyler
year : 2012
year_papertitle : ((2012, 'experiences of military crnas with service personnel who are emerging from general anesthesia'), (2014, 'pharmacologic physiologic and psychological characteristics associated with emergence delirium in combat veterans'), (2015, 'process improvement addressing attrition from the uniformed services university of the health sciences nurse anesthesia program'))
keywords : frozenset({'family medicine', 'medical education', 'nursing', 'emergency medicine', 'anesthesia'})

firstname : john
lastname : wilson
middlename : tyler
year : 2011
year_papertitle : ((2011, 'emergence delirium subsequent to general anesthesia in service members who served during the global war on terrorism'),)
keywords : frozenset({'nursing', 'medicine'})

0/10 positive, 6/10 negative
Do these records refer to the same thing?
(y)es / (n)o / (u)nsure / (f)inished / (p)revious
firstname : gretel
lastname : riva
middlename : torres de la
year : 2009
year_papertitle : ((2009, 'association of an unusual marine mammal mortality event with pseudo nitzschia spp blooms along the southern california coastline'), (2013, 'neutering dogs effects on joint disorders and cancers in golden retrievers'))
keywords : frozenset({'ecology', 'fishery', 'physiology', 'surgery'})

firstname : gretel
lastname : riva
middlename : torres de la
year : 2011
year_papertitle : ((2011, 'examination of the health related effects of neutering and spaying of dogs emphasis on early versus late gonadectomy in golden retrievers'),)
keywords : frozenset({'epidemiology', 'veterinary services'})

0/10 positive, 5/10 negative
Do these records refer to the same thing?
(y)es / (n)o / (u)nsure / (f)inished
firstname : john
lastname : wilson
middlename : tyler
year : 2012
year_papertitle : ((2012, 'experiences of military crnas with service personnel who are emerging from general anesthesia'), (2014, 'pharmacologic physiologic and psychological characteristics associated with emergence delirium in combat veterans'), (2015, 'process improvement addressing attrition from the uniformed services university of the health sciences nurse anesthesia program'))
keywords : frozenset({'family medicine', 'medical education', 'nursing', 'emergency medicine', 'anesthesia'})

firstname : john
lastname : wilson
middlename : tyler
year : 2011
year_papertitle : ((2011, 'emergence delirium subsequent to general anesthesia in service members who served during the global war on terrorism'),)
keywords : frozenset({'nursing', 'medicine'})

1/10 positive, 5/10 negative
Do these records refer to the same thing?
(y)es / (n)o / (u)nsure / (f)inished / (p)revious
firstname : katie
lastname : cole
middlename : o washington
year : 2015
year_papertitle : ((2015, 'empowering women s prenatal communication does literacy matter'), (2016, 'starting the conversation patient initiation of weight related behavioral counseling during pregnancy'), (2017, '673 sleep components in early postpartum predict later postpartum depression'), (2017, 'influence of the 5a s counseling strategy on weight gain during pregnancy an observational study'), (2017, 'providing prenatal care to pregnant women with overweight or obesity differences in provider communication and ratings of the patient provider relationship by patient body weight'))
keywords : frozenset({'family medicine', 'physical therapy', 'clinical psychology', 'pediatrics', 'obstetrics'})

firstname : katie
lastname : cole
middlename : o washington
year : 2015
year_papertitle : ((2015, 'prenatal visit communication and maternal body weight patient centered interviewing and behavioral counseling for recommended gestational weight gain'),)
keywords : frozenset({'public health', 'medicine', 'womens studies'})

2/10 positive, 5/10 negative
Do these records refer to the same thing?
(y)es / (n)o / (u)nsure / (f)inished / (p)revious
firstname : liangjia
lastname : zhu
middlename : None
year : 2011
year_papertitle : ((2011, 'estimation of myocardial volume at risk from ct angiography'), (2011, 'human body tracking and joint angle estimation from mobile phone video for clinical analysis'), (2012, 'automated dispersion and orientation analysis for carbon nanotube reinforced polymer composites'), (2012, 'automatic segmentation of the left atrium from mri images using salient feature and contour evolution'), (2013, 'automatic delineation of the myocardial wall from ct images via shape segmentation and variational region growing'), (2013, 'automatic segmentation of the left atrium from mr images via variational region growing with a moments based shape prior'), (2014, 'a complete system for automatic extraction of left ventricular myocardium from ct images using shape segmentation and contour evolution'), (2014, 'interpolation of longitudinal shape and image data via optimal mass transport'), (2014, 'reconstruction and feature selection for desorption electrospray ionization mass spectroscopy imagery'), (2015, 'interactive image segmentation framework based on control theory'))
keywords : frozenset({'control theory', 'data mining', 'artificial intelligence', 'biomedical engineering', 'bioinformatics', 'computer vision', 'composite material', 'machine learning', 'internal medicine', 'cardiology', 'algorithm', 'pattern recognition', 'nanotechnology'})

firstname : liang
lastname : zhu
middlename : None
year : 1995
year_papertitle : ((1995, 'temperature modulation and local heat transfer in the microcirculation'),)
keywords : frozenset({'physiology', 'biomedical engineering', 'mechanical engineering'})

3/10 positive, 5/10 negative
Do these records refer to the same thing?
(y)es / (n)o / (u)nsure / (f)inished / (p)revious
firstname : sara
lastname : collins
middlename : a
year : 2008
year_papertitle : ((2008, 'tripartite meeting in gene and cell therapy 2008 irish society for gene and cell therapy british society for gene therapy and international society for cell and gene therapy of cancer'), (2008, 'viral vectors in cancer immunotherapy which vector for which strategy'), (2009, 'anti metastatic effects of viral and non viral mediated nk4 delivery to tumours'), (2010, 'aav2 mediated in vivo immune gene therapy of solid tumours'), (2010, 'gene therapy for prostate cancer'), (2011, 'targeting of breast metastases using a viral gene vector with tumour selective transcription'), (2012, 'control and augmentation of long term plasmid transgene expression in vivo in murine muscle tissue and ex vivo in patient mesenchymaltissue'), (2012, 'high resolution in vivo bioluminescent imaging for the study of bacterial tumour targeting'), (2012, 'pet imaging for gene cell therapy'), (2014, 'et 13retroviral replicating vector rrv mediated prodrug activator gene therapy with codon optimized nitroreductase in experimental glioma'))
keywords : frozenset({'virology', 'family medicine', 'molecular biology', 'pathology', 'computational biology', 'oncology', 'cancer research', 'internal medicine', 'immunology'})

firstname : sarah
lastname : collins
middlename : anne
year : 2009
year_papertitle : ((2009, 'informatics methods to understand interdisciplinary communication related to common goals in the intensive care unit'),)
keywords : frozenset({'bioinformatics', 'nursing'})

3/10 positive, 6/10 negative
Do these records refer to the same thing?
(y)es / (n)o / (u)nsure / (f)inished / (p)revious
firstname : megha
lastname : vasavada
middlename : None
year : 2015
year_papertitle : ((2015, 'age related central olfactory system decline affects men more severely than women'), (2015, 'an early alzheimer s disease functional imaging marker olfactory deficits in alzheimer s disease and mci reflect degeneration of central olfactory system'), (2015, 'olfactory fmri revealed the relationship of ad deficits in olfaction and cognition'), (2016, 'involvement of central olfactory system in ad and mci'), (2016, 'involvement of central olfactory system in alzheimer s disease and mci'), (2017, '444 global and regional perfusion mri predicts antidepressant response to ect'), (2017, '934 cortical and subcortical morphometry predicts relapse of depressive symptoms following electroconvulsive therapy'), (2018, 'f138 effect of ketamine treatment on amygdala responsivity in major depressive disorder'), (2018, 'f151 gabaergic neurotransmission modulates therapeutic response to ketamine infusion in major depression'), (2018, 'fronto temporal connectivity predicts ect outcome in major depression'))
keywords : frozenset({'neuroscience', 'pharmacology', 'physical medicine and rehabilitation', 'physiology', 'pediatrics', 'psychiatry', 'internal medicine', 'cardiology'})

firstname : megha
lastname : vasavada
middlename : None
year : 2014
year_papertitle : ((2014, 'functional olfactory deficits in the olfactory system of alzheimer s disease and mild cognitive impairment patients as a potential diagnostic marker'),)
keywords : frozenset({'neurosciences'})

3/10 positive, 7/10 negative
Do these records refer to the same thing?
(y)es / (n)o / (u)nsure / (f)inished / (p)revious
firstname : yanika
lastname : kowitlawakul
middlename : None
year : 2013
year_papertitle : ((2013, 'development of the electronic health records for nursing education ehrne software program'), (2013, 'predictors for success for first semester second degree bachelor of science in nursing students'), (2013, 'prospective observational study of handover in a medical icu'), (2014, 'an education booklet to aid cardiac patients recovery at home'), (2014, 'assessing patient satisfaction with healthcare services at outpatient urology department of a tertiary hospital in singapore'), (2014, 'easing student transition to graduate nurse a simulated professional learning environment simple for final year student nurses'), (2014, 'exploring faculty perceptions towards electronic health records for nursing education'), (2014, 'exploring new healthcare professionals roles through interprofessional education'), (2014, 'health related quality of life and its predictors among outpatients with coronary heart disease in singapore'), (2015, 'factors influencing nursing students acceptance of electronic health records for nursing education ehrne software program'))
keywords : frozenset({'family medicine', 'medical education', 'nursing', 'medical emergency', 'pediatrics', 'emergency medicine', 'psychiatry'})

firstname : yanika
lastname : kowitlawakul
middlename : None
year : 2008
year_papertitle : ((2008, 'technology acceptance model predicting nurses acceptance of telemedicine technology eicu'),)
keywords : frozenset({'nursing', 'developmental psychology'})

4/10 positive, 7/10 negative
Do these records refer to the same thing?
(y)es / (n)o / (u)nsure / (f)inished / (p)revious
firstname : robert
lastname : sterner
middlename : None
year : 2012
year_papertitle : ((2012, 'passive cervical spine flexion the effect of age and gender'), (2013, 'electromyography responses of pediatric and young adult volunteers in low speed frontal impacts'))
keywords : frozenset({'physical medicine and rehabilitation', 'physical therapy', 'anatomy'})

firstname : robert
lastname : sterner
middlename : lance
year : 2001
year_papertitle : ((2001, 'a kinetic and kinematic analysis of the drop jump following a functional fatigue protocol'),)
keywords : frozenset({'physical education', 'sports medicine'})

4/10 positive, 7/10 negative
Do these records refer to the same thing?
(y)es / (n)o / (u)nsure / (f)inished / (p)revious
firstname : loretta
lastname : schlachtafairchild
middlename : None
year : 2011
year_papertitle : ((2011, 'using principal component analysis to aid bayesian network development for prediction of critical care patient outcomes'), (2014, 'predicting patient outcomes via neural network estimation of discharge apache scores for traumatic brain injury'), (2016, 'remote health monitoring for older adults and those with heart failure adherence and system usability'), (2018, 'augmenting clinical performance in combat casualty care telemedicine to automation'))
keywords : frozenset({'intensive care medicine', 'physical therapy', 'knowledge management', 'emergency medicine'})

firstname : loretta
lastname : schlachtafairchild
middlename : marie
year : 2000
year_papertitle : ((2000, 'an examination of telenursing description of the professional role and predictors of role stress role ambiguity and role conflict'),)
keywords : frozenset({'computer science', 'nursing', 'occupational psychology'})

4/10 positive, 8/10 negative
Do these records refer to the same thing?
(y)es / (n)o / (u)nsure / (f)inished / (p)revious
firstname : janel
lastname : suburu
middlename : None
year : 2012
year_papertitle : ((2012, 'effect of dietary polyunsaturated fatty acids on castration resistant pten null prostate cancer'), (2012, 'lipids and prostate cancer'), (2013, 'fatty acid metabolism implications for diet genetic variation and disease'), (2013, 'mechanisms of omega 3 polyunsaturated fatty acids in prostate cancer prevention'), (2013, 'polyunsaturated fatty acids affect the localization and signaling of pip3 akt in prostate cancer cells'), (2014, 'fatty acid synthase is required for mammary gland development and milk production during lactation'), (2014, 're serum phospholipid fatty acids and prostate cancer risk in the select trial'))
keywords : frozenset({'endocrinology', 'bioinformatics', 'biochemistry', 'cancer research', 'internal medicine'})

firstname : janel
lastname : suburu
middlename : kathryn
year : 2014
year_papertitle : ((2014, 'fatty acid synthase modulates mammary gland lactation and prostate cancer progression i in vivo i'),)
keywords : frozenset({'cellular biology', 'physiology', 'oncology'})

4/10 positive, 9/10 negative
Do these records refer to the same thing?
(y)es / (n)o / (u)nsure / (f)inished / (p)revious
firstname : carey
lastname : bayer
middlename : roth
year : 2004
year_papertitle : ((2004, 'analysis of medication administration during resuscitation events 227'), (2004, 'early hyperglycemia after pediatric in hospital cardiac arrest is common but not associated with picu mortality 225'), (2005, 'electroencephalography eeg has prognostic value for neurologic outcome in children surviving 24 hours after in hospital cardiac arrest ca 246 s'), (2005, 'the pharmacokinetics and pharmacodynamics of dexmedetomidine in infants following open heart surgery 23'), (2005, 'time out is timepiece variability a factor in critical care'), (2006, 'hypocapnea immediately after rosc is associated with good neurologic outcome in pediatric in hospital cardiac arrest'), (2007, 'retrospective analysis of the prognostic value of electroencephalography patterns obtained in pediatric in hospital cardiac arrest survivors during three years'), (2009, 'neuron specific enolase and s 100b are associated with neurologic outcome after pediatric cardiac arrest'), (2010, 'eight spheres of intimacy'))
keywords : frozenset({'physical therapy', 'medical emergency', 'social psychology', 'pediatrics', 'emergency medicine', 'cardiology', 'internal medicine', 'anesthesia', 'surgery'})

firstname : carey
lastname : bayer
middlename : roth
year : 2005
year_papertitle : ((2005, 'nurses perceptions regarding addressing sexuality with patients in a pediatric intensive care unit'),)
keywords : frozenset({'health education', 'nursing'})

5/10 positive, 9/10 negative
Do these records refer to the same thing?
(y)es / (n)o / (u)nsure / (f)inished / (p)revious
firstname : david
lastname : richards
middlename : None
year : 2011
year_papertitle : ((2011, 'predictors of major complications within 30 days of peg placement in cancer patients 1410'), (2011, 'unusual case of small cell gastric carcinoma case report and literature review'), (2012, 'an unusual case of shortness of breath 668'), (2018, 'features of microscopic colitis in cancer patients receiving immune checkpoint inhibitors 123'), (2018, 'outcomes of vedolizumab treatment in patients with immune checkpoint inhibitor induced diarrhea and colitis a multi center study 110'), (2018, 'the constellation of upper gastrointestinal symptoms and associated endoscopic and histologic features in patients receiving immune checkpoint inhibitors 1231'))
keywords : frozenset({'dermatology', 'gastroenterology', 'pathology', 'cancer research', 'internal medicine', 'surgery'})

firstname : david
lastname : richards
middlename : warren
year : 1990
year_papertitle : ((1990, 'regulation of collagenase and collagenase inhibitor by interleukin 1 in human periodontal fibroblasts'),)
keywords : frozenset({'pathology', 'dental care', 'immunology'})

5/10 positive, 9/10 negative
Do these records refer to the same thing?
(y)es / (n)o / (u)nsure / (f)inished / (p)revious
firstname : andrew
lastname : robinson
middlename : p
year : 1993
year_papertitle : ((1993, 'seasonal production of hypogeal fungal sporocarps in a mixed species eucalypt forest stand in south eastern australia'), (1996, 'the variagraph concept and a lack of fit test'), (1997, 'cut off importance sampling of bole volume'), (1997, 'development and testing of regeneration imputation models for forests in minnesota'), (1998, 'sequential sampling of normal and non normal populations'), (1999, 'improving forest inventories three ways to incorporate auxiliary information'), (2000, 'the consequences of hierarchy for modeling in forest ecosystems'))
keywords : frozenset({'statistics', 'ecology', 'environmental resource management', 'botany', 'forestry'})

firstname : andrew
lastname : robinson
middlename : patrick
year : 2009
year_papertitle : ((2009, 'adult human stem progenitor cells from bone marrow modulate stem and progenitor cells in the central nervous system'),)
keywords : frozenset({'neurosciences', 'cellular biology', 'developmental biology'})

5/10 positive, 10/10 negative
Do these records refer to the same thing?
(y)es / (n)o / (u)nsure / (f)inished / (p)revious
firstname : nuttaon
lastname : promjunyakul
middlename : None
year : 2013
year_papertitle : ((2013, 'changes in hemodynamic responses in chronic stroke survivors do not affect fmri signal detection in a block experimental design'), (2015, 'a novel fmri paradigm suggests that pedaling related brain activation is altered after stroke'))
keywords : frozenset({'physical medicine and rehabilitation', 'neuroscience'})

firstname : nuttaon
lastname : promjunyakul
middlename : None
year : 2012
year_papertitle : ((2012, 'pedaling related brain activation in people post stroke an fmri study'),)
keywords : frozenset({'biomedical engineering', 'physical therapy'})

5/10 positive, 11/10 negative
Do these records refer to the same thing?
(y)es / (n)o / (u)nsure / (f)inished / (p)revious
firstname : kathleen
lastname : zavotsky
middlename : evanovich
year : 1995
year_papertitle : ((1995, 'management of the patient with complex orthopaedic fractures'), (2000, 'developing an ed training program how to grow your own ed nurses'), (2001, 'nursing implications for ed care of patients who have received heart transplants ce'), (2002, 'worsening left upper quadrant pain after a football injury'))
keywords : frozenset({'intensive care medicine', 'medical education', 'physical therapy', 'nursing', 'general surgery'})

firstname : kathleen
lastname : zavotsky
middlename : evanovich
year : 2015
year_papertitle : ((2015, 'exploring the relationship between moral distress and coping in emergency nursing'),)
keywords : frozenset({'nursing'})

6/10 positive, 11/10 negative
Do these records refer to the same thing?
(y)es / (n)o / (u)nsure / (f)inished / (p)revious
firstname : horacio
lastname : iglesia
middlename : o de la
year : 1994
year_papertitle : ((1994, 'burrow plugging in the crab uca uruguayensis and its synchronization with photoperiod and tides'), (1996, 'training to testing intervals different from 24 h impair habituation in the crab chasmagnathus'), (2000, 'antiphase oscillation of the left and right suprachiasmatic nuclei'), (2000, 'morning and evening circadian oscillations in the suprachiasmatic nucleus in vitro'), (2001, 'encoding le quattro stagioni within the mammalian brain photoperiodic orchestration through the suprachiasmatic nucleus'))
keywords : frozenset({'neuroscience', 'ecology', 'oceanography', 'developmental psychology', 'anatomy', 'audiology'})

firstname : horacio
lastname : iglesia
middlename : o de la
year : 1998
year_papertitle : ((1998, 'interactions between the circadian and reproductive systems of the female syrian hamster'),)
keywords : frozenset({'neurosciences', 'physiology'})

6/10 positive, 12/10 negative
Do these records refer to the same thing?
(y)es / (n)o / (u)nsure / (f)inished / (p)revious
firstname : owen
lastname : mccarty
middlename : j t
year : 2000
year_papertitle : ((2000, 'shear stress modulates platelet staphylococcal interactions'), (2002, 'comparative efficacy between the glycoprotein iib iiia antagonists roxifiban and orbofiban in inhibiting platelet responses in flow models of thrombosis'))
keywords : frozenset({'biophysics', 'endocrinology', 'internal medicine'})

firstname : owen
lastname : mccarty
middlename : j t
year : 2003
year_papertitle : ((2003, 'flow modulation of receptor mediated interactions in inflammation and cancer metastasis'),)
keywords : frozenset({'chemical engineering', 'immunology', 'physiology', 'oncology'})

6/10 positive, 13/10 negative
Do these records refer to the same thing?
(y)es / (n)o / (u)nsure / (f)inished / (p)revious
firstname : unni
lastname : karunakara
middlename : None
year : 2003
year_papertitle : ((2003, 'mortality among displaced former unita members and their families in angola a retrospective cluster survey'), (2004, 'a comparison of narrative exposure therapy supportive counseling and psychoeducation for treating posttraumatic stress disorder in an african refugee settlement'), (2004, 'psychological trauma and evidence for enhanced vulnerability for posttraumatic stress disorder through previous trauma among west nile refugees'), (2004, 'traumatic events and symptoms of post traumatic stress disorder amongst sudanese nationals refugees and ugandans in the west nile'), (2004, 'using indirect methods to understand the impact of forced migration on long term under five mortality'), (2005, 'forced migration and under five mortality a comparison of refugees and hosts in north western uganda and southern sudan'), (2006, 'melarsoprol versus eflornithine for treating late stage gambian trypanosomiasis in the republic of the congo'), (2006, 'treatment outcomes and risk factors for relapse in patients with early stage human african trypanosomiasis hat in the republic of the congo'), (2007, 'building clinical trials capacity for tuberculosis drugs in high burden countries'), (2007, 'nifurtimox eflornithine combination therapy for second stage trypanosoma brucei gambiense sleeping sickness a randomized clinical trial in congo'))
keywords : frozenset({'socioeconomics', 'intensive care medicine', 'clinical psychology', 'pediatrics', 'psychiatry', 'internal medicine', 'demography', 'immunology', 'surgery'})

firstname : unni
lastname : karunakara
middlename : krishnan
year : 2004
year_papertitle : ((2004, 'the demography of forced migration displacement and fertility in the west nile region of northern uganda and southern sudan'),)
keywords : frozenset({'public health', 'public policy'})

6/10 positive, 14/10 negative
Do these records refer to the same thing?
(y)es / (n)o / (u)nsure / (f)inished / (p)revious
firstname : krista
lastname : christensen
middlename : yorita
year : 2010
year_papertitle : ((2010, 'characterization of the correlation between ages at entry into breast and pubic hair development'), (2010, 'progression through puberty in girls enrolled in a contemporary british cohort'), (2011, 'exposure to polyfluoroalkyl chemicals during pregnancy is not associated with offspring age at menarche in a contemporary british cohort'))
keywords : frozenset({'endocrinology', 'physiology', 'pediatrics', 'gynecology', 'internal medicine', 'demography'})

firstname : krista
lastname : christensen
middlename : yorita
year : 2009
year_papertitle : ((2009, 'initiation and progression of puberty in girls and environmental exposures in a contemporary longitudinal cohort'),)
keywords : frozenset({'epidemiology', 'endocrinology'})

7/10 positive, 14/10 negative
Do these records refer to the same thing?
(y)es / (n)o / (u)nsure / (f)inished / (p)revious
firstname : michael
lastname : hill
middlename : roland scott
year : 1990
year_papertitle : ((1990, 'excess tachycardia an anesthetized preparation and its stimulation frequency response'), (1993, 'frequency dependence of vasoactive intestinal polypeptide release and vagally induced tachycardia in the canine heart'))
keywords : frozenset({'anesthesia', 'endocrinology', 'cardiology', 'internal medicine'})

firstname : michael
lastname : hill
middlename : roland scott
year : 1992
year_papertitle : ((1992, 'the role of vasoactive intestinal polypeptide in vagally mediated nonmuscarinic nonadrenergic control of the heart'),)
keywords : frozenset({'biomedical research', 'neurology', 'pharmacology'})

8/10 positive, 14/10 negative
Do these records refer to the same thing?
(y)es / (n)o / (u)nsure / (f)inished / (p)revious
firstname : maria
lastname : nuncio
middlename : luisa zuniga de
year : 1997
year_papertitle : ((1997, 'the presence of total quality management and continuous quality improvement processes in california public health clinics'), (1999, 'pretesting spanish language educational radio messages to promote timely and complete infant immunization in california'), (2000, 'exposure to immunization media messages among african american parents'), (2002, 'assessing an intensive school based assistance program to enroll uninsured children'), (2003, 'a prenatal intervention study to improve timeliness of immunization initiation in latino infants'))
keywords : frozenset({'family medicine', 'environmental health', 'nursing', 'pediatrics', 'demography'})

firstname : maria
lastname : nuncio
middlename : luisa zuniga de
year : 1999
year_papertitle : ((1999, 'a prospective randomized study to determine the effects of a prenatal immunization intervention on timeliness of infant immunization schedule initiation in two san diego county community clinics'),)
keywords : frozenset({'public health', 'health education'})

9/10 positive, 14/10 negative
Do these records refer to the same thing?
(y)es / (n)o / (u)nsure / (f)inished / (p)revious
firstname : helio
lastname : filho
middlename : cordeiro manso
year : 2004
year_papertitle : ((2004, 'exercise induced alterations in plasma insulin cortisol leptin and ghrelin concentrations in horses'), (2004, 'increases in skeletal muscle size following moderate vascular occlusion in standardbred horses'), (2004, 'maternal and fetal heart rates during exercise in horses'), (2004, 'plasma leptin ghrelin and adiponectin concentrations in fit vs unfit standardbred mares'), (2006, 'effect of orange peel and black tea extracts on markers of performance and cytokine markers of inflammation in horses'), (2007, 'dietary supplementation increases milk glutamine levels in the lactating pig'), (2007, 'exercise induced alterations in plasma concentrations of ghrelin adiponectin leptin glucose insulin and cortisol in horses'), (2007, 'novel findings regarding glut 4 expression in adipose tissue and muscle in horses a preliminary report'), (2007, 'plasma leptin ghrelin and adiponectin concentrations in young fit racehorses versus mature unfit standardbreds'), (2008, 'distribution of glutamine synthetase and an inverse relationship between glutamine synthetase expression and intramuscular glutamine concentration in the horse'))
keywords : frozenset({'endocrinology', 'pathology', 'biochemistry', 'internal medicine', 'cardiology', 'animal science'})

firstname : helio
lastname : filho
middlename : cordeiro manso
year : 2005
year_papertitle : ((2005, 'skeletal muscle metabolism in growing foals and transition mares'),)
keywords : frozenset({'physiology', 'animal sciences', 'veterinary services'})

9/10 positive, 14/10 negative
Do these records refer to the same thing?
(y)es / (n)o / (u)nsure / (f)inished / (p)revious
firstname : chung
lastname : choi
middlename : hang jonathan
year : 2009
year_papertitle : ((2009, 'pharmacokinetics and tumor dynamics of the nanoparticle it 101 from pet imaging and tumor histological measurements'), (2010, 'evidence of rnai in humans from systemically administered sirna via targeted nanoparticles'), (2010, 'mechanism of active targeting in solid tumors with transferrin containing gold nanoparticles'), (2011, 'abstract c134 herceptin targeted sirna nanoparticles inhibit the growth her2 positive breast cancer tumors in vivo'), (2011, 'targeting kidney mesangium by nanoparticles of defined size'), (2012, 'abstract 2906 preclinical systems to study the biodistribution of nanoparticle delivery in pancreatic ductal adenocarcinoma'), (2012, 'polycation sirna nanoparticles can disassemble at the kidney glomerular basement membrane'), (2012, 'systemic delivery of sirna nanoparticles targeting rrm2 suppresses head and neck tumor growth'), (2012, 'transitioning dna engineered nanoparticle superlattices from solution to the solid state'), (2013, 'first in human phase 1 2a trial of crlx101 a cyclodextrin containing polymer camptothecin nanopharmaceutical in patients with advanced solid tumor malignancies'))
keywords : frozenset({'pharmacology', 'cell biology', 'molecular biology', 'biophysics', 'gastroenterology', 'pathology', 'biochemistry', 'cancer research', 'internal medicine', 'immunology', 'nanotechnology'})

firstname : chung
lastname : choi
middlename : hang jonathan
year : 2011
year_papertitle : ((2011, 'pharmacological behavior of systemically administered nanoparticles of defined properties mechanistic investigations at the organ tissue and cellular levels'),)
keywords : frozenset({'chemical engineering', 'pharmacology', 'nanotechnology'})

9/10 positive, 14/10 negative
Do these records refer to the same thing?
(y)es / (n)o / (u)nsure / (f)inished / (p)revious
firstname : mary
lastname : marienau
middlename : e shirk
year : 1998
year_papertitle : ((1998, 'preoperative evaluation of the pulmonary patient undergoing nonpulmonary surgery'), (2001, 'compartment syndrome in surgical patients'), (2003, 'a teaching tool in spinal anesthesia'), (2004, 'childhood airway manifestations of lymphangioma a case report'), (2005, 'update for nurse anesthetists anesthetic considerations for patients with amyloidosis'))
keywords : frozenset({'anesthesia', 'physical medicine and rehabilitation', 'intensive care medicine', 'surgery'})

firstname : mary
lastname : marienau
middlename : e shirk
year : 2011
year_papertitle : ((2011, 'certified registered nurse anesthetists professional recertification process a grounded theory'),)
keywords : frozenset({'health education', 'nursing', 'adult education'})

9/10 positive, 14/10 negative
Do these records refer to the same thing?
(y)es / (n)o / (u)nsure / (f)inished / (p)revious
firstname : terri
lastname : zucchero
middlename : lacoursiere
year : 2014
year_papertitle : ((2014, 'dwelling in suffering barriers to men s healing from childhood maltreatment'), (2016, 'walking in a maze community providers difficulties coordinating health care for homeless patients'))
keywords : frozenset({'clinical psychology', 'nursing'})

firstname : terri
lastname : zucchero
middlename : lacoursiere
year : 2012
year_papertitle : ((2012, 'the stories of homeless street youth a narrative inquiry of time perspective health and health promotion'),)
keywords : frozenset({'nursing'})

9/10 positive, 15/10 negative
Do these records refer to the same thing?
(y)es / (n)o / (u)nsure / (f)inished / (p)revious
firstname : kelli
lastname : hall
middlename : stidham
year : 2010
year_papertitle : ((2010, 'eating disordered symptoms as a mediator of oral contraceptive use in minority adolescents preliminary findings'), (2010, 'measuring oral contraceptive knowledge a review of research findings and limitations'), (2010, 'studying the use of oral contraception a review of measurement approaches'), (2010, 'what do young urban females know about oral contraceptives an assessment of knowledge deficits and strengths'), (2011, '166 can daily educational text messages improve young women s knowledge of oral contraception'), (2011, '167 depressed mood psychological stress and eating disordered symptoms are associated with perceived oral contraceptive side effects in minority adolescents'), (2011, 'effect of prospectively measured pregnancy intention indicators on the consistency of contraceptive use among young women'), (2011, 'informal and formal reproductive health communication for adolescent girls in the united states results from two cycles of the national survey of family growth'), (2011, 'oral contraceptive knowledge modestly associated with oral contraceptive continuation among young urban women'), (2011, 'reproductive health service use among adolescent and young adult women in the united states has declined an analysis of data from the national survey of family growth 2002 to 2008'))
keywords : frozenset({'economic growth', 'endocrinology', 'family medicine', 'environmental health', 'clinical psychology', 'gynecology', 'psychiatry', 'internal medicine', 'obstetrics', 'demography'})

firstname : kelli
lastname : hall
middlename : stidham
year : 2010
year_papertitle : ((2010, 'the influence of adverse psychological conditions on oral contraceptive attributed side effects and discontinuation in minority adolescent and young adult women'),)
keywords : frozenset({'public health', 'nursing'})

9/10 positive, 16/10 negative
Do these records refer to the same thing?
(y)es / (n)o / (u)nsure / (f)inished / (p)revious
firstname : luis
lastname : silva
middlename : felipe prada e
year : 1999
year_papertitle : ((1999, 'caracteristicas agronomicas e digestibilidade in situ da fracao volumosa de hibridos de milho para silagem'), (1999, 'efeito do nivel de celulas somaticas sobre os constituintes do leite i gordura e proteina'), (2000, 'celulas somaticas no leite em rebanhos brasileiros'), (2000, 'correlation between chemical composition and dry matter and neutral detergent fiber in situ degradation of corn hybrids bulky fraction'), (2000, 'efeito do nivel de celulas somaticas sobre os constituintes do leite ii lactose e solidos totais'), (2002, 'effect of dietary protein on prepubertal mammary development in rapidly growing dairy heifers'), (2002, 'evidence for a local effect of leptin in bovine mammary gland'), (2002, 'short communication relationship between body growth and mammary development in dairy heifers'), (2005, 'short communication intramammary infusion of igf i increases bromodeoxyuridine labeling in mammary epithelial cells of prepubertal heifers'))
keywords : frozenset({'mineralogy', 'endocrinology', 'veterinary medicine', 'nuclear chemistry', 'biochemistry', 'agronomy', 'internal medicine', 'animal science'})

firstname : luis
lastname : silva
middlename : felipe prada e
year : 2003
year_papertitle : ((2003, 'role of leptin in mammary gland development of prepubertal heifers'),)
keywords : frozenset({'physiology', 'animal sciences'})

10/10 positive, 16/10 negative
Do these records refer to the same thing?
(y)es / (n)o / (u)nsure / (f)inished / (p)revious
firstname : mary
lastname : brauchla
middlename : None
year : 2019
year_papertitle : ((2019, 'a beverage containing orange pomace improves laxation and modulates the microbiome in healthy adults a randomised blinded controlled trial'), (2019, 'oatmeal containing breakfast is associated with better diet quality and higher intake of key food groups and nutrients compared to other breakfasts'), (2019, 'oatmeal containing breakfast is associated with better diet quality and higher intake of key food groups and nutrients compared to other breakfasts in children'), (2020, 'association of whole grain and dietary fiber intake with cardiometabolic risk in children and adolescents'), (2021, 'cost effective options for increasing consumption of under consumed food groups and nutrients in the usa'), (2021, 'trends in vitamin c consumption in the united states 1999 2018'))
keywords : frozenset({'environmental health', 'food science', 'internal medicine', 'animal science'})

firstname : mary
lastname : brauchla
middlename : catherine
year : 2015
year_papertitle : ((2015, 'effects of high protein and high fiber breakfasts on preschoolers feelings of fullness diet quality and memory'),)
keywords : frozenset({'nutrition'})

11/10 positive, 16/10 negative
Do these records refer to the same thing?
(y)es / (n)o / (u)nsure / (f)inished / (p)revious
firstname : marcelo
lastname : araujo
middlename : werneck barata de
year : 2004
year_papertitle : ((2004, 'clinical and microbial evaluation of dental scaling associated with subgingival minocycline in chronic periodontitis subjects'), (2005, 'in vitro antimicrobial activity of plant extracts and propolis in saliva samples of healthy and periodontally involved subjects'), (2006, 'a short term clinical and microbial evaluation of periodontal therapy associated with amalgam overhang removal'), (2006, 'clinical evaluation of tunneled molars a retrospective study'), (2006, 'condicao periodontal de um subgrupo populacional do municipio de guarulhos sp'))
keywords : frozenset({'orthodontics', 'traditional medicine', 'gastroenterology', 'dentistry', 'humanities', 'internal medicine'})

firstname : marcelo
lastname : araujo
middlename : werneck barata de
year : 2003
year_papertitle : ((2003, 'methodological considerations in the evaluation of periodontal disease and their impact on the exploration of its link with other diseases'),)
keywords : frozenset({'public health', 'dental care'})

11/10 positive, 16/10 negative
Do these records refer to the same thing?
(y)es / (n)o / (u)nsure / (f)inished / (p)revious
firstname : roseline
lastname : vakkai
middlename : jindori yunusa
year : 2017
year_papertitle : ((2017, 'synchronizing policy practice and partnership efforts improving knowledge and care of noncommunicable diseases in west africa'), (2020, 'sociocultural factors that impact the health status quality of life and academic achievement of international graduate students a comprehensive literature review'))
keywords : frozenset({'economic growth', 'medical education'})

firstname : roseline
lastname : vakkai
middlename : jindori yunusa
year : 2015
year_papertitle : ((2015, 'health status health care access literacy amp numeracy among members of immigrant communities the relationship of perceptions awareness amp concerns regarding the health care act'),)
keywords : frozenset({'public health', 'health education'})

11/10 positive, 16/10 negative
Do these records refer to the same thing?
(y)es / (n)o / (u)nsure / (f)inished / (p)revious
firstname : audrey
lastname : bryan
middlename : a mattson
year : 1995
year_papertitle : ((1995, 'birth to three early intervention nursing s role on the interdisciplinary team'), (1998, 'nurses involvement in interdisciplinary team evaluations incorporating the family perspective into child assessment'), (2000, 'enhancing parent child interaction with a prenatal couple intervention'), (2002, 'couple relationships over the transition to parenthood methodological issues in testing for an intervention effect'), (2002, 'using evidence to educate birthing center nursing staff about infant states cues and behaviors'))
keywords : frozenset({'clinical psychology', 'developmental psychology', 'nursing'})

firstname : audrey
lastname : bryan
middlename : a mattson
year : 1995
year_papertitle : ((1995, 'effect of community based intervention on relationship quality in expectant parent couples'),)
keywords : frozenset({'personal relationships', 'nursing', 'social psychology', 'sociology', 'families family life'})

11/10 positive, 17/10 negative
Do these records refer to the same thing?
(y)es / (n)o / (u)nsure / (f)inished / (p)revious
firstname : isaac
lastname : harley
middlename : t w
year : 2002
year_papertitle : ((2002, 'a genetic marker within the cd44 gene confirms linkage at 11p13 in african american families with lupus stratified by thrombocytopenia but genetic association with cd44 is not present'), (2006, 'the curiously suspicious a role for epstein barr virus in lupus'), (2008, 'osteopontin and systemic lupus erythematosus association a probable gene gender interaction'), (2009, 'genetic associations of lyn with systemic lupus erythematosus'), (2009, 'genetic susceptibility to sle new insights from fine mapping and genome wide association studies'), (2009, 'identification of ifrd1 as a modifier gene for cystic fibrosis lung disease'))
keywords : frozenset({'genetics', 'immunology', 'virology', 'computational biology'})

firstname : isaac
lastname : harley
middlename : t w
year : 2012
year_papertitle : ((2012, 'modulation of obesity and its sequelae by microbiome immune system interactions'),)
keywords : frozenset({'immunology', 'microbiology'})

11/10 positive, 18/10 negative
Do these records refer to the same thing?
(y)es / (n)o / (u)nsure / (f)inished / (p)revious
firstname : patricia
lastname : dittman
middlename : None
year : 2008
year_papertitle : ((2008, 'male nurses and chemical dependency masterminding the nursing environment'), (2015, 'chemical dependency and nursing students a complicated process calling for nurse educator involvement'))
keywords : frozenset({'medical education', 'nursing', 'family medicine'})

firstname : patricia
lastname : dittman
middlename : welch
year : 2007
year_papertitle : ((2007, 'the lived experience of male nurses who have successfully rehabilitated from chemical dependency through the state of florida s intervention project for nurses'),)
keywords : frozenset({'nursing'})

11/10 positive, 19/10 negative
Do these records refer to the same thing?
(y)es / (n)o / (u)nsure / (f)inished / (p)revious
firstname : joyce
lastname : chan
middlename : chi yee
year : 1996
year_papertitle : ((1996, 'the hydrophobic nature of residue 5 of human protein c is a major determinant of its functional interactions with acidic phospholipid vesicles'), (1997, 'mice lacking factor vii develop normally but suffer fatal perinatal bleeding'), (1998, 'inactivation of the gene for anticoagulant protein c causes lethal perinatal consumptive coagulopathy in mice'), (2000, 'combined factor vii protein c deficiency results in intrauterine coagulopathy in mice'), (2001, 'accelerated skin wound healing in plasminogen activator inhibitor 1 deficient mice'), (2001, 'gene targeting in hemostasis factor vii'), (2001, 'gene targeting in hemostasis tissue factor pathway inhibitor'), (2001, 'the characterization of mice with a targeted combined deficiency of protein c and factor xi'))
keywords : frozenset({'endocrinology', 'molecular biology', 'andrology', 'pathology', 'biochemistry', 'cancer research', 'internal medicine', 'immunology'})

firstname : joyce
lastname : chan
middlename : chi yee
year : 1999
year_papertitle : ((1999, 'characterization of murine factor vii deficiency and its additional effects on tissue factor pathway inhibitor and protein c deficient mice'),)
keywords : frozenset({'pathology', 'animal diseases', 'biochemistry'})

12/10 positive, 19/10 negative
Do these records refer to the same thing?
(y)es / (n)o / (u)nsure / (f)inished / (p)revious
firstname : wei
lastname : liu
middlename : None
year : 2009
year_papertitle : ((2009, 'effects of glucocorticoid on blood children s osteoblasts and interference of vitamin d'), (2011, 'analysis of prognostic risk factors in childhood hemophagocytic syndrome'), (2012, 'changes and significance of lymphocyte subsets in children with severe aplastic anemia'), (2012, 'effects of glucocorticoid on bone density and osteoblasts in children with acute itp and the intervention of vitamin d'), (2012, 'urinary angiotensinogen levels in relation to renal involvement of henoch schonlein purpura in children'), (2014, 'the changes of circulating follicular regulatory t cells and follicular t helper cells in children immune thrombocytopenia'), (2015, 'serum levels of s 100 correlate with the clinical status and severity of hypoxic ischemic encephalopathy in neonates'))
keywords : frozenset({'immunology', 'endocrinology', 'internal medicine'})

firstname : wei
lastname : liu
middlename : None
year : 1996
year_papertitle : ((1996, 'regulation of phospholipase c beta by g protein alpha and beta gamma subunits'),)
keywords : frozenset({'cellular biology', 'pharmacology', 'molecular biology', 'oncology'})

13/10 positive, 19/10 negative
Do these records refer to the same thing?
(y)es / (n)o / (u)nsure / (f)inished / (p)revious
firstname : cynthia
lastname : schwartz
middlename : None
year : 2019
year_papertitle : ((2019, 'factors influencing poor outcomes in synthetic tissue engineered tracheal replacement'), (2020, 'designing a low cost thyroid ultrasound phantom for medical student education'), (2021, 'screening awareness of hpv related oropharyngeal cancers and attitudes and concerns towards hpv vaccination among parents hpv and oropharyngeal cancer'), (2021, 'unilateral tessier 7 cleft case report of z plasty with geometric broken line repair and literature review'))
keywords : frozenset({'radiology', 'family medicine', 'surgery'})

firstname : cynthia
lastname : schwartz
middlename : beth
year : 2000
year_papertitle : ((2000, 'the relationship between partner social support and premenstrual symptoms'),)
keywords : frozenset({'physiological psychology', 'obstetrics', 'gynecology', 'psychotherapy'})

13/10 positive, 20/10 negative
Do these records refer to the same thing?
(y)es / (n)o / (u)nsure / (f)inished / (p)revious
Finished labeling
Done in 8887.914236863455 minutes.
