Namespace(testing=False, verbose=1, field=['materials science'], train_name='christoph_degree0', startyear=1985, endyear=2015, loadstartyear=1985, loadendyear=2015, mergemode='1:1', recall=0.9, institution='False', fieldofstudy_cat='False', fieldofstudy_str='False', keywords='True', retrain='True', linking_type='graduates', samplesize=50000, write_to='database')
Have max 12 cores available
Testing is False 

I set the write connection to the main database.
id_field is [192562407] and will be passed to sql queries.
finished setup ... 
Time elapsed: 0.0007550279299418131 minutes 


    SELECT goid
            , year
            , firstname 
            , lastname
            , CASE TRIM(SUBSTR(middle_lastname, 1, l_fullname-l_firstname-l_lastname - 1)) 
                WHEN 
                    "" THEN NULL 
                    ELSE TRIM(SUBSTR(middle_lastname, 1, l_fullname-l_firstname-l_lastname - 1)) 
                END AS middlename
            , fieldofstudy
            , keywords
            , institution
            , coauthors
            , year_papertitle
    FROM (
        SELECT goid
            , degree_year AS year 
            , fullname 
            , SUBSTR(TRIM(fullname),1,instr(trim(fullname)||' ',' ')-1) AS firstname
            , REPLACE(fullname, RTRIM(fullname, REPLACE(fullname, " ", "")), "") AS lastname 
            , TRIM(SUBSTR(fullname, length(SUBSTR(TRIM(fullname),1,instr(trim(fullname)||' ',' ')-1)) + 1)) AS middle_lastname 
            , length(fullname) AS l_fullname 
            , length(SUBSTR(TRIM(fullname),1,instr(trim(fullname)||' ',' ')-1) ) AS l_firstname
            , length(REPLACE(fullname, RTRIM(fullname, REPLACE(fullname, " ", "")), "")) AS l_lastname
            , fieldname AS fieldofstudy
            , university_id
            , degree_year || "//" || thesistitle as year_papertitle 
        FROM pq_authors 
        INNER JOIN (
            SELECT goid, fieldname 
            FROM pq_fields_mag
            WHERE mag_field0 IN (?)
        ) USING (goid)
    )
    -- ## NOTE: use left join here as not all graduates have advisor (particularly pre-1980) and possibly also keywords
    LEFT JOIN (
        SELECT goid
            , fields as keywords
            , advisors as coauthors
        FROm pq_info_linking
    ) USING(goid)
    INNER JOIN (
        SELECT university_id, normalizedname as institution
        FROM pq_unis
        WHERE location like "%United States%"
    ) USING(university_id)
    WHERE year >= 1985 and year <= 2015 AND length(firstname) > 1
     


    SELECT f.AuthorId
        , f.year
        , f.firstname
        , f.lastname
        , CASE TRIM(SUBSTR(f.middle_lastname, 1, f.l_fullname - f.l_firstname - f.l_lastname - 1)) 
            WHEN 
                "" THEN NULL 
                ELSE TRIM(SUBSTR(f.middle_lastname, 1, f.l_fullname - f.l_firstname - f.l_lastname - 1)) 
            END as middlename 
            -- ## NOTE this gives "" for middlename when it is missing 
        , f.fieldofstudy
        , g.keywords
        , g.coauthors
        , g.institution
        , g.year_papertitle
    FROM (
        SELECT a.AuthorId
            , a.YearFirstPub AS year
            , a.FirstName AS firstname
            , REPLACE(b.NormalizedName, RTRIM(b.NormalizedName, REPLACE(b.NormalizedName, " ", "")), "") AS lastname 
                    -- https://stackoverflow.com/questions/21388820/how-to-get-the-last-index-of-a-substring-in-sqlite
            , TRIM(SUBSTR(b.NormalizedName, length(a.FirstName) + 1)) AS middle_lastname 
                    -- this gives all except the first name 
            , length(b.NormalizedName) as l_fullname 
            , length(a.FirstName) as l_firstname
            , length(REPLACE(b.NormalizedName, RTRIM(b.NormalizedName, REPLACE(b.NormalizedName, " ", "")), "")) as l_lastname
            , e.NormalizedName AS fieldofstudy
        FROM author_sample AS a
        INNER JOIN (
            SELECT AuthorId, NormalizedName
            FROM Authors
        ) AS b USING(AuthorId)
        INNER JOIN (
            SELECT AuthorId
            FROM author_field0
            WHERE FieldOfStudyId_lvl0 IN (?)
                AND Degree <= 0
        ) USING(AuthorId)
        LEFT JOIN (
            SELECT AuthorId, NormalizedName
            FROM author_fields c
            INNER JOIN (
                SELECT FieldOfStudyId, NormalizedName
                FROM FieldsOfStudy
            ) AS d USING(FieldOfStudyId)
            -- ## Condition on fieldofstudy being in the level 0 id_field
            INNER JOIN (
                SELECT ParentFieldOfStudyId, ChildFieldOfStudyId
                FROM crosswalk_fields
                WHERE ParentLevel = 0
                    AND ParentFieldOfStudyId IN (?)
            ) AS e ON (e.ChildFieldOfStudyId = c.FieldOfStudyId)
            WHERE FieldClass = 'first'
        ) AS e USING(AuthorId)
    ) f
    LEFT JOIN (
        SELECT AuthorId
                , institutions as institution
                , main_us_institutions_career
                , coauthors
                , keywords
                , year_papertitle
        FROM author_info_linking
    ) AS g USING(AuthorId)
    WHERE length(firstname) > 1 AND year >= 1985 - 5 AND year <= 2015 + 5 
        -- ## use this to condition on people that have at least at some point their main affiliation in the US
        AND g.main_us_institutions_career IS NOT NULL
        AND g.institution != "chinese academy of sciences"
     

Time elapsed: 96.09755960702896 minutes 

Starting active labeling...
firstname : yenny
lastname : chandra
middlename : None
year : 2012
year_papertitle : ((2012, 'a lower bound on snap through instability of curved beams under thermomechanical loads'), (2012, 'numerical pathologies in snap through simulations'), (2013, 'a numerical investigation of snap through in a shallow arch like model'), (2013, 'characterizing dynamic transitions associated with snap through of clamped shallow arches'), (2013, 'transient behavior of curved structures'), (2015, 'a robust composite time integration scheme for snap through problems'))
keywords : frozenset({'structural engineering', 'control theory', 'mechanics', 'mechanical engineering', 'classical mechanics', 'control engineering'})

firstname : yenny
lastname : chandra
middlename : None
year : 2013
year_papertitle : ((2013, 'transient behavior of curved structures'),)
keywords : frozenset({'mechanical engineering', 'materials science', 'civil engineering'})

0/10 positive, 0/10 negative
Do these records refer to the same thing?
(y)es / (n)o / (u)nsure / (f)inished
firstname : alvin
lastname : loke
middlename : leng sun
year : 1996
year_papertitle : ((1996, 'kinetics of copper drift in pecvd dielectrics'), (1997, 'effect of texture on the electromigration of cvd copper'), (1997, 'electrical extraction of the in plane dielectric constant of fluorinated polyimide'), (1998, 'barrier seed layer requirements for copper interconnects'), (1998, 'copper drift in low k polymer dielectrics for ulsi metallization'), (1998, 'electrical leakage at low k polyimide teos interface'), (1998, 'electrical reliability of cu and low k dielectric integration'), (1998, 'electromigration of submicron damascene copper interconnects'), (1998, 'microstructure and reliability of copper interconnects'), (1999, 'process integration issues of low permittivity dielectrics with copper for high performance interconnects'))
keywords : frozenset({'analytical chemistry', 'composite material', 'electrical engineering', 'electronic engineering', 'optoelectronics', 'engineering physics', 'metallurgy'})

firstname : alvin
lastname : loke
middlename : leng sun
year : 1999
year_papertitle : ((1999, 'process integration issues of low permittivity dielectrics with copper for high performance interconnects'),)
keywords : frozenset({'electrical engineering', 'materials science'})

1/10 positive, 0/10 negative
Do these records refer to the same thing?
(y)es / (n)o / (u)nsure / (f)inished / (p)revious
firstname : yi
lastname : zheng
middlename : None
year : 2012
year_papertitle : ((2012, 'biological agent sensing integrated circuit basic a new cmos magnetic biosensor system'), (2013, 'improved biological agent sensing integrated circuit basic'))
keywords : frozenset({'electrical engineering', 'electronic engineering', 'acoustics'})

firstname : yi
lastname : zheng
middlename : None
year : 2014
year_papertitle : ((2014, 'biological agent sensing integrated circuit basic a new complementary metal oxide semiconductor cmos magnetic biosensor system'),)
keywords : frozenset({'biomedical engineering', 'electrical engineering', 'computer engineering'})

2/10 positive, 0/10 negative
Do these records refer to the same thing?
(y)es / (n)o / (u)nsure / (f)inished / (p)revious
firstname : ashim
lastname : gupta
middlename : None
year : 2010
year_papertitle : ((2010, 'abstract 2563 upregulation of mir 155 is associated with cisplatin resistance in the head and neck cancer umscc 10b 15s cells'), (2011, 'detection of micrornas in cultured cells and paraffin embedded tissue specimens by in situ hybridization'), (2013, 'alterations in disc height foraminal height and foraminal width following one and two level axialifa 창창 a 창창 a radiological analysis'), (2013, 'sagittal lumbar alignment following axial lumbar interbody fusion with trans1'), (2013, 'single walled carbon nanotube composites for bone tissue engineering'), (2014, 'in vitro evaluation of three dimensional single walled carbon nanotube composites for bone tissue engineering'), (2014, 'surgical retrieval isolation and in vitro expansion of human anterior cruciate ligament derived cells for tissue engineering applications'), (2015, 'abstract 142 a microbiologic comparison of acellular dermal matrices as an aseptic reconstructive material and a scaffold for stem cell in growth'), (2015, 'biocompatibility of single walled carbon nanotube composites for bone regeneration'), (2015, 'bone graft substitutes for spine fusion a brief review'))
keywords : frozenset({'surgery', 'composite material', 'nuclear medicine', 'molecular biology', 'anatomy', 'cancer research', 'immunology', 'biomedical engineering'})

firstname : ashim
lastname : gupta
middlename : None
year : 2014
year_papertitle : ((2014, 'evaluation of non functionalized single walled carbon nanotubes composites for bone tissue engineering'),)
keywords : frozenset({'molecular biology', 'materials science', 'biomedical engineering'})

3/10 positive, 0/10 negative
Do these records refer to the same thing?
(y)es / (n)o / (u)nsure / (f)inished / (p)revious
firstname : lewis
lastname : arco
middlename : gomez de
year : 2007
year_papertitle : ((2007, 'optical properties of carbon nanotubes near infrared induced hyperthermia as therapy for brain tumors'), (2009, 'scalable chemical vapor deposition of single and few layer graphene'), (2009, 'synthesis and metal to semiconductor conversion of carbon nanotubes by light irradiation'), (2009, 'wafer scale fabrication of separated carbon nanotube thin film transistors for display applications'), (2010, '2 4 6 trinitrotoluene tnt chemical sensing based on aligned single walled carbon nanotubes and zno nanowires'), (2010, 'continuous highly flexible and transparent graphene films by chemical vapor deposition for organic photovoltaics'), (2010, 'synthesis and device applications of high density aligned carbon nanotubes using low pressure chemical vapor deposition and stacked multiple transfer'))
keywords : frozenset({'nanotechnology', 'chemical physics', 'chemical engineering', 'optoelectronics', 'biophysics'})

firstname : lewis
lastname : arco
middlename : mortimer gomez de
year : 2010
year_papertitle : ((2010, 'graphene and carbon nanotubes synthesis characterization and applications for beyond silicon electronics'),)
keywords : frozenset({'physical chemistry', 'materials science', 'nanotechnology'})

4/10 positive, 0/10 negative
Do these records refer to the same thing?
(y)es / (n)o / (u)nsure / (f)inished / (p)revious
firstname : yung
lastname : wang
middlename : jui
year : 2009
year_papertitle : ((2009, 'high resolution compton scattering as a probe of the fermi surface in the iron based superconductor lao1 xfxfeas'), (2009, 'momentum density fermi surface and directional compton profile in the iron based superconductor laofeas'), (2010, 'dynamical structure factor computations in extended momentum space in electron doped cuprates'), (2010, 'proposal to determine the fermi surface topology of a doped iron based superconductor using bulk sensitive fourier transform compton scattering'), (2011, 'imaging doped holes in a cuprate superconductor with high resolution compton scattering'), (2011, 'search for new topological insulators'), (2011, 'topological insulators in the quaternary chalcogenide compounds and ternary famatinite compounds'), (2012, 'persistence of covalent bonding in liquid silicon probed by inelastic x ray scattering'))
keywords : frozenset({'condensed matter physics', 'chemical physics', 'atomic physics', 'molecular physics', 'quantum mechanics'})

firstname : yung
lastname : wang
middlename : jui
year : 2013
year_papertitle : ((2013, 'modeling electronic structure and spectroscopy in correlated materials and topological insulators'),)
keywords : frozenset({'condensed matter physics', 'materials science'})

5/10 positive, 0/10 negative
Do these records refer to the same thing?
(y)es / (n)o / (u)nsure / (f)inished / (p)revious
firstname : sun
lastname : kim
middlename : kyoung
year : 2002
year_papertitle : ((2002, 'an experimental study on the thermoplastic filament winding process using commingled yarns'), (2002, 'an inverse method for estimating thermophysical properties of fluid flowing in a circulating duct'), (2002, 'determination of permeability of fibrous medium considering inertial effects'), (2002, 'solution of inverse heat conduction problems using maximum entropy method'), (2002, 'solving a nonlinear inverse convection problem using the sequential gradient method'), (2003, 'a solution method for a nonlinear three dimensional inverse heat conduction problem using the sequential gradient method combined with cubic spline function specification'), (2003, 'characterization of boundary conditions during thermoplastic composite tape lay up process using an inverse method'), (2003, 'determination of in plane permeability of fiber preforms by the gas flow method using pressure measurements'), (2003, 'determination of three dimensional permeability of fiber preforms by the inverse parameter estimation technique'), (2003, 'solution to inverse heat conduction problem in nanoscale using sequential method'))
keywords : frozenset({'mathematical optimization', 'composite material', 'geometry', 'applied mathematics', 'mechanics', 'mechanical engineering', 'thermodynamics', 'mathematical analysis'})

firstname : sun
lastname : kim
middlename : wook
year : 2013
year_papertitle : ((2013, 'modulation of stem cell fate by electrical stimulation'),)
keywords : frozenset({'cellular biology', 'physiology', 'biomedical engineering'})

6/10 positive, 0/10 negative
Do these records refer to the same thing?
(y)es / (n)o / (u)nsure / (f)inished / (p)revious
firstname : ke
lastname : xu
middlename : None
year : 2005
year_papertitle : ((2005, 'a nanosized y2o3 based catalytic chemiluminescent sensor for trimethylamine'), (2005, 'an energy transfer cataluminescence reaction on nanosized catalysts and its application to chemical sensors'), (2006, 'cover picture ground state equilibrium thermodynamics and switching kinetics of bistable 2 rotaxanes switched in solution polymer gels and molecular electronic devices chem eur j 1 2006'), (2006, 'ground state equilibrium thermodynamics and switching kinetics of bistable 2 rotaxanes switched in solution polymer gels and molecular electronic devices'), (2006, 'size dependent transport and thermoelectric properties of individual polycrystalline bismuth nanowires'), (2007, 'a 160 kilobit molecular electronic memory patterned at 10 11 bits per square centimetre'), (2007, 'the emergence of a coupled quantum dot array in a doped silicon nanowire gated by ultrahigh density top gate electrodes'), (2008, 'controlled fabrication and electrical properties of long quasi one dimensional superconducting nanowire arrays'), (2008, 'long highly ordered high temperature superconductor nanowire arrays'))
keywords : frozenset({'condensed matter physics', 'nanotechnology', 'photochemistry', 'analytical chemistry', 'stereochemistry', 'electrical engineering', 'optoelectronics', 'engineering physics', 'thermodynamics', 'physical chemistry', 'inorganic chemistry', 'crystallography'})

firstname : ke
lastname : xu
middlename : None
year : 2014
year_papertitle : ((2014, 'graphene based nanostructures and dna based biomolecule sensors'),)
keywords : frozenset({'nanotechnology', 'electrical engineering', 'biomedical engineering'})

6/10 positive, 1/10 negative
Do these records refer to the same thing?
(y)es / (n)o / (u)nsure / (f)inished / (p)revious
firstname : xu
lastname : lu
middlename : None
year : 2010
year_papertitle : ((2010, 'ferroelectric properties and magnetoelectric effect in 1 x ni0 93co0 02cu0 05fe2o4 xpzt particulate composites'), (2010, 'ferroelectric thin film diaphragm resonators for bio detection'), (2010, 'piezoelectric membrane based biosensor platform'), (2011, 'piezoelectric biosensor platform based on zno micro membrane'), (2012, 'biosensor platform based on stress improved piezoelectric membrane'), (2013, 'transformation of vibration shapes in resonances of micromachined piezoelectric circular membrane'), (2016, 'nano clip based composites with a low percolation threshold and high dielectric constant'), (2017, 'piezoelectric excited membrane for liquids viscosity and mass density measurement'), (2017, 'structure evolution and exceptionally ultra low hysteresis unipolar electric field induced strain in 1 x nanbo 3 x batio 3 lead free ferroelectrics'))
keywords : frozenset({'condensed matter physics', 'analytical chemistry', 'structural engineering', 'composite material', 'optoelectronics', 'thermodynamics'})

firstname : xu
lastname : lu
middlename : None
year : 2014
year_papertitle : ((2014, 'thermoelectric properties of natural mineral based tetrahedrite compounds'),)
keywords : frozenset({'condensed matter physics', 'materials science'})

6/10 positive, 2/10 negative
Do these records refer to the same thing?
(y)es / (n)o / (u)nsure / (f)inished / (p)revious
firstname : qiang
lastname : zhu
middlename : None
year : 1994
year_papertitle : ((1994, 'thermo mechanical processing and superplastic deformation of complex aluminum alloys by torsion testing'), (1996, 'deformation kinetics and microstructure during hot torsion of al99 9 al 11zn al 1mn al 5mg al 5mg 0 6mn al 5mg 0 6mn 1fe'), (1996, 'energy dissipation efficiency analysis and microstructural mechanisms in aluminum'), (1996, 'evolution of grain structure in hot torsion of al 5mg 0 7mn aa5083'), (2000, 'microstructural evolution of aluminium magnesium alloys during thermomechanical processing'), (2000, 'microstructural modelling of aluminium alloys during thermomechanical processing'), (2001, 'evolution of microbands in high purity aluminium 3 magnesium during hot deformation testing in tension compression'), (2001, 'mechanical properties of alumina glass dental composites'))
keywords : frozenset({'mechanics', 'metallurgy', 'thermodynamics', 'composite material'})

firstname : qiang
lastname : zhu
middlename : None
year : 2000
year_papertitle : ((2000, 'features of nonlinear wave wave and wave body interactions'),)
keywords : frozenset({'ocean engineering', 'mechanics'})

7/10 positive, 2/10 negative
Do these records refer to the same thing?
(y)es / (n)o / (u)nsure / (f)inished / (p)revious
firstname : wei
lastname : wang
middlename : None
year : 2016
year_papertitle : ((2016, 'adaptive surrogate model based fast path planning for spacecraft formation reconfiguration on libration point orbits'), (2016, 'adaptive surrogate model based multi objective transfer trajectory optimization between different libration points'), (2017, 'a fast multi objective optimization design method for emergency libration point orbits transfer between the sun earth and the earth moon systems'), (2017, 'an analytical study for global buckling of circular tubes under axial and oblique compression'), (2017, 'an improved two arcs deformational theoretical model of the expansion tubes'), (2018, 'analysis of the carrying capacity for tubes under oblique loading'), (2018, 'coupling of creases and shells'), (2019, 'ethephon improved stalk strength of maize zea mays l mainly through altering internode morphological traits to modulate mechanical properties under field conditions'), (2019, 'programmable self assembly of magnetic handshake materials'), (2020, 'surface electrochemical actuators for micron scale fluid pumping and autonomous swimming'))
keywords : frozenset({'mathematical optimization', 'composite material', 'geometry', 'structural engineering', 'horticulture', 'control theory', 'mechanics', 'optoelectronics', 'computer hardware'})

firstname : weicheng
lastname : wang
middlename : david
year : 1990
year_papertitle : ((1990, 'ultrasonic evaluation of elastic and interfacial properties of composite materials and laminates'),)
keywords : frozenset({'mechanical engineering', 'mechanics'})

7/10 positive, 2/10 negative
Do these records refer to the same thing?
(y)es / (n)o / (u)nsure / (f)inished / (p)revious
firstname : xianghui
lastname : xiao
middlename : None
year : 2015
year_papertitle : ((2015, '4d model based iterative reconstruction from interlaced views'), (2015, 'the three dimensional morphology of growing dendrites'), (2015, 'timbir a method for time space reconstruction from interlaced views'), (2016, 'direct model based tomographic reconstruction of the complex refractive index'), (2017, 'solidification in 4d from dendrites to eutectics'))
keywords : frozenset({'artificial intelligence', 'algorithm', 'data science', 'biological system', 'computer vision', 'metallurgy'})

firstname : xiangyu
lastname : xiao
middlename : None
year : 2004
year_papertitle : ((2004, 'a multiple sensors approach to wood defect detection'),)
keywords : frozenset({'wood', 'technology', 'electrical engineering', 'artificial intelligence'})

7/10 positive, 3/10 negative
Do these records refer to the same thing?
(y)es / (n)o / (u)nsure / (f)inished / (p)revious
(y)es / (n)o / (u)nsure / (f)inished / (p)revious
firstname : daniel
lastname : goldman
middlename : None
year : 2002
year_papertitle : ((2002, 'an experiment based model of oxygen transport in capillary networks under normal and septic conditions'), (2002, 'calculations of oxygen transport by red blood cells and hemoglobin solutions in capillaries'), (2002, 'modeling the effect of biophysical parameters on mass transport in capillary networks'), (2003, 'simulations of capillary network oxygen transport during transient ischemia in the presence and absence of tissue myoglobin'), (2004, 'effect of sepsis on skeletal muscle oxygen consumption and tissue oxygenation interpreting capillary oxygen transport data using a mathematical model'), (2004, 'microvascular oxygen transport abnormalities in experimental sepsis interpreted using a computational model'), (2005, 'increased leukocyte transit times through capillaries contributes to maldistribution of flow'), (2006, 'a computational model of oxygen transport in skeletal muscle for sprouting and splitting modes of angiogenesis'), (2006, 'effect of decreased o2 supply on skeletal muscle oxygenation and o2 consumption during sepsis role of heterogeneous capillary spacing and blood flow'), (2006, 'impact of early sepsis on oxygen delivery in the microvasculature'))
keywords : frozenset({'analytical chemistry', 'surgery', 'internal medicine', 'cardiology', 'mechanics', 'anatomy', 'pathology', 'biomedical engineering', 'biophysics', 'immunology', 'simulation'})

firstname : daniel
lastname : mccarthy
middlename : joseph
year : 1994
year_papertitle : ((1994, 'vibration based diagnostics of reciprocating machinery'),)
keywords : frozenset({'mechanical engineering', 'mechanics'})

7/10 positive, 4/10 negative
Do these records refer to the same thing?
(y)es / (n)o / (u)nsure / (f)inished / (p)revious
firstname : hunter
lastname : bachman
middlename : None
year : 2016
year_papertitle : ((2016, 'acoustofluidic coating of particles and cells'), (2017, 'acoustic separation of nanoparticles in continuous flow'), (2017, 'acoustofluidic bacteria separation'), (2017, 'acoustofluidic waveguides for localized control of acoustic wavefront in microfluidics'), (2017, 'enriching nanoparticles via acoustofluidics'), (2017, 'separation acoustic separation of nanoparticles in continuous flow adv funct mater 14 2017'), (2018, 'a sharp edge based acoustofluidic chemical signal generator'), (2018, 'acoustic actuation of in situ fabricated artificial cilia'), (2018, 'acoustofluidic devices controlled by cell phones'), (2019, 'on chip stool liquefaction via acoustofluidics'))
keywords : frozenset({'nanotechnology', 'analytical chemistry', 'chemical engineering', 'optoelectronics', 'optics', 'biomedical engineering', 'computer hardware', 'biological system', 'acoustics'})

firstname : hunter
lastname : karmel
middlename : jason
year : 2015
year_papertitle : ((2015, 'investigating the self assembly and nanopatterning characteristics of organic molecular adlayers on silicon and graphene via scanning tunneling microscopy'),)
keywords : frozenset({'materials science', 'chemistry'})

7/10 positive, 5/10 negative
Do these records refer to the same thing?
(y)es / (n)o / (u)nsure / (f)inished / (p)revious
firstname : tammy
lastname : summers
middlename : s edgecumbe
year : 1999
year_papertitle : ((1999, 'mechanical properties microstructure and corrosion performance of c 22 alloy aged at 260 c to 800 c'), (1999, 'phase stability and mechanical properties of c 22 alloy aged in the temperature range 590 to 760 c for 16 000 hours'), (2000, 'influence of aging on microstructure mechanical properties and corrosion resistance of a ni 22cr 13mo 3w alloy'), (2002, 'influence of thermal aging on the mechanical and corrosion properties of gtaw welds of alloy n06022'), (2004, 'identification and quantification of topologically close packed phases tcp in alloy 22 using electron backscatter diffraction ebsd analysis'))
keywords : frozenset({'metallurgy', 'optics', 'composite material'})

firstname : tammy
lastname : summers
middlename : suzanne edgecumbe
year : 1991
year_papertitle : ((1991, 'improving fatigue life in near eutectic tin lead solders'),)
keywords : frozenset({'materials science'})

7/10 positive, 6/10 negative
Do these records refer to the same thing?
(y)es / (n)o / (u)nsure / (f)inished / (p)revious
firstname : chao
lastname : lian
middlename : None
year : 2012
year_papertitle : ((2012, 'the structural and electronic properties of silicon nanoribbons on ag 110 a first principles study'), (2013, 'strain induced phase transitions in silicene bilayers a first principles and tight binding study'), (2013, 'strain modulated electronic properties of silicon nanoribbons with armchair edges'), (2015, 'raman scattering investigation of large positive magnetoresistance material wte2'), (2015, 'the effects of thermal and electric fields on the electronic structures of silicene'), (2016, 'ab initio evidence for nonthermal characteristics in ultrafast laser melting'), (2016, 'direct evidence of metallic bands in a monolayer boron sheet'), (2016, 'magnetic dirac fermions and chern insulator supported on pristine silicon surface'), (2017, 'band gap adjustment of sic honeycomb structure through hydrogenation and fluorination'), (2017, 'high thermopower and potential thermoelectric properties of crystalline lih and nah'))
keywords : frozenset({'condensed matter physics', 'nanotechnology', 'computational chemistry', 'optoelectronics', 'physical chemistry', 'molecular physics'})

firstname : chao
lastname : li
middlename : None
year : 2005
year_papertitle : ((2005, 'synthesis electronic properties and applications of oxide nanowires'),)
keywords : frozenset({'electrical engineering', 'materials science'})

7/10 positive, 6/10 negative
Do these records refer to the same thing?
(y)es / (n)o / (u)nsure / (f)inished / (p)revious
firstname : daniel
lastname : sanders
middlename : p
year : 2000
year_papertitle : ((2000, 'improved thermal and mechanical properties of polybenzoxazines based on alkyl substituted aromatic amines'), (2000, 'regioselectivity and network structure of difunctional alkyl substituted aromatic amine based polybenzoxazines'), (2001, 'fluoropolymer resist materials for 157nm microlithography'), (2001, 'regioselectivity of the ring opening polymerization of monofunctional alkyl substituted aromatic amine based benzoxazines'), (2002, 'metal catalyzed vinyl addition polymers for 157 nm resist applications 2 fluorinated norbornenes synthesis polymerization and initial imaging results'), (2002, 'synthesis of symmetrical trisubstituted olefins by cross metathesis'), (2003, 'a general model for selectivity in olefin cross metathesis'), (2003, 'metal catalyzed addition polymers for 157 nm resist applications synthesis and polymerization of partially fluorinated ester functionalized tricyclo 4 2 1 02 5 non 7 enes'), (2003, 'vacuum uv influenced design of polymers and dissolution inhibitors for next generation photolithography'), (2005, 'prevention of undesirable isomerization during olefin metathesis'))
keywords : frozenset({'nanotechnology', 'chemical engineering', 'organic chemistry', 'polymer chemistry'})

firstname : daniel
lastname : sanders
middlename : gordon
year : 2008
year_papertitle : ((2008, 'development of friction stir welding combined with superplastic forming processes for the fabrication of titanium structures'),)
keywords : frozenset({'mechanical engineering', 'aerospace materials', 'materials science'})

7/10 positive, 6/10 negative
Do these records refer to the same thing?
(y)es / (n)o / (u)nsure / (f)inished / (p)revious
firstname : jiddu
lastname : bezares
middlename : None
year : 2008
year_papertitle : ((2008, 'macromolecular structure of the organic framework of nacre in haliotis rufescens implications for growth and mechanical behavior'), (2010, 'macromolecular structure of the organic framework of nacre in haliotis rufescens implications for mechanical response'), (2011, 'macromolecular structure and viscoelastic response of the organic framework of nacre in haliotis rufescens a perspective and overview'), (2011, 'non explosive simulated blast loading of balsa core sandwich composite beams'), (2012, 'core structure of aligned chitin fibers within the interlamellar framework extracted from haliotis rufescens nacre part i implications for growth and mechanical response'), (2012, 'indentation of nanotwinned fcc metals implications for nanotwin stability'))
keywords : frozenset({'nanotechnology', 'chemical engineering', 'composite material', 'structural engineering', 'anatomy', 'biological system', 'metallurgy'})

firstname : jiddu
lastname : bezareschavez
middlename : None
year : 2013
year_papertitle : ((2013, 'the nanomechanics of biomineralized soft tissues and organic matrices'),)
keywords : frozenset({'materials science', 'civil engineering'})

7/10 positive, 7/10 negative
Do these records refer to the same thing?
(y)es / (n)o / (u)nsure / (f)inished / (p)revious
firstname : calvin
lastname : chan
middlename : k
year : 2003
year_papertitle : ((2003, 'lack of thermodynamic equilibrium in conjugated organic molecular thin films'), (2004, 'contact potential difference measurements of doped organic molecular thin films'), (2004, 'measurement of interface potential change and space charge region across metal organic metal structures using kelvin probe force microscopy'), (2005, 'direct determination of the hole density of states in undoped and doped amorphous organic films with high lateral resolution'), (2005, 'electron affinities of 1 1 diaryl 2 3 4 5 tetraphenylsiloles direct measurements and comparison with experimental and theoretical estimates'), (2005, 'enhancement of iridium based organic light emitting diodes by spatial doping of the hole transport layer'), (2005, 'how do electronic carriers cross si bound alkyl monolayers'), (2005, 'nanoscale measurements of electronic properties in organic thin film transistors'), (2005, 'polarization at the gold pentacene interface'), (2006, 'threshold voltage as a measure of molecular level shift in organic thin film transistors'))
keywords : frozenset({'nanotechnology', 'condensed matter physics', 'chemical physics', 'analytical chemistry', 'atomic physics', 'optoelectronics', 'physical chemistry'})

firstname : calvin
lastname : chan
middlename : karfai
year : 2008
year_papertitle : ((2008, 'materials properties and applications of nitrogen doped organic semiconductors'),)
keywords : frozenset({'electrical engineering', 'materials science'})

8/10 positive, 7/10 negative
Do these records refer to the same thing?
(y)es / (n)o / (u)nsure / (f)inished / (p)revious
firstname : angel
lastname : perez
middlename : r torrado
year : 2014
year_papertitle : ((2014, 'erratum to fracture surface analysis of 3d printed tensile specimens of novel abs based materials'), (2014, 'fracture surface analysis of 3d printed tensile specimens of novel abs based materials'), (2014, 'novel abs based binary and ternary polymer blends for material extrusion 3d printing'), (2015, 'comparison of stress concentrator fabrication for 3d printed polymeric izod impact test specimens'), (2015, 'mechanical electromagnetic and x ray shielding characterization of a 3d printable tungsten polycarbonate polymer matrix composite for space based applications'))
keywords : frozenset({'composite material'})

firstname : angel
lastname : perez
middlename : ramon torrado
year : 2015
year_papertitle : ((2015, 'defeating anisotropy in material extrusion 3d printing via materials development'),)
keywords : frozenset({'mechanical engineering', 'materials science'})

9/10 positive, 7/10 negative
Do these records refer to the same thing?
(y)es / (n)o / (u)nsure / (f)inished / (p)revious
firstname : chun
lastname : feng
middlename : None
year : 2020
year_papertitle : ((2020, 'on line monitoring and analysis method of three dimensional fluorescence spectrum in urban domestic sewage treatment process'), (2021, 'artificial neural networks combined multi wavelength transmission spectrum feature extraction for sensitive identification of waterborne bacteria'), (2021, 'simultaneous determination of nitrate chemical oxygen demand and turbidity in water based on uv vis absorption spectrometry combined with interval analysis'), (2021, 'turbidity compensation method based on mie scattering theory for water chemical oxygen demand determination by uv vis spectrometry'))
keywords : frozenset({'analytical chemistry', 'pattern recognition', 'optics', 'artificial intelligence'})

firstname : chun
lastname : geng
middlename : None
year : 2014
year_papertitle : ((2014, 'a new role for the cyt 18 n terminus and three dimensional dna crystals as vehicles for biocatalysis'),)
keywords : frozenset({'biomedical engineering', 'molecular biology', 'biochemistry'})

10/10 positive, 7/10 negative
Do these records refer to the same thing?
(y)es / (n)o / (u)nsure / (f)inished / (p)revious
firstname : james
lastname : millette
middlename : r
year : 1980
year_papertitle : ((1980, 'aggressive water assessing the extent of the problem'), (1980, 'concentration and size of asbestos in water supplies'), (1981, 'the need to control asbestos fibers in potable water supply systems'), (1983, 'accumulation of ingested asbestos fibers in rat tissues over time'), (1983, 'asbestos in water supplies of the united states'), (1983, 'epidemiology study of the use of asbestos cement pipe for the distribution of drinking water in escambia county florida'), (1983, 'summary of discussion sessions workshop on ingested asbestos'), (1983, 'use of quantitative analysis of urine to assess exposure to asbestos fibers in drinking water in the puget sound region'), (1985, 'x ray microanalysis of calcium potassium and phosphorus in liver mitochondria stressed by carbon tetrachloride'), (1987, 'occurrence and biological activity testing of particulates in drinking water'))
keywords : frozenset({'waste management', 'medical education', 'environmental health', 'radiochemistry', 'anatomy', 'mineralogy', 'pathology', 'biochemistry', 'bioinformatics', 'environmental protection', 'physiology', 'environmental chemistry', 'natural resource economics'})

firstname : james
lastname : miller
middlename : christopher
year : 2013
year_papertitle : ((2013, 'investigation of trace uranium in biological matrices'),)
keywords : frozenset({'nuclear chemistry', 'nuclear engineering'})

10/10 positive, 8/10 negative
Do these records refer to the same thing?
(y)es / (n)o / (u)nsure / (f)inished / (p)revious
firstname : eric
lastname : hansen
middlename : w
year : 1981
year_papertitle : ((1981, 'circular harmonic image reconstruction experiments'), (1981, 'laser scanning phase modulation microscope a'), (1981, 'space variant filtering for abel type transforms a'), (1982, 'fast hankel transform algorithm a'), (1982, 'nondetour phase computer generated holograms an improved variation'), (1982, 'progress in laser scanning phase modulation microscopy a'), (1982, 'rotation invariant optical processing'), (1984, 'abel inversion by kalman filtering'), (1985, 'analysis of polarization anomaly correction in a video enhanced microscope a'), (1985, 'recursive methods for computing the abel transform and its inverse'))
keywords : frozenset({'mathematical optimization', 'optoelectronics', 'algorithm', 'mathematical analysis', 'optics'})

firstname : eric
lastname : hansen
middlename : james
year : 2000
year_papertitle : ((2000, 'a two surface anisotropic damage plasticity model for plain concrete'),)
keywords : frozenset({'materials science', 'civil engineering'})

10/10 positive, 9/10 negative
Do these records refer to the same thing?
(y)es / (n)o / (u)nsure / (f)inished / (p)revious
firstname : ying
lastname : liao
middlename : None
year : 2002
year_papertitle : ((2002, 'large eddy simulations of a stirred tank using the lattice boltzmann method on a nonuniform grid'), (2004, 'simulation of bubble motion in liquids'))
keywords : frozenset({'computational physics', 'mechanics'})

firstname : ying
lastname : li
middlename : jun
year : 2007
year_papertitle : ((2007, 'culture of human embryonic stem cells on peptide functionalized polymer networks'),)
keywords : frozenset({'biomedical engineering'})

10/10 positive, 10/10 negative
Do these records refer to the same thing?
(y)es / (n)o / (u)nsure / (f)inished / (p)revious
firstname : julibeth
lastname : hoz
middlename : m martinez de la
year : 2009
year_papertitle : ((2009, 'size effect on the stability of cu ag nanoalloys'), (2010, 'evolution of a pt 1 1 1 surface at high oxygen coverage in acid medium'), (2010, 'theoretical infrared and terahertz spectra of an rdx aluminum complex'), (2011, 'geometric and electronic confinement effects on catalysis'), (2011, 'molecular dynamics simulations of surface oxidation on pt 111 and pt ptco pt3co 111'), (2012, 'p n junction at the interface between metallic systems'), (2013, 'characterization of electronic states inside metallic nanopores'), (2013, 'dealloying of platinum based alloy catalysts kinetic monte carlo simulations'), (2013, 'local surface structure effect on reactivity of molecules confined between metallic surfaces'), (2013, 'vibrational spectra of an rdx film over an aluminum substrate from molecular dynamics simulations and density functional theory'))
keywords : frozenset({'condensed matter physics', 'nanotechnology', 'chemical physics', 'chemical engineering', 'analytical chemistry', 'atomic physics', 'computational chemistry', 'thermodynamics', 'physical chemistry', 'molecular physics', 'metallurgy'})

firstname : julibeth
lastname : hoz
middlename : milena martinez de la
year : 2014
year_papertitle : ((2014, 'enhanced catalytic activities of nanostructured materials'),)
keywords : frozenset({'materials science'})

10/10 positive, 11/10 negative
Do these records refer to the same thing?
(y)es / (n)o / (u)nsure / (f)inished / (p)revious
firstname : jennifer
lastname : kyle
middlename : reiber
year : 2009
year_papertitle : ((2009, 'heparin antagonism by polyvalent display of cationic motifs on virus like particles'), (2011, 'analysis of light scattering from human breast tissue using a custom dual optical scanning near field optical microscope'), (2011, 'electronic microarrays in dna computing'), (2011, 'graphene metrology centimeter scale high resolution metrology of entire cvd grown graphene sheets small 18 2011'), (2011, 'molecular absorption and photodesorption in pristine and functionalized large area graphene layers'), (2011, 'photo electrical effect of pristine and functionalized graphene grown by chemical vapor deposition'), (2011, 'rapid large scale characterization of cvd graphene layers on glass using fluorescence quenching microscopy'), (2012, 'industrial graphene metrology'), (2012, 'surface characterization non invasive high throughput metrology of functionalized graphene sheets adv funct mater 21 2012'), (2012, 'transmission near field scanning optical microscopy investigation on cellular uptake behavior of iron oxide nanoparticles'))
keywords : frozenset({'nanotechnology', 'analytical chemistry', 'chemical engineering', 'theoretical computer science', 'biophysics', 'biochemistry', 'computer hardware', 'optics'})

firstname : jennifer
lastname : kyle
middlename : lynn reiber
year : 2012
year_papertitle : ((2012, 'multi scale optical metrology of biomaterials and nanomaterials for medical and industrial applications'),)
keywords : frozenset({'materials science', 'medical imaging', 'electrical engineering', 'optics'})

11/10 positive, 11/10 negative
Do these records refer to the same thing?
(y)es / (n)o / (u)nsure / (f)inished / (p)revious
firstname : john
lastname : ballard
middlename : h
year : 2005
year_papertitle : ((2005, 'characterization of a military training site containing 232thorium'), (2006, 'overview of multimethod geophysical system development for enhanced near surface target detection discrimination and characterization'), (2008, 'portable magnetic frequency domain electromagnetic induction sensor system development'))
keywords : frozenset({'geophysics', 'remote sensing', 'environmental engineering'})

firstname : john
lastname : ballard
middlename : robert
year : 2012
year_papertitle : ((2012, 'refocusing of dual mode ultrasound arrays for optimal therapeutic gain'),)
keywords : frozenset({'electrical engineering', 'biomedical engineering'})

12/10 positive, 11/10 negative
Do these records refer to the same thing?
(y)es / (n)o / (u)nsure / (f)inished / (p)revious
firstname : hossam
lastname : munim
middlename : e abd el
year : 2006
year_papertitle : ((2006, 'a variational approach for shapes registration using vector maps'), (2007, 'a new global registration approach of medical imaging using vector maps'), (2007, 'a new variational approach for 3d shape registration'), (2010, 'assessment of kidney function using dynamic contrast enhanced mri techniques'), (2013, 'a novel approach for lung nodules segmentation in chest ct using level sets'))
keywords : frozenset({'radiology', 'computer vision', 'pattern recognition', 'artificial intelligence'})

firstname : hossam
lastname : munim
middlename : el din hassan abd el
year : 2007
year_papertitle : ((2007, 'implicit curve surface evolution with application to the image segmentation problem'),)
keywords : frozenset({'medical imaging', 'electrical engineering', 'biomedical engineering', 'biophysics'})

12/10 positive, 12/10 negative
Do these records refer to the same thing?
(y)es / (n)o / (u)nsure / (f)inished / (p)revious
Finished labeling
Done in 226.45181078910826 minutes.
