Namespace(testing=False, verbose=1, field=['geography'], train_name='mona_degree0', startyear=1990, endyear=2015, loadstartyear=1990, loadendyear=2015, mergemode='m:1', recall=0.9, institution='True', fieldofstudy_cat='False', fieldofstudy_str='False', keywords='False', retrain='True', linking_type='advisors', samplesize=100000, write_to='database')
Have max 12 cores available
Testing is False 

I set the write connection to the main database.
id_field is [205649164] and will be passed to sql queries.
finished setup ... 
Time elapsed: 0.0005118330319722493 minutes 


        SELECT relationship_id
                , year
                , year AS year_range
                , firstname 
                , lastname
                , CASE TRIM(SUBSTR(middle_lastname, 1, l_fullname-l_firstname-l_lastname - 1)) 
                    WHEN 
                        "" THEN NULL 
                        ELSE TRIM(SUBSTR(middle_lastname, 1, l_fullname-l_firstname-l_lastname - 1)) 
                    END AS middlename
                , fieldofstudy
                , keywords
                , institution
                , year || "//" || institution as main_us_institutions_year
                , year || "//" || institution as all_us_institutions_year
        FROM (
            SELECT goid
                , relationship_id
                , degree_year AS year 
                , a.fullname 
                , SUBSTR(TRIM(a.fullname),1,instr(trim(a.fullname)||' ',' ')-1) AS firstname
                , REPLACE(a.fullname, RTRIM(a.fullname, REPLACE(a.fullname, " ", "")), "") AS lastname 
                , TRIM(SUBSTR(a.fullname, length(SUBSTR(TRIM(a.fullname),1,instr(trim(a.fullname)||' ',' ')-1)) + 1)) AS middle_lastname 
                , length(a.fullname) AS l_fullname 
                , length(SUBSTR(TRIM(a.fullname),1,instr(trim(a.fullname)||' ',' ')-1) ) AS l_firstname
                , length(REPLACE(a.fullname, RTRIM(a.fullname, REPLACE(a.fullname, " ", "")), "")) AS l_lastname
                , fieldname AS fieldofstudy
                , university_id
            FROM pq_authors 
            INNER JOIN (
                SELECT goid, fieldname 
                FROM pq_fields_mag
                WHERE mag_field0 IN (?)
            ) USING (goid)
            INNER JOIN ( --# NOTE: this only keeps the theses where at least one advisor is present
                SELECT *, firstname || ' ' || lastname AS fullname
                FROM pq_advisors
            ) AS a USING(goid)
        )
        -- ## NOTE: use left join here as not all graduates have advisor (particularly pre-1980) and possibly also keywords
        LEFT JOIN (
            SELECT goid
                , fields as keywords
            FROM pq_info_linking
        ) USING(goid) 
        INNER JOIN (
            SELECT university_id, normalizedname as institution
            FROM pq_unis --## mark: previously we linked advisors anywhere in the world (as career outcomes). for now, focus on US
            WHERE location like "%United States%"
        ) USING(university_id)
        WHERE year >= 1990 and year <= 2015
         


    SELECT f.AuthorId
        , f.year
        , f.YearLastPub
        , f.firstname
        , f.lastname
        , CASE TRIM(SUBSTR(f.middle_lastname, 1, f.l_fullname - f.l_firstname - f.l_lastname - 1)) 
            WHEN 
                "" THEN NULL 
                ELSE TRIM(SUBSTR(f.middle_lastname, 1, f.l_fullname - f.l_firstname - f.l_lastname - 1)) 
            END as middlename 
            -- ## NOTE this gives "" for middlename when it is missing 
        , f.fieldofstudy
        , g.keywords
        , g.coauthors
        , g.institution
        , g.main_us_institutions_year
         
        , f.year || ";" || f.YearLastPub AS year_range 
        , g.all_us_institutions_year
    
    FROM (
        SELECT a.AuthorId
            , a.YearFirstPub AS year
            , a.YearLastPub 
            , a.FirstName AS firstname
            , REPLACE(b.NormalizedName, RTRIM(b.NormalizedName, REPLACE(b.NormalizedName, " ", "")), "") AS lastname 
                    -- https://stackoverflow.com/questions/21388820/how-to-get-the-last-index-of-a-substring-in-sqlite
            , TRIM(SUBSTR(b.NormalizedName, length(a.FirstName) + 1)) AS middle_lastname 
                    -- this gives all except the first name 
            , length(b.NormalizedName) as l_fullname 
            , length(a.FirstName) as l_firstname
            , length(REPLACE(b.NormalizedName, RTRIM(b.NormalizedName, REPLACE(b.NormalizedName, " ", "")), "")) as l_lastname
            , e.NormalizedName AS fieldofstudy
        FROM author_sample AS a
        INNER JOIN (
            SELECT AuthorId, NormalizedName
            FROM Authors
        ) AS b USING(AuthorId)
        INNER JOIN (
            SELECT AuthorId
            FROM author_field0
            WHERE FieldOfStudyId_lvl0 IN (?)
                AND Degree <= 0
        ) USING(AuthorId)
        LEFT JOIN (
            SELECT AuthorId, NormalizedName
            FROM author_fields c
            INNER JOIN (
                SELECT FieldOfStudyId, NormalizedName
                FROM FieldsOfStudy
            ) AS d USING(FieldOfStudyId)
            -- ## Condition on fieldofstudy being in the level 0 id_field
            INNER JOIN (
                SELECT ParentFieldOfStudyId, ChildFieldOfStudyId
                FROM crosswalk_fields
                WHERE ParentLevel = 0
                    AND ParentFieldOfStudyId IN (?)
            ) AS e ON (e.ChildFieldOfStudyId = c.FieldOfStudyId)
            WHERE FieldClass = 'first'
        ) AS e USING(AuthorId)
    ) f
    LEFT JOIN (
        SELECT AuthorId
                , main_us_institutions_career as institution
                , coauthors
                , keywords
                , main_us_institutions_year
                , all_us_institutions_year
        FROM author_info_linking
    ) AS g USING(AuthorId)
    
    WHERE f.YearLastPub  >= 1990 - 5 AND year <= 2015 + 5 AND institution is not NULL
     

Time elapsed: 146.66872544288634 minutes 

Starting active labeling...
firstname : judith
lastname : carney
middlename : None
year_range : (2015,)
main_us_institutions_year : ((2015, 'university of california los angeles'),)
all_us_institutions_year : ((2015, 'university of california los angeles'),)

firstname : judith
lastname : carney
middlename : None
year_range : (1988, 2020)
main_us_institutions_year : ((1988, 'university of california berkeley'), (1990, 'university of california los angeles'), (1992, 'university of california los angeles'), (1997, 'university of california los angeles'), (1998, 'university of california los angeles'), (2001, 'university of california los angeles'), (2003, 'university of california los angeles'), (2005, 'university of california los angeles'), (2008, 'university of california los angeles'), (2012, 'university of california berkeley'), (2013, 'university of california los angeles'), (2014, 'university of california los angeles'), (2015, 'university of california los angeles'), (2015, 'university of california berkeley'), (2016, 'university of california los angeles'), (2017, 'university of california los angeles'), (2019, 'university of california los angeles'), (2020, 'university of california los angeles'))
all_us_institutions_year : ((1988, 'university of california berkeley'), (1990, 'university of california los angeles'), (1992, 'university of california los angeles'), (1997, 'university of california los angeles'), (1998, 'university of california los angeles'), (2001, 'university of california los angeles'), (2003, 'university of california los angeles'), (2005, 'university of california los angeles'), (2006, 'university of california los angeles'), (2008, 'university of california los angeles'), (2012, 'university of california berkeley'), (2013, 'university of california los angeles'), (2014, 'university of california los angeles'), (2015, 'university of california berkeley'), (2015, 'university of california los angeles'), (2016, 'university of california los angeles'), (2017, 'university of california los angeles'), (2019, 'university of california los angeles'), (2020, 'university of california los angeles'))

0/10 positive, 0/10 negative
Do these records refer to the same thing?
(y)es / (n)o / (u)nsure / (f)inished
firstname : colin
lastname : flint
middlename : None
year_range : (2011,)
main_us_institutions_year : ((2011, 'university of illinois at urbana champaign'),)
all_us_institutions_year : ((2011, 'university of illinois at urbana champaign'),)

firstname : colin
lastname : flint
middlename : None
year_range : (1985, 2020)
main_us_institutions_year : ((1990, 'georgia institute of technology'), (1993, 'university of colorado boulder'), (1994, 'university of colorado boulder'), (1995, 'university of colorado boulder'), (1996, 'georgia institute of technology'), (1998, 'pennsylvania state university'), (2000, 'pennsylvania state university'), (2001, 'pennsylvania state university'), (2002, 'pennsylvania state university'), (2003, 'pennsylvania state university'), (2004, 'pennsylvania state university'), (2006, 'university of illinois at urbana champaign'), (2007, 'university of illinois at urbana champaign'), (2008, 'pennsylvania state university'), (2009, 'university of illinois at urbana champaign'), (2010, 'university of illinois at urbana champaign'), (2011, 'university of illinois at urbana champaign'), (2013, 'university of illinois at urbana champaign'), (2014, 'university of illinois at urbana champaign'))
all_us_institutions_year : ((1990, 'georgia institute of technology'), (1993, 'university of colorado boulder'), (1994, 'university of colorado boulder'), (1995, 'university of colorado boulder'), (1996, 'georgia institute of technology'), (1998, 'pennsylvania state university'), (2000, 'pennsylvania state university'), (2001, 'pennsylvania state university'), (2002, 'pennsylvania state university'), (2003, 'pennsylvania state university'), (2004, 'pennsylvania state university'), (2006, 'university of illinois at urbana champaign'), (2007, 'university of illinois at urbana champaign'), (2008, 'pennsylvania state university'), (2009, 'university of illinois at urbana champaign'), (2010, 'university of illinois at urbana champaign'), (2011, 'pennsylvania state university'), (2011, 'university of illinois at urbana champaign'), (2013, 'university of illinois at urbana champaign'), (2014, 'university of illinois at urbana champaign'))

1/10 positive, 0/10 negative
Do these records refer to the same thing?
(y)es / (n)o / (u)nsure / (f)inished / (p)revious
firstname : minghua
lastname : zhang
middlename : None
year_range : (2009,)
main_us_institutions_year : ((2009, 'university of california davis'),)
all_us_institutions_year : ((2009, 'university of california davis'),)

firstname : minghua
lastname : zhang
middlename : None
year_range : (1990, 2021)
main_us_institutions_year : ((1997, 'university of california davis'), (1998, 'university of california davis'), (2001, 'university of california davis'), (2002, 'university of california davis'), (2003, 'university of california davis'), (2004, 'university of california davis'), (2005, 'university of california davis'), (2006, 'university of california'), (2007, 'university of california davis'), (2008, 'university of california davis'), (2009, 'university of california davis'), (2010, 'university of california davis'), (2011, 'university of california davis'), (2012, 'university of california davis'), (2013, 'university of california davis'), (2014, 'university of california davis'), (2015, 'university of california davis'), (2016, 'university of california davis'), (2018, 'university of california davis'), (2019, 'university of california davis'), (2020, 'university of california davis'), (2021, 'university of california davis'))
all_us_institutions_year : ((1997, 'university of california davis'), (1998, 'university of california davis'), (2001, 'university of california davis'), (2002, 'university of california davis'), (2003, 'university of california davis'), (2004, 'university of california davis'), (2005, 'california department of pesticide regulation'), (2005, 'university of california davis'), (2006, 'university of california'), (2007, 'california department of pesticide regulation'), (2007, 'university of california davis'), (2008, 'california department of pesticide regulation'), (2008, 'university of california'), (2008, 'university of california davis'), (2009, 'university of california davis'), (2010, 'university of california davis'), (2011, 'california department of pesticide regulation'), (2011, 'university of california'), (2011, 'university of california davis'), (2012, 'university of california davis'), (2013, 'university of california davis'), (2014, 'university of california'), (2014, 'university of california davis'), (2015, 'california department of pesticide regulation'), (2015, 'university of california davis'), (2016, 'university of california davis'), (2017, 'university of california'), (2017, 'university of california davis'), (2018, 'university of california davis'), (2019, 'california department of pesticide regulation'), (2019, 'university of california davis'), (2020, 'university of california davis'), (2021, 'university of california davis'))

2/10 positive, 0/10 negative
Do these records refer to the same thing?
(y)es / (n)o / (u)nsure / (f)inished / (p)revious
firstname : kyaw
lastname : u
middlename : tha paw
year_range : (2005,)
main_us_institutions_year : ((2005, 'university of california davis'),)
all_us_institutions_year : ((2005, 'university of california davis'),)

firstname : kyaw
lastname : u
middlename : tha paw
year_range : (1975, 2021)
main_us_institutions_year : ((1975, 'massachusetts institute of technology'), (1979, 'yale university'), (1980, 'yale university'), (1982, 'purdue university'), (1983, 'purdue university'), (1984, 'purdue university'), (1985, 'purdue university'), (1986, 'university of california davis'), (1987, 'university of california davis'), (1988, 'university of california davis'), (1989, 'university of california davis'), (1992, 'university of california davis'), (1993, 'university of california davis'), (1995, 'university of california davis'), (1997, 'university of california'), (2000, 'university of california davis'), (2002, 'university of california davis'), (2003, 'university of california davis'), (2004, 'university of california'), (2004, 'university of california davis'), (2005, 'university of california davis'), (2006, 'university of california davis'), (2007, 'university of california davis'), (2008, 'university of california davis'), (2009, 'university of california davis'), (2010, 'university of california davis'), (2011, 'university of california davis'), (2012, 'university of california davis'), (2013, 'university of california davis'), (2014, 'university of california davis'), (2016, 'university of california davis'), (2017, 'university of california davis'), (2018, 'university of california davis'), (2019, 'university of california davis'), (2020, 'university of california davis'), (2021, 'university of california davis'))
all_us_institutions_year : ((1975, 'massachusetts institute of technology'), (1979, 'yale university'), (1980, 'yale university'), (1982, 'purdue university'), (1983, 'purdue university'), (1984, 'purdue university'), (1985, 'purdue university'), (1986, 'university of california davis'), (1987, 'university of california davis'), (1988, 'university of california davis'), (1989, 'university of california davis'), (1992, 'university of california davis'), (1993, 'university of california davis'), (1995, 'university of california davis'), (1997, 'university of california'), (2000, 'university of california davis'), (2002, 'university of california davis'), (2003, 'university of california davis'), (2004, 'university of california'), (2004, 'university of california davis'), (2005, 'university of california davis'), (2006, 'university of california'), (2006, 'university of california davis'), (2007, 'university of california davis'), (2008, 'university of california davis'), (2009, 'university of california davis'), (2010, 'university of california davis'), (2011, 'university of california davis'), (2012, 'university of california davis'), (2013, 'university of california davis'), (2014, 'university of california'), (2014, 'university of california davis'), (2015, 'university of california davis'), (2016, 'massachusetts institute of technology'), (2016, 'university of california'), (2016, 'university of california davis'), (2017, 'university of california davis'), (2018, 'university of california davis'), (2019, 'massachusetts institute of technology'), (2019, 'university of california davis'), (2020, 'university of california davis'), (2021, 'university of california davis'))

3/10 positive, 0/10 negative
Do these records refer to the same thing?
(y)es / (n)o / (u)nsure / (f)inished / (p)revious
firstname : j
lastname : ortegasantos
middlename : alfonso
year_range : (2009,)
main_us_institutions_year : ((2009, 'texas a m university kingsville'),)
all_us_institutions_year : ((2009, 'texas a m university kingsville'),)

firstname : j
lastname : ortegas
middlename : alfonso
year_range : (2007, 2021)
main_us_institutions_year : ((2007, 'texas a m university'), (2008, 'texas a m university'), (2008, 'texas a m university kingsville'), (2012, 'texas a m university kingsville'), (2013, 'texas a m university kingsville'), (2015, 'texas a m university kingsville'), (2017, 'texas a m university'), (2018, 'texas a m university kingsville'), (2019, 'texas a m university kingsville'), (2020, 'texas a m university kingsville'))
all_us_institutions_year : ((2007, 'texas a m university'), (2008, 'texas a m university'), (2008, 'texas a m university kingsville'), (2012, 'texas a m university kingsville'), (2013, 'texas a m university kingsville'), (2015, 'texas a m university kingsville'), (2017, 'texas a m university'), (2018, 'texas a m university kingsville'), (2019, 'texas a m university kingsville'), (2020, 'texas a m university kingsville'))

4/10 positive, 0/10 negative
Do these records refer to the same thing?
(y)es / (n)o / (u)nsure / (f)inished / (p)revious
firstname : scott
lastname : stephens
middlename : l
year_range : (2012,)
main_us_institutions_year : ((2012, 'university of california berkeley'),)
all_us_institutions_year : ((2012, 'university of california berkeley'),)

firstname : scott
lastname : stephenson
middlename : r
year_range : (2011, 2021)
main_us_institutions_year : ((2011, 'university of california los angeles'), (2013, 'university of california'), (2013, 'university of california los angeles'), (2014, 'university of connecticut'), (2014, 'university of california los angeles'), (2015, 'university of connecticut'), (2016, 'university of connecticut'), (2017, 'university of connecticut'), (2018, 'university of connecticut'), (2019, 'university of connecticut'), (2020, 'rand corporation'), (2021, 'rand corporation'))
all_us_institutions_year : ((2011, 'university of california los angeles'), (2013, 'university of california'), (2013, 'university of california los angeles'), (2014, 'university of california los angeles'), (2014, 'university of connecticut'), (2015, 'university of connecticut'), (2016, 'university of connecticut'), (2017, 'university of connecticut'), (2018, 'university of connecticut'), (2019, 'university of connecticut'), (2020, 'rand corporation'), (2021, 'rand corporation'))

5/10 positive, 0/10 negative
Do these records refer to the same thing?
(y)es / (n)o / (u)nsure / (f)inished / (p)revious
firstname : carmen
lastname : martinez
middlename : enid
year_range : (2006,)
main_us_institutions_year : ((2006, 'pennsylvania state university'),)
all_us_institutions_year : ((2006, 'pennsylvania state university'),)

firstname : carmen
lastname : martinezroldan
middlename : m
year_range : (2000, 2021)
main_us_institutions_year : ((2004, 'arizona state university'), (2006, 'arizona state university'), (2014, 'columbia university'), (2015, 'columbia university'), (2016, 'columbia university'), (2020, 'columbia university'), (2021, 'columbia university'))
all_us_institutions_year : ((2004, 'arizona state university'), (2006, 'arizona state university'), (2014, 'columbia university'), (2015, 'columbia university'), (2016, 'columbia university'), (2020, 'columbia university'), (2021, 'columbia university'))

5/10 positive, 1/10 negative
Do these records refer to the same thing?
(y)es / (n)o / (u)nsure / (f)inished / (p)revious
firstname : fred
lastname : allen
middlename : None
year_range : (1990,)
main_us_institutions_year : ((1990, 'university of tennessee'),)
all_us_institutions_year : ((1990, 'university of tennessee'),)

firstname : fred
lastname : allendorf
middlename : w
year_range : (1971, 2021)
main_us_institutions_year : ((1971, 'pennsylvania state university'), (1977, 'university of montana'), (1978, 'university of montana'), (1979, 'university of montana'), (1980, 'university of montana'), (1982, 'university of montana'), (1983, 'university of montana'), (1984, 'university of montana'), (1985, 'university of montana'), (1986, 'university of montana'), (1987, 'university of montana'), (1988, 'university of montana'), (1989, 'university of montana'), (1990, 'university of montana'), (1991, 'university of montana'), (1992, 'university of montana'), (1993, 'university of montana'), (1994, 'university of montana'), (1995, 'university of montana'), (1996, 'university of montana'), (1997, 'university of montana'), (1998, 'university of montana'), (1999, 'university of montana'), (2000, 'university of montana'), (2001, 'university of montana'), (2002, 'university of montana'), (2003, 'university of montana'), (2004, 'university of montana'), (2005, 'university of montana'), (2006, 'university of montana'), (2007, 'university of montana'), (2008, 'university of montana'), (2009, 'university of montana'), (2010, 'university of montana'), (2011, 'university of montana'), (2012, 'university of montana'), (2013, 'university of montana'), (2014, 'university of montana'), (2015, 'university of montana'), (2016, 'university of montana'), (2017, 'university of montana'), (2018, 'university of montana'), (2019, 'university of montana'), (2020, 'university of montana'), (2021, 'university of montana'))
all_us_institutions_year : ((1971, 'pennsylvania state university'), (1977, 'university of montana'), (1978, 'university of montana'), (1979, 'university of montana'), (1980, 'university of montana'), (1982, 'university of montana'), (1983, 'university of montana'), (1984, 'university of montana'), (1985, 'university of montana'), (1986, 'university of montana'), (1987, 'university of montana'), (1988, 'university of montana'), (1989, 'university of montana'), (1990, 'university of montana'), (1991, 'university of montana'), (1992, 'university of montana'), (1993, 'university of montana'), (1994, 'university of montana'), (1995, 'university of montana'), (1996, 'university of montana'), (1997, 'university of montana'), (1998, 'university of montana'), (1999, 'university of montana'), (2000, 'university of montana'), (2001, 'university of california irvine'), (2001, 'university of montana'), (2002, 'university of montana'), (2003, 'university of montana'), (2004, 'university of montana'), (2005, 'university of montana'), (2006, 'university of montana'), (2007, 'university of montana'), (2008, 'university of montana'), (2009, 'university of montana'), (2010, 'university of montana'), (2011, 'university of montana'), (2012, 'university of montana'), (2013, 'university of montana'), (2014, 'university of montana'), (2015, 'university of montana'), (2016, 'university of montana'), (2017, 'university of montana'), (2018, 'university of montana'), (2019, 'university of montana'), (2020, 'university of montana'), (2021, 'university of montana'))

5/10 positive, 2/10 negative
Do these records refer to the same thing?
(y)es / (n)o / (u)nsure / (f)inished / (p)revious
firstname : mark
lastname : rosentraub
middlename : s
year_range : (2009,)
main_us_institutions_year : ((2009, 'cleveland state university'),)
all_us_institutions_year : ((2009, 'cleveland state university'),)

firstname : mark
lastname : rosen
middlename : None
year_range : (2003, 2020)
main_us_institutions_year : ((2003, 'university of california berkeley'), (2014, 'university of texas at dallas'), (2020, 'university of texas at dallas'))
all_us_institutions_year : ((2003, 'university of california berkeley'), (2014, 'university of texas at dallas'), (2020, 'university of texas at dallas'))

5/10 positive, 3/10 negative
Do these records refer to the same thing?
(y)es / (n)o / (u)nsure / (f)inished / (p)revious
firstname : g
lastname : sanderson
middlename : None
year_range : (1991,)
main_us_institutions_year : ((1991, 'university of illinois at urbana champaign'),)
all_us_institutions_year : ((1991, 'university of illinois at urbana champaign'),)

firstname : william
lastname : sanders
middlename : h
year_range : (1985, 2021)
main_us_institutions_year : ((1985, 'university of illinois at urbana champaign'), (1986, 'university of michigan'), (1987, 'university of illinois at urbana champaign'), (1989, 'university of illinois at urbana champaign'), (1989, 'university of arizona'), (1991, 'university of arizona'), (1992, 'university of arizona'), (1993, 'university of arizona'), (1994, 'university of arizona'), (1995, 'university of illinois at urbana champaign'), (1996, 'university of illinois at urbana champaign'), (1997, 'university of illinois at urbana champaign'), (1998, 'university of illinois at urbana champaign'), (1999, 'university of illinois at urbana champaign'), (2000, 'university of illinois at urbana champaign'), (2001, 'university of illinois at urbana champaign'), (2002, 'university of illinois at urbana champaign'), (2003, 'university of illinois at urbana champaign'), (2004, 'university of illinois at urbana champaign'), (2005, 'university of illinois at urbana champaign'), (2006, 'university of illinois at urbana champaign'), (2007, 'university of illinois at urbana champaign'), (2008, 'university of illinois at urbana champaign'), (2009, 'university of illinois at urbana champaign'), (2010, 'university of illinois at urbana champaign'), (2011, 'university of illinois at urbana champaign'), (2012, 'university of illinois at urbana champaign'), (2013, 'university of illinois at urbana champaign'), (2014, 'university of illinois at urbana champaign'), (2015, 'university of illinois at urbana champaign'), (2016, 'university of illinois at urbana champaign'), (2017, 'university of illinois at urbana champaign'), (2018, 'university of illinois at urbana champaign'), (2019, 'university of illinois at urbana champaign'), (2020, 'university of illinois at urbana champaign'), (2021, 'carnegie mellon university'))
all_us_institutions_year : ((1910, 'university of illinois at urbana champaign'), (1985, 'university of illinois at urbana champaign'), (1985, 'university of michigan'), (1986, 'university of michigan'), (1987, 'university of illinois at urbana champaign'), (1989, 'university of arizona'), (1989, 'university of illinois at urbana champaign'), (1990, 'university of arizona'), (1991, 'university of arizona'), (1992, 'university of arizona'), (1993, 'university of arizona'), (1994, 'university of arizona'), (1995, 'university of arizona'), (1995, 'university of illinois at urbana champaign'), (1996, 'university of illinois at urbana champaign'), (1997, 'university of illinois at urbana champaign'), (1998, 'university of illinois at urbana champaign'), (1999, 'university of illinois at urbana champaign'), (2000, 'university of illinois at urbana champaign'), (2001, 'university of illinois at urbana champaign'), (2002, 'sirf technology holdings inc'), (2002, 'university of illinois at urbana champaign'), (2003, 'university of illinois at urbana champaign'), (2004, 'university of illinois at urbana champaign'), (2005, 'university of illinois at urbana champaign'), (2005, 'university of michigan'), (2006, 'university of illinois at urbana champaign'), (2007, 'university of illinois at urbana champaign'), (2008, 'university of illinois at urbana champaign'), (2009, 'university of illinois at urbana champaign'), (2010, 'university of illinois at urbana champaign'), (2011, 'university of illinois at urbana champaign'), (2012, 'university of illinois at urbana champaign'), (2013, 'university of illinois at urbana champaign'), (2014, 'university of illinois at urbana champaign'), (2015, 'university of illinois at urbana champaign'), (2016, 'university of illinois at urbana champaign'), (2017, 'university of illinois at urbana champaign'), (2018, 'university of illinois at urbana champaign'), (2019, 'university of illinois at urbana champaign'), (2019, 'university of michigan'), (2020, 'carnegie mellon university'), (2020, 'university of illinois at urbana champaign'), (2021, 'carnegie mellon university'))

5/10 positive, 4/10 negative
Do these records refer to the same thing?
(y)es / (n)o / (u)nsure / (f)inished / (p)revious
firstname : c
lastname : fan
middlename : cindy
year_range : (2013,)
main_us_institutions_year : ((2013, 'university of california los angeles'),)
all_us_institutions_year : ((2013, 'university of california los angeles'),)

firstname : roderick
lastname : fanou
middlename : None
year_range : (2015, 2020)
main_us_institutions_year : ((2018, 'university of california san diego'), (2019, 'university of california san diego'), (2020, 'university of california san diego'))
all_us_institutions_year : ((2018, 'university of california san diego'), (2019, 'university of california san diego'), (2020, 'university of california san diego'))

5/10 positive, 5/10 negative
Do these records refer to the same thing?
(y)es / (n)o / (u)nsure / (f)inished / (p)revious
firstname : beatriz
lastname : manz
middlename : None
year_range : (1999,)
main_us_institutions_year : ((1999, 'university of california berkeley'),)
all_us_institutions_year : ((1999, 'university of california berkeley'),)

firstname : beatriz
lastname : martinezlopez
middlename : None
year_range : (2008, 2021)
main_us_institutions_year : ((2014, 'university of california davis'), (2015, 'university of california davis'), (2016, 'university of california davis'), (2017, 'university of california davis'), (2018, 'university of california davis'), (2019, 'university of california davis'), (2020, 'university of california davis'), (2021, 'university of california davis'))
all_us_institutions_year : ((2014, 'university of california davis'), (2015, 'university of california davis'), (2016, 'university of california davis'), (2017, 'university of california'), (2017, 'university of california berkeley'), (2017, 'university of california davis'), (2018, 'university of california davis'), (2019, 'university of california davis'), (2020, 'university of california davis'), (2021, 'university of california davis'))

5/10 positive, 6/10 negative
Do these records refer to the same thing?
(y)es / (n)o / (u)nsure / (f)inished / (p)revious
firstname : howard
lastname : hoganson
middlename : None
year_range : (1995,)
main_us_institutions_year : ((1995, 'university of minnesota'),)
all_us_institutions_year : ((1995, 'university of minnesota'),)

firstname : howard
lastname : hogan
middlename : None
year_range : (1992, 2018)
main_us_institutions_year : ((2009, 'united states census bureau'), (2013, 'united states census bureau'), (2018, 'united states census bureau'))
all_us_institutions_year : ((2008, 'united states census bureau'), (2009, 'united states census bureau'), (2013, 'united states census bureau'), (2015, 'united states census bureau'), (2017, 'united states census bureau'), (2018, 'united states census bureau'), (2020, 'united states census bureau'))

5/10 positive, 7/10 negative
Do these records refer to the same thing?
(y)es / (n)o / (u)nsure / (f)inished / (p)revious
firstname : donald
lastname : whitehead
middlename : None
year_range : (2003,)
main_us_institutions_year : ((2003, 'indiana university'),)
all_us_institutions_year : ((2003, 'indiana university'),)

firstname : donald
lastname : white
middlename : d
year_range : (1973, 2016)
main_us_institutions_year : ((1973, 'university of arkansas'), (1974, 'university of arkansas'), (1981, 'university of arkansas'), (1982, 'university of arkansas'), (2005, 'university of arkansas'), (2016, 'university of arkansas'))
all_us_institutions_year : ((1973, 'university of arkansas'), (1974, 'university of arkansas'), (1981, 'university of arkansas'), (1982, 'university of arkansas'), (2005, 'university of arkansas'), (2016, 'university of arkansas'))

5/10 positive, 8/10 negative
Do these records refer to the same thing?
(y)es / (n)o / (u)nsure / (f)inished / (p)revious
firstname : james
lastname : campbell
middlename : f
year_range : (2012,)
main_us_institutions_year : ((2012, 'kansas state university'),)
all_us_institutions_year : ((2012, 'kansas state university'),)

firstname : james
lastname : campbell
middlename : None
year_range : (2004, 2020)
main_us_institutions_year : ((2004, 'university of maine'), (2006, 'university of maine'), (2007, 'university of maine'), (2015, 'university of maine'))
all_us_institutions_year : ((2004, 'university of maine'), (2006, 'university of maine'), (2007, 'university of maine'), (2015, 'university of maine'))

5/10 positive, 9/10 negative
Do these records refer to the same thing?
(y)es / (n)o / (u)nsure / (f)inished / (p)revious
firstname : clyde
lastname : jones
middlename : None
year_range : (1996,)
main_us_institutions_year : ((1996, 'texas tech university'),)
all_us_institutions_year : ((1996, 'texas tech university'),)

firstname : clyde
lastname : jones
middlename : None
year_range : (1960, 2019)
main_us_institutions_year : ((1960, 'university of new mexico'), (1961, 'university of new mexico'), (1962, 'university of new mexico'), (1963, 'university of new mexico'), (1964, 'university of new mexico'), (1965, 'university of new mexico'), (1967, 'university of new mexico'), (1967, 'tulane university'), (1968, 'tulane university'), (1969, 'tulane university'), (1970, 'united states fish and wildlife service'), (1971, 'tulane university'), (1973, 'national museum of natural history'), (2009, 'national museum of natural history'))
all_us_institutions_year : ((1960, 'university of new mexico'), (1961, 'university of new mexico'), (1962, 'university of new mexico'), (1963, 'university of new mexico'), (1964, 'university of new mexico'), (1965, 'university of new mexico'), (1967, 'tulane university'), (1967, 'university of new mexico'), (1968, 'tulane university'), (1969, 'tulane university'), (1970, 'united states fish and wildlife service'), (1971, 'tulane university'), (1973, 'national museum of natural history'), (1973, 'tulane university'), (2009, 'national museum of natural history'))

5/10 positive, 10/10 negative
Do these records refer to the same thing?
(y)es / (n)o / (u)nsure / (f)inished / (p)revious
firstname : victoria
lastname : marsick
middlename : None
year_range : (2004,)
main_us_institutions_year : ((2004, 'teachers college columbia university'),)
all_us_institutions_year : ((2004, 'teachers college columbia university'),)

firstname : victoria
lastname : marsick
middlename : j
year_range : (1834, 2021)
main_us_institutions_year : ((1985, 'columbia university'), (1988, 'columbia university'), (1989, 'university of texas at austin'), (1990, 'columbia university'), (1992, 'columbia university'), (1993, 'columbia university'), (1994, 'columbia university'), (1996, 'columbia university'), (1997, 'columbia university'), (1999, 'columbia university'), (2001, 'columbia university'), (2003, 'columbia university'), (2004, 'columbia university'), (2005, 'columbia university'), (2007, 'columbia university'), (2008, 'columbia university'), (2009, 'columbia university'), (2013, 'columbia university'), (2014, 'columbia university'), (2015, 'columbia university'), (2016, 'columbia university'), (2017, 'columbia university'), (2018, 'columbia university'), (2019, 'columbia university'), (2020, 'columbia university'), (2021, 'columbia university'))
all_us_institutions_year : ((1985, 'columbia university'), (1988, 'columbia university'), (1989, 'university of texas at austin'), (1990, 'columbia university'), (1992, 'columbia university'), (1993, 'columbia university'), (1994, 'columbia university'), (1996, 'columbia university'), (1997, 'columbia university'), (1999, 'columbia university'), (2001, 'columbia university'), (2003, 'columbia university'), (2004, 'columbia university'), (2005, 'columbia university'), (2007, 'columbia university'), (2008, 'columbia university'), (2009, 'columbia university'), (2011, 'columbia university'), (2012, 'columbia university'), (2013, 'columbia university'), (2014, 'columbia university'), (2015, 'columbia university'), (2016, 'columbia university'), (2017, 'columbia university'), (2018, 'columbia university'), (2019, 'columbia university'), (2020, 'columbia university'), (2021, 'columbia university'))

5/10 positive, 11/10 negative
Do these records refer to the same thing?
(y)es / (n)o / (u)nsure / (f)inished / (p)revious
firstname : benedyct
lastname : dziegielewski
middlename : None
year_range : (2004,)
main_us_institutions_year : ((2004, 'southern illinois university at carbondale'),)
all_us_institutions_year : ((2004, 'southern illinois university at carbondale'),)

firstname : benedykt
lastname : dziegielewski
middlename : None
year_range : (1983, 2013)
main_us_institutions_year : ((1992, 'southern illinois university carbondale'), (2007, 'southern illinois university carbondale'), (2012, 'southern illinois university carbondale'), (2013, 'southern illinois university carbondale'))
all_us_institutions_year : ((1992, 'southern illinois university carbondale'), (2003, 'southern illinois university carbondale'), (2007, 'southern illinois university carbondale'), (2012, 'southern illinois university carbondale'), (2013, 'southern illinois university carbondale'))

6/10 positive, 11/10 negative
Do these records refer to the same thing?
(y)es / (n)o / (u)nsure / (f)inished / (p)revious
firstname : catherine
lastname : tucker
middlename : None
year_range : (2012,)
main_us_institutions_year : ((2012, 'indiana university'),)
all_us_institutions_year : ((2012, 'indiana university'),)

firstname : c
lastname : tucker
middlename : None
year_range : (1998, 2021)
main_us_institutions_year : None
all_us_institutions_year : ((2016, 'goddard space flight center'), (2018, 'university of california san diego'), (2020, 'goddard space flight center'))

7/10 positive, 11/10 negative
Do these records refer to the same thing?
(y)es / (n)o / (u)nsure / (f)inished / (p)revious
firstname : r
lastname : slack
middlename : douglas
year_range : (2004,)
main_us_institutions_year : ((2004, 'texas a m university college station'),)
all_us_institutions_year : ((2004, 'texas a m university college station'),)

firstname : rebecca
lastname : slack
middlename : None
year_range : (1999, 2018)
main_us_institutions_year : ((1999, 'georgetown university'), (2000, 'georgetown university'), (2001, 'georgetown university'), (2002, 'georgetown university'), (2003, 'georgetown university'), (2005, 'georgetown university'), (2006, 'georgetown university'), (2009, 'georgetown university'), (2010, 'georgetown university'), (2011, 'georgetown university'), (2012, 'georgetown university'), (2012, 'university of texas md anderson cancer center'), (2013, 'georgetown university'), (2013, 'university of texas md anderson cancer center'), (2016, 'university of texas md anderson cancer center'))
all_us_institutions_year : ((1999, 'georgetown university'), (2000, 'georgetown university'), (2001, 'georgetown university'), (2002, 'georgetown university'), (2003, 'georgetown university'), (2005, 'georgetown university'), (2006, 'georgetown university'), (2008, 'georgetown university'), (2009, 'georgetown university'), (2010, 'georgetown university'), (2011, 'georgetown university'), (2012, 'georgetown university'), (2012, 'university of texas md anderson cancer center'), (2013, 'georgetown university'), (2013, 'university of texas md anderson cancer center'), (2016, 'university of texas md anderson cancer center'))

7/10 positive, 12/10 negative
Do these records refer to the same thing?
(y)es / (n)o / (u)nsure / (f)inished / (p)revious
firstname : james
lastname : murphy
middlename : None
year_range : (2011,)
main_us_institutions_year : ((2011, 'kansas state university'),)
all_us_institutions_year : ((2011, 'kansas state university'),)

firstname : james
lastname : murphy
middlename : j
year_range : (1966, 2021)
main_us_institutions_year : ((1966, 'university of california davis'), (1967, 'university of california davis'), (1972, 'university of california davis'), (1977, 'university of california davis'), (1980, 'university of california davis'), (1983, 'university of california davis'), (1985, 'university of california davis'), (1991, 'university of california davis'), (1993, 'university of california davis'), (1997, 'university of california davis'), (1999, 'university of california davis'), (2000, 'university of california davis'), (2002, 'university of massachusetts amherst'), (2004, 'university of massachusetts amherst'), (2005, 'university of massachusetts amherst'), (2006, 'western carolina university'), (2006, 'university of massachusetts amherst'), (2006, 'university of west georgia'), (2007, 'university of massachusetts amherst'), (2007, 'university of alaska anchorage'), (2008, 'university of alaska anchorage'), (2009, 'university of alaska anchorage'), (2010, 'university of alaska anchorage'), (2011, 'university of california davis'), (2011, 'university of alaska anchorage'), (2012, 'university of massachusetts amherst'), (2012, 'university of alaska anchorage'), (2013, 'university of california davis'), (2014, 'university of california davis'), (2014, 'university of alaska anchorage'), (2015, 'chapman university'), (2015, 'university of alaska anchorage'), (2016, 'university of california davis'), (2018, 'university of alaska anchorage'), (2019, 'university of alaska anchorage'), (2021, 'university of alaska anchorage'))
all_us_institutions_year : ((1966, 'university of california davis'), (1967, 'university of california davis'), (1972, 'university of california davis'), (1977, 'university of california davis'), (1980, 'university of california davis'), (1983, 'university of california davis'), (1985, 'university of california davis'), (1991, 'university of california davis'), (1993, 'university of california davis'), (1996, 'university of arizona'), (1996, 'university of california davis'), (1997, 'university of california davis'), (1998, 'university of california davis'), (1999, 'university of arizona'), (1999, 'university of california davis'), (2000, 'university of california davis'), (2000, 'university of massachusetts amherst'), (2002, 'university of massachusetts amherst'), (2003, 'university of alaska anchorage'), (2003, 'university of california davis'), (2003, 'university of massachusetts amherst'), (2004, 'university of alaska anchorage'), (2004, 'university of massachusetts amherst'), (2004, 'university of west georgia'), (2004, 'western carolina university'), (2005, 'university of alaska anchorage'), (2005, 'university of california davis'), (2005, 'university of massachusetts amherst'), (2005, 'western carolina university'), (2006, 'university of alaska anchorage'), (2006, 'university of massachusetts amherst'), (2006, 'university of west georgia'), (2006, 'western carolina university'), (2007, 'university of alaska anchorage'), (2007, 'university of massachusetts amherst'), (2008, 'university of alaska anchorage'), (2009, 'university of alaska anchorage'), (2009, 'university of massachusetts amherst'), (2010, 'university of alaska anchorage'), (2010, 'university of massachusetts amherst'), (2011, 'university of alaska anchorage'), (2011, 'university of california davis'), (2012, 'university of alaska anchorage'), (2012, 'university of massachusetts amherst'), (2013, 'university of california davis'), (2014, 'university of alaska anchorage'), (2014, 'university of california davis'), (2015, 'chapman university'), (2015, 'university of alaska anchorage'), (2016, 'chapman university'), (2016, 'university of alaska anchorage'), (2016, 'university of california davis'), (2017, 'university of arizona'), (2018, 'university of alaska anchorage'), (2019, 'university of alaska anchorage'), (2020, 'chapman university'), (2020, 'university of alaska anchorage'), (2021, 'chapman university'), (2021, 'university of alaska anchorage'))

7/10 positive, 13/10 negative
Do these records refer to the same thing?
(y)es / (n)o / (u)nsure / (f)inished / (p)revious
firstname : carol
lastname : miller
middlename : j
year_range : (2007,)
main_us_institutions_year : ((2007, 'wayne state university'),)
all_us_institutions_year : ((2007, 'wayne state university'),)

firstname : carol
lastname : miller
middlename : None
year_range : (1999, 2020)
main_us_institutions_year : ((1999, 'colorado state university'), (2000, 'colorado state university'), (2007, 'united states forest service'), (2010, 'united states forest service'), (2011, 'united states forest service'), (2012, 'united states forest service'), (2013, 'united states forest service'), (2014, 'united states forest service'), (2015, 'united states forest service'), (2016, 'united states forest service'), (2017, 'united states forest service'), (2018, 'united states forest service'), (2019, 'united states forest service'), (2020, 'united states forest service'))
all_us_institutions_year : ((1999, 'colorado state university'), (2000, 'colorado state university'), (2007, 'united states department of agriculture'), (2007, 'united states forest service'), (2010, 'united states forest service'), (2011, 'united states forest service'), (2012, 'united states forest service'), (2013, 'united states forest service'), (2014, 'united states department of agriculture'), (2014, 'united states forest service'), (2015, 'united states department of agriculture'), (2015, 'united states forest service'), (2016, 'united states forest service'), (2017, 'united states forest service'), (2018, 'united states forest service'), (2019, 'united states forest service'), (2020, 'united states forest service'))

7/10 positive, 14/10 negative
Do these records refer to the same thing?
(y)es / (n)o / (u)nsure / (f)inished / (p)revious
firstname : robert
lastname : gilbertson
middlename : l
year_range : (2008,)
main_us_institutions_year : ((2008, 'university of california davis'),)
all_us_institutions_year : ((2008, 'university of california davis'),)

firstname : robert
lastname : gilbertson
middlename : l
year_range : (1954, 2009)
main_us_institutions_year : ((1954, 'state university of new york system'), (1962, 'state university of new york system'), (1965, 'state university of new york system'), (1967, 'university of arizona'), (1968, 'university of arizona'), (1969, 'university of arizona'), (1970, 'university of arizona'), (1971, 'university of arizona'), (1972, 'university of arizona'), (1973, 'university of arizona'), (1974, 'university of arizona'), (1975, 'university of arizona'), (1976, 'university of arizona'), (1977, 'university of arizona'), (1978, 'university of arizona'), (1979, 'university of arizona'), (1980, 'university of arizona'), (1981, 'university of arizona'), (1982, 'university of arizona'), (1984, 'university of arizona'), (1985, 'university of arizona'), (1986, 'university of arizona'), (1987, 'university of arizona'), (1988, 'university of arizona'), (1989, 'university of arizona'), (1990, 'university of arizona'), (1991, 'university of arizona'), (1992, 'university of arizona'), (1993, 'university of arizona'), (1994, 'university of arizona'), (1995, 'university of arizona'), (1996, 'university of arizona'), (1997, 'university of arizona'), (1998, 'university of arizona'), (2001, 'university of arizona'), (2003, 'university of arizona'), (2005, 'university of arizona'), (2009, 'university of arizona'))
all_us_institutions_year : ((1954, 'state university of new york system'), (1962, 'state university of new york system'), (1965, 'state university of new york system'), (1967, 'university of arizona'), (1968, 'university of arizona'), (1969, 'university of arizona'), (1970, 'university of arizona'), (1971, 'university of arizona'), (1972, 'university of arizona'), (1973, 'university of arizona'), (1974, 'university of arizona'), (1975, 'university of arizona'), (1976, 'university of arizona'), (1977, 'university of arizona'), (1978, 'university of arizona'), (1979, 'university of arizona'), (1980, 'university of arizona'), (1981, 'university of arizona'), (1982, 'university of arizona'), (1984, 'university of arizona'), (1985, 'university of arizona'), (1986, 'university of arizona'), (1987, 'university of arizona'), (1988, 'university of arizona'), (1989, 'university of arizona'), (1990, 'university of arizona'), (1991, 'university of arizona'), (1992, 'university of arizona'), (1993, 'university of arizona'), (1994, 'university of arizona'), (1995, 'university of arizona'), (1996, 'university of arizona'), (1997, 'university of arizona'), (1998, 'university of arizona'), (2001, 'university of arizona'), (2003, 'university of arizona'), (2005, 'university of arizona'), (2009, 'university of arizona'))

7/10 positive, 15/10 negative
Do these records refer to the same thing?
(y)es / (n)o / (u)nsure / (f)inished / (p)revious
firstname : c
lastname : doren
middlename : s van
year_range : (1990,)
main_us_institutions_year : ((1990, 'texas a m university college station'),)
all_us_institutions_year : ((1990, 'texas a m university college station'),)

firstname : carlton
lastname : doren
middlename : s van
year_range : (1969, 1998)
main_us_institutions_year : ((1972, 'texas a m university'), (1973, 'texas a m university'), (1977, 'texas a m university'), (1985, 'texas a m university'), (1991, 'texas a m university'), (1992, 'texas a m university'), (1998, 'texas a m university'))
all_us_institutions_year : ((1972, 'texas a m university'), (1973, 'texas a m university'), (1977, 'texas a m university'), (1985, 'texas a m university'), (1991, 'texas a m university'), (1992, 'texas a m university'), (1998, 'texas a m university'))

7/10 positive, 16/10 negative
Do these records refer to the same thing?
(y)es / (n)o / (u)nsure / (f)inished / (p)revious
firstname : burnell
lastname : fischer
middlename : c
year_range : (2014,)
main_us_institutions_year : ((2014, 'indiana university'),)
all_us_institutions_year : ((2014, 'indiana university'),)

firstname : burnell
lastname : fischer
middlename : c
year_range : (1991, 1992)
main_us_institutions_year : ((1992, 'indiana department of natural resources'),)
all_us_institutions_year : ((1992, 'indiana department of natural resources'),)

8/10 positive, 16/10 negative
Do these records refer to the same thing?
(y)es / (n)o / (u)nsure / (f)inished / (p)revious
firstname : steven
lastname : holloway
middlename : None
year_range : (1997,)
main_us_institutions_year : ((1997, 'ohio state university'),)
all_us_institutions_year : ((1997, 'ohio state university'),)

firstname : steven
lastname : holloway
middlename : r
year_range : (1990, 2020)
main_us_institutions_year : ((1990, 'university of wisconsin madison'), (1991, 'university of wisconsin madison'), (1992, 'university of wisconsin madison'), (1996, 'university of wisconsin madison'), (1998, 'university of georgia'), (1999, 'university of georgia'), (2000, 'university of georgia'), (2001, 'kent state university'), (2002, 'university of georgia'), (2004, 'university of georgia'), (2005, 'university of georgia'), (2007, 'university of georgia'), (2011, 'university of georgia'), (2012, 'university of georgia'), (2013, 'university of georgia'), (2014, 'university of georgia'), (2015, 'university of georgia'), (2018, 'university of georgia'), (2020, 'university of georgia'))
all_us_institutions_year : ((1990, 'university of wisconsin madison'), (1991, 'university of wisconsin madison'), (1992, 'university of wisconsin madison'), (1996, 'university of wisconsin madison'), (1998, 'ohio state university'), (1998, 'university of georgia'), (1999, 'university of georgia'), (2000, 'university of georgia'), (2001, 'kent state university'), (2002, 'university of georgia'), (2004, 'university of georgia'), (2005, 'university of georgia'), (2007, 'university of georgia'), (2011, 'university of georgia'), (2012, 'university of georgia'), (2013, 'university of georgia'), (2014, 'university of georgia'), (2015, 'university of georgia'), (2018, 'university of georgia'), (2020, 'university of georgia'))

8/10 positive, 17/10 negative
Do these records refer to the same thing?
(y)es / (n)o / (u)nsure / (f)inished / (p)revious
firstname : d
lastname : guertin
middlename : phillip
year_range : (1990,)
main_us_institutions_year : ((1990, 'university of arizona'),)
all_us_institutions_year : ((1990, 'university of arizona'),)

firstname : david
lastname : guertin
middlename : p
year_range : (2016, 2019)
main_us_institutions_year : ((2016, 'university of arizona'), (2017, 'university of arizona'), (2019, 'university of arizona'))
all_us_institutions_year : ((2016, 'university of arizona'), (2017, 'university of arizona'), (2019, 'university of arizona'))

9/10 positive, 17/10 negative
Do these records refer to the same thing?
(y)es / (n)o / (u)nsure / (f)inished / (p)revious
firstname : robert
lastname : hunger
middlename : m
year_range : (1995,)
main_us_institutions_year : ((1995, 'oklahoma state university'),)
all_us_institutions_year : ((1995, 'oklahoma state university'),)

firstname : r
lastname : hunger
middlename : m
year_range : (1982, 2021)
main_us_institutions_year : ((1996, 'oklahoma state university stillwater'), (2003, 'oklahoma state university stillwater'), (2004, 'oklahoma state university stillwater'), (2005, 'oklahoma state university stillwater'), (2006, 'oklahoma state university stillwater'), (2007, 'oklahoma state university stillwater'), (2008, 'oklahoma state university stillwater'), (2009, 'oklahoma state university stillwater'), (2010, 'oklahoma state university stillwater'), (2012, 'oklahoma state university stillwater'), (2013, 'oklahoma state university stillwater'), (2014, 'oklahoma state university stillwater'), (2016, 'oklahoma state university stillwater'), (2017, 'oklahoma state university stillwater'), (2019, 'oklahoma state university stillwater'), (2020, 'oklahoma state university stillwater'), (2021, 'oklahoma state university stillwater'))
all_us_institutions_year : ((1996, 'oklahoma state university stillwater'), (2003, 'oklahoma state university stillwater'), (2004, 'oklahoma state university stillwater'), (2005, 'oklahoma state university stillwater'), (2006, 'oklahoma state university stillwater'), (2007, 'oklahoma state university stillwater'), (2008, 'oklahoma state university stillwater'), (2009, 'oklahoma state university stillwater'), (2010, 'oklahoma state university stillwater'), (2012, 'oklahoma state university stillwater'), (2013, 'oklahoma state university stillwater'), (2014, 'oklahoma state university stillwater'), (2016, 'oklahoma state university stillwater'), (2017, 'oklahoma state university stillwater'), (2019, 'oklahoma state university stillwater'), (2020, 'oklahoma state university stillwater'), (2021, 'oklahoma state university stillwater'))

9/10 positive, 18/10 negative
Do these records refer to the same thing?
(y)es / (n)o / (u)nsure / (f)inished / (p)revious
firstname : theodore
lastname : bilderback
middlename : e
year_range : (1995,)
main_us_institutions_year : ((1995, 'north carolina state university'),)
all_us_institutions_year : ((1995, 'north carolina state university'),)

firstname : t
lastname : bilderback
middlename : e
year_range : (1980, 2018)
main_us_institutions_year : ((1985, 'north carolina state university'), (1987, 'north carolina state university'), (1990, 'north carolina state university'), (1992, 'north carolina state university'), (1993, 'north carolina state university'), (1995, 'north carolina state university'), (1996, 'north carolina state university'), (1998, 'north carolina state university'), (2002, 'north carolina state university'), (2004, 'north carolina state university'), (2004, 'university of florida'), (2005, 'north carolina state university'), (2010, 'north carolina state university'), (2016, 'north carolina state university'), (2017, 'north carolina state university'), (2018, 'north carolina state university'))
all_us_institutions_year : ((1985, 'north carolina state university'), (1987, 'north carolina state university'), (1990, 'north carolina state university'), (1992, 'north carolina state university'), (1993, 'north carolina state university'), (1993, 'university of florida'), (1995, 'north carolina state university'), (1996, 'north carolina state university'), (1998, 'north carolina state university'), (2002, 'north carolina state university'), (2004, 'north carolina state university'), (2004, 'university of florida'), (2005, 'north carolina state university'), (2010, 'north carolina state university'), (2016, 'north carolina state university'), (2017, 'north carolina state university'), (2018, 'north carolina state university'))

10/10 positive, 18/10 negative
Do these records refer to the same thing?
(y)es / (n)o / (u)nsure / (f)inished / (p)revious
firstname : sarah
lastname : bednarz
middlename : w
year_range : (2003,)
main_us_institutions_year : ((2003, 'texas a m university college station'),)
all_us_institutions_year : ((2003, 'texas a m university college station'),)

firstname : sarah
lastname : bednarz
middlename : witham
year_range : (1994, 2020)
main_us_institutions_year : ((1989, 'texas a m university'), (1994, 'texas a m university'), (1995, 'texas a m university'), (1996, 'texas a m university'), (1997, 'texas a m university'), (1999, 'texas a m university'), (2000, 'texas a m university'), (2004, 'texas a m university'), (2006, 'texas a m university'), (2008, 'texas a m university'), (2009, 'texas a m university'), (2010, 'texas a m university'), (2011, 'texas a m university'), (2012, 'texas a m university'), (2014, 'texas a m university'), (2015, 'texas a m university'), (2016, 'texas a m university'), (2017, 'texas a m university'), (2018, 'texas a m university'), (2019, 'texas a m university'), (2020, 'texas a m university'))
all_us_institutions_year : ((1989, 'texas a m university'), (1994, 'texas a m university'), (1995, 'texas a m university'), (1996, 'texas a m university'), (1997, 'texas a m university'), (1999, 'texas a m university'), (2000, 'texas a m university'), (2004, 'texas a m university'), (2006, 'texas a m university'), (2008, 'texas a m university'), (2009, 'texas a m university'), (2010, 'texas a m university'), (2011, 'texas a m university'), (2012, 'texas a m university'), (2014, 'texas a m university'), (2015, 'texas a m university'), (2016, 'texas a m university'), (2017, 'texas a m university'), (2018, 'texas a m university'), (2019, 'texas a m university'), (2020, 'texas a m university'))

11/10 positive, 18/10 negative
Do these records refer to the same thing?
(y)es / (n)o / (u)nsure / (f)inished / (p)revious
firstname : dave
lastname : huff
middlename : None
year_range : (2001,)
main_us_institutions_year : ((2001, 'pennsylvania state university'),)
all_us_institutions_year : ((2001, 'pennsylvania state university'),)

firstname : david
lastname : huff
middlename : r
year_range : (1991, 2020)
main_us_institutions_year : ((1992, 'university of california davis'), (1993, 'rutgers university'), (1995, 'rutgers university'), (1995, 'pennsylvania state university'), (1997, 'pennsylvania state university'), (1998, 'pennsylvania state university'), (1999, 'pennsylvania state university'), (2001, 'pennsylvania state university'), (2006, 'pennsylvania state university'), (2008, 'pennsylvania state university'), (2009, 'pennsylvania state university'), (2010, 'pennsylvania state university'), (2011, 'pennsylvania state university'), (2011, 'texas agrilife research'), (2012, 'pennsylvania state university'), (2017, 'pennsylvania state university'), (2020, 'pennsylvania state university'))
all_us_institutions_year : ((1992, 'university of california davis'), (1993, 'rutgers university'), (1995, 'pennsylvania state university'), (1995, 'rutgers university'), (1997, 'pennsylvania state university'), (1998, 'pennsylvania state university'), (1999, 'pennsylvania state university'), (2001, 'pennsylvania state university'), (2006, 'pennsylvania state university'), (2008, 'pennsylvania state university'), (2009, 'pennsylvania state university'), (2010, 'pennsylvania state university'), (2011, 'pennsylvania state university'), (2011, 'texas agrilife research'), (2012, 'pennsylvania state university'), (2014, 'pennsylvania state university'), (2015, 'pennsylvania state university'), (2017, 'pennsylvania state university'), (2020, 'pennsylvania state university'))

12/10 positive, 18/10 negative
Do these records refer to the same thing?
(y)es / (n)o / (u)nsure / (f)inished / (p)revious
firstname : elizabeth
lastname : earle
middlename : d
year_range : (1999,)
main_us_institutions_year : ((1999, 'cornell university'),)
all_us_institutions_year : ((1999, 'cornell university'),)

firstname : g
lastname : earle
middlename : d
year_range : (1987, 2021)
main_us_institutions_year : ((1990, 'cornell university'), (1998, 'university of texas at dallas'), (2000, 'university of texas at dallas'), (2002, 'university of texas at dallas'), (2003, 'university of texas at dallas'), (2004, 'university of texas at dallas'), (2005, 'university of texas at dallas'), (2006, 'university of texas at dallas'), (2007, 'university of texas at dallas'), (2008, 'university of texas at dallas'), (2009, 'university of texas at dallas'), (2010, 'university of texas at dallas'), (2012, 'university of texas at dallas'), (2012, 'virginia tech'), (2014, 'virginia tech'), (2015, 'virginia tech'), (2017, 'virginia tech'), (2018, 'virginia tech'), (2019, 'virginia tech'), (2020, 'virginia tech'), (2021, 'virginia tech'))
all_us_institutions_year : ((1990, 'cornell university'), (1998, 'university of texas at dallas'), (2000, 'university of texas at dallas'), (2002, 'university of texas at dallas'), (2003, 'university of texas at dallas'), (2004, 'university of texas at dallas'), (2005, 'university of texas at dallas'), (2006, 'university of texas at dallas'), (2007, 'university of texas at dallas'), (2008, 'university of texas at dallas'), (2009, 'university of texas at dallas'), (2010, 'university of texas at dallas'), (2012, 'university of texas at dallas'), (2012, 'virginia tech'), (2014, 'virginia tech'), (2015, 'virginia tech'), (2017, 'virginia tech'), (2018, 'virginia tech'), (2019, 'virginia tech'), (2020, 'virginia tech'), (2021, 'virginia tech'))

13/10 positive, 18/10 negative
Do these records refer to the same thing?
(y)es / (n)o / (u)nsure / (f)inished / (p)revious
firstname : michael
lastname : watts
middlename : j
year_range : (1999,)
main_us_institutions_year : ((1999, 'university of california berkeley'),)
all_us_institutions_year : ((1999, 'university of california berkeley'),)

firstname : d
lastname : watts
middlename : None
year_range : (2010, 2014)
main_us_institutions_year : ((2010, 'university of florida'), (2011, 'university of florida'), (2013, 'university of florida'), (2014, 'university of california berkeley'))
all_us_institutions_year : ((2010, 'university of florida'), (2011, 'university of florida'), (2013, 'university of florida'), (2014, 'university of california berkeley'), (2015, 'university of california berkeley'))

13/10 positive, 19/10 negative
Do these records refer to the same thing?
(y)es / (n)o / (u)nsure / (f)inished / (p)revious
firstname : peter
lastname : feinsinger
middlename : None
year_range : (1990,)
main_us_institutions_year : ((1990, 'university of florida'),)
all_us_institutions_year : ((1990, 'university of florida'),)

firstname : peter
lastname : feinsinger
middlename : None
year_range : (1978, 2020)
main_us_institutions_year : ((1996, 'northern arizona university'), (1997, 'northern arizona university'), (2000, 'northern arizona university'), (2002, 'northern arizona university'), (2006, 'northern arizona university'), (2013, 'northern arizona university'), (2013, 'wildlife conservation society'), (2014, 'northern arizona university'), (2014, 'wildlife conservation society'), (2020, 'northern arizona university'), (2020, 'wildlife conservation society'))
all_us_institutions_year : ((1996, 'northern arizona university'), (1997, 'northern arizona university'), (2000, 'northern arizona university'), (2002, 'northern arizona university'), (2006, 'northern arizona university'), (2010, 'wildlife conservation society'), (2012, 'wildlife conservation society'), (2013, 'northern arizona university'), (2013, 'wildlife conservation society'), (2014, 'northern arizona university'), (2014, 'wildlife conservation society'), (2015, 'northern arizona university'), (2020, 'northern arizona university'), (2020, 'wildlife conservation society'))

13/10 positive, 20/10 negative
Do these records refer to the same thing?
(y)es / (n)o / (u)nsure / (f)inished / (p)revious
firstname : david
lastname : andrews
middlename : None
year_range : (1998,)
main_us_institutions_year : ((1998, 'university of nebraska lincoln'),)
all_us_institutions_year : ((1998, 'university of nebraska lincoln'),)

firstname : david
lastname : andrews
middlename : l
year_range : (1993, 2021)
main_us_institutions_year : ((1993, 'university of illinois at urbana champaign'), (1996, 'university of memphis'), (1997, 'university of memphis'), (1998, 'university of memphis'), (1999, 'university of memphis'), (2001, 'university of memphis'), (2002, 'university of maryland college park'), (2005, 'university of maryland college park'), (2006, 'university of maryland college park'), (2007, 'university of maryland college park'), (2008, 'university of maryland college park'), (2010, 'university of maryland college park'), (2011, 'university of maryland college park'), (2012, 'university of maryland college park'), (2013, 'university of maryland college park'), (2014, 'university of maryland college park'), (2015, 'university of maryland college park'), (2016, 'university of maryland college park'), (2017, 'university of maryland college park'), (2018, 'university of maryland college park'), (2019, 'university of maryland college park'), (2020, 'university of maryland college park'), (2021, 'university of maryland college park'))
all_us_institutions_year : ((1993, 'university of illinois at urbana champaign'), (1996, 'university of memphis'), (1997, 'university of memphis'), (1998, 'university of memphis'), (1999, 'university of memphis'), (2001, 'university of memphis'), (2002, 'university of maryland college park'), (2005, 'university of maryland college park'), (2006, 'university of maryland college park'), (2007, 'university of maryland college park'), (2008, 'university of maryland college park'), (2010, 'university of maryland college park'), (2011, 'university of maryland college park'), (2012, 'university of maryland college park'), (2013, 'university of maryland college park'), (2014, 'university of maryland college park'), (2015, 'university of maryland college park'), (2016, 'university of maryland college park'), (2017, 'university of maryland college park'), (2018, 'university of maryland college park'), (2019, 'university of maryland college park'), (2020, 'university of maryland college park'), (2021, 'university of maryland college park'))

13/10 positive, 21/10 negative
Do these records refer to the same thing?
(y)es / (n)o / (u)nsure / (f)inished / (p)revious
firstname : gary
lastname : gaile
middlename : l
year_range : (1992,)
main_us_institutions_year : ((1992, 'university of colorado at boulder'),)
all_us_institutions_year : ((1992, 'university of colorado at boulder'),)

firstname : gary
lastname : gaile
middlename : l
year_range : (1983, 2010)
main_us_institutions_year : ((1983, 'university of connecticut'),)
all_us_institutions_year : ((1983, 'university of connecticut'), (1984, 'university of connecticut'), (2015, 'university of connecticut'))

13/10 positive, 22/10 negative
Do these records refer to the same thing?
(y)es / (n)o / (u)nsure / (f)inished / (p)revious
firstname : richard
lastname : walker
middlename : None
year_range : (1998,)
main_us_institutions_year : ((1998, 'university of california berkeley'),)
all_us_institutions_year : ((1998, 'university of california berkeley'),)

firstname : richard
lastname : walker
middlename : j
year_range : (1949, 2021)
main_us_institutions_year : ((1983, 'state university of new york system'), (1986, 'state university of new york system'), (1986, 'stony brook university'), (1987, 'national institute of standards and technology'), (1988, 'carnegie institution for science'), (1989, 'carnegie institution for science'), (1991, 'united states geological survey'), (1991, 'university of maryland college park'), (1992, 'united states geological survey'), (1992, 'university of maryland college park'), (1993, 'university of maryland college park'), (1994, 'university of maryland college park'), (1995, 'university of maryland college park'), (1996, 'university of maryland college park'), (1997, 'university of maryland college park'), (1998, 'university of maryland college park'), (1999, 'university of maryland college park'), (2000, 'university of maryland college park'), (2001, 'university of maryland college park'), (2002, 'university of maryland college park'), (2003, 'university of maryland college park'), (2004, 'university of maryland college park'), (2005, 'university of maryland college park'), (2006, 'university of maryland college park'), (2007, 'university of maryland college park'), (2008, 'university of maryland college park'), (2009, 'university of maryland college park'), (2010, 'university of maryland college park'), (2011, 'university of maryland college park'), (2012, 'university of maryland college park'), (2013, 'university of maryland college park'), (2014, 'university of maryland college park'), (2015, 'university of maryland college park'), (2016, 'university of maryland college park'), (2017, 'university of maryland college park'), (2018, 'university of maryland college park'), (2019, 'university of maryland college park'), (2020, 'university of maryland college park'), (2021, 'university of maryland college park'))
all_us_institutions_year : ((1983, 'state university of new york system'), (1986, 'state university of new york system'), (1986, 'stony brook university'), (1987, 'national institute of standards and technology'), (1988, 'carnegie institution for science'), (1989, 'carnegie institution for science'), (1989, 'state university of new york system'), (1989, 'united states geological survey'), (1991, 'united states geological survey'), (1991, 'university of maryland college park'), (1992, 'united states geological survey'), (1992, 'university of maryland college park'), (1993, 'university of maryland college park'), (1994, 'university of maryland college park'), (1995, 'university of maryland college park'), (1996, 'university of maryland college park'), (1997, 'university of maryland college park'), (1998, 'university of maryland college park'), (1999, 'university of maryland college park'), (2000, 'university of maryland college park'), (2001, 'university of maryland college park'), (2002, 'university of maryland college park'), (2003, 'university of maryland college park'), (2004, 'university of maryland college park'), (2005, 'university of maryland college park'), (2006, 'university of maryland college park'), (2007, 'university of maryland college park'), (2008, 'university of maryland college park'), (2009, 'university of maryland college park'), (2010, 'university of maryland college park'), (2011, 'university of maryland college park'), (2012, 'university of maryland college park'), (2013, 'university of maryland college park'), (2014, 'university of maryland college park'), (2015, 'university of maryland college park'), (2016, 'university of maryland college park'), (2017, 'university of maryland college park'), (2018, 'university of maryland college park'), (2019, 'university of maryland college park'), (2020, 'university of maryland college park'), (2021, 'university of maryland college park'))

13/10 positive, 23/10 negative
Do these records refer to the same thing?
(y)es / (n)o / (u)nsure / (f)inished / (p)revious
firstname : yehua
lastname : wei
middlename : dennis
year_range : (2014,)
main_us_institutions_year : ((2014, 'university of utah'),)
all_us_institutions_year : ((2014, 'university of utah'),)

firstname : y
lastname : wei
middlename : h dennis
year_range : (2013, 2016)
main_us_institutions_year : ((2013, 'university of utah'), (2014, 'university of utah'), (2016, 'university of utah'))
all_us_institutions_year : ((2013, 'university of utah'), (2014, 'university of utah'), (2016, 'university of utah'))

13/10 positive, 24/10 negative
Do these records refer to the same thing?
(y)es / (n)o / (u)nsure / (f)inished / (p)revious
firstname : yehua
lastname : wei
middlename : dennis
year_range : (2014,)
main_us_institutions_year : ((2014, 'university of utah'),)
all_us_institutions_year : ((2014, 'university of utah'),)

firstname : y
lastname : wei
middlename : h dennis
year_range : (2002, 2015)
main_us_institutions_year : ((2010, 'university of utah'), (2012, 'university of utah'), (2013, 'university of utah'), (2015, 'university of utah'))
all_us_institutions_year : ((2010, 'university of utah'), (2012, 'university of utah'), (2013, 'university of utah'), (2015, 'university of utah'))

14/10 positive, 24/10 negative
Do these records refer to the same thing?
(y)es / (n)o / (u)nsure / (f)inished / (p)revious
firstname : harold
lastname : es
middlename : mathijs van
year_range : (2010,)
main_us_institutions_year : ((2010, 'cornell university'),)
all_us_institutions_year : ((2010, 'cornell university'),)

firstname : harold
lastname : es
middlename : m van
year_range : (1988, 2020)
main_us_institutions_year : ((2000, 'cornell university'), (2002, 'cornell university'), (2006, 'cornell university'), (2008, 'cornell university'), (2016, 'cornell university'), (2017, 'cornell university'), (2018, 'cornell university'), (2019, 'cornell university'), (2020, 'cornell university'))
all_us_institutions_year : ((2000, 'cornell university'), (2002, 'cornell university'), (2006, 'cornell university'), (2008, 'cornell university'), (2016, 'cornell university'), (2017, 'cornell university'), (2018, 'cornell university'), (2019, 'cornell university'), (2020, 'cornell university'))

15/10 positive, 24/10 negative
Do these records refer to the same thing?
(y)es / (n)o / (u)nsure / (f)inished / (p)revious
firstname : timothy
lastname : deelen
middlename : van
year_range : (2009,)
main_us_institutions_year : ((2009, 'university of wisconsin madison'),)
all_us_institutions_year : ((2009, 'university of wisconsin madison'),)

firstname : t
lastname : deelen
middlename : r van
year_range : (2010, 2021)
main_us_institutions_year : ((2013, 'university of wisconsin madison'), (2018, 'university of wisconsin madison'), (2019, 'university of wisconsin madison'), (2021, 'university of wisconsin madison'))
all_us_institutions_year : ((2013, 'university of wisconsin madison'), (2018, 'university of wisconsin madison'), (2019, 'university of wisconsin madison'), (2021, 'university of wisconsin madison'))

16/10 positive, 24/10 negative
Do these records refer to the same thing?
(y)es / (n)o / (u)nsure / (f)inished / (p)revious
firstname : h
lastname : shen
middlename : t
year_range : (2000,)
main_us_institutions_year : ((2000, 'clarkson university'),)
all_us_institutions_year : ((2000, 'clarkson university'),)

firstname : hayley
lastname : shen
middlename : h
year_range : (1975, 2020)
main_us_institutions_year : ((1982, 'clarkson college'), (1983, 'clarkson college'), (1984, 'clarkson college'), (1986, 'clarkson university'), (1988, 'clarkson university'), (1989, 'clarkson university'), (1990, 'clarkson university'), (1991, 'clarkson university'), (1992, 'clarkson university'), (1993, 'clarkson university'), (1996, 'clarkson university'), (2001, 'clarkson university'), (2002, 'clarkson university'), (2004, 'clarkson university'), (2006, 'clarkson university'), (2009, 'clarkson university'), (2010, 'clarkson university'), (2011, 'clarkson university'), (2012, 'clarkson university'), (2013, 'clarkson university'), (2014, 'clarkson university'), (2015, 'clarkson university'), (2016, 'clarkson university'), (2017, 'clarkson university'), (2018, 'clarkson university'), (2019, 'clarkson university'), (2020, 'clarkson university'))
all_us_institutions_year : ((1982, 'clarkson college'), (1983, 'clarkson college'), (1984, 'clarkson college'), (1986, 'clarkson university'), (1988, 'clarkson university'), (1989, 'clarkson university'), (1990, 'clarkson university'), (1991, 'clarkson university'), (1992, 'clarkson university'), (1993, 'clarkson university'), (1996, 'clarkson university'), (1997, 'clarkson university'), (1998, 'clarkson university'), (2001, 'clarkson university'), (2002, 'clarkson university'), (2004, 'clarkson university'), (2005, 'clarkson university'), (2006, 'clarkson university'), (2009, 'clarkson university'), (2010, 'clarkson university'), (2011, 'clarkson university'), (2012, 'clarkson university'), (2013, 'clarkson university'), (2014, 'clarkson university'), (2015, 'clarkson university'), (2016, 'clarkson university'), (2017, 'clarkson university'), (2018, 'clarkson university'), (2019, 'clarkson university'), (2020, 'clarkson university'))

17/10 positive, 24/10 negative
Do these records refer to the same thing?
(y)es / (n)o / (u)nsure / (f)inished / (p)revious
firstname : john
lastname : bolte
middlename : p
year_range : (2003,)
main_us_institutions_year : ((2003, 'oregon state university'),)
all_us_institutions_year : ((2003, 'oregon state university'),)

firstname : john
lastname : bolte
middlename : h
year_range : (2000, 2021)
main_us_institutions_year : ((2000, 'ohio state university'), (2003, 'ohio state university'), (2005, 'ohio state university'), (2007, 'ohio state university'), (2010, 'ohio state university'), (2011, 'ohio state university'), (2012, 'ohio state university'), (2013, 'ohio state university'), (2014, 'ohio state university'), (2015, 'ohio state university'), (2016, 'ohio state university'), (2017, 'ohio state university'), (2018, 'ohio state university'), (2019, 'ohio state university'), (2020, 'ohio state university'), (2021, 'ohio state university'))
all_us_institutions_year : ((2000, 'ohio state university'), (2003, 'ohio state university'), (2004, 'ohio state university'), (2005, 'ohio state university'), (2006, 'ohio state university'), (2007, 'ohio state university'), (2010, 'ohio state university'), (2011, 'ohio state university'), (2012, 'ohio state university'), (2013, 'ohio state university'), (2014, 'ohio state university'), (2015, 'ohio state university'), (2016, 'ohio state university'), (2017, 'ohio state university'), (2018, 'ohio state university'), (2019, 'ohio state university'), (2020, 'ohio state university'), (2021, 'ohio state university'))

18/10 positive, 24/10 negative
Do these records refer to the same thing?
(y)es / (n)o / (u)nsure / (f)inished / (p)revious
firstname : james
lastname : huff
middlename : o
year_range : (2001,)
main_us_institutions_year : ((2001, 'university of colorado at boulder'),)
all_us_institutions_year : ((2001, 'university of colorado at boulder'),)

firstname : j
lastname : huffman
middlename : a
year_range : (2000, 2017)
main_us_institutions_year : ((2006, 'university of colorado boulder'), (2009, 'university of colorado boulder'), (2011, 'cooperative institute for research in environmental sciences'), (2011, 'university of colorado boulder'), (2014, 'university of denver'), (2015, 'university of denver'), (2016, 'university of denver'), (2017, 'university of denver'))
all_us_institutions_year : ((2006, 'university of colorado boulder'), (2009, 'cooperative institute for research in environmental sciences'), (2009, 'university of colorado boulder'), (2011, 'cooperative institute for research in environmental sciences'), (2011, 'university of colorado boulder'), (2013, 'university of denver'), (2014, 'university of denver'), (2015, 'university of denver'), (2016, 'university of denver'), (2017, 'university of denver'))

18/10 positive, 25/10 negative
Do these records refer to the same thing?
(y)es / (n)o / (u)nsure / (f)inished / (p)revious
firstname : lucas
lastname : silva
middlename : c r
year_range : (2015,)
main_us_institutions_year : ((2015, 'university of california davis'),)
all_us_institutions_year : ((2015, 'university of california davis'),)

firstname : l
lastname : silva
middlename : o
year_range : (1998, 2021)
main_us_institutions_year : ((1999, 'university of california los angeles'), (2000, 'university of california los angeles'))
all_us_institutions_year : ((1999, 'university of california los angeles'), (2000, 'university of california los angeles'))

18/10 positive, 26/10 negative
Do these records refer to the same thing?
(y)es / (n)o / (u)nsure / (f)inished / (p)revious
firstname : j
lastname : scott
middlename : michael
year_range : (2003,)
main_us_institutions_year : ((2003, 'university of idaho'),)
all_us_institutions_year : ((2003, 'university of idaho'),)

firstname : j
lastname : scott
middlename : m
year_range : (1980, 1991)
main_us_institutions_year : ((1980, 'united states fish and wildlife service'), (1990, 'united states fish and wildlife service'), (1991, 'united states fish and wildlife service'))
all_us_institutions_year : ((1980, 'united states fish and wildlife service'), (1990, 'united states fish and wildlife service'), (1991, 'united states fish and wildlife service'))

18/10 positive, 27/10 negative
Do these records refer to the same thing?
(y)es / (n)o / (u)nsure / (f)inished / (p)revious
(y)es / (n)o / (u)nsure / (f)inished / (p)revious
firstname : thomas
lastname : spies
middlename : a
year_range : (1995,)
main_us_institutions_year : ((1995, 'oregon state university'),)
all_us_institutions_year : ((1995, 'oregon state university'),)

firstname : thomas
lastname : spies
middlename : a
year_range : (1985, 2019)
main_us_institutions_year : ((2004, 'united states department of agriculture'), (2006, 'united states department of agriculture'), (2007, 'united states department of agriculture'), (2008, 'united states department of agriculture'), (2010, 'united states department of agriculture'), (2011, 'united states department of agriculture'), (2012, 'united states department of agriculture'), (2013, 'united states department of agriculture'), (2015, 'united states department of agriculture'), (2016, 'united states department of agriculture'), (2019, 'united states department of agriculture'))
all_us_institutions_year : ((2004, 'united states department of agriculture'), (2006, 'united states department of agriculture'), (2007, 'united states department of agriculture'), (2008, 'united states department of agriculture'), (2010, 'united states department of agriculture'), (2011, 'united states department of agriculture'), (2012, 'united states department of agriculture'), (2013, 'united states department of agriculture'), (2015, 'united states department of agriculture'), (2016, 'united states department of agriculture'), (2019, 'united states department of agriculture'))

18/10 positive, 28/10 negative
Do these records refer to the same thing?
(y)es / (n)o / (u)nsure / (f)inished / (p)revious
firstname : robbie
lastname : cox
middlename : None
year_range : (2010,)
main_us_institutions_year : ((2010, 'university of north carolina at chapel hill'),)
all_us_institutions_year : ((2010, 'university of north carolina at chapel hill'),)

firstname : d
lastname : cox
middlename : r
year_range : (1949, 2021)
main_us_institutions_year : ((1956, 'university of north carolina at chapel hill'), (1957, 'university of north carolina at chapel hill'), (1966, 'bell labs'), (1972, 'bell labs'), (1973, 'bell labs'), (1975, 'bell labs'), (1976, 'bell labs'), (1980, 'bell labs'), (1981, 'bell labs'), (1982, 'bell labs'))
all_us_institutions_year : ((1956, 'university of north carolina at chapel hill'), (1957, 'university of north carolina at chapel hill'), (1966, 'bell labs'), (1972, 'bell labs'), (1973, 'bell labs'), (1974, 'bell labs'), (1975, 'bell labs'), (1976, 'bell labs'), (1977, 'bell labs'), (1979, 'bell labs'), (1980, 'bell labs'), (1981, 'bell labs'), (1982, 'bell labs'), (1983, 'bell labs'), (2019, 'boston children s hospital'), (2020, 'baptist health'))

18/10 positive, 29/10 negative
Do these records refer to the same thing?
(y)es / (n)o / (u)nsure / (f)inished / (p)revious
firstname : lena
lastname : ma
middlename : q
year_range : (2006,)
main_us_institutions_year : ((2006, 'university of florida'),)
all_us_institutions_year : ((2006, 'university of florida'),)

firstname : lu
lastname : ma
middlename : None
year_range : (2010, 2020)
main_us_institutions_year : ((2010, 'university of florida'),)
all_us_institutions_year : ((2010, 'university of florida'),)

18/10 positive, 30/10 negative
Do these records refer to the same thing?
(y)es / (n)o / (u)nsure / (f)inished / (p)revious
Finished labeling
Done in 763.3881731112798 minutes.
