Namespace(testing=False, verbose=1, field=['mathematics'], train_name='christoph_degree0', startyear=1985, endyear=2015, loadstartyear=1985, loadendyear=2015, mergemode='1:1', recall=0.9, institution='False', fieldofstudy_cat='False', fieldofstudy_str='False', keywords='True', retrain='True', linking_type='graduates', samplesize=50000, write_to='database')
Have max 12 cores available
Testing is False 

I set the write connection to the main database.
id_field is [33923547] and will be passed to sql queries.
finished setup ... 
Time elapsed: 0.0004127065340677897 minutes 


    SELECT goid
            , year
            , firstname 
            , lastname
            , CASE TRIM(SUBSTR(middle_lastname, 1, l_fullname-l_firstname-l_lastname - 1)) 
                WHEN 
                    "" THEN NULL 
                    ELSE TRIM(SUBSTR(middle_lastname, 1, l_fullname-l_firstname-l_lastname - 1)) 
                END AS middlename
            , fieldofstudy
            , keywords
            , institution
            , coauthors
            , year_papertitle
    FROM (
        SELECT goid
            , degree_year AS year 
            , fullname 
            , SUBSTR(TRIM(fullname),1,instr(trim(fullname)||' ',' ')-1) AS firstname
            , REPLACE(fullname, RTRIM(fullname, REPLACE(fullname, " ", "")), "") AS lastname 
            , TRIM(SUBSTR(fullname, length(SUBSTR(TRIM(fullname),1,instr(trim(fullname)||' ',' ')-1)) + 1)) AS middle_lastname 
            , length(fullname) AS l_fullname 
            , length(SUBSTR(TRIM(fullname),1,instr(trim(fullname)||' ',' ')-1) ) AS l_firstname
            , length(REPLACE(fullname, RTRIM(fullname, REPLACE(fullname, " ", "")), "")) AS l_lastname
            , fieldname AS fieldofstudy
            , university_id
            , degree_year || "//" || thesistitle as year_papertitle 
        FROM pq_authors 
        INNER JOIN (
            SELECT goid, fieldname 
            FROM pq_fields_mag
            WHERE mag_field0 IN (?)
        ) USING (goid)
    )
    -- ## NOTE: use left join here as not all graduates have advisor (particularly pre-1980) and possibly also keywords
    LEFT JOIN (
        SELECT goid
            , fields as keywords
            , advisors as coauthors
        FROm pq_info_linking
    ) USING(goid)
    INNER JOIN (
        SELECT university_id, normalizedname as institution
        FROM pq_unis
        WHERE location like "%United States%"
    ) USING(university_id)
    WHERE year >= 1985 and year <= 2015 AND length(firstname) > 1
     


    SELECT f.AuthorId
        , f.year
        , f.firstname
        , f.lastname
        , CASE TRIM(SUBSTR(f.middle_lastname, 1, f.l_fullname - f.l_firstname - f.l_lastname - 1)) 
            WHEN 
                "" THEN NULL 
                ELSE TRIM(SUBSTR(f.middle_lastname, 1, f.l_fullname - f.l_firstname - f.l_lastname - 1)) 
            END as middlename 
            -- ## NOTE this gives "" for middlename when it is missing 
        , f.fieldofstudy
        , g.keywords
        , g.coauthors
        , g.institution
        , g.year_papertitle
    FROM (
        SELECT a.AuthorId
            , a.YearFirstPub AS year
            , a.FirstName AS firstname
            , REPLACE(b.NormalizedName, RTRIM(b.NormalizedName, REPLACE(b.NormalizedName, " ", "")), "") AS lastname 
                    -- https://stackoverflow.com/questions/21388820/how-to-get-the-last-index-of-a-substring-in-sqlite
            , TRIM(SUBSTR(b.NormalizedName, length(a.FirstName) + 1)) AS middle_lastname 
                    -- this gives all except the first name 
            , length(b.NormalizedName) as l_fullname 
            , length(a.FirstName) as l_firstname
            , length(REPLACE(b.NormalizedName, RTRIM(b.NormalizedName, REPLACE(b.NormalizedName, " ", "")), "")) as l_lastname
            , e.NormalizedName AS fieldofstudy
        FROM author_sample AS a
        INNER JOIN (
            SELECT AuthorId, NormalizedName
            FROM Authors
        ) AS b USING(AuthorId)
        INNER JOIN (
            SELECT AuthorId
            FROM author_field0
            WHERE FieldOfStudyId_lvl0 IN (?)
                AND Degree <= 0
        ) USING(AuthorId)
        LEFT JOIN (
            SELECT AuthorId, NormalizedName
            FROM author_fields c
            INNER JOIN (
                SELECT FieldOfStudyId, NormalizedName
                FROM FieldsOfStudy
            ) AS d USING(FieldOfStudyId)
            -- ## Condition on fieldofstudy being in the level 0 id_field
            INNER JOIN (
                SELECT ParentFieldOfStudyId, ChildFieldOfStudyId
                FROM crosswalk_fields
                WHERE ParentLevel = 0
                    AND ParentFieldOfStudyId IN (?)
            ) AS e ON (e.ChildFieldOfStudyId = c.FieldOfStudyId)
            WHERE FieldClass = 'first'
        ) AS e USING(AuthorId)
    ) f
    LEFT JOIN (
        SELECT AuthorId
                , institutions as institution
                , main_us_institutions_career
                , coauthors
                , keywords
                , year_papertitle
        FROM author_info_linking
    ) AS g USING(AuthorId)
    WHERE length(firstname) > 1 AND year >= 1985 - 5 AND year <= 2015 + 5 
        -- ## use this to condition on people that have at least at some point their main affiliation in the US
        AND g.main_us_institutions_career IS NOT NULL
        AND g.institution != "chinese academy of sciences"
     

INFO:dedupe.canopy_index:Removing stop word an
INFO:dedupe.canopy_index:Removing stop word an
INFO:dedupe.canopy_index:Removing stop word ng
INFO:dedupe.canopy_index:Removing stop word sh
INFO:dedupe.canopy_index:Removing stop word un
INFO:dedupe.canopy_index:Removing stop word ia
INFO:dedupe.canopy_index:Removing stop word ch
INFO:dedupe.canopy_index:Removing stop word on
INFO:dedupe.canopy_index:Removing stop word in
INFO:dedupe.canopy_index:Removing stop word ar
INFO:dedupe.canopy_index:Removing stop word el
INFO:dedupe.canopy_index:Removing stop word ri
INFO:dedupe.canopy_index:Removing stop word re
INFO:dedupe.canopy_index:Removing stop word er
INFO:dedupe.canopy_index:Removing stop word ne
INFO:dedupe.canopy_index:Removing stop word en
INFO:dedupe.canopy_index:Removing stop word le
INFO:dedupe.canopy_index:Removing stop word on
INFO:dedupe.canopy_index:Removing stop word ro
INFO:dedupe.canopy_index:Removing stop word li
INFO:dedupe.canopy_index:Removing stop word al
INFO:dedupe.canopy_index:Removing stop word ma
INFO:dedupe.canopy_index:Removing stop word ha
INFO:dedupe.canopy_index:Removing stop word in
INFO:dedupe.canopy_index:Removing stop word as
INFO:dedupe.canopy_index:Removing stop word ch
INFO:dedupe.canopy_index:Removing stop word ra
INFO:dedupe.canopy_index:Removing stop word en
INFO:dedupe.canopy_index:Removing stop word ha
INFO:dedupe.canopy_index:Removing stop word an
INFO:dedupe.canopy_index:Removing stop word la
INFO:dedupe.training:Final predicate set:
INFO:dedupe.training:TfidfNGramSearchPredicate: (0.8, lastname)
Time elapsed: 36.38388505776723 minutes 

Starting active labeling...
firstname : jennifer
lastname : kensler
middlename : l k
year : 2013
year_papertitle : ((2013, 'a tutorial on the planning of experiments'), (2014, 'a practitioner s guide to analyzing reliability experiments with random blocks and subsampling'), (2015, 'analysis of reliability experiments with random blocks and subsampling'), (2015, 'some extensions in continuous models for immunological correlates of protection'), (2018, 'analysis of split plot reliability experiments with subsampling'))
keywords : frozenset({'management science', 'data mining', 'reliability engineering', 'mathematical optimization', 'statistics', 'toxicology'})

firstname : jennifer
lastname : kensler
middlename : l k
year : 2012
year_papertitle : ((2012, 'analysis of reliability experiments with random blocks and subsampling'),)
keywords : frozenset({'statistics'})

0/10 positive, 0/10 negative
Do these records refer to the same thing?
(y)es / (n)o / (u)nsure / (f)inished
firstname : mohammad
lastname : rahbar
middlename : h
year : 1990
year_papertitle : ((1990, 'sequential estimarion of functionals of the survival curve under random censorship'), (1992, 'electrophysiological correlates of dyslexic subtypes'), (1993, 'the effects of age and gender on reading achievement implications for pediatric counseling'), (1994, 'prevalence of reading failure in boys compared with girls'), (1995, 'nonparametric estimation of regression parameters from censored data with a discrete covariate'), (1995, 'sequential fixed width confidence intervals for regression parameters from censored data with a discrete covariate'), (1996, 'is there an association between season of birth and reading disability'))
keywords : frozenset({'cognitive psychology', 'applied mathematics', 'developmental psychology', 'pediatrics', 'statistics', 'demography'})

firstname : mohammad
lastname : rahbar
middlename : hossein
year : 1988
year_papertitle : ((1988, 'sequential estimation of functionals of the survival curve under random censorship with applications in m estimation'),)
keywords : frozenset({'statistics'})

1/10 positive, 0/10 negative
Do these records refer to the same thing?
(y)es / (n)o / (u)nsure / (f)inished / (p)revious
INFO:dedupe.training:Final predicate set:
INFO:dedupe.training:TfidfNGramSearchPredicate: (0.8, lastname)
INFO:dedupe.training:SimplePredicate: (firstTwoTokensPredicate, middlename)
firstname : deepak
lastname : ayyala
middlename : nag
year : 2017
year_papertitle : ((2017, 'mean vector testing for high dimensional dependent observations'), (2019, '27 translumbosacral neuromodulation therapy for fecal incontinence randomized dose response trial'), (2019, '786 home biofeedback therapy with novel device versus office biofeedback therapy for fecal incontinence randomized controlled study'), (2019, 'prevalence and clinical characteristics associated with left atrial thrombus detection apixaban'), (2019, 'sa1652 towards an optimal tool for assessment of fecal incontinence fi severity and therapeutic responsiveness'), (2020, '406 barostat assisted sensory adaptation training for ibs and rectal hypersensitivity randomized controlled trial'), (2020, 'high dimensional statistical inference theoretical development to data analytics'), (2020, 'randomised clinical trial linaclotide vs placebo a study of bi directional gut and brain axis'), (2021, 'translumbosacral neuromodulation therapy for fecal incontinence a randomized frequency response trial'))
keywords : frozenset({'data science', 'anesthesia', 'physical therapy', 'applied mathematics', 'urology', 'cardiology', 'internal medicine', 'statistics', 'physical medicine and rehabilitation', 'gastroenterology'})

firstname : deepak
lastname : ayyala
middlename : nag
year : 2013
year_papertitle : ((2013, 'high dimensional time series mean vector testing and testing for autocorrelation matrices'),)
keywords : frozenset({'statistics'})

2/10 positive, 0/10 negative
Do these records refer to the same thing?
(y)es / (n)o / (u)nsure / (f)inished / (p)revious
INFO:dedupe.training:Final predicate set:
INFO:dedupe.training:TfidfNGramSearchPredicate: (0.8, lastname)
INFO:dedupe.training:SimplePredicate: (commonSixGram, lastname)
firstname : mark
lastname : lance
middlename : norris
year : 1990
year_papertitle : ((1990, 'from a normative point of view'), (1991, 'probabilistic dependence among conditionals'), (1994, 'the logical structure of linguistic commitment ii systems of relevant commitment entailment'), (1995, 'subjective probability and acceptance'), (1996, 'quantification substitution and conceptual content'), (1997, 'naturalism and meaning talk'), (1997, 'robust meaning theories and canonical dispositions'), (1997, 'the place of meaning talk in socio linguistic practice'), (1997, 'the significance of anaphoric theories of truth and reference'))
keywords : frozenset({'linguistics', 'epistemology', 'mathematical economics'})

firstname : mark
lastname : lance
middlename : norris
year : 1988
year_papertitle : ((1988, 'normative inferential vocabulary the explicitation of social linguistic practice'),)
keywords : frozenset({'linguistics', 'mathematics', 'philosophy'})

3/10 positive, 0/10 negative
Do these records refer to the same thing?
(y)es / (n)o / (u)nsure / (f)inished / (p)revious
firstname : xuerong
lastname : wen
middlename : meggie
year : 2007
year_papertitle : ((2007, 'a note on sufficient dimension reduction'), (2009, 'a minimum discrepancy approach to multivariate dimension reduction via k means inverse regression'), (2009, 'new approaches to model free dimension reduction for bivariate regression'), (2010, 'on sufficient dimension reduction for proportional censorship model with covariates'), (2012, 'on model free conditional coordinate tests for regressions'), (2013, 'on partial sufficient dimension reduction with applications to partially linear multi index models'), (2013, 'semiparametric inference with correlated recurrence time data'))
keywords : frozenset({'mathematical optimization', 'econometrics', 'statistics'})

firstname : xuerong
lastname : wen
middlename : meggie
year : 2005
year_papertitle : ((2005, 'dimension reduction for regressions with categorical variables'),)
keywords : frozenset({'statistics'})

4/10 positive, 0/10 negative
Do these records refer to the same thing?
(y)es / (n)o / (u)nsure / (f)inished / (p)revious
INFO:dedupe.training:Final predicate set:
INFO:dedupe.training:TfidfNGramSearchPredicate: (0.8, lastname)
INFO:dedupe.training:SimplePredicate: (commonSixGram, lastname)
INFO:dedupe.training:SimplePredicate: (commonSixGram, middlename)
firstname : jong
lastname : lee
middlename : w
year : 2012
year_papertitle : ((2012, 'human seizures self terminate across spatial scales via a critical transition'), (2015, 'new onset refractory status epilepticus etiology clinical features and outcome'), (2016, 'sensitivity of quantitative eeg for seizure identification in the intensive care unit'), (2018, 'combination of clinical exam mri and eeg to predict outcome following cardiac arrest and targeted temperature management'), (2018, 'estimating the false positive rate of absent somatosensory evoked potentials in cardiac arrest prognostication'), (2018, 'randomized trial of lacosamide versus fosphenytoin for nonconvulsive seizures'), (2018, 's20 eeg features of nonconvulsive seizures in critically ill patients findings from the trends trial'), (2018, 'standardisierter computer basiert organisierter report des eeg score eine strukturierende form der eeg befundung'), (2019, 'comparison of machine learning models for seizure prediction in hospitalized patients'), (2019, 'quantitative electroencephalogram trends predict recovery in hypoxic ischemic encephalopathy'))
keywords : frozenset({'surgery', 'medical physics', 'neuroscience', 'anesthesia', 'artificial intelligence', 'audiology', 'cardiology', 'pediatrics', 'psychiatry', 'internal medicine', 'machine learning'})

firstname : jong
lastname : lee
middlename : ho
year : 2011
year_papertitle : ((2011, 'domain decomposition methods for reissner mindlin plates discretized with the falk tu elements'),)
keywords : frozenset({'applied mathematics'})

5/10 positive, 0/10 negative
Do these records refer to the same thing?
(y)es / (n)o / (u)nsure / (f)inished / (p)revious
firstname : ricky
lastname : liu
middlename : ini
year : 2010
year_papertitle : ((2010, 'an algorithmic littlewood richardson rule'), (2010, 'specht modules and schubert varieties for general diagrams'), (2011, 'matrices with restricted entries and q analogues of permutations'), (2011, 'matrices with restricted entries and q analogues of permutations extended abstract'), (2012, 'matching polytopes and specht modules'), (2013, 'nonconvexity of the set of hypergraph degree sequences'), (2014, 'coefficients of a relative of cyclotomic polynomials'), (2014, 'laurent polynomials eulerian numbers and bernstein s theorem'), (2015, 'positive expressions for skew divided difference operators'), (2016, 'complete branching rules for specht modules'))
keywords : frozenset({'discrete mathematics', 'pure mathematics', 'combinatorics'})

firstname : ricky
lastname : liu
middlename : ini
year : 2010
year_papertitle : ((2010, 'specht modules and schubert varieties for general diagrams'),)
keywords : frozenset({'mathematics'})

5/10 positive, 1/10 negative
Do these records refer to the same thing?
(y)es / (n)o / (u)nsure / (f)inished / (p)revious
firstname : libin
lastname : rong
middlename : None
year : 2003
year_papertitle : ((2003, 'delay independent stability analysis of cohen grossberg neural networks'), (2003, 'global convergence of delayed neural network systems'), (2004, 'robust global exponential stability of cohen grossberg neural networks with time delays'), (2005, 'lmi based criteria for robust stability of cohen grossberg neural networks with delay'), (2007, 'emergence of hiv 1 drug resistance during antiretroviral treatment'), (2007, 'mathematical analysis of age structured hiv 1 dynamics with combination antiretroviral therapy'), (2007, 'modeling within host hiv 1 dynamics and the evolution of drug resistance trade offs between viral enzyme function and drug susceptibility'), (2008, 'dynamics of an age structured metapopulation model'), (2008, 'the prevalence of the pre existing hepatitis c viral variants and the evolution of drug resistance in patients treated with the ns3 4a serine protease inhibitor telaprevir'), (2008, 'viral persistence latent reservoir and blips a review on hiv 1 dynamics and modeling during haart and related treatment implications'))
keywords : frozenset({'bioinformatics', 'applied mathematics', 'virology', 'ecology', 'immunology', 'control theory'})

firstname : libin
lastname : rong
middlename : None
year : 2007
year_papertitle : ((2007, 'mathematical modeling of hiv 1 infection and drug therapy'),)
keywords : frozenset({'mathematics', 'virology'})

6/10 positive, 1/10 negative
Do these records refer to the same thing?
(y)es / (n)o / (u)nsure / (f)inished / (p)revious
INFO:dedupe.training:Final predicate set:
INFO:dedupe.training:SimplePredicate: (twoGramFingerprint, middlename)
INFO:dedupe.training:TfidfNGramSearchPredicate: (0.8, lastname)
INFO:dedupe.training:SimplePredicate: (commonSixGram, lastname)
firstname : bing
lastname : han
middlename : None
year : 2010
year_papertitle : ((2010, 'children on the homefront the experience of children from military families'), (2010, 'detection of radioactive material entering national ports a bayesian approach to radiation portal data'), (2010, 'marijuana use and high school dropout the influence of unobservables'), (2011, 'views from the homefront how military youth and spouses are coping with deployment'), (2011, 'views from the homefront the experiences of youth and spouses from military families'), (2012, 'a bernstein type estimator for decreasing density with application to p value adjustments'), (2012, 'a mixed method approach to understanding the experiences of non deployed military caregivers'), (2012, 'neighborhood poverty park use and park based physical activity in a southern california city'), (2012, 'simultaneous one sided tests with application to education evaluation systems'), (2012, 'teacher effect estimates and decision rules for establishing student teacher linkages what are the implications for high stakes personnel policies in an urban school district'))
keywords : frozenset({'applied psychology', 'database', 'socioeconomics', 'clinical psychology', 'data mining', 'environmental health', 'developmental psychology', 'psychiatry', 'mathematics education', 'statistics', 'demography', 'econometrics'})

firstname : bing
lastname : han
middlename : None
year : 2007
year_papertitle : ((2007, 'a bayesian approach to false discovery rate for large scale simultaneous inference'),)
keywords : frozenset({'statistics'})

7/10 positive, 1/10 negative
Do these records refer to the same thing?
(y)es / (n)o / (u)nsure / (f)inished / (p)revious
INFO:dedupe.training:Final predicate set:
INFO:dedupe.training:SimplePredicate: (sameSevenCharStartPredicate, lastname)
firstname : wei
lastname : liu
middlename : None
year : 2005
year_papertitle : ((2005, 'electrodeposited nickel cobalt composite coating containing nano sized si3n4'), (2006, 'electrodeposition and characterization of ni co carbon nanotubes composite coatings'), (2008, 'analytical and experimental investigation of fatigue crack propagation for polyethylene methacrylate'), (2008, 'steady ratcheting strains accumulation in varying temperature fatigue tests of pmma'), (2010, 'dynamic reliability evaluation of pressure pulsation for hydraulic power pipelines'), (2010, 'dynamic reliability of aircraft hydraulic pipelines under random pressure pulsation and vibration'), (2010, 'experiment and simulation study on the creep behavior of pmma at different temperatures'), (2010, 'feature extraction and classification based on bispectrum for underwater targets'), (2010, 'pressure pulsation analysis of aircraft hydraulic power pipelines system'), (2011, 'interlaminar shear property of z pins reinforced woven ceramic matrix composites'))
keywords : frozenset({'composite material', 'mechanics', 'artificial intelligence', 'metallurgy', 'electronic engineering', 'structural engineering', 'pattern recognition', 'control theory'})

firstname : wei
lastname : li
middlename : None
year : 2012
year_papertitle : ((2012, 'experimental benchmarking of surface textured lip seal models'),)
keywords : frozenset({'mechanical engineering', 'mechanics', 'applied mathematics'})

7/10 positive, 1/10 negative
Do these records refer to the same thing?
(y)es / (n)o / (u)nsure / (f)inished / (p)revious
firstname : vladimir
lastname : pozdnyakov
middlename : None
year : 2002
year_papertitle : ((2002, 'convexity bias in the pricing of eurodollar swaps'), (2003, 'a note on functional clt for truncated sums'), (2004, 'on the functional clt for partial sums of truncated bounded from below random variables'), (2004, 'on the martingale framework for futures prices'), (2005, 'a martingale approach to scan statistics'), (2005, 'a repeated significance test for distributions with heavy tails'), (2006, 'gambling teams and waiting times for patterns in two state markov chains'), (2006, 'waiting times for patterns and a method of gambling teams'), (2007, 'a nonparametric repeated significance test with adaptive target sample size'), (2008, 'a note on occurrence of gapped patterns in i i d sequences'))
keywords : frozenset({'combinatorics', 'operations management', 'mathematical optimization', 'actuarial science', 'statistics', 'econometrics', 'algorithm', 'mathematical economics'})

firstname : vladimir
lastname : pozdynyakov
middlename : i
year : 2001
year_papertitle : ((2001, 'heath jarrow morton model and its application'),)
keywords : frozenset({'statistics', 'mathematics'})

7/10 positive, 2/10 negative
Do these records refer to the same thing?
(y)es / (n)o / (u)nsure / (f)inished / (p)revious
firstname : rafael
lastname : dleon
middlename : s gonzalez
year : 2010
year_papertitle : ((2010, 'on the half plane property and the tutte group of a matroid'), (2013, 'on the poset of weighted partitions'), (2016, 'on the co homology of the poset of weighted partitions'), (2016, 'on the free lie algebra with multiple brackets'))
keywords : frozenset({'discrete mathematics', 'combinatorics'})

firstname : rafael
lastname : leon
middlename : s gonzalez d
year : 2014
year_papertitle : ((2014, 'on the combinatorics of the free lie algebra with multiple brackets'),)
keywords : frozenset({'mathematics'})

8/10 positive, 2/10 negative
Do these records refer to the same thing?
(y)es / (n)o / (u)nsure / (f)inished / (p)revious
INFO:dedupe.training:Final predicate set:
INFO:dedupe.training:SimplePredicate: (sameSevenCharStartPredicate, lastname)
INFO:dedupe.training:SimplePredicate: (commonSixGram, lastname)
firstname : jian
lastname : zhan
middlename : None
year : 2010
year_papertitle : ((2010, 'develop reusable and combinable designs for transcriptional logic gates'), (2011, 'community wide assessment of protein interface modeling suggests improvements to design methodology'), (2012, 'a new size independent score for pairwise protein structure alignment and its application to structure classification and nucleic acid binding prediction'), (2013, 'energy functions in de novo protein design current challenges and future prospects'), (2014, 'direct prediction of profiles of sequences compatible with a protein structure by neural networks with fragment based local and energy based nonlocal profiles'), (2016, 'investigation the possibility of using peptides with a helical repeating pattern of hydro phobic and hydrophilic residues to inhibit il 10'), (2016, 'optimal secretion of alkali tolerant xylanase in bacillus subtilis by signal peptide screening'), (2016, 'spot ligand fast and effective structure based virtual screening by binding homology search according to ligand and receptor similarity'), (2017, 'genome scale characterization of rna tertiary structures and their functional impact by rna solvent accessibility prediction'), (2017, 'real time reliable determination of binding kinetics of dna hybridization using a multi channel graphene biosensor'))
keywords : frozenset({'combinatorial chemistry', 'artificial intelligence', 'machine learning', 'genetics', 'molecular biology', 'crystallography', 'biochemistry', 'algorithm', 'nanotechnology', 'biological system', 'computational biology', 'computer architecture'})

firstname : jian
lastname : zhang
middlename : None
year : 1993
year_papertitle : ((1993, 'statistical significance publication bias its determination and statistical adjustments in meta analysis'),)
keywords : frozenset({'statistics', 'educational evaluation'})

9/10 positive, 2/10 negative
Do these records refer to the same thing?
(y)es / (n)o / (u)nsure / (f)inished / (p)revious
INFO:dedupe.training:Final predicate set:
INFO:dedupe.training:SimplePredicate: (sameSevenCharStartPredicate, lastname)
INFO:dedupe.training:SimplePredicate: (firstTwoTokensPredicate, middlename)
INFO:dedupe.training:SimplePredicate: (commonSixGram, lastname)
firstname : andrew
lastname : crabb
middlename : None
year : 1996
year_papertitle : ((1996, 'dual multiresolution hyperslice for multivariate data visualization'), (2001, 'human sup 123 i 5 i a 85380 dynamic spect studies in normals kinetic analysis and parametric imaging'), (2002, 'automatic processing of multimodality data for functional pet analysis'), (2002, 'evaluation of antihistamine drugs by human sup 11 c doxepin dynamic pet studies with a parametric image approach'))
keywords : frozenset({'data mining', 'nuclear medicine', 'nuclear magnetic resonance', 'database'})

firstname : andrew
lastname : crabbe
middlename : None
year : 2008
year_papertitle : ((2008, 'hilbert samuel polynomials and building indecomposable modules'),)
keywords : frozenset({'mathematics'})

9/10 positive, 3/10 negative
Do these records refer to the same thing?
(y)es / (n)o / (u)nsure / (f)inished / (p)revious
firstname : yue
lastname : wang
middlename : None
year : 2005
year_papertitle : ((2005, 'enlargement of complete two dimensional band gap by using photonic crystal heterostructure'), (2009, 'a robust and energy efficient cooperative spectrum sensing scheme in cognitive radio networks'), (2009, 'optimization of parameters for spectrum sensing in cognitive radios'), (2009, 'polarization spectrum sensing scheme for cognitive radios'), (2010, 'a two step compressed spectrum sensing scheme for wideband cognitive radios'), (2010, 'virtual polarization detection a vector signal sensing method for cognitive radios'), (2011, 'cooperative spectrum sensing based on matrix rank minimization'), (2012, 'collecting detection diversity and complexity gains in cooperative spectrum sensing'), (2012, 'performance analysis of generalized block diagonal structured random matrices in compressive sensing'), (2012, 'sparsity order estimation and its application in compressive spectrum sensing for cognitive radios'))
keywords : frozenset({'computer engineering', 'real time computing', 'artificial intelligence', 'mathematical optimization', 'telecommunications', 'condensed matter physics', 'computer network', 'electronic engineering', 'algorithm', 'machine learning'})

firstname : yue
lastname : wu
middlename : None
year : 2012
year_papertitle : ((2012, 'the sudoku array and its applications in information security'),)
keywords : frozenset({'computer engineering', 'mathematics'})

9/10 positive, 4/10 negative
Do these records refer to the same thing?
(y)es / (n)o / (u)nsure / (f)inished / (p)revious
firstname : matthew
lastname : stetz
middlename : a
year : 2013
year_papertitle : ((2013, 'elementary tetrahelical protein design for diverse oxidoreductase functions'), (2014, 'corrigendum elementary tetrahelical protein design for diverse oxidoreductase functions'), (2014, 'reverse micelles as a platform for dynamic nuclear polarization in solution nmr of proteins'), (2015, 'revisiting allostery in the lac repressor protein'), (2016, 'accurate determination of rates from non uniformly sampled relaxation data'), (2016, 'optimized expression and purification of biophysical quantities of lac repressor and lac repressor regulatory domain'), (2017, 'solution nmr investigation of the response of the lactose repressor core domain dimer to hydrostatic pressure'), (2018, 'improving yields of deuterated methyl labeled protein by growing in h 2 o'), (2019, 'characterization of internal protein dynamics and conformational entropy by nmr relaxation'), (2020, 'membrane proteins have distinct fast internal motion and residual conformational entropy'))
keywords : frozenset({'biophysics', 'chemical physics', 'stereochemistry', 'crystallography', 'analytical chemistry', 'biochemistry', 'statistics', 'statistical physics', 'computational biology'})

firstname : matthew
lastname : hersh
middlename : a
year : 2007
year_papertitle : ((2007, 'identification of multiple functional peaks resulting from a common peak shape function'),)
keywords : frozenset({'statistics'})

9/10 positive, 5/10 negative
Do these records refer to the same thing?
(y)es / (n)o / (u)nsure / (f)inished / (p)revious
firstname : jian
lastname : luo
middlename : hui
year : 1997
year_papertitle : ((1997, 'modal sensitivity analysis of coupled acoustic structural systems'), (1997, 'prediction of optimal orientation of orthotropic materials using energy based method'), (1998, 'optimal bead orientation of 3d shell plate structures'), (1999, 'automated optimal stiffener pattern design'), (2000, 'topology optimization of structures with geometrical nonlinearities'))
keywords : frozenset({'topology', 'algorithm', 'mathematical analysis', 'structural engineering'})

firstname : wallace
lastname : luo
middlename : hui
year : 2000
year_papertitle : ((2000, 'theory of holomorphic besov spaces in domains of complex euclidean spaces'),)
keywords : frozenset({'mathematics'})

9/10 positive, 6/10 negative
Do these records refer to the same thing?
(y)es / (n)o / (u)nsure / (f)inished / (p)revious
firstname : junpeng
lastname : cao
middlename : None
year : 2002
year_papertitle : ((2002, 'asymptotic bethe ansatz for the sutherland romer model with open boundary conditions'), (2002, 'exact solution of a two component calogero sutherland model with molecular field'), (2003, 'exact solution of xxz spin chain with unparallel boundary fields'), (2005, 'adsorption segregation and magnetization of a single mn adatom on the gaas 110 surface'), (2005, 'magnetic impurity effect on the entanglement in the ising model'), (2005, 'quantum phase transitions in a spin ladder with long range couplings'), (2005, 'tunable entanglement of two qubit xy model with in plane magnetic fields'), (2006, 'entanglement of a degenerate system in adiabatic process'), (2006, 'quantum phase transition and entanglement in the transverse field ising model'), (2007, 'paired state in an integrable spin 1 boson model'))
keywords : frozenset({'mathematical physics', 'quantum mechanics', 'condensed matter physics'})

firstname : guoliang
lastname : cao
middlename : None
year : 1993
year_papertitle : ((1993, 'bayesian nonparametric mixture modeling'),)
keywords : frozenset({'statistics', 'mathematics', 'computer science'})

9/10 positive, 7/10 negative
Do these records refer to the same thing?
(y)es / (n)o / (u)nsure / (f)inished / (p)revious
firstname : xiaoqiang
lastname : ma
middlename : None
year : 2001
year_papertitle : ((2001, 'em based channel estimation for ofdm'), (2004, 'em based channel estimation algorithms for ofdm'))
keywords : frozenset({'statistics', 'algorithm'})

firstname : xiang
lastname : ma
middlename : None
year : 2010
year_papertitle : ((2010, 'an efficient computational framework for uncertainty quantification in multiscale systems'),)
keywords : frozenset({'statistics', 'mechanical engineering'})

9/10 positive, 8/10 negative
Do these records refer to the same thing?
(y)es / (n)o / (u)nsure / (f)inished / (p)revious
firstname : kyungmin
lastname : lee
middlename : None
year : 2005
year_papertitle : ((2005, 'classification and prediction of maize hardness associated properties using multivariate statistical analyses'), (2006, 'blending hard white wheat to improve grain yield and end use performances'), (2006, 'physical and biochemical properties of maize hardness and extrudates of selected hybrids'), (2007, 'characterization of polymeric proteins from vitreous and floury sorghum endosperm'), (2007, 'classification of dry milled maize grit yield groups using quadratic discriminant analysis and decision tree algorithm'), (2007, 'corroborative study on maize quality dry milling and wet milling properties of selected maize hybrids'), (2008, 'investigation and characterization of the frozen feeder rodent industry in texas following a multi state salmonella typhimurium outbreak associated with frozen vacuum packed rodents'), (2009, 'application of multivariate statistics in a risk based approach to regulatory compliance'), (2010, 'development and characterization of food grade tracers for the global grain tracing and recall system'), (2010, 'factors affecting the alkaline cooking performance of selected corn and sorghum hybrids'))
keywords : frozenset({'composite material', 'veterinary medicine', 'horticulture', 'agronomy', 'food science', 'biochemistry', 'statistics'})

firstname : ka
lastname : lee
middlename : leung
year : 1997
year_papertitle : ((1997, 'time series analysis of salinity with unequally spaced observations in galveston bay'),)
keywords : frozenset({'statistics', 'civil engineering'})

9/10 positive, 9/10 negative
Do these records refer to the same thing?
(y)es / (n)o / (u)nsure / (f)inished / (p)revious
firstname : andrew
lastname : rukhin
middlename : l
year : 1989
year_papertitle : ((1989, 'estimating exponential reliability function and exponential density'), (1991, 'adaptive tests and optimal exponential rates of error probabilities'), (1991, 'admissible estimators of discriminant coefficients'), (1991, 'asymptotic variance estimation in multivariate distributions'), (1991, 'bayes estimators whose range has convex hull of zero prior probability'), (1991, 'characterization of some types of completeness resp total completeness and their conservation under direct products'), (1992, 'generalized bayes estimators of a normal discriminant function'), (1992, 'linear estimators of a location parameter and canonical parameter estimators for a poisson distribution'), (1992, 'risk behavior of variance estimators in multivariate normal distribution'), (1993, 'influence of the prior distribution on the risk of the bayes rule'))
keywords : frozenset({'geometry', 'applied mathematics', 'mathematical optimization', 'statistics', 'econometrics', 'combinatorics'})

firstname : andrey
lastname : rukhin
middlename : None
year : 2009
year_papertitle : ((2009, 'asymptotic analysis of various statistics for random graph inference'),)
keywords : frozenset({'statistics', 'mathematics'})

9/10 positive, 10/10 negative
Do these records refer to the same thing?
(y)es / (n)o / (u)nsure / (f)inished / (p)revious
firstname : hansil
lastname : kim
middlename : None
year : 1991
year_papertitle : ((1991, 'observer based stochastic filtering and control'), (1992, 'output gain selection for discrete disturbance rejection and tracking problems'), (1992, 'reduced order filtering in an h setting'), (1993, 'filtering smoothing and deconvolution in a discrete h setting a game theory approach'), (1998, 'prediction filtering smoothing and deconvolution in a discrete h infinity setting a game theory approach'))
keywords : frozenset({'mathematical optimization', 'control theory', 'applied mathematics'})

firstname : ha
lastname : kim
middlename : young
year : 2010
year_papertitle : ((2010, 'lyapunov exponents for stochastic anderson models with non gaussian noise portfolio optimization in discrete time with proportional transaction costs under stochastic volatility'),)
keywords : frozenset({'statistics', 'mathematics', 'applied mathematics'})

9/10 positive, 11/10 negative
Do these records refer to the same thing?
(y)es / (n)o / (u)nsure / (f)inished / (p)revious
firstname : david
lastname : schmidt
middlename : m
year : 1995
year_papertitle : ((1995, 'mapping function in the human brain with magnetoencephalography anatomical magnetic resonance imaging and functional magnetic resonance imaging'), (1997, 'diffusion imaging with hyperpolarized3he gas'), (1998, 'analysis of meg visual evoked activity by bayesian inference'), (1998, 'bayesian inference applied to the neural electromagnetic inverse problem'), (1998, 'bayesian inference for neural electromagnetic source localization'), (1999, 'bayesian inference applied to the electromagnetic inverse problem'), (2000, 'continuous probability distributions from finite data'), (2000, 'spatial temporal bayesian inference for meg eeg'), (2001, 'dynamic functional neuroimaging integrating multiple modalities'))
keywords : frozenset({'nuclear magnetic resonance', 'computational physics', 'neuroscience', 'artificial intelligence', 'statistics', 'algorithm', 'pattern recognition', 'machine learning'})

firstname : david
lastname : schmidt
middlename : anthony
year : 1995
year_papertitle : ((1995, 'non even digraphs symplectic pairs and full sign invertibility'),)
keywords : frozenset({'mathematics'})

9/10 positive, 12/10 negative
Do these records refer to the same thing?
(y)es / (n)o / (u)nsure / (f)inished / (p)revious
firstname : roman
lastname : muchnik
middlename : None
year : 2006
year_papertitle : ((2006, 'a note on stationarity of spherical measures'), (2007, 'harmonicity of gibbs measures'))
keywords : frozenset({'mathematical analysis', 'pure mathematics', 'combinatorics', 'applied mathematics'})

firstname : roman
lastname : muchnik
middlename : None
year : 2002
year_papertitle : ((2002, 'semigroup actions on the n dimensional torus t n'),)
keywords : frozenset({'mathematics'})

9/10 positive, 13/10 negative
Do these records refer to the same thing?
(y)es / (n)o / (u)nsure / (f)inished / (p)revious
firstname : sandra
lastname : rua
middlename : m hurtado
year : 2012
year_papertitle : ((2012, 'abstract 2699 phase ii study evaluating the effect of tetrathiomolybdate on circulating endothelial progenitor cells in patients with high risk for breast cancer recurrence'), (2012, 'autologous stem cell transplant is feasible in very elderly patients with lymphoma and limited comorbidity'), (2013, 'distinguishing benign and life threatening pneumatosis intestinalis in patients with cancer by ct imaging features'), (2014, 'abstract ct309 influencing the tumor microenvironment a phase ii study of copper depletion using tetrathiomolybdate tm in patients pts with breast cancer bc at high risk for recurrence'), (2014, 'diversity efforts admissions and national rankings can we align priorities'), (2015, 'measuring longitudinal myelin water fraction in new multiple sclerosis lesions'), (2015, 'the choice of prior distribution for a covariance matrix in multivariate meta analysis a simulation study'), (2016, 'a transformation class for spatio temporal survival data with a cure fraction'), (2016, 'differential relationship between cortical thinning and myelin water fraction in rrms and spms s41 008'), (2016, 'the effect of regional analgesia on vascular tone in hip arthroplasty patients'))
keywords : frozenset({'family medicine', 'surgery', 'neuroscience', 'pathology', 'anesthesia', 'radiology', 'internal medicine', 'statistics', 'econometrics', 'immunology', 'oncology', 'gastroenterology', 'endocrinology'})

firstname : sandra
lastname : rua
middlename : milena hurtado
year : 2011
year_papertitle : ((2011, 'a new class of bayesian survival models and beyond'),)
keywords : frozenset({'statistics', 'biostatistics'})

10/10 positive, 13/10 negative
Do these records refer to the same thing?
(y)es / (n)o / (u)nsure / (f)inished / (p)revious
firstname : md
lastname : rahman
middlename : saidur
year : 1996
year_papertitle : ((1996, 'a linear time algorithm for four partitioning four connected planar graphs'), (1996, 'rectangular grid drawings of plane graphs'), (1997, 'a linear algorithm for optimal orthogonal drawings of triconnected cubic plane graphs'), (1999, 'a linear algorithm for bend optimal orthogonal drawings of triconnected cubic plane graphs'), (1999, 'box rectangular drawings of plane graphs'), (1999, 'efficient algorithms for drawing planar graphs'), (2000, 'rectangular drawings of plane graphs without designated corners'))
keywords : frozenset({'discrete mathematics', 'algorithm', 'combinatorics'})

firstname : md
lastname : rahman
middlename : saifur
year : 2012
year_papertitle : ((2012, 'distributed vector gaussian source coding and distributed hypothesis testing'),)
keywords : frozenset({'electrical engineering', 'applied mathematics'})

11/10 positive, 13/10 negative
Do these records refer to the same thing?
(y)es / (n)o / (u)nsure / (f)inished / (p)revious
firstname : eric
lastname : johnson
middlename : o
year : 1986
year_papertitle : ((1986, 'failure of sodium bicarbonate to improve resuscitation from ventricular fibrillation in dogs'),)
keywords : frozenset({'cardiology', 'internal medicine'})

firstname : eric
lastname : johnson
middlename : christopher
year : 2001
year_papertitle : ((2001, 'a parallel decomposition algorithm for constrained nonlinear optimization'),)
keywords : frozenset({'operations research', 'mathematics'})

11/10 positive, 14/10 negative
Do these records refer to the same thing?
(y)es / (n)o / (u)nsure / (f)inished / (p)revious
firstname : andrzej
lastname : sokolowski
middlename : None
year : 2011
year_papertitle : ((2011, 'science modelling in pre calculus how to make mathematics problems contextually meaningful'), (2013, 'teaching the photoelectric effect inductively'), (2014, 'modelling rate for change of speed in calculus proposal of inductive inquiry'), (2017, 'graphs in kinematics a need for adherence to principles of algebraic functions'))
keywords : frozenset({'calculus', 'mathematics education'})

firstname : andrzej
lastname : sokolowski
middlename : None
year : 2013
year_papertitle : ((2013, 'the effects of exploratory learning environments on students mathematics achievement'),)
keywords : frozenset({'mathematics', 'educational technology', 'curriculum development'})

11/10 positive, 15/10 negative
Do these records refer to the same thing?
(y)es / (n)o / (u)nsure / (f)inished / (p)revious
firstname : paul
lastname : nguyen
middlename : kim long v
year : 2014
year_papertitle : ((2014, 'algorithmic randomness for doob s martingale convergence theorem in continuous time'), (2016, 'the strength of the gratzer schmidt theorem'))
keywords : frozenset({'discrete mathematics', 'combinatorics'})

firstname : paul
lastname : nguyen
middlename : kim long vu
year : 2014
year_papertitle : ((2014, 'complexity of index sets of computable lattices'),)
keywords : frozenset({'mathematics'})

12/10 positive, 15/10 negative
Do these records refer to the same thing?
(y)es / (n)o / (u)nsure / (f)inished / (p)revious
firstname : andras
lastname : stipsicz
middlename : i
year : 1999
year_papertitle : ((1999, 'on the number of vanishing cycles in lefschetz fibrations'), (2002, 'singular fibers in lefschetz fibrations on manifolds with b2 1'))
keywords : frozenset({'discrete mathematics', 'mathematical analysis', 'pure mathematics'})

firstname : andras
lastname : stipsicz
middlename : istvan
year : 1994
year_papertitle : ((1994, 'computation of donaldson invariants by cut and paste techniques'),)
keywords : frozenset({'mathematics'})

13/10 positive, 15/10 negative
Do these records refer to the same thing?
(y)es / (n)o / (u)nsure / (f)inished / (p)revious
firstname : xiaohong
lastname : huang
middlename : None
year : 2002
year_papertitle : ((2002, 'comparing three methods for variance estimation with duplicated high density oligonucleotide arrays'), (2003, 'linear regression and two class classification with gene expression data'), (2004, 'modeling the relationship between lvad support time and gene expression changes in the human heart by penalized partial least squares'), (2005, 'a comparative study of discriminating human heart failure etiology using gene expression profiles'), (2005, 'borrowing information from relevant microarray studies for sample classification using weighted partial least squares'), (2006, 'using input dependent weights for model combination and model selection with multiple sources of data'))
keywords : frozenset({'bioinformatics', 'data mining', 'artificial intelligence', 'cardiology', 'internal medicine', 'statistics', 'computational biology', 'pattern recognition'})

firstname : xiao
lastname : huang
middlename : None
year : 2011
year_papertitle : ((2011, 'using dirichlet process priors for bayesian mixture clustering'),)
keywords : frozenset({'statistics', 'mathematics'})

14/10 positive, 15/10 negative
Do these records refer to the same thing?
(y)es / (n)o / (u)nsure / (f)inished / (p)revious
firstname : wladimir
lastname : pribitkin
middlename : de azevedo
year : 2005
year_papertitle : ((2005, 'fractional integrals of modular forms'), (2007, 'uninhibited poincare series'), (2011, 'on the oscillatory behavior of certain arithmetic functions associated with automorphic forms'))
keywords : frozenset({'algebra', 'pure mathematics'})

firstname : wladimar
lastname : pribitkin
middlename : de azevedo
year : 1995
year_papertitle : ((1995, 'the fourier coefficients of modular forms and modular integrals having small positive weight'),)
keywords : frozenset({'mathematics'})

14/10 positive, 16/10 negative
Do these records refer to the same thing?
(y)es / (n)o / (u)nsure / (f)inished / (p)revious
firstname : jorge
lastname : martinez
middlename : None
year : 1992
year_papertitle : ((1992, 'signatures ands discrete lattice ordered groups'), (1993, 'ordered algebraic structures the 1991 conrad conference'))
keywords : frozenset({'combinatorics'})

firstname : jorge
lastname : martinezmontejano
middlename : m
year : 2004
year_papertitle : ((2004, 'results on hyperspaces'),)
keywords : frozenset({'mathematics'})

14/10 positive, 16/10 negative
Do these records refer to the same thing?
(y)es / (n)o / (u)nsure / (f)inished / (p)revious
firstname : cynthia
lastname : marcotte
middlename : verjovsky
year : 2002
year_papertitle : ((2002, 'predicting functional linkages from gene fusions with confidence'), (2007, 'classification of tangle solutions for integrases a protein family that changes dna topology'))
keywords : frozenset({'topology', 'pure mathematics', 'genetics'})

firstname : cynthia
lastname : marcotte
middlename : janet verjovsky
year : 2000
year_papertitle : ((2000, 'essential surfaces after dehn filling'),)
keywords : frozenset({'mathematics'})

14/10 positive, 17/10 negative
Do these records refer to the same thing?
(y)es / (n)o / (u)nsure / (f)inished / (p)revious
firstname : timothy
lastname : lewis
middlename : a
year : 2004
year_papertitle : ((2004, '5 lipoxygenase inhibitors with histamine h 1 receptor antagonist activity'), (2004, 'cetirizine and loratadine based antihistamines with 5 lipoxygenase inhibitory activity'), (2005, '5 lipoxygenase inhibition by n hydroxycarbamates in dual function compounds'), (2007, 'discovery of new c3ar ligands part 1 arginine derivatives'), (2008, 'human hdac7 harbors a class iia histone deacetylase specific zinc binding motif and cryptic deacetylase activity'), (2009, 'identification of inducers of megakaryocyte polyploidization and their use as targeted differentiation therapy for acute megakaryocytic leukemia'), (2010, 'a kinome shrna screen to identify pathways that regulate megakaryocyte polyploidization and new targets for differentiation therapy'), (2010, 'abstract 5559 proteomic identification of activated essential tyrosine kinases in human cancers'), (2011, 'aak1 identified as an inhibitor of neuregulin 1 erbb4 dependent neurotrophic factor signaling using integrative chemical genomics and proteomics'), (2011, 'roscovitine inhibits ebna1 serine 393 phosphorylation nuclear localization transcription and episome maintenance'))
keywords : frozenset({'bioinformatics', 'stereochemistry', 'pharmacology', 'molecular biology', 'biochemistry', 'cell biology', 'cancer research', 'computational biology'})

firstname : timothy
lastname : lewis
middlename : james
year : 1998
year_papertitle : ((1998, 'the effects of nonexcitable regions on signal propagation in excitable media propagation failure and reflection'),)
keywords : frozenset({'mathematics', 'physiology'})

15/10 positive, 17/10 negative
Do these records refer to the same thing?
(y)es / (n)o / (u)nsure / (f)inished / (p)revious
firstname : ji
lastname : he
middlename : x
year : 2001
year_papertitle : ((2001, 'age and size at first reproduction of fishes predictive models based only on growth trajectories'), (2002, 'a stage explicit expression of the von bertalanffy growth model for understanding age at first reproduction of great lakes fishes'), (2005, 'long term patterns in growth of oneida lake walleye a multivariate and stage explicit approach for applying the von bertalanffy growth function'), (2006, 'energy density of lake whitefish coregonus clupeaformis in lakes huron and michigan'), (2006, 'growth and maturity of hatchery and wild lean lake trout during population recovery in michigan waters of lake superior'), (2007, 'evidence of widespread natural reproduction by lake trout salvelinus namaycush in the michigan waters of lake huron'), (2007, 'modeling annual growth variation using a hierarchical bayesian approach and the von bertalanffy growth function with application to lake trout in southern lake huron'), (2008, 'a comparison of the scale and otolith methods of age estimation for lake whitefish in lake huron'), (2008, 'modeling variation in mass length relations and condition indices of lake trout and chinook salmon in lake huron a hierarchical bayesian approach'))
keywords : frozenset({'statistics', 'oceanography', 'ecology', 'fishery', 'demography', 'econometrics'})

firstname : jianghua
lastname : he
middlename : None
year : 2007
year_papertitle : ((2007, 'bayesian dynamic survival models for longitudinal aging data'),)
keywords : frozenset({'statistics', 'biostatistics', 'public health'})

15/10 positive, 18/10 negative
Do these records refer to the same thing?
(y)es / (n)o / (u)nsure / (f)inished / (p)revious
firstname : dave
lastname : higdon
middlename : None
year : 2000
year_papertitle : ((2000, 'a bayesian time course model for functional magnetic resonance imaging data comment'), (2001, 'estimation of the head sensitivity function in scanning magnetoresistance microscopy'), (2005, 'combining field data and computer simulations for calibration and prediction'), (2005, 'efficient models for correlated data via convolutions of intrinsic processes'), (2005, 'scidac advances and applications in computational beam dynamics'), (2006, 'combining experimental data and computer simulations with an application to flyer plate experiments'), (2006, 'multiresolution genetic algorithms and markov chain monte carlo'))
keywords : frozenset({'nuclear magnetic resonance', 'mathematical optimization', 'simulation', 'statistics', 'algorithm', 'optics', 'systems engineering'})

firstname : david
lastname : higdon
middlename : mitchell
year : 1994
year_papertitle : ((1994, 'spatial applications of markov chain monte carlo for bayesian inference'),)
keywords : frozenset({'statistics'})

15/10 positive, 19/10 negative
Do these records refer to the same thing?
(y)es / (n)o / (u)nsure / (f)inished / (p)revious
firstname : loai
lastname : tawalbeh
middlename : None
year : 2003
year_papertitle : ((2003, 'an efficient and scalable radix 4 modular multiplier design using recoding techniques'), (2004, 'a dual field modular division algorithm and architecture for application specific hardware'), (2004, 'a novel unified algorithm and hardware architecture for integrated modular division and multiplication in gf p and gf 2n suitable for public key cryptography'), (2005, 'a radix 4 scalable design'), (2005, 'an efficient hardware architecture of a scalable elliptic curve crypto processor over gf 2n'), (2006, 'carry save representation is shift unsafe the problem and its solution'), (2007, 'efficient elliptic curve cryptographic hardware design for wireless security'), (2009, 'a novel method to guarantee qos during dos attacks for iptv using sip'), (2009, 'efficient modular squaring algorithms for hardware implementation in gf p'), (2010, 'hardware design and implementation of elgamal public key cryptography algorithm'))
keywords : frozenset({'arithmetic', 'computer network', 'distributed computing', 'parallel computing', 'algorithm', 'computer hardware', 'embedded system'})

firstname : lo
lastname : tawalbeh
middlename : ai ali
year : 2004
year_papertitle : ((2004, 'a novel unified algorithm and hardware architecture for integrated modular division and multiplication in i gf i i p i and i gf i 2 i sup n sup i suitable for public key cryptography'),)
keywords : frozenset({'electrical engineering', 'mathematics'})

16/10 positive, 19/10 negative
Do these records refer to the same thing?
(y)es / (n)o / (u)nsure / (f)inished / (p)revious
firstname : yi
lastname : shi
middlename : None
year : 2003
year_papertitle : ((2003, 'a lifetime aware single session flow routing algorithm for energy constrained wireless sensor networks'), (2003, 'locating base stations for video sensor networks'), (2003, 'optimal single session flow routing for wireless sensor networks'), (2003, 'topology control for wireless sensor networks'), (2004, 'on lexicographic max min node lifetime for wireless sensor networks'), (2004, 'rate allocation in wireless sensor networks with network lifetime requirement'), (2005, 'cross layer optimization for routing data traffic in uwb based sensor networks'), (2005, 'flow routing for variable bit rate source nodes in energy constrained wireless sensor networks'), (2005, 'online lifetime centric multicast routing for ad hoc networks with directional antennas'), (2005, 'single beam flow routing for wireless sensor networks'))
keywords : frozenset({'mathematical optimization', 'distributed computing', 'algorithm', 'computer network'})

firstname : yingqi
lastname : shi
middlename : None
year : 1989
year_papertitle : ((1989, 'on sequential procedures based on the minimum distance estimator and robustness'),)
keywords : frozenset({'statistics'})

17/10 positive, 19/10 negative
Do these records refer to the same thing?
(y)es / (n)o / (u)nsure / (f)inished / (p)revious
firstname : alexander
lastname : breuer
middlename : None
year : 2012
year_papertitle : ((2012, 'teaching parallel programming models on a shallow water code'), (2013, 'accelerating seissol by generating vectorized code for sparse matrix operators'), (2014, 'advanced simulation of coupled earthquake and tsunami events ascete latest simulation techniques for tsunami process studies'), (2014, 'hardware aware block size tailoring on adaptive spacetree grids for shallow water waves'), (2014, 'petascale high order dynamic rupture earthquake simulations on heterogeneous supercomputers'), (2014, 'sustained petascale performance of seismic simulations with seissol on supermuc'), (2014, 'vectorization of an augmented riemann solver for the shallow water equations'), (2015, 'high order ader dg minimizes energy and time to solution of seissol'), (2015, 'invasive compute balancing for applications with shared and hybrid parallelization'), (2016, 'petascale local time stepping for the ader dg finite element method'))
keywords : frozenset({'computational science', 'seismology', 'theoretical computer science', 'distributed computing', 'parallel computing', 'computer hardware'})

firstname : alex
lastname : breuer
middlename : None
year : 2013
year_papertitle : ((2013, 'minimal krylov subspaces for dimension reduction'),)
keywords : frozenset({'computer science', 'applied mathematics'})

17/10 positive, 20/10 negative
Do these records refer to the same thing?
(y)es / (n)o / (u)nsure / (f)inished / (p)revious
firstname : dorivar
lastname : diaz
middlename : a ruiz
year : 2008
year_papertitle : ((2008, 'plant available nitrogen from poultry manure as affected by time of application'), (2008, 'poultry manure supply of potentially available nitrogen with soil incubation'), (2009, 'soybean response to inoculation and nitrogen application following long term grass pasture'), (2010, 'intercropping corn and kura clover response to nitrogen fertilization'), (2010, 'trace metal bioaccumulation and plant growth on dredged river sediments and biosolids mixtures'), (2011, 'using ground eggshells as a liming material in corn and soybean production'), (2012, 'residual poultry manure nitrogen supply to corn the second and third years after application'), (2013, 'winter annual weed management and nitrogen rate effects on corn yield'), (2014, 'assessing the residual from fertilizer nitrogen applied to failed corn on the following wheat crop'))
keywords : frozenset({'agronomy'})

firstname : dorivar
lastname : suarez
middlename : a ruiz diaz
year : 2007
year_papertitle : ((2007, 'assessment of nitrogen supply from poultry manure applied to corn'),)
keywords : frozenset({'statistics', 'soil sciences', 'plant propagation'})

18/10 positive, 20/10 negative
Do these records refer to the same thing?
(y)es / (n)o / (u)nsure / (f)inished / (p)revious
firstname : jose
lastname : katz
middlename : None
year : 1990
year_papertitle : ((1990, 'double quantum filtered sodium imaging'), (1990, 'motion dependence of myocardial transverse relaxation time in magnetic resonance imaging'), (1991, 'effects of drugs on the radiographic appearance of the heart'), (1992, 'a neural network model of the baroreceptor reflex'), (1992, 'direct quantitation of right and left ventricular volumes with nuclear magnetic resonance imaging in patients with primary pulmonary hypertension'), (1992, 'three dimensional echocardiographic volume computation by polyhedral surface reconstruction in vitro validation and comparison to magnetic resonance imaging'), (1993, 'estimation of myocardial water content using transverse relaxation time from dual spin echo magnetic resonance imaging'), (1993, 'estimation of right ventricular mass in normal subjects and in patients with primary pulmonary hypertension by nuclear magnetic resonance imaging'), (1993, 'magnetic resonance imaging for quantitation of right ventricular volume in patients with pulmonary hypertension'), (1993, 'multiple quantum filters of arbitrary phases for spin 3 2 nuclei'))
keywords : frozenset({'nuclear magnetic resonance', 'neuroscience', 'geometry', 'molecular physics', 'pathology', 'biomedical engineering', 'analytical chemistry', 'cardiology', 'radiology', 'condensed matter physics', 'internal medicine'})

firstname : joseph
lastname : katz
middlename : h
year : 1991
year_papertitle : ((1991, 'an algorithm for solving a class nonlinear unconstrained multi variable signomial optimization problems using geometric programming'),)
keywords : frozenset({'mathematics'})

19/10 positive, 20/10 negative
Do these records refer to the same thing?
(y)es / (n)o / (u)nsure / (f)inished / (p)revious
firstname : yang
lastname : wang
middlename : None
year : 2001
year_papertitle : ((2001, 'a short time multifractal approach for arrhythmia detection based on fuzzy neural network'), (2003, 'a probabilistic method for foreground and shadow segmentation'), (2003, 'segmentation based on graphical models'), (2003, 'switching hypothesized measurements a dynamic model with applications to occlusion adaptive joint tracking'), (2003, 'video segmentation based on graphical models'), (2005, 'a dynamic conditional random field model for object segmentation in image sequences'), (2005, 'a probabilistic approach for foreground and shadow segmentation in monocular image sequences'), (2005, 'spatiotemporal video segmentation based on graphical models'), (2006, 'a dynamic conditional random field model for foreground and shadow segmentation'), (2006, 'contextual modeling of functional mr images with conditional random fields'))
keywords : frozenset({'artificial intelligence', 'algorithm', 'computer vision', 'pattern recognition', 'machine learning'})

firstname : yan
lastname : wang
middlename : None
year : 2013
year_papertitle : ((2013, 'study of image local scale structure using nonlinear diffusion'),)
keywords : frozenset({'medical imaging', 'computer science', 'applied mathematics'})

19/10 positive, 21/10 negative
Do these records refer to the same thing?
(y)es / (n)o / (u)nsure / (f)inished / (p)revious
firstname : maria
lastname : lopez
middlename : del rosario acosta
year : 2009
year_papertitle : ((2009, 'from eumenides to antigone developing hegel s notion of recognition responding to honneth'), (2009, 'the secret that is the work of art heidegger s lectures on schiller'), (2011, 'a tiny displacement of the world on giorgio agamben s coming community'), (2012, 'hegel and derrida on forgiveness the impossible at the core of the political'), (2013, 'hegel on communitas an unexplored relationship between hegel and esposito'), (2013, 'tragic representation paul klee on tragedy and art'), (2014, 'introduction law after the law contemporary approaches to the paradoxical relationship between law and violence'), (2014, 'law after the law contemporary approaches to the paradoxical relationship between law and violence'), (2014, 'memory and fragility art s resistance to oblivion three colombian cases'), (2014, 'the gorgon s head hegel on law and violence in the frankfurt fragments'))
keywords : frozenset({'aesthetics', 'epistemology', 'forensic engineering', 'art history', 'law', 'geodesy'})

firstname : maria
lastname : gonzalezdorrego
middlename : del rosario
year : 1990
year_papertitle : ((1990, 'curves on kummer surfaces in p 3'),)
keywords : frozenset({'mathematics'})

19/10 positive, 22/10 negative
Do these records refer to the same thing?
(y)es / (n)o / (u)nsure / (f)inished / (p)revious
firstname : na
lastname : li
middlename : None
year : 2010
year_papertitle : ((2010, 'sparseness constraints on nonnegative tensor decomposition'), (2013, 'solving multilinear systems via tensor inversion'), (2013, 'some convergence results on the regularized alternating least squares method for tensor decomposition'), (2013, 'source apportionment of time and size resolved ambient particulate matter'))
keywords : frozenset({'algebra', 'artificial intelligence', 'environmental chemistry', 'mathematical analysis', 'mineralogy', 'algorithm', 'pattern recognition'})

firstname : nan
lastname : li
middlename : None
year : 2010
year_papertitle : ((2010, 'controlled geometry via volumes on alexandrov spaces'),)
keywords : frozenset({'theoretical mathematics', 'mathematics'})

19/10 positive, 23/10 negative
Do these records refer to the same thing?
(y)es / (n)o / (u)nsure / (f)inished / (p)revious
firstname : wei
lastname : wu
middlename : None
year : 2004
year_papertitle : ((2004, 'coupling induced transition of states in an asymmetrical double well potential'), (2004, 'numerical simulations of generalized langevin equations with deeply asymptotic parameters'), (2007, 'how specific is synchronous neuronal firing'), (2008, 'behavioral performance modulates spike field coherence in monkey prefrontal cortex'), (2009, 'detection of task related synchronous firing patterns'), (2011, 'bivariate and multivariate neuroxidence a robust and reliable method to detect modulations of spike spike synchronization across experimental conditions'))
keywords : frozenset({'neuroscience', 'data mining', 'artificial intelligence', 'molecular physics', 'atomic physics', 'mathematical analysis', 'statistical physics', 'pattern recognition'})

firstname : weiying
lastname : wu
middlename : None
year : 2011
year_papertitle : ((2011, 'tail estimation of the spectral density under fixed domain asymptotics'),)
keywords : frozenset({'statistics'})

19/10 positive, 23/10 negative
Do these records refer to the same thing?
(y)es / (n)o / (u)nsure / (f)inished / (p)revious
firstname : jianqi
lastname : wang
middlename : None
year : 2009
year_papertitle : ((2009, 'cooperative jamming in mimo ad hoc networks'), (2010, 'scheduling for mimo networks with rate constrained connectivity requirements'), (2011, 'interference self mitigating beamforming for the k user mimo ic'), (2012, 'interference aware scheduling for connectivity in mimo ad hoc multicast networks'))
keywords : frozenset({'topology', 'computer network', 'control theory', 'distributed computing'})

firstname : jianqiang
lastname : wang
middlename : None
year : 2008
year_papertitle : ((2008, 'estimating the distance distribution of subpopulations and testing observation outlyingness for a large scale complex survey'),)
keywords : frozenset({'statistics'})

19/10 positive, 24/10 negative
Do these records refer to the same thing?
(y)es / (n)o / (u)nsure / (f)inished / (p)revious
firstname : jingwen
lastname : zhang
middlename : None
year : 2017
year_papertitle : ((2017, 'fgwas functional genome wide association analysis'), (2017, 'genome wide association analysis identifies common variants influencing infant brain volumes'), (2017, 'genome wide association analysis of secondary imaging phenotypes from the alzheimer s disease neuroimaging initiative study'), (2017, 'hfprm hierarchical functional principal regression model for diffusion tensor image bundle statistics'), (2017, 'prediction of overall survival for patients with metastatic castration resistant prostate cancer development of a prognostic model through a crowdsourced challenge with open clinical trial data'), (2018, 'mapping population based structural connectomes'), (2019, 'a powerful global test statistic for functional statistical inference'), (2019, 'heritability of regional brain volumes in large scale neuroimaging and genetic studies'), (2019, 'quantitative tract based white matter heritability in 1 and 2 year old twins'), (2020, 'l2rm low rank linear regression models for high dimensional matrix responses'))
keywords : frozenset({'evolutionary biology', 'bioinformatics', 'surgery', 'data mining', 'artificial intelligence', 'physiology', 'genetics', 'applied mathematics', 'internal medicine', 'statistics', 'algorithm', 'oncology', 'computational biology', 'pattern recognition'})

firstname : min
lastname : zhang
middlename : None
year : 2005
year_papertitle : ((2005, 'inference for sparse and asymmetric signals in high dimensional data with applications to statistical genomics'),)
keywords : frozenset({'statistics'})

19/10 positive, 24/10 negative
Do these records refer to the same thing?
(y)es / (n)o / (u)nsure / (f)inished / (p)revious
firstname : young
lastname : kim
middlename : hee
year : 1991
year_papertitle : ((1991, 'resolution of the cartesian product of fuzzy sets'), (1996, 'fuzzy symmetric groups'))
keywords : frozenset({'geometry', 'discrete mathematics', 'pure mathematics'})

firstname : youngeun
lastname : kim
middlename : None
year : 2005
year_papertitle : ((2005, 'a simulation of the breakup of spiral waves using bidomain equations in electrical cardiology'),)
keywords : frozenset({'mathematics'})

19/10 positive, 25/10 negative
Do these records refer to the same thing?
(y)es / (n)o / (u)nsure / (f)inished / (p)revious
firstname : trungkien
lastname : le
middlename : None
year : 2013
year_papertitle : ((2013, 'information dependency strong consistency of darbellay vajda partition estimators'), (2015, 'reference distance estimation approach for tdoa based source and sensor localization'), (2016, 'closed form and near closed form solutions for tdoa based joint source and sensor localization'), (2016, 'closed form solution for tdoa based joint source and sensor localization in two dimensional space'), (2016, 'experimental validation of toa based methods for microphones array positions calibration'), (2016, 'robust tdoa based joint source and microphone localization in a reverberant environment using medians of acceptable recovered toas'), (2017, 'refinement of time difference of arrival measurements via rank properties in two dimensional space'), (2018, 'rank properties for matrices constructed from time differences of arrival'), (2018, 'sonoloc scalable positioning of commodity mobile devices'), (2019, 'uncovering source ranges from range differences observed by sensors at unknown positions fundamental theory'))
keywords : frozenset({'real time computing', 'mathematical optimization', 'discrete mathematics', 'acoustics', 'mathematical analysis', 'speech recognition', 'algorithm'})

firstname : trung
lastname : le
middlename : bao
year : 2011
year_papertitle : ((2011, 'a computational framework for simulating cardiovascular flows in patient specific anatomies'),)
keywords : frozenset({'civil engineering', 'mechanical engineering', 'applied mathematics'})

19/10 positive, 26/10 negative
Do these records refer to the same thing?
(y)es / (n)o / (u)nsure / (f)inished / (p)revious
firstname : mark
lastname : petersen
middlename : r
year : 2006
year_papertitle : ((2006, 'merger and alignment in a reduced model for three dimensional quasigeostrophic ellipsoidal vortices'), (2006, 'role of global warming on the statistics of record breaking temperatures'), (2006, 'vortex cores strain cells and filaments in quasigeostrophic turbulence'), (2007, 'baroclinic vorticity production in protoplanetary disks i vortex formation'), (2007, 'baroclinic vorticity production in protoplanetary disks ii vortex growth and longevity'), (2007, 'the lans alpha turbulence model in primitive equation ocean modeling'), (2008, 'efficient form of the lans  turbulence model in a primitive equation ocean model'), (2008, 'implementation of the lans  turbulence model in a primitive equation ocean model'), (2008, 'the lans  and leray turbulence parameterizations in primitive equation ocean modeling'))
keywords : frozenset({'mechanics', 'atmospheric sciences', 'applied mathematics', 'classical mechanics', 'mathematical analysis', 'statistics', 'statistical physics', 'meteorology'})

firstname : martin
lastname : petersen
middlename : roy
year : 1986
year_papertitle : ((1986, 'closed form estimators and small sample size mean and variance approximations for simple linear logistic analysis explicit'),)
keywords : frozenset({'statistics'})

19/10 positive, 27/10 negative
Do these records refer to the same thing?
(y)es / (n)o / (u)nsure / (f)inished / (p)revious
firstname : james
lastname : schwartz
middlename : s j
year : 2011
year_papertitle : ((2011, 'our moral obligation to support space exploration'), (2013, 'on the moral permissibility of terraforming'), (2014, 'prioritizing scientific exploration a comparison of the ethical justifications for space development and for space science'), (2015, 'mathematical structuralism modal nominalism and the coherence principle'), (2016, 'introduction the scope and content of space ethics'), (2016, 'lunar labor relations'), (2016, 'near earth water sources ethics and fairness'), (2016, 'on the methodology of space ethics'), (2016, 'the ethics of space exploration'), (2017, 'some ethical constraints on near earth resource exploitation'))
keywords : frozenset({'management', 'management science', 'natural resource economics', 'environmental resource management', 'social psychology', 'environmental ethics', 'epistemology', 'social science', 'engineering ethics', 'public relations'})

firstname : james
lastname : schwartz
middlename : oliver
year : 1987
year_papertitle : ((1987, 'the determination of the admissible nilpotent orbits in real classical groups'),)
keywords : frozenset({'mathematics'})

19/10 positive, 28/10 negative
Do these records refer to the same thing?
(y)es / (n)o / (u)nsure / (f)inished / (p)revious
firstname : van
lastname : nguyen
middlename : hoang
year : 2011
year_papertitle : ((2011, 'correction risk factors of streptococcus suis infection in vietnam a case control study'), (2012, 'entropy jumps for isotropic log concave random vectors and spectral gap'), (2014, 'a local proof of the dimensional prekopa s theorem'), (2014, 'dimensional variance inequalities of brascamp lieb type and a local approach to dimensional prekopas theorem'), (2015, 'improved lp mixed volume inequality for convex bodies'), (2015, 'sharp weighted sobolev and gagliardo nirenberg inequalities on half spaces via mass transport and consequences'), (2016, 'new approach to the affine polya szego principle and the stability version of the affine sobolev inequality'), (2016, 'pluronic grafted copolymers as nanoplatforms for effectively delivering hydrophobic anticancer drugs'), (2016, 'sharp reversed hardy littlewood sobolev inequality on the half space mathbf r _ n'), (2017, 'sharp reversed hardy littlewood sobolev inequality on r n'))
keywords : frozenset({'combinatorial chemistry', 'pure mathematics', 'mathematical analysis', 'humanities', 'combinatorics'})

firstname : van
lastname : nguyen
middlename : cat
year : 2014
year_papertitle : ((2014, 'tate cohomology of finite dimensional hopf algebras'),)
keywords : frozenset({'mathematics'})

19/10 positive, 29/10 negative
Do these records refer to the same thing?
(y)es / (n)o / (u)nsure / (f)inished / (p)revious
firstname : matt
lastname : richey
middlename : None
year : 1994
year_papertitle : ((1994, 'much ado about coset multiplication'),)
keywords : frozenset({'algebra'})

firstname : matthew
lastname : richey
middlename : potter
year : 1985
year_papertitle : ((1985, 'the z n baxter model statistical mechanics symmetries corner transfer matrices inversion relation'),)
keywords : frozenset({'mathematics'})

19/10 positive, 30/10 negative
Do these records refer to the same thing?
(y)es / (n)o / (u)nsure / (f)inished / (p)revious
firstname : yong
lastname : ma
middlename : None
year : 2018
year_papertitle : ((2018, 'stability integrity and recovery rate of cellular nucleic acids preserved in a new liquid based cytology medium'), (2019, 'comparison of cervihpv and hybrid capture 2 hpv tests for detection of high risk hpv infection in cervical swab specimens'), (2019, 'multiplex methylated dna testing in plasma with high sensitivity and specificity for colorectal cancer screening'), (2019, 'performance of a methylight assay for methylated sfrp2 dna detection in colorectal cancer tissue and serum'), (2019, 'performance of a novel blood based early colorectal cancer screening assay in remaining serum after the blood biochemical test'), (2020, 'a cautionary tale of cross contamination among plasmids from commercial suppliers'), (2020, 'a novel plasma based early colorectal cancer screening assay base on methylated sdc2 and sfrp2'), (2020, 'aberrant dna methylation of sept9 and sdc2 in stool specimens as an integrated biomarker for colorectal cancer early detection'), (2020, 'feasibility of plasma methylated sfrp2 for early detection of gastric cancer'), (2020, 'performance comparison between plasma and stool methylated sept9 tests for detecting colorectal cancer'))
keywords : frozenset({'molecular biology', 'biotechnology', 'internal medicine', 'oncology', 'gastroenterology'})

firstname : yonghao
lastname : ma
middlename : None
year : 1991
year_papertitle : ((1991, 'a division algorithm over z x and the first syzygies of determinantal ideals'),)
keywords : frozenset({'mathematics'})

19/10 positive, 31/10 negative
Do these records refer to the same thing?
(y)es / (n)o / (u)nsure / (f)inished / (p)revious
firstname : hung
lastname : kim
middlename : soo
year : 1998
year_papertitle : ((1998, 'delay time window and plateau onset of the correlation dimension for small data sets'), (1999, 'nonlinear dynamics delay times and embedding windows'), (2000, 'application of modflow to jun stream basin in donghae city'), (2000, 'chaos and correlation dimension'), (2002, 'analysis of hydrologic data using poincare section and neural network'), (2002, 'precipitation forecasting by fuzzy theory i applications of neuro fuzzy system and markov chain'), (2002, 'precipitation forecasting by fuzzy theory ii applicability of fuzzy time series'), (2002, 'streamflow generation by boostrap method and skewness'), (2003, 'flash flood guidance of a typoon rusa'), (2003, 'the bds statistic and residual test'))
keywords : frozenset({'artificial intelligence', 'applied mathematics', 'mathematical optimization', 'discrete mathematics', 'geomorphology', 'meteorology', 'statistics', 'econometrics', 'algorithm', 'machine learning', 'combinatorics', 'hydrology'})

firstname : hongjoong
lastname : kim
middlename : None
year : 2000
year_papertitle : ((2000, 'computational methods for statistical solutions of inverse problems for flow in porous media'),)
keywords : frozenset({'mathematics', 'mechanics', 'gases', 'statistics', 'fluid dynamics'})

19/10 positive, 32/10 negative
Do these records refer to the same thing?
(y)es / (n)o / (u)nsure / (f)inished / (p)revious
firstname : kyunghan
lastname : lee
middlename : None
year : 1997
year_papertitle : ((1997, 'erythritol production by controlling osmotic pressure in trigonopsis variabilis'),)
keywords : frozenset({'biochemistry', 'food science'})

firstname : kyun
lastname : lee
middlename : None
year : 1991
year_papertitle : ((1991, 'investigations of the mechanical behavior of graphite peek apc 2 composites'),)
keywords : frozenset({'materials science', 'mathematics', 'mechanics'})

19/10 positive, 33/10 negative
Do these records refer to the same thing?
(y)es / (n)o / (u)nsure / (f)inished / (p)revious
firstname : yong
lastname : kim
middlename : sin
year : 2003
year_papertitle : ((2003, 'multiple trigonometric approximation of sine amplitude with small rom size for direct digital frequency synthesizers'), (2005, 'current mode multi level simultaneous bidirectional i o scheme for chip to chip communications'), (2006, 'a 4 gb s pin current mode 4 level simultaneous bidirectional i o with current mismatch calibration'), (2007, 'programmable high speed multi level simultaneous bidirectional i o'), (2008, 'a 8 gb s pin current mode multi level simultaneous bidirectional i o'))
keywords : frozenset({'electrical engineering', 'electronic engineering', 'algorithm'})

firstname : yongchul
lastname : kim
middlename : None
year : 1994
year_papertitle : ((1994, 'compound gibbs sampler for bayesian hierarchical models applied to mortality rates'),)
keywords : frozenset({'statistics', 'demographics', 'biostatistics'})

19/10 positive, 34/10 negative
Do these records refer to the same thing?
(y)es / (n)o / (u)nsure / (f)inished / (p)revious
firstname : william
lastname : mortensen
middlename : h
year : 2009
year_papertitle : ((2009, 'a quasi em method for estimating multiple transmitter locations'), (2009, 'classification of shallow water passive sonar signals using stochastic channel model'), (2009, 'estimating multiple transmitter locations from power measurements at multiple receivers'), (2010, 'improving anti submarine warfare tracking performance by incorporating classification information'), (2010, 'improving target tracking performance by incorporating classification information'))
keywords : frozenset({'data mining', 'artificial intelligence', 'mathematical optimization', 'statistics', 'algorithm', 'computer vision', 'pattern recognition'})

firstname : william
lastname : christensen
middlename : fredrick
year : 1999
year_papertitle : ((1999, 'analysis of multivariate spatial data using latent variables'),)
keywords : frozenset({'statistics'})

19/10 positive, 35/10 negative
Do these records refer to the same thing?
(y)es / (n)o / (u)nsure / (f)inished / (p)revious
firstname : darren
lastname : funkneubauer
middlename : None
year : 2007
year_papertitle : ((2007, 'raising lowering maps and modules for the quantum affine algebra'), (2011, 'on the simplicity of lie algebras associated to leavitt algebras'))
keywords : frozenset({'combinatorics'})

firstname : darren
lastname : funkneubauer
middlename : None
year : 2007
year_papertitle : ((2007, 'tridiagonal pairs and their use in representation theory'),)
keywords : frozenset({'mathematics'})

19/10 positive, 36/10 negative
Do these records refer to the same thing?
(y)es / (n)o / (u)nsure / (f)inished / (p)revious
firstname : kunkun
lastname : zhao
middlename : None
year : 2019
year_papertitle : ((2019, 'modular organization of muscle synergies to achieve movement behaviors'), (2020, 'a preliminary analysis of the various reaching pattern classifications'), (2021, 'fractal characteristics based motor dyskinesia assessment'), (2021, 'systematic heartbeat monitoring using a fmcw mm wave radar'))
keywords : frozenset({'artificial intelligence', 'acoustics', 'pattern recognition'})

firstname : kun
lastname : zhao
middlename : None
year : 2009
year_papertitle : ((2009, 'initial boundary value problems in fluid dynamics'),)
keywords : frozenset({'applied mathematics'})

20/10 positive, 36/10 negative
Do these records refer to the same thing?
(y)es / (n)o / (u)nsure / (f)inished / (p)revious
firstname : lin
lastname : qi
middlename : None
year : 2013
year_papertitle : ((2013, 'expression of a potato antimicrobial peptide sn1 increases resistance to take all pathogen gaeumannomyces graminis var tritici in transgenic wheat'), (2013, 'isolation and characterization of a novel wheat cysteine rich receptor like kinase gene induced by rhizoctonia cerealis'), (2014, 'isolation and characterization of a novel wall associated kinase gene tawak5 in wheat triticum aestivum'), (2014, 'the erf transcription factor taerf3 promotes tolerance to salt and drought stresses in wheat'), (2014, 'the wheat ethylene response factor transcription factor pathogen induced erf1 mediates host responses to both the necrotrophic pathogen rhizoctonia cerealis and freezing stresses'), (2014, 'transcript suppression of tagw2 increased grain width and weight in bread wheat'), (2015, 'biomimetic and nanostructured hybrid bioactive glass'), (2015, 'gmpgip3 enhanced resistance to both take all and common root rot diseases in transgenic wheat'), (2015, 'the wheat agc kinase taagc1 is a positive contributor to host resistance to the necrotrophic pathogen rhizoctonia cerealis'), (2017, 'pre culture sudan black b treatment suppresses autofluorescence signals emitted from polymer tissue scaffolds'))
keywords : frozenset({'composite material', 'biophysics', 'pathology', 'agronomy', 'genetics', 'botany', 'microbiology', 'molecular biology', 'biochemistry', 'chemical engineering', 'cell biology'})

firstname : li
lastname : qi
middlename : None
year : 2015
year_papertitle : ((2015, 'generalized semiparametric varying coefficient models for longitudinal data'),)
keywords : frozenset({'statistics', 'mathematics', 'biostatistics'})

20/10 positive, 37/10 negative
Do these records refer to the same thing?
(y)es / (n)o / (u)nsure / (f)inished / (p)revious
firstname : sean
lastname : harmeyer
middlename : None
year : 2004
year_papertitle : ((2004, 'dynamic performance as a criterion for redundant manipulator control'), (2005, 'autonomous gait generation using acceleration capability analysis'), (2009, 'energetically consistent collisions in simulation of multibody systems'), (2009, 'energetically consistent simulation of simultaneous impacts and contacts in multibody systems with friction'), (2010, 'repeatable redundant manipulator control using nullspace quasivelocities'))
keywords : frozenset({'simulation', 'control engineering', 'control theory', 'mechanics'})

firstname : sean
lastname : ellermeyer
middlename : f
year : 1991
year_papertitle : ((1991, 'delayed growth response in models of microbial growth and competition in continuous culture'),)
keywords : frozenset({'microbiology', 'mathematics'})

20/10 positive, 38/10 negative
Do these records refer to the same thing?
(y)es / (n)o / (u)nsure / (f)inished / (p)revious
firstname : rahmad
lastname : zakaria
middlename : None
year : 2009
year_papertitle : ((2009, 'comparison of plant communities at six study plots in penang forest reserves malaysia'), (2011, 'soils on exposed sunda shelf shaped biogeographic patterns in the equatorial forests of southeast asia'), (2012, 'the distribution of anacardiaceae in teluk bahang forest reserve pulau pinang'), (2012, 'the flora composition of sabang island aceh indonesia'), (2013, 'tree diversity of a lowland coastal forest teluk bahang permanent forest reserve pulau pinang malaysia'), (2014, 'larvicidal efficacy screening of anacardaciae crude extracts on the dengue hemorrhagic vector aedes aegypti'), (2015, 'an estimate of the number of tropical tree species'), (2015, 'correction an estimate of the number of tropical tree species proc natl acad sci usa 2015 112 7472 7477 doi 10 1073 pnas 1423147112'), (2016, 'cryptic coloration of macaranga bancana seedlings a unique strategy for a pioneer species'), (2016, 'early studies on protoplast isolation of ludisia discolor a wild orchid'))
keywords : frozenset({'veterinary medicine', 'forestry', 'horticulture', 'botany', 'discrete mathematics', 'ecology', 'statistics'})

firstname : rahmat
lastname : zakaria
middlename : syahni
year : 1989
year_papertitle : ((1989, 'the monotonicity of component importance measures in linear consecutive k out of n systems'),)
keywords : frozenset({'statistics', 'industrial engineering'})

20/10 positive, 39/10 negative
Do these records refer to the same thing?
(y)es / (n)o / (u)nsure / (f)inished / (p)revious
firstname : yiping
lastname : wu
middlename : None
year : 2007
year_papertitle : ((2007, 'an overview of water resources management of the pearl river'), (2008, 'exploring hydrological process features of the east river dongjiang basin in south china using vic and swat'), (2009, 'simulation of nitrogen and phosphorus loads in the dongjiang river basin in south china using swat'), (2011, 'quantifying the hydrological responses to climate change in an intact forested small watershed in southern china'), (2012, 'advancing representation of hydrologic processes in the soil and water assessment tool swat through integration of the topographic model topmodel features'), (2012, 'an operation based scheme for a multiyear and multipurpose reservoir to enhance macroscale hydrologic models'), (2012, 'automating calibration sensitivity and uncertainty analysis of complex models using the r package flexible modeling environment fme swat as an example'), (2012, 'hydrological effects of the increased co2 and climate change in the upper mississippi river basin using a modified swat'), (2012, 'impacts of biofuels production alternatives on water quantity and quality in the iowa river basin'), (2012, 'urbanization eases water crisis in china'))
keywords : frozenset({'water resource management', 'data mining', 'agronomy', 'economic growth', 'development economics', 'hydrology'})

firstname : yi
lastname : wu
middlename : None
year : 2010
year_papertitle : ((2010, 'the approximability of learning and constraint satisfaction problems'),)
keywords : frozenset({'mathematics', 'computer science'})

20/10 positive, 40/10 negative
Do these records refer to the same thing?
(y)es / (n)o / (u)nsure / (f)inished / (p)revious
firstname : jo
lastname : smith
middlename : None
year : 1995
year_papertitle : ((1995, 'critical evaluation of models and their parameters'), (1996, 'evaluation of soil organic matter models'), (1996, 'moving the british cattle herd'), (1996, 'sundial a pc based system for simulating nitrogen dynamics in arable land'), (1997, 'a comparison of the performance of nine soil organic matter models using datasets from seven long term experiments'), (1997, 'potential for carbon sequestration in european soils preliminary estimates for five scenarios using results from long term experiments'), (1998, 'a european network of long term sites for studies on soil organic matter'), (1998, 'preliminary estimates of the potential for carbon mitigation in european soils through no till farming'), (1999, 'using a rotational modelling system to explore the effect of straw incorporation on the efficiency of nitrogen use'), (2000, 'meeting europe s climate change commitments quantitative estimates of the potential for carbon mitigation by agriculture'))
keywords : frozenset({'veterinary medicine', 'natural resource economics', 'environmental engineering', 'agronomy', 'animal science', 'mathematical optimization', 'environmental chemistry', 'agroforestry', 'simulation', 'statistics', 'algorithm', 'hydrology'})

firstname : joshua
lastname : smith
middlename : reynolds
year : 1999
year_papertitle : ((1999, 'electric field imaging'),)
keywords : frozenset({'mathematics', 'electromagnetism', 'computer science'})

20/10 positive, 41/10 negative
Do these records refer to the same thing?
(y)es / (n)o / (u)nsure / (f)inished / (p)revious
firstname : yizhou
lastname : fang
middlename : None
year : 2015
year_papertitle : ((2015, 'nonlinear model predictive control using a bilinear carleman linearization based formulation for chemical processes'), (2016, 'a formulation of advanced step bilinear carleman approximation based nonlinear model predictive control'), (2016, 'carleman approximation based quasi analytic model predictive control for nonlinear systems'), (2018, 'output feedback receding horizon regulation via moving horizon estimation and model predictive control'), (2019, 'pairing moving horizon estimation and model predictive control via carleman approximation for output feedback control'))
keywords : frozenset({'mathematical optimization', 'control theory'})

firstname : yi
lastname : fang
middlename : None
year : 2008
year_papertitle : ((2008, 'imaging from sparse measurements'),)
keywords : frozenset({'mathematics'})

20/10 positive, 42/10 negative
Do these records refer to the same thing?
(y)es / (n)o / (u)nsure / (f)inished / (p)revious
Finished labeling
INFO:rlr.crossvalidation:using cross validation to find optimum alpha...
INFO:rlr.crossvalidation:optimum alpha: 0.010000, score 0.5678931952848356
INFO:dedupe.training:Final predicate set:
INFO:dedupe.training:SimplePredicate: (commonSixGram, lastname)
INFO:dedupe.training:TfidfNGramSearchPredicate: (0.8, lastname)
INFO:dedupe.training:TfidfNGramSearchPredicate: (0.8, middlename)
Done in 300.90917291641233 minutes.
