/home/christoph/anaconda3/envs/science-career-tempenv/lib/python3.9/site-packages/numpy/core/getlimits.py:500: UserWarning: The value of the smallest subnormal for <class 'numpy.float64'> type is zero.
  setattr(self, word, getattr(machar, word).flat[0])
/home/christoph/anaconda3/envs/science-career-tempenv/lib/python3.9/site-packages/numpy/core/getlimits.py:89: UserWarning: The value of the smallest subnormal for <class 'numpy.float64'> type is zero.
  return self._float_to_str(self.smallest_subnormal)
/home/christoph/anaconda3/envs/science-career-tempenv/lib/python3.9/site-packages/numpy/core/getlimits.py:500: UserWarning: The value of the smallest subnormal for <class 'numpy.float32'> type is zero.
  setattr(self, word, getattr(machar, word).flat[0])
/home/christoph/anaconda3/envs/science-career-tempenv/lib/python3.9/site-packages/numpy/core/getlimits.py:89: UserWarning: The value of the smallest subnormal for <class 'numpy.float32'> type is zero.
  return self._float_to_str(self.smallest_subnormal)
Namespace(testing=False, verbose=1, field=['economics'], train_name='christoph_gazetteer', startyear=1985, endyear=2022, loadstartyear=1985, loadendyear=2022, mergemode='1:1', recall=0.9, institution='True', fieldofstudy_cat='False', fieldofstudy_str='False', keywords='False', retrain='True', linking_type='advisors', samplesize=100000, write_to='database')
Have max 6 cores available
Testing is False 

I set the write connection to the main database.
id_field is [162324750] and will be passed to sql queries.
finished setup ... 
Time elapsed: 0.0005454142888387044 minutes 


        SELECT relationship_id
                , year
                , year AS year_range
                , firstname 
                , lastname
                , CASE TRIM(SUBSTR(middle_lastname, 1, l_fullname-l_firstname-l_lastname - 1)) 
                    WHEN 
                        "" THEN NULL 
                        ELSE TRIM(SUBSTR(middle_lastname, 1, l_fullname-l_firstname-l_lastname - 1)) 
                    END AS middlename
                , fieldofstudy
                , keywords
                , institution
                , year || "//" || institution as main_us_institutions_year
                , year || "//" || institution as all_us_institutions_year
        FROM (
            SELECT goid
                , relationship_id
                , degree_year AS year 
                , a.fullname 
                , SUBSTR(TRIM(a.fullname),1,instr(trim(a.fullname)||' ',' ')-1) AS firstname
                , REPLACE(a.fullname, RTRIM(a.fullname, REPLACE(a.fullname, " ", "")), "") AS lastname 
                , TRIM(SUBSTR(a.fullname, length(SUBSTR(TRIM(a.fullname),1,instr(trim(a.fullname)||' ',' ')-1)) + 1)) AS middle_lastname 
                , length(a.fullname) AS l_fullname 
                , length(SUBSTR(TRIM(a.fullname),1,instr(trim(a.fullname)||' ',' ')-1) ) AS l_firstname
                , length(REPLACE(a.fullname, RTRIM(a.fullname, REPLACE(a.fullname, " ", "")), "")) AS l_lastname
                , fieldname AS fieldofstudy
                , university_id
            FROM pq_authors 
            INNER JOIN (
                SELECT goid, fieldname 
                FROM pq_fields_mag
                WHERE mag_field0 IN (?)
            ) USING (goid)
            INNER JOIN ( --# NOTE: this only keeps the theses where at least one advisor is present
                SELECT *, firstname || ' ' || lastname AS fullname
                FROM pq_advisors
            ) AS a USING(goid)
        )
        -- ## NOTE: use left join here as not all graduates have advisor (particularly pre-1980) and possibly also keywords
        LEFT JOIN (
            SELECT goid
                , fields as keywords
            FROM pq_info_linking
        ) USING(goid) 
        INNER JOIN (
            SELECT university_id, normalizedname as institution
            FROM pq_unis --## mark: previously we linked advisors anywhere in the world (as career outcomes). for now, focus on US
            WHERE location like "%United States%"
        ) USING(university_id)
        WHERE year >= 1985 and year <= 2022 AND length(firstname) > 1
         


    SELECT f.AuthorId
        , f.year
        , f.YearLastPub
        , f.firstname
        , f.lastname
        , CASE TRIM(SUBSTR(f.middle_lastname, 1, f.l_fullname - f.l_firstname - f.l_lastname - 1)) 
            WHEN 
                "" THEN NULL 
                ELSE TRIM(SUBSTR(f.middle_lastname, 1, f.l_fullname - f.l_firstname - f.l_lastname - 1)) 
            END as middlename 
            -- ## NOTE this gives "" for middlename when it is missing 
        , f.fieldofstudy
        , g.keywords
        , g.coauthors
        , g.institution
        , g.main_us_institutions_year
         
        , f.year || ";" || f.YearLastPub AS year_range 
        , g.all_us_institutions_year
    
    FROM (
        SELECT a.AuthorId
            , a.YearFirstPub AS year
            , a.YearLastPub 
            , a.FirstName AS firstname
            , REPLACE(b.NormalizedName, RTRIM(b.NormalizedName, REPLACE(b.NormalizedName, " ", "")), "") AS lastname 
                    -- https://stackoverflow.com/questions/21388820/how-to-get-the-last-index-of-a-substring-in-sqlite
            , TRIM(SUBSTR(b.NormalizedName, length(a.FirstName) + 1)) AS middle_lastname 
                    -- this gives all except the first name 
            , length(b.NormalizedName) as l_fullname 
            , length(a.FirstName) as l_firstname
            , length(REPLACE(b.NormalizedName, RTRIM(b.NormalizedName, REPLACE(b.NormalizedName, " ", "")), "")) as l_lastname
            , e.NormalizedName AS fieldofstudy
        FROM author_sample AS a
        INNER JOIN (
            SELECT AuthorId, NormalizedName
            FROM Authors
        ) AS b USING(AuthorId)
        INNER JOIN (
            SELECT AuthorId
            FROM author_field0
            WHERE FieldOfStudyId_lvl0 IN (?)
                AND Degree <= 0
        ) USING(AuthorId)
        LEFT JOIN (
            SELECT AuthorId, NormalizedName
            FROM author_fields c
            INNER JOIN (
                SELECT FieldOfStudyId, NormalizedName
                FROM FieldsOfStudy
            ) AS d USING(FieldOfStudyId)
            -- ## Condition on fieldofstudy being in the level 0 id_field
            INNER JOIN (
                SELECT ParentFieldOfStudyId, ChildFieldOfStudyId
                FROM crosswalk_fields
                WHERE ParentLevel = 0
                    AND ParentFieldOfStudyId IN (?)
            ) AS e ON (e.ChildFieldOfStudyId = c.FieldOfStudyId)
            WHERE FieldClass = 'first'
        ) AS e USING(AuthorId)
    ) f
    LEFT JOIN (
        SELECT AuthorId
                , main_us_institutions_career as institution
                , coauthors
                , keywords
                , main_us_institutions_year
                , all_us_institutions_year
        FROM author_info_linking
    ) AS g USING(AuthorId)
    
    WHERE length(firstname) > 1 AND year >= 1985 - 5 AND year <= 2022 + 5 AND institution is not NULL
     

An error occurred when calling compare_range_from_tuple((1996, 2021), (1996, 2021)). I cannot print the type, but most likely a TypeError or ValueError.
An error occurred when calling compare_range_from_tuple((1991, 2004), (1991, 2004)). I cannot print the type, but most likely a TypeError or ValueError.
An error occurred when calling compare_range_from_tuple((1991, 2004), (1991, 2004)). I cannot print the type, but most likely a TypeError or ValueError.
An error occurred when calling compare_range_from_tuple((1991, 2004), (1991, 2004)). I cannot print the type, but most likely a TypeError or ValueError.
An error occurred when calling compare_range_from_tuple((1991, 2004), (1991, 2004)). I cannot print the type, but most likely a TypeError or ValueError.
An error occurred when calling compare_range_from_tuple((1991, 2004), (1991, 2004)). I cannot print the type, but most likely a TypeError or ValueError.
An error occurred when calling compare_range_from_tuple((1991, 2004), (1991, 2004)). I cannot print the type, but most likely a TypeError or ValueError.
An error occurred when calling compare_range_from_tuple((1991, 2004), (1991, 2004)). I cannot print the type, but most likely a TypeError or ValueError.
An error occurred when calling compare_range_from_tuple((1991, 2004), (1991, 2004)). I cannot print the type, but most likely a TypeError or ValueError.
Time elapsed: 30.65005391438802 minutes 

Starting active labeling...
firstname : thomas
lastname : caperna
middlename : j
year_range : (1985, 2019)
main_us_institutions_year : ((1985, 'united states department of agriculture'), (1985, 'virginia tech'), (1987, 'united states department of agriculture'), (1987, 'virginia tech'), (1988, 'united states department of agriculture'), (1989, 'united states department of agriculture'), (1990, 'united states department of agriculture'), (1991, 'united states department of agriculture'), (1993, 'united states department of agriculture'), (1994, 'united states department of agriculture'), (1995, 'united states department of agriculture'), (1996, 'agricultural research service'), (1998, 'agricultural research service'), (1999, 'united states department of agriculture'), (2000, 'united states department of agriculture'), (2001, 'agricultural research service'), (2002, 'agricultural research service'), (2004, 'agricultural research service'), (2005, 'united states department of agriculture'), (2006, 'united states department of agriculture'), (2007, 'agricultural research service'), (2008, 'united states department of agriculture'), (2008, 'agricultural research service'), (2009, 'agricultural research service'), (2010, 'agricultural research service'), (2011, 'united states department of agriculture'), (2012, 'united states department of agriculture'), (2013, 'agricultural research service'), (2014, 'united states department of agriculture'), (2015, 'united states department of agriculture'), (2016, 'agricultural research service'), (2017, 'united states department of agriculture'), (2019, 'agricultural research service'))
all_us_institutions_year : ((1985, 'united states department of agriculture'), (1985, 'virginia tech'), (1987, 'united states department of agriculture'), (1987, 'virginia tech'), (1988, 'united states department of agriculture'), (1989, 'united states department of agriculture'), (1990, 'united states department of agriculture'), (1991, 'united states department of agriculture'), (1993, 'united states department of agriculture'), (1994, 'united states department of agriculture'), (1995, 'united states department of agriculture'), (1996, 'agricultural research service'), (1998, 'agricultural research service'), (1999, 'united states department of agriculture'), (2000, 'united states department of agriculture'), (2001, 'agricultural research service'), (2002, 'agricultural research service'), (2004, 'agricultural research service'), (2004, 'united states department of agriculture'), (2005, 'agricultural research service'), (2005, 'united states department of agriculture'), (2006, 'united states department of agriculture'), (2007, 'agricultural research service'), (2007, 'united states department of agriculture'), (2008, 'agricultural research service'), (2008, 'united states department of agriculture'), (2009, 'agricultural research service'), (2010, 'agricultural research service'), (2010, 'united states department of agriculture'), (2011, 'united states department of agriculture'), (2012, 'united states department of agriculture'), (2013, 'agricultural research service'), (2013, 'united states department of agriculture'), (2014, 'united states department of agriculture'), (2015, 'agricultural research service'), (2015, 'united states department of agriculture'), (2016, 'agricultural research service'), (2016, 'united states department of agriculture'), (2017, 'united states department of agriculture'), (2019, 'agricultural research service'))

firstname : thomas
lastname : johnson
middlename : g
year_range : (1988,)
main_us_institutions_year : ((1988, 'virginia tech'),)
all_us_institutions_year : ((1988, 'virginia tech'),)

0/10 positive, 0/10 negative
Do these records refer to the same thing?
(y)es / (n)o / (u)nsure / (f)inished
firstname : theodore
lastname : slaman
middlename : a
year_range : (1983, 2021)
main_us_institutions_year : ((1983, 'university of chicago'), (1985, 'university of chicago'), (1986, 'university of chicago'), (1988, 'university of chicago'), (1989, 'university of chicago'), (1990, 'university of chicago'), (1991, 'university of chicago'), (1992, 'university of chicago'), (1993, 'university of chicago'), (1994, 'university of chicago'), (1995, 'university of chicago'), (1996, 'university of chicago'), (1997, 'university of chicago'), (1998, 'university of california berkeley'), (1999, 'university of california berkeley'), (2000, 'university of california berkeley'), (2001, 'university of california berkeley'), (2004, 'university of california'), (2005, 'university of california berkeley'), (2006, 'university of california'), (2006, 'university of california berkeley'), (2009, 'university of california berkeley'), (2010, 'university of california'), (2012, 'university of california berkeley'), (2013, 'university of california berkeley'), (2014, 'university of california berkeley'), (2015, 'university of california berkeley'), (2016, 'university of california berkeley'), (2017, 'university of california berkeley'), (2018, 'university of california berkeley'), (2019, 'university of california berkeley'), (2021, 'university of california berkeley'))
all_us_institutions_year : ((1983, 'university of chicago'), (1985, 'university of chicago'), (1986, 'university of chicago'), (1988, 'university of chicago'), (1989, 'california institute of technology'), (1989, 'university of chicago'), (1990, 'university of chicago'), (1991, 'university of chicago'), (1992, 'university of chicago'), (1992, 'university of illinois at chicago'), (1993, 'university of chicago'), (1994, 'university of chicago'), (1995, 'university of chicago'), (1996, 'university of california'), (1996, 'university of chicago'), (1997, 'university of chicago'), (1998, 'cornell university'), (1998, 'university of california berkeley'), (1998, 'university of chicago'), (1999, 'university of california berkeley'), (2000, 'university of california berkeley'), (2001, 'university of california'), (2001, 'university of california berkeley'), (2002, 'university of california berkeley'), (2004, 'university of california'), (2004, 'university of california berkeley'), (2005, 'university of california berkeley'), (2006, 'university of california'), (2006, 'university of california berkeley'), (2007, 'university of california berkeley'), (2008, 'university of california berkeley'), (2009, 'university of california'), (2009, 'university of california berkeley'), (2010, 'university of california'), (2011, 'university of california berkeley'), (2012, 'university of california berkeley'), (2013, 'university of california berkeley'), (2014, 'university of california'), (2014, 'university of california berkeley'), (2015, 'university of california berkeley'), (2016, 'university of california berkeley'), (2017, 'university of california berkeley'), (2018, 'university of california berkeley'), (2019, 'university of california berkeley'), (2021, 'university of california berkeley'))

firstname : theodore
lastname : keeler
middlename : e
year_range : (2001,)
main_us_institutions_year : ((2001, 'university of california berkeley'),)
all_us_institutions_year : ((2001, 'university of california berkeley'),)

0/10 positive, 1/10 negative
Do these records refer to the same thing?
(y)es / (n)o / (u)nsure / (f)inished / (p)revious
An error occurred when calling compare_range_from_tuple((1991, 2004), (1991, 2004)). I cannot print the type, but most likely a TypeError or ValueError.
An error occurred when calling compare_range_from_tuple((1991, 2004), (1991, 2004)). I cannot print the type, but most likely a TypeError or ValueError.
An error occurred when calling compare_range_from_tuple((1991, 2004), (1991, 2004)). I cannot print the type, but most likely a TypeError or ValueError.
An error occurred when calling compare_range_from_tuple((1991, 2004), (1991, 2004)). I cannot print the type, but most likely a TypeError or ValueError.
firstname : azzeddine
lastname : azzam
middlename : None
year_range : (1987, 2021)
main_us_institutions_year : ((1987, 'university of nebraska lincoln'), (1989, 'university of nebraska lincoln'), (1990, 'university of nebraska lincoln'), (1991, 'university of nebraska lincoln'), (1993, 'university of nebraska lincoln'), (1994, 'university of nebraska lincoln'), (1995, 'university of nebraska lincoln'), (1996, 'university of nebraska lincoln'), (1997, 'university of nebraska lincoln'), (1998, 'university of nebraska lincoln'), (1999, 'university of nebraska lincoln'), (2001, 'university of nebraska lincoln'), (2003, 'university of nebraska lincoln'), (2004, 'university of nebraska lincoln'), (2005, 'university of nebraska lincoln'), (2006, 'university of nebraska lincoln'), (2007, 'university of nebraska lincoln'), (2008, 'university of nebraska lincoln'), (2010, 'university of nebraska lincoln'), (2012, 'university of nebraska lincoln'), (2013, 'university of nebraska lincoln'), (2014, 'university of nebraska lincoln'), (2015, 'university of nebraska lincoln'), (2017, 'university of nebraska lincoln'), (2020, 'university of nebraska lincoln'), (2021, 'university of nebraska lincoln'))
all_us_institutions_year : ((1987, 'university of nebraska lincoln'), (1989, 'university of nebraska lincoln'), (1990, 'agricultural applied economics association'), (1990, 'university of nebraska lincoln'), (1991, 'university of nebraska lincoln'), (1993, 'university of nebraska lincoln'), (1994, 'university of nebraska lincoln'), (1995, 'university of nebraska lincoln'), (1996, 'university of nebraska lincoln'), (1997, 'university of nebraska lincoln'), (1998, 'university of nebraska lincoln'), (1999, 'university of nebraska lincoln'), (2001, 'university of nebraska lincoln'), (2002, 'university of connecticut'), (2002, 'university of nebraska lincoln'), (2003, 'university of nebraska lincoln'), (2004, 'university of nebraska lincoln'), (2005, 'university of nebraska lincoln'), (2006, 'university of nebraska lincoln'), (2007, 'university of nebraska lincoln'), (2008, 'university of nebraska lincoln'), (2010, 'university of nebraska lincoln'), (2012, 'university of nebraska lincoln'), (2013, 'university of nebraska lincoln'), (2014, 'university of nebraska lincoln'), (2015, 'university of nebraska lincoln'), (2017, 'university of nebraska lincoln'), (2018, 'university of nebraska lincoln'), (2020, 'university of nebraska lincoln'), (2021, 'university of nebraska lincoln'))

firstname : azzeddine
lastname : azzam
middlename : None
year_range : (2008,)
main_us_institutions_year : ((2008, 'university of nebraska lincoln'),)
all_us_institutions_year : ((2008, 'university of nebraska lincoln'),)

0/10 positive, 2/10 negative
Do these records refer to the same thing?
(y)es / (n)o / (u)nsure / (f)inished / (p)revious
An error occurred when calling compare_range_from_tuple((1991, 2004), (1991, 2004)). I cannot print the type, but most likely a TypeError or ValueError.
An error occurred when calling compare_range_from_tuple((1991, 2004), (1991, 2004)). I cannot print the type, but most likely a TypeError or ValueError.
An error occurred when calling compare_range_from_tuple((1991, 2004), (1991, 2004)). I cannot print the type, but most likely a TypeError or ValueError.
An error occurred when calling compare_range_from_tuple((1991, 2004), (1991, 2004)). I cannot print the type, but most likely a TypeError or ValueError.
firstname : nancy
lastname : chau
middlename : h
year_range : (1997, 2021)
main_us_institutions_year : ((1997, 'southern illinois university carbondale'), (1998, 'southern illinois university carbondale'), (1999, 'cornell university'), (2000, 'cornell university'), (2001, 'cornell university'), (2002, 'cornell university'), (2003, 'cornell university'), (2004, 'cornell university'), (2005, 'cornell university'), (2006, 'cornell university'), (2007, 'cornell university'), (2008, 'cornell university'), (2009, 'cornell university'), (2010, 'cornell university'), (2011, 'cornell university'), (2012, 'cornell university'), (2013, 'cornell university'), (2015, 'cornell university'), (2016, 'cornell university'), (2019, 'cornell university'), (2020, 'cornell university'), (2021, 'cornell university'))
all_us_institutions_year : ((1995, 'southern illinois university carbondale'), (1996, 'cornell university'), (1997, 'southern illinois university carbondale'), (1998, 'southern illinois university carbondale'), (1999, 'cornell university'), (2000, 'cornell university'), (2001, 'cornell university'), (2002, 'cornell university'), (2003, 'college of william mary'), (2003, 'cornell university'), (2004, 'cornell university'), (2005, 'cornell university'), (2006, 'cornell university'), (2007, 'cornell university'), (2008, 'cornell university'), (2009, 'cornell university'), (2010, 'cornell university'), (2011, 'cornell university'), (2012, 'cornell university'), (2013, 'cornell university'), (2014, 'cornell university'), (2015, 'cornell university'), (2016, 'cornell university'), (2018, 'cornell university'), (2019, 'cornell university'), (2020, 'cornell university'), (2021, 'cornell university'))

firstname : nancy
lastname : chau
middlename : None
year_range : (2020,)
main_us_institutions_year : ((2020, 'cornell university'),)
all_us_institutions_year : ((2020, 'cornell university'),)

1/10 positive, 2/10 negative
Do these records refer to the same thing?
(y)es / (n)o / (u)nsure / (f)inished / (p)revious
An error occurred when calling compare_range_from_tuple((1991, 2004), (1991, 2004)). I cannot print the type, but most likely a TypeError or ValueError.
An error occurred when calling compare_range_from_tuple((1991, 2004), (1991, 2004)). I cannot print the type, but most likely a TypeError or ValueError.
An error occurred when calling compare_range_from_tuple((1991, 2004), (1991, 2004)). I cannot print the type, but most likely a TypeError or ValueError.
An error occurred when calling compare_range_from_tuple((1991, 2004), (1991, 2004)). I cannot print the type, but most likely a TypeError or ValueError.
firstname : david
lastname : schmidt
middlename : None
year_range : (1992, 2020)
main_us_institutions_year : ((2001, 'indiana university'), (2003, 'federal trade commission'), (2006, 'federal trade commission'), (2013, 'michigan state university'), (2020, 'federal trade commission'))
all_us_institutions_year : ((2001, 'indiana university'), (2003, 'federal trade commission'), (2006, 'federal trade commission'), (2007, 'federal trade commission'), (2010, 'federal trade commission'), (2013, 'michigan state university'), (2020, 'federal trade commission'))

firstname : david
lastname : schmidtz
middlename : None
year_range : (1999,)
main_us_institutions_year : ((1999, 'university of arizona'),)
all_us_institutions_year : ((1999, 'university of arizona'),)

2/10 positive, 2/10 negative
Do these records refer to the same thing?
(y)es / (n)o / (u)nsure / (f)inished / (p)revious
An error occurred when calling compare_range_from_tuple((1991, 2004), (1991, 2004)). I cannot print the type, but most likely a TypeError or ValueError.
An error occurred when calling compare_range_from_tuple((1991, 2004), (1991, 2004)). I cannot print the type, but most likely a TypeError or ValueError.
An error occurred when calling compare_range_from_tuple((1991, 2004), (1991, 2004)). I cannot print the type, but most likely a TypeError or ValueError.
An error occurred when calling compare_range_from_tuple((1991, 2004), (1991, 2004)). I cannot print the type, but most likely a TypeError or ValueError.
firstname : olga
lastname : isengildina
middlename : None
year_range : (2004, 2013)
main_us_institutions_year : ((2004, 'university of illinois at urbana champaign'), (2006, 'university of illinois at urbana champaign'), (2013, 'university of texas at arlington'))
all_us_institutions_year : ((2004, 'university of illinois at urbana champaign'), (2006, 'university of illinois at urbana champaign'), (2013, 'university of texas at arlington'))

firstname : olga
lastname : isengildinamassa
middlename : None
year_range : (2014,)
main_us_institutions_year : ((2014, 'clemson university'),)
all_us_institutions_year : ((2014, 'clemson university'),)

2/10 positive, 3/10 negative
Do these records refer to the same thing?
(y)es / (n)o / (u)nsure / (f)inished / (p)revious
An error occurred when calling compare_range_from_tuple((1991, 2004), (1991, 2004)). I cannot print the type, but most likely a TypeError or ValueError.
An error occurred when calling compare_range_from_tuple((1991, 2004), (1991, 2004)). I cannot print the type, but most likely a TypeError or ValueError.
An error occurred when calling compare_range_from_tuple((1991, 2004), (1991, 2004)). I cannot print the type, but most likely a TypeError or ValueError.
An error occurred when calling compare_range_from_tuple((1991, 2004), (1991, 2004)). I cannot print the type, but most likely a TypeError or ValueError.
firstname : dirk
lastname : krueger
middlename : None
year_range : (1999, 2021)
main_us_institutions_year : ((1999, 'federal reserve bank of minneapolis'), (1999, 'university of minnesota'), (2002, 'stanford university'), (2003, 'stanford university'), (2004, 'university of pennsylvania'), (2004, 'national bureau of economic research'), (2007, 'university of pennsylvania'), (2008, 'university of pennsylvania'), (2010, 'university of pennsylvania'), (2011, 'university of pennsylvania'), (2013, 'university of pennsylvania'), (2016, 'center for economic and policy research'), (2016, 'university of pennsylvania'), (2019, 'center for economic and policy research'), (2019, 'university of pennsylvania'), (2019, 'national bureau of economic research'), (2020, 'university of pennsylvania'), (2021, 'university of pennsylvania'))
all_us_institutions_year : ((1999, 'economic policy institute'), (1999, 'federal reserve bank of minneapolis'), (1999, 'national bureau of economic research'), (1999, 'university of minnesota'), (1999, 'university of pennsylvania'), (2001, 'stanford university'), (2002, 'economic policy institute'), (2002, 'national bureau of economic research'), (2002, 'stanford university'), (2002, 'university of pennsylvania'), (2003, 'economic policy institute'), (2003, 'national bureau of economic research'), (2003, 'stanford university'), (2003, 'university of pennsylvania'), (2004, 'economic policy institute'), (2004, 'national bureau of economic research'), (2004, 'stanford university'), (2004, 'university of pennsylvania'), (2005, 'economic policy institute'), (2005, 'national bureau of economic research'), (2005, 'university of pennsylvania'), (2006, 'center for economic and policy research'), (2006, 'economic policy institute'), (2006, 'national bureau of economic research'), (2006, 'university of pennsylvania'), (2007, 'economic policy institute'), (2007, 'national bureau of economic research'), (2007, 'university of pennsylvania'), (2008, 'university of pennsylvania'), (2009, 'center for economic and policy research'), (2009, 'economic policy institute'), (2009, 'national bureau of economic research'), (2009, 'university of pennsylvania'), (2010, 'center for economic and policy research'), (2010, 'economic policy institute'), (2010, 'national bureau of economic research'), (2010, 'university of pennsylvania'), (2011, 'center for economic and policy research'), (2011, 'economic policy institute'), (2011, 'national bureau of economic research'), (2011, 'university of pennsylvania'), (2012, 'economic policy institute'), (2012, 'national bureau of economic research'), (2012, 'university of pennsylvania'), (2013, 'center for economic and policy research'), (2013, 'economic policy institute'), (2013, 'national bureau of economic research'), (2013, 'university of pennsylvania'), (2014, 'center for economic and policy research'), (2014, 'economic policy institute'), (2014, 'national bureau of economic research'), (2014, 'university of pennsylvania'), (2015, 'center for economic and policy research'), (2015, 'economic policy institute'), (2015, 'national bureau of economic research'), (2015, 'university of pennsylvania'), (2016, 'center for economic and policy research'), (2016, 'economic policy institute'), (2016, 'national bureau of economic research'), (2016, 'university of pennsylvania'), (2018, 'economic policy institute'), (2018, 'national bureau of economic research'), (2018, 'university of pennsylvania'), (2019, 'center for economic and policy research'), (2019, 'national bureau of economic research'), (2019, 'university of pennsylvania'), (2020, 'university of pennsylvania'), (2021, 'university of pennsylvania'))

firstname : dirk
lastname : krveger
middlename : None
year_range : (2010,)
main_us_institutions_year : ((2010, 'university of pennsylvania'),)
all_us_institutions_year : ((2010, 'university of pennsylvania'),)

3/10 positive, 3/10 negative
Do these records refer to the same thing?
(y)es / (n)o / (u)nsure / (f)inished / (p)revious
An error occurred when calling compare_range_from_tuple((1991, 2004), (1991, 2004)). I cannot print the type, but most likely a TypeError or ValueError.
An error occurred when calling compare_range_from_tuple((1991, 2004), (1991, 2004)). I cannot print the type, but most likely a TypeError or ValueError.
An error occurred when calling compare_range_from_tuple((1991, 2004), (1991, 2004)). I cannot print the type, but most likely a TypeError or ValueError.
An error occurred when calling compare_range_from_tuple((1991, 2004), (1991, 2004)). I cannot print the type, but most likely a TypeError or ValueError.
firstname : hulya
lastname : eraslan
middlename : None
year_range : (2002, 2020)
main_us_institutions_year : ((2002, 'university of pennsylvania'), (2003, 'university of pennsylvania'), (2004, 'university of pennsylvania'), (2007, 'university of pennsylvania'), (2008, 'university of pennsylvania'), (2010, 'university of pennsylvania'), (2010, 'johns hopkins university'), (2013, 'johns hopkins university'), (2014, 'rice university'), (2014, 'johns hopkins university'), (2017, 'rice university'), (2019, 'rice university'))
all_us_institutions_year : ((2000, 'university of pennsylvania'), (2001, 'rice university'), (2002, 'rice university'), (2002, 'university of pennsylvania'), (2003, 'rice university'), (2003, 'university of pennsylvania'), (2004, 'rice university'), (2004, 'university of pennsylvania'), (2007, 'rice university'), (2007, 'university of pennsylvania'), (2008, 'university of pennsylvania'), (2010, 'johns hopkins university'), (2010, 'university of pennsylvania'), (2011, 'johns hopkins university'), (2011, 'rice university'), (2013, 'johns hopkins university'), (2013, 'rice university'), (2014, 'johns hopkins university'), (2014, 'rice university'), (2015, 'rice university'), (2016, 'rice university'), (2017, 'rice university'), (2019, 'rice university'), (2020, 'rice university'))

firstname : hulya
lastname : eraslan
middlename : None
year_range : (2010,)
main_us_institutions_year : ((2010, 'johns hopkins university'),)
all_us_institutions_year : ((2010, 'johns hopkins university'),)

4/10 positive, 3/10 negative
Do these records refer to the same thing?
(y)es / (n)o / (u)nsure / (f)inished / (p)revious
An error occurred when calling compare_range_from_tuple((1991, 2004), (1991, 2004)). I cannot print the type, but most likely a TypeError or ValueError.
An error occurred when calling compare_range_from_tuple((1991, 2004), (1991, 2004)). I cannot print the type, but most likely a TypeError or ValueError.
An error occurred when calling compare_range_from_tuple((1991, 2004), (1991, 2004)). I cannot print the type, but most likely a TypeError or ValueError.
An error occurred when calling compare_range_from_tuple((1991, 2004), (1991, 2004)). I cannot print the type, but most likely a TypeError or ValueError.
firstname : mark
lastname : roe
middlename : j
year_range : (1983, 2019)
main_us_institutions_year : ((1990, 'columbia university'), (1993, 'columbia university'), (1994, 'columbia university'), (1995, 'columbia university'), (1996, 'columbia university'), (2000, 'columbia university'), (2002, 'harvard university'), (2002, 'university of chicago'), (2005, 'harvard university'), (2007, 'harvard university'), (2009, 'harvard university'), (2010, 'university of michigan'), (2011, 'harvard university'), (2012, 'harvard university'), (2013, 'harvard university'), (2014, 'yale university'), (2018, 'harvard university'), (2019, 'harvard university'))
all_us_institutions_year : ((1983, 'harvard university'), (1984, 'harvard university'), (1987, 'harvard university'), (1990, 'columbia university'), (1990, 'harvard university'), (1991, 'harvard university'), (1993, 'columbia university'), (1993, 'harvard university'), (1994, 'columbia university'), (1994, 'harvard university'), (1995, 'columbia university'), (1996, 'columbia university'), (1997, 'harvard university'), (1998, 'harvard university'), (1999, 'harvard university'), (2000, 'columbia university'), (2000, 'harvard university'), (2001, 'columbia university'), (2001, 'harvard university'), (2002, 'harvard university'), (2002, 'university of chicago'), (2003, 'columbia university'), (2003, 'harvard university'), (2004, 'harvard university'), (2005, 'harvard university'), (2006, 'harvard university'), (2007, 'harvard university'), (2009, 'harvard university'), (2010, 'harvard university'), (2010, 'university of michigan'), (2011, 'harvard university'), (2012, 'harvard university'), (2013, 'harvard university'), (2013, 'university of michigan'), (2014, 'harvard university'), (2014, 'yale university'), (2015, 'harvard university'), (2016, 'harvard university'), (2017, 'harvard university'), (2018, 'harvard university'), (2019, 'harvard university'), (2020, 'harvard university'), (2021, 'harvard university'))

firstname : mark
lastname : rosenzweig
middlename : None
year_range : (2017,)
main_us_institutions_year : ((2017, 'yale university'),)
all_us_institutions_year : ((2017, 'yale university'),)

5/10 positive, 3/10 negative
Do these records refer to the same thing?
(y)es / (n)o / (u)nsure / (f)inished / (p)revious
An error occurred when calling compare_range_from_tuple((1991, 2004), (1991, 2004)). I cannot print the type, but most likely a TypeError or ValueError.
An error occurred when calling compare_range_from_tuple((1991, 2004), (1991, 2004)). I cannot print the type, but most likely a TypeError or ValueError.
An error occurred when calling compare_range_from_tuple((1991, 2004), (1991, 2004)). I cannot print the type, but most likely a TypeError or ValueError.
An error occurred when calling compare_range_from_tuple((1991, 2004), (1991, 2004)). I cannot print the type, but most likely a TypeError or ValueError.
firstname : james
lastname : thomas
middlename : None
year_range : (1981, 2021)
main_us_institutions_year : None
all_us_institutions_year : ((2006, 'fermilab'), (2008, 'fermilab'), (2009, 'west virginia university'), (2010, 'west virginia university'), (2013, 'university of texas at austin'), (2020, 'santa cruz institute for particle physics'), (2020, 'west virginia university'), (2021, 'west virginia university'))

firstname : james
lastname : thompson
middlename : None
year_range : (1995,)
main_us_institutions_year : ((1995, 'university of north carolina at chapel hill'),)
all_us_institutions_year : ((1995, 'university of north carolina at chapel hill'),)

5/10 positive, 4/10 negative
Do these records refer to the same thing?
(y)es / (n)o / (u)nsure / (f)inished / (p)revious
An error occurred when calling compare_range_from_tuple((1991, 2004), (1991, 2004)). I cannot print the type, but most likely a TypeError or ValueError.
An error occurred when calling compare_range_from_tuple((1991, 2004), (1991, 2004)). I cannot print the type, but most likely a TypeError or ValueError.
An error occurred when calling compare_range_from_tuple((1991, 2004), (1991, 2004)). I cannot print the type, but most likely a TypeError or ValueError.
An error occurred when calling compare_range_from_tuple((1991, 2004), (1991, 2004)). I cannot print the type, but most likely a TypeError or ValueError.
firstname : donald
lastname : davison
middlename : l
year_range : (1991, 2020)
main_us_institutions_year : ((2005, 'rollins college'), (2016, 'rollins college'), (2020, 'rollins college'))
all_us_institutions_year : ((2005, 'rollins college'), (2016, 'rollins college'), (2017, 'rollins college'), (2020, 'rollins college'))

firstname : donald
lastname : davis
middlename : None
year_range : (2021,)
main_us_institutions_year : ((2021, 'columbia university'),)
all_us_institutions_year : ((2021, 'columbia university'),)

5/10 positive, 5/10 negative
Do these records refer to the same thing?
(y)es / (n)o / (u)nsure / (f)inished / (p)revious
An error occurred when calling compare_range_from_tuple((1991, 2004), (1991, 2004)). I cannot print the type, but most likely a TypeError or ValueError.
An error occurred when calling compare_range_from_tuple((1991, 2004), (1991, 2004)). I cannot print the type, but most likely a TypeError or ValueError.
An error occurred when calling compare_range_from_tuple((1991, 2004), (1991, 2004)). I cannot print the type, but most likely a TypeError or ValueError.
An error occurred when calling compare_range_from_tuple((1991, 2004), (1991, 2004)). I cannot print the type, but most likely a TypeError or ValueError.
firstname : michael
lastname : green
middlename : j
year_range : (2007, 2011)
main_us_institutions_year : ((2007, 'georgetown university'), (2011, 'georgetown university'))
all_us_institutions_year : ((2007, 'center for strategic and international studies'), (2007, 'georgetown university'), (2011, 'georgetown university'), (2014, 'georgetown university'))

firstname : michael
lastname : greenstone
middlename : None
year_range : (2011,)
main_us_institutions_year : ((2011, 'massachusetts institute of technology'),)
all_us_institutions_year : ((2011, 'massachusetts institute of technology'),)

5/10 positive, 6/10 negative
Do these records refer to the same thing?
(y)es / (n)o / (u)nsure / (f)inished / (p)revious
An error occurred when calling compare_range_from_tuple((1991, 2004), (1991, 2004)). I cannot print the type, but most likely a TypeError or ValueError.
An error occurred when calling compare_range_from_tuple((1991, 2004), (1991, 2004)). I cannot print the type, but most likely a TypeError or ValueError.
An error occurred when calling compare_range_from_tuple((1991, 2004), (1991, 2004)). I cannot print the type, but most likely a TypeError or ValueError.
An error occurred when calling compare_range_from_tuple((1991, 2004), (1991, 2004)). I cannot print the type, but most likely a TypeError or ValueError.
firstname : michael
lastname : arnold
middlename : l
year_range : (1988, 2021)
main_us_institutions_year : ((1988, 'louisiana state university'), (1990, 'louisiana state university'), (1990, 'university of georgia'), (1991, 'university of georgia'), (1992, 'university of georgia'), (1993, 'university of georgia'), (1994, 'university of georgia'), (1995, 'university of georgia'), (1996, 'university of georgia'), (1997, 'university of georgia'), (1998, 'university of georgia'), (1999, 'university of georgia'), (2000, 'university of georgia'), (2001, 'university of georgia'), (2002, 'university of georgia'), (2003, 'university of georgia'), (2004, 'university of georgia'), (2005, 'university of georgia'), (2006, 'university of georgia'), (2007, 'university of georgia'), (2008, 'university of georgia'), (2009, 'university of georgia'), (2010, 'university of georgia'), (2011, 'university of georgia'), (2012, 'university of georgia'), (2013, 'university of georgia'), (2014, 'university of georgia'), (2015, 'university of georgia'), (2016, 'university of georgia'), (2017, 'university of georgia'), (2019, 'university of georgia'), (2020, 'university of georgia'), (2021, 'university of georgia'))
all_us_institutions_year : ((1988, 'louisiana state university'), (1989, 'louisiana state university'), (1990, 'louisiana state university'), (1990, 'university of georgia'), (1991, 'university of georgia'), (1992, 'university of georgia'), (1993, 'university of georgia'), (1994, 'university of georgia'), (1995, 'university of georgia'), (1996, 'university of georgia'), (1997, 'university of georgia'), (1998, 'university of georgia'), (1999, 'university of georgia'), (2000, 'university of georgia'), (2001, 'university of georgia'), (2002, 'university of georgia'), (2003, 'university of georgia'), (2004, 'university of georgia'), (2005, 'university of georgia'), (2006, 'university of georgia'), (2007, 'university of georgia'), (2008, 'university of georgia'), (2009, 'university of georgia'), (2010, 'university of georgia'), (2011, 'university of georgia'), (2012, 'university of georgia'), (2013, 'university of georgia'), (2014, 'university of georgia'), (2015, 'university of georgia'), (2016, 'university of georgia'), (2017, 'university of georgia'), (2019, 'university of georgia'), (2020, 'university of georgia'), (2021, 'university of georgia'))

firstname : michael
lastname : arnold
middlename : a
year_range : (2014,)
main_us_institutions_year : ((2014, 'university of delaware'),)
all_us_institutions_year : ((2014, 'university of delaware'),)

5/10 positive, 7/10 negative
Do these records refer to the same thing?
(y)es / (n)o / (u)nsure / (f)inished / (p)revious
An error occurred when calling compare_range_from_tuple((1991, 2004), (1991, 2004)). I cannot print the type, but most likely a TypeError or ValueError.
An error occurred when calling compare_range_from_tuple((1991, 2004), (1991, 2004)). I cannot print the type, but most likely a TypeError or ValueError.
An error occurred when calling compare_range_from_tuple((1991, 2004), (1991, 2004)). I cannot print the type, but most likely a TypeError or ValueError.
An error occurred when calling compare_range_from_tuple((1991, 2004), (1991, 2004)). I cannot print the type, but most likely a TypeError or ValueError.
firstname : chengru
lastname : hu
middlename : None
year_range : (2013, 2019)
main_us_institutions_year : ((2013, 'state university of new york system'), (2019, 'state university of new york system'))
all_us_institutions_year : ((2013, 'state university of new york system'), (2019, 'state university of new york system'))

firstname : sheng
lastname : hu
middlename : c
year_range : (1987,)
main_us_institutions_year : ((1987, 'purdue university'),)
all_us_institutions_year : ((1987, 'purdue university'),)

5/10 positive, 8/10 negative
Do these records refer to the same thing?
(y)es / (n)o / (u)nsure / (f)inished / (p)revious
An error occurred when calling compare_range_from_tuple((1991, 2004), (1991, 2004)). I cannot print the type, but most likely a TypeError or ValueError.
An error occurred when calling compare_range_from_tuple((1991, 2004), (1991, 2004)). I cannot print the type, but most likely a TypeError or ValueError.
An error occurred when calling compare_range_from_tuple((1991, 2004), (1991, 2004)). I cannot print the type, but most likely a TypeError or ValueError.
An error occurred when calling compare_range_from_tuple((1991, 2004), (1991, 2004)). I cannot print the type, but most likely a TypeError or ValueError.
firstname : esther
lastname : sullivan
middlename : None
year_range : (2012, 2021)
main_us_institutions_year : ((2012, 'university of texas at austin'), (2015, 'university of texas at austin'), (2016, 'university of colorado denver'), (2017, 'university of colorado denver'), (2019, 'university of colorado denver'), (2020, 'university of colorado denver'), (2021, 'university of colorado denver'))
all_us_institutions_year : ((2012, 'university of texas at austin'), (2015, 'university of texas at austin'), (2016, 'university of colorado denver'), (2017, 'university of colorado denver'), (2019, 'university of colorado denver'), (2020, 'university of colorado denver'), (2021, 'university of colorado denver'))

firstname : arthur
lastname : sullivan
middlename : None
year_range : (1996,)
main_us_institutions_year : ((1996, 'texas a m university college station'),)
all_us_institutions_year : ((1996, 'texas a m university college station'),)

5/10 positive, 9/10 negative
Do these records refer to the same thing?
(y)es / (n)o / (u)nsure / (f)inished / (p)revious
An error occurred when calling compare_range_from_tuple((1991, 2004), (1991, 2004)). I cannot print the type, but most likely a TypeError or ValueError.
An error occurred when calling compare_range_from_tuple((1991, 2004), (1991, 2004)). I cannot print the type, but most likely a TypeError or ValueError.
An error occurred when calling compare_range_from_tuple((1991, 2004), (1991, 2004)). I cannot print the type, but most likely a TypeError or ValueError.
An error occurred when calling compare_range_from_tuple((1991, 2004), (1991, 2004)). I cannot print the type, but most likely a TypeError or ValueError.
firstname : tae
lastname : lee
middlename : kyoung
year_range : (2013, 2021)
main_us_institutions_year : ((2013, 'university of georgia'), (2014, 'university of georgia'), (2015, 'university of georgia'), (2016, 'university of miami'), (2016, 'university of georgia'), (2017, 'university of miami'), (2018, 'university of miami'), (2019, 'university of miami'), (2020, 'university of miami'), (2021, 'university of miami'))
all_us_institutions_year : ((2013, 'university of georgia'), (2014, 'university of georgia'), (2015, 'university of georgia'), (2016, 'university of georgia'), (2016, 'university of miami'), (2017, 'university of miami'), (2017, 'university of new mexico'), (2018, 'university of miami'), (2019, 'university of miami'), (2020, 'university of miami'), (2021, 'university of miami'))

firstname : taehwy
lastname : lee
middlename : None
year_range : (2013,)
main_us_institutions_year : ((2013, 'university of california riverside'),)
all_us_institutions_year : ((2013, 'university of california riverside'),)

5/10 positive, 10/10 negative
Do these records refer to the same thing?
(y)es / (n)o / (u)nsure / (f)inished / (p)revious
An error occurred when calling compare_range_from_tuple((1991, 2004), (1991, 2004)). I cannot print the type, but most likely a TypeError or ValueError.
An error occurred when calling compare_range_from_tuple((1991, 2004), (1991, 2004)). I cannot print the type, but most likely a TypeError or ValueError.
An error occurred when calling compare_range_from_tuple((1991, 2004), (1991, 2004)). I cannot print the type, but most likely a TypeError or ValueError.
An error occurred when calling compare_range_from_tuple((1991, 2004), (1991, 2004)). I cannot print the type, but most likely a TypeError or ValueError.
firstname : jonathan
lastname : gray
middlename : None
year_range : (2005, 2021)
main_us_institutions_year : ((2010, 'university of wisconsin madison'), (2011, 'university of wisconsin madison'), (2013, 'university of wisconsin madison'), (2014, 'university of wisconsin madison'), (2017, 'university of wisconsin madison'))
all_us_institutions_year : ((2010, 'university of wisconsin madison'), (2011, 'university of wisconsin madison'), (2013, 'university of wisconsin madison'), (2014, 'university of wisconsin madison'), (2015, 'university of wisconsin madison'), (2016, 'university of wisconsin madison'), (2017, 'university of wisconsin madison'))

firstname : jo
lastname : gray
middlename : anna
year_range : (1988,)
main_us_institutions_year : ((1988, 'washington state university'),)
all_us_institutions_year : ((1988, 'washington state university'),)

5/10 positive, 11/10 negative
Do these records refer to the same thing?
(y)es / (n)o / (u)nsure / (f)inished / (p)revious
An error occurred when calling compare_range_from_tuple((1991, 2004), (1991, 2004)). I cannot print the type, but most likely a TypeError or ValueError.
An error occurred when calling compare_range_from_tuple((1991, 2004), (1991, 2004)). I cannot print the type, but most likely a TypeError or ValueError.
An error occurred when calling compare_range_from_tuple((1991, 2004), (1991, 2004)). I cannot print the type, but most likely a TypeError or ValueError.
An error occurred when calling compare_range_from_tuple((1991, 2004), (1991, 2004)). I cannot print the type, but most likely a TypeError or ValueError.
firstname : brendan
lastname : oflaherty
middlename : None
year_range : (1985, 2020)
main_us_institutions_year : ((1990, 'columbia university'), (1992, 'columbia university'), (1993, 'columbia university'), (1994, 'columbia university'), (1995, 'columbia university'), (1997, 'columbia university'), (1998, 'columbia university'), (1999, 'columbia university'), (2000, 'columbia university'), (2003, 'columbia university'), (2004, 'columbia university'), (2005, 'harvard university'), (2006, 'columbia university'), (2007, 'columbia university'), (2008, 'columbia university'), (2009, 'columbia university'), (2010, 'columbia university'), (2012, 'columbia university'), (2014, 'columbia university'), (2015, 'columbia university'), (2016, 'columbia university'), (2017, 'columbia university'), (2018, 'columbia university'), (2019, 'columbia university'), (2020, 'columbia university'))
all_us_institutions_year : ((1990, 'columbia university'), (1991, 'columbia university'), (1992, 'columbia university'), (1993, 'columbia university'), (1994, 'columbia university'), (1995, 'columbia university'), (1997, 'columbia university'), (1998, 'columbia university'), (1999, 'columbia university'), (2000, 'columbia university'), (2001, 'columbia university'), (2002, 'columbia university'), (2003, 'columbia university'), (2004, 'columbia university'), (2005, 'columbia university'), (2005, 'harvard university'), (2006, 'columbia university'), (2007, 'columbia university'), (2008, 'columbia university'), (2009, 'columbia university'), (2010, 'columbia university'), (2011, 'columbia university'), (2012, 'columbia university'), (2014, 'columbia university'), (2015, 'columbia university'), (2016, 'columbia university'), (2017, 'columbia university'), (2018, 'columbia university'), (2019, 'columbia university'), (2020, 'columbia university'), (2021, 'columbia university'))

firstname : brendan
lastname : flaherty
middlename : o
year_range : (2008,)
main_us_institutions_year : ((2008, 'columbia university'),)
all_us_institutions_year : ((2008, 'columbia university'),)

5/10 positive, 12/10 negative
Do these records refer to the same thing?
(y)es / (n)o / (u)nsure / (f)inished / (p)revious
An error occurred when calling compare_range_from_tuple((1991, 2004), (1991, 2004)). I cannot print the type, but most likely a TypeError or ValueError.
An error occurred when calling compare_range_from_tuple((1991, 2004), (1991, 2004)). I cannot print the type, but most likely a TypeError or ValueError.
An error occurred when calling compare_range_from_tuple((1991, 2004), (1991, 2004)). I cannot print the type, but most likely a TypeError or ValueError.
An error occurred when calling compare_range_from_tuple((1991, 2004), (1991, 2004)). I cannot print the type, but most likely a TypeError or ValueError.
firstname : fred
lastname : white
middlename : c
year_range : (1986, 2008)
main_us_institutions_year : ((1986, 'agricultural applied economics association'), (2008, 'agricultural applied economics association'))
all_us_institutions_year : ((1986, 'agricultural applied economics association'), (2008, 'agricultural applied economics association'))

firstname : fred
lastname : white
middlename : c
year_range : (1988,)
main_us_institutions_year : ((1988, 'university of georgia'),)
all_us_institutions_year : ((1988, 'university of georgia'),)

6/10 positive, 12/10 negative
Do these records refer to the same thing?
(y)es / (n)o / (u)nsure / (f)inished / (p)revious
An error occurred when calling compare_range_from_tuple((1991, 2004), (1991, 2004)). I cannot print the type, but most likely a TypeError or ValueError.
An error occurred when calling compare_range_from_tuple((1991, 2004), (1991, 2004)). I cannot print the type, but most likely a TypeError or ValueError.
An error occurred when calling compare_range_from_tuple((1991, 2004), (1991, 2004)). I cannot print the type, but most likely a TypeError or ValueError.
An error occurred when calling compare_range_from_tuple((1991, 2004), (1991, 2004)). I cannot print the type, but most likely a TypeError or ValueError.
firstname : william
lastname : zumeta
middlename : None
year_range : (1981, 1982)
main_us_institutions_year : ((1981, 'university of california los angeles'), (1982, 'university of california los angeles'))
all_us_institutions_year : ((1981, 'university of california los angeles'), (1982, 'university of california los angeles'))

firstname : william
lastname : zame
middlename : None
year_range : (2010,)
main_us_institutions_year : ((2010, 'university of california los angeles'),)
all_us_institutions_year : ((2010, 'university of california los angeles'),)

7/10 positive, 12/10 negative
Do these records refer to the same thing?
(y)es / (n)o / (u)nsure / (f)inished / (p)revious
An error occurred when calling compare_range_from_tuple((1991, 2004), (1991, 2004)). I cannot print the type, but most likely a TypeError or ValueError.
An error occurred when calling compare_range_from_tuple((1991, 2004), (1991, 2004)). I cannot print the type, but most likely a TypeError or ValueError.
An error occurred when calling compare_range_from_tuple((1991, 2004), (1991, 2004)). I cannot print the type, but most likely a TypeError or ValueError.
An error occurred when calling compare_range_from_tuple((1991, 2004), (1991, 2004)). I cannot print the type, but most likely a TypeError or ValueError.
firstname : mwangi
lastname : gthnji
middlename : wa
year_range : (2008, 2020)
main_us_institutions_year : ((2008, 'university of massachusetts amherst'), (2014, 'university of massachusetts amherst'), (2015, 'university of massachusetts amherst'), (2020, 'university of massachusetts amherst'))
all_us_institutions_year : ((2008, 'university of massachusetts amherst'), (2014, 'university of massachusetts amherst'), (2015, 'university of massachusetts amherst'), (2020, 'university of massachusetts amherst'))

firstname : mwangi
lastname : githinji
middlename : wa
year_range : (2012,)
main_us_institutions_year : ((2012, 'university of massachusetts amherst'),)
all_us_institutions_year : ((2012, 'university of massachusetts amherst'),)

7/10 positive, 13/10 negative
Do these records refer to the same thing?
(y)es / (n)o / (u)nsure / (f)inished / (p)revious
An error occurred when calling compare_range_from_tuple((1991, 2004), (1991, 2004)). I cannot print the type, but most likely a TypeError or ValueError.
An error occurred when calling compare_range_from_tuple((1991, 2004), (1991, 2004)). I cannot print the type, but most likely a TypeError or ValueError.
An error occurred when calling compare_range_from_tuple((1991, 2004), (1991, 2004)). I cannot print the type, but most likely a TypeError or ValueError.
An error occurred when calling compare_range_from_tuple((1991, 2004), (1991, 2004)). I cannot print the type, but most likely a TypeError or ValueError.
firstname : christopher
lastname : otrok
middlename : None
year_range : (1995, 2020)
main_us_institutions_year : ((1998, 'university of iowa'), (2001, 'university of virginia'), (2002, 'university of virginia'), (2003, 'university of virginia'), (2007, 'university of virginia'), (2008, 'university of virginia'), (2010, 'university of virginia'), (2011, 'university of virginia'), (2012, 'federal reserve bank of st louis'), (2013, 'university of missouri'), (2013, 'federal reserve bank of st louis'), (2015, 'federal reserve bank of st louis'), (2016, 'university of missouri'), (2016, 'federal reserve bank of st louis'), (2019, 'university of missouri'))
all_us_institutions_year : ((1992, 'federal reserve bank of st louis'), (1992, 'university of missouri'), (1994, 'federal reserve bank of st louis'), (1994, 'university of missouri'), (1995, 'federal reserve bank of st louis'), (1996, 'federal reserve bank of st louis'), (1996, 'university of iowa'), (1996, 'university of missouri'), (1998, 'university of iowa'), (1998, 'university of virginia'), (1999, 'university of virginia'), (2000, 'federal reserve bank of st louis'), (2000, 'university of missouri'), (2000, 'university of virginia'), (2001, 'university of virginia'), (2002, 'university of virginia'), (2003, 'university of virginia'), (2005, 'federal reserve bank of st louis'), (2005, 'university of missouri'), (2005, 'university of virginia'), (2007, 'university of virginia'), (2008, 'federal reserve bank of st louis'), (2008, 'international monetary fund'), (2008, 'university of missouri'), (2008, 'university of virginia'), (2010, 'federal reserve bank of st louis'), (2010, 'university of missouri'), (2010, 'university of virginia'), (2011, 'federal reserve bank of st louis'), (2011, 'university of missouri'), (2011, 'university of virginia'), (2012, 'federal reserve bank of st louis'), (2012, 'university of missouri'), (2012, 'university of virginia'), (2013, 'federal reserve bank of st louis'), (2013, 'university of missouri'), (2014, 'federal reserve bank of st louis'), (2014, 'university of missouri'), (2015, 'federal reserve bank of st louis'), (2015, 'university of missouri'), (2016, 'federal reserve bank of st louis'), (2016, 'university of missouri'), (2019, 'federal reserve bank of st louis'), (2019, 'university of missouri'), (2020, 'federal reserve bank of st louis'), (2020, 'university of missouri'))

firstname : chris
lastname : otrok
middlename : None
year_range : (2012,)
main_us_institutions_year : ((2012, 'university of virginia main campus'),)
all_us_institutions_year : ((2012, 'university of virginia main campus'),)

8/10 positive, 13/10 negative
Do these records refer to the same thing?
(y)es / (n)o / (u)nsure / (f)inished / (p)revious
An error occurred when calling compare_range_from_tuple((1991, 2004), (1991, 2004)). I cannot print the type, but most likely a TypeError or ValueError.
An error occurred when calling compare_range_from_tuple((1991, 2004), (1991, 2004)). I cannot print the type, but most likely a TypeError or ValueError.
An error occurred when calling compare_range_from_tuple((1991, 2004), (1991, 2004)). I cannot print the type, but most likely a TypeError or ValueError.
An error occurred when calling compare_range_from_tuple((1991, 2004), (1991, 2004)). I cannot print the type, but most likely a TypeError or ValueError.
firstname : ted
lastname : temzelides
middlename : None
year_range : (1997, 2017)
main_us_institutions_year : ((1997, 'rice university'), (1997, 'federal reserve bank of philadelphia'), (1998, 'university of iowa'), (2001, 'university of iowa'), (2002, 'university of iowa'), (2003, 'university of pittsburgh'), (2004, 'university of pittsburgh'), (2008, 'university of pittsburgh'), (2010, 'rice university'), (2011, 'rice university'), (2012, 'rice university'), (2014, 'rice university'), (2015, 'rice university'), (2016, 'rice university'), (2017, 'rice university'))
all_us_institutions_year : ((1995, 'federal reserve bank of philadelphia'), (1995, 'rice university'), (1996, 'rice university'), (1997, 'federal reserve bank of philadelphia'), (1997, 'rice university'), (1998, 'university of iowa'), (1998, 'university of pittsburgh'), (2001, 'university of iowa'), (2002, 'university of iowa'), (2003, 'university of pittsburgh'), (2004, 'rice university'), (2004, 'university of pittsburgh'), (2005, 'university of pittsburgh'), (2006, 'rice university'), (2006, 'university of pittsburgh'), (2007, 'university of pittsburgh'), (2008, 'rice university'), (2008, 'university of pittsburgh'), (2009, 'rice university'), (2010, 'rice university'), (2011, 'rice university'), (2012, 'rice university'), (2013, 'rice university'), (2014, 'rice university'), (2015, 'rice university'), (2016, 'rice university'), (2017, 'rice university'))

firstname : ted
lastname : lochtemzelides
middlename : None
year_range : (2014,)
main_us_institutions_year : ((2014, 'rice university'),)
all_us_institutions_year : ((2014, 'rice university'),)

9/10 positive, 13/10 negative
Do these records refer to the same thing?
(y)es / (n)o / (u)nsure / (f)inished / (p)revious
An error occurred when calling compare_range_from_tuple((1991, 2004), (1991, 2004)). I cannot print the type, but most likely a TypeError or ValueError.
An error occurred when calling compare_range_from_tuple((1991, 2004), (1991, 2004)). I cannot print the type, but most likely a TypeError or ValueError.
An error occurred when calling compare_range_from_tuple((1991, 2004), (1991, 2004)). I cannot print the type, but most likely a TypeError or ValueError.
An error occurred when calling compare_range_from_tuple((1991, 2004), (1991, 2004)). I cannot print the type, but most likely a TypeError or ValueError.
firstname : jeff
lastname : grogger
middlename : None
year_range : (1992, 2003)
main_us_institutions_year : ((2000, 'university of california los angeles'), (2003, 'university of california los angeles'))
all_us_institutions_year : ((1998, 'national bureau of economic research'), (2000, 'national bureau of economic research'), (2000, 'university of california los angeles'), (2000, 'university of chicago'), (2003, 'university of california los angeles'))

firstname : jeffrey
lastname : grogger
middlename : t
year_range : (2010,)
main_us_institutions_year : ((2010, 'university of chicago'),)
all_us_institutions_year : ((2010, 'university of chicago'),)

10/10 positive, 13/10 negative
Do these records refer to the same thing?
(y)es / (n)o / (u)nsure / (f)inished / (p)revious
An error occurred when calling compare_range_from_tuple((1991, 2004), (1991, 2004)). I cannot print the type, but most likely a TypeError or ValueError.
An error occurred when calling compare_range_from_tuple((1991, 2004), (1991, 2004)). I cannot print the type, but most likely a TypeError or ValueError.
An error occurred when calling compare_range_from_tuple((1991, 2004), (1991, 2004)). I cannot print the type, but most likely a TypeError or ValueError.
An error occurred when calling compare_range_from_tuple((1991, 2004), (1991, 2004)). I cannot print the type, but most likely a TypeError or ValueError.
firstname : robin
lastname : lumsdaine
middlename : l
year_range : (1990, 2021)
main_us_institutions_year : ((1990, 'harvard university'), (1992, 'princeton university'), (1997, 'princeton university'), (1998, 'brown university'), (1998, 'national bureau of economic research'), (1999, 'brown university'), (2002, 'deutsche bank'), (2002, 'national bureau of economic research'), (2003, 'deutsche bank'), (2008, 'american university'), (2013, 'american university'), (2013, 'national bureau of economic research'), (2015, 'american university'), (2015, 'national bureau of economic research'), (2016, 'national bureau of economic research'), (2018, 'american university'), (2021, 'national bureau of economic research'))
all_us_institutions_year : ((1990, 'american university'), (1990, 'harvard university'), (1990, 'national bureau of economic research'), (1992, 'american university'), (1992, 'national bureau of economic research'), (1992, 'princeton university'), (1995, 'american university'), (1995, 'national bureau of economic research'), (1996, 'american university'), (1996, 'national bureau of economic research'), (1997, 'american university'), (1997, 'national bureau of economic research'), (1997, 'princeton university'), (1998, 'american university'), (1998, 'brown university'), (1998, 'deutsche bank'), (1998, 'national bureau of economic research'), (1999, 'american university'), (1999, 'brown university'), (1999, 'deutsche bank'), (1999, 'international monetary fund'), (1999, 'national bureau of economic research'), (2001, 'american university'), (2001, 'national bureau of economic research'), (2002, 'american university'), (2002, 'deutsche bank'), (2002, 'national bureau of economic research'), (2003, 'deutsche bank'), (2003, 'national bureau of economic research'), (2008, 'american university'), (2009, 'american university'), (2009, 'national bureau of economic research'), (2011, 'american university'), (2011, 'national bureau of economic research'), (2013, 'american university'), (2013, 'national bureau of economic research'), (2014, 'american university'), (2014, 'national bureau of economic research'), (2015, 'american university'), (2015, 'national bureau of economic research'), (2016, 'american university'), (2016, 'national bureau of economic research'), (2018, 'american university'), (2018, 'national bureau of economic research'), (2019, 'american university'), (2019, 'national bureau of economic research'), (2020, 'american university'), (2020, 'national bureau of economic research'), (2021, 'national bureau of economic research'))

firstname : robin
lastname : lee
middlename : None
year_range : (2016,)
main_us_institutions_year : ((2016, 'harvard university'),)
all_us_institutions_year : ((2016, 'harvard university'),)

10/10 positive, 13/10 negative
Do these records refer to the same thing?
(y)es / (n)o / (u)nsure / (f)inished / (p)revious
firstname : michele
lastname : goodwin
middlename : None
year_range : (2002, 2021)
main_us_institutions_year : ((2002, 'depaul university'), (2003, 'depaul university'), (2004, 'depaul university'), (2006, 'depaul university'), (2007, 'western new england university'), (2008, 'illinois institute of technology'), (2009, 'university of tulsa'), (2011, 'university of minnesota'), (2012, 'university of minnesota'), (2013, 'depaul university'), (2013, 'university of minnesota'), (2014, 'depaul university'), (2015, 'university of california irvine'), (2017, 'university of california irvine'), (2019, 'university of california irvine'), (2020, 'university of california irvine'), (2021, 'university of california irvine'))
all_us_institutions_year : ((2002, 'depaul university'), (2002, 'university of california irvine'), (2003, 'depaul university'), (2003, 'university of california irvine'), (2004, 'depaul university'), (2006, 'depaul university'), (2007, 'university of california irvine'), (2007, 'western new england university'), (2008, 'illinois institute of technology'), (2009, 'university of california irvine'), (2009, 'university of tulsa'), (2010, 'university of california irvine'), (2011, 'university of california irvine'), (2011, 'university of minnesota'), (2012, 'university of california irvine'), (2012, 'university of minnesota'), (2013, 'depaul university'), (2013, 'university of california irvine'), (2013, 'university of minnesota'), (2014, 'depaul university'), (2014, 'university of california berkeley'), (2014, 'university of california irvine'), (2015, 'depaul university'), (2015, 'fordham university'), (2015, 'university of california irvine'), (2016, 'university of california irvine'), (2017, 'university of california irvine'), (2018, 'university of california irvine'), (2019, 'university of california irvine'), (2020, 'university of california irvine'), (2021, 'university of california irvine'))

firstname : michele
lastname : boldrin
middlename : None
year_range : (2006,)
main_us_institutions_year : ((2006, 'university of minnesota'),)
all_us_institutions_year : ((2006, 'university of minnesota'),)

10/10 positive, 14/10 negative
Do these records refer to the same thing?
(y)es / (n)o / (u)nsure / (f)inished / (p)revious
An error occurred when calling compare_range_from_tuple((1991, 2004), (1991, 2004)). I cannot print the type, but most likely a TypeError or ValueError.
An error occurred when calling compare_range_from_tuple((1991, 2004), (1991, 2004)). I cannot print the type, but most likely a TypeError or ValueError.
An error occurred when calling compare_range_from_tuple((1991, 2004), (1991, 2004)). I cannot print the type, but most likely a TypeError or ValueError.
An error occurred when calling compare_range_from_tuple((1991, 2004), (1991, 2004)). I cannot print the type, but most likely a TypeError or ValueError.
firstname : andre
lastname : santos
middlename : o
year_range : (2009, 2012)
main_us_institutions_year : ((2012, 'international monetary fund'),)
all_us_institutions_year : ((2002, 'international monetary fund'), (2003, 'international monetary fund'), (2006, 'international monetary fund'), (2009, 'international monetary fund'), (2010, 'international monetary fund'), (2011, 'international monetary fund'), (2012, 'international monetary fund'), (2015, 'international monetary fund'), (2019, 'international monetary fund'))

firstname : andres
lastname : santos
middlename : None
year_range : (2017,)
main_us_institutions_year : ((2017, 'university of california san diego'),)
all_us_institutions_year : ((2017, 'university of california san diego'),)

10/10 positive, 15/10 negative
Do these records refer to the same thing?
(y)es / (n)o / (u)nsure / (f)inished / (p)revious
An error occurred when calling compare_range_from_tuple((1991, 2004), (1991, 2004)). I cannot print the type, but most likely a TypeError or ValueError.
An error occurred when calling compare_range_from_tuple((1991, 2004), (1991, 2004)). I cannot print the type, but most likely a TypeError or ValueError.
An error occurred when calling compare_range_from_tuple((1991, 2004), (1991, 2004)). I cannot print the type, but most likely a TypeError or ValueError.
An error occurred when calling compare_range_from_tuple((1991, 2004), (1991, 2004)). I cannot print the type, but most likely a TypeError or ValueError.
firstname : adam
lastname : rome
middlename : None
year_range : (1994, 2019)
main_us_institutions_year : ((1996, 'pennsylvania state university'), (2000, 'pennsylvania state university'), (2001, 'state university of new york system'), (2002, 'pennsylvania state university'), (2006, 'pennsylvania state university'), (2007, 'pennsylvania state university'), (2008, 'pennsylvania state university'), (2014, 'university of delaware'), (2015, 'university of delaware'))
all_us_institutions_year : ((1996, 'pennsylvania state university'), (2000, 'pennsylvania state university'), (2001, 'state university of new york system'), (2002, 'pennsylvania state university'), (2006, 'pennsylvania state university'), (2007, 'pennsylvania state university'), (2008, 'pennsylvania state university'), (2014, 'university of delaware'), (2015, 'university of delaware'))

firstname : adam
lastname : rose
middlename : z
year_range : (2002,)
main_us_institutions_year : ((2002, 'pennsylvania state university'),)
all_us_institutions_year : ((2002, 'pennsylvania state university'),)

10/10 positive, 15/10 negative
Do these records refer to the same thing?
(y)es / (n)o / (u)nsure / (f)inished / (p)revious
firstname : sumner
lastname : croix
middlename : j la
year_range : (1983, 2021)
main_us_institutions_year : ((1984, 'university of hawaii'), (1986, 'university of hawaii'), (1989, 'university of hawaii'), (1992, 'university of hawaii'), (1993, 'university of hawaii'), (1994, 'university of hawaii'), (1995, 'university of hawaii'), (1996, 'university of hawaii'), (1997, 'university of hawaii'), (1999, 'university of hawaii'), (2002, 'university of hawaii'), (2006, 'university of hawaii'), (2007, 'university of hawaii'), (2007, 'university of hawaii at manoa'), (2008, 'university of hawaii at manoa'), (2013, 'university of hawaii'), (2014, 'university of hawaii'), (2016, 'university of hawaii'), (2018, 'university of hawaii at manoa'), (2021, 'university of hawaii'))
all_us_institutions_year : ((1984, 'university of hawaii'), (1986, 'university of hawaii'), (1988, 'university of hawaii'), (1989, 'university of hawaii'), (1991, 'university of hawaii'), (1992, 'university of hawaii'), (1993, 'university of hawaii'), (1994, 'university of hawaii'), (1995, 'university of hawaii'), (1996, 'university of hawaii'), (1997, 'university of hawaii'), (1999, 'university of hawaii'), (2002, 'university of hawaii'), (2004, 'university of hawaii'), (2005, 'university of hawaii'), (2005, 'university of hawaii at manoa'), (2006, 'university of hawaii'), (2007, 'university of hawaii'), (2007, 'university of hawaii at manoa'), (2008, 'university of hawaii at manoa'), (2009, 'university of hawaii'), (2010, 'university of hawaii'), (2013, 'university of hawaii'), (2014, 'university of hawaii'), (2015, 'university of hawaii at manoa'), (2016, 'university of hawaii'), (2018, 'university of hawaii at manoa'), (2021, 'university of hawaii'))

firstname : sumner
lastname : croix
middlename : la
year_range : (2015,)
main_us_institutions_year : ((2015, 'university of hawaii at manoa'),)
all_us_institutions_year : ((2015, 'university of hawaii at manoa'),)

10/10 positive, 15/10 negative
Do these records refer to the same thing?
(y)es / (n)o / (u)nsure / (f)inished / (p)revious
firstname : michael
lastname : nelson
middlename : paul
year_range : (2009, 2021)
main_us_institutions_year : ((2009, 'michigan state university'), (2013, 'oregon state university'), (2014, 'oregon state university'), (2015, 'oregon state university'), (2016, 'oregon state university'), (2017, 'oregon state university'), (2018, 'oregon state university'), (2019, 'oregon state university'), (2020, 'oregon state university'), (2021, 'oregon state university'))
all_us_institutions_year : ((2009, 'michigan state university'), (2013, 'oregon state university'), (2014, 'oregon state university'), (2015, 'oregon state university'), (2016, 'oregon state university'), (2017, 'oregon state university'), (2018, 'oregon state university'), (2019, 'oregon state university'), (2020, 'oregon state university'), (2021, 'oregon state university'))

firstname : michael
lastname : nelson
middlename : a
year_range : (1994,)
main_us_institutions_year : ((1994, 'illinois state university'),)
all_us_institutions_year : ((1994, 'illinois state university'),)

11/10 positive, 15/10 negative
Do these records refer to the same thing?
(y)es / (n)o / (u)nsure / (f)inished / (p)revious
An error occurred when calling compare_range_from_tuple((1991, 2004), (1991, 2004)). I cannot print the type, but most likely a TypeError or ValueError.
An error occurred when calling compare_range_from_tuple((1991, 2004), (1991, 2004)). I cannot print the type, but most likely a TypeError or ValueError.
An error occurred when calling compare_range_from_tuple((1991, 2004), (1991, 2004)). I cannot print the type, but most likely a TypeError or ValueError.
An error occurred when calling compare_range_from_tuple((1991, 2004), (1991, 2004)). I cannot print the type, but most likely a TypeError or ValueError.
firstname : james
lastname : smith
middlename : fielding
year_range : (1999, 2010)
main_us_institutions_year : ((2009, 'american public university system'), (2010, 'american public university system'))
all_us_institutions_year : ((2004, 'american public university system'), (2009, 'american public university system'), (2010, 'american public university system'))

firstname : james
lastname : smith
middlename : l
year_range : (1992,)
main_us_institutions_year : ((1992, 'university of houston'),)
all_us_institutions_year : ((1992, 'university of houston'),)

11/10 positive, 16/10 negative
Do these records refer to the same thing?
(y)es / (n)o / (u)nsure / (f)inished / (p)revious
An error occurred when calling compare_range_from_tuple((1991, 2004), (1991, 2004)). I cannot print the type, but most likely a TypeError or ValueError.
An error occurred when calling compare_range_from_tuple((1991, 2004), (1991, 2004)). I cannot print the type, but most likely a TypeError or ValueError.
An error occurred when calling compare_range_from_tuple((1991, 2004), (1991, 2004)). I cannot print the type, but most likely a TypeError or ValueError.
An error occurred when calling compare_range_from_tuple((1991, 2004), (1991, 2004)). I cannot print the type, but most likely a TypeError or ValueError.
firstname : karl
lastname : roskamp
middlename : w
year_range : (1983, 2009)
main_us_institutions_year : ((2009, 'university of michigan'),)
all_us_institutions_year : ((2009, 'university of michigan'),)

firstname : karl
lastname : roskamp
middlename : None
year_range : (1990,)
main_us_institutions_year : ((1990, 'wayne state university'),)
all_us_institutions_year : ((1990, 'wayne state university'),)

11/10 positive, 17/10 negative
Do these records refer to the same thing?
(y)es / (n)o / (u)nsure / (f)inished / (p)revious
An error occurred when calling compare_range_from_tuple((1991, 2004), (1991, 2004)). I cannot print the type, but most likely a TypeError or ValueError.
An error occurred when calling compare_range_from_tuple((1991, 2004), (1991, 2004)). I cannot print the type, but most likely a TypeError or ValueError.
An error occurred when calling compare_range_from_tuple((1991, 2004), (1991, 2004)). I cannot print the type, but most likely a TypeError or ValueError.
An error occurred when calling compare_range_from_tuple((1991, 2004), (1991, 2004)). I cannot print the type, but most likely a TypeError or ValueError.
firstname : stephen
lastname : morris
middlename : d
year_range : (2016, 2020)
main_us_institutions_year : ((2016, 'bowdoin college'), (2020, 'bowdoin college'))
all_us_institutions_year : ((2015, 'bowdoin college'), (2016, 'bowdoin college'), (2017, 'bowdoin college'), (2019, 'bowdoin college'), (2020, 'bowdoin college'))

firstname : stephen
lastname : morris
middlename : None
year_range : (2013,)
main_us_institutions_year : ((2013, 'princeton university'),)
all_us_institutions_year : ((2013, 'princeton university'),)

11/10 positive, 17/10 negative
Do these records refer to the same thing?
(y)es / (n)o / (u)nsure / (f)inished / (p)revious
firstname : thomas
lastname : mroz
middlename : None
year_range : (2008, 2013)
main_us_institutions_year : ((2008, 'clemson university'), (2009, 'clemson university'), (2010, 'clemson university'), (2012, 'clemson university'), (2013, 'clemson university'))
all_us_institutions_year : ((2008, 'clemson university'), (2009, 'clemson university'), (2010, 'clemson university'), (2012, 'clemson university'), (2013, 'clemson university'))

firstname : thomas
lastname : mroz
middlename : None
year_range : (2003,)
main_us_institutions_year : ((2003, 'university of north carolina at chapel hill'),)
all_us_institutions_year : ((2003, 'university of north carolina at chapel hill'),)

11/10 positive, 18/10 negative
Do these records refer to the same thing?
(y)es / (n)o / (u)nsure / (f)inished / (p)revious
An error occurred when calling compare_range_from_tuple((1991, 2004), (1991, 2004)). I cannot print the type, but most likely a TypeError or ValueError.
An error occurred when calling compare_range_from_tuple((1991, 2004), (1991, 2004)). I cannot print the type, but most likely a TypeError or ValueError.
An error occurred when calling compare_range_from_tuple((1991, 2004), (1991, 2004)). I cannot print the type, but most likely a TypeError or ValueError.
An error occurred when calling compare_range_from_tuple((1991, 2004), (1991, 2004)). I cannot print the type, but most likely a TypeError or ValueError.
firstname : william
lastname : maloney
middlename : f
year_range : (1983, 2014)
main_us_institutions_year : ((2003, 'university of kentucky'), (2007, 'university of kentucky'), (2009, 'university of kentucky'), (2009, 'construction industry institute'), (2010, 'university of kentucky'), (2011, 'university of kentucky'), (2013, 'university of kentucky'), (2014, 'university of kentucky'))
all_us_institutions_year : ((2003, 'university of kentucky'), (2005, 'university of kentucky'), (2007, 'university of kentucky'), (2009, 'construction industry institute'), (2009, 'university of kentucky'), (2010, 'university of kentucky'), (2011, 'university of kentucky'), (2013, 'university of kentucky'), (2014, 'university of kentucky'))

firstname : william
lastname : maloney
middlename : None
year_range : (1996,)
main_us_institutions_year : ((1996, 'university of illinois at urbana champaign'),)
all_us_institutions_year : ((1996, 'university of illinois at urbana champaign'),)

11/10 positive, 19/10 negative
Do these records refer to the same thing?
(y)es / (n)o / (u)nsure / (f)inished / (p)revious
An error occurred when calling compare_range_from_tuple((1991, 2004), (1991, 2004)). I cannot print the type, but most likely a TypeError or ValueError.
An error occurred when calling compare_range_from_tuple((1991, 2004), (1991, 2004)). I cannot print the type, but most likely a TypeError or ValueError.
An error occurred when calling compare_range_from_tuple((1991, 2004), (1991, 2004)). I cannot print the type, but most likely a TypeError or ValueError.
An error occurred when calling compare_range_from_tuple((1991, 2004), (1991, 2004)). I cannot print the type, but most likely a TypeError or ValueError.
firstname : krishna
lastname : kumar
middlename : b
year_range : (2007, 2016)
main_us_institutions_year : ((2007, 'duke university'),)
all_us_institutions_year : ((2007, 'duke university'), (2007, 'rand corporation'))

firstname : krishna
lastname : kumar
middlename : None
year_range : (2013,)
main_us_institutions_year : ((2013, 'pardee rand graduate school'),)
all_us_institutions_year : ((2013, 'pardee rand graduate school'),)

11/10 positive, 19/10 negative
Do these records refer to the same thing?
(y)es / (n)o / (u)nsure / (f)inished / (p)revious
Finished labeling
Done in 1024.1869270324707 minutes.
