/home/christoph/anaconda3/envs/science-career-tempenv/lib/python3.9/site-packages/numpy/core/getlimits.py:500: UserWarning: The value of the smallest subnormal for <class 'numpy.float64'> type is zero.
  setattr(self, word, getattr(machar, word).flat[0])
/home/christoph/anaconda3/envs/science-career-tempenv/lib/python3.9/site-packages/numpy/core/getlimits.py:89: UserWarning: The value of the smallest subnormal for <class 'numpy.float64'> type is zero.
  return self._float_to_str(self.smallest_subnormal)
/home/christoph/anaconda3/envs/science-career-tempenv/lib/python3.9/site-packages/numpy/core/getlimits.py:500: UserWarning: The value of the smallest subnormal for <class 'numpy.float32'> type is zero.
  setattr(self, word, getattr(machar, word).flat[0])
/home/christoph/anaconda3/envs/science-career-tempenv/lib/python3.9/site-packages/numpy/core/getlimits.py:89: UserWarning: The value of the smallest subnormal for <class 'numpy.float32'> type is zero.
  return self._float_to_str(self.smallest_subnormal)
Namespace(testing=False, verbose=1, field=['geography'], train_name='christoph_baseline_update', startyear=1985, endyear=2022, mergemode='m:1', recall=0.9, institution='True', fieldofstudy_cat='False', fieldofstudy_str='False', keywords='False', retrain='True', linking_type='advisors')
Have max 6 cores available
Testing is False 

finished setup ... 
INFO:dedupe.canopy_index:Removing stop word an
INFO:dedupe.canopy_index:Removing stop word er
INFO:dedupe.canopy_index:Removing stop word an
INFO:dedupe.canopy_index:Removing stop word ar
INFO:dedupe.canopy_index:Removing stop word in
INFO:dedupe.training:Final predicate set:
INFO:dedupe.training:SimplePredicate: (commonSixGram, lastname)
firstname : william
lastname : burch
middlename : richard
year_range : (2004,)
main_us_institutions_year : ((2004, 'yale university'),)
all_us_institutions_year : ((2004, 'yale university'),)

firstname : william
lastname : burch
middlename : r
year_range : (1981, 2018)
main_us_institutions_year : ((1984, 'yale university'), (1997, 'yale university'), (1999, 'yale university'), (2002, 'yale university'), (2004, 'yale university'), (2006, 'yale university'), (2007, 'yale university'), (2008, 'yale university'), (2011, 'yale university'), (2013, 'yale university'))
all_us_institutions_year : ((1984, 'yale university'), (1997, 'yale university'), (1999, 'yale university'), (2002, 'yale university'), (2004, 'yale university'), (2006, 'yale university'), (2007, 'yale university'), (2008, 'yale university'), (2011, 'yale university'), (2013, 'yale university'))

0/10 positive, 0/10 negative
Do these records refer to the same thing?
(y)es / (n)o / (u)nsure / (f)inished

        SELECT relationship_id
                , year
                , year AS year_range
                , firstname 
                , lastname
                , CASE TRIM(SUBSTR(middle_lastname, 1, l_fullname-l_firstname-l_lastname - 1)) 
                    WHEN 
                        "" THEN NULL 
                        ELSE TRIM(SUBSTR(middle_lastname, 1, l_fullname-l_firstname-l_lastname - 1)) 
                    END AS middlename
                , fieldofstudy
                , keywords
                , institution
                , year || "//" || institution as main_us_institutions_year
                , year || "//" || institution as all_us_institutions_year
        FROM (
            SELECT goid
                , relationship_id
                , degree_year AS year 
                , a.fullname 
                , SUBSTR(TRIM(a.fullname),1,instr(trim(a.fullname)||' ',' ')-1) AS firstname
                , REPLACE(a.fullname, RTRIM(a.fullname, REPLACE(a.fullname, " ", "")), "") AS lastname 
                , TRIM(SUBSTR(a.fullname, length(SUBSTR(TRIM(a.fullname),1,instr(trim(a.fullname)||' ',' ')-1)) + 1)) AS middle_lastname 
                , length(a.fullname) AS l_fullname 
                , length(SUBSTR(TRIM(a.fullname),1,instr(trim(a.fullname)||' ',' ')-1) ) AS l_firstname
                , length(REPLACE(a.fullname, RTRIM(a.fullname, REPLACE(a.fullname, " ", "")), "")) AS l_lastname
                , fieldname AS fieldofstudy
                , university_id
            FROM pq_authors 
            INNER JOIN (
                SELECT goid, fieldname 
                FROM pq_fields_mag
                WHERE mag_field0 IN (?)
            ) USING (goid)
            INNER JOIN ( --# NOTE: this only keeps the theses where at least one advisor is present
                SELECT *, firstname || ' ' || lastname AS fullname
                FROM pq_advisors
            ) AS a USING(goid)
        )
        -- ## NOTE: use left join here as not all graduates have advisor (particularly pre-1980) and possibly also keywords
        LEFT JOIN (
            SELECT goid
                , fields as keywords
            FROM pq_info_linking
        ) USING(goid) 
        INNER JOIN (
            SELECT university_id, normalizedname as institution
            FROM pq_unis --## mark: previously we linked advisors anywhere in the world (as career outcomes). for now, focus on US
            WHERE location like "%United States%"
        ) USING(university_id)
        WHERE year >= 1985 and year <= 2022 AND length(firstname) > 1
         


    SELECT f.AuthorId
        , f.year
        , f.YearLastPub
        , f.firstname
        , f.lastname
        , CASE TRIM(SUBSTR(f.middle_lastname, 1, f.l_fullname - f.l_firstname - f.l_lastname - 1)) 
            WHEN 
                "" THEN NULL 
                ELSE TRIM(SUBSTR(f.middle_lastname, 1, f.l_fullname - f.l_firstname - f.l_lastname - 1)) 
            END as middlename 
            -- ## NOTE this gives "" for middlename when it is missing 
        , f.fieldofstudy
        , g.keywords
        , g.coauthors
        , g.institution
        , g.main_us_institutions_year
         
        , f.year || ";" || f.YearLastPub AS year_range 
        , g.all_us_institutions_year
    
    FROM (
        SELECT a.AuthorId
            , a.YearFirstPub AS year
            , a.YearLastPub 
            , a.FirstName AS firstname
            , REPLACE(b.NormalizedName, RTRIM(b.NormalizedName, REPLACE(b.NormalizedName, " ", "")), "") AS lastname 
                    -- https://stackoverflow.com/questions/21388820/how-to-get-the-last-index-of-a-substring-in-sqlite
            , TRIM(SUBSTR(b.NormalizedName, length(a.FirstName) + 1)) AS middle_lastname 
                    -- this gives all except the first name 
            , length(b.NormalizedName) as l_fullname 
            , length(a.FirstName) as l_firstname
            , length(REPLACE(b.NormalizedName, RTRIM(b.NormalizedName, REPLACE(b.NormalizedName, " ", "")), "")) as l_lastname
            , e.NormalizedName AS fieldofstudy
        FROM author_sample AS a
        INNER JOIN (
            SELECT AuthorId, NormalizedName
            FROM Authors
        ) AS b USING(AuthorId)
        INNER JOIN (
            -- ## mark: different from linking graduates. filter on field0
            SELECT AuthorId, NormalizedName
            FROM author_fields c
            INNER JOIN (
                SELECT FieldOfStudyId, NormalizedName
                FROM FieldsOfStudy
            ) AS d USING(FieldOfStudyId)
            WHERE FieldClass = 'main'
                AND FieldOfStudyId IN (?)
        ) AS e USING(AuthorId)
    ) f
    LEFT JOIN (
        SELECT AuthorId
                , main_us_institutions_career as institution
                , coauthors
                , keywords
                , main_us_institutions_year
                , all_us_institutions_year
        FROM author_info_linking
    ) AS g USING(AuthorId)
    
    WHERE length(firstname) > 1 AND f.YearLastPub >= 1985 - 5 AND year <= 2022 + 5 AND institution is not NULL
     

Starting active labeling...
(y)es / (n)o / (u)nsure / (f)inished
firstname : maria
lastname : lemos
middlename : carmen de mello
year_range : (2009,)
main_us_institutions_year : ((2009, 'university of michigan'),)
all_us_institutions_year : ((2009, 'university of michigan'),)

firstname : maria
lastname : lemos
middlename : carmen
year_range : (2003, 2021)
main_us_institutions_year : ((2003, 'university of michigan'), (2004, 'university of michigan'), (2005, 'university of michigan'), (2007, 'university of michigan'), (2008, 'university of michigan'), (2009, 'university of michigan'), (2012, 'university of michigan'), (2014, 'university of michigan'), (2015, 'university of michigan'), (2016, 'university of michigan'), (2017, 'university of michigan'), (2018, 'university of michigan'), (2019, 'university of michigan'), (2020, 'university of michigan'), (2021, 'university of michigan'))
all_us_institutions_year : ((2002, 'university of michigan'), (2003, 'university of michigan'), (2004, 'university of michigan'), (2005, 'university of michigan'), (2007, 'university of michigan'), (2008, 'university of michigan'), (2009, 'university of michigan'), (2012, 'university of michigan'), (2013, 'university of michigan'), (2014, 'university of michigan'), (2015, 'university of michigan'), (2016, 'university of michigan'), (2017, 'university of michigan'), (2018, 'university of michigan'), (2019, 'university of michigan'), (2020, 'university of michigan'), (2021, 'university of michigan'))

0/10 positive, 0/10 negative
Do these records refer to the same thing?
(y)es / (n)o / (u)nsure / (f)inished / (p)revious
firstname : william
lastname : burch
middlename : richard
year_range : (2004,)
main_us_institutions_year : ((2004, 'yale university'),)
all_us_institutions_year : ((2004, 'yale university'),)

firstname : william
lastname : burch
middlename : r
year_range : (1981, 2018)
main_us_institutions_year : ((1984, 'yale university'), (1997, 'yale university'), (1999, 'yale university'), (2002, 'yale university'), (2004, 'yale university'), (2006, 'yale university'), (2007, 'yale university'), (2008, 'yale university'), (2011, 'yale university'), (2013, 'yale university'))
all_us_institutions_year : ((1984, 'yale university'), (1997, 'yale university'), (1999, 'yale university'), (2002, 'yale university'), (2004, 'yale university'), (2006, 'yale university'), (2007, 'yale university'), (2008, 'yale university'), (2011, 'yale university'), (2013, 'yale university'))

0/10 positive, 0/10 negative
Do these records refer to the same thing?
(y)es / (n)o / (u)nsure / (f)inished
firstname : maria
lastname : lemos
middlename : carmen de mello
year_range : (2009,)
main_us_institutions_year : ((2009, 'university of michigan'),)
all_us_institutions_year : ((2009, 'university of michigan'),)

firstname : maria
lastname : lemos
middlename : carmen
year_range : (2003, 2021)
main_us_institutions_year : ((2003, 'university of michigan'), (2004, 'university of michigan'), (2005, 'university of michigan'), (2007, 'university of michigan'), (2008, 'university of michigan'), (2009, 'university of michigan'), (2012, 'university of michigan'), (2014, 'university of michigan'), (2015, 'university of michigan'), (2016, 'university of michigan'), (2017, 'university of michigan'), (2018, 'university of michigan'), (2019, 'university of michigan'), (2020, 'university of michigan'), (2021, 'university of michigan'))
all_us_institutions_year : ((2002, 'university of michigan'), (2003, 'university of michigan'), (2004, 'university of michigan'), (2005, 'university of michigan'), (2007, 'university of michigan'), (2008, 'university of michigan'), (2009, 'university of michigan'), (2012, 'university of michigan'), (2013, 'university of michigan'), (2014, 'university of michigan'), (2015, 'university of michigan'), (2016, 'university of michigan'), (2017, 'university of michigan'), (2018, 'university of michigan'), (2019, 'university of michigan'), (2020, 'university of michigan'), (2021, 'university of michigan'))

1/10 positive, 0/10 negative
Do these records refer to the same thing?
(y)es / (n)o / (u)nsure / (f)inished / (p)revious
INFO:dedupe.training:Final predicate set:
INFO:dedupe.training:TfidfTextSearchPredicate: (0.8, lastname)
firstname : william
lastname : easterling
middlename : e
year_range : (2012,)
main_us_institutions_year : ((2012, 'pennsylvania state university'),)
all_us_institutions_year : ((2012, 'pennsylvania state university'),)

firstname : william
lastname : easter
middlename : k
year_range : (2005, 2008)
main_us_institutions_year : ((2005, 'university of minnesota'), (2008, 'university of minnesota'))
all_us_institutions_year : ((2005, 'university of minnesota'), (2008, 'university of minnesota'))

2/10 positive, 0/10 negative
Do these records refer to the same thing?
(y)es / (n)o / (u)nsure / (f)inished / (p)revious
firstname : lisa
lastname : harringtion
middlename : butler
year_range : (2016,)
main_us_institutions_year : ((2016, 'kansas state university'),)
all_us_institutions_year : ((2016, 'kansas state university'),)

firstname : lisa
lastname : harrington
middlename : m b
year_range : (1988, 2020)
main_us_institutions_year : ((1988, 'new mexico state university'), (1998, 'kansas state university'), (2000, 'kansas state university'), (2001, 'kansas state university'), (2002, 'kansas state university'), (2006, 'kansas state university'), (2007, 'kansas state university'), (2010, 'kansas state university'), (2011, 'kansas state university'), (2014, 'kansas state university'), (2018, 'kansas state university'))
all_us_institutions_year : ((1988, 'new mexico state university'), (1998, 'kansas state university'), (2000, 'kansas state university'), (2001, 'kansas state university'), (2002, 'kansas state university'), (2006, 'kansas state university'), (2007, 'kansas state university'), (2010, 'kansas state university'), (2011, 'kansas state university'), (2014, 'kansas state university'), (2016, 'kansas state university'), (2017, 'kansas state university'), (2018, 'kansas state university'))

2/10 positive, 1/10 negative
Do these records refer to the same thing?
(y)es / (n)o / (u)nsure / (f)inished / (p)revious
firstname : mark
lastname : williams
middlename : w
year_range : (2008,)
main_us_institutions_year : ((2008, 'university of colorado at boulder'),)
all_us_institutions_year : ((2008, 'university of colorado at boulder'),)

firstname : mark
lastname : williamson
middlename : None
year_range : (1991, 1994)
main_us_institutions_year : ((1991, 'dartmouth college'), (1993, 'dartmouth college'), (1994, 'dartmouth college'))
all_us_institutions_year : ((1991, 'dartmouth college'), (1993, 'dartmouth college'), (1994, 'dartmouth college'))

3/10 positive, 1/10 negative
Do these records refer to the same thing?
(y)es / (n)o / (u)nsure / (f)inished / (p)revious
INFO:dedupe.training:Final predicate set:
INFO:dedupe.training:SimplePredicate: (sameSevenCharStartPredicate, lastname)
firstname : peter
lastname : balintkurti
middlename : None
year_range : (2019,)
main_us_institutions_year : ((2019, 'north carolina state university'),)
all_us_institutions_year : ((2019, 'north carolina state university'),)

firstname : peter
lastname : balint
middlename : j
year_range : (1998, 2016)
main_us_institutions_year : ((2003, 'george mason university'), (2006, 'george mason university'), (2007, 'george mason university'), (2008, 'george mason university'), (2011, 'george mason university'), (2013, 'george mason university'), (2014, 'george mason university'))
all_us_institutions_year : ((2003, 'george mason university'), (2006, 'george mason university'), (2007, 'george mason university'), (2008, 'george mason university'), (2011, 'george mason university'), (2013, 'george mason university'), (2014, 'george mason university'))

3/10 positive, 2/10 negative
Do these records refer to the same thing?
(y)es / (n)o / (u)nsure / (f)inished / (p)revious
firstname : dennis
lastname : lemaster
middlename : c
year_range : (2001,)
main_us_institutions_year : ((2001, 'purdue university'),)
all_us_institutions_year : ((2001, 'purdue university'),)

firstname : dennis
lastname : master
middlename : c le
year_range : (2000, 2005)
main_us_institutions_year : ((2000, 'purdue university'), (2001, 'purdue university'))
all_us_institutions_year : ((2000, 'purdue university'), (2001, 'purdue university'))

3/10 positive, 3/10 negative
Do these records refer to the same thing?
(y)es / (n)o / (u)nsure / (f)inished / (p)revious
firstname : evan
lastname : delucia
middlename : h
year_range : (2012,)
main_us_institutions_year : ((2012, 'university of illinois at urbana champaign'),)
all_us_institutions_year : ((2012, 'university of illinois at urbana champaign'),)

firstname : evan
lastname : lucia
middlename : h de
year_range : (1991, 2006)
main_us_institutions_year : ((1991, 'university of illinois at urbana champaign'), (2006, 'university of illinois at urbana champaign'))
all_us_institutions_year : ((1991, 'university of illinois at urbana champaign'), (2006, 'university of illinois at urbana champaign'))

4/10 positive, 3/10 negative
Do these records refer to the same thing?
(y)es / (n)o / (u)nsure / (f)inished / (p)revious
INFO:dedupe.training:Final predicate set:
INFO:dedupe.training:SimplePredicate: (commonSixGram, lastname)
INFO:dedupe.training:TfidfTextSearchPredicate: (0.8, lastname)
firstname : robert
lastname : evans
middlename : o
year_range : (1996,)
main_us_institutions_year : ((1996, 'north carolina state university'),)
all_us_institutions_year : ((1996, 'north carolina state university'),)

firstname : robert
lastname : tilman
middlename : o
year_range : (1974, 1985)
main_us_institutions_year : ((1974, 'north carolina state university'), (1975, 'north carolina state university'), (1985, 'north carolina state university'))
all_us_institutions_year : ((1974, 'north carolina state university'), (1975, 'north carolina state university'), (1985, 'north carolina state university'))

5/10 positive, 3/10 negative
Do these records refer to the same thing?
(y)es / (n)o / (u)nsure / (f)inished / (p)revious
INFO:dedupe.training:Final predicate set:
INFO:dedupe.training:SimplePredicate: (suffixArray, lastname)
INFO:dedupe.training:SimplePredicate: (commonSixGram, lastname)
firstname : dennis
lastname : flanagan
middlename : c
year_range : (2002,)
main_us_institutions_year : ((2002, 'purdue university'),)
all_us_institutions_year : ((2002, 'purdue university'),)

firstname : dennis
lastname : master
middlename : c le
year_range : (2000, 2005)
main_us_institutions_year : ((2000, 'purdue university'), (2001, 'purdue university'))
all_us_institutions_year : ((2000, 'purdue university'), (2001, 'purdue university'))

5/10 positive, 4/10 negative
Do these records refer to the same thing?
(y)es / (n)o / (u)nsure / (f)inished / (p)revious
firstname : yehua
lastname : wei
middlename : dennis
year_range : (2014,)
main_us_institutions_year : ((2014, 'university of utah'),)
all_us_institutions_year : ((2014, 'university of utah'),)

firstname : yehua
lastname : wei
middlename : dennis
year_range : (1999, 2021)
main_us_institutions_year : ((1999, 'university of wisconsin milwaukee'), (2000, 'university of wisconsin madison'), (2001, 'university of wisconsin madison'), (2001, 'university of wisconsin milwaukee'), (2002, 'university of wisconsin milwaukee'), (2003, 'university of wisconsin madison'), (2003, 'university of wisconsin milwaukee'), (2004, 'university of wisconsin madison'), (2005, 'university of wisconsin milwaukee'), (2006, 'university of wisconsin milwaukee'), (2007, 'university of wisconsin madison'), (2007, 'university of wisconsin milwaukee'), (2007, 'university of utah'), (2008, 'university of utah'), (2009, 'university of utah'), (2010, 'university of utah'), (2011, 'university of utah'), (2012, 'university of utah'), (2013, 'university of utah'), (2014, 'university of utah'), (2015, 'university of utah'), (2016, 'university of utah'), (2017, 'university of utah'), (2018, 'university of utah'), (2019, 'university of utah'), (2020, 'university of utah'), (2021, 'university of utah'))
all_us_institutions_year : ((1999, 'university of utah'), (1999, 'university of wisconsin milwaukee'), (2000, 'university of utah'), (2000, 'university of wisconsin madison'), (2000, 'university of wisconsin milwaukee'), (2001, 'university of wisconsin madison'), (2001, 'university of wisconsin milwaukee'), (2002, 'university of utah'), (2002, 'university of wisconsin madison'), (2002, 'university of wisconsin milwaukee'), (2003, 'university of utah'), (2003, 'university of wisconsin madison'), (2003, 'university of wisconsin milwaukee'), (2004, 'university of wisconsin madison'), (2004, 'university of wisconsin milwaukee'), (2005, 'university of wisconsin madison'), (2005, 'university of wisconsin milwaukee'), (2006, 'university of utah'), (2006, 'university of wisconsin madison'), (2006, 'university of wisconsin milwaukee'), (2007, 'university of utah'), (2007, 'university of wisconsin madison'), (2007, 'university of wisconsin milwaukee'), (2008, 'university of utah'), (2009, 'university of utah'), (2010, 'university of utah'), (2011, 'university of utah'), (2012, 'university of utah'), (2013, 'university of utah'), (2014, 'university of utah'), (2015, 'university of utah'), (2016, 'university of idaho'), (2016, 'university of utah'), (2017, 'university of utah'), (2018, 'university of utah'), (2019, 'university of utah'), (2020, 'university of utah'), (2021, 'university of utah'))

5/10 positive, 5/10 negative
Do these records refer to the same thing?
(y)es / (n)o / (u)nsure / (f)inished / (p)revious
firstname : daniel
lastname : sui
middlename : z
year_range : (2015,)
main_us_institutions_year : ((2015, 'ohio state university'),)
all_us_institutions_year : ((2015, 'ohio state university'),)

firstname : daniel
lastname : sui
middlename : z
year_range : (2011, 2016)
main_us_institutions_year : ((2015, 'ohio state university'), (2016, 'ohio state university'))
all_us_institutions_year : ((2015, 'ohio state university'), (2016, 'ohio state university'), (2017, 'ohio state university'))

6/10 positive, 5/10 negative
Do these records refer to the same thing?
(y)es / (n)o / (u)nsure / (f)inished / (p)revious
INFO:dedupe.training:Final predicate set:
INFO:dedupe.training:SimplePredicate: (suffixArray, lastname)
INFO:dedupe.training:SimplePredicate: (suffixArray, middlename)
INFO:dedupe.training:SimplePredicate: (commonSixGram, lastname)
firstname : ian
lastname : munn
middlename : a
year_range : (2002,)
main_us_institutions_year : ((2002, 'mississippi state university'),)
all_us_institutions_year : ((2002, 'mississippi state university'),)

firstname : ian
lastname : munn
middlename : a
year_range : (1994, 2021)
main_us_institutions_year : ((1998, 'mississippi state university'), (2001, 'mississippi state university'), (2002, 'mississippi state university'), (2003, 'mississippi state university'), (2004, 'mississippi state university'), (2006, 'mississippi state university'), (2007, 'mississippi state university'), (2008, 'mississippi state university'), (2009, 'mississippi state university'), (2010, 'mississippi state university'), (2011, 'mississippi state university'), (2012, 'mississippi state university'), (2013, 'mississippi state university'), (2015, 'mississippi state university'), (2016, 'mississippi state university'), (2017, 'mississippi state university'), (2018, 'mississippi state university'), (2019, 'mississippi state university'), (2020, 'mississippi state university'), (2021, 'mississippi state university'))
all_us_institutions_year : ((1998, 'mississippi state university'), (2000, 'mississippi state university'), (2001, 'mississippi state university'), (2002, 'mississippi state university'), (2003, 'mississippi state university'), (2004, 'mississippi state university'), (2006, 'mississippi state university'), (2007, 'mississippi state university'), (2008, 'auburn university'), (2008, 'mississippi state university'), (2009, 'mississippi state university'), (2010, 'mississippi state university'), (2011, 'mississippi state university'), (2012, 'mississippi state university'), (2013, 'mississippi state university'), (2015, 'mississippi state university'), (2016, 'mississippi state university'), (2017, 'mississippi state university'), (2018, 'mississippi state university'), (2019, 'mississippi state university'), (2020, 'mississippi state university'), (2021, 'mississippi state university'))

7/10 positive, 5/10 negative
Do these records refer to the same thing?
(y)es / (n)o / (u)nsure / (f)inished / (p)revious
INFO:dedupe.training:Final predicate set:
INFO:dedupe.training:TfidfNGramSearchPredicate: (0.8, lastname)
INFO:dedupe.training:SimplePredicate: (commonSixGram, lastname)
firstname : brian
lastname : berry
middlename : j l
year_range : (2008,)
main_us_institutions_year : ((2008, 'university of texas at dallas'),)
all_us_institutions_year : ((2008, 'university of texas at dallas'),)

firstname : brian
lastname : berry
middlename : j l
year_range : (1957, 2020)
main_us_institutions_year : ((1958, 'university of washington'), (1959, 'university of chicago'), (1960, 'university of chicago'), (1962, 'university of chicago'), (1964, 'university of chicago'), (1967, 'university of chicago'), (1970, 'university of chicago'), (1971, 'university of chicago'), (1972, 'university of chicago'), (1974, 'university of chicago'), (1976, 'harvard university'), (1977, 'harvard university'), (1980, 'harvard university'), (1981, 'harvard university'), (1982, 'carnegie mellon university'), (1987, 'carnegie mellon university'), (1988, 'university of texas at dallas'), (1989, 'university of texas at dallas'), (1990, 'university of texas at dallas'), (1991, 'university of texas at dallas'), (1992, 'university of texas at dallas'), (1993, 'university of texas at dallas'), (1994, 'university of texas at dallas'), (1995, 'university of texas at dallas'), (1996, 'university of texas at dallas'), (1997, 'university of texas at dallas'), (1999, 'university of texas at dallas'), (2000, 'university of texas at dallas'), (2000, 'university of texas at austin'), (2001, 'university of texas at dallas'), (2002, 'university of texas at dallas'), (2002, 'university of texas at austin'), (2003, 'university of texas at austin'), (2004, 'university of texas at dallas'), (2008, 'university of texas at dallas'), (2009, 'university of texas at dallas'), (2010, 'university of texas at dallas'), (2011, 'university of texas at dallas'), (2012, 'university of texas at dallas'), (2013, 'university of texas at dallas'), (2013, 'university of texas at austin'), (2014, 'university of texas at dallas'), (2015, 'university of texas at dallas'), (2016, 'university of texas at dallas'), (2017, 'university of texas at dallas'), (2019, 'university of texas at austin'), (2020, 'university of texas at dallas'))
all_us_institutions_year : ((1958, 'university of washington'), (1959, 'university of chicago'), (1960, 'university of chicago'), (1962, 'university of chicago'), (1964, 'university of chicago'), (1967, 'university of chicago'), (1968, 'university of chicago'), (1970, 'university of chicago'), (1971, 'university of chicago'), (1972, 'university of chicago'), (1973, 'university of chicago'), (1974, 'university of chicago'), (1976, 'harvard university'), (1977, 'harvard university'), (1979, 'harvard university'), (1980, 'carnegie mellon university'), (1980, 'harvard university'), (1981, 'harvard university'), (1982, 'carnegie mellon university'), (1985, 'carnegie mellon university'), (1986, 'carnegie mellon university'), (1987, 'carnegie mellon university'), (1988, 'university of texas at dallas'), (1989, 'university of texas at dallas'), (1990, 'university of texas at dallas'), (1991, 'university of texas at dallas'), (1992, 'university of texas at dallas'), (1993, 'university of texas at dallas'), (1994, 'university of texas at dallas'), (1995, 'university of texas at dallas'), (1996, 'university of texas at dallas'), (1997, 'university of texas at dallas'), (1999, 'university of texas at dallas'), (2000, 'university of texas at austin'), (2000, 'university of texas at dallas'), (2001, 'university of texas at dallas'), (2002, 'university of texas at austin'), (2002, 'university of texas at dallas'), (2003, 'university of texas at austin'), (2004, 'university of texas at dallas'), (2005, 'university of chicago'), (2005, 'university of texas at dallas'), (2005, 'university of washington'), (2007, 'university of texas at austin'), (2008, 'university of texas at dallas'), (2009, 'university of texas at dallas'), (2010, 'university of texas at dallas'), (2011, 'university of texas at dallas'), (2012, 'university of texas at dallas'), (2013, 'university of texas at austin'), (2013, 'university of texas at dallas'), (2014, 'university of texas at dallas'), (2015, 'university of texas at dallas'), (2016, 'university of texas at austin'), (2016, 'university of texas at dallas'), (2017, 'university of texas at dallas'), (2019, 'university of texas at austin'), (2020, 'university of texas at dallas'))

8/10 positive, 5/10 negative
Do these records refer to the same thing?
(y)es / (n)o / (u)nsure / (f)inished / (p)revious
firstname : brian
lastname : berry
middlename : j l
year_range : (1994,)
main_us_institutions_year : ((1994, 'university of texas at dallas'),)
all_us_institutions_year : ((1994, 'university of texas at dallas'),)

firstname : brian
lastname : berry
middlename : j l
year_range : (1957, 2020)
main_us_institutions_year : ((1958, 'university of washington'), (1959, 'university of chicago'), (1960, 'university of chicago'), (1962, 'university of chicago'), (1964, 'university of chicago'), (1967, 'university of chicago'), (1970, 'university of chicago'), (1971, 'university of chicago'), (1972, 'university of chicago'), (1974, 'university of chicago'), (1976, 'harvard university'), (1977, 'harvard university'), (1980, 'harvard university'), (1981, 'harvard university'), (1982, 'carnegie mellon university'), (1987, 'carnegie mellon university'), (1988, 'university of texas at dallas'), (1989, 'university of texas at dallas'), (1990, 'university of texas at dallas'), (1991, 'university of texas at dallas'), (1992, 'university of texas at dallas'), (1993, 'university of texas at dallas'), (1994, 'university of texas at dallas'), (1995, 'university of texas at dallas'), (1996, 'university of texas at dallas'), (1997, 'university of texas at dallas'), (1999, 'university of texas at dallas'), (2000, 'university of texas at dallas'), (2000, 'university of texas at austin'), (2001, 'university of texas at dallas'), (2002, 'university of texas at dallas'), (2002, 'university of texas at austin'), (2003, 'university of texas at austin'), (2004, 'university of texas at dallas'), (2008, 'university of texas at dallas'), (2009, 'university of texas at dallas'), (2010, 'university of texas at dallas'), (2011, 'university of texas at dallas'), (2012, 'university of texas at dallas'), (2013, 'university of texas at dallas'), (2013, 'university of texas at austin'), (2014, 'university of texas at dallas'), (2015, 'university of texas at dallas'), (2016, 'university of texas at dallas'), (2017, 'university of texas at dallas'), (2019, 'university of texas at austin'), (2020, 'university of texas at dallas'))
all_us_institutions_year : ((1958, 'university of washington'), (1959, 'university of chicago'), (1960, 'university of chicago'), (1962, 'university of chicago'), (1964, 'university of chicago'), (1967, 'university of chicago'), (1968, 'university of chicago'), (1970, 'university of chicago'), (1971, 'university of chicago'), (1972, 'university of chicago'), (1973, 'university of chicago'), (1974, 'university of chicago'), (1976, 'harvard university'), (1977, 'harvard university'), (1979, 'harvard university'), (1980, 'carnegie mellon university'), (1980, 'harvard university'), (1981, 'harvard university'), (1982, 'carnegie mellon university'), (1985, 'carnegie mellon university'), (1986, 'carnegie mellon university'), (1987, 'carnegie mellon university'), (1988, 'university of texas at dallas'), (1989, 'university of texas at dallas'), (1990, 'university of texas at dallas'), (1991, 'university of texas at dallas'), (1992, 'university of texas at dallas'), (1993, 'university of texas at dallas'), (1994, 'university of texas at dallas'), (1995, 'university of texas at dallas'), (1996, 'university of texas at dallas'), (1997, 'university of texas at dallas'), (1999, 'university of texas at dallas'), (2000, 'university of texas at austin'), (2000, 'university of texas at dallas'), (2001, 'university of texas at dallas'), (2002, 'university of texas at austin'), (2002, 'university of texas at dallas'), (2003, 'university of texas at austin'), (2004, 'university of texas at dallas'), (2005, 'university of chicago'), (2005, 'university of texas at dallas'), (2005, 'university of washington'), (2007, 'university of texas at austin'), (2008, 'university of texas at dallas'), (2009, 'university of texas at dallas'), (2010, 'university of texas at dallas'), (2011, 'university of texas at dallas'), (2012, 'university of texas at dallas'), (2013, 'university of texas at austin'), (2013, 'university of texas at dallas'), (2014, 'university of texas at dallas'), (2015, 'university of texas at dallas'), (2016, 'university of texas at austin'), (2016, 'university of texas at dallas'), (2017, 'university of texas at dallas'), (2019, 'university of texas at austin'), (2020, 'university of texas at dallas'))

9/10 positive, 5/10 negative
Do these records refer to the same thing?
(y)es / (n)o / (u)nsure / (f)inished / (p)revious
INFO:dedupe.training:Final predicate set:
INFO:dedupe.training:TfidfNGramSearchPredicate: (0.8, lastname)
INFO:dedupe.training:SimplePredicate: (commonSixGram, lastname)
INFO:dedupe.training:SimplePredicate: (twoGramFingerprint, middlename)
firstname : john
lastname : kerr
middlename : m
year_range : (2003,)
main_us_institutions_year : ((2003, 'michigan state university'),)
all_us_institutions_year : ((2003, 'michigan state university'),)

firstname : john
lastname : kerr
middlename : m
year_range : (1994, 2021)
main_us_institutions_year : ((2001, 'michigan state university'), (2002, 'michigan state university'), (2003, 'michigan state university'), (2005, 'michigan state university'), (2006, 'michigan state university'), (2007, 'michigan state university'), (2008, 'michigan state university'), (2009, 'michigan state university'), (2011, 'michigan state university'), (2012, 'michigan state university'), (2013, 'michigan state university'), (2014, 'michigan state university'), (2015, 'michigan state university'), (2016, 'michigan state university'), (2017, 'michigan state university'), (2018, 'michigan state university'), (2019, 'michigan state university'), (2020, 'michigan state university'), (2021, 'michigan state university'))
all_us_institutions_year : ((2001, 'michigan state university'), (2002, 'michigan state university'), (2003, 'michigan state university'), (2005, 'michigan state university'), (2006, 'michigan state university'), (2007, 'michigan state university'), (2008, 'michigan state university'), (2009, 'michigan state university'), (2011, 'michigan state university'), (2012, 'michigan state university'), (2013, 'michigan state university'), (2014, 'michigan state university'), (2015, 'michigan state university'), (2016, 'michigan state university'), (2017, 'michigan state university'), (2018, 'michigan state university'), (2019, 'michigan state university'), (2020, 'michigan state university'), (2021, 'michigan state university'))

10/10 positive, 5/10 negative
Do these records refer to the same thing?
(y)es / (n)o / (u)nsure / (f)inished / (p)revious
firstname : john
lastname : kerr
middlename : m
year_range : (2011,)
main_us_institutions_year : ((2011, 'michigan state university'),)
all_us_institutions_year : ((2011, 'michigan state university'),)

firstname : john
lastname : kerr
middlename : m
year_range : (1994, 2021)
main_us_institutions_year : ((2001, 'michigan state university'), (2002, 'michigan state university'), (2003, 'michigan state university'), (2005, 'michigan state university'), (2006, 'michigan state university'), (2007, 'michigan state university'), (2008, 'michigan state university'), (2009, 'michigan state university'), (2011, 'michigan state university'), (2012, 'michigan state university'), (2013, 'michigan state university'), (2014, 'michigan state university'), (2015, 'michigan state university'), (2016, 'michigan state university'), (2017, 'michigan state university'), (2018, 'michigan state university'), (2019, 'michigan state university'), (2020, 'michigan state university'), (2021, 'michigan state university'))
all_us_institutions_year : ((2001, 'michigan state university'), (2002, 'michigan state university'), (2003, 'michigan state university'), (2005, 'michigan state university'), (2006, 'michigan state university'), (2007, 'michigan state university'), (2008, 'michigan state university'), (2009, 'michigan state university'), (2011, 'michigan state university'), (2012, 'michigan state university'), (2013, 'michigan state university'), (2014, 'michigan state university'), (2015, 'michigan state university'), (2016, 'michigan state university'), (2017, 'michigan state university'), (2018, 'michigan state university'), (2019, 'michigan state university'), (2020, 'michigan state university'), (2021, 'michigan state university'))

11/10 positive, 5/10 negative
Do these records refer to the same thing?
(y)es / (n)o / (u)nsure / (f)inished / (p)revious
INFO:dedupe.training:Final predicate set:
INFO:dedupe.training:SimplePredicate: (sameSevenCharStartPredicate, lastname)
INFO:dedupe.training:SimplePredicate: (suffixArray, lastname)
firstname : bret
lastname : hess
middlename : w
year_range : (2008,)
main_us_institutions_year : ((2008, 'university of wyoming'),)
all_us_institutions_year : ((2008, 'university of wyoming'),)

firstname : justin
lastname : hesser
middlename : newell
year_range : (2010, 2011)
main_us_institutions_year : ((2011, 'university of wyoming'),)
all_us_institutions_year : ((2011, 'university of wyoming'),)

12/10 positive, 5/10 negative
Do these records refer to the same thing?
(y)es / (n)o / (u)nsure / (f)inished / (p)revious
firstname : gustavo
lastname : antonini
middlename : None
year_range : (1998,)
main_us_institutions_year : ((1998, 'university of florida'),)
all_us_institutions_year : ((1998, 'university of florida'),)

firstname : susan
lastname : anton
middlename : c
year_range : (1995, 2021)
main_us_institutions_year : ((1995, 'university of florida'), (1996, 'university of florida'), (1997, 'university of florida'), (1998, 'university of florida'), (1999, 'university of florida'), (2000, 'university of florida'), (2003, 'new york university'), (2004, 'new york university'), (2007, 'new york university'), (2008, 'new york university'), (2010, 'new york university'), (2011, 'new york university'), (2012, 'new york university'), (2014, 'new york university'), (2016, 'new york university'), (2017, 'new york university'), (2018, 'new york university'), (2019, 'new york university'), (2020, 'new york university'), (2021, 'new york university'))
all_us_institutions_year : ((1995, 'university of florida'), (1996, 'university of florida'), (1997, 'university of florida'), (1998, 'university of florida'), (1999, 'university of florida'), (2000, 'university of florida'), (2003, 'new york university'), (2004, 'new york university'), (2007, 'new york university'), (2008, 'new york university'), (2010, 'new york university'), (2011, 'new york university'), (2012, 'new york university'), (2014, 'new york university'), (2016, 'new york university'), (2017, 'new york university'), (2018, 'new york university'), (2019, 'new york university'), (2020, 'new york university'), (2021, 'new york university'))

12/10 positive, 6/10 negative
Do these records refer to the same thing?
(y)es / (n)o / (u)nsure / (f)inished / (p)revious
firstname : thomas
lastname : maloney
middlename : None
year_range : (2011,)
main_us_institutions_year : ((2011, 'university of utah'),)
all_us_institutions_year : ((2011, 'university of utah'),)

firstname : thomas
lastname : malone
middlename : c
year_range : (1971, 2021)
main_us_institutions_year : ((1984, 'university of maryland college park'), (1987, 'university of maryland college park'), (1993, 'university of maryland college park'), (1998, 'university of maryland center for environmental science'), (2003, 'university of maryland center for environmental science'), (2006, 'university of maryland college park'), (2010, 'university of maryland college park'), (2014, 'university of maryland center for environmental science'), (2020, 'university of maryland center for environmental science'))
all_us_institutions_year : ((1984, 'university of maryland college park'), (1987, 'university of maryland college park'), (1993, 'university of maryland college park'), (1998, 'university of maryland center for environmental science'), (2003, 'university of maryland center for environmental science'), (2003, 'university of maryland college park'), (2006, 'university of maryland center for environmental science'), (2006, 'university of maryland college park'), (2007, 'university of maryland college park'), (2010, 'university of maryland center for environmental science'), (2010, 'university of maryland college park'), (2014, 'university of maryland center for environmental science'), (2014, 'university of maryland college park'), (2020, 'university of maryland center for environmental science'))

12/10 positive, 7/10 negative
Do these records refer to the same thing?
(y)es / (n)o / (u)nsure / (f)inished / (p)revious
firstname : tom
lastname : kontuly
middlename : None
year_range : (2006,)
main_us_institutions_year : ((2006, 'university of utah'),)
all_us_institutions_year : ((2006, 'university of utah'),)

firstname : thomas
lastname : kontuly
middlename : None
year_range : (1977, 2011)
main_us_institutions_year : ((1977, 'university of pennsylvania'), (1978, 'university of california irvine'), (1986, 'university of pennsylvania'), (1988, 'university of pennsylvania'), (1990, 'university of utah'), (1991, 'university of utah'), (1992, 'university of utah'), (1993, 'university of utah'), (1994, 'university of utah'), (1995, 'university of utah'), (1997, 'university of utah'), (1998, 'university of utah'), (2003, 'university of utah'), (2006, 'university of utah'), (2008, 'university of utah'), (2011, 'university of utah'))
all_us_institutions_year : ((1977, 'university of pennsylvania'), (1978, 'university of california irvine'), (1986, 'university of pennsylvania'), (1988, 'university of pennsylvania'), (1990, 'university of utah'), (1991, 'university of utah'), (1992, 'university of utah'), (1993, 'university of utah'), (1994, 'university of utah'), (1995, 'university of utah'), (1997, 'university of utah'), (1998, 'university of utah'), (2003, 'university of utah'), (2006, 'university of utah'), (2008, 'university of utah'), (2011, 'university of utah'))

12/10 positive, 8/10 negative
Do these records refer to the same thing?
(y)es / (n)o / (u)nsure / (f)inished / (p)revious
firstname : sunwoong
lastname : kim
middlename : None
year_range : (1995,)
main_us_institutions_year : ((1995, 'university of wisconsin milwaukee'),)
all_us_institutions_year : ((1995, 'university of wisconsin milwaukee'),)

firstname : gunwoo
lastname : kim
middlename : None
year_range : (2015, 2021)
main_us_institutions_year : ((2015, 'virginia tech'), (2016, 'arizona state university'), (2016, 'virginia tech'), (2018, 'urban design group'), (2018, 'north carolina agricultural and technical state university'), (2020, 'urban design group'))
all_us_institutions_year : ((2015, 'virginia tech'), (2016, 'arizona state university'), (2016, 'virginia tech'), (2018, 'north carolina agricultural and technical state university'), (2018, 'urban design group'), (2020, 'urban design group'))

13/10 positive, 8/10 negative
Do these records refer to the same thing?
(y)es / (n)o / (u)nsure / (f)inished / (p)revious
firstname : katie
lastname : meehan
middlename : None
year_range : (2019,)
main_us_institutions_year : ((2019, 'university of oregon'),)
all_us_institutions_year : ((2019, 'university of oregon'),)

firstname : katharine
lastname : meehan
middlename : None
year_range : (2008, 2009)
main_us_institutions_year : ((2008, 'university of arizona'), (2009, 'university of arizona'))
all_us_institutions_year : ((2008, 'university of arizona'), (2009, 'university of arizona'))

13/10 positive, 9/10 negative
Do these records refer to the same thing?
(y)es / (n)o / (u)nsure / (f)inished / (p)revious
firstname : colin
lastname : flint
middlename : None
year_range : (2013,)
main_us_institutions_year : ((2013, 'university of illinois at urbana champaign'),)
all_us_institutions_year : ((2013, 'university of illinois at urbana champaign'),)

firstname : courtney
lastname : flint
middlename : g
year_range : (1995, 2021)
main_us_institutions_year : ((1995, 'university of colorado boulder'), (2004, 'pennsylvania state university'), (2005, 'pennsylvania state university'), (2006, 'university of illinois at urbana champaign'), (2007, 'university of illinois at urbana champaign'), (2007, 'illinois department of natural resources'), (2008, 'university of illinois at urbana champaign'), (2009, 'university of illinois at urbana champaign'), (2010, 'university of illinois at urbana champaign'), (2011, 'university of illinois at urbana champaign'), (2012, 'university of illinois at urbana champaign'), (2013, 'utah state university'), (2014, 'utah state university'), (2015, 'utah state university'), (2016, 'utah state university'), (2017, 'utah state university'), (2018, 'utah state university'), (2019, 'utah state university'), (2020, 'utah state university'), (2021, 'utah state university'))
all_us_institutions_year : ((1995, 'university of colorado boulder'), (2004, 'pennsylvania state university'), (2005, 'pennsylvania state university'), (2006, 'university of illinois at urbana champaign'), (2007, 'illinois department of natural resources'), (2007, 'university of illinois at urbana champaign'), (2008, 'university of illinois at urbana champaign'), (2009, 'university of illinois at urbana champaign'), (2010, 'university of illinois at urbana champaign'), (2010, 'university of south carolina'), (2011, 'university of illinois at urbana champaign'), (2012, 'university of illinois at urbana champaign'), (2013, 'university of illinois at urbana champaign'), (2013, 'utah state university'), (2014, 'university of illinois at urbana champaign'), (2014, 'utah state university'), (2015, 'utah state university'), (2016, 'utah state university'), (2017, 'utah state university'), (2018, 'utah state university'), (2019, 'utah state university'), (2020, 'utah state university'), (2021, 'utah state university'))

13/10 positive, 10/10 negative
Do these records refer to the same thing?
(y)es / (n)o / (u)nsure / (f)inished / (p)revious
firstname : phil
lastname : omi
middlename : None
year_range : (2004,)
main_us_institutions_year : ((2004, 'colorado state university'),)
all_us_institutions_year : ((2004, 'colorado state university'),)

firstname : philip
lastname : omi
middlename : n
year_range : (1979, 1987)
main_us_institutions_year : ((1979, 'united states forest service'), (1987, 'united states forest service'))
all_us_institutions_year : ((1979, 'united states forest service'), (1987, 'united states forest service'))

13/10 positive, 11/10 negative
Do these records refer to the same thing?
(y)es / (n)o / (u)nsure / (f)inished / (p)revious
firstname : bo
lastname : song
middlename : None
year_range : (2010,)
main_us_institutions_year : ((2010, 'clemson university'),)
all_us_institutions_year : ((2010, 'clemson university'),)

firstname : bowen
lastname : song
middlename : None
year_range : (2017, 2020)
main_us_institutions_year : ((2020, 'chinese academy of sciences'),)
all_us_institutions_year : ((2020, 'chinese academy of sciences'),)

13/10 positive, 12/10 negative
Do these records refer to the same thing?
(y)es / (n)o / (u)nsure / (f)inished / (p)revious
firstname : philip
lastname : townsend
middlename : None
year_range : (2020,)
main_us_institutions_year : ((2020, 'university of wisconsin madison'),)
all_us_institutions_year : ((2020, 'university of wisconsin madison'),)

firstname : phillip
lastname : townsend
middlename : a
year_range : (2009, 2018)
main_us_institutions_year : ((2009, 'university of wisconsin madison'), (2011, 'university of wisconsin madison'), (2013, 'university of wisconsin madison'), (2018, 'university of wisconsin madison'))
all_us_institutions_year : ((2009, 'university of wisconsin madison'), (2011, 'university of wisconsin madison'), (2013, 'university of wisconsin madison'), (2018, 'university of wisconsin madison'))

13/10 positive, 13/10 negative
Do these records refer to the same thing?
(y)es / (n)o / (u)nsure / (f)inished / (p)revious
firstname : william
lastname : solecki
middlename : None
year_range : (2012,)
main_us_institutions_year : ((2012, 'city university of new york'),)
all_us_institutions_year : ((2012, 'city university of new york'),)

firstname : william
lastname : solecki
middlename : d
year_range : (1998, 2001)
main_us_institutions_year : ((1998, 'montclair state university'), (1999, 'montclair state university'), (2001, 'montclair state university'))
all_us_institutions_year : ((1998, 'montclair state university'), (1999, 'montclair state university'), (2001, 'montclair state university'))

14/10 positive, 13/10 negative
Do these records refer to the same thing?
(y)es / (n)o / (u)nsure / (f)inished / (p)revious
firstname : scott
lastname : jackson
middlename : a
year_range : (2008,)
main_us_institutions_year : ((2008, 'purdue university'),)
all_us_institutions_year : ((2008, 'purdue university'),)

firstname : scott
lastname : jackson
middlename : None
year_range : (2002, 2020)
main_us_institutions_year : ((2018, 'united states forest service'), (2019, 'united states forest service'), (2020, 'united states forest service'))
all_us_institutions_year : ((2018, 'united states forest service'), (2019, 'united states forest service'), (2020, 'united states forest service'))

14/10 positive, 14/10 negative
Do these records refer to the same thing?
(y)es / (n)o / (u)nsure / (f)inished / (p)revious
firstname : rolfe
lastname : leary
middlename : None
year_range : (1988,)
main_us_institutions_year : ((1988, 'university of minnesota'),)
all_us_institutions_year : ((1988, 'university of minnesota'),)

firstname : rolfe
lastname : leary
middlename : a
year_range : (1980, 1997)
main_us_institutions_year : ((1980, 'united states forest service'), (1997, 'united states forest service'))
all_us_institutions_year : ((1980, 'united states forest service'), (1997, 'united states forest service'))

14/10 positive, 15/10 negative
Do these records refer to the same thing?
(y)es / (n)o / (u)nsure / (f)inished / (p)revious
firstname : michael
lastname : carter
middlename : r
year_range : (2002,)
main_us_institutions_year : ((2002, 'university of wisconsin madison'),)
all_us_institutions_year : ((2002, 'university of wisconsin madison'),)

firstname : michael
lastname : carter
middlename : v
year_range : (1982, 1985)
main_us_institutions_year : ((1982, 'ohio state university'), (1983, 'ohio state university'))
all_us_institutions_year : ((1982, 'ohio state university'), (1983, 'ohio state university'), (1984, 'ohio state university'))

14/10 positive, 15/10 negative
Do these records refer to the same thing?
(y)es / (n)o / (u)nsure / (f)inished / (p)revious
firstname : joe
lastname : little
middlename : None
year_range : (2018,)
main_us_institutions_year : ((2018, 'university of alaska fairbanks'),)
all_us_institutions_year : ((2018, 'university of alaska fairbanks'),)

firstname : joseph
lastname : little
middlename : m
year_range : (2006, 2021)
main_us_institutions_year : ((2008, 'university of alaska fairbanks'), (2011, 'university of alaska fairbanks'), (2017, 'university of alaska fairbanks'), (2018, 'university of alaska fairbanks'), (2020, 'university of alaska fairbanks'))
all_us_institutions_year : ((2008, 'university of alaska fairbanks'), (2010, 'university of alaska fairbanks'), (2011, 'university of alaska fairbanks'), (2016, 'university of alaska fairbanks'), (2017, 'university of alaska fairbanks'), (2018, 'university of alaska fairbanks'), (2020, 'university of alaska fairbanks'))

14/10 positive, 16/10 negative
Do these records refer to the same thing?
(y)es / (n)o / (u)nsure / (f)inished / (p)revious
firstname : david
lastname : lewis
middlename : t
year_range : (2000,)
main_us_institutions_year : ((2000, 'university of nebraska lincoln'),)
all_us_institutions_year : ((2000, 'university of nebraska lincoln'),)

firstname : david
lastname : lewis
middlename : rich
year_range : (1985, 2018)
main_us_institutions_year : ((1990, 'utah state university'), (1993, 'national endowment for the humanities'), (1996, 'utah state university'), (1999, 'utah state university'), (2001, 'utah state university'), (2010, 'utah state university'), (2015, 'utah state university'), (2017, 'utah state university'), (2018, 'utah state university'))
all_us_institutions_year : ((1990, 'utah state university'), (1993, 'national endowment for the humanities'), (1996, 'utah state university'), (1999, 'utah state university'), (2001, 'utah state university'), (2010, 'utah state university'), (2015, 'utah state university'), (2017, 'utah state university'), (2018, 'utah state university'))

15/10 positive, 16/10 negative
Do these records refer to the same thing?
(y)es / (n)o / (u)nsure / (f)inished / (p)revious
firstname : william
lastname : moomaw
middlename : None
year_range : (2011,)
main_us_institutions_year : ((2011, 'fletcher school of law and diplomacy tufts university'),)
all_us_institutions_year : ((2011, 'fletcher school of law and diplomacy tufts university'),)

firstname : william
lastname : moomaw
middlename : r
year_range : (1990, 2021)
main_us_institutions_year : ((1990, 'tufts university'), (1991, 'tufts university'), (1996, 'tufts university'), (1997, 'tufts university'), (1999, 'tufts university'), (2002, 'tufts university'), (2004, 'tufts university'), (2005, 'tufts university'), (2007, 'tufts university'), (2008, 'tufts university'), (2010, 'tufts university'), (2011, 'tufts university'), (2012, 'tufts university'), (2013, 'tufts university'), (2014, 'tufts university'), (2016, 'tufts university'), (2017, 'tufts university'), (2017, 'center for global development'), (2018, 'tufts university'), (2019, 'tufts university'), (2019, 'center for global development'), (2020, 'tufts university'), (2021, 'tufts university'), (2021, 'center for global development'))
all_us_institutions_year : ((1990, 'tufts university'), (1991, 'tufts university'), (1996, 'tufts university'), (1997, 'tufts university'), (1999, 'tufts university'), (2001, 'tufts university'), (2002, 'tufts university'), (2004, 'tufts university'), (2005, 'tufts university'), (2007, 'tufts university'), (2008, 'tufts university'), (2010, 'tufts university'), (2011, 'tufts university'), (2012, 'tufts university'), (2013, 'tufts university'), (2014, 'tufts university'), (2016, 'tufts university'), (2017, 'center for global development'), (2017, 'tufts university'), (2018, 'tufts university'), (2019, 'center for global development'), (2019, 'tufts university'), (2020, 'center for global development'), (2020, 'tufts university'), (2021, 'center for global development'), (2021, 'tufts university'))

15/10 positive, 17/10 negative
Do these records refer to the same thing?
(y)es / (n)o / (u)nsure / (f)inished / (p)revious
firstname : daniel
lastname : sui
middlename : z
year_range : (2015,)
main_us_institutions_year : ((2015, 'ohio state university'),)
all_us_institutions_year : ((2015, 'ohio state university'),)

firstname : daniel
lastname : sui
middlename : z
year_range : (1994, 2005)
main_us_institutions_year : ((1994, 'texas a m university'), (1997, 'texas a m university'), (1998, 'texas a m university'), (1999, 'texas a m university'), (2001, 'texas a m university'), (2003, 'texas a m university'), (2005, 'texas a m university'))
all_us_institutions_year : ((1994, 'texas a m university'), (1997, 'texas a m university'), (1998, 'texas a m university'), (1999, 'texas a m university'), (2001, 'texas a m university'), (2003, 'texas a m university'), (2005, 'texas a m university'))

16/10 positive, 17/10 negative
Do these records refer to the same thing?
(y)es / (n)o / (u)nsure / (f)inished / (p)revious
firstname : brian
lastname : oswald
middlename : None
year_range : (2001,)
main_us_institutions_year : ((2001, 'stephen f austin state university'),)
all_us_institutions_year : ((2001, 'stephen f austin state university'),)

firstname : brian
lastname : oswald
middlename : p
year_range : (2016, 2020)
main_us_institutions_year : ((2017, 'temple college'), (2020, 'temple college'))
all_us_institutions_year : ((2017, 'temple college'), (2020, 'temple college'))

16/10 positive, 18/10 negative
Do these records refer to the same thing?
(y)es / (n)o / (u)nsure / (f)inished / (p)revious
firstname : emily
lastname : talen
middlename : None
year_range : (2013,)
main_us_institutions_year : ((2013, 'arizona state university'),)
all_us_institutions_year : ((2013, 'arizona state university'),)

firstname : emily
lastname : hallettdesguez
middlename : None
year_range : (2012, 2013)
main_us_institutions_year : ((2013, 'arizona state university'),)
all_us_institutions_year : ((2013, 'arizona state university'),)

16/10 positive, 19/10 negative
Do these records refer to the same thing?
(y)es / (n)o / (u)nsure / (f)inished / (p)revious
firstname : larry
lastname : ford
middlename : r
year_range : (2008,)
main_us_institutions_year : ((2008, 'university of california santa barbara and san diego state university'),)
all_us_institutions_year : ((2008, 'university of california santa barbara and san diego state university'),)

firstname : larry
lastname : ford
middlename : r
year_range : (1971, 2008)
main_us_institutions_year : ((1971, 'san diego state university'), (1974, 'san diego state university'), (1980, 'san diego state university'), (1982, 'san diego state university'), (1999, 'san diego state university'), (2001, 'san diego state university'), (2008, 'san diego state university'))
all_us_institutions_year : ((1971, 'san diego state university'), (1974, 'san diego state university'), (1980, 'san diego state university'), (1982, 'san diego state university'), (1999, 'san diego state university'), (2001, 'san diego state university'), (2008, 'san diego state university'), (2011, 'san diego state university'))

16/10 positive, 20/10 negative
Do these records refer to the same thing?
(y)es / (n)o / (u)nsure / (f)inished / (p)revious
firstname : malcolm
lastname : rohrbough
middlename : j
year_range : (1994,)
main_us_institutions_year : ((1994, 'university of iowa'),)
all_us_institutions_year : ((1994, 'university of iowa'),)

firstname : malcolm
lastname : rohrbough
middlename : j
year_range : (1968, 2013)
main_us_institutions_year : ((1997, 'natural history museum of los angeles county'),)
all_us_institutions_year : ((1997, 'natural history museum of los angeles county'),)

17/10 positive, 20/10 negative
Do these records refer to the same thing?
(y)es / (n)o / (u)nsure / (f)inished / (p)revious
firstname : christopher
lastname : frissell
middlename : a
year_range : (2005,)
main_us_institutions_year : ((2005, 'university of montana'),)
all_us_institutions_year : ((2005, 'university of montana'),)

firstname : chris
lastname : frissell
middlename : a
year_range : (2013, 2016)
main_us_institutions_year : ((2016, 'university of washington'),)
all_us_institutions_year : ((2016, 'university of washington'),)

17/10 positive, 20/10 negative
Do these records refer to the same thing?
(y)es / (n)o / (u)nsure / (f)inished / (p)revious
firstname : stephen
lastname : gliessman
middlename : r
year_range : (2012,)
main_us_institutions_year : ((2012, 'university of california santa cruz'),)
all_us_institutions_year : ((2012, 'university of california santa cruz'),)

firstname : steve
lastname : gliessman
middlename : None
year_range : (1982, 2021)
main_us_institutions_year : ((2003, 'university of california santa cruz'), (2005, 'university of california santa cruz'), (2009, 'university of california santa cruz'), (2012, 'university of california santa cruz'), (2018, 'university of california santa cruz'), (2019, 'university of california santa cruz'), (2020, 'university of california santa cruz'), (2021, 'university of california santa cruz'))
all_us_institutions_year : ((2003, 'university of california santa cruz'), (2005, 'university of california santa cruz'), (2009, 'university of california santa cruz'), (2012, 'university of california santa cruz'), (2018, 'university of california santa cruz'), (2019, 'university of california santa cruz'), (2020, 'university of california santa cruz'), (2021, 'university of california santa cruz'))

17/10 positive, 21/10 negative
Do these records refer to the same thing?
(y)es / (n)o / (u)nsure / (f)inished / (p)revious
firstname : frederick
lastname : nelson
middlename : e
year_range : (1995,)
main_us_institutions_year : ((1995, 'rutgers university'),)
all_us_institutions_year : ((1995, 'rutgers university'),)

firstname : frederick
lastname : nelson
middlename : e
year_range : (1996, 1997)
main_us_institutions_year : ((1996, 'university at albany suny'), (1997, 'university at albany suny'))
all_us_institutions_year : ((1996, 'university at albany suny'), (1997, 'university at albany suny'))

18/10 positive, 21/10 negative
Do these records refer to the same thing?
(y)es / (n)o / (u)nsure / (f)inished / (p)revious
firstname : barbara
lastname : tedlock
middlename : None
year_range : (2017,)
main_us_institutions_year : ((2017, 'university at buffalo'),)
all_us_institutions_year : ((2017, 'university at buffalo'),)

firstname : barbara
lastname : tedlock
middlename : None
year_range : (1980, 1984)
main_us_institutions_year : ((1980, 'tufts university'), (1984, 'tufts university'))
all_us_institutions_year : ((1980, 'tufts university'), (1984, 'tufts university'))

18/10 positive, 21/10 negative
Do these records refer to the same thing?
(y)es / (n)o / (u)nsure / (f)inished / (p)revious
firstname : david
lastname : wilson
middlename : None
year_range : (2012,)
main_us_institutions_year : ((2012, 'university of illinois at urbana champaign'),)
all_us_institutions_year : ((2012, 'university of illinois at urbana champaign'),)

firstname : david
lastname : wilson
middlename : c
year_range : (2015, 2019)
main_us_institutions_year : ((2015, 'university of minnesota'), (2017, 'university of minnesota'), (2019, 'university of minnesota'))
all_us_institutions_year : ((2015, 'university of minnesota'), (2017, 'university of minnesota'), (2019, 'university of minnesota'))

18/10 positive, 22/10 negative
Do these records refer to the same thing?
(y)es / (n)o / (u)nsure / (f)inished / (p)revious
Finished labeling
INFO:rlr.crossvalidation:using cross validation to find optimum alpha...
INFO:rlr.crossvalidation:optimum alpha: 0.010000, score 0.6828634014093191
INFO:dedupe.training:Final predicate set:
INFO:dedupe.training:TfidfTextSearchPredicate: (0.6, lastname)
Done in 21.57720915079117 minutes.
