Namespace(testing=False, verbose=1, field=['geology'], train_name='mona_degree0', startyear=1990, endyear=2015, loadstartyear=1990, loadendyear=2015, mergemode='m:1', recall=0.9, institution='True', fieldofstudy_cat='False', fieldofstudy_str='False', keywords='False', retrain='True', linking_type='advisors', samplesize=100000, write_to='database')
Have max 12 cores available
Testing is False 

I set the write connection to the main database.
id_field is [127313418] and will be passed to sql queries.
finished setup ... 
Time elapsed: 0.0005443851153055827 minutes 


        SELECT relationship_id
                , year
                , year AS year_range
                , firstname 
                , lastname
                , CASE TRIM(SUBSTR(middle_lastname, 1, l_fullname-l_firstname-l_lastname - 1)) 
                    WHEN 
                        "" THEN NULL 
                        ELSE TRIM(SUBSTR(middle_lastname, 1, l_fullname-l_firstname-l_lastname - 1)) 
                    END AS middlename
                , fieldofstudy
                , keywords
                , institution
                , year || "//" || institution as main_us_institutions_year
                , year || "//" || institution as all_us_institutions_year
        FROM (
            SELECT goid
                , relationship_id
                , degree_year AS year 
                , a.fullname 
                , SUBSTR(TRIM(a.fullname),1,instr(trim(a.fullname)||' ',' ')-1) AS firstname
                , REPLACE(a.fullname, RTRIM(a.fullname, REPLACE(a.fullname, " ", "")), "") AS lastname 
                , TRIM(SUBSTR(a.fullname, length(SUBSTR(TRIM(a.fullname),1,instr(trim(a.fullname)||' ',' ')-1)) + 1)) AS middle_lastname 
                , length(a.fullname) AS l_fullname 
                , length(SUBSTR(TRIM(a.fullname),1,instr(trim(a.fullname)||' ',' ')-1) ) AS l_firstname
                , length(REPLACE(a.fullname, RTRIM(a.fullname, REPLACE(a.fullname, " ", "")), "")) AS l_lastname
                , fieldname AS fieldofstudy
                , university_id
            FROM pq_authors 
            INNER JOIN (
                SELECT goid, fieldname 
                FROM pq_fields_mag
                WHERE mag_field0 IN (?)
            ) USING (goid)
            INNER JOIN ( --# NOTE: this only keeps the theses where at least one advisor is present
                SELECT *, firstname || ' ' || lastname AS fullname
                FROM pq_advisors
            ) AS a USING(goid)
        )
        -- ## NOTE: use left join here as not all graduates have advisor (particularly pre-1980) and possibly also keywords
        LEFT JOIN (
            SELECT goid
                , fields as keywords
            FROM pq_info_linking
        ) USING(goid) 
        INNER JOIN (
            SELECT university_id, normalizedname as institution
            FROM pq_unis --## mark: previously we linked advisors anywhere in the world (as career outcomes). for now, focus on US
            WHERE location like "%United States%"
        ) USING(university_id)
        WHERE year >= 1990 and year <= 2015
         


    SELECT f.AuthorId
        , f.year
        , f.YearLastPub
        , f.firstname
        , f.lastname
        , CASE TRIM(SUBSTR(f.middle_lastname, 1, f.l_fullname - f.l_firstname - f.l_lastname - 1)) 
            WHEN 
                "" THEN NULL 
                ELSE TRIM(SUBSTR(f.middle_lastname, 1, f.l_fullname - f.l_firstname - f.l_lastname - 1)) 
            END as middlename 
            -- ## NOTE this gives "" for middlename when it is missing 
        , f.fieldofstudy
        , g.keywords
        , g.coauthors
        , g.institution
        , g.main_us_institutions_year
         
        , f.year || ";" || f.YearLastPub AS year_range 
        , g.all_us_institutions_year
    
    FROM (
        SELECT a.AuthorId
            , a.YearFirstPub AS year
            , a.YearLastPub 
            , a.FirstName AS firstname
            , REPLACE(b.NormalizedName, RTRIM(b.NormalizedName, REPLACE(b.NormalizedName, " ", "")), "") AS lastname 
                    -- https://stackoverflow.com/questions/21388820/how-to-get-the-last-index-of-a-substring-in-sqlite
            , TRIM(SUBSTR(b.NormalizedName, length(a.FirstName) + 1)) AS middle_lastname 
                    -- this gives all except the first name 
            , length(b.NormalizedName) as l_fullname 
            , length(a.FirstName) as l_firstname
            , length(REPLACE(b.NormalizedName, RTRIM(b.NormalizedName, REPLACE(b.NormalizedName, " ", "")), "")) as l_lastname
            , e.NormalizedName AS fieldofstudy
        FROM author_sample AS a
        INNER JOIN (
            SELECT AuthorId, NormalizedName
            FROM Authors
        ) AS b USING(AuthorId)
        INNER JOIN (
            SELECT AuthorId
            FROM author_field0
            WHERE FieldOfStudyId_lvl0 IN (?)
                AND Degree <= 0
        ) USING(AuthorId)
        LEFT JOIN (
            SELECT AuthorId, NormalizedName
            FROM author_fields c
            INNER JOIN (
                SELECT FieldOfStudyId, NormalizedName
                FROM FieldsOfStudy
            ) AS d USING(FieldOfStudyId)
            -- ## Condition on fieldofstudy being in the level 0 id_field
            INNER JOIN (
                SELECT ParentFieldOfStudyId, ChildFieldOfStudyId
                FROM crosswalk_fields
                WHERE ParentLevel = 0
                    AND ParentFieldOfStudyId IN (?)
            ) AS e ON (e.ChildFieldOfStudyId = c.FieldOfStudyId)
            WHERE FieldClass = 'first'
        ) AS e USING(AuthorId)
    ) f
    LEFT JOIN (
        SELECT AuthorId
                , main_us_institutions_career as institution
                , coauthors
                , keywords
                , main_us_institutions_year
                , all_us_institutions_year
        FROM author_info_linking
    ) AS g USING(AuthorId)
    
    WHERE f.YearLastPub  >= 1990 - 5 AND year <= 2015 + 5 AND institution is not NULL
     

Time elapsed: 85.4164832552274 minutes 

Starting active labeling...
firstname : james
lastname : stout
middlename : h
year_range : (2001,)
main_us_institutions_year : ((2001, 'university of minnesota'),)
all_us_institutions_year : ((2001, 'university of minnesota'),)

firstname : james
lastname : prosser
middlename : i
year_range : (1977, 2021)
main_us_institutions_year : None
all_us_institutions_year : ((2000, 'university of minnesota'),)

0/10 positive, 0/10 negative
Do these records refer to the same thing?
(y)es / (n)o / (u)nsure / (f)inished
firstname : david
lastname : pollard
middlename : d
year_range : (2004,)
main_us_institutions_year : ((2004, 'stanford university'),)
all_us_institutions_year : ((2004, 'stanford university'),)

firstname : david
lastname : wardle
middlename : a
year_range : (1971, 2021)
main_us_institutions_year : None
all_us_institutions_year : ((2013, 'stanford university'), (2013, 'university of tennessee'))

0/10 positive, 1/10 negative
Do these records refer to the same thing?
(y)es / (n)o / (u)nsure / (f)inished / (p)revious
firstname : steven
lastname : constable
middlename : None
year_range : (2005,)
main_us_institutions_year : ((2005, 'university of california san diego'),)
all_us_institutions_year : ((2005, 'university of california san diego'),)

firstname : steven
lastname : constable
middlename : None
year_range : (1984, 2021)
main_us_institutions_year : ((1985, 'scripps institution of oceanography'), (1986, 'university of california san diego'), (1986, 'scripps institution of oceanography'), (1986, 'scripps health'), (1987, 'scripps research institute'), (1990, 'scripps institution of oceanography'), (1991, 'scripps institution of oceanography'), (1992, 'scripps institution of oceanography'), (1993, 'scripps institution of oceanography'), (1996, 'university of california san diego'), (1996, 'scripps institution of oceanography'), (1997, 'university of california san diego'), (1998, 'scripps institution of oceanography'), (1999, 'scripps institution of oceanography'), (2000, 'scripps institution of oceanography'), (2001, 'scripps institution of oceanography'), (2002, 'scripps institution of oceanography'), (2003, 'university of california san diego'), (2004, 'scripps institution of oceanography'), (2006, 'scripps institution of oceanography'), (2007, 'university of california san diego'), (2009, 'scripps institution of oceanography'), (2010, 'scripps institution of oceanography'), (2011, 'university of california san diego'), (2011, 'scripps institution of oceanography'), (2012, 'university of california san diego'), (2012, 'scripps institution of oceanography'), (2013, 'university of california san diego'), (2014, 'scripps institution of oceanography'), (2015, 'scripps institution of oceanography'), (2016, 'university of california san diego'), (2016, 'scripps institution of oceanography'), (2016, 'scripps health'), (2017, 'university of california san diego'), (2018, 'university of california san diego'), (2018, 'scripps institution of oceanography'), (2019, 'scripps institution of oceanography'), (2020, 'university of california san diego'), (2021, 'university of california san diego'))
all_us_institutions_year : ((1985, 'scripps institution of oceanography'), (1986, 'scripps health'), (1986, 'scripps institution of oceanography'), (1986, 'university of california san diego'), (1987, 'scripps research institute'), (1990, 'scripps institution of oceanography'), (1990, 'scripps research institute'), (1990, 'university of california san diego'), (1991, 'scripps institution of oceanography'), (1992, 'scripps institution of oceanography'), (1993, 'scripps institution of oceanography'), (1993, 'university of california san diego'), (1996, 'scripps institution of oceanography'), (1996, 'university of california san diego'), (1997, 'scripps institution of oceanography'), (1997, 'university of california san diego'), (1998, 'scripps institution of oceanography'), (1999, 'scripps institution of oceanography'), (2000, 'scripps institution of oceanography'), (2000, 'university of california san diego'), (2001, 'scripps institution of oceanography'), (2002, 'scripps health'), (2002, 'scripps institution of oceanography'), (2003, 'university of california'), (2003, 'university of california san diego'), (2004, 'scripps institution of oceanography'), (2004, 'university of california san diego'), (2005, 'scripps institution of oceanography'), (2005, 'university of california'), (2006, 'sandia national laboratories'), (2006, 'scripps institution of oceanography'), (2006, 'university of california san diego'), (2007, 'scripps institution of oceanography'), (2007, 'university of california'), (2007, 'university of california san diego'), (2009, 'scripps institution of oceanography'), (2009, 'university of california san diego'), (2010, 'scripps institution of oceanography'), (2010, 'university of california san diego'), (2011, 'scripps institution of oceanography'), (2011, 'university of california san diego'), (2012, 'scripps institution of oceanography'), (2012, 'university of california'), (2012, 'university of california san diego'), (2013, 'scripps institution of oceanography'), (2013, 'university of california san diego'), (2014, 'scripps institution of oceanography'), (2015, 'scripps institution of oceanography'), (2015, 'university of california san diego'), (2016, 'scripps health'), (2016, 'scripps institution of oceanography'), (2016, 'university of california san diego'), (2017, 'scripps institution of oceanography'), (2017, 'university of california san diego'), (2018, 'scripps institution of oceanography'), (2018, 'university of california san diego'), (2019, 'scripps institution of oceanography'), (2019, 'university of california san diego'), (2020, 'scripps institution of oceanography'), (2020, 'university of california san diego'), (2021, 'university of california san diego'))

0/10 positive, 2/10 negative
Do these records refer to the same thing?
(y)es / (n)o / (u)nsure / (f)inished / (p)revious
firstname : peter
lastname : malin
middlename : None
year_range : (2008,)
main_us_institutions_year : ((2008, 'duke university'),)
all_us_institutions_year : ((2008, 'duke university'),)

firstname : peter
lastname : malin
middlename : None
year_range : (1973, 2021)
main_us_institutions_year : ((1985, 'university of california santa barbara'), (1988, 'university of california berkeley'), (1989, 'university of california santa barbara'), (1990, 'yale university'), (1990, 'university of california santa barbara'), (1990, 'university of california berkeley'), (1991, 'duke university'), (1991, 'university of southern california'), (1992, 'duke university'), (1995, 'duke university'), (1996, 'duke university'), (1997, 'duke university'), (1998, 'duke university'), (2000, 'duke university'), (2001, 'duke university'), (2003, 'duke university'), (2004, 'duke university'), (2005, 'duke university'), (2006, 'duke university'), (2007, 'duke university'), (2014, 'duke university'))
all_us_institutions_year : ((1985, 'university of california santa barbara'), (1988, 'university of california berkeley'), (1989, 'university of california santa barbara'), (1990, 'university of california berkeley'), (1990, 'university of california santa barbara'), (1990, 'yale university'), (1991, 'duke university'), (1991, 'university of southern california'), (1992, 'duke university'), (1995, 'duke university'), (1996, 'duke university'), (1997, 'duke university'), (1998, 'duke university'), (2000, 'duke university'), (2001, 'duke university'), (2003, 'duke university'), (2004, 'duke university'), (2005, 'duke university'), (2006, 'duke university'), (2007, 'duke university'), (2008, 'duke university'), (2010, 'duke university'), (2013, 'university of california santa barbara'), (2014, 'duke university'), (2015, 'duke university'), (2020, 'duke university'))

1/10 positive, 2/10 negative
Do these records refer to the same thing?
(y)es / (n)o / (u)nsure / (f)inished / (p)revious
firstname : joellen
lastname : russel
middlename : None
year_range : (2009,)
main_us_institutions_year : ((2009, 'university of arizona'),)
all_us_institutions_year : ((2009, 'university of arizona'),)

firstname : joellen
lastname : russell
middlename : l
year_range : (2003, 2021)
main_us_institutions_year : ((2003, 'geophysical fluid dynamics laboratory'), (2003, 'university of washington'), (2004, 'princeton university'), (2005, 'princeton university'), (2006, 'university of arizona'), (2006, 'princeton university'), (2007, 'university of arizona'), (2007, 'princeton university'), (2008, 'university of arizona'), (2009, 'university of arizona'), (2010, 'university of arizona'), (2011, 'university of arizona'), (2012, 'university of arizona'), (2013, 'university of arizona'), (2014, 'university of arizona'), (2015, 'university of arizona'), (2016, 'university of arizona'), (2017, 'university of arizona'), (2018, 'university of arizona'), (2019, 'university of arizona'), (2020, 'university of arizona'), (2021, 'university of arizona'))
all_us_institutions_year : ((2003, 'geophysical fluid dynamics laboratory'), (2003, 'university of washington'), (2004, 'princeton university'), (2005, 'princeton university'), (2006, 'princeton university'), (2006, 'university of arizona'), (2007, 'princeton university'), (2007, 'university of arizona'), (2008, 'university of arizona'), (2009, 'university of arizona'), (2010, 'university of arizona'), (2011, 'university of arizona'), (2012, 'university of arizona'), (2013, 'university of arizona'), (2014, 'university of arizona'), (2015, 'university of arizona'), (2016, 'university of arizona'), (2017, 'university of arizona'), (2018, 'university of arizona'), (2019, 'university of arizona'), (2020, 'university of arizona'), (2021, 'university of arizona'))

2/10 positive, 2/10 negative
Do these records refer to the same thing?
(y)es / (n)o / (u)nsure / (f)inished / (p)revious
firstname : michael
lastname : kruge
middlename : a
year_range : (2014,)
main_us_institutions_year : ((2014, 'montclair state university'),)
all_us_institutions_year : ((2014, 'montclair state university'),)

firstname : michael
lastname : kruger
middlename : None
year_range : (1976, 2014)
main_us_institutions_year : ((1978, 'university of michigan'), (2008, 'iri'))
all_us_institutions_year : ((1978, 'university of michigan'), (2007, 'iri'), (2008, 'iri'), (2009, 'dominican university'), (2009, 'iri'), (2010, 'iri'), (2011, 'iri'), (2012, 'dominican university'), (2012, 'iri'), (2016, 'dominican university'), (2016, 'iri'))

3/10 positive, 2/10 negative
Do these records refer to the same thing?
(y)es / (n)o / (u)nsure / (f)inished / (p)revious
firstname : jian
lastname : lin
middlename : None
year_range : (2014,)
main_us_institutions_year : ((2014, 'massachusetts institute of technology'),)
all_us_institutions_year : ((2014, 'massachusetts institute of technology'),)

firstname : jian
lastname : li
middlename : None
year_range : (2010, 2021)
main_us_institutions_year : ((2010, 'university of illinois at urbana champaign'), (2011, 'university of illinois at urbana champaign'), (2012, 'university of illinois at urbana champaign'), (2013, 'university of illinois at urbana champaign'), (2014, 'university of kansas'), (2015, 'university of kansas'), (2016, 'university of kansas'), (2017, 'university of kansas'), (2018, 'university of kansas'), (2019, 'university of kansas'), (2020, 'university of kansas'), (2021, 'university of kansas'))
all_us_institutions_year : ((2010, 'university of illinois at urbana champaign'), (2011, 'university of illinois at urbana champaign'), (2012, 'university of illinois at urbana champaign'), (2013, 'university of illinois at urbana champaign'), (2014, 'university of kansas'), (2015, 'university of kansas'), (2016, 'university of kansas'), (2017, 'university of kansas'), (2018, 'university of kansas'), (2019, 'university of kansas'), (2020, 'university of kansas'), (2021, 'university of kansas'))

3/10 positive, 3/10 negative
Do these records refer to the same thing?
(y)es / (n)o / (u)nsure / (f)inished / (p)revious
firstname : jian
lastname : lin
middlename : None
year_range : (2002,)
main_us_institutions_year : ((2002, 'massachusetts institute of technology'),)
all_us_institutions_year : ((2002, 'massachusetts institute of technology'),)

firstname : jian
lastname : li
middlename : None
year_range : (2013, 2018)
main_us_institutions_year : ((2018, 'centers for disease control and prevention'),)
all_us_institutions_year : ((2018, 'centers for disease control and prevention'),)

3/10 positive, 4/10 negative
Do these records refer to the same thing?
(y)es / (n)o / (u)nsure / (f)inished / (p)revious
firstname : howard
lastname : zebker
middlename : None
year_range : (2010,)
main_us_institutions_year : ((2010, 'stanford university'),)
all_us_institutions_year : ((2010, 'stanford university'),)

firstname : howard
lastname : becker
middlename : s
year_range : (1928, 2020)
main_us_institutions_year : ((1953, 'university of chicago'), (1955, 'university of chicago'), (1966, 'stanford university'), (1967, 'northwestern university'), (1968, 'northwestern university'), (1972, 'northwestern university'), (1973, 'northwestern university'), (1974, 'northwestern university'), (1975, 'northwestern university'), (1976, 'northwestern university'), (1977, 'northwestern university'), (1980, 'northwestern university'), (1981, 'northwestern university'), (1983, 'northwestern university'), (1984, 'northwestern university'), (1986, 'northwestern university'), (1988, 'northwestern university'), (1989, 'northwestern university'), (1990, 'university of washington'), (1990, 'northwestern university'), (1992, 'university of washington'), (1994, 'university of washington'), (1995, 'university of washington'), (1996, 'university of washington'), (1998, 'university of washington'), (2000, 'university of california santa barbara'), (2015, 'urbana university'), (2017, 'university of washington'))
all_us_institutions_year : ((1953, 'university of chicago'), (1955, 'university of chicago'), (1964, 'stanford university'), (1966, 'stanford university'), (1967, 'northwestern university'), (1968, 'northwestern university'), (1970, 'northwestern university'), (1972, 'northwestern university'), (1973, 'northwestern university'), (1974, 'northwestern university'), (1975, 'northwestern university'), (1976, 'northwestern university'), (1977, 'northwestern university'), (1980, 'northwestern university'), (1981, 'northwestern university'), (1983, 'northwestern university'), (1984, 'northwestern university'), (1986, 'northwestern university'), (1988, 'northwestern university'), (1989, 'northwestern university'), (1990, 'northwestern university'), (1990, 'university of washington'), (1992, 'university of washington'), (1994, 'university of washington'), (1995, 'university of washington'), (1996, 'university of washington'), (1998, 'university of washington'), (2000, 'university of california santa barbara'), (2014, 'northwestern university'), (2015, 'urbana university'), (2017, 'university of washington'), (2019, 'university of washington'))

3/10 positive, 5/10 negative
Do these records refer to the same thing?
(y)es / (n)o / (u)nsure / (f)inished / (p)revious
firstname : howard
lastname : zebker
middlename : None
year_range : (2007,)
main_us_institutions_year : ((2007, 'stanford university'),)
all_us_institutions_year : ((2007, 'stanford university'),)

firstname : howard
lastname : becker
middlename : s
year_range : (1928, 2020)
main_us_institutions_year : ((1953, 'university of chicago'), (1955, 'university of chicago'), (1966, 'stanford university'), (1967, 'northwestern university'), (1968, 'northwestern university'), (1972, 'northwestern university'), (1973, 'northwestern university'), (1974, 'northwestern university'), (1975, 'northwestern university'), (1976, 'northwestern university'), (1977, 'northwestern university'), (1980, 'northwestern university'), (1981, 'northwestern university'), (1983, 'northwestern university'), (1984, 'northwestern university'), (1986, 'northwestern university'), (1988, 'northwestern university'), (1989, 'northwestern university'), (1990, 'university of washington'), (1990, 'northwestern university'), (1992, 'university of washington'), (1994, 'university of washington'), (1995, 'university of washington'), (1996, 'university of washington'), (1998, 'university of washington'), (2000, 'university of california santa barbara'), (2015, 'urbana university'), (2017, 'university of washington'))
all_us_institutions_year : ((1953, 'university of chicago'), (1955, 'university of chicago'), (1964, 'stanford university'), (1966, 'stanford university'), (1967, 'northwestern university'), (1968, 'northwestern university'), (1970, 'northwestern university'), (1972, 'northwestern university'), (1973, 'northwestern university'), (1974, 'northwestern university'), (1975, 'northwestern university'), (1976, 'northwestern university'), (1977, 'northwestern university'), (1980, 'northwestern university'), (1981, 'northwestern university'), (1983, 'northwestern university'), (1984, 'northwestern university'), (1986, 'northwestern university'), (1988, 'northwestern university'), (1989, 'northwestern university'), (1990, 'northwestern university'), (1990, 'university of washington'), (1992, 'university of washington'), (1994, 'university of washington'), (1995, 'university of washington'), (1996, 'university of washington'), (1998, 'university of washington'), (2000, 'university of california santa barbara'), (2014, 'northwestern university'), (2015, 'urbana university'), (2017, 'university of washington'), (2019, 'university of washington'))

3/10 positive, 6/10 negative
Do these records refer to the same thing?
(y)es / (n)o / (u)nsure / (f)inished / (p)revious
firstname : bin
lastname : wang
middlename : None
year_range : (2004,)
main_us_institutions_year : ((2004, 'university of hawaii at manoa'),)
all_us_institutions_year : ((2004, 'university of hawaii at manoa'),)

firstname : bin
lastname : wang
middlename : None
year_range : (1994, 1998)
main_us_institutions_year : ((1994, 'mobil'), (1995, 'mobil'), (1996, 'mobil'), (1997, 'mobil'), (1998, 'mobil'))
all_us_institutions_year : ((1994, 'mobil'), (1995, 'mobil'), (1996, 'mobil'), (1997, 'mobil'), (1998, 'mobil'))

3/10 positive, 7/10 negative
Do these records refer to the same thing?
(y)es / (n)o / (u)nsure / (f)inished / (p)revious
firstname : b
lastname : schreiber
middlename : charlotte
year_range : (1999,)
main_us_institutions_year : ((1999, 'city university of new york'),)
all_us_institutions_year : ((1999, 'city university of new york'),)

firstname : b
lastname : schreiber
middlename : charlotte
year_range : (2006, 2018)
main_us_institutions_year : ((2006, 'university of washington'), (2008, 'university of washington'), (2009, 'university of washington'), (2010, 'university of washington'), (2012, 'university of washington'), (2013, 'university of washington'), (2014, 'university of washington'), (2015, 'university of washington'), (2016, 'university of washington'), (2017, 'university of washington'), (2018, 'university of washington'))
all_us_institutions_year : ((2006, 'university of washington'), (2008, 'university of washington'), (2009, 'university of washington'), (2010, 'university of washington'), (2011, 'university of washington'), (2012, 'university of washington'), (2013, 'university of washington'), (2014, 'university of washington'), (2015, 'university of washington'), (2016, 'university of washington'), (2017, 'university of washington'), (2018, 'university of washington'))

3/10 positive, 8/10 negative
Do these records refer to the same thing?
(y)es / (n)o / (u)nsure / (f)inished / (p)revious
firstname : john
lastname : hayes
middlename : b
year_range : (1990,)
main_us_institutions_year : ((1990, 'indiana university'),)
all_us_institutions_year : ((1990, 'indiana university'),)

firstname : j
lastname : hayes
middlename : m
year_range : (1967, 2018)
main_us_institutions_year : ((1967, 'massachusetts institute of technology'), (1967, 'university of chicago'), (1968, 'massachusetts institute of technology'), (1970, 'indiana university'), (1973, 'indiana university'), (1974, 'indiana university'), (1975, 'indiana university'), (1978, 'indiana university'), (1980, 'indiana university'), (1982, 'indiana university'), (1983, 'indiana university'), (1984, 'indiana university'), (1985, 'indiana university'), (1986, 'indiana university'), (1987, 'indiana university'), (1988, 'indiana university'), (1989, 'indiana university'), (1990, 'indiana university'), (1991, 'indiana university'), (1992, 'indiana university'), (1993, 'indiana university'), (1994, 'indiana university'), (1995, 'indiana university'), (1996, 'woods hole oceanographic institution'), (1997, 'indiana university'), (1998, 'indiana university'), (1999, 'woods hole oceanographic institution'), (2000, 'woods hole oceanographic institution'), (2001, 'woods hole oceanographic institution'), (2002, 'woods hole oceanographic institution'), (2003, 'woods hole oceanographic institution'), (2004, 'woods hole oceanographic institution'), (2005, 'woods hole oceanographic institution'), (2006, 'woods hole oceanographic institution'), (2007, 'woods hole oceanographic institution'), (2008, 'woods hole oceanographic institution'), (2009, 'woods hole oceanographic institution'), (2011, 'woods hole oceanographic institution'), (2013, 'woods hole oceanographic institution'), (2018, 'woods hole oceanographic institution'))
all_us_institutions_year : ((1967, 'massachusetts institute of technology'), (1967, 'university of chicago'), (1968, 'massachusetts institute of technology'), (1970, 'indiana university'), (1972, 'indiana university'), (1973, 'indiana university'), (1974, 'indiana university'), (1975, 'indiana university'), (1978, 'indiana university'), (1979, 'indiana university'), (1980, 'indiana university'), (1982, 'indiana university'), (1983, 'indiana university'), (1984, 'indiana university'), (1985, 'indiana university'), (1986, 'indiana university'), (1987, 'indiana university'), (1988, 'indiana university'), (1989, 'indiana university'), (1990, 'indiana university'), (1991, 'indiana university'), (1992, 'indiana university'), (1993, 'indiana university'), (1994, 'indiana university'), (1995, 'indiana university'), (1996, 'woods hole oceanographic institution'), (1997, 'indiana university'), (1997, 'woods hole oceanographic institution'), (1998, 'indiana university'), (1999, 'woods hole oceanographic institution'), (2000, 'indiana university'), (2000, 'woods hole oceanographic institution'), (2001, 'indiana university'), (2001, 'woods hole oceanographic institution'), (2002, 'woods hole oceanographic institution'), (2003, 'woods hole oceanographic institution'), (2004, 'woods hole oceanographic institution'), (2005, 'woods hole oceanographic institution'), (2006, 'woods hole oceanographic institution'), (2007, 'woods hole oceanographic institution'), (2008, 'woods hole oceanographic institution'), (2009, 'woods hole oceanographic institution'), (2011, 'woods hole oceanographic institution'), (2013, 'woods hole oceanographic institution'), (2018, 'woods hole oceanographic institution'))

3/10 positive, 9/10 negative
Do these records refer to the same thing?
(y)es / (n)o / (u)nsure / (f)inished / (p)revious
firstname : michael
lastname : day
middlename : j
year_range : (1992,)
main_us_institutions_year : ((1992, 'university of wisconsin milwaukee'),)
all_us_institutions_year : ((1992, 'university of wisconsin milwaukee'),)

firstname : m
lastname : day
middlename : j
year_range : (1985, 2021)
main_us_institutions_year : None
all_us_institutions_year : ((2007, 'university of wisconsin madison'),)

3/10 positive, 9/10 negative
Do these records refer to the same thing?
(y)es / (n)o / (u)nsure / (f)inished / (p)revious
firstname : jeffrey
lastname : hanor
middlename : s
year_range : (1991,)
main_us_institutions_year : ((1991, 'louisiana state university and agricultural mechanical college'),)
all_us_institutions_year : ((1991, 'louisiana state university and agricultural mechanical college'),)

firstname : jeffrey
lastname : hanor
middlename : s
year_range : (1967, 2021)
main_us_institutions_year : ((1968, 'university of california san diego'), (1969, 'scripps institution of oceanography'), (1970, 'university of california san diego'), (1970, 'scripps institution of oceanography'), (1970, 'louisiana state university'), (1973, 'louisiana state university'), (1977, 'louisiana state university'), (1979, 'louisiana state university'), (1981, 'louisiana state university'), (1982, 'louisiana state university'), (1984, 'louisiana state university'), (1985, 'louisiana state university'), (1986, 'louisiana state university'), (1987, 'louisiana state university'), (1988, 'louisiana state university'), (1989, 'louisiana state university'), (1990, 'louisiana state university'), (1991, 'louisiana state university'), (1993, 'louisiana state university'), (1994, 'louisiana state university'), (1995, 'louisiana state university'), (2000, 'louisiana state university'), (2001, 'louisiana state university'), (2004, 'louisiana state university'), (2005, 'louisiana state university'), (2006, 'louisiana state university'), (2007, 'louisiana state university'), (2010, 'louisiana state university'), (2011, 'louisiana state university'), (2012, 'louisiana state university'), (2013, 'louisiana state university'), (2015, 'louisiana state university'), (2021, 'louisiana state university'))
all_us_institutions_year : ((1968, 'university of california san diego'), (1969, 'scripps institution of oceanography'), (1970, 'louisiana state university'), (1970, 'scripps institution of oceanography'), (1970, 'university of california san diego'), (1973, 'louisiana state university'), (1977, 'louisiana state university'), (1979, 'louisiana state university'), (1981, 'louisiana state university'), (1982, 'louisiana state university'), (1984, 'louisiana state university'), (1985, 'louisiana state university'), (1986, 'louisiana state university'), (1987, 'louisiana state university'), (1988, 'louisiana state university'), (1989, 'indiana university'), (1989, 'louisiana state university'), (1990, 'louisiana state university'), (1991, 'louisiana state university'), (1993, 'louisiana state university'), (1994, 'louisiana state university'), (1995, 'louisiana state university'), (2000, 'louisiana state university'), (2001, 'louisiana state university'), (2004, 'louisiana state university'), (2005, 'louisiana state university'), (2006, 'louisiana state university'), (2007, 'louisiana state university'), (2010, 'louisiana state university'), (2011, 'louisiana state university'), (2012, 'louisiana state university'), (2013, 'louisiana state university'), (2015, 'louisiana state university'), (2021, 'louisiana state university'))

3/10 positive, 10/10 negative
Do these records refer to the same thing?
(y)es / (n)o / (u)nsure / (f)inished / (p)revious
firstname : mike
lastname : bevis
middlename : None
year_range : (2008,)
main_us_institutions_year : ((2008, 'ohio state university'),)
all_us_institutions_year : ((2008, 'ohio state university'),)

firstname : michael
lastname : bevis
middlename : None
year_range : (1979, 2021)
main_us_institutions_year : ((1986, 'north carolina state university'), (1987, 'north carolina state university'), (1988, 'north carolina state university'), (1989, 'north carolina state university'), (1991, 'north carolina state university'), (1993, 'north carolina state university'), (1994, 'north carolina state university'), (1995, 'university of hawaii'), (1996, 'university of hawaii'), (1997, 'university of hawaii'), (1998, 'university of hawaii'), (1999, 'university of hawaii'), (2000, 'university of hawaii'), (2001, 'university of hawaii'), (2002, 'university of hawaii'), (2003, 'university of hawaii'), (2004, 'university of hawaii'), (2005, 'ohio state university'), (2006, 'ohio state university'), (2007, 'ohio state university'), (2008, 'ohio state university'), (2009, 'ohio state university'), (2010, 'ohio state university'), (2011, 'ohio state university'), (2012, 'ohio state university'), (2013, 'ohio state university'), (2014, 'ohio state university'), (2015, 'ohio state university'), (2016, 'ohio state university'), (2017, 'ohio state university'), (2018, 'ohio state university'), (2019, 'ohio state university'), (2020, 'ohio state university'), (2021, 'ohio state university'))
all_us_institutions_year : ((1986, 'north carolina state university'), (1987, 'north carolina state university'), (1988, 'north carolina state university'), (1989, 'north carolina state university'), (1991, 'north carolina state university'), (1993, 'north carolina state university'), (1994, 'north carolina state university'), (1994, 'university of hawaii'), (1995, 'university of hawaii'), (1996, 'university of hawaii'), (1997, 'university of hawaii'), (1998, 'university of hawaii'), (1999, 'university of hawaii'), (2000, 'university of hawaii'), (2001, 'university of hawaii'), (2002, 'university of hawaii'), (2003, 'university of hawaii'), (2004, 'ohio state university'), (2004, 'university of hawaii'), (2005, 'ohio state university'), (2005, 'university of hawaii'), (2006, 'ohio state university'), (2007, 'ohio state university'), (2008, 'ohio state university'), (2009, 'ohio state university'), (2010, 'ohio state university'), (2011, 'ohio state university'), (2012, 'ohio state university'), (2013, 'ohio state university'), (2014, 'ohio state university'), (2015, 'ohio state university'), (2016, 'ohio state university'), (2017, 'ohio state university'), (2018, 'ohio state university'), (2019, 'ohio state university'), (2020, 'ohio state university'), (2021, 'ohio state university'))

4/10 positive, 10/10 negative
Do these records refer to the same thing?
(y)es / (n)o / (u)nsure / (f)inished / (p)revious
firstname : james
lastname : puckette
middlename : None
year_range : (2013,)
main_us_institutions_year : ((2013, 'oklahoma state university'),)
all_us_institutions_year : ((2013, 'oklahoma state university'),)

firstname : jim
lastname : puckette
middlename : None
year_range : (1989, 2021)
main_us_institutions_year : ((2012, 'oklahoma state university stillwater'), (2013, 'oklahoma state university stillwater'), (2014, 'oklahoma state university stillwater'), (2015, 'oklahoma state university stillwater'), (2017, 'oklahoma state university stillwater'), (2018, 'oklahoma state university stillwater'), (2019, 'oklahoma state university stillwater'), (2020, 'oklahoma state university stillwater'), (2021, 'oklahoma state university stillwater'))
all_us_institutions_year : ((2003, 'oklahoma state university stillwater'), (2012, 'oklahoma state university stillwater'), (2013, 'oklahoma state university stillwater'), (2014, 'oklahoma state university stillwater'), (2015, 'oklahoma state university stillwater'), (2017, 'oklahoma state university stillwater'), (2018, 'oklahoma state university stillwater'), (2019, 'oklahoma state university stillwater'), (2020, 'oklahoma state university stillwater'), (2021, 'oklahoma state university stillwater'))

5/10 positive, 10/10 negative
Do these records refer to the same thing?
(y)es / (n)o / (u)nsure / (f)inished / (p)revious
firstname : robert
lastname : parker
middlename : None
year_range : (2003,)
main_us_institutions_year : ((2003, 'university of california san diego'),)
all_us_institutions_year : ((2003, 'university of california san diego'),)

firstname : min
lastname : park
middlename : s
year_range : (2003, 2021)
main_us_institutions_year : ((2004, 'university of california san diego'), (2005, 'university of california'), (2005, 'university of california berkeley'), (2006, 'university of california san diego'), (2007, 'university of california san diego'), (2008, 'st joseph s hospital and medical center'), (2009, 'st joseph s hospital and medical center'), (2010, 'university of california san diego'), (2011, 'university of california san diego'), (2012, 'university of california san diego'), (2014, 'st joseph s hospital and medical center'), (2014, 'barrow neurological institute'), (2015, 'university of utah'), (2016, 'university of utah'), (2017, 'university of utah'), (2018, 'university of utah'), (2019, 'university of virginia health system'), (2020, 'university of virginia'), (2021, 'university of virginia'))
all_us_institutions_year : ((2004, 'university of california san diego'), (2005, 'university of california'), (2005, 'university of california berkeley'), (2006, 'university of california san diego'), (2007, 'university of california san diego'), (2008, 'st joseph s hospital and medical center'), (2009, 'st joseph s hospital and medical center'), (2010, 'st joseph s hospital and medical center'), (2010, 'university of california san diego'), (2011, 'university of california san diego'), (2012, 'university of california san diego'), (2014, 'barrow neurological institute'), (2014, 'st joseph s hospital and medical center'), (2015, 'barrow neurological institute'), (2015, 'st joseph s hospital and medical center'), (2015, 'university of utah'), (2016, 'university of utah'), (2017, 'university of utah'), (2017, 'university of virginia'), (2018, 'university of utah'), (2018, 'university of virginia'), (2018, 'university of virginia health system'), (2019, 'university of utah'), (2019, 'university of virginia'), (2019, 'university of virginia health system'), (2020, 'university of utah'), (2020, 'university of virginia'), (2020, 'university of virginia health system'), (2021, 'barrow neurological institute'), (2021, 'university of virginia'), (2021, 'university of virginia health system'))

6/10 positive, 10/10 negative
Do these records refer to the same thing?
(y)es / (n)o / (u)nsure / (f)inished / (p)revious
firstname : yuping
lastname : chin
middlename : None
year_range : (2001,)
main_us_institutions_year : ((2001, 'ohio state university'),)
all_us_institutions_year : ((2001, 'ohio state university'),)

firstname : randal
lastname : ching
middlename : p
year_range : (1994, 2020)
main_us_institutions_year : ((1994, 'university of washington'), (1995, 'university of washington'), (1997, 'university of washington'), (1998, 'university of washington'), (1999, 'harborview medical center'), (2000, 'university of washington'), (2001, 'university of washington'), (2002, 'university of washington'), (2003, 'university of washington'), (2004, 'university of washington'), (2005, 'university of washington'), (2006, 'university of washington'), (2007, 'university of washington'), (2008, 'university of washington'), (2009, 'university of washington'), (2010, 'university of washington'), (2011, 'university of washington'), (2011, 'ohio state university'), (2013, 'university of washington'), (2014, 'university of washington'), (2015, 'university of washington'), (2016, 'university of washington'), (2017, 'university of washington'), (2019, 'university of washington'), (2020, 'university of washington'))
all_us_institutions_year : ((1994, 'university of washington'), (1995, 'university of washington'), (1997, 'harborview medical center'), (1997, 'university of washington'), (1998, 'harborview medical center'), (1998, 'university of washington'), (1999, 'harborview medical center'), (2000, 'pennsylvania state university'), (2000, 'university of washington'), (2001, 'university of washington'), (2002, 'microsoft'), (2002, 'university of washington'), (2003, 'united states department of veterans affairs'), (2003, 'university of washington'), (2004, 'university of washington'), (2005, 'university of washington'), (2006, 'university of washington'), (2007, 'university of washington'), (2008, 'university of washington'), (2009, 'university of washington'), (2010, 'university of washington'), (2011, 'ohio state university'), (2011, 'university of washington'), (2013, 'university of washington'), (2014, 'university of washington'), (2015, 'university of washington'), (2016, 'university of washington'), (2017, 'university of washington'), (2019, 'university of washington'), (2020, 'university of washington'))

6/10 positive, 11/10 negative
Do these records refer to the same thing?
(y)es / (n)o / (u)nsure / (f)inished / (p)revious
firstname : james
lastname : bishop
middlename : k b
year_range : (2005,)
main_us_institutions_year : ((2005, 'university of california berkeley'),)
all_us_institutions_year : ((2005, 'university of california berkeley'),)

firstname : james
lastname : bishop
middlename : w
year_range : (1964, 2019)
main_us_institutions_year : ((1964, 'university of california davis'), (2006, 'university of california davis'), (2009, 'university of california davis'), (2010, 'university of california davis'), (2012, 'chevron corporation'), (2019, 'chevron corporation'))
all_us_institutions_year : ((1964, 'university of california davis'), (2006, 'university of california davis'), (2009, 'university of california davis'), (2010, 'university of california davis'), (2012, 'chevron corporation'), (2014, 'chevron corporation'), (2019, 'chevron corporation'))

6/10 positive, 12/10 negative
Do these records refer to the same thing?
(y)es / (n)o / (u)nsure / (f)inished / (p)revious
firstname : james
lastname : farquhar
middlename : None
year_range : (2013,)
main_us_institutions_year : ((2013, 'university of maryland college park'),)
all_us_institutions_year : ((2013, 'university of maryland college park'),)

firstname : james
lastname : farquhar
middlename : f
year_range : (2009, 2016)
main_us_institutions_year : ((2009, 'new york state department of environmental conservation'), (2012, 'new york state department of environmental conservation'), (2014, 'new york state department of environmental conservation'), (2015, 'new york state department of environmental conservation'), (2016, 'new york state department of environmental conservation'))
all_us_institutions_year : ((2009, 'new york state department of environmental conservation'), (2012, 'new york state department of environmental conservation'), (2014, 'new york state department of environmental conservation'), (2015, 'new york state department of environmental conservation'), (2016, 'new york state department of environmental conservation'))

6/10 positive, 12/10 negative
Do these records refer to the same thing?
(y)es / (n)o / (u)nsure / (f)inished / (p)revious
firstname : kathleen
lastname : pigg
middlename : b
year_range : (2010,)
main_us_institutions_year : ((2010, 'arizona state university'),)
all_us_institutions_year : ((2010, 'arizona state university'),)

firstname : kathleen
lastname : pigg
middlename : b
year_range : (1985, 1994)
main_us_institutions_year : ((1985, 'ohio state university'), (1987, 'ohio state university'))
all_us_institutions_year : ((1985, 'ohio state university'), (1987, 'ohio state university'), (1988, 'ohio state university'))

6/10 positive, 13/10 negative
Do these records refer to the same thing?
(y)es / (n)o / (u)nsure / (f)inished / (p)revious
firstname : richard
lastname : gordon
middlename : g
year_range : (2000,)
main_us_institutions_year : ((2000, 'northwestern university'),)
all_us_institutions_year : ((2000, 'northwestern university'),)

firstname : richard
lastname : gordon
middlename : None
year_range : (1966, 2021)
main_us_institutions_year : ((1970, 'university at buffalo'), (1971, 'university at buffalo'), (1972, 'university at buffalo'), (1973, 'boston children s hospital'), (1974, 'national institutes of health'), (1976, 'national institutes of health'), (1978, 'boston children s hospital'), (2014, 'wayne state university'), (2015, 'wayne state university'), (2016, 'wayne state university'), (2017, 'wayne state university'), (2018, 'wayne state university'), (2019, 'wayne state university'), (2020, 'wayne state university'), (2021, 'wayne state university'))
all_us_institutions_year : ((1970, 'university at buffalo'), (1971, 'university at buffalo'), (1972, 'university at buffalo'), (1973, 'boston children s hospital'), (1974, 'national institutes of health'), (1975, 'national institutes of health'), (1976, 'national institutes of health'), (1976, 'university of texas at austin'), (1978, 'boston children s hospital'), (2014, 'wayne state university'), (2015, 'wayne state university'), (2016, 'wayne state university'), (2017, 'wayne state university'), (2018, 'wayne state university'), (2019, 'wayne state university'), (2020, 'wayne state university'), (2021, 'wayne state university'))

6/10 positive, 14/10 negative
Do these records refer to the same thing?
(y)es / (n)o / (u)nsure / (f)inished / (p)revious
firstname : clinton
lastname : willson
middlename : s
year_range : (2004,)
main_us_institutions_year : ((2004, 'louisiana state university and agricultural mechanical college'),)
all_us_institutions_year : ((2004, 'louisiana state university and agricultural mechanical college'),)

firstname : clinton
lastname : willson
middlename : s
year_range : (1999, 2021)
main_us_institutions_year : ((1999, 'louisiana state university'), (2000, 'louisiana state university'), (2003, 'louisiana state university'), (2005, 'louisiana state university'), (2006, 'louisiana state university'), (2007, 'louisiana state university'), (2008, 'louisiana state university'), (2010, 'louisiana state university'), (2011, 'louisiana state university'), (2012, 'louisiana state university'), (2015, 'louisiana state university'), (2016, 'louisiana state university'), (2018, 'louisiana state university'), (2019, 'louisiana state university'), (2020, 'louisiana state university'), (2021, 'louisiana state university'))
all_us_institutions_year : ((1999, 'louisiana state university'), (2000, 'louisiana state university'), (2003, 'louisiana state university'), (2004, 'louisiana state university'), (2005, 'louisiana state university'), (2006, 'louisiana state university'), (2007, 'louisiana state university'), (2008, 'louisiana state university'), (2010, 'louisiana state university'), (2011, 'louisiana state university'), (2012, 'louisiana state university'), (2013, 'louisiana state university'), (2014, 'louisiana state university'), (2015, 'louisiana state university'), (2016, 'louisiana state university'), (2018, 'louisiana state university'), (2019, 'louisiana state university'), (2020, 'louisiana state university'), (2021, 'louisiana state university'))

6/10 positive, 15/10 negative
Do these records refer to the same thing?
(y)es / (n)o / (u)nsure / (f)inished / (p)revious
firstname : james
lastname : cowen
middlename : p
year_range : (2013,)
main_us_institutions_year : ((2013, 'university of hawaii at manoa'),)
all_us_institutions_year : ((2013, 'university of hawaii at manoa'),)

firstname : james
lastname : cowen
middlename : p
year_range : (1986, 2021)
main_us_institutions_year : ((1986, 'university of hawaii'), (1986, 'pacific marine environmental laboratory'), (1990, 'university of hawaii'), (1997, 'university of hawaii'), (1998, 'university of hawaii'), (1999, 'university of hawaii'), (2000, 'university of hawaii'), (2001, 'university of hawaii'), (2002, 'university of hawaii'), (2003, 'university of hawaii'), (2004, 'university of hawaii'), (2006, 'university of hawaii'), (2007, 'university of hawaii'), (2008, 'university of hawaii'), (2009, 'university of hawaii'), (2012, 'university of hawaii'), (2013, 'university of hawaii'), (2014, 'university of hawaii'), (2015, 'university of hawaii'), (2016, 'university of hawaii'), (2021, 'university of hawaii'))
all_us_institutions_year : ((1986, 'pacific marine environmental laboratory'), (1986, 'university of hawaii'), (1990, 'university of hawaii'), (1997, 'university of hawaii'), (1998, 'university of hawaii'), (1999, 'university of hawaii'), (2000, 'university of hawaii'), (2001, 'university of hawaii'), (2002, 'university of hawaii'), (2003, 'university of hawaii'), (2004, 'university of hawaii'), (2006, 'university of hawaii'), (2007, 'nasa astrobiology institute'), (2007, 'university of hawaii'), (2008, 'university of hawaii'), (2009, 'university of hawaii'), (2012, 'university of hawaii'), (2013, 'university of hawaii'), (2014, 'university of hawaii'), (2015, 'university of hawaii'), (2016, 'university of hawaii'), (2021, 'university of hawaii'))

7/10 positive, 15/10 negative
Do these records refer to the same thing?
(y)es / (n)o / (u)nsure / (f)inished / (p)revious
firstname : karen
lastname : prestegaard
middlename : None
year_range : (2012,)
main_us_institutions_year : ((2012, 'university of maryland college park'),)
all_us_institutions_year : ((2012, 'university of maryland college park'),)

firstname : karen
lastname : prestegaard
middlename : l
year_range : (1983, 1990)
main_us_institutions_year : ((1983, 'franklin marshall college'), (1984, 'franklin marshall college'), (1986, 'franklin marshall college'), (1987, 'university of illinois at chicago'), (1988, 'university of illinois at chicago'))
all_us_institutions_year : ((1983, 'franklin marshall college'), (1984, 'franklin marshall college'), (1986, 'franklin marshall college'), (1987, 'university of illinois at chicago'), (1988, 'university of illinois at chicago'))

8/10 positive, 15/10 negative
Do these records refer to the same thing?
(y)es / (n)o / (u)nsure / (f)inished / (p)revious
firstname : robert
lastname : lin
middlename : p
year_range : (2006,)
main_us_institutions_year : ((2006, 'university of california berkeley'),)
all_us_institutions_year : ((2006, 'university of california berkeley'),)

firstname : t
lastname : lin
middlename : y
year_range : (1956, 2004)
main_us_institutions_year : ((1956, 'university of california berkeley'), (1957, 'university of california berkeley'), (1958, 'university of california berkeley'), (1964, 'university of california berkeley'), (1965, 'university of california berkeley'), (1967, 'university of california berkeley'))
all_us_institutions_year : ((1956, 'university of california berkeley'), (1957, 'university of california berkeley'), (1958, 'university of california berkeley'), (1964, 'university of california berkeley'), (1965, 'university of california berkeley'), (1967, 'university of california berkeley'))

8/10 positive, 16/10 negative
Do these records refer to the same thing?
(y)es / (n)o / (u)nsure / (f)inished / (p)revious
firstname : john
lastname : mcdonald
middlename : a
year_range : (1992,)
main_us_institutions_year : ((1992, 'university of houston'),)
all_us_institutions_year : ((1992, 'university of houston'),)

firstname : john
lastname : mcdonald
middlename : a
year_range : (1971, 2010)
main_us_institutions_year : ((1971, 'southern methodist university'), (1972, 'southern methodist university'), (1974, 'southern methodist university'), (1975, 'southern methodist university'), (2010, 'southern methodist university'))
all_us_institutions_year : ((1971, 'southern methodist university'), (1972, 'southern methodist university'), (1974, 'southern methodist university'), (1975, 'southern methodist university'), (2010, 'southern methodist university'))

8/10 positive, 17/10 negative
Do these records refer to the same thing?
(y)es / (n)o / (u)nsure / (f)inished / (p)revious
firstname : stephen
lastname : malone
middlename : None
year_range : (2009,)
main_us_institutions_year : ((2009, 'university of washington'),)
all_us_institutions_year : ((2009, 'university of washington'),)

firstname : steve
lastname : malone
middlename : None
year_range : (1976, 2015)
main_us_institutions_year : ((1983, 'university of washington'), (1985, 'university of washington'), (1989, 'university of washington'), (1993, 'university of washington'), (1995, 'university of washington'), (1997, 'university of washington'), (1999, 'university of washington'), (2002, 'university of washington'), (2003, 'university of washington'), (2005, 'university of washington'), (2006, 'university of washington'), (2007, 'university of washington'), (2008, 'university of washington'), (2009, 'university of washington'), (2010, 'university of washington'), (2011, 'university of washington'), (2012, 'university of washington'), (2015, 'university of washington'))
all_us_institutions_year : ((1983, 'university of washington'), (1985, 'university of washington'), (1989, 'university of washington'), (1993, 'university of washington'), (1995, 'university of washington'), (1997, 'university of washington'), (1999, 'university of washington'), (2002, 'university of washington'), (2003, 'university of washington'), (2005, 'university of washington'), (2006, 'university of washington'), (2007, 'university of washington'), (2008, 'university of washington'), (2009, 'university of washington'), (2010, 'university of washington'), (2011, 'university of washington'), (2012, 'university of washington'), (2015, 'university of washington'))

8/10 positive, 18/10 negative
Do these records refer to the same thing?
(y)es / (n)o / (u)nsure / (f)inished / (p)revious
firstname : g
lastname : keller
middlename : r
year_range : (1993,)
main_us_institutions_year : ((1993, 'university of texas at el paso'),)
all_us_institutions_year : ((1993, 'university of texas at el paso'),)

firstname : g
lastname : keller
middlename : randy
year_range : (2000, 2006)
main_us_institutions_year : ((2000, 'university of texas at austin'), (2006, 'university of texas at austin'))
all_us_institutions_year : ((2000, 'university of texas at austin'), (2006, 'university of texas at austin'))

9/10 positive, 18/10 negative
Do these records refer to the same thing?
(y)es / (n)o / (u)nsure / (f)inished / (p)revious
firstname : patrick
lastname : domenico
middlename : a
year_range : (1997,)
main_us_institutions_year : ((1997, 'texas a m university college station'),)
all_us_institutions_year : ((1997, 'texas a m university college station'),)

firstname : p
lastname : domenico
middlename : a
year_range : (1984, 1987)
main_us_institutions_year : ((1984, 'texas a m university'), (1986, 'texas a m university'), (1987, 'texas a m university'))
all_us_institutions_year : ((1984, 'texas a m university'), (1986, 'texas a m university'), (1987, 'texas a m university'))

9/10 positive, 19/10 negative
Do these records refer to the same thing?
(y)es / (n)o / (u)nsure / (f)inished / (p)revious
firstname : emmit
lastname : alexander
middlename : c
year_range : (2011,)
main_us_institutions_year : ((2011, 'university of minnesota'),)
all_us_institutions_year : ((2011, 'university of minnesota'),)

firstname : e
lastname : alexander
middlename : calvin
year_range : (1975, 2017)
main_us_institutions_year : ((1975, 'university of minnesota'), (1976, 'university of minnesota'), (1978, 'university of minnesota'), (1987, 'university of minnesota'), (1998, 'university of minnesota'), (1999, 'university of minnesota'), (2000, 'university of minnesota'), (2002, 'university of minnesota'), (2006, 'university of minnesota'), (2008, 'university of minnesota'), (2011, 'university of minnesota'), (2012, 'university of minnesota'), (2013, 'university of minnesota'), (2016, 'university of minnesota'), (2017, 'university of minnesota'))
all_us_institutions_year : ((1975, 'university of minnesota'), (1976, 'university of minnesota'), (1978, 'university of minnesota'), (1987, 'university of minnesota'), (1998, 'university of minnesota'), (1999, 'university of minnesota'), (2000, 'university of minnesota'), (2002, 'university of minnesota'), (2004, 'university of minnesota'), (2006, 'university of minnesota'), (2007, 'university of minnesota'), (2008, 'university of minnesota'), (2011, 'university of minnesota'), (2012, 'university of minnesota'), (2013, 'university of minnesota'), (2016, 'university of minnesota'), (2017, 'university of minnesota'), (2020, 'university of minnesota'), (2021, 'university of minnesota'))

9/10 positive, 20/10 negative
Do these records refer to the same thing?
(y)es / (n)o / (u)nsure / (f)inished / (p)revious
firstname : tim
lastname : li
middlename : None
year_range : (2008,)
main_us_institutions_year : ((2008, 'university of hawaii at manoa'),)
all_us_institutions_year : ((2008, 'university of hawaii at manoa'),)

firstname : xiaofan
lastname : li
middlename : None
year_range : (1992, 2018)
main_us_institutions_year : ((1992, 'university of hawaii at manoa'), (1994, 'university of hawaii at manoa'), (1995, 'university of hawaii at manoa'), (1996, 'university of hawaii at manoa'), (1997, 'university of hawaii at manoa'))
all_us_institutions_year : ((1992, 'university of hawaii at manoa'), (1994, 'university of hawaii at manoa'), (1995, 'university of hawaii at manoa'), (1996, 'university of hawaii at manoa'), (1997, 'university of hawaii at manoa'))

10/10 positive, 20/10 negative
Do these records refer to the same thing?
(y)es / (n)o / (u)nsure / (f)inished / (p)revious
firstname : niall
lastname : slowey
middlename : c
year_range : (2009,)
main_us_institutions_year : ((2009, 'texas a m university college station'),)
all_us_institutions_year : ((2009, 'texas a m university college station'),)

firstname : niall
lastname : slowey
middlename : c
year_range : (1991, 2021)
main_us_institutions_year : ((1992, 'texas a m university'), (1992, 'woods hole oceanographic institution'), (1995, 'texas a m university'), (1996, 'texas a m university'), (1997, 'texas a m university'), (1998, 'texas a m university'), (1999, 'texas a m university'), (2000, 'texas a m university'), (2001, 'texas a m university'), (2002, 'texas a m university'), (2003, 'texas a m university'), (2004, 'texas a m university'), (2006, 'texas a m university'), (2007, 'texas a m university'), (2009, 'texas a m university'), (2010, 'texas a m university'), (2011, 'texas a m university'), (2013, 'texas a m university'), (2014, 'texas a m university'), (2015, 'texas a m university'), (2016, 'texas a m university'), (2017, 'texas a m university'), (2018, 'texas a m university'), (2020, 'texas a m university'), (2021, 'texas a m university'))
all_us_institutions_year : ((1992, 'texas a m university'), (1992, 'woods hole oceanographic institution'), (1995, 'texas a m university'), (1996, 'texas a m university'), (1997, 'texas a m university'), (1998, 'texas a m university'), (1999, 'texas a m university'), (2000, 'texas a m university'), (2001, 'texas a m university'), (2002, 'texas a m university'), (2003, 'texas a m university'), (2004, 'texas a m university'), (2005, 'texas a m university'), (2006, 'texas a m university'), (2007, 'texas a m university'), (2009, 'texas a m university'), (2010, 'texas a m university'), (2011, 'texas a m university'), (2013, 'texas a m university'), (2014, 'texas a m university'), (2015, 'texas a m university'), (2016, 'texas a m university'), (2017, 'texas a m university'), (2018, 'texas a m university'), (2020, 'texas a m university'), (2021, 'texas a m university'))

10/10 positive, 21/10 negative
Do these records refer to the same thing?
(y)es / (n)o / (u)nsure / (f)inished / (p)revious
firstname : frederick
lastname : semazzi
middlename : h m
year_range : (1996,)
main_us_institutions_year : ((1996, 'north carolina state university'),)
all_us_institutions_year : ((1996, 'north carolina state university'),)

firstname : fredrick
lastname : semazzi
middlename : h m
year_range : (1993, 2019)
main_us_institutions_year : ((1993, 'north carolina state university'), (1994, 'north carolina state university'), (1995, 'north carolina state university'), (1996, 'north carolina state university'), (2000, 'north carolina state university'), (2001, 'north carolina state university'), (2002, 'north carolina state university'), (2003, 'north carolina state university'), (2004, 'north carolina state university'), (2005, 'north carolina state university'), (2006, 'north carolina state university'), (2007, 'north carolina state university'), (2009, 'north carolina state university'), (2010, 'north carolina state university'), (2011, 'north carolina state university'), (2012, 'north carolina state university'), (2013, 'north carolina state university'), (2015, 'north carolina state university'), (2016, 'north carolina state university'), (2017, 'north carolina state university'), (2019, 'north carolina state university'))
all_us_institutions_year : ((1993, 'north carolina state university'), (1994, 'north carolina state university'), (1995, 'north carolina state university'), (1996, 'north carolina state university'), (2000, 'north carolina state university'), (2001, 'north carolina state university'), (2002, 'north carolina state university'), (2003, 'north carolina state university'), (2004, 'north carolina state university'), (2005, 'north carolina state university'), (2006, 'north carolina state university'), (2007, 'north carolina state university'), (2009, 'north carolina state university'), (2010, 'north carolina state university'), (2011, 'north carolina state university'), (2012, 'north carolina state university'), (2013, 'north carolina state university'), (2015, 'north carolina state university'), (2016, 'north carolina state university'), (2017, 'north carolina state university'), (2019, 'north carolina state university'))

11/10 positive, 21/10 negative
Do these records refer to the same thing?
(y)es / (n)o / (u)nsure / (f)inished / (p)revious
firstname : robert
lastname : schechter
middlename : s
year_range : (1992,)
main_us_institutions_year : ((1992, 'university of texas at austin'),)
all_us_institutions_year : ((1992, 'university of texas at austin'),)

firstname : robert
lastname : schechter
middlename : s
year_range : (1975, 2010)
main_us_institutions_year : ((1975, 'university of texas system'), (1976, 'university of texas system'), (1977, 'university of texas system'), (1978, 'university of texas system'), (1979, 'university of texas system'), (1980, 'university of texas system'), (1981, 'university of texas system'), (1982, 'university of texas system'), (1983, 'university of texas system'), (1984, 'university of texas system'), (1986, 'university of texas system'), (1987, 'university of texas system'), (1989, 'university of texas system'), (1990, 'university of texas system'), (1992, 'university of texas system'), (1993, 'university of texas system'), (1995, 'university of texas system'), (2000, 'university of texas system'))
all_us_institutions_year : ((1800, 'university of texas system'), (1975, 'university of texas system'), (1976, 'university of texas system'), (1977, 'university of texas system'), (1978, 'university of texas system'), (1979, 'university of texas system'), (1980, 'university of texas system'), (1981, 'university of texas system'), (1982, 'university of texas system'), (1983, 'university of texas system'), (1984, 'university of texas system'), (1986, 'university of texas system'), (1987, 'university of texas system'), (1989, 'university of texas system'), (1990, 'university of texas system'), (1992, 'university of texas system'), (1993, 'university of texas system'), (1995, 'university of texas system'), (2000, 'university of texas system'))

12/10 positive, 21/10 negative
Do these records refer to the same thing?
(y)es / (n)o / (u)nsure / (f)inished / (p)revious
firstname : timothy
lastname : kusky
middlename : m
year_range : (2000,)
main_us_institutions_year : ((2000, 'boston university'),)
all_us_institutions_year : ((2000, 'boston university'),)

firstname : t
lastname : kusky
middlename : m
year_range : (1992, 1993)
main_us_institutions_year : ((1992, 'university of houston'), (1993, 'university of houston'))
all_us_institutions_year : ((1992, 'university of houston'), (1993, 'university of houston'))

12/10 positive, 21/10 negative
Do these records refer to the same thing?
(y)es / (n)o / (u)nsure / (f)inished / (p)revious
firstname : roy
lastname : dokka
middlename : k
year_range : (1994,)
main_us_institutions_year : ((1994, 'louisiana state university and agricultural mechanical college'),)
all_us_institutions_year : ((1994, 'louisiana state university and agricultural mechanical college'),)

firstname : r
lastname : dokka
middlename : k
year_range : (1990, 1991)
main_us_institutions_year : ((1990, 'louisiana state university'),)
all_us_institutions_year : ((1990, 'louisiana state university'),)

12/10 positive, 22/10 negative
Do these records refer to the same thing?
(y)es / (n)o / (u)nsure / (f)inished / (p)revious
firstname : stepehn
lastname : pekar
middlename : f
year_range : (2015,)
main_us_institutions_year : ((2015, 'city university of new york'),)
all_us_institutions_year : ((2015, 'city university of new york'),)

firstname : stephen
lastname : pekar
middlename : f
year_range : (1996, 2020)
main_us_institutions_year : ((1996, 'rutgers university'), (2000, 'rutgers university'), (2001, 'columbia university'), (2001, 'lamont doherty earth observatory'), (2002, 'lamont doherty earth observatory'), (2003, 'lamont doherty earth observatory'), (2004, 'queens college'), (2005, 'city university of new york'), (2005, 'lamont doherty earth observatory'), (2006, 'lamont doherty earth observatory'), (2006, 'queens college'), (2007, 'queens college'), (2008, 'lamont doherty earth observatory'), (2009, 'queens college'), (2010, 'lamont doherty earth observatory'), (2011, 'queens college'), (2012, 'queens college'), (2013, 'queens college'), (2015, 'lamont doherty earth observatory'), (2015, 'queens college'), (2017, 'queens college'), (2020, 'queens college'))
all_us_institutions_year : ((1996, 'rutgers university'), (2000, 'rutgers university'), (2001, 'columbia university'), (2001, 'lamont doherty earth observatory'), (2002, 'lamont doherty earth observatory'), (2003, 'lamont doherty earth observatory'), (2004, 'columbia university'), (2004, 'lamont doherty earth observatory'), (2004, 'queens college'), (2005, 'city university of new york'), (2005, 'lamont doherty earth observatory'), (2006, 'lamont doherty earth observatory'), (2006, 'queens college'), (2007, 'city university of new york'), (2007, 'queens college'), (2008, 'lamont doherty earth observatory'), (2008, 'queens college'), (2009, 'lamont doherty earth observatory'), (2009, 'queens college'), (2010, 'city university of new york'), (2010, 'lamont doherty earth observatory'), (2011, 'queens college'), (2012, 'queens college'), (2013, 'city university of new york'), (2013, 'columbia university'), (2013, 'lamont doherty earth observatory'), (2013, 'queens college'), (2015, 'lamont doherty earth observatory'), (2015, 'queens college'), (2017, 'queens college'), (2020, 'queens college'))

13/10 positive, 22/10 negative
Do these records refer to the same thing?
(y)es / (n)o / (u)nsure / (f)inished / (p)revious
firstname : roy
lastname : dokka
middlename : k
year_range : (2001,)
main_us_institutions_year : ((2001, 'louisiana state university and agricultural mechanical college'),)
all_us_institutions_year : ((2001, 'louisiana state university and agricultural mechanical college'),)

firstname : r
lastname : dokka
middlename : k
year_range : (1990, 1991)
main_us_institutions_year : ((1990, 'louisiana state university'),)
all_us_institutions_year : ((1990, 'louisiana state university'),)

13/10 positive, 23/10 negative
Do these records refer to the same thing?
(y)es / (n)o / (u)nsure / (f)inished / (p)revious
firstname : george
lastname : keller
middlename : r
year_range : (2007,)
main_us_institutions_year : ((2007, 'university of texas at el paso'),)
all_us_institutions_year : ((2007, 'university of texas at el paso'),)

firstname : g
lastname : keller
middlename : r
year_range : (1981, 1985)
main_us_institutions_year : ((1981, 'university of texas at austin'), (1984, 'university of texas at austin'), (1985, 'university of texas at austin'))
all_us_institutions_year : ((1981, 'university of texas at austin'), (1984, 'university of texas at austin'), (1985, 'university of texas at austin'))

13/10 positive, 24/10 negative
Do these records refer to the same thing?
(y)es / (n)o / (u)nsure / (f)inished / (p)revious
firstname : brenda
lastname : buck
middlename : j
year_range : (2011,)
main_us_institutions_year : ((2011, 'university of nevada las vegas'),)
all_us_institutions_year : ((2011, 'university of nevada las vegas'),)

firstname : brenda
lastname : buck
middlename : j
year_range : (2005, 2016)
main_us_institutions_year : ((2005, 'university of nevada reno'), (2016, 'university of nevada reno'))
all_us_institutions_year : ((2005, 'university of nevada reno'), (2016, 'university of nevada reno'))

13/10 positive, 25/10 negative
Do these records refer to the same thing?
(y)es / (n)o / (u)nsure / (f)inished / (p)revious
firstname : ian
lastname : tullis
middlename : None
year_range : (2005,)
main_us_institutions_year : ((2005, 'brown university'),)
all_us_institutions_year : ((2005, 'brown university'),)

firstname : jan
lastname : tullis
middlename : None
year_range : (1970, 2014)
main_us_institutions_year : ((1970, 'university of california los angeles'), (1973, 'university of california los angeles'), (1975, 'brown university'), (1977, 'brown university'), (1979, 'brown university'), (1980, 'brown university'), (1981, 'brown university'), (1985, 'brown university'), (1986, 'brown university'), (1987, 'brown university'), (1988, 'brown university'), (1989, 'brown university'), (1991, 'brown university'), (1992, 'brown university'), (1993, 'brown university'), (1995, 'brown university'), (1996, 'brown university'), (1998, 'brown university'), (1999, 'brown university'), (2000, 'brown university'), (2001, 'brown university'), (2002, 'brown university'), (2003, 'brown university'), (2004, 'brown university'), (2005, 'brown university'), (2006, 'brown university'), (2009, 'brown university'), (2010, 'brown university'), (2011, 'brown university'))
all_us_institutions_year : ((1970, 'university of california los angeles'), (1973, 'university of california los angeles'), (1975, 'brown university'), (1977, 'brown university'), (1979, 'brown university'), (1979, 'cleveland state university'), (1980, 'brown university'), (1981, 'brown university'), (1985, 'brown university'), (1986, 'brown university'), (1987, 'brown university'), (1988, 'brown university'), (1989, 'brown university'), (1991, 'brown university'), (1992, 'brown university'), (1993, 'brown university'), (1995, 'brown university'), (1996, 'brown university'), (1998, 'brown university'), (1999, 'brown university'), (2000, 'brown university'), (2001, 'brown university'), (2002, 'brown university'), (2003, 'brown university'), (2004, 'brown university'), (2005, 'brown university'), (2006, 'brown university'), (2009, 'brown university'), (2010, 'brown university'), (2011, 'brown university'), (2013, 'brown university'))

13/10 positive, 26/10 negative
Do these records refer to the same thing?
(y)es / (n)o / (u)nsure / (f)inished / (p)revious
firstname : a
lastname : flegal
middlename : russell
year_range : (1993,)
main_us_institutions_year : ((1993, 'university of california santa cruz'),)
all_us_institutions_year : ((1993, 'university of california santa cruz'),)

firstname : russell
lastname : flegal
middlename : None
year_range : (1999, 2016)
main_us_institutions_year : ((1999, 'university of california santa cruz'), (2016, 'university of california santa cruz'))
all_us_institutions_year : ((1999, 'university of california santa cruz'), (2016, 'university of california santa cruz'))

14/10 positive, 26/10 negative
Do these records refer to the same thing?
(y)es / (n)o / (u)nsure / (f)inished / (p)revious
firstname : alexander
lastname : goetz
middlename : f h
year_range : (1995,)
main_us_institutions_year : ((1995, 'university of colorado at boulder'),)
all_us_institutions_year : ((1995, 'university of colorado at boulder'),)

firstname : a
lastname : goetz
middlename : f h
year_range : (1989, 1995)
main_us_institutions_year : ((1989, 'university of colorado boulder'), (1990, 'university of colorado boulder'), (1991, 'university of colorado boulder'), (1992, 'university of colorado boulder'), (1994, 'university of colorado boulder'), (1995, 'university of colorado boulder'))
all_us_institutions_year : ((1989, 'university of colorado boulder'), (1990, 'university of colorado boulder'), (1991, 'university of colorado boulder'), (1992, 'university of colorado boulder'), (1994, 'university of colorado boulder'), (1995, 'university of colorado boulder'))

14/10 positive, 27/10 negative
Do these records refer to the same thing?
(y)es / (n)o / (u)nsure / (f)inished / (p)revious
firstname : gabriel
lastname : filippelli
middlename : m
year_range : (2004,)
main_us_institutions_year : ((2004, 'indiana university'),)
all_us_institutions_year : ((2004, 'indiana university'),)

firstname : gabriel
lastname : filippelli
middlename : m
year_range : (1992, 2021)
main_us_institutions_year : ((1992, 'university of california santa cruz'), (1993, 'university of california santa cruz'), (1994, 'university of california santa cruz'), (1996, 'indiana university purdue university indianapolis'), (1997, 'indiana university purdue university indianapolis'), (1999, 'indiana university purdue university indianapolis'), (2000, 'indiana university purdue university indianapolis'), (2001, 'indiana university purdue university indianapolis'), (2002, 'indiana university purdue university indianapolis'), (2003, 'indiana university purdue university indianapolis'), (2005, 'indiana university purdue university indianapolis'), (2006, 'indiana university purdue university indianapolis'), (2007, 'indiana university purdue university indianapolis'), (2008, 'indiana university purdue university indianapolis'), (2009, 'indiana university purdue university indianapolis'), (2010, 'indiana university purdue university indianapolis'), (2011, 'indiana university purdue university indianapolis'), (2012, 'indiana university purdue university indianapolis'), (2013, 'indiana university purdue university indianapolis'), (2014, 'indiana university purdue university indianapolis'), (2015, 'indiana university purdue university indianapolis'), (2016, 'indiana university purdue university indianapolis'), (2017, 'indiana university purdue university indianapolis'), (2018, 'indiana university purdue university indianapolis'), (2019, 'indiana university purdue university indianapolis'), (2020, 'indiana university purdue university indianapolis'), (2021, 'indiana university purdue university indianapolis'))
all_us_institutions_year : ((1992, 'university of california santa cruz'), (1993, 'university of california santa cruz'), (1994, 'university of california santa cruz'), (1996, 'indiana university purdue university indianapolis'), (1997, 'indiana university purdue university indianapolis'), (1999, 'indiana university purdue university indianapolis'), (2000, 'indiana university purdue university indianapolis'), (2001, 'indiana university purdue university indianapolis'), (2002, 'indiana university purdue university indianapolis'), (2003, 'indiana university purdue university indianapolis'), (2005, 'indiana university purdue university indianapolis'), (2006, 'indiana university purdue university indianapolis'), (2007, 'indiana university purdue university indianapolis'), (2008, 'indiana university purdue university indianapolis'), (2009, 'indiana university purdue university indianapolis'), (2010, 'indiana university purdue university indianapolis'), (2011, 'indiana university purdue university indianapolis'), (2012, 'indiana university purdue university indianapolis'), (2012, 'university of indianapolis'), (2013, 'indiana university'), (2013, 'indiana university purdue university indianapolis'), (2013, 'university of indianapolis'), (2014, 'indiana university purdue university indianapolis'), (2015, 'indiana university purdue university indianapolis'), (2016, 'indiana university'), (2016, 'indiana university purdue university indianapolis'), (2017, 'indiana university purdue university indianapolis'), (2018, 'indiana university purdue university indianapolis'), (2019, 'indiana university purdue university indianapolis'), (2020, 'indiana university'), (2020, 'indiana university purdue university indianapolis'), (2021, 'indiana university'), (2021, 'indiana university purdue university indianapolis'))

15/10 positive, 27/10 negative
Do these records refer to the same thing?
(y)es / (n)o / (u)nsure / (f)inished / (p)revious
firstname : gerald
lastname : north
middlename : r
year_range : (2002,)
main_us_institutions_year : ((2002, 'texas a m university college station'),)
all_us_institutions_year : ((2002, 'texas a m university college station'),)

firstname : gerald
lastname : north
middlename : r
year_range : (1967, 2017)
main_us_institutions_year : ((1970, 'university of missouri st louis'), (1971, 'university of missouri st louis'), (1975, 'national center for atmospheric research'), (1979, 'university of missouri st louis'), (1980, 'goddard space flight center'), (1981, 'goddard space flight center'), (1982, 'goddard space flight center'), (1984, 'goddard space flight center'), (1985, 'goddard space flight center'), (1985, 'national science foundation'), (1986, 'goddard space flight center'), (1987, 'goddard space flight center'), (1988, 'texas a m university'), (1989, 'texas a m university'), (1990, 'texas a m university'), (1991, 'texas a m university'), (1992, 'texas a m university'), (1993, 'texas a m university'), (1994, 'texas a m university'), (1995, 'texas a m university'), (1996, 'texas a m university'), (1997, 'texas a m university'), (1998, 'texas a m university'), (1999, 'texas a m university'), (2000, 'texas a m university'), (2001, 'texas a m university'), (2002, 'texas a m university'), (2003, 'texas a m university'), (2004, 'texas a m university'), (2005, 'texas a m university'), (2006, 'texas a m university'), (2007, 'texas a m university'), (2008, 'texas a m university'), (2009, 'texas a m university'), (2011, 'texas a m university'), (2012, 'texas a m university'), (2013, 'texas a m university'), (2014, 'texas a m university'), (2015, 'texas a m university'), (2017, 'texas a m university'))
all_us_institutions_year : ((1970, 'university of missouri st louis'), (1971, 'university of missouri st louis'), (1975, 'national center for atmospheric research'), (1979, 'university of missouri st louis'), (1980, 'goddard space flight center'), (1981, 'goddard space flight center'), (1982, 'goddard space flight center'), (1984, 'goddard space flight center'), (1985, 'goddard space flight center'), (1985, 'national science foundation'), (1986, 'goddard space flight center'), (1987, 'goddard space flight center'), (1987, 'texas a m university'), (1988, 'goddard space flight center'), (1988, 'texas a m university'), (1989, 'texas a m university'), (1990, 'texas a m university'), (1991, 'texas a m university'), (1992, 'texas a m university'), (1993, 'texas a m university'), (1994, 'texas a m university'), (1995, 'texas a m university'), (1996, 'texas a m university'), (1997, 'texas a m university'), (1998, 'texas a m university'), (1999, 'texas a m university'), (2000, 'texas a m university'), (2001, 'texas a m university'), (2002, 'texas a m university'), (2003, 'texas a m university'), (2004, 'texas a m university'), (2005, 'texas a m university'), (2006, 'texas a m university'), (2007, 'texas a m university'), (2008, 'texas a m university'), (2009, 'texas a m university'), (2010, 'texas a m university'), (2011, 'texas a m university'), (2012, 'texas a m university'), (2013, 'goddard space flight center'), (2013, 'texas a m university'), (2014, 'texas a m university'), (2015, 'texas a m university'), (2017, 'texas a m university'), (2018, 'texas a m university'), (2020, 'texas a m university'))

16/10 positive, 27/10 negative
Do these records refer to the same thing?
(y)es / (n)o / (u)nsure / (f)inished / (p)revious
firstname : bruce
lastname : trudgill
middlename : d
year_range : (2013,)
main_us_institutions_year : ((2013, 'colorado school of mines'),)
all_us_institutions_year : ((2013, 'colorado school of mines'),)

firstname : bruce
lastname : trudgill
middlename : d
year_range : (1994, 2013)
main_us_institutions_year : ((1998, 'university of colorado boulder'), (1999, 'university of colorado boulder'), (2004, 'university of colorado boulder'), (2013, 'university of colorado boulder'))
all_us_institutions_year : ((1998, 'university of colorado boulder'), (1999, 'university of colorado boulder'), (2004, 'university of colorado boulder'), (2013, 'university of colorado boulder'))

17/10 positive, 27/10 negative
Do these records refer to the same thing?
(y)es / (n)o / (u)nsure / (f)inished / (p)revious
firstname : sudarshan
lastname : loyalka
middlename : k
year_range : (1993,)
main_us_institutions_year : ((1993, 'university of missouri columbia'),)
all_us_institutions_year : ((1993, 'university of missouri columbia'),)

firstname : s
lastname : loyalka
middlename : k
year_range : (1969, 2021)
main_us_institutions_year : ((1969, 'university of missouri'), (1975, 'university of missouri'), (1976, 'university of missouri'), (1979, 'university of missouri'), (1980, 'university of missouri'), (1981, 'university of missouri'), (1982, 'university of missouri'), (1983, 'university of missouri'), (1985, 'university of missouri'), (1986, 'university of missouri'), (1987, 'university of missouri'), (1988, 'university of missouri'), (1989, 'university of missouri'), (1990, 'university of missouri'), (1991, 'university of missouri'), (1992, 'university of missouri'), (1993, 'university of missouri'), (1994, 'university of missouri'), (1995, 'university of missouri'), (1996, 'university of missouri'), (1997, 'university of missouri'), (1998, 'university of missouri'), (1999, 'university of missouri'), (2001, 'university of missouri'), (2002, 'university of missouri'), (2004, 'university of missouri'), (2005, 'university of missouri'), (2006, 'university of missouri'), (2007, 'university of missouri'), (2008, 'university of missouri'), (2009, 'university of missouri'), (2010, 'university of missouri'), (2011, 'university of missouri'), (2012, 'university of missouri'), (2013, 'university of missouri'), (2014, 'university of missouri'), (2015, 'university of missouri'), (2016, 'university of missouri'), (2017, 'university of missouri'), (2018, 'university of missouri'), (2019, 'university of missouri'), (2020, 'university of missouri'), (2021, 'university of missouri'))
all_us_institutions_year : ((1969, 'university of missouri'), (1975, 'university of missouri'), (1976, 'university of missouri'), (1979, 'university of missouri'), (1980, 'university of missouri'), (1981, 'university of missouri'), (1982, 'university of missouri'), (1983, 'university of missouri'), (1985, 'university of missouri'), (1986, 'university of missouri'), (1987, 'university of missouri'), (1988, 'university of missouri'), (1989, 'university of missouri'), (1990, 'university of missouri'), (1991, 'university of missouri'), (1992, 'university of missouri'), (1993, 'university of missouri'), (1994, 'university of missouri'), (1995, 'university of missouri'), (1996, 'university of missouri'), (1997, 'university of missouri'), (1998, 'university of missouri'), (1999, 'university of missouri'), (2001, 'university of missouri'), (2002, 'university of missouri'), (2004, 'university of missouri'), (2005, 'university of missouri'), (2006, 'university of missouri'), (2007, 'university of missouri'), (2008, 'university of missouri'), (2009, 'university of missouri'), (2010, 'university of missouri'), (2011, 'university of missouri'), (2012, 'university of missouri'), (2013, 'university of missouri'), (2014, 'university of missouri'), (2015, 'university of missouri'), (2016, 'university of missouri'), (2017, 'university of missouri'), (2018, 'university of missouri'), (2019, 'university of missouri'), (2020, 'university of missouri'), (2021, 'university of missouri'))

17/10 positive, 27/10 negative
Do these records refer to the same thing?
(y)es / (n)o / (u)nsure / (f)inished / (p)revious
firstname : margaret
lastname : winslow
middlename : anne
year_range : (2000,)
main_us_institutions_year : ((2000, 'city university of new york'),)
all_us_institutions_year : ((2000, 'city university of new york'),)

firstname : margaret
lastname : winslow
middlename : a
year_range : (1983, 1989)
main_us_institutions_year : ((1983, 'city college of new york'), (1989, 'city college of new york'))
all_us_institutions_year : ((1983, 'city college of new york'), (1989, 'city college of new york'), (1991, 'city college of new york'))

18/10 positive, 27/10 negative
Do these records refer to the same thing?
(y)es / (n)o / (u)nsure / (f)inished / (p)revious
firstname : antonio
lastname : baptista
middlename : m
year_range : (1997,)
main_us_institutions_year : ((1997, 'oregon graduate institute of science and technology'),)
all_us_institutions_year : ((1997, 'oregon graduate institute of science and technology'),)

firstname : antonio
lastname : baptista
middlename : m
year_range : (1992, 2020)
main_us_institutions_year : ((1992, 'oregon health science university'), (1995, 'oregon health science university'), (1996, 'oregon health science university'), (1998, 'oregon health science university'), (2000, 'oregon health science university'), (2001, 'oregon health science university'), (2002, 'oregon health science university'), (2003, 'oregon health science university'), (2006, 'oregon health science university'), (2007, 'oregon health science university'), (2008, 'oregon health science university'), (2009, 'oregon health science university'), (2010, 'oregon health science university'), (2012, 'oregon health science university'), (2013, 'oregon health science university'), (2016, 'oregon health science university'), (2017, 'oregon health science university'), (2018, 'oregon health science university'), (2020, 'oregon health science university'))
all_us_institutions_year : ((1992, 'oregon health science university'), (1995, 'oregon health science university'), (1996, 'oregon health science university'), (1997, 'oregon health science university'), (1998, 'oregon health science university'), (1999, 'oregon health science university'), (2000, 'oregon health science university'), (2001, 'oregon health science university'), (2002, 'oregon health science university'), (2003, 'oregon health science university'), (2004, 'oregon health science university'), (2005, 'oregon health science university'), (2006, 'oregon health science university'), (2007, 'oregon health science university'), (2008, 'oregon health science university'), (2009, 'oregon health science university'), (2010, 'oregon health science university'), (2011, 'oregon health science university'), (2012, 'oregon health science university'), (2013, 'oregon health science university'), (2014, 'oregon health science university'), (2015, 'oregon health science university'), (2016, 'oregon health science university'), (2017, 'oregon health science university'), (2018, 'oregon health science university'), (2020, 'oregon health science university'))

18/10 positive, 28/10 negative
Do these records refer to the same thing?
(y)es / (n)o / (u)nsure / (f)inished / (p)revious
firstname : g
lastname : kondolf
middlename : mathias
year_range : (2010,)
main_us_institutions_year : ((2010, 'university of california berkeley'),)
all_us_institutions_year : ((2010, 'university of california berkeley'),)

firstname : g
lastname : kondolf
middlename : matt
year_range : (2009, 2017)
main_us_institutions_year : ((2009, 'university of california berkeley'), (2017, 'university of california berkeley'))
all_us_institutions_year : ((2009, 'university of california berkeley'), (2017, 'university of california berkeley'))

19/10 positive, 28/10 negative
Do these records refer to the same thing?
(y)es / (n)o / (u)nsure / (f)inished / (p)revious
firstname : steven
lastname : dorobek
middlename : l
year_range : (1991,)
main_us_institutions_year : ((1991, 'texas a m university college station'),)
all_us_institutions_year : ((1991, 'texas a m university college station'),)

firstname : s
lastname : dorobek
middlename : l
year_range : (1987, 1988)
main_us_institutions_year : ((1987, 'texas a m university'), (1988, 'texas a m university'))
all_us_institutions_year : ((1987, 'texas a m university'), (1988, 'texas a m university'))

20/10 positive, 28/10 negative
Do these records refer to the same thing?
(y)es / (n)o / (u)nsure / (f)inished / (p)revious
Finished labeling
Done in 752.2901041309038 minutes.
