Namespace(testing=False, verbose=1, field=['environmental science'], train_name='mona_degree0', startyear=1980, endyear=2020, loadstartyear=1980, loadendyear=2020, mergemode='m:1', recall=0.9, institution='True', fieldofstudy_cat='False', fieldofstudy_str='False', keywords='False', retrain='True', linking_type='grants', samplesize=100000, write_to='database')
Have max 12 cores available
Testing is False 

I set the write connection to the main database.
id_field is [39432304] and will be passed to sql queries.
finished setup ... 
Time elapsed: 0.0005208651224772135 minutes 


        SELECT a.GrantID || "_" || c.author_position as grantid_authorposition
            , CAST(SUBSTR(a.Award_AwardEffectiveDate, 7, 4) AS INT) AS year_range
            , b.institution, c.firstname, c.lastname, c.middlename
            , '' AS keywords, '' AS coauthors -- # necessary for current code structure
            , CAST(SUBSTR(a.Award_AwardEffectiveDate, 7, 4) AS INT) || "//" || b.institution AS main_us_institutions_year
            , CAST(SUBSTR(a.Award_AwardEffectiveDate, 7, 4) AS INT) || "//" || b.institution AS all_us_institutions_year
        FROM NSF_MAIN as a 
        INNER JOIN (
            SELECT GrantID, Name AS institution
            FROM NSF_Institution
            WHERE Position = 0 -- take the first reported. otherwise possibly duplicates. NSF_Performance_Institution has some missing. https://github.com/chrished/science_career_RAs/issues/19
        ) b 
        USING (GrantID)
        INNER JOIN (
            SELECT GrantID
                , FirstName AS firstname
                , LastName AS lastname
                , PIMidInit AS middlename --# NOTE: PISufxName is often "Jr", "Mr", JR, ... 
                , Position as author_position --## Some grants have >1 PIs
            FROM NSF_Investigator
            WHERE RoleCode = 'principal investigator'
        ) c
        USING (GrantID)
        WHERE AWARD_TranType = 'grant' AND AWARD_Agency = 'nsf' 
            AND a.AwardInstrument_Value IN ('standard grant', 'continuing grant')
            AND c.lastname != 'data not available'
            AND CAST(SUBSTR(a.Award_AwardEffectiveDate, 7, 4) AS INT) >= 1980
            AND CAST(SUBSTR(a.Award_AwardEffectiveDate, 7, 4) AS INT) <= 2020
            AND b.institution != "travel award"
         


    SELECT f.AuthorId
        , f.year
        , f.YearLastPub
        , f.firstname
        , f.lastname
        , CASE TRIM(SUBSTR(f.middle_lastname, 1, f.l_fullname - f.l_firstname - f.l_lastname - 1)) 
            WHEN 
                "" THEN NULL 
                ELSE TRIM(SUBSTR(f.middle_lastname, 1, f.l_fullname - f.l_firstname - f.l_lastname - 1)) 
            END as middlename 
            -- ## NOTE this gives "" for middlename when it is missing 
        , f.fieldofstudy
        , g.keywords
        , g.coauthors
        , g.institution
        , g.main_us_institutions_year
         
        , f.year || ";" || f.YearLastPub AS year_range 
        , g.all_us_institutions_year
    
    FROM (
        SELECT a.AuthorId
            , a.YearFirstPub AS year
            , a.YearLastPub 
            , a.FirstName AS firstname
            , REPLACE(b.NormalizedName, RTRIM(b.NormalizedName, REPLACE(b.NormalizedName, " ", "")), "") AS lastname 
                    -- https://stackoverflow.com/questions/21388820/how-to-get-the-last-index-of-a-substring-in-sqlite
            , TRIM(SUBSTR(b.NormalizedName, length(a.FirstName) + 1)) AS middle_lastname 
                    -- this gives all except the first name 
            , length(b.NormalizedName) as l_fullname 
            , length(a.FirstName) as l_firstname
            , length(REPLACE(b.NormalizedName, RTRIM(b.NormalizedName, REPLACE(b.NormalizedName, " ", "")), "")) as l_lastname
            , e.NormalizedName AS fieldofstudy
        FROM author_sample AS a
        INNER JOIN (
            SELECT AuthorId, NormalizedName
            FROM Authors
        ) AS b USING(AuthorId)
        INNER JOIN (
            SELECT AuthorId
            FROM author_field0
            WHERE FieldOfStudyId_lvl0 IN (?)
                AND Degree <= 0
        ) USING(AuthorId)
        LEFT JOIN (
            SELECT AuthorId, NormalizedName
            FROM author_fields c
            INNER JOIN (
                SELECT FieldOfStudyId, NormalizedName
                FROM FieldsOfStudy
            ) AS d USING(FieldOfStudyId)
            -- ## Condition on fieldofstudy being in the level 0 id_field
            INNER JOIN (
                SELECT ParentFieldOfStudyId, ChildFieldOfStudyId
                FROM crosswalk_fields
                WHERE ParentLevel = 0
                    AND ParentFieldOfStudyId IN (?)
            ) AS e ON (e.ChildFieldOfStudyId = c.FieldOfStudyId)
            WHERE FieldClass = 'first'
        ) AS e USING(AuthorId)
    ) f
    LEFT JOIN (
        SELECT AuthorId
                , main_us_institutions_career as institution
                , coauthors
                , keywords
                , main_us_institutions_year
                , all_us_institutions_year
        FROM author_info_linking
    ) AS g USING(AuthorId)
    
    WHERE f.YearLastPub  >= 1980 - 5 AND year <= 2020 + 5 AND institution is not NULL
     

Time elapsed: 169.84738506476086 minutes 

Starting active labeling...
firstname : mary
lastname : jones
middlename : e
year_range : (1984,)
main_us_institutions_year : ((1984, 'university of north carolina at chapel hill'),)
all_us_institutions_year : ((1984, 'university of north carolina at chapel hill'),)

firstname : alan
lastname : jones
middlename : m
year_range : (1981, 2020)
main_us_institutions_year : ((1981, 'university of illinois at urbana champaign'), (1984, 'university of illinois at urbana champaign'), (1989, 'university of north carolina at chapel hill'), (1990, 'university of north carolina at chapel hill'), (1991, 'university of north carolina at chapel hill'), (1992, 'university of north carolina at chapel hill'), (1993, 'university of north carolina at chapel hill'), (1994, 'university of north carolina at chapel hill'), (1995, 'university of north carolina at chapel hill'), (1996, 'university of north carolina at chapel hill'), (1997, 'university of north carolina at chapel hill'), (1998, 'university of north carolina at chapel hill'), (1999, 'university of north carolina at chapel hill'), (2000, 'university of north carolina at chapel hill'), (2001, 'university of north carolina at chapel hill'), (2002, 'university of north carolina at chapel hill'), (2003, 'university of north carolina at chapel hill'), (2004, 'university of north carolina at chapel hill'), (2006, 'university of north carolina at chapel hill'), (2007, 'university of north carolina at chapel hill'), (2008, 'university of north carolina at chapel hill'), (2009, 'university of north carolina at chapel hill'), (2010, 'university of north carolina at chapel hill'), (2011, 'university of north carolina at chapel hill'), (2012, 'university of north carolina at chapel hill'), (2013, 'university of north carolina at chapel hill'), (2014, 'university of north carolina at chapel hill'), (2015, 'university of north carolina at chapel hill'), (2016, 'university of north carolina at chapel hill'), (2017, 'university of north carolina at chapel hill'), (2018, 'university of north carolina at chapel hill'), (2019, 'university of north carolina at chapel hill'), (2020, 'university of north carolina at chapel hill'))
all_us_institutions_year : ((1981, 'university of illinois at urbana champaign'), (1984, 'university of illinois at urbana champaign'), (1989, 'university of north carolina at chapel hill'), (1990, 'university of north carolina at chapel hill'), (1991, 'university of north carolina at chapel hill'), (1992, 'university of north carolina at chapel hill'), (1993, 'university of north carolina at chapel hill'), (1994, 'university of north carolina at chapel hill'), (1995, 'university of north carolina at chapel hill'), (1996, 'university of north carolina at chapel hill'), (1997, 'university of north carolina at chapel hill'), (1998, 'university of north carolina at chapel hill'), (1999, 'university of north carolina at chapel hill'), (2000, 'university of north carolina at chapel hill'), (2001, 'university of north carolina at chapel hill'), (2002, 'university of north carolina at chapel hill'), (2003, 'university of north carolina at chapel hill'), (2004, 'university of north carolina at chapel hill'), (2005, 'university of north carolina at chapel hill'), (2006, 'university of north carolina at chapel hill'), (2007, 'university of north carolina at chapel hill'), (2008, 'university of north carolina at chapel hill'), (2009, 'university of north carolina at chapel hill'), (2010, 'university of north carolina at chapel hill'), (2011, 'university of north carolina at chapel hill'), (2012, 'university of north carolina at chapel hill'), (2013, 'university of north carolina at chapel hill'), (2014, 'university of north carolina at chapel hill'), (2015, 'university of north carolina at chapel hill'), (2016, 'university of north carolina at chapel hill'), (2017, 'university of north carolina at chapel hill'), (2018, 'university of north carolina at chapel hill'), (2019, 'university of north carolina at chapel hill'), (2020, 'university of north carolina at chapel hill'))

0/10 positive, 0/10 negative
Do these records refer to the same thing?
(y)es / (n)o / (u)nsure / (f)inished
firstname : miles
lastname : klein
middlename : v
year_range : (1997,)
main_us_institutions_year : ((1997, 'university of illinois at urbana champaign'),)
all_us_institutions_year : ((1997, 'university of illinois at urbana champaign'),)

firstname : barbara
lastname : klein
middlename : p
year_range : (1976, 2014)
main_us_institutions_year : ((1978, 'university of illinois at urbana champaign'), (1979, 'university of illinois at urbana champaign'), (1980, 'university of illinois at urbana champaign'), (1981, 'university of illinois at urbana champaign'), (1982, 'university of illinois at urbana champaign'), (1983, 'university of illinois at urbana champaign'), (1984, 'university of illinois at urbana champaign'), (1985, 'university of illinois at urbana champaign'), (1987, 'university of illinois at urbana champaign'), (1988, 'university of illinois at urbana champaign'), (1989, 'university of illinois at urbana champaign'), (1990, 'university of illinois at urbana champaign'), (1991, 'university of illinois at urbana champaign'), (1992, 'university of illinois at urbana champaign'), (1993, 'university of illinois at urbana champaign'), (1994, 'university of illinois at urbana champaign'), (1995, 'university of illinois at urbana champaign'), (1996, 'university of illinois at urbana champaign'), (1997, 'university of illinois at urbana champaign'), (1998, 'university of illinois at urbana champaign'), (1999, 'university of illinois at urbana champaign'), (2000, 'university of illinois at urbana champaign'), (2001, 'university of illinois at urbana champaign'), (2002, 'university of illinois at urbana champaign'), (2003, 'university of illinois at urbana champaign'), (2004, 'university of illinois at urbana champaign'), (2005, 'university of illinois at urbana champaign'), (2006, 'university of illinois at urbana champaign'), (2009, 'university of illinois at urbana champaign'), (2011, 'university of illinois at urbana champaign'), (2014, 'university of illinois at urbana champaign'))
all_us_institutions_year : ((1978, 'university of illinois at urbana champaign'), (1979, 'university of illinois at urbana champaign'), (1980, 'university of illinois at urbana champaign'), (1981, 'university of illinois at urbana champaign'), (1982, 'university of illinois at urbana champaign'), (1983, 'university of illinois at urbana champaign'), (1984, 'university of illinois at urbana champaign'), (1985, 'university of illinois at urbana champaign'), (1987, 'university of illinois at urbana champaign'), (1988, 'university of illinois at urbana champaign'), (1989, 'university of illinois at urbana champaign'), (1990, 'university of illinois at urbana champaign'), (1991, 'university of illinois at urbana champaign'), (1992, 'university of illinois at urbana champaign'), (1993, 'university of illinois at urbana champaign'), (1994, 'university of illinois at urbana champaign'), (1995, 'university of illinois at urbana champaign'), (1996, 'university of illinois at urbana champaign'), (1997, 'university of illinois at urbana champaign'), (1998, 'university of illinois at urbana champaign'), (1999, 'university of illinois at urbana champaign'), (2000, 'university of illinois at urbana champaign'), (2001, 'university of illinois at urbana champaign'), (2002, 'university of illinois at urbana champaign'), (2003, 'university of illinois at urbana champaign'), (2004, 'university of illinois at urbana champaign'), (2005, 'university of illinois at urbana champaign'), (2006, 'university of illinois at urbana champaign'), (2009, 'university of illinois at urbana champaign'), (2011, 'university of illinois at urbana champaign'), (2014, 'university of illinois at urbana champaign'))

0/10 positive, 0/10 negative
Do these records refer to the same thing?
(y)es / (n)o / (u)nsure / (f)inished / (p)revious
firstname : james
lastname : best
middlename : l
year_range : (2012,)
main_us_institutions_year : ((2012, 'university of illinois at urbana champaign'),)
all_us_institutions_year : ((2012, 'university of illinois at urbana champaign'),)

firstname : aaron
lastname : best
middlename : a
year_range : (2001, 2021)
main_us_institutions_year : ((2001, 'university of illinois at urbana champaign'), (2004, 'university of illinois at urbana champaign'), (2007, 'hope college'), (2008, 'hope college'), (2010, 'hope college'), (2011, 'hope college'), (2012, 'hope college'), (2013, 'hope college'), (2014, 'hope college'), (2015, 'hope college'), (2016, 'hope college'), (2017, 'hope college'), (2018, 'hope college'), (2019, 'hope college'), (2020, 'hope college'), (2021, 'hope college'))
all_us_institutions_year : ((2001, 'university of illinois at urbana champaign'), (2004, 'university of illinois at urbana champaign'), (2007, 'hope college'), (2008, 'hope college'), (2010, 'hope college'), (2011, 'hope college'), (2012, 'hope college'), (2013, 'hope college'), (2014, 'hope college'), (2015, 'hope college'), (2016, 'hope college'), (2017, 'hope college'), (2018, 'hope college'), (2019, 'hope college'), (2020, 'hope college'), (2021, 'hope college'))

0/10 positive, 1/10 negative
Do these records refer to the same thing?
(y)es / (n)o / (u)nsure / (f)inished / (p)revious
firstname : john
lastname : eiler
middlename : m
year_range : (2010,)
main_us_institutions_year : ((2010, 'california institute of technology'),)
all_us_institutions_year : ((2010, 'california institute of technology'),)

firstname : john
lastname : eiler
middlename : m
year_range : (1992, 2021)
main_us_institutions_year : ((1992, 'university of wisconsin madison'), (1993, 'university of wisconsin madison'), (1994, 'university of wisconsin madison'), (1995, 'university of wisconsin madison'), (1995, 'california institute of technology'), (1996, 'california institute of technology'), (1997, 'california institute of technology'), (1998, 'california institute of technology'), (2000, 'california institute of technology'), (2001, 'california institute of technology'), (2002, 'california institute of technology'), (2003, 'california institute of technology'), (2004, 'california institute of technology'), (2005, 'california institute of technology'), (2006, 'california institute of technology'), (2007, 'california institute of technology'), (2008, 'california institute of technology'), (2009, 'california institute of technology'), (2010, 'california institute of technology'), (2011, 'california institute of technology'), (2012, 'california institute of technology'), (2013, 'california institute of technology'), (2014, 'california institute of technology'), (2015, 'california institute of technology'), (2016, 'california institute of technology'), (2017, 'california institute of technology'), (2018, 'california institute of technology'), (2019, 'california institute of technology'), (2020, 'california institute of technology'), (2021, 'california institute of technology'))
all_us_institutions_year : ((1992, 'university of wisconsin madison'), (1993, 'university of wisconsin madison'), (1994, 'university of wisconsin madison'), (1995, 'california institute of technology'), (1995, 'university of wisconsin madison'), (1996, 'california institute of technology'), (1997, 'california institute of technology'), (1998, 'california institute of technology'), (2000, 'california institute of technology'), (2001, 'california institute of technology'), (2002, 'california institute of technology'), (2003, 'california institute of technology'), (2004, 'california institute of technology'), (2005, 'california institute of technology'), (2006, 'california institute of technology'), (2007, 'california institute of technology'), (2008, 'california institute of technology'), (2009, 'california institute of technology'), (2010, 'california institute of technology'), (2011, 'california institute of technology'), (2012, 'california institute of technology'), (2013, 'california institute of technology'), (2014, 'california institute of technology'), (2015, 'california institute of technology'), (2016, 'california institute of technology'), (2017, 'california institute of technology'), (2018, 'california institute of technology'), (2019, 'california institute of technology'), (2020, 'california institute of technology'), (2021, 'california institute of technology'))

0/10 positive, 2/10 negative
Do these records refer to the same thing?
(y)es / (n)o / (u)nsure / (f)inished / (p)revious
firstname : benjamin
lastname : cuker
middlename : e
year_range : (1991,)
main_us_institutions_year : ((1991, 'hampton university'),)
all_us_institutions_year : ((1991, 'hampton university'),)

firstname : benjamin
lastname : cuker
middlename : e
year_range : (1981, 2021)
main_us_institutions_year : ((1981, 'north carolina state university'), (1982, 'north carolina state university'), (1983, 'north carolina state university'), (1990, 'hampton university'), (1991, 'hampton university'), (1992, 'hampton university'), (2002, 'hampton university'), (2007, 'hampton university'), (2009, 'hampton university'), (2016, 'hampton university'), (2020, 'hampton university'), (2021, 'hampton university'))
all_us_institutions_year : ((1981, 'north carolina state university'), (1982, 'north carolina state university'), (1983, 'north carolina state university'), (1983, 'shaw university'), (1990, 'hampton university'), (1991, 'hampton university'), (1992, 'hampton university'), (2002, 'hampton university'), (2007, 'hampton university'), (2009, 'hampton university'), (2016, 'hampton university'), (2019, 'hampton university'), (2020, 'hampton university'), (2021, 'hampton university'))

1/10 positive, 2/10 negative
Do these records refer to the same thing?
(y)es / (n)o / (u)nsure / (f)inished / (p)revious
firstname : christopher
lastname : lane
middlename : e
year_range : (2015,)
main_us_institutions_year : ((2015, 'university of rhode island'),)
all_us_institutions_year : ((2015, 'university of rhode island'),)

firstname : christopher
lastname : lane
middlename : e
year_range : (1999, 2021)
main_us_institutions_year : ((2010, 'university of rhode island'), (2011, 'university of rhode island'), (2012, 'university of rhode island'), (2013, 'university of rhode island'), (2014, 'university of rhode island'), (2015, 'university of rhode island'), (2016, 'university of rhode island'), (2017, 'university of rhode island'), (2018, 'university of rhode island'), (2019, 'university of rhode island'), (2020, 'university of rhode island'), (2021, 'university of rhode island'))
all_us_institutions_year : ((2000, 'trinity college'), (2009, 'university of rhode island'), (2010, 'university of rhode island'), (2011, 'university of rhode island'), (2012, 'university of rhode island'), (2013, 'university of rhode island'), (2014, 'university of rhode island'), (2015, 'university of rhode island'), (2016, 'university of rhode island'), (2017, 'university of rhode island'), (2018, 'university of rhode island'), (2019, 'florida state university college of arts and sciences'), (2019, 'university of rhode island'), (2020, 'university of rhode island'), (2021, 'university of rhode island'))

2/10 positive, 2/10 negative
Do these records refer to the same thing?
(y)es / (n)o / (u)nsure / (f)inished / (p)revious
(y)es / (n)o / (u)nsure / (f)inished / (p)revious
firstname : nelson
lastname : hogg
middlename : g
year_range : (2001,)
main_us_institutions_year : ((2001, 'woods hole oceanographic institution'),)
all_us_institutions_year : ((2001, 'woods hole oceanographic institution'),)

firstname : nelson
lastname : hogg
middlename : g
year_range : (1971, 2008)
main_us_institutions_year : ((1971, 'massachusetts institute of technology'), (1971, 'woods hole oceanographic institution'), (1972, 'massachusetts institute of technology'), (1974, 'massachusetts institute of technology'), (1976, 'woods hole oceanographic institution'), (1983, 'woods hole oceanographic institution'), (1985, 'woods hole oceanographic institution'), (1986, 'woods hole oceanographic institution'), (1987, 'woods hole oceanographic institution'), (1988, 'woods hole oceanographic institution'), (1989, 'woods hole oceanographic institution'), (1991, 'woods hole oceanographic institution'), (1992, 'woods hole oceanographic institution'), (1994, 'woods hole oceanographic institution'), (1996, 'woods hole oceanographic institution'), (1999, 'woods hole oceanographic institution'), (2001, 'woods hole oceanographic institution'), (2002, 'woods hole oceanographic institution'), (2003, 'woods hole oceanographic institution'), (2004, 'woods hole oceanographic institution'), (2005, 'woods hole oceanographic institution'), (2006, 'woods hole oceanographic institution'), (2007, 'woods hole oceanographic institution'), (2008, 'woods hole oceanographic institution'))
all_us_institutions_year : ((1971, 'massachusetts institute of technology'), (1971, 'woods hole oceanographic institution'), (1972, 'massachusetts institute of technology'), (1974, 'massachusetts institute of technology'), (1976, 'woods hole oceanographic institution'), (1980, 'woods hole oceanographic institution'), (1983, 'woods hole oceanographic institution'), (1985, 'woods hole oceanographic institution'), (1986, 'woods hole oceanographic institution'), (1987, 'woods hole oceanographic institution'), (1988, 'woods hole oceanographic institution'), (1989, 'woods hole oceanographic institution'), (1990, 'woods hole oceanographic institution'), (1991, 'woods hole oceanographic institution'), (1992, 'woods hole oceanographic institution'), (1993, 'woods hole oceanographic institution'), (1994, 'woods hole oceanographic institution'), (1996, 'woods hole oceanographic institution'), (1999, 'woods hole oceanographic institution'), (2001, 'woods hole oceanographic institution'), (2002, 'woods hole oceanographic institution'), (2003, 'woods hole oceanographic institution'), (2004, 'woods hole oceanographic institution'), (2005, 'woods hole oceanographic institution'), (2006, 'woods hole oceanographic institution'), (2007, 'woods hole oceanographic institution'), (2008, 'woods hole oceanographic institution'))

3/10 positive, 2/10 negative
Do these records refer to the same thing?
(y)es / (n)o / (u)nsure / (f)inished / (p)revious
firstname : luis
lastname : ramirezulate
middlename : a
year_range : (2017,)
main_us_institutions_year : ((2017, 'university of puerto rico rio piedras'),)
all_us_institutions_year : ((2017, 'university of puerto rico rio piedras'),)

firstname : luis
lastname : ramirez
middlename : None
year_range : (2004, 2021)
main_us_institutions_year : ((2017, 'nova southeastern university'), (2020, 'nova southeastern university'))
all_us_institutions_year : ((2017, 'nova southeastern university'), (2020, 'nova southeastern university'))

4/10 positive, 2/10 negative
Do these records refer to the same thing?
(y)es / (n)o / (u)nsure / (f)inished / (p)revious
firstname : da
lastname : yan
middlename : None
year_range : (2018,)
main_us_institutions_year : ((2018, 'university of alabama at birmingham'),)
all_us_institutions_year : ((2018, 'university of alabama at birmingham'),)

firstname : da
lastname : yang
middlename : wei
year_range : (2012, 2013)
main_us_institutions_year : ((2012, 'northeastern university'), (2013, 'northeastern university'))
all_us_institutions_year : ((2012, 'northeastern university'), (2013, 'northeastern university'))

4/10 positive, 3/10 negative
Do these records refer to the same thing?
(y)es / (n)o / (u)nsure / (f)inished / (p)revious
firstname : robert
lastname : cave
middlename : j
year_range : (1989,)
main_us_institutions_year : ((1989, 'harvey mudd college'),)
all_us_institutions_year : ((1989, 'harvey mudd college'),)

firstname : robert
lastname : cavagnaro
middlename : j
year_range : (2019, 2020)
main_us_institutions_year : ((2019, 'pacific northwest national laboratory'),)
all_us_institutions_year : ((2019, 'pacific northwest national laboratory'), (2020, 'pacific northwest national laboratory'), (2021, 'pacific northwest national laboratory'))

4/10 positive, 4/10 negative
Do these records refer to the same thing?
(y)es / (n)o / (u)nsure / (f)inished / (p)revious
firstname : don
lastname : dailey
middlename : c
year_range : (1995,)
main_us_institutions_year : ((1995, 'austin peay state university'),)
all_us_institutions_year : ((1995, 'austin peay state university'),)

firstname : d
lastname : dail
middlename : bryan
year_range : (2003, 2019)
main_us_institutions_year : ((2003, 'university of maine'), (2004, 'university of maine'), (2007, 'university of maine'), (2008, 'university of maine'), (2009, 'university of maine'), (2010, 'university of maine'), (2011, 'university of maine'), (2019, 'university of maine'))
all_us_institutions_year : ((2003, 'university of maine'), (2004, 'university of maine'), (2007, 'university of maine'), (2008, 'university of maine'), (2009, 'university of maine'), (2010, 'university of maine'), (2011, 'university of maine'), (2019, 'university of maine'))

4/10 positive, 5/10 negative
Do these records refer to the same thing?
(y)es / (n)o / (u)nsure / (f)inished / (p)revious
firstname : jing
lastname : yang
middlename : None
year_range : (2016,)
main_us_institutions_year : ((2016, 'pennsylvania state univ university park'),)
all_us_institutions_year : ((2016, 'pennsylvania state univ university park'),)

firstname : jing
lastname : yang
middlename : None
year_range : (2006, 2020)
main_us_institutions_year : ((2006, 'chinese academy of sciences'), (2013, 'chinese academy of sciences'), (2014, 'chinese academy of sciences'), (2019, 'chinese academy of sciences'), (2020, 'chinese academy of sciences'))
all_us_institutions_year : ((2006, 'chinese academy of sciences'), (2013, 'chinese academy of sciences'), (2014, 'chinese academy of sciences'), (2019, 'chinese academy of sciences'), (2020, 'chinese academy of sciences'))

4/10 positive, 6/10 negative
Do these records refer to the same thing?
(y)es / (n)o / (u)nsure / (f)inished / (p)revious
firstname : ming
lastname : li
middlename : None
year_range : (2018,)
main_us_institutions_year : ((2018, 'university of texas at arlington'),)
all_us_institutions_year : ((2018, 'university of texas at arlington'),)

firstname : ming
lastname : li
middlename : None
year_range : (2011, 2021)
main_us_institutions_year : ((2019, 'virginia tech college of natural resources and environment'), (2020, 'virginia tech college of natural resources and environment'), (2021, 'virginia tech college of natural resources and environment'))
all_us_institutions_year : ((2019, 'virginia tech college of natural resources and environment'), (2020, 'virginia tech college of natural resources and environment'), (2021, 'virginia tech college of natural resources and environment'))

4/10 positive, 7/10 negative
Do these records refer to the same thing?
(y)es / (n)o / (u)nsure / (f)inished / (p)revious
firstname : mary
lastname : hudson
middlename : k
year_range : (2002,)
main_us_institutions_year : ((2002, 'dartmouth college'),)
all_us_institutions_year : ((2002, 'dartmouth college'),)

firstname : m
lastname : hudson
middlename : keith
year_range : (1990, 2021)
main_us_institutions_year : ((1992, 'university of arkansas at little rock'), (2001, 'university of arkansas at little rock'), (2013, 'university of arkansas at little rock'), (2018, 'university of arkansas at little rock'), (2021, 'university of arkansas at little rock'))
all_us_institutions_year : ((1992, 'university of arkansas at little rock'), (2001, 'university of arkansas at little rock'), (2013, 'university of arkansas at little rock'), (2018, 'university of arkansas at little rock'), (2021, 'university of arkansas at little rock'))

4/10 positive, 8/10 negative
Do these records refer to the same thing?
(y)es / (n)o / (u)nsure / (f)inished / (p)revious
firstname : stephen
lastname : klisch
middlename : None
year_range : (2006,)
main_us_institutions_year : ((2006, 'california polytechnic state university foundation'),)
all_us_institutions_year : ((2006, 'california polytechnic state university foundation'),)

firstname : stephen
lastname : klisch
middlename : m
year_range : (1997, 2021)
main_us_institutions_year : ((1999, 'university of california berkeley'), (2000, 'university of california berkeley'), (2001, 'california polytechnic state university'), (2002, 'university of california berkeley'), (2003, 'university of california san diego'), (2004, 'california state university'), (2005, 'california polytechnic state university'), (2006, 'california polytechnic state university'), (2007, 'california polytechnic state university'), (2008, 'california polytechnic state university'), (2009, 'california polytechnic state university'), (2010, 'university of california san diego'), (2011, 'california polytechnic state university'), (2012, 'california polytechnic state university'), (2013, 'california polytechnic state university'), (2014, 'california polytechnic state university'), (2015, 'california polytechnic state university'), (2018, 'california polytechnic state university'), (2019, 'california polytechnic state university'), (2020, 'california polytechnic state university'), (2021, 'california polytechnic state university'))
all_us_institutions_year : ((1994, 'university of virginia'), (1999, 'university of california berkeley'), (1999, 'university of california san francisco'), (2000, 'university of california berkeley'), (2001, 'california polytechnic state university'), (2002, 'university of california berkeley'), (2003, 'university of california san diego'), (2004, 'california polytechnic state university'), (2004, 'california state university'), (2005, 'california polytechnic state university'), (2006, 'california polytechnic state university'), (2007, 'california polytechnic state university'), (2008, 'california polytechnic state university'), (2009, 'california polytechnic state university'), (2010, 'california polytechnic state university'), (2010, 'university of california san diego'), (2011, 'california polytechnic state university'), (2012, 'california polytechnic state university'), (2013, 'california polytechnic state university'), (2014, 'california polytechnic state university'), (2015, 'california polytechnic state university'), (2018, 'california polytechnic state university'), (2019, 'california polytechnic state university'), (2020, 'california polytechnic state university'), (2021, 'california polytechnic state university'))

4/10 positive, 9/10 negative
Do these records refer to the same thing?
(y)es / (n)o / (u)nsure / (f)inished / (p)revious
firstname : douglas
lastname : nychka
middlename : w
year_range : (2006,)
main_us_institutions_year : ((2006, 'university corporation for atmospheric res'),)
all_us_institutions_year : ((2006, 'university corporation for atmospheric res'),)

firstname : douglas
lastname : nychka
middlename : None
year_range : (1981, 2021)
main_us_institutions_year : ((1981, 'university of wisconsin madison'), (1984, 'north carolina state university'), (1988, 'north carolina state university'), (1990, 'north carolina state university'), (1991, 'north carolina state university'), (1992, 'north carolina state university'), (1993, 'north carolina state university'), (1995, 'north carolina state university'), (1998, 'north carolina state university'), (1999, 'national center for atmospheric research'), (2000, 'north carolina state university'), (2002, 'national center for atmospheric research'), (2004, 'national center for atmospheric research'), (2005, 'national center for atmospheric research'), (2006, 'national center for atmospheric research'), (2007, 'national center for atmospheric research'), (2008, 'national center for atmospheric research'), (2009, 'national center for atmospheric research'), (2011, 'university corporation for atmospheric research'), (2011, 'national center for atmospheric research'), (2012, 'national center for atmospheric research'), (2013, 'national center for atmospheric research'), (2014, 'national center for atmospheric research'), (2015, 'national center for atmospheric research'), (2016, 'national center for atmospheric research'), (2018, 'national center for atmospheric research'), (2019, 'colorado school of mines'), (2021, 'colorado school of mines'))
all_us_institutions_year : ((1981, 'university of wisconsin madison'), (1984, 'north carolina state university'), (1988, 'north carolina state university'), (1990, 'north carolina state university'), (1991, 'north carolina state university'), (1992, 'north carolina state university'), (1993, 'north carolina state university'), (1995, 'national center for atmospheric research'), (1995, 'north carolina state university'), (1998, 'north carolina state university'), (1998, 'research triangle park'), (1999, 'national center for atmospheric research'), (1999, 'north carolina state university'), (2000, 'national center for atmospheric research'), (2000, 'north carolina state university'), (2002, 'national center for atmospheric research'), (2003, 'national center for atmospheric research'), (2004, 'national center for atmospheric research'), (2005, 'national center for atmospheric research'), (2006, 'national center for atmospheric research'), (2007, 'national center for atmospheric research'), (2008, 'national center for atmospheric research'), (2008, 'university corporation for atmospheric research'), (2009, 'national center for atmospheric research'), (2011, 'national center for atmospheric research'), (2011, 'university corporation for atmospheric research'), (2012, 'national center for atmospheric research'), (2013, 'national center for atmospheric research'), (2014, 'national center for atmospheric research'), (2015, 'national center for atmospheric research'), (2016, 'national center for atmospheric research'), (2017, 'national center for atmospheric research'), (2018, 'colorado school of mines'), (2018, 'national center for atmospheric research'), (2019, 'brigham young university'), (2019, 'colorado school of mines'), (2019, 'national center for atmospheric research'), (2020, 'colorado school of mines'), (2021, 'colorado school of mines'))

5/10 positive, 9/10 negative
Do these records refer to the same thing?
(y)es / (n)o / (u)nsure / (f)inished / (p)revious
firstname : clark
lastname : wilson
middlename : r
year_range : (2004,)
main_us_institutions_year : ((2004, 'university of texas at austin'),)
all_us_institutions_year : ((2004, 'university of texas at austin'),)

firstname : c
lastname : wilson
middlename : r
year_range : (1990, 2021)
main_us_institutions_year : ((2005, 'st john s university'), (2006, 'st john s university'))
all_us_institutions_year : ((2004, 'st john s university'), (2005, 'st john s university'), (2006, 'st john s university'), (2013, 'utc aerospace systems'))

6/10 positive, 9/10 negative
Do these records refer to the same thing?
(y)es / (n)o / (u)nsure / (f)inished / (p)revious
firstname : jeanlouis
lastname : briaud
middlename : c
year_range : (1980,)
main_us_institutions_year : ((1980, 'texas a m university'),)
all_us_institutions_year : ((1980, 'texas a m university'),)

firstname : jl
lastname : briaud
middlename : None
year_range : (1997, 2019)
main_us_institutions_year : ((2013, 'texas a m university'),)
all_us_institutions_year : ((2013, 'texas a m university'),)

6/10 positive, 10/10 negative
Do these records refer to the same thing?
(y)es / (n)o / (u)nsure / (f)inished / (p)revious
firstname : eric
lastname : smith
middlename : a
year_range : (1998,)
main_us_institutions_year : ((1998, 'florida state university'),)
all_us_institutions_year : ((1998, 'florida state university'),)

firstname : eric
lastname : smith
middlename : alden
year_range : (1975, 2021)
main_us_institutions_year : ((1978, 'cornell university'), (1979, 'cornell university'), (1980, 'cornell university'), (1982, 'university of washington'), (1985, 'university of washington'), (1987, 'university of washington'), (1988, 'university of washington'), (1993, 'university of washington'), (1994, 'university of washington'), (1996, 'university of washington'), (1998, 'university of washington'), (2000, 'university of washington'), (2001, 'university of washington'), (2002, 'university of washington'), (2003, 'university of washington'), (2004, 'university of washington'), (2005, 'university of washington'), (2006, 'university of washington'), (2007, 'university of washington'), (2009, 'university of washington'), (2010, 'university of washington'), (2011, 'university of washington'), (2012, 'university of washington'), (2013, 'university of washington'), (2014, 'university of washington'), (2015, 'university of washington'), (2016, 'university of washington'), (2017, 'cornell university'), (2017, 'university of washington'), (2018, 'cornell university'), (2019, 'university of washington'), (2020, 'cornell university'), (2021, 'cornell university'), (2021, 'university of washington'), (2021, 'memorial sloan kettering cancer center'))
all_us_institutions_year : ((1978, 'cornell university'), (1979, 'cornell university'), (1980, 'cornell university'), (1982, 'university of washington'), (1985, 'university of washington'), (1987, 'university of washington'), (1988, 'university of washington'), (1993, 'university of washington'), (1994, 'university of washington'), (1996, 'university of washington'), (1998, 'university of washington'), (2000, 'cornell university'), (2000, 'university of washington'), (2001, 'university of washington'), (2002, 'university of washington'), (2003, 'university of washington'), (2004, 'cornell university'), (2004, 'university of washington'), (2005, 'santa fe institute'), (2005, 'university of washington'), (2006, 'university of washington'), (2007, 'university of washington'), (2009, 'university of washington'), (2010, 'university of washington'), (2011, 'university of washington'), (2012, 'cornell university'), (2012, 'university of washington'), (2013, 'cornell university'), (2013, 'university of washington'), (2014, 'university of washington'), (2015, 'cornell university'), (2015, 'university of washington'), (2016, 'university of washington'), (2017, 'cornell university'), (2017, 'university of washington'), (2018, 'cornell university'), (2019, 'university of washington'), (2020, 'cornell university'), (2020, 'memorial sloan kettering cancer center'), (2020, 'university of washington'), (2021, 'cornell university'), (2021, 'memorial sloan kettering cancer center'), (2021, 'university of washington'))

6/10 positive, 11/10 negative
Do these records refer to the same thing?
(y)es / (n)o / (u)nsure / (f)inished / (p)revious
firstname : w chris
lastname : funk
middlename : None
year_range : (2016,)
main_us_institutions_year : ((2016, 'colorado state university'),)
all_us_institutions_year : ((2016, 'colorado state university'),)

firstname : w
lastname : funk
middlename : chris
year_range : (1999, 2021)
main_us_institutions_year : ((1999, 'university of montana'), (2000, 'university of montana'), (2002, 'university of montana'), (2003, 'university of montana'), (2003, 'amazon com'), (2005, 'university of montana'), (2006, 'university of texas at austin'), (2007, 'united states geological survey'), (2007, 'university of texas at austin'), (2008, 'united states geological survey'), (2009, 'colorado state university'), (2010, 'colorado state university'), (2011, 'colorado state university'), (2012, 'colorado state university'), (2013, 'colorado state university'), (2014, 'colorado state university'), (2015, 'colorado state university'), (2016, 'colorado state university'), (2017, 'colorado state university'), (2018, 'colorado state university'), (2019, 'colorado state university'), (2020, 'colorado state university'), (2021, 'colorado state university'))
all_us_institutions_year : ((1999, 'university of montana'), (2000, 'university of montana'), (2002, 'university of montana'), (2003, 'amazon com'), (2003, 'university of montana'), (2004, 'university of texas at austin'), (2005, 'university of montana'), (2005, 'university of texas at austin'), (2006, 'university of texas at austin'), (2007, 'united states geological survey'), (2007, 'university of texas at austin'), (2008, 'colorado state university'), (2008, 'united states geological survey'), (2008, 'university of texas at austin'), (2009, 'colorado state university'), (2010, 'colorado state university'), (2010, 'united states geological survey'), (2011, 'colorado state university'), (2012, 'colorado state university'), (2013, 'colorado state university'), (2014, 'colorado state university'), (2015, 'colorado state university'), (2016, 'colorado state university'), (2017, 'colorado state university'), (2018, 'colorado state university'), (2018, 'natural history museum of los angeles county'), (2019, 'colorado state university'), (2020, 'colorado state university'), (2021, 'colorado state university'), (2021, 'natural history museum of los angeles county'))

6/10 positive, 12/10 negative
Do these records refer to the same thing?
(y)es / (n)o / (u)nsure / (f)inished / (p)revious
firstname : levi
lastname : thompson
middlename : t
year_range : (2012,)
main_us_institutions_year : ((2012, 'regents of the university of michigan ann arbor'),)
all_us_institutions_year : ((2012, 'regents of the university of michigan ann arbor'),)

firstname : levi
lastname : thompson
middlename : t
year_range : (1987, 2021)
main_us_institutions_year : ((1987, 'university of michigan'), (1988, 'university of michigan'), (1989, 'university of michigan'), (1991, 'university of michigan'), (1992, 'university of michigan'), (1993, 'university of michigan'), (1994, 'university of michigan'), (1995, 'university of michigan'), (1996, 'university of michigan'), (1997, 'university of michigan'), (1998, 'university of michigan'), (1999, 'university of michigan'), (2000, 'university of michigan'), (2002, 'university of michigan'), (2003, 'university of michigan'), (2004, 'university of michigan'), (2005, 'university of michigan'), (2006, 'university of michigan'), (2007, 'university of michigan'), (2008, 'university of michigan'), (2009, 'university of michigan'), (2010, 'university of michigan'), (2011, 'university of michigan'), (2012, 'university of michigan'), (2013, 'university of michigan'), (2014, 'university of michigan'), (2015, 'university of michigan'), (2016, 'university of michigan'), (2017, 'university of michigan'), (2018, 'university of michigan'), (2019, 'university of michigan'), (2020, 'university of michigan'), (2021, 'university of michigan'), (2021, 'university of delaware'))
all_us_institutions_year : ((1987, 'university of michigan'), (1988, 'university of michigan'), (1989, 'university of michigan'), (1991, 'university of michigan'), (1992, 'university of michigan'), (1993, 'university of michigan'), (1994, 'university of michigan'), (1995, 'argonne national laboratory'), (1995, 'cameron international'), (1995, 'university of michigan'), (1996, 'university of michigan'), (1997, 'university of michigan'), (1998, 'university of michigan'), (1999, 'university of michigan'), (2000, 'university of michigan'), (2001, 'university of michigan'), (2002, 'university of michigan'), (2003, 'university of michigan'), (2004, 'university of michigan'), (2005, 'university of michigan'), (2006, 'university of michigan'), (2007, 'university of michigan'), (2008, 'university of michigan'), (2009, 'university of michigan'), (2010, 'university of michigan'), (2011, 'university of michigan'), (2012, 'university of michigan'), (2013, 'university of michigan'), (2014, 'university of michigan'), (2015, 'university of michigan'), (2016, 'university of michigan'), (2017, 'argonne national laboratory'), (2017, 'university of michigan'), (2018, 'university of michigan'), (2019, 'argonne national laboratory'), (2019, 'university of delaware'), (2019, 'university of michigan'), (2020, 'university of michigan'), (2021, 'university of delaware'), (2021, 'university of michigan'))

7/10 positive, 12/10 negative
Do these records refer to the same thing?
(y)es / (n)o / (u)nsure / (f)inished / (p)revious
firstname : stanley
lastname : grant
middlename : b
year_range : (1995,)
main_us_institutions_year : ((1995, 'university of california irvine'),)
all_us_institutions_year : ((1995, 'university of california irvine'),)

firstname : stanley
lastname : grant
middlename : b
year_range : (2020, 2021)
main_us_institutions_year : ((2020, 'virginia tech'), (2021, 'virginia tech'))
all_us_institutions_year : ((2020, 'virginia tech'), (2021, 'virginia tech'))

8/10 positive, 12/10 negative
Do these records refer to the same thing?
(y)es / (n)o / (u)nsure / (f)inished / (p)revious
firstname : claire
lastname : schelske
middlename : l
year_range : (1986,)
main_us_institutions_year : ((1986, 'regents of the university of michigan ann arbor'),)
all_us_institutions_year : ((1986, 'regents of the university of michigan ann arbor'),)

firstname : claire
lastname : schelske
middlename : l
year_range : (2001, 2014)
main_us_institutions_year : ((2001, 'university of florida'), (2002, 'university of florida'), (2005, 'university of florida'), (2006, 'university of florida'), (2010, 'university of florida'), (2014, 'university of florida'))
all_us_institutions_year : ((2001, 'university of florida'), (2002, 'university of florida'), (2005, 'university of florida'), (2006, 'university of florida'), (2010, 'university of florida'), (2014, 'university of florida'))

8/10 positive, 13/10 negative
Do these records refer to the same thing?
(y)es / (n)o / (u)nsure / (f)inished / (p)revious
firstname : steven
lastname : wesnousky
middlename : g
year_range : (1994,)
main_us_institutions_year : ((1994, 'board of regents nshe obo university of nevada reno'),)
all_us_institutions_year : ((1994, 'board of regents nshe obo university of nevada reno'),)

firstname : steven
lastname : wesnousky
middlename : g
year_range : (1980, 2021)
main_us_institutions_year : ((1980, 'columbia university'), (1985, 'california institute of technology'), (1986, 'california institute of technology'), (1988, 'university of memphis'), (1989, 'university of memphis'), (1990, 'university of memphis'), (1990, 'university of nevada reno'), (1991, 'university of nevada reno'), (1992, 'university of nevada reno'), (1993, 'university of nevada reno'), (1994, 'university of nevada reno'), (1996, 'university of nevada reno'), (1997, 'university of nevada reno'), (1998, 'university of nevada reno'), (1999, 'university of nevada reno'), (2001, 'university of nevada reno'), (2002, 'university of nevada reno'), (2003, 'university of nevada reno'), (2004, 'university of nevada reno'), (2005, 'university of nevada reno'), (2006, 'university of nevada reno'), (2007, 'university of nevada reno'), (2008, 'university of nevada reno'), (2010, 'university of nevada reno'), (2011, 'university of nevada reno'), (2012, 'university of nevada reno'), (2013, 'university of nevada reno'), (2014, 'university of nevada reno'), (2015, 'university of nevada reno'), (2016, 'university of nevada reno'), (2017, 'university of nevada reno'), (2018, 'university of nevada reno'), (2019, 'university of nevada reno'), (2020, 'university of nevada reno'), (2021, 'university of nevada reno'))
all_us_institutions_year : ((1980, 'columbia university'), (1985, 'california institute of technology'), (1986, 'california institute of technology'), (1988, 'university of memphis'), (1989, 'university of memphis'), (1990, 'university of memphis'), (1990, 'university of nevada reno'), (1991, 'university of nevada reno'), (1992, 'university of nevada reno'), (1993, 'university of nevada reno'), (1994, 'university of nevada reno'), (1996, 'university of nevada reno'), (1997, 'university of nevada reno'), (1998, 'university of nevada reno'), (1999, 'university of nevada reno'), (2001, 'university of nevada reno'), (2002, 'university of nevada reno'), (2003, 'university of nevada reno'), (2004, 'university of nevada reno'), (2005, 'california institute of technology'), (2005, 'university of nevada reno'), (2006, 'university of nevada reno'), (2007, 'university of nevada reno'), (2008, 'university of nevada reno'), (2010, 'university of nevada reno'), (2011, 'university of nevada reno'), (2012, 'university of nevada reno'), (2013, 'university of nevada reno'), (2014, 'university of nevada reno'), (2015, 'university of nevada reno'), (2016, 'university of nevada reno'), (2017, 'university of nevada reno'), (2018, 'university of nevada reno'), (2019, 'university of nevada reno'), (2020, 'university of nevada reno'), (2021, 'university of nevada reno'))

8/10 positive, 14/10 negative
Do these records refer to the same thing?
(y)es / (n)o / (u)nsure / (f)inished / (p)revious
firstname : michael
lastname : o keeffe
middlename : None
year_range : (1982,)
main_us_institutions_year : ((1982, 'arizona state university'),)
all_us_institutions_year : ((1982, 'arizona state university'),)

firstname : michael
lastname : okeeffe
middlename : None
year_range : (1961, 2021)
main_us_institutions_year : ((1966, 'arizona state university'), (1967, 'arizona state university'), (1969, 'arizona state university'), (1970, 'arizona state university'), (1971, 'arizona state university'), (1972, 'arizona state university'), (1973, 'arizona state university'), (1974, 'arizona state university'), (1975, 'arizona state university'), (1976, 'arizona state university'), (1977, 'arizona state university'), (1978, 'arizona state university'), (1979, 'arizona state university'), (1980, 'arizona state university'), (1981, 'arizona state university'), (1982, 'arizona state university'), (1984, 'arizona state university'), (1985, 'arizona state university'), (1986, 'arizona state university'), (1987, 'arizona state university'), (1988, 'arizona state university'), (1989, 'arizona state university'), (1990, 'arizona state university'), (1991, 'arizona state university'), (1992, 'arizona state university'), (1993, 'arizona state university'), (1994, 'arizona state university'), (1995, 'arizona state university'), (1996, 'arizona state university'), (1997, 'arizona state university'), (1998, 'arizona state university'), (1999, 'arizona state university'), (2000, 'arizona state university'), (2001, 'arizona state university'), (2002, 'arizona state university'), (2003, 'arizona state university'), (2004, 'arizona state university'), (2005, 'arizona state university'), (2006, 'arizona state university'), (2007, 'arizona state university'), (2008, 'arizona state university'), (2009, 'arizona state university'), (2010, 'arizona state university'), (2011, 'arizona state university'), (2012, 'arizona state university'), (2013, 'arizona state university'), (2014, 'arizona state university'), (2015, 'arizona state university'), (2016, 'arizona state university'), (2017, 'arizona state university'), (2018, 'arizona state university'), (2019, 'arizona state university'), (2020, 'arizona state university'), (2021, 'arizona state university'))
all_us_institutions_year : ((1966, 'arizona state university'), (1967, 'arizona state university'), (1969, 'arizona state university'), (1970, 'arizona state university'), (1971, 'arizona state university'), (1972, 'arizona state university'), (1973, 'arizona state university'), (1974, 'arizona state university'), (1975, 'arizona state university'), (1976, 'arizona state university'), (1977, 'arizona state university'), (1978, 'arizona state university'), (1979, 'arizona state university'), (1980, 'arizona state university'), (1981, 'arizona state university'), (1982, 'arizona state university'), (1984, 'arizona state university'), (1985, 'arizona state university'), (1986, 'arizona state university'), (1987, 'arizona state university'), (1988, 'arizona state university'), (1989, 'arizona state university'), (1990, 'arizona state university'), (1991, 'arizona state university'), (1992, 'arizona state university'), (1993, 'arizona state university'), (1994, 'arizona state university'), (1995, 'arizona state university'), (1996, 'arizona state university'), (1997, 'arizona state university'), (1998, 'arizona state university'), (1999, 'arizona state university'), (2000, 'arizona state university'), (2000, 'university of michigan'), (2001, 'arizona state university'), (2001, 'university of michigan'), (2002, 'arizona state university'), (2003, 'arizona state university'), (2004, 'arizona state university'), (2005, 'arizona state university'), (2005, 'university of michigan'), (2006, 'arizona state university'), (2007, 'arizona state university'), (2008, 'arizona state university'), (2008, 'university of california los angeles'), (2009, 'arizona state university'), (2009, 'university of california los angeles'), (2010, 'arizona state university'), (2010, 'university of california los angeles'), (2011, 'arizona state university'), (2012, 'arizona state university'), (2012, 'university of california los angeles'), (2013, 'arizona state university'), (2014, 'arizona state university'), (2015, 'arizona state university'), (2015, 'university of arizona'), (2016, 'arizona state university'), (2017, 'arizona state university'), (2018, 'arizona state university'), (2019, 'arizona state university'), (2020, 'arizona state university'), (2021, 'arizona state university'))

8/10 positive, 15/10 negative
Do these records refer to the same thing?
(y)es / (n)o / (u)nsure / (f)inished / (p)revious
firstname : s
lastname : iyer
middlename : p
year_range : (1990,)
main_us_institutions_year : ((1990, 'pennsylvania state univ university park'),)
all_us_institutions_year : ((1990, 'pennsylvania state univ university park'),)

firstname : sujit
lastname : iyer
middlename : None
year_range : (2009, 2020)
main_us_institutions_year : ((2009, 'university of pennsylvania'), (2018, 'university of texas at austin'), (2020, 'university of texas at austin'))
all_us_institutions_year : ((2009, 'children s hospital of philadelphia'), (2009, 'university of pennsylvania'), (2009, 'university of texas at austin'), (2018, 'university of texas at austin'), (2020, 'university of texas at austin'))

9/10 positive, 15/10 negative
Do these records refer to the same thing?
(y)es / (n)o / (u)nsure / (f)inished / (p)revious
firstname : josh
lastname : kohut
middlename : None
year_range : (2018,)
main_us_institutions_year : ((2018, 'rutgers university new brunswick'),)
all_us_institutions_year : ((2018, 'rutgers university new brunswick'),)

firstname : j
lastname : kohut
middlename : None
year_range : (2003, 2019)
main_us_institutions_year : ((2003, 'rutgers university'), (2004, 'rutgers university'), (2005, 'rutgers university'), (2006, 'rutgers university'), (2007, 'rutgers university'), (2012, 'rutgers university'), (2014, 'rutgers university'), (2015, 'rutgers university'), (2016, 'rutgers university'), (2019, 'rutgers university'))
all_us_institutions_year : ((2003, 'rutgers university'), (2004, 'rutgers university'), (2005, 'rutgers university'), (2006, 'rutgers university'), (2007, 'rutgers university'), (2008, 'rutgers university'), (2012, 'rutgers university'), (2014, 'rutgers university'), (2015, 'rutgers university'), (2016, 'rutgers university'), (2017, 'rutgers university'), (2019, 'rutgers university'))

9/10 positive, 16/10 negative
Do these records refer to the same thing?
(y)es / (n)o / (u)nsure / (f)inished / (p)revious
firstname : dayalan
lastname : kasilingam
middlename : p
year_range : (1995,)
main_us_institutions_year : ((1995, 'university of massachusetts dartmouth'),)
all_us_institutions_year : ((1995, 'university of massachusetts dartmouth'),)

firstname : d
lastname : kasilingam
middlename : None
year_range : (2001, 2005)
main_us_institutions_year : ((2002, 'university of massachusetts amherst'), (2005, 'university of massachusetts amherst'))
all_us_institutions_year : ((2002, 'university of massachusetts amherst'), (2005, 'university of massachusetts amherst'))

10/10 positive, 16/10 negative
Do these records refer to the same thing?
(y)es / (n)o / (u)nsure / (f)inished / (p)revious
firstname : aron
lastname : stubbins
middlename : None
year_range : (2015,)
main_us_institutions_year : ((2015, 'university of georgia research foundation inc'),)
all_us_institutions_year : ((2015, 'university of georgia research foundation inc'),)

firstname : aron
lastname : stubbins
middlename : None
year_range : (2006, 2021)
main_us_institutions_year : ((2007, 'old dominion university'), (2008, 'old dominion university'), (2009, 'old dominion university'), (2010, 'old dominion university'), (2011, 'old dominion university'), (2011, 'skidaway institute of oceanography'), (2012, 'skidaway institute of oceanography'), (2013, 'skidaway institute of oceanography'), (2014, 'skidaway institute of oceanography'), (2015, 'skidaway institute of oceanography'), (2016, 'skidaway institute of oceanography'), (2017, 'skidaway institute of oceanography'), (2018, 'northeastern university'), (2019, 'northeastern university'), (2020, 'northeastern university'), (2021, 'northeastern university'))
all_us_institutions_year : ((2007, 'old dominion university'), (2008, 'old dominion university'), (2009, 'old dominion university'), (2010, 'old dominion university'), (2011, 'old dominion university'), (2011, 'skidaway institute of oceanography'), (2012, 'skidaway institute of oceanography'), (2013, 'skidaway institute of oceanography'), (2013, 'university of georgia'), (2014, 'skidaway institute of oceanography'), (2015, 'skidaway institute of oceanography'), (2016, 'skidaway institute of oceanography'), (2016, 'university of georgia'), (2017, 'skidaway institute of oceanography'), (2018, 'northeastern university'), (2019, 'northeastern university'), (2020, 'northeastern university'), (2021, 'northeastern university'))

10/10 positive, 17/10 negative
Do these records refer to the same thing?
(y)es / (n)o / (u)nsure / (f)inished / (p)revious
firstname : martin
lastname : wortman
middlename : a
year_range : (1990,)
main_us_institutions_year : ((1990, 'texas a m engineering experiment station'),)
all_us_institutions_year : ((1990, 'texas a m engineering experiment station'),)

firstname : m
lastname : wortman
middlename : a
year_range : (1990, 2017)
main_us_institutions_year : ((1991, 'texas a m university'), (1992, 'texas a m university'), (1993, 'texas a m university'), (1994, 'texas a m university'), (1996, 'texas a m university'), (1999, 'texas a m university'), (2001, 'texas a m university'), (2003, 'texas a m university'), (2005, 'texas a m university'), (2009, 'texas a m university'), (2017, 'texas a m university'))
all_us_institutions_year : ((1991, 'texas a m university'), (1992, 'texas a m university'), (1993, 'texas a m university'), (1994, 'texas a m university'), (1996, 'texas a m university'), (1999, 'texas a m university'), (2001, 'texas a m university'), (2003, 'texas a m university'), (2005, 'texas a m university'), (2009, 'texas a m university'), (2017, 'texas a m university'))

10/10 positive, 18/10 negative
Do these records refer to the same thing?
(y)es / (n)o / (u)nsure / (f)inished / (p)revious
firstname : s craig
lastname : gerlach
middlename : None
year_range : (1991,)
main_us_institutions_year : ((1991, 'university of alaska fairbanks campus'),)
all_us_institutions_year : ((1991, 'university of alaska fairbanks campus'),)

firstname : s
lastname : gerlach
middlename : craig
year_range : (1987, 2007)
main_us_institutions_year : ((2005, 'university of alaska fairbanks'), (2006, 'university of alaska fairbanks'), (2007, 'university of alaska fairbanks'))
all_us_institutions_year : ((2005, 'university of alaska fairbanks'), (2006, 'university of alaska fairbanks'), (2007, 'university of alaska fairbanks'))

11/10 positive, 18/10 negative
Do these records refer to the same thing?
(y)es / (n)o / (u)nsure / (f)inished / (p)revious
firstname : feifang
lastname : hu
middlename : None
year_range : (2014,)
main_us_institutions_year : ((2014, 'george washington university'),)
all_us_institutions_year : ((2014, 'george washington university'),)

firstname : fei
lastname : hu
middlename : None
year_range : (2015, 2020)
main_us_institutions_year : ((2015, 'george mason university'), (2016, 'george mason university'), (2017, 'george mason university'), (2018, 'george mason university'), (2019, 'ibm'), (2020, 'george mason university'), (2020, 'ibm'))
all_us_institutions_year : ((2015, 'george mason university'), (2016, 'george mason university'), (2017, 'george mason university'), (2018, 'george mason university'), (2019, 'george mason university'), (2019, 'ibm'), (2020, 'george mason university'), (2020, 'ibm'))

11/10 positive, 19/10 negative
Do these records refer to the same thing?
(y)es / (n)o / (u)nsure / (f)inished / (p)revious
firstname : james
lastname : labelle
middlename : w
year_range : (1994,)
main_us_institutions_year : ((1994, 'dartmouth college'),)
all_us_institutions_year : ((1994, 'dartmouth college'),)

firstname : j
lastname : labelle
middlename : None
year_range : (1982, 2021)
main_us_institutions_year : ((1985, 'cornell university'), (1986, 'cornell university'), (1989, 'utah state university'), (1990, 'dartmouth college'), (1993, 'dartmouth college'), (1994, 'dartmouth college'), (1995, 'dartmouth college'), (1997, 'dartmouth college'), (1998, 'dartmouth college'), (1999, 'dartmouth college'), (2000, 'dartmouth college'), (2001, 'dartmouth college'), (2002, 'dartmouth college'), (2003, 'dartmouth college'), (2004, 'dartmouth college'), (2005, 'dartmouth college'), (2006, 'dartmouth college'), (2007, 'dartmouth college'), (2008, 'dartmouth college'), (2009, 'dartmouth college'), (2010, 'dartmouth college'), (2011, 'dartmouth college'), (2012, 'dartmouth college'), (2013, 'dartmouth college'), (2014, 'dartmouth college'), (2015, 'dartmouth college'), (2016, 'dartmouth college'), (2017, 'dartmouth college'), (2018, 'dartmouth college'), (2019, 'dartmouth college'), (2020, 'dartmouth college'), (2021, 'dartmouth college'))
all_us_institutions_year : ((1985, 'cornell university'), (1986, 'cornell university'), (1988, 'utah state university'), (1989, 'utah state university'), (1990, 'dartmouth college'), (1993, 'dartmouth college'), (1994, 'dartmouth college'), (1995, 'dartmouth college'), (1997, 'dartmouth college'), (1998, 'dartmouth college'), (1999, 'dartmouth college'), (2000, 'dartmouth college'), (2001, 'dartmouth college'), (2002, 'dartmouth college'), (2003, 'dartmouth college'), (2004, 'dartmouth college'), (2005, 'dartmouth college'), (2006, 'dartmouth college'), (2007, 'dartmouth college'), (2008, 'dartmouth college'), (2009, 'dartmouth college'), (2010, 'dartmouth college'), (2011, 'dartmouth college'), (2012, 'dartmouth college'), (2013, 'cornell university'), (2013, 'dartmouth college'), (2014, 'dartmouth college'), (2015, 'dartmouth college'), (2016, 'dartmouth college'), (2017, 'dartmouth college'), (2018, 'dartmouth college'), (2019, 'dartmouth college'), (2020, 'dartmouth college'), (2021, 'dartmouth college'))

11/10 positive, 20/10 negative
Do these records refer to the same thing?
(y)es / (n)o / (u)nsure / (f)inished / (p)revious
firstname : elizabeth
lastname : nolan
middlename : m
year_range : (2014,)
main_us_institutions_year : ((2014, 'massachusetts institute of technology'),)
all_us_institutions_year : ((2014, 'massachusetts institute of technology'),)

firstname : elizabeth
lastname : shoenfelt
middlename : m
year_range : (2012, 2020)
main_us_institutions_year : ((2012, 'princeton university'), (2017, 'columbia university'), (2017, 'lamont doherty earth observatory'), (2017, 'princeton university'), (2018, 'lamont doherty earth observatory'), (2019, 'massachusetts institute of technology'), (2019, 'columbia university'), (2019, 'lamont doherty earth observatory'), (2020, 'massachusetts institute of technology'), (2020, 'lamont doherty earth observatory'))
all_us_institutions_year : ((2012, 'princeton university'), (2017, 'columbia university'), (2017, 'lamont doherty earth observatory'), (2017, 'princeton university'), (2018, 'lamont doherty earth observatory'), (2019, 'columbia university'), (2019, 'lamont doherty earth observatory'), (2019, 'massachusetts institute of technology'), (2020, 'lamont doherty earth observatory'), (2020, 'massachusetts institute of technology'))

12/10 positive, 20/10 negative
Do these records refer to the same thing?
(y)es / (n)o / (u)nsure / (f)inished / (p)revious
firstname : manisa
lastname : pipattanasomporn
middlename : None
year_range : (2012,)
main_us_institutions_year : ((2012, 'virginia polytechnic institute and state university'),)
all_us_institutions_year : ((2012, 'virginia polytechnic institute and state university'),)

firstname : manisa
lastname : pipattanasomporn
middlename : None
year_range : (2000, 2021)
main_us_institutions_year : ((2006, 'virginia tech'), (2009, 'virginia tech'), (2010, 'virginia tech'), (2011, 'virginia tech'), (2012, 'virginia tech'), (2013, 'virginia tech'), (2014, 'virginia tech'), (2015, 'virginia tech'), (2016, 'virginia tech'), (2017, 'virginia tech'), (2018, 'virginia tech'), (2019, 'virginia tech'), (2020, 'virginia tech'))
all_us_institutions_year : ((2005, 'virginia tech'), (2006, 'virginia tech'), (2007, 'virginia tech'), (2009, 'virginia tech'), (2010, 'virginia tech'), (2011, 'virginia tech'), (2012, 'virginia tech'), (2013, 'virginia tech'), (2014, 'virginia tech'), (2015, 'virginia tech'), (2016, 'virginia tech'), (2017, 'virginia tech'), (2018, 'virginia tech'), (2019, 'virginia tech'), (2020, 'virginia tech'))

12/10 positive, 21/10 negative
Do these records refer to the same thing?
(y)es / (n)o / (u)nsure / (f)inished / (p)revious
firstname : mohamed
lastname : iskandarani
middlename : None
year_range : (1998,)
main_us_institutions_year : ((1998, 'rutgers university new brunswick'),)
all_us_institutions_year : ((1998, 'rutgers university new brunswick'),)

firstname : mohamed
lastname : iskandarani
middlename : None
year_range : (1988, 2020)
main_us_institutions_year : ((1988, 'cornell university'), (1991, 'cornell university'), (1993, 'rutgers university'), (1995, 'rutgers university'), (1997, 'rutgers university'), (1998, 'rutgers university'), (1999, 'rutgers university'), (2000, 'rutgers university'), (2001, 'rutgers university'), (2001, 'university of miami'), (2002, 'university of miami'), (2003, 'university of miami'), (2004, 'university of miami'), (2005, 'university of miami'), (2006, 'university of miami'), (2007, 'university of miami'), (2008, 'university of miami'), (2010, 'university of miami'), (2011, 'university of miami'), (2012, 'university of miami'), (2013, 'university of miami'), (2014, 'university of miami'), (2015, 'university of miami'), (2016, 'university of miami'), (2018, 'university of miami'), (2019, 'university of miami'), (2020, 'university of miami'))
all_us_institutions_year : ((1988, 'cornell university'), (1991, 'cornell university'), (1993, 'rutgers university'), (1995, 'rutgers university'), (1997, 'rutgers university'), (1998, 'rutgers university'), (1999, 'rutgers university'), (2000, 'rutgers university'), (2001, 'rutgers university'), (2001, 'university of miami'), (2002, 'university of miami'), (2003, 'university of miami'), (2004, 'university of miami'), (2005, 'university of miami'), (2006, 'university of miami'), (2007, 'university of miami'), (2008, 'university of miami'), (2009, 'university of miami'), (2010, 'university of miami'), (2011, 'university of miami'), (2012, 'university of miami'), (2013, 'duke university'), (2013, 'university of miami'), (2014, 'university of miami'), (2015, 'university of miami'), (2016, 'university of miami'), (2018, 'university of miami'), (2019, 'university of miami'), (2020, 'university of miami'))

13/10 positive, 21/10 negative
Do these records refer to the same thing?
(y)es / (n)o / (u)nsure / (f)inished / (p)revious
firstname : konstantin
lastname : mischaikow
middlename : m
year_range : (2001,)
main_us_institutions_year : ((2001, 'georgia tech research corporation'),)
all_us_institutions_year : ((2001, 'georgia tech research corporation'),)

firstname : konstantin
lastname : mischaikow
middlename : None
year_range : (1986, 2021)
main_us_institutions_year : ((1986, 'brown university'), (1988, 'brown university'), (1989, 'michigan state university'), (1990, 'michigan state university'), (1991, 'georgia institute of technology'), (1992, 'georgia institute of technology'), (1994, 'georgia institute of technology'), (1994, 'michigan state university'), (1995, 'georgia institute of technology'), (1996, 'georgia institute of technology'), (1997, 'georgia institute of technology'), (1998, 'georgia institute of technology'), (1999, 'georgia institute of technology'), (2000, 'georgia institute of technology'), (2001, 'georgia institute of technology'), (2002, 'georgia institute of technology'), (2003, 'georgia institute of technology'), (2004, 'georgia institute of technology'), (2005, 'georgia institute of technology'), (2006, 'georgia institute of technology'), (2007, 'rutgers university'), (2008, 'rutgers university'), (2009, 'rutgers university'), (2010, 'rutgers university'), (2011, 'rutgers university'), (2012, 'rutgers university'), (2013, 'rutgers university'), (2014, 'rutgers university'), (2015, 'rutgers university'), (2016, 'rutgers university'), (2017, 'rutgers university'), (2018, 'rutgers university'), (2019, 'rutgers university'), (2021, 'rutgers university'))
all_us_institutions_year : ((1986, 'brown university'), (1988, 'brown university'), (1989, 'michigan state university'), (1990, 'michigan state university'), (1991, 'georgia institute of technology'), (1991, 'michigan state university'), (1992, 'georgia institute of technology'), (1994, 'georgia institute of technology'), (1994, 'michigan state university'), (1995, 'georgia institute of technology'), (1996, 'georgia institute of technology'), (1997, 'georgia institute of technology'), (1998, 'georgia institute of technology'), (1999, 'georgia institute of technology'), (2000, 'georgia institute of technology'), (2001, 'georgia institute of technology'), (2002, 'georgia institute of technology'), (2003, 'georgia institute of technology'), (2004, 'georgia institute of technology'), (2005, 'georgia institute of technology'), (2006, 'georgia institute of technology'), (2006, 'rutgers university'), (2007, 'georgia institute of technology'), (2007, 'rutgers university'), (2008, 'rutgers university'), (2009, 'rutgers university'), (2010, 'rutgers university'), (2011, 'rutgers university'), (2012, 'rutgers university'), (2013, 'rutgers university'), (2014, 'rutgers university'), (2015, 'rutgers university'), (2016, 'rutgers university'), (2017, 'rutgers university'), (2018, 'rutgers university'), (2019, 'rutgers university'), (2020, 'rutgers university'), (2021, 'rutgers university'))

14/10 positive, 21/10 negative
Do these records refer to the same thing?
(y)es / (n)o / (u)nsure / (f)inished / (p)revious
firstname : kelly
lastname : kibler
middlename : None
year_range : (2020,)
main_us_institutions_year : ((2020, 'the university of central florida board of trustees'),)
all_us_institutions_year : ((2020, 'the university of central florida board of trustees'),)

firstname : kelly
lastname : kibler
middlename : m
year_range : (2011, 2020)
main_us_institutions_year : ((2011, 'oregon state university'), (2013, 'oregon state university'), (2016, 'university of central florida'), (2017, 'university of central florida'), (2018, 'university of central florida'), (2019, 'university of central florida'), (2020, 'university of central florida'))
all_us_institutions_year : ((2011, 'oregon state university'), (2013, 'oregon state university'), (2015, 'university of central florida'), (2016, 'university of central florida'), (2017, 'university of central florida'), (2018, 'university of central florida'), (2019, 'university of central florida'), (2020, 'university of central florida'))

15/10 positive, 21/10 negative
Do these records refer to the same thing?
(y)es / (n)o / (u)nsure / (f)inished / (p)revious
firstname : nina
lastname : orlovskaya
middlename : None
year_range : (2010,)
main_us_institutions_year : ((2010, 'the university of central florida board of trustees'),)
all_us_institutions_year : ((2010, 'the university of central florida board of trustees'),)

firstname : nina
lastname : orlovskaya
middlename : None
year_range : (1989, 2021)
main_us_institutions_year : ((1997, 'drexel university'), (2001, 'drexel university'), (2002, 'drexel university'), (2003, 'drexel university'), (2004, 'drexel university'), (2005, 'drexel university'), (2006, 'michigan technological university'), (2007, 'michigan technological university'), (2008, 'university of central florida'), (2009, 'university of central florida'), (2010, 'university of central florida'), (2011, 'university of central florida'), (2012, 'university of central florida'), (2013, 'university of central florida'), (2014, 'university of central florida'), (2015, 'university of central florida'), (2016, 'university of central florida'), (2017, 'university of central florida'), (2018, 'university of central florida'), (2019, 'university of central florida'), (2020, 'university of central florida'), (2021, 'university of central florida'))
all_us_institutions_year : ((1997, 'drexel university'), (2001, 'drexel university'), (2002, 'drexel university'), (2003, 'drexel university'), (2004, 'drexel university'), (2005, 'drexel university'), (2006, 'drexel university'), (2006, 'michigan technological university'), (2006, 'university of central florida'), (2007, 'michigan technological university'), (2008, 'university of central florida'), (2009, 'university of central florida'), (2010, 'university of central florida'), (2011, 'university of central florida'), (2012, 'drexel university'), (2012, 'university of central florida'), (2013, 'university of central florida'), (2014, 'university of central florida'), (2015, 'university of central florida'), (2016, 'university of central florida'), (2017, 'oak ridge national laboratory'), (2017, 'university of central florida'), (2018, 'university of central florida'), (2019, 'university of central florida'), (2020, 'university of central florida'), (2021, 'university of central florida'))

16/10 positive, 21/10 negative
Do these records refer to the same thing?
(y)es / (n)o / (u)nsure / (f)inished / (p)revious
firstname : tadashi
lastname : yoshinari
middlename : None
year_range : (1989,)
main_us_institutions_year : ((1989, 'health research incorporated new york state department of health'),)
all_us_institutions_year : ((1989, 'health research incorporated new york state department of health'),)

firstname : tadashi
lastname : yoshinari
middlename : None
year_range : (1993, 2008)
main_us_institutions_year : ((1993, 'university at albany suny'), (1995, 'university at albany suny'), (1995, 'new york state department of health'), (2003, 'university at albany suny'))
all_us_institutions_year : ((1990, 'university at albany suny'), (1993, 'university at albany suny'), (1995, 'new york state department of health'), (1995, 'university at albany suny'), (2003, 'university at albany suny'))

17/10 positive, 21/10 negative
Do these records refer to the same thing?
(y)es / (n)o / (u)nsure / (f)inished / (p)revious
firstname : christopher
lastname : perkins
middlename : m
year_range : (2008,)
main_us_institutions_year : ((2008, 'copernican energy inc'),)
all_us_institutions_year : ((2008, 'copernican energy inc'),)

firstname : christopher
lastname : perkins
middlename : None
year_range : (2004, 2010)
main_us_institutions_year : ((2004, 'university of colorado boulder'), (2007, 'university of colorado boulder'), (2008, 'university of colorado boulder'), (2009, 'university of colorado boulder'), (2010, 'university of colorado boulder'))
all_us_institutions_year : ((2004, 'university of colorado boulder'), (2005, 'university of colorado boulder'), (2007, 'university of colorado boulder'), (2008, 'university of colorado boulder'), (2008, 'university of colorado denver'), (2009, 'university of colorado boulder'), (2010, 'university of colorado boulder'))

17/10 positive, 22/10 negative
Do these records refer to the same thing?
(y)es / (n)o / (u)nsure / (f)inished / (p)revious
firstname : n gary
lastname : hemming
middlename : None
year_range : (2014,)
main_us_institutions_year : ((2014, 'cuny queens college'),)
all_us_institutions_year : ((2014, 'cuny queens college'),)

firstname : n
lastname : hemming
middlename : g
year_range : (1992, 2008)
main_us_institutions_year : ((1992, 'stony brook university'), (1995, 'stony brook university'), (1995, 'lamont doherty earth observatory'), (1998, 'lamont doherty earth observatory'), (2004, 'lamont doherty earth observatory'), (2004, 'queens college'), (2006, 'lamont doherty earth observatory'), (2006, 'queens college'))
all_us_institutions_year : ((1992, 'stony brook university'), (1995, 'lamont doherty earth observatory'), (1995, 'stony brook university'), (1998, 'lamont doherty earth observatory'), (2004, 'lamont doherty earth observatory'), (2004, 'queens college'), (2006, 'lamont doherty earth observatory'), (2006, 'queens college'))

17/10 positive, 23/10 negative
Do these records refer to the same thing?
(y)es / (n)o / (u)nsure / (f)inished / (p)revious
firstname : michael
lastname : chapman
middlename : s
year_range : (2015,)
main_us_institutions_year : ((2015, 'georgia tech research corporation'),)
all_us_institutions_year : ((2015, 'georgia tech research corporation'),)

firstname : michael
lastname : chapman
middlename : None
year_range : (2010, 2017)
main_us_institutions_year : ((2010, 'national center for atmospheric research'), (2012, 'national center for atmospheric research'))
all_us_institutions_year : ((2004, 'national center for atmospheric research'), (2005, 'national center for atmospheric research'), (2010, 'national center for atmospheric research'), (2012, 'national center for atmospheric research'), (2013, 'national center for atmospheric research'))

17/10 positive, 24/10 negative
Do these records refer to the same thing?
(y)es / (n)o / (u)nsure / (f)inished / (p)revious
firstname : valentin
lastname : boriakoff
middlename : None
year_range : (1995,)
main_us_institutions_year : ((1995, 'department of air force phillips laboratory gpia'),)
all_us_institutions_year : ((1995, 'department of air force phillips laboratory gpia'),)

firstname : valentin
lastname : boriakoff
middlename : None
year_range : (1996, 1998)
main_us_institutions_year : ((1997, 'air force research laboratory'), (1998, 'air force research laboratory'))
all_us_institutions_year : ((1997, 'air force research laboratory'), (1998, 'air force research laboratory'))

17/10 positive, 25/10 negative
Do these records refer to the same thing?
(y)es / (n)o / (u)nsure / (f)inished / (p)revious
firstname : ralph
lastname : burton
middlename : a
year_range : (1986,)
main_us_institutions_year : ((1986, 'burton technologies inc'),)
all_us_institutions_year : ((1986, 'burton technologies inc'),)

firstname : ralph
lastname : burton
middlename : a
year_range : (1960, 1994)
main_us_institutions_year : ((1960, 'southwest research institute'), (1963, 'southwest research institute'), (1965, 'southwest research institute'), (1966, 'southwest research institute'), (1967, 'southwest research institute'))
all_us_institutions_year : ((1960, 'southwest research institute'), (1963, 'southwest research institute'), (1965, 'southwest research institute'), (1966, 'southwest research institute'), (1967, 'southwest research institute'))

18/10 positive, 25/10 negative
Do these records refer to the same thing?
(y)es / (n)o / (u)nsure / (f)inished / (p)revious
firstname : adrian
lastname : merrington
middlename : None
year_range : (2003,)
main_us_institutions_year : ((2003, 'american commodities inc aci'),)
all_us_institutions_year : ((2003, 'american commodities inc aci'),)

firstname : adrian
lastname : merrington
middlename : None
year_range : (2008, 2010)
main_us_institutions_year : ((2008, 'michigan molecular institute'), (2010, 'michigan molecular institute'))
all_us_institutions_year : ((2008, 'michigan molecular institute'), (2010, 'michigan molecular institute'), (2011, 'michigan molecular institute'))

18/10 positive, 26/10 negative
Do these records refer to the same thing?
(y)es / (n)o / (u)nsure / (f)inished / (p)revious
firstname : wenjun
lastname : cai
middlename : None
year_range : (2017,)
main_us_institutions_year : ((2017, 'university of south florida'),)
all_us_institutions_year : ((2017, 'university of south florida'),)

firstname : wen
lastname : cai
middlename : h
year_range : (2017, 2018)
main_us_institutions_year : None
all_us_institutions_year : ((2018, 'chinese academy of sciences'),)

18/10 positive, 27/10 negative
Do these records refer to the same thing?
(y)es / (n)o / (u)nsure / (f)inished / (p)revious
firstname : mark
lastname : siddall
middlename : e
year_range : (2012,)
main_us_institutions_year : ((2012, 'american museum natural history'),)
all_us_institutions_year : ((2012, 'american museum natural history'),)

firstname : mark
lastname : siddall
middlename : None
year_range : (1998, 2012)
main_us_institutions_year : ((2009, 'lamont doherty earth observatory'),)
all_us_institutions_year : ((2007, 'lamont doherty earth observatory'), (2009, 'lamont doherty earth observatory'))

18/10 positive, 28/10 negative
Do these records refer to the same thing?
(y)es / (n)o / (u)nsure / (f)inished / (p)revious
firstname : ann marie
lastname : carlton
middlename : g
year_range : (2013,)
main_us_institutions_year : ((2013, 'rutgers university new brunswick'),)
all_us_institutions_year : ((2013, 'rutgers university new brunswick'),)

firstname : annmarie
lastname : carlton
middlename : g
year_range : (1999, 2021)
main_us_institutions_year : ((1999, 'rutgers university'), (2002, 'united states environmental protection agency'), (2006, 'rutgers university'), (2007, 'research triangle park'), (2008, 'air resources laboratory'), (2008, 'national oceanic and atmospheric administration'), (2008, 'research triangle park'), (2009, 'research triangle park'), (2009, 'united states environmental protection agency'), (2010, 'united states environmental protection agency'), (2011, 'rutgers university'), (2012, 'rutgers university'), (2013, 'rutgers university'), (2014, 'rutgers university'), (2015, 'rutgers university'), (2016, 'rutgers university'), (2017, 'university of california irvine'), (2018, 'university of california irvine'), (2019, 'university of california irvine'), (2020, 'university of california irvine'), (2021, 'university of california irvine'))
all_us_institutions_year : ((1999, 'rutgers university'), (2002, 'united states environmental protection agency'), (2006, 'rutgers university'), (2007, 'research triangle park'), (2008, 'air resources laboratory'), (2008, 'national oceanic and atmospheric administration'), (2008, 'research triangle park'), (2009, 'research triangle park'), (2009, 'united states environmental protection agency'), (2010, 'research triangle park'), (2010, 'rutgers university'), (2010, 'united states environmental protection agency'), (2011, 'rutgers university'), (2011, 'united states environmental protection agency'), (2012, 'rutgers university'), (2013, 'rutgers university'), (2014, 'rutgers university'), (2015, 'rutgers university'), (2016, 'rutgers university'), (2016, 'university of california irvine'), (2017, 'rutgers university'), (2017, 'university of california irvine'), (2018, 'rutgers university'), (2018, 'university of california irvine'), (2018, 'university of california riverside'), (2018, 'university of colorado boulder'), (2019, 'university of california irvine'), (2020, 'university of california irvine'), (2021, 'university of california irvine'))

18/10 positive, 29/10 negative
Do these records refer to the same thing?
(y)es / (n)o / (u)nsure / (f)inished / (p)revious
firstname : jeffrey
lastname : brown
middlename : r
year_range : (2015,)
main_us_institutions_year : ((2015, 'university of california berkeley'),)
all_us_institutions_year : ((2015, 'university of california berkeley'),)

firstname : j
lastname : brown
middlename : christopher
year_range : (2001, 2018)
main_us_institutions_year : ((2001, 'university of kansas'), (2001, 'university of california los angeles'), (2002, 'university of kansas'), (2005, 'university of kansas'), (2008, 'university of kansas'), (2011, 'university of kansas'), (2012, 'university of kansas'), (2013, 'university of kansas'), (2014, 'university of kansas'), (2016, 'university of kansas'), (2017, 'university of kansas'), (2018, 'university of kansas'))
all_us_institutions_year : ((2001, 'university of california los angeles'), (2001, 'university of kansas'), (2002, 'university of kansas'), (2005, 'university of kansas'), (2008, 'university of kansas'), (2011, 'university of kansas'), (2012, 'university of kansas'), (2013, 'university of kansas'), (2014, 'university of kansas'), (2016, 'university of kansas'), (2017, 'university of kansas'), (2018, 'university of kansas'))

19/10 positive, 29/10 negative
Do these records refer to the same thing?
(y)es / (n)o / (u)nsure / (f)inished / (p)revious
firstname : ram
lastname : katiyar
middlename : s
year_range : (2001,)
main_us_institutions_year : ((2001, 'university of puerto rico'),)
all_us_institutions_year : ((2001, 'university of puerto rico'),)

firstname : r
lastname : katiyar
middlename : s
year_range : (1971, 2021)
main_us_institutions_year : ((1973, 'university of southern california'), (1974, 'university of southern california'))
all_us_institutions_year : ((1973, 'university of southern california'), (1974, 'university of southern california'), (2001, 'california lutheran university'))

19/10 positive, 30/10 negative
Do these records refer to the same thing?
(y)es / (n)o / (u)nsure / (f)inished / (p)revious
firstname : james
lastname : graham
middlename : None
year_range : (2009,)
main_us_institutions_year : ((2009, 'university of california berkeley'),)
all_us_institutions_year : ((2009, 'university of california berkeley'),)

firstname : jay
lastname : graham
middlename : p
year_range : (2001, 2021)
main_us_institutions_year : ((2001, 'university of texas at el paso'), (2004, 'university of texas at el paso'), (2005, 'johns hopkins university'), (2007, 'johns hopkins university'), (2008, 'johns hopkins university'), (2009, 'johns hopkins university'), (2010, 'american association for the advancement of science'), (2010, 'johns hopkins university'), (2013, 'george washington university'), (2014, 'george washington university'), (2015, 'george washington university'), (2016, 'george washington university'), (2017, 'george washington university'), (2020, 'university of california berkeley'), (2021, 'university of california berkeley'))
all_us_institutions_year : ((2001, 'university of texas at el paso'), (2004, 'university of texas at el paso'), (2005, 'johns hopkins university'), (2007, 'johns hopkins university'), (2008, 'johns hopkins university'), (2009, 'johns hopkins university'), (2010, 'american association for the advancement of science'), (2010, 'johns hopkins university'), (2011, 'american association for the advancement of science'), (2013, 'george washington university'), (2014, 'george washington university'), (2015, 'george washington university'), (2015, 'milken institute'), (2016, 'george washington university'), (2016, 'milken institute'), (2017, 'george washington university'), (2019, 'university of california berkeley'), (2020, 'university of california berkeley'), (2021, 'university of california berkeley'))

19/10 positive, 31/10 negative
Do these records refer to the same thing?
(y)es / (n)o / (u)nsure / (f)inished / (p)revious
firstname : peggy
lastname : o day
middlename : None
year_range : (2012,)
main_us_institutions_year : ((2012, 'university of california merced'),)
all_us_institutions_year : ((2012, 'university of california merced'),)

firstname : peggy
lastname : oday
middlename : a
year_range : (1986, 2021)
main_us_institutions_year : ((1986, 'cornell university'), (1990, 'stanford university'), (1994, 'stanford university'), (1995, 'arizona state university'), (1996, 'arizona state university'), (2000, 'arizona state university'), (2001, 'arizona state university'), (2002, 'arizona state university'), (2003, 'arizona state university'), (2004, 'arizona state university'), (2004, 'university of california merced'), (2005, 'university of california merced'), (2006, 'university of california merced'), (2007, 'university of california merced'), (2008, 'university of california merced'), (2009, 'university of california merced'), (2010, 'university of california merced'), (2011, 'university of california merced'), (2012, 'university of california merced'), (2013, 'university of california merced'), (2014, 'university of california merced'), (2015, 'university of california merced'), (2016, 'university of california merced'), (2017, 'university of california merced'), (2018, 'university of california merced'), (2019, 'university of california merced'), (2020, 'university of california merced'), (2021, 'university of california merced'))
all_us_institutions_year : ((1986, 'cornell university'), (1990, 'stanford university'), (1994, 'stanford university'), (1995, 'arizona state university'), (1996, 'arizona state university'), (2000, 'arizona state university'), (2001, 'arizona state university'), (2002, 'arizona state university'), (2003, 'arizona state university'), (2004, 'arizona state university'), (2004, 'university of california merced'), (2005, 'university of california merced'), (2006, 'university of california merced'), (2007, 'university of california merced'), (2008, 'university of california merced'), (2009, 'university of california merced'), (2010, 'university of california merced'), (2011, 'university of california merced'), (2012, 'university of california merced'), (2013, 'university of california merced'), (2014, 'university of california merced'), (2015, 'university of california merced'), (2016, 'university of california merced'), (2017, 'university of california merced'), (2018, 'university of california merced'), (2019, 'university of california merced'), (2020, 'university of california merced'), (2021, 'university of california merced'))

19/10 positive, 32/10 negative
Do these records refer to the same thing?
(y)es / (n)o / (u)nsure / (f)inished / (p)revious
firstname : paul
lastname : brown
middlename : None
year_range : (2017,)
main_us_institutions_year : ((2017, 'elektrofi inc'),)
all_us_institutions_year : ((2017, 'elektrofi inc'),)

firstname : paul
lastname : brown
middlename : None
year_range : (1987, 2021)
main_us_institutions_year : ((2018, 'university of california merced'),)
all_us_institutions_year : ((2018, 'university of california merced'),)

20/10 positive, 32/10 negative
Do these records refer to the same thing?
(y)es / (n)o / (u)nsure / (f)inished / (p)revious
Finished labeling
Done in 4336.677723622322 minutes.
