/home/christoph/anaconda3/envs/science-career-tempenv/lib/python3.9/site-packages/numpy/core/getlimits.py:500: UserWarning: The value of the smallest subnormal for <class 'numpy.float64'> type is zero.
  setattr(self, word, getattr(machar, word).flat[0])
/home/christoph/anaconda3/envs/science-career-tempenv/lib/python3.9/site-packages/numpy/core/getlimits.py:89: UserWarning: The value of the smallest subnormal for <class 'numpy.float64'> type is zero.
  return self._float_to_str(self.smallest_subnormal)
/home/christoph/anaconda3/envs/science-career-tempenv/lib/python3.9/site-packages/numpy/core/getlimits.py:500: UserWarning: The value of the smallest subnormal for <class 'numpy.float32'> type is zero.
  setattr(self, word, getattr(machar, word).flat[0])
/home/christoph/anaconda3/envs/science-career-tempenv/lib/python3.9/site-packages/numpy/core/getlimits.py:89: UserWarning: The value of the smallest subnormal for <class 'numpy.float32'> type is zero.
  return self._float_to_str(self.smallest_subnormal)
Namespace(testing=False, verbose=1, field=['geology'], train_name='christoph_degree0', startyear=1985, endyear=2022, mergemode='1:1', recall=0.9, institution='True', fieldofstudy_cat='False', fieldofstudy_str='False', keywords='False', retrain='True', linking_type='advisors', samplesize=100000)
Have max 6 cores available
Testing is False 

finished setup ... 
Time elapsed: 0.0008659164110819498 minutes 


        SELECT relationship_id
                , year
                , year AS year_range
                , firstname 
                , lastname
                , CASE TRIM(SUBSTR(middle_lastname, 1, l_fullname-l_firstname-l_lastname - 1)) 
                    WHEN 
                        "" THEN NULL 
                        ELSE TRIM(SUBSTR(middle_lastname, 1, l_fullname-l_firstname-l_lastname - 1)) 
                    END AS middlename
                , fieldofstudy
                , keywords
                , institution
                , year || "//" || institution as main_us_institutions_year
                , year || "//" || institution as all_us_institutions_year
        FROM (
            SELECT goid
                , relationship_id
                , degree_year AS year 
                , a.fullname 
                , SUBSTR(TRIM(a.fullname),1,instr(trim(a.fullname)||' ',' ')-1) AS firstname
                , REPLACE(a.fullname, RTRIM(a.fullname, REPLACE(a.fullname, " ", "")), "") AS lastname 
                , TRIM(SUBSTR(a.fullname, length(SUBSTR(TRIM(a.fullname),1,instr(trim(a.fullname)||' ',' ')-1)) + 1)) AS middle_lastname 
                , length(a.fullname) AS l_fullname 
                , length(SUBSTR(TRIM(a.fullname),1,instr(trim(a.fullname)||' ',' ')-1) ) AS l_firstname
                , length(REPLACE(a.fullname, RTRIM(a.fullname, REPLACE(a.fullname, " ", "")), "")) AS l_lastname
                , fieldname AS fieldofstudy
                , university_id
            FROM pq_authors 
            INNER JOIN (
                SELECT goid, fieldname 
                FROM pq_fields_mag
                WHERE mag_field0 IN (?)
            ) USING (goid)
            INNER JOIN ( --# NOTE: this only keeps the theses where at least one advisor is present
                SELECT *, firstname || ' ' || lastname AS fullname
                FROM pq_advisors
            ) AS a USING(goid)
        )
        -- ## NOTE: use left join here as not all graduates have advisor (particularly pre-1980) and possibly also keywords
        LEFT JOIN (
            SELECT goid
                , fields as keywords
            FROM pq_info_linking
        ) USING(goid) 
        INNER JOIN (
            SELECT university_id, normalizedname as institution
            FROM pq_unis --## mark: previously we linked advisors anywhere in the world (as career outcomes). for now, focus on US
            WHERE location like "%United States%"
        ) USING(university_id)
        WHERE year >= 1985 and year <= 2022 AND length(firstname) > 1
         


    SELECT f.AuthorId
        , f.year
        , f.YearLastPub
        , f.firstname
        , f.lastname
        , CASE TRIM(SUBSTR(f.middle_lastname, 1, f.l_fullname - f.l_firstname - f.l_lastname - 1)) 
            WHEN 
                "" THEN NULL 
                ELSE TRIM(SUBSTR(f.middle_lastname, 1, f.l_fullname - f.l_firstname - f.l_lastname - 1)) 
            END as middlename 
            -- ## NOTE this gives "" for middlename when it is missing 
        , f.fieldofstudy
        , g.keywords
        , g.coauthors
        , g.institution
        , g.main_us_institutions_year
         
        , f.year || ";" || f.YearLastPub AS year_range 
        , g.all_us_institutions_year
    
    FROM (
        SELECT a.AuthorId
            , a.YearFirstPub AS year
            , a.YearLastPub 
            , a.FirstName AS firstname
            , REPLACE(b.NormalizedName, RTRIM(b.NormalizedName, REPLACE(b.NormalizedName, " ", "")), "") AS lastname 
                    -- https://stackoverflow.com/questions/21388820/how-to-get-the-last-index-of-a-substring-in-sqlite
            , TRIM(SUBSTR(b.NormalizedName, length(a.FirstName) + 1)) AS middle_lastname 
                    -- this gives all except the first name 
            , length(b.NormalizedName) as l_fullname 
            , length(a.FirstName) as l_firstname
            , length(REPLACE(b.NormalizedName, RTRIM(b.NormalizedName, REPLACE(b.NormalizedName, " ", "")), "")) as l_lastname
            , e.NormalizedName AS fieldofstudy
        FROM author_sample AS a
        INNER JOIN (
            SELECT AuthorId, NormalizedName
            FROM Authors
        ) AS b USING(AuthorId)
        INNER JOIN (
            SELECT AuthorId
            FROM author_field0
            WHERE FieldOfStudyId_lvl0 IN (?)
                AND Degree <= 0
        ) USING(AuthorId)
        LEFT JOIN (
            SELECT AuthorId, NormalizedName
            FROM author_fields c
            INNER JOIN (
                SELECT FieldOfStudyId, NormalizedName
                FROM FieldsOfStudy
            ) AS d USING(FieldOfStudyId)
            -- ## Condition on fieldofstudy being in the level 0 id_field
            INNER JOIN (
                SELECT ParentFieldOfStudyId, ChildFieldOfStudyId
                FROM crosswalk_fields
                WHERE ParentLevel = 0
                    AND ParentFieldOfStudyId IN (?)
            ) AS e ON (e.ChildFieldOfStudyId = c.FieldOfStudyId)
            WHERE FieldClass = 'first'
        ) AS e USING(AuthorId)
    ) f
    LEFT JOIN (
        SELECT AuthorId
                , main_us_institutions_career as institution
                , coauthors
                , keywords
                , main_us_institutions_year
                , all_us_institutions_year
        FROM author_info_linking
    ) AS g USING(AuthorId)
    
    WHERE length(firstname) > 1 AND f.YearLastPub >= 1985 - 5 AND year <= 2022 + 5 AND institution is not NULL
     

Time elapsed: 237.85398767789204 minutes 

Starting active labeling...
firstname : charles
lastname : raymond
middlename : f
year_range : (1993,)
main_us_institutions_year : ((1993, 'university of washington'),)
all_us_institutions_year : ((1993, 'university of washington'),)

firstname : robert
lastname : wissmar
middlename : c
year_range : (1977, 2014)
main_us_institutions_year : ((1978, 'university of washington'), (1980, 'university of washington'), (1982, 'university of washington'), (1984, 'university of washington'), (1990, 'university of washington'), (1993, 'university of washington'), (1997, 'university of washington'), (1998, 'university of washington'), (2004, 'university of washington'), (2011, 'university of washington'), (2013, 'university of washington'))
all_us_institutions_year : ((1978, 'university of washington'), (1980, 'university of washington'), (1982, 'university of washington'), (1984, 'university of washington'), (1990, 'university of washington'), (1993, 'university of washington'), (1997, 'university of washington'), (1998, 'university of washington'), (2004, 'university of washington'), (2005, 'university of washington'), (2011, 'university of washington'), (2013, 'university of washington'))

0/10 positive, 0/10 negative
Do these records refer to the same thing?
(y)es / (n)o / (u)nsure / (f)inished
firstname : herbert
lastname : wang
middlename : f
year_range : (1989,)
main_us_institutions_year : ((1989, 'university of wisconsin madison'),)
all_us_institutions_year : ((1989, 'university of wisconsin madison'),)

firstname : thomas
lastname : tharp
middlename : m
year_range : (1974, 2020)
main_us_institutions_year : ((1974, 'university of wisconsin madison'), (1980, 'wright state university'), (1982, 'wright state university'), (1983, 'purdue university'), (1984, 'purdue university'), (1985, 'purdue university'), (1987, 'purdue university'), (1989, 'purdue university'), (1994, 'purdue university'), (1997, 'purdue university'), (1999, 'purdue university'))
all_us_institutions_year : ((1974, 'university of wisconsin madison'), (1980, 'wright state university'), (1981, 'wright state university'), (1982, 'wright state university'), (1983, 'purdue university'), (1984, 'purdue university'), (1985, 'purdue university'), (1987, 'purdue university'), (1989, 'purdue university'), (1994, 'purdue university'), (1995, 'purdue university'), (1996, 'purdue university'), (1997, 'purdue university'), (1999, 'purdue university'), (2000, 'purdue university'))

0/10 positive, 1/10 negative
Do these records refer to the same thing?
(y)es / (n)o / (u)nsure / (f)inished / (p)revious
firstname : shuhei
lastname : ono
middlename : None
year_range : (2020,)
main_us_institutions_year : ((2020, 'massachusetts institute of technology'),)
all_us_institutions_year : ((2020, 'massachusetts institute of technology'),)

firstname : shuhei
lastname : ono
middlename : None
year_range : (2001, 2021)
main_us_institutions_year : ((2001, 'pennsylvania state university'), (2003, 'carnegie institution for science'), (2005, 'carnegie institution for science'), (2006, 'carnegie institution for science'), (2007, 'carnegie institution for science'), (2008, 'massachusetts institute of technology'), (2008, 'carnegie institution for science'), (2009, 'massachusetts institute of technology'), (2010, 'massachusetts institute of technology'), (2011, 'massachusetts institute of technology'), (2012, 'massachusetts institute of technology'), (2013, 'massachusetts institute of technology'), (2014, 'massachusetts institute of technology'), (2015, 'massachusetts institute of technology'), (2016, 'massachusetts institute of technology'), (2017, 'massachusetts institute of technology'), (2018, 'massachusetts institute of technology'), (2019, 'massachusetts institute of technology'), (2020, 'massachusetts institute of technology'), (2021, 'massachusetts institute of technology'))
all_us_institutions_year : ((2001, 'pennsylvania state university'), (2003, 'carnegie institution for science'), (2005, 'carnegie institution for science'), (2006, 'carnegie institution for science'), (2007, 'carnegie institution for science'), (2008, 'carnegie institution for science'), (2008, 'massachusetts institute of technology'), (2009, 'massachusetts institute of technology'), (2010, 'massachusetts institute of technology'), (2011, 'massachusetts institute of technology'), (2012, 'massachusetts institute of technology'), (2013, 'massachusetts institute of technology'), (2014, 'massachusetts institute of technology'), (2015, 'massachusetts institute of technology'), (2016, 'massachusetts institute of technology'), (2017, 'massachusetts institute of technology'), (2018, 'massachusetts institute of technology'), (2019, 'massachusetts institute of technology'), (2020, 'massachusetts institute of technology'), (2021, 'massachusetts institute of technology'))

0/10 positive, 2/10 negative
Do these records refer to the same thing?
(y)es / (n)o / (u)nsure / (f)inished / (p)revious
firstname : eugene
lastname : herrin
middlename : t
year_range : (2004,)
main_us_institutions_year : ((2004, 'southern methodist university'),)
all_us_institutions_year : ((2004, 'southern methodist university'),)

firstname : eugene
lastname : herrin
middlename : None
year_range : (1960, 2010)
main_us_institutions_year : ((1962, 'southern methodist university'), (1963, 'southern methodist university'), (1968, 'southern methodist university'), (1971, 'southern methodist university'), (1972, 'southern methodist university'), (1974, 'southern methodist university'), (1975, 'southern methodist university'), (1977, 'southern methodist university'), (1979, 'southern methodist university'), (1980, 'southern methodist university'), (1981, 'southern methodist university'), (1982, 'southern methodist university'), (1984, 'southern methodist university'), (1986, 'southern methodist university'), (1994, 'southern methodist university'), (1996, 'southern methodist university'), (1997, 'southern methodist university'), (1998, 'southern methodist university'), (1999, 'southern methodist university'), (2001, 'southern methodist university'), (2002, 'southern methodist university'), (2003, 'southern methodist university'), (2004, 'southern methodist university'), (2005, 'southern methodist university'), (2006, 'southern methodist university'), (2009, 'southern methodist university'), (2010, 'southern methodist university'))
all_us_institutions_year : ((1962, 'southern methodist university'), (1963, 'southern methodist university'), (1968, 'southern methodist university'), (1971, 'southern methodist university'), (1972, 'southern methodist university'), (1974, 'southern methodist university'), (1975, 'southern methodist university'), (1977, 'southern methodist university'), (1979, 'southern methodist university'), (1980, 'southern methodist university'), (1981, 'southern methodist university'), (1982, 'southern methodist university'), (1984, 'southern methodist university'), (1986, 'southern methodist university'), (1994, 'southern methodist university'), (1996, 'southern methodist university'), (1997, 'southern methodist university'), (1998, 'southern methodist university'), (1999, 'southern methodist university'), (2001, 'southern methodist university'), (2002, 'southern methodist university'), (2003, 'southern methodist university'), (2004, 'southern methodist university'), (2005, 'southern methodist university'), (2006, 'southern methodist university'), (2007, 'southern methodist university'), (2008, 'southern methodist university'), (2009, 'southern methodist university'), (2010, 'southern methodist university'), (2013, 'southern methodist university'))

1/10 positive, 2/10 negative
Do these records refer to the same thing?
(y)es / (n)o / (u)nsure / (f)inished / (p)revious
firstname : hsin
lastname : ling
middlename : yi
year_range : (1999,)
main_us_institutions_year : ((1999, 'northern illinois university'),)
all_us_institutions_year : ((1999, 'northern illinois university'),)

firstname : hsin
lastname : lin
middlename : None
year_range : (1996, 2021)
main_us_institutions_year : ((2005, 'northeastern university'), (2006, 'northeastern university'), (2007, 'northeastern university'), (2008, 'northeastern university'), (2009, 'northeastern university'), (2010, 'northeastern university'), (2011, 'northeastern university'), (2012, 'northeastern university'), (2013, 'northeastern university'))
all_us_institutions_year : ((2005, 'northeastern university'), (2006, 'northeastern university'), (2007, 'northeastern university'), (2008, 'northeastern university'), (2009, 'northeastern university'), (2010, 'northeastern university'), (2011, 'northeastern university'), (2012, 'northeastern university'), (2013, 'northeastern university'), (2014, 'northeastern university'), (2014, 'university of california los angeles'), (2015, 'northeastern university'), (2017, 'princeton university'))

2/10 positive, 2/10 negative
Do these records refer to the same thing?
(y)es / (n)o / (u)nsure / (f)inished / (p)revious
firstname : judith
lastname : parrishjones
middlename : totman
year_range : (1999,)
main_us_institutions_year : ((1999, 'university of arizona'),)
all_us_institutions_year : ((1999, 'university of arizona'),)

firstname : judith
lastname : parrish
middlename : totman
year_range : (1979, 2020)
main_us_institutions_year : ((1982, 'university of chicago'), (1985, 'united states geological survey'), (1986, 'united states geological survey'), (1988, 'united states geological survey'), (1990, 'university of arizona'), (1991, 'university of arizona'), (1992, 'university of arizona'), (1993, 'university of arizona'), (1994, 'university of arizona'), (1998, 'university of arizona'), (2001, 'university of arizona'), (2003, 'university of idaho'), (2004, 'university of idaho'), (2004, 'university of arizona'), (2005, 'university of idaho'), (2007, 'university of arizona'), (2008, 'university of idaho'), (2010, 'university of idaho'), (2013, 'university of idaho'), (2016, 'university of idaho'), (2017, 'university of idaho'), (2018, 'university of idaho'), (2019, 'university of idaho'), (2020, 'university of idaho'))
all_us_institutions_year : ((1982, 'university of chicago'), (1985, 'united states geological survey'), (1986, 'united states geological survey'), (1988, 'united states geological survey'), (1990, 'university of arizona'), (1991, 'university of arizona'), (1992, 'university of arizona'), (1993, 'university of arizona'), (1994, 'university of arizona'), (1995, 'university of arizona'), (1998, 'university of arizona'), (2001, 'university of arizona'), (2003, 'university of idaho'), (2004, 'university of arizona'), (2004, 'university of idaho'), (2005, 'university of idaho'), (2007, 'university of arizona'), (2008, 'university of idaho'), (2010, 'university of idaho'), (2013, 'university of idaho'), (2016, 'university of idaho'), (2017, 'university of idaho'), (2018, 'university of idaho'), (2019, 'university of idaho'), (2020, 'university of idaho'))

2/10 positive, 2/10 negative
Do these records refer to the same thing?
(y)es / (n)o / (u)nsure / (f)inished / (p)revious
firstname : francisca
lastname : obohikuenobe
middlename : e
year_range : (2013,)
main_us_institutions_year : ((2013, 'missouri university of science and technology'),)
all_us_institutions_year : ((2013, 'missouri university of science and technology'),)

firstname : francisca
lastname : oboh
middlename : e
year_range : (1992, 1996)
main_us_institutions_year : ((1992, 'missouri university of science and technology'), (1994, 'missouri university of science and technology'), (1996, 'missouri university of science and technology'))
all_us_institutions_year : ((1992, 'missouri university of science and technology'), (1994, 'missouri university of science and technology'), (1996, 'missouri university of science and technology'))

3/10 positive, 2/10 negative
Do these records refer to the same thing?
(y)es / (n)o / (u)nsure / (f)inished / (p)revious
firstname : paul
lastname : witherspoon
middlename : a
year_range : (1995,)
main_us_institutions_year : ((1995, 'university of california berkeley'),)
all_us_institutions_year : ((1995, 'university of california berkeley'),)

firstname : paul
lastname : withers
middlename : None
year_range : (2001, 2021)
main_us_institutions_year : ((2001, 'university of arizona'), (2002, 'university of arizona'), (2003, 'university of arizona'), (2005, 'boston university'), (2006, 'boston university'), (2007, 'boston university'), (2008, 'boston university'), (2009, 'boston university'), (2010, 'boston university'), (2011, 'boston university'), (2012, 'boston university'), (2013, 'boston university'), (2014, 'boston university'), (2015, 'boston university'), (2016, 'boston university'), (2017, 'boston university'), (2018, 'boston university'), (2019, 'boston university'), (2020, 'boston university'), (2021, 'boston university'))
all_us_institutions_year : ((1993, 'university of arizona'), (1999, 'university of arizona'), (2000, 'university of arizona'), (2001, 'university of arizona'), (2002, 'university of arizona'), (2003, 'university of arizona'), (2004, 'boston university'), (2005, 'boston university'), (2006, 'boston university'), (2007, 'boston university'), (2008, 'boston university'), (2009, 'boston university'), (2010, 'boston university'), (2011, 'boston university'), (2012, 'boston university'), (2013, 'boston university'), (2014, 'boston university'), (2015, 'boston university'), (2016, 'boston university'), (2017, 'boston university'), (2018, 'boston university'), (2019, 'boston university'), (2020, 'boston university'), (2021, 'boston university'))

3/10 positive, 2/10 negative
Do these records refer to the same thing?
(y)es / (n)o / (u)nsure / (f)inished / (p)revious
firstname : michael
lastname : engel
middlename : h
year_range : (1987,)
main_us_institutions_year : ((1987, 'university of oklahoma'),)
all_us_institutions_year : ((1987, 'university of oklahoma'),)

firstname : michael
lastname : engelbert
middlename : None
year_range : (1998, 2020)
main_us_institutions_year : ((2005, 'columbia university'), (2006, 'columbia university'), (2007, 'columbia university'), (2008, 'columbia university'), (2009, 'manhattan eye ear and throat hospital'), (2010, 'columbia university'), (2011, 'new york university'), (2011, 'manhattan eye ear and throat hospital'), (2012, 'new york university'), (2013, 'new york university'), (2014, 'new york university'), (2014, 'manhattan eye ear and throat hospital'), (2015, 'new york university'), (2015, 'manhattan eye ear and throat hospital'), (2016, 'manhattan eye ear and throat hospital'), (2017, 'new york university'), (2018, 'new york university'), (2019, 'manhattan eye ear and throat hospital'), (2020, 'new york university'))
all_us_institutions_year : ((2005, 'columbia university'), (2006, 'columbia university'), (2007, 'columbia university'), (2008, 'columbia university'), (2009, 'columbia university'), (2009, 'manhattan eye ear and throat hospital'), (2010, 'columbia university'), (2010, 'manhattan eye ear and throat hospital'), (2011, 'manhattan eye ear and throat hospital'), (2011, 'new york university'), (2012, 'new york university'), (2013, 'new york university'), (2014, 'manhattan eye ear and throat hospital'), (2014, 'new york eye and ear infirmary'), (2014, 'new york university'), (2015, 'manhattan eye ear and throat hospital'), (2015, 'new york university'), (2016, 'manhattan eye ear and throat hospital'), (2016, 'new york university'), (2017, 'manhattan eye ear and throat hospital'), (2017, 'new york university'), (2018, 'new york university'), (2019, 'manhattan eye ear and throat hospital'), (2019, 'new york university'), (2020, 'manhattan eye ear and throat hospital'), (2020, 'new york university'))

3/10 positive, 3/10 negative
Do these records refer to the same thing?
(y)es / (n)o / (u)nsure / (f)inished / (p)revious
firstname : david
lastname : strauss
middlename : None
year_range : (1991,)
main_us_institutions_year : ((1991, 'university of california riverside'),)
all_us_institutions_year : ((1991, 'university of california riverside'),)

firstname : david
lastname : straus
middlename : m
year_range : (1975, 2021)
main_us_institutions_year : ((1977, 'cornell university'), (1980, 'goddard space flight center'), (1981, 'goddard space flight center'), (1983, 'goddard space flight center'), (1984, 'goddard space flight center'), (1988, 'goddard space flight center'), (1989, 'university of maryland college park'), (1993, 'university of maryland college park'), (1994, 'university of maryland college park'), (2003, 'george mason university'), (2004, 'george mason university'), (2007, 'george mason university'), (2008, 'george mason university'), (2009, 'george mason university'), (2010, 'george mason university'), (2011, 'george mason university'), (2012, 'george mason university'), (2013, 'george mason university'), (2014, 'george mason university'), (2015, 'george mason university'), (2017, 'george mason university'), (2018, 'george mason university'), (2019, 'george mason university'), (2021, 'george mason university'))
all_us_institutions_year : ((1977, 'cornell university'), (1980, 'goddard space flight center'), (1981, 'goddard space flight center'), (1983, 'goddard space flight center'), (1984, 'goddard space flight center'), (1988, 'goddard space flight center'), (1989, 'university of maryland college park'), (1993, 'university of maryland college park'), (1994, 'university of maryland college park'), (2003, 'george mason university'), (2004, 'george mason university'), (2005, 'george mason university'), (2007, 'george mason university'), (2008, 'george mason university'), (2009, 'george mason university'), (2010, 'george mason university'), (2011, 'george mason university'), (2012, 'george mason university'), (2013, 'george mason university'), (2014, 'george mason university'), (2015, 'george mason university'), (2017, 'george mason university'), (2018, 'george mason university'), (2019, 'george mason university'), (2021, 'george mason university'))

3/10 positive, 4/10 negative
Do these records refer to the same thing?
(y)es / (n)o / (u)nsure / (f)inished / (p)revious
firstname : john
lastname : lewis
middlename : s
year_range : (1989,)
main_us_institutions_year : ((1989, 'university of arizona'),)
all_us_institutions_year : ((1989, 'university of arizona'),)

firstname : john
lastname : lewis
middlename : m
year_range : (1971, 1983)
main_us_institutions_year : ((1983, 'university of wisconsin madison'),)
all_us_institutions_year : ((1983, 'university of wisconsin madison'),)

3/10 positive, 5/10 negative
Do these records refer to the same thing?
(y)es / (n)o / (u)nsure / (f)inished / (p)revious
firstname : chunmiao
lastname : zheng
middlename : None
year_range : (2004,)
main_us_institutions_year : ((2004, 'university of alabama'),)
all_us_institutions_year : ((2004, 'university of alabama'),)

firstname : hao
lastname : zheng
middlename : None
year_range : (2012, 2021)
main_us_institutions_year : None
all_us_institutions_year : ((2013, 'university of massachusetts amherst'), (2016, 'university of massachusetts amherst'))

3/10 positive, 6/10 negative
Do these records refer to the same thing?
(y)es / (n)o / (u)nsure / (f)inished / (p)revious
firstname : bin
lastname : chen
middlename : None
year_range : (2019,)
main_us_institutions_year : ((2019, 'university of hawaii at manoa'),)
all_us_institutions_year : ((2019, 'university of hawaii at manoa'),)

firstname : hao
lastname : chen
middlename : None
year_range : (2013, 2021)
main_us_institutions_year : None
all_us_institutions_year : ((2015, 'vision sciences inc'), (2017, 'vision sciences inc'))

3/10 positive, 7/10 negative
Do these records refer to the same thing?
(y)es / (n)o / (u)nsure / (f)inished / (p)revious
firstname : david
lastname : golden
middlename : None
year_range : (2013,)
main_us_institutions_year : ((2013, 'stanford university'),)
all_us_institutions_year : ((2013, 'stanford university'),)

firstname : daniel
lastname : golden
middlename : None
year_range : (2009, 2019)
main_us_institutions_year : ((2009, 'stanford university'), (2010, 'stanford university'), (2011, 'stanford university'), (2012, 'stanford university'), (2013, 'stanford university'), (2019, 'stanford university'))
all_us_institutions_year : ((2009, 'stanford university'), (2010, 'stanford university'), (2011, 'stanford university'), (2012, 'stanford university'), (2013, 'stanford university'), (2019, 'stanford university'))

3/10 positive, 8/10 negative
Do these records refer to the same thing?
(y)es / (n)o / (u)nsure / (f)inished / (p)revious
firstname : kelsey
lastname : jencso
middlename : None
year_range : (2013,)
main_us_institutions_year : ((2013, 'university of montana'),)
all_us_institutions_year : ((2013, 'university of montana'),)

firstname : kelsey
lastname : jensco
middlename : None
year_range : (2019, 2020)
main_us_institutions_year : ((2019, 'university of montana'), (2020, 'university of montana'))
all_us_institutions_year : ((2019, 'university of montana'), (2020, 'university of montana'))

3/10 positive, 9/10 negative
Do these records refer to the same thing?
(y)es / (n)o / (u)nsure / (f)inished / (p)revious
firstname : wayne
lastname : pennington
middlename : d
year_range : (2013,)
main_us_institutions_year : ((2013, 'michigan technological university'),)
all_us_institutions_year : ((2013, 'michigan technological university'),)

firstname : wayne
lastname : pennington
middlename : d
year_range : (1975, 1989)
main_us_institutions_year : ((1983, 'university of texas at austin'), (1984, 'university of texas at austin'), (1985, 'university of texas at austin'), (1986, 'university of texas at austin'), (1988, 'university of texas at austin'), (1989, 'university of texas at austin'))
all_us_institutions_year : ((1983, 'university of texas at austin'), (1984, 'university of texas at austin'), (1985, 'university of texas at austin'), (1986, 'university of texas at austin'), (1988, 'university of texas at austin'), (1989, 'university of texas at austin'))

4/10 positive, 9/10 negative
Do these records refer to the same thing?
(y)es / (n)o / (u)nsure / (f)inished / (p)revious
firstname : peter
lastname : hudleston
middlename : j
year_range : (2000,)
main_us_institutions_year : ((2000, 'university of minnesota'),)
all_us_institutions_year : ((2000, 'university of minnesota'),)

firstname : peter
lastname : makovicky
middlename : j
year_range : (1997, 2020)
main_us_institutions_year : ((1997, 'american museum of natural history'), (1998, 'american museum of natural history'), (2000, 'american museum of natural history'), (2001, 'american museum of natural history'), (2003, 'american museum of natural history'), (2006, 'american museum of natural history'), (2007, 'field museum of natural history'), (2008, 'field museum of natural history'), (2009, 'field museum of natural history'), (2010, 'field museum of natural history'), (2011, 'field museum of natural history'), (2012, 'field museum of natural history'), (2013, 'field museum of natural history'), (2014, 'field museum of natural history'), (2016, 'field museum of natural history'), (2017, 'field museum of natural history'), (2018, 'field museum of natural history'), (2019, 'field museum of natural history'), (2020, 'university of minnesota'))
all_us_institutions_year : ((1997, 'american museum of natural history'), (1998, 'american museum of natural history'), (2000, 'american museum of natural history'), (2001, 'american museum of natural history'), (2003, 'american museum of natural history'), (2006, 'american museum of natural history'), (2007, 'field museum of natural history'), (2008, 'field museum of natural history'), (2009, 'american museum of natural history'), (2009, 'field museum of natural history'), (2010, 'field museum of natural history'), (2011, 'field museum of natural history'), (2012, 'field museum of natural history'), (2013, 'field museum of natural history'), (2014, 'field museum of natural history'), (2016, 'field museum of natural history'), (2017, 'field museum of natural history'), (2018, 'field museum of natural history'), (2019, 'field museum of natural history'), (2020, 'field museum of natural history'), (2020, 'university of minnesota'))

4/10 positive, 10/10 negative
Do these records refer to the same thing?
(y)es / (n)o / (u)nsure / (f)inished / (p)revious
firstname : jessica
lastname : larsen
middlename : None
year_range : (2013,)
main_us_institutions_year : ((2013, 'university of alaska fairbanks'),)
all_us_institutions_year : ((2013, 'university of alaska fairbanks'),)

firstname : jessica
lastname : cherry
middlename : e
year_range : (2010, 2020)
main_us_institutions_year : ((2010, 'university of alaska fairbanks'), (2011, 'university of alaska fairbanks'), (2012, 'university of alaska fairbanks'), (2013, 'university of alaska fairbanks'), (2014, 'university of alaska fairbanks'), (2015, 'university of alaska fairbanks'), (2016, 'university of alaska fairbanks'), (2017, 'university of alaska fairbanks'), (2019, 'university of alaska fairbanks'), (2020, 'university of alaska fairbanks'))
all_us_institutions_year : ((2010, 'university of alaska fairbanks'), (2011, 'university of alaska fairbanks'), (2012, 'university of alaska fairbanks'), (2013, 'university of alaska fairbanks'), (2014, 'university of alaska fairbanks'), (2015, 'university of alaska fairbanks'), (2016, 'university of alaska fairbanks'), (2017, 'university of alaska fairbanks'), (2019, 'university of alaska fairbanks'), (2020, 'university of alaska fairbanks'))

4/10 positive, 11/10 negative
Do these records refer to the same thing?
(y)es / (n)o / (u)nsure / (f)inished / (p)revious
firstname : peter
lastname : robinson
middlename : None
year_range : (1988,)
main_us_institutions_year : ((1988, 'university of colorado at boulder'),)
all_us_institutions_year : ((1988, 'university of colorado at boulder'),)

firstname : peter
lastname : robinson
middlename : j
year_range : (1978, 2011)
main_us_institutions_year : ((1978, 'university of north carolina at chapel hill'), (1981, 'university of north carolina at chapel hill'), (1985, 'university of north carolina at chapel hill'), (1988, 'university of north carolina at chapel hill'), (1989, 'university of north carolina at chapel hill'), (1991, 'university of north carolina at chapel hill'), (1992, 'university of north carolina at chapel hill'), (1994, 'university of north carolina at chapel hill'), (1997, 'university of north carolina at chapel hill'), (1998, 'university of north carolina at chapel hill'), (2000, 'university of north carolina at chapel hill'), (2001, 'university of north carolina at chapel hill'), (2005, 'university of north carolina at chapel hill'), (2006, 'university of north carolina at chapel hill'), (2009, 'university of north carolina at chapel hill'), (2009, 'agricultural research service'), (2011, 'university of north carolina at chapel hill'))
all_us_institutions_year : ((1978, 'university of north carolina at chapel hill'), (1981, 'university of north carolina at chapel hill'), (1985, 'university of north carolina at chapel hill'), (1988, 'university of north carolina at chapel hill'), (1989, 'university of north carolina at chapel hill'), (1991, 'university of north carolina at chapel hill'), (1992, 'university of north carolina at chapel hill'), (1994, 'university of north carolina at chapel hill'), (1997, 'university of north carolina at chapel hill'), (1998, 'university of north carolina at chapel hill'), (2000, 'university of north carolina at chapel hill'), (2001, 'university of north carolina at chapel hill'), (2003, 'university of north carolina at chapel hill'), (2005, 'university of north carolina at chapel hill'), (2006, 'university of north carolina at chapel hill'), (2007, 'university of north carolina at chapel hill'), (2009, 'agricultural research service'), (2009, 'university of north carolina at chapel hill'), (2011, 'university of north carolina at chapel hill'))

4/10 positive, 12/10 negative
Do these records refer to the same thing?
(y)es / (n)o / (u)nsure / (f)inished / (p)revious
firstname : alexander
lastname : malahoff
middlename : None
year_range : (1989,)
main_us_institutions_year : ((1989, 'university of hawaii at manoa'),)
all_us_institutions_year : ((1989, 'university of hawaii at manoa'),)

firstname : alexander
lastname : malahoff
middlename : None
year_range : (1967, 1990)
main_us_institutions_year : ((1978, 'national oceanic and atmospheric administration'), (1979, 'national oceanic and atmospheric administration'), (1980, 'national oceanic and atmospheric administration'), (1982, 'national oceanic and atmospheric administration'), (1982, 'university of texas at austin'))
all_us_institutions_year : ((1978, 'national oceanic and atmospheric administration'), (1979, 'national oceanic and atmospheric administration'), (1980, 'national oceanic and atmospheric administration'), (1981, 'national oceanic and atmospheric administration'), (1982, 'national oceanic and atmospheric administration'), (1982, 'university of texas at austin'))

4/10 positive, 12/10 negative
Do these records refer to the same thing?
(y)es / (n)o / (u)nsure / (f)inished / (p)revious
firstname : douglas
lastname : smith
middlename : None
year_range : (1989,)
main_us_institutions_year : ((1989, 'university of texas at austin'),)
all_us_institutions_year : ((1989, 'university of texas at austin'),)

firstname : douglas
lastname : smith
middlename : r
year_range : (2001, 2021)
main_us_institutions_year : ((2004, 'agricultural research service'), (2005, 'united states department of agriculture'), (2006, 'agricultural research service'), (2007, 'agricultural research service'), (2008, 'agricultural research service'), (2009, 'agricultural research service'), (2010, 'purdue university'), (2010, 'agricultural research service'), (2011, 'agricultural research service'), (2012, 'agricultural research service'), (2013, 'purdue university'), (2014, 'agricultural research service'), (2015, 'agricultural research service'), (2016, 'agricultural research service'), (2017, 'agricultural research service'), (2018, 'agricultural research service'), (2019, 'agricultural research service'), (2020, 'agricultural research service'), (2021, 'agricultural research service'))
all_us_institutions_year : ((2004, 'agricultural research service'), (2005, 'agricultural research service'), (2005, 'united states department of agriculture'), (2006, 'agricultural research service'), (2007, 'agricultural research service'), (2007, 'purdue university'), (2007, 'united states department of agriculture'), (2008, 'agricultural research service'), (2009, 'agricultural research service'), (2009, 'purdue university'), (2009, 'united states department of agriculture'), (2010, 'agricultural research service'), (2010, 'purdue university'), (2011, 'agricultural research service'), (2012, 'agricultural research service'), (2013, 'purdue university'), (2014, 'agricultural research service'), (2015, 'agricultural research service'), (2015, 'temple university'), (2016, 'agricultural research service'), (2016, 'united states department of agriculture'), (2017, 'agricultural research service'), (2017, 'united states department of agriculture'), (2018, 'agricultural research service'), (2018, 'purdue university'), (2019, 'agricultural research service'), (2020, 'agricultural research service'), (2021, 'agricultural research service'))

4/10 positive, 12/10 negative
Do these records refer to the same thing?
(y)es / (n)o / (u)nsure / (f)inished / (p)revious
firstname : richard
lastname : murray
middlename : None
year_range : (2019,)
main_us_institutions_year : ((2019, 'boston university'),)
all_us_institutions_year : ((2019, 'boston university'),)

firstname : richard
lastname : murray
middlename : w
year_range : (1993, 1996)
main_us_institutions_year : ((1993, 'university of rhode island'),)
all_us_institutions_year : ((1993, 'university of rhode island'),)

4/10 positive, 13/10 negative
Do these records refer to the same thing?
(y)es / (n)o / (u)nsure / (f)inished / (p)revious
firstname : donald
lastname : helmberger
middlename : v
year_range : (2004,)
main_us_institutions_year : ((2004, 'california institute of technology'),)
all_us_institutions_year : ((2004, 'california institute of technology'),)

firstname : don
lastname : helmberger
middlename : v
year_range : (1985, 2019)
main_us_institutions_year : ((1998, 'california institute of technology'), (1999, 'california institute of technology'), (2003, 'california institute of technology'), (2005, 'california institute of technology'), (2006, 'california institute of technology'), (2007, 'california institute of technology'), (2008, 'california institute of technology'), (2009, 'california institute of technology'), (2010, 'california institute of technology'), (2011, 'california institute of technology'), (2012, 'california institute of technology'), (2013, 'california institute of technology'), (2014, 'california institute of technology'), (2016, 'california institute of technology'), (2017, 'california institute of technology'), (2019, 'california institute of technology'))
all_us_institutions_year : ((1985, 'california institute of technology'), (1998, 'california institute of technology'), (1999, 'california institute of technology'), (2003, 'california institute of technology'), (2005, 'california institute of technology'), (2006, 'california institute of technology'), (2007, 'california institute of technology'), (2008, 'california institute of technology'), (2009, 'california institute of technology'), (2010, 'california institute of technology'), (2011, 'california institute of technology'), (2012, 'california institute of technology'), (2013, 'california institute of technology'), (2014, 'california institute of technology'), (2016, 'california institute of technology'), (2017, 'california institute of technology'), (2019, 'california institute of technology'))

4/10 positive, 14/10 negative
Do these records refer to the same thing?
(y)es / (n)o / (u)nsure / (f)inished / (p)revious
firstname : joshua
lastname : roering
middlename : j
year_range : (2016,)
main_us_institutions_year : ((2016, 'university of oregon'),)
all_us_institutions_year : ((2016, 'university of oregon'),)

firstname : josh
lastname : roering
middlename : j
year_range : (2009, 2021)
main_us_institutions_year : ((2009, 'university of oregon'), (2012, 'university of oregon'), (2013, 'university of oregon'), (2015, 'university of oregon'), (2019, 'university of oregon'), (2020, 'university of oregon'), (2021, 'university of oregon'))
all_us_institutions_year : ((2008, 'university of oregon'), (2009, 'university of oregon'), (2010, 'university of oregon'), (2012, 'university of oregon'), (2013, 'university of oregon'), (2015, 'university of oregon'), (2019, 'university of oregon'), (2020, 'university of oregon'), (2021, 'university of oregon'))

5/10 positive, 14/10 negative
Do these records refer to the same thing?
(y)es / (n)o / (u)nsure / (f)inished / (p)revious
firstname : carol
lastname : simpson
middlename : None
year_range : (2004,)
main_us_institutions_year : ((2004, 'boston university'),)
all_us_institutions_year : ((2004, 'boston university'),)

firstname : carol
lastname : simpson
middlename : None
year_range : (1980, 1983)
main_us_institutions_year : ((1983, 'brown university'),)
all_us_institutions_year : ((1983, 'brown university'),)

6/10 positive, 14/10 negative
Do these records refer to the same thing?
(y)es / (n)o / (u)nsure / (f)inished / (p)revious
firstname : antonio
lastname : lasaga
middlename : c
year_range : (1996,)
main_us_institutions_year : ((1996, 'yale university'),)
all_us_institutions_year : ((1996, 'yale university'),)

firstname : antonio
lastname : lasaga
middlename : c
year_range : (1978, 1987)
main_us_institutions_year : ((1978, 'pennsylvania state university'), (1979, 'pennsylvania state university'), (1980, 'pennsylvania state university'), (1981, 'pennsylvania state university'), (1982, 'pennsylvania state university'), (1983, 'pennsylvania state university'), (1984, 'pennsylvania state university'), (1986, 'pennsylvania state university'), (1987, 'pennsylvania state university'))
all_us_institutions_year : ((1978, 'pennsylvania state university'), (1979, 'pennsylvania state university'), (1980, 'pennsylvania state university'), (1981, 'pennsylvania state university'), (1982, 'pennsylvania state university'), (1983, 'pennsylvania state university'), (1984, 'pennsylvania state university'), (1986, 'pennsylvania state university'), (1987, 'pennsylvania state university'), (2013, 'pennsylvania state university'))

6/10 positive, 15/10 negative
Do these records refer to the same thing?
(y)es / (n)o / (u)nsure / (f)inished / (p)revious
firstname : bruce
lastname : murray
middlename : None
year_range : (1994,)
main_us_institutions_year : ((1994, 'california institute of technology'),)
all_us_institutions_year : ((1994, 'california institute of technology'),)

firstname : bruce
lastname : murray
middlename : t
year_range : (1989, 2020)
main_us_institutions_year : ((1989, 'lehigh university'), (1990, 'national institute of standards and technology'), (1993, 'national institute of standards and technology'), (1994, 'national institute of standards and technology'), (1995, 'national institute of standards and technology'), (1996, 'national institute of standards and technology'), (1997, 'national institute of standards and technology'), (1998, 'national institute of standards and technology'), (2003, 'binghamton university'), (2006, 'binghamton university'), (2007, 'binghamton university'), (2007, 'university of texas at austin'), (2008, 'binghamton university'), (2009, 'binghamton university'), (2010, 'binghamton university'), (2011, 'binghamton university'), (2012, 'binghamton university'), (2013, 'binghamton university'), (2014, 'binghamton university'), (2015, 'binghamton university'), (2016, 'binghamton university'), (2017, 'binghamton university'), (2018, 'binghamton university'), (2019, 'binghamton university'), (2020, 'binghamton university'))
all_us_institutions_year : ((1989, 'lehigh university'), (1989, 'national institute of standards and technology'), (1990, 'national institute of standards and technology'), (1992, 'national institute of standards and technology'), (1992, 'united states department of commerce'), (1993, 'national institute of standards and technology'), (1993, 'united states department of commerce'), (1994, 'national institute of standards and technology'), (1995, 'national institute of standards and technology'), (1996, 'national institute of standards and technology'), (1997, 'national institute of standards and technology'), (1998, 'national institute of standards and technology'), (2003, 'binghamton university'), (2005, 'binghamton university'), (2006, 'binghamton university'), (2006, 'university of texas at austin'), (2007, 'binghamton university'), (2007, 'university of texas at austin'), (2008, 'binghamton university'), (2009, 'binghamton university'), (2010, 'binghamton university'), (2011, 'binghamton university'), (2012, 'binghamton university'), (2013, 'binghamton university'), (2014, 'binghamton university'), (2015, 'binghamton university'), (2016, 'binghamton university'), (2017, 'binghamton university'), (2017, 'national institute of standards and technology'), (2018, 'binghamton university'), (2019, 'binghamton university'), (2020, 'binghamton university'), (2021, 'binghamton university'))

6/10 positive, 16/10 negative
Do these records refer to the same thing?
(y)es / (n)o / (u)nsure / (f)inished / (p)revious
firstname : roy
lastname : borden
middlename : None
year_range : (1994,)
main_us_institutions_year : ((1994, 'north carolina state university'),)
all_us_institutions_year : ((1994, 'north carolina state university'),)

firstname : roy
lastname : borden
middlename : h
year_range : (1979, 1992)
main_us_institutions_year : ((1992, 'northwestern university'),)
all_us_institutions_year : ((1992, 'northwestern university'),)

6/10 positive, 16/10 negative
Do these records refer to the same thing?
(y)es / (n)o / (u)nsure / (f)inished / (p)revious
firstname : andrew
lastname : lacis
middlename : a
year_range : (1997,)
main_us_institutions_year : ((1997, 'columbia university'),)
all_us_institutions_year : ((1997, 'columbia university'),)

firstname : andrew
lastname : lacis
middlename : a
year_range : (1974, 2021)
main_us_institutions_year : ((1974, 'computer sciences corporation'), (1974, 'goddard institute for space studies'), (1976, 'goddard space flight center'), (1977, 'goddard institute for space studies'), (1979, 'goddard institute for space studies'), (1980, 'goddard institute for space studies'), (1981, 'goddard space flight center'), (1983, 'goddard space flight center'), (1985, 'goddard space flight center'), (1988, 'goddard space flight center'), (1989, 'goddard space flight center'), (1990, 'goddard space flight center'), (1990, 'goddard institute for space studies'), (1991, 'goddard institute for space studies'), (1992, 'goddard institute for space studies'), (1993, 'goddard institute for space studies'), (1994, 'goddard institute for space studies'), (1995, 'goddard institute for space studies'), (1996, 'goddard institute for space studies'), (1997, 'goddard institute for space studies'), (1998, 'goddard institute for space studies'), (1999, 'goddard institute for space studies'), (2000, 'goddard institute for space studies'), (2001, 'goddard institute for space studies'), (2002, 'goddard institute for space studies'), (2003, 'goddard institute for space studies'), (2004, 'goddard institute for space studies'), (2005, 'goddard institute for space studies'), (2006, 'goddard institute for space studies'), (2007, 'goddard institute for space studies'), (2009, 'goddard institute for space studies'), (2010, 'goddard institute for space studies'), (2011, 'goddard institute for space studies'), (2012, 'goddard institute for space studies'), (2013, 'goddard institute for space studies'), (2014, 'goddard institute for space studies'), (2015, 'goddard institute for space studies'), (2016, 'goddard institute for space studies'), (2017, 'goddard institute for space studies'), (2019, 'goddard institute for space studies'), (2020, 'goddard institute for space studies'), (2021, 'goddard institute for space studies'))
all_us_institutions_year : ((1974, 'computer sciences corporation'), (1974, 'goddard institute for space studies'), (1976, 'goddard space flight center'), (1977, 'goddard institute for space studies'), (1979, 'goddard institute for space studies'), (1980, 'goddard institute for space studies'), (1981, 'goddard space flight center'), (1983, 'goddard space flight center'), (1985, 'goddard space flight center'), (1988, 'goddard space flight center'), (1989, 'goddard space flight center'), (1990, 'goddard institute for space studies'), (1990, 'goddard space flight center'), (1991, 'goddard institute for space studies'), (1992, 'goddard institute for space studies'), (1993, 'goddard institute for space studies'), (1993, 'goddard space flight center'), (1994, 'goddard institute for space studies'), (1995, 'goddard institute for space studies'), (1996, 'goddard institute for space studies'), (1997, 'goddard institute for space studies'), (1998, 'goddard institute for space studies'), (1999, 'goddard institute for space studies'), (2000, 'goddard institute for space studies'), (2001, 'goddard institute for space studies'), (2002, 'goddard institute for space studies'), (2003, 'goddard institute for space studies'), (2003, 'goddard space flight center'), (2004, 'goddard institute for space studies'), (2005, 'columbia university'), (2005, 'goddard institute for space studies'), (2006, 'columbia university'), (2006, 'goddard institute for space studies'), (2007, 'goddard institute for space studies'), (2009, 'goddard institute for space studies'), (2010, 'goddard institute for space studies'), (2011, 'goddard institute for space studies'), (2012, 'goddard institute for space studies'), (2013, 'goddard institute for space studies'), (2013, 'goddard space flight center'), (2014, 'goddard institute for space studies'), (2014, 'goddard space flight center'), (2015, 'goddard institute for space studies'), (2015, 'goddard space flight center'), (2016, 'goddard institute for space studies'), (2017, 'goddard institute for space studies'), (2018, 'goddard institute for space studies'), (2019, 'goddard institute for space studies'), (2020, 'goddard institute for space studies'), (2021, 'goddard institute for space studies'))

6/10 positive, 16/10 negative
Do these records refer to the same thing?
(y)es / (n)o / (u)nsure / (f)inished / (p)revious
firstname : henry
lastname : dick
middlename : j b
year_range : (1993,)
main_us_institutions_year : ((1993, 'massachusetts institute of technology'),)
all_us_institutions_year : ((1993, 'massachusetts institute of technology'),)

firstname : henry
lastname : dick
middlename : j b
year_range : (1974, 2017)
main_us_institutions_year : ((1974, 'yale university'), (1976, 'woods hole oceanographic institution'), (1978, 'woods hole oceanographic institution'), (1980, 'woods hole oceanographic institution'), (1981, 'woods hole oceanographic institution'), (1983, 'woods hole oceanographic institution'), (1984, 'woods hole oceanographic institution'), (1985, 'woods hole oceanographic institution'), (1987, 'woods hole oceanographic institution'), (1989, 'woods hole oceanographic institution'), (1992, 'woods hole oceanographic institution'), (1993, 'woods hole oceanographic institution'), (1994, 'woods hole oceanographic institution'), (1995, 'woods hole oceanographic institution'), (1996, 'woods hole oceanographic institution'), (1997, 'woods hole oceanographic institution'), (1998, 'woods hole oceanographic institution'), (1999, 'woods hole oceanographic institution'), (2000, 'woods hole oceanographic institution'), (2001, 'woods hole oceanographic institution'), (2002, 'woods hole oceanographic institution'), (2003, 'woods hole oceanographic institution'), (2004, 'woods hole oceanographic institution'), (2006, 'woods hole oceanographic institution'), (2007, 'woods hole oceanographic institution'), (2008, 'woods hole oceanographic institution'), (2010, 'woods hole oceanographic institution'), (2013, 'woods hole oceanographic institution'), (2014, 'woods hole oceanographic institution'), (2017, 'woods hole oceanographic institution'))
all_us_institutions_year : ((1974, 'yale university'), (1976, 'woods hole oceanographic institution'), (1978, 'woods hole oceanographic institution'), (1980, 'woods hole oceanographic institution'), (1981, 'woods hole oceanographic institution'), (1983, 'massachusetts institute of technology'), (1983, 'woods hole oceanographic institution'), (1984, 'woods hole oceanographic institution'), (1985, 'woods hole oceanographic institution'), (1987, 'woods hole oceanographic institution'), (1989, 'woods hole oceanographic institution'), (1992, 'woods hole oceanographic institution'), (1993, 'woods hole oceanographic institution'), (1994, 'woods hole oceanographic institution'), (1995, 'woods hole oceanographic institution'), (1996, 'woods hole oceanographic institution'), (1997, 'woods hole oceanographic institution'), (1998, 'woods hole oceanographic institution'), (1999, 'woods hole oceanographic institution'), (2000, 'woods hole oceanographic institution'), (2001, 'woods hole oceanographic institution'), (2002, 'woods hole oceanographic institution'), (2003, 'woods hole oceanographic institution'), (2004, 'woods hole oceanographic institution'), (2006, 'woods hole oceanographic institution'), (2007, 'woods hole oceanographic institution'), (2008, 'woods hole oceanographic institution'), (2010, 'woods hole oceanographic institution'), (2013, 'woods hole oceanographic institution'), (2014, 'woods hole oceanographic institution'), (2017, 'woods hole oceanographic institution'))

6/10 positive, 16/10 negative
Do these records refer to the same thing?
(y)es / (n)o / (u)nsure / (f)inished / (p)revious
firstname : henry
lastname : dick
middlename : j b
year_range : (2004,)
main_us_institutions_year : ((2004, 'massachusetts institute of technology'),)
all_us_institutions_year : ((2004, 'massachusetts institute of technology'),)

firstname : henry
lastname : dick
middlename : j b
year_range : (1974, 2017)
main_us_institutions_year : ((1974, 'yale university'), (1976, 'woods hole oceanographic institution'), (1978, 'woods hole oceanographic institution'), (1980, 'woods hole oceanographic institution'), (1981, 'woods hole oceanographic institution'), (1983, 'woods hole oceanographic institution'), (1984, 'woods hole oceanographic institution'), (1985, 'woods hole oceanographic institution'), (1987, 'woods hole oceanographic institution'), (1989, 'woods hole oceanographic institution'), (1992, 'woods hole oceanographic institution'), (1993, 'woods hole oceanographic institution'), (1994, 'woods hole oceanographic institution'), (1995, 'woods hole oceanographic institution'), (1996, 'woods hole oceanographic institution'), (1997, 'woods hole oceanographic institution'), (1998, 'woods hole oceanographic institution'), (1999, 'woods hole oceanographic institution'), (2000, 'woods hole oceanographic institution'), (2001, 'woods hole oceanographic institution'), (2002, 'woods hole oceanographic institution'), (2003, 'woods hole oceanographic institution'), (2004, 'woods hole oceanographic institution'), (2006, 'woods hole oceanographic institution'), (2007, 'woods hole oceanographic institution'), (2008, 'woods hole oceanographic institution'), (2010, 'woods hole oceanographic institution'), (2013, 'woods hole oceanographic institution'), (2014, 'woods hole oceanographic institution'), (2017, 'woods hole oceanographic institution'))
all_us_institutions_year : ((1974, 'yale university'), (1976, 'woods hole oceanographic institution'), (1978, 'woods hole oceanographic institution'), (1980, 'woods hole oceanographic institution'), (1981, 'woods hole oceanographic institution'), (1983, 'massachusetts institute of technology'), (1983, 'woods hole oceanographic institution'), (1984, 'woods hole oceanographic institution'), (1985, 'woods hole oceanographic institution'), (1987, 'woods hole oceanographic institution'), (1989, 'woods hole oceanographic institution'), (1992, 'woods hole oceanographic institution'), (1993, 'woods hole oceanographic institution'), (1994, 'woods hole oceanographic institution'), (1995, 'woods hole oceanographic institution'), (1996, 'woods hole oceanographic institution'), (1997, 'woods hole oceanographic institution'), (1998, 'woods hole oceanographic institution'), (1999, 'woods hole oceanographic institution'), (2000, 'woods hole oceanographic institution'), (2001, 'woods hole oceanographic institution'), (2002, 'woods hole oceanographic institution'), (2003, 'woods hole oceanographic institution'), (2004, 'woods hole oceanographic institution'), (2006, 'woods hole oceanographic institution'), (2007, 'woods hole oceanographic institution'), (2008, 'woods hole oceanographic institution'), (2010, 'woods hole oceanographic institution'), (2013, 'woods hole oceanographic institution'), (2014, 'woods hole oceanographic institution'), (2017, 'woods hole oceanographic institution'))

7/10 positive, 16/10 negative
Do these records refer to the same thing?
(y)es / (n)o / (u)nsure / (f)inished / (p)revious
firstname : erle
lastname : kauffman
middlename : g
year_range : (1990,)
main_us_institutions_year : ((1990, 'university of colorado at boulder'),)
all_us_institutions_year : ((1990, 'university of colorado at boulder'),)

firstname : erie
lastname : kauffman
middlename : g
year_range : (1974, 1986)
main_us_institutions_year : ((1983, 'university of colorado boulder'), (1986, 'university of colorado boulder'))
all_us_institutions_year : ((1983, 'university of colorado boulder'), (1986, 'university of colorado boulder'), (1990, 'university of colorado boulder'))

8/10 positive, 16/10 negative
Do these records refer to the same thing?
(y)es / (n)o / (u)nsure / (f)inished / (p)revious
firstname : arthur
lastname : spivack
middlename : j
year_range : (1994,)
main_us_institutions_year : ((1994, 'university of california san diego'),)
all_us_institutions_year : ((1994, 'university of california san diego'),)

firstname : arthur
lastname : spivack
middlename : j
year_range : (1994, 2002)
main_us_institutions_year : ((1994, 'university of north carolina at wilmington'), (1995, 'university of north carolina at wilmington'), (1996, 'university of north carolina at wilmington'), (1997, 'university of north carolina at wilmington'), (1998, 'university of north carolina at wilmington'), (2002, 'university of north carolina at wilmington'))
all_us_institutions_year : ((1994, 'university of north carolina at wilmington'), (1995, 'university of north carolina at wilmington'), (1996, 'university of north carolina at wilmington'), (1997, 'university of north carolina at wilmington'), (1998, 'university of north carolina at wilmington'), (2002, 'university of north carolina at wilmington'))

9/10 positive, 16/10 negative
Do these records refer to the same thing?
(y)es / (n)o / (u)nsure / (f)inished / (p)revious
firstname : edward
lastname : ciolkosz
middlename : j
year_range : (1988,)
main_us_institutions_year : ((1988, 'pennsylvania state university'),)
all_us_institutions_year : ((1988, 'pennsylvania state university'),)

firstname : edward
lastname : ciolkosz
middlename : j
year_range : (1988, 1989)
main_us_institutions_year : ((1988, 'university of tennessee'),)
all_us_institutions_year : ((1988, 'university of tennessee'),)

9/10 positive, 16/10 negative
Do these records refer to the same thing?
(y)es / (n)o / (u)nsure / (f)inished / (p)revious
firstname : john
lastname : dunbar
middlename : a
year_range : (2008,)
main_us_institutions_year : ((2008, 'baylor university'),)
all_us_institutions_year : ((2008, 'baylor university'),)

firstname : john
lastname : dunbar
middlename : a
year_range : (1982, 1984)
main_us_institutions_year : ((1982, 'arco'), (1984, 'arco'))
all_us_institutions_year : ((1982, 'arco'), (1984, 'arco'), (1985, 'arco'))

9/10 positive, 16/10 negative
Do these records refer to the same thing?
(y)es / (n)o / (u)nsure / (f)inished / (p)revious
firstname : maria
lastname : zuber
middlename : t
year_range : (2009,)
main_us_institutions_year : ((2009, 'massachusetts institute of technology'),)
all_us_institutions_year : ((2009, 'massachusetts institute of technology'),)

firstname : maria
lastname : zuber
middlename : t
year_range : (1999, 2013)
main_us_institutions_year : ((2007, 'planetary science institute'),)
all_us_institutions_year : ((2007, 'planetary science institute'),)

9/10 positive, 17/10 negative
Do these records refer to the same thing?
(y)es / (n)o / (u)nsure / (f)inished / (p)revious
firstname : muawia
lastname : barazangi
middlename : None
year_range : (1999,)
main_us_institutions_year : ((1999, 'cornell university'),)
all_us_institutions_year : ((1999, 'cornell university'),)

firstname : mauwia
lastname : barazangi
middlename : None
year_range : (1977, 1988)
main_us_institutions_year : ((1977, 'cornell university'), (1988, 'cornell university'))
all_us_institutions_year : ((1977, 'cornell university'), (1988, 'cornell university'))

9/10 positive, 17/10 negative
Do these records refer to the same thing?
(y)es / (n)o / (u)nsure / (f)inished / (p)revious
firstname : peter
lastname : keken
middlename : e van
year_range : (2002,)
main_us_institutions_year : ((2002, 'university of michigan'),)
all_us_institutions_year : ((2002, 'university of michigan'),)

firstname : peter
lastname : keken
middlename : e van
year_range : (1994, 1995)
main_us_institutions_year : ((1994, 'university of minnesota'), (1995, 'university of minnesota'))
all_us_institutions_year : ((1994, 'university of minnesota'), (1995, 'university of minnesota'))

9/10 positive, 18/10 negative
Do these records refer to the same thing?
(y)es / (n)o / (u)nsure / (f)inished / (p)revious
firstname : martin
lastname : grove
middlename : None
year_range : (2016,)
main_us_institutions_year : ((2016, 'stanford university'),)
all_us_institutions_year : ((2016, 'stanford university'),)

firstname : marty
lastname : grove
middlename : None
year_range : (1993, 2020)
main_us_institutions_year : ((1993, 'university of california los angeles'), (1994, 'university of california los angeles'), (1996, 'university of california los angeles'), (1997, 'university of california los angeles'), (1998, 'university of california los angeles'), (1999, 'university of california los angeles'), (2000, 'university of california los angeles'), (2001, 'university of california los angeles'), (2002, 'university of california los angeles'), (2003, 'university of california los angeles'), (2004, 'university of california los angeles'), (2005, 'university of california los angeles'), (2006, 'university of california los angeles'), (2007, 'university of california los angeles'), (2008, 'university of california los angeles'), (2009, 'stanford university'), (2010, 'stanford university'), (2011, 'stanford university'), (2012, 'stanford university'), (2013, 'stanford university'), (2014, 'stanford university'), (2015, 'stanford university'), (2016, 'stanford university'), (2017, 'stanford university'), (2018, 'stanford university'), (2019, 'stanford university'), (2020, 'stanford university'))
all_us_institutions_year : ((1993, 'university of california los angeles'), (1994, 'university of california los angeles'), (1996, 'university of california los angeles'), (1997, 'university of california los angeles'), (1998, 'university of california los angeles'), (1999, 'university of california los angeles'), (2000, 'university of california los angeles'), (2001, 'university of california los angeles'), (2002, 'university of california los angeles'), (2003, 'university of california los angeles'), (2004, 'university of california los angeles'), (2005, 'university of california los angeles'), (2006, 'university of california los angeles'), (2007, 'university of california los angeles'), (2008, 'university of california los angeles'), (2009, 'stanford university'), (2009, 'university of california los angeles'), (2010, 'stanford university'), (2010, 'university of california los angeles'), (2011, 'stanford university'), (2011, 'university of california los angeles'), (2012, 'stanford university'), (2012, 'university of california los angeles'), (2013, 'stanford university'), (2013, 'university of california los angeles'), (2014, 'stanford university'), (2015, 'stanford university'), (2016, 'stanford university'), (2017, 'stanford university'), (2018, 'stanford university'), (2019, 'stanford university'), (2020, 'stanford university'))

9/10 positive, 18/10 negative
Do these records refer to the same thing?
(y)es / (n)o / (u)nsure / (f)inished / (p)revious
firstname : peter
lastname : keken
middlename : e van
year_range : (2007,)
main_us_institutions_year : ((2007, 'university of michigan'),)
all_us_institutions_year : ((2007, 'university of michigan'),)

firstname : peter
lastname : keken
middlename : e van
year_range : (1994, 1995)
main_us_institutions_year : ((1994, 'university of minnesota'), (1995, 'university of minnesota'))
all_us_institutions_year : ((1994, 'university of minnesota'), (1995, 'university of minnesota'))

10/10 positive, 18/10 negative
Do these records refer to the same thing?
(y)es / (n)o / (u)nsure / (f)inished / (p)revious
firstname : jim
lastname : tyburczy
middlename : None
year_range : (2010,)
main_us_institutions_year : ((2010, 'arizona state university'),)
all_us_institutions_year : ((2010, 'arizona state university'),)

firstname : james
lastname : tyburczy
middlename : a
year_range : (1986, 2017)
main_us_institutions_year : ((1986, 'california institute of technology'), (1988, 'arizona state university'), (1990, 'arizona state university'), (1991, 'arizona state university'), (1993, 'arizona state university'), (1994, 'arizona state university'), (1995, 'arizona state university'), (1999, 'arizona state university'), (2001, 'arizona state university'), (2003, 'arizona state university'), (2005, 'arizona state university'), (2006, 'arizona state university'), (2007, 'arizona state university'), (2009, 'arizona state university'), (2010, 'arizona state university'), (2012, 'arizona state university'), (2013, 'arizona state university'), (2015, 'arizona state university'), (2016, 'arizona state university'), (2017, 'arizona state university'))
all_us_institutions_year : ((1986, 'california institute of technology'), (1988, 'arizona state university'), (1990, 'arizona state university'), (1991, 'arizona state university'), (1993, 'arizona state university'), (1994, 'arizona state university'), (1995, 'arizona state university'), (1999, 'arizona state university'), (2001, 'arizona state university'), (2003, 'arizona state university'), (2005, 'arizona state university'), (2006, 'arizona state university'), (2007, 'arizona state university'), (2009, 'arizona state university'), (2010, 'arizona state university'), (2012, 'arizona state university'), (2013, 'arizona state university'), (2015, 'arizona state university'), (2016, 'arizona state university'), (2017, 'arizona state university'))

10/10 positive, 19/10 negative
Do these records refer to the same thing?
(y)es / (n)o / (u)nsure / (f)inished / (p)revious
firstname : roger
lastname : hooke
middlename : l
year_range : (1993,)
main_us_institutions_year : ((1993, 'university of minnesota'),)
all_us_institutions_year : ((1993, 'university of minnesota'),)

firstname : roger
lastname : hooke
middlename : lebaron
year_range : (2016, 2020)
main_us_institutions_year : ((2016, 'university of maine'), (2017, 'university of maine'))
all_us_institutions_year : ((2016, 'university of maine'), (2017, 'university of maine'))

11/10 positive, 19/10 negative
Do these records refer to the same thing?
(y)es / (n)o / (u)nsure / (f)inished / (p)revious
firstname : jingsong
lastname : zhang
middlename : None
year_range : (2002,)
main_us_institutions_year : ((2002, 'university of california riverside'),)
all_us_institutions_year : ((2002, 'university of california riverside'),)

firstname : jie
lastname : zhang
middlename : None
year_range : (1996, 2020)
main_us_institutions_year : ((1996, 'howard hughes medical institute'), (1997, 'howard hughes medical institute'), (1998, 'howard hughes medical institute'), (1999, 'howard hughes medical institute'), (2003, 'howard hughes medical institute'), (2004, 'genomics institute of the novartis research foundation'), (2005, 'university of california san diego'), (2006, 'university of california san diego'), (2007, 'university of california san diego'), (2008, 'university of california san diego'), (2008, 'genomics institute of the novartis research foundation'), (2009, 'university of california san diego'), (2010, 'genomics institute of the novartis research foundation'), (2011, 'university of california san diego'), (2012, 'university of california san diego'), (2013, 'university of california san diego'), (2014, 'university of california san diego'), (2015, 'university of california san diego'), (2018, 'university of california san diego'), (2019, 'university of california san diego'), (2020, 'university of california san diego'))
all_us_institutions_year : ((1996, 'duke university'), (1996, 'howard hughes medical institute'), (1997, 'howard hughes medical institute'), (1998, 'duke university'), (1998, 'howard hughes medical institute'), (1999, 'howard hughes medical institute'), (2002, 'duke university'), (2003, 'howard hughes medical institute'), (2004, 'genomics institute of the novartis research foundation'), (2005, 'university of california san diego'), (2006, 'university of california san diego'), (2007, 'university of california san diego'), (2008, 'genomics institute of the novartis research foundation'), (2008, 'university of california san diego'), (2009, 'university of california san diego'), (2010, 'genomics institute of the novartis research foundation'), (2011, 'university of california san diego'), (2012, 'university of california san diego'), (2013, 'university of california san diego'), (2014, 'university of california san diego'), (2015, 'howard hughes medical institute'), (2015, 'university of california san diego'), (2018, 'university of california san diego'), (2019, 'university of california san diego'), (2020, 'university of california san diego'))

11/10 positive, 20/10 negative
Do these records refer to the same thing?
(y)es / (n)o / (u)nsure / (f)inished / (p)revious
firstname : jeanbernard
lastname : minster
middlename : h
year_range : (1995,)
main_us_institutions_year : ((1995, 'university of california san diego'),)
all_us_institutions_year : ((1995, 'university of california san diego'),)

firstname : bernard
lastname : minster
middlename : None
year_range : (2002, 2006)
main_us_institutions_year : ((2002, 'university of california san diego'), (2003, 'university of california san diego'), (2006, 'university of california san diego'))
all_us_institutions_year : ((2002, 'university of california san diego'), (2003, 'university of california san diego'), (2006, 'university of california san diego'))

11/10 positive, 21/10 negative
Do these records refer to the same thing?
(y)es / (n)o / (u)nsure / (f)inished / (p)revious
firstname : alberto
lastname : douce
middlename : emilio patino
year_range : (1998,)
main_us_institutions_year : ((1998, 'university of georgia'),)
all_us_institutions_year : ((1998, 'university of georgia'),)

firstname : alberto
lastname : douce
middlename : e patino
year_range : (1990, 2017)
main_us_institutions_year : ((1990, 'university of oregon'), (1992, 'university of georgia'), (1993, 'university of georgia'), (1994, 'university of georgia'), (1995, 'university of georgia'), (1996, 'university of georgia'), (1997, 'university of georgia'), (1998, 'university of georgia'), (1999, 'university of georgia'), (2002, 'university of georgia'), (2004, 'university of georgia'), (2006, 'university of georgia'), (2011, 'university of georgia'), (2016, 'university of georgia'), (2017, 'university of georgia'))
all_us_institutions_year : ((1990, 'university of oregon'), (1992, 'university of georgia'), (1993, 'university of georgia'), (1994, 'university of georgia'), (1995, 'university of georgia'), (1996, 'university of georgia'), (1997, 'university of georgia'), (1998, 'university of georgia'), (1999, 'university of georgia'), (2002, 'university of georgia'), (2004, 'university of georgia'), (2006, 'university of georgia'), (2011, 'university of georgia'), (2016, 'university of georgia'), (2017, 'university of georgia'))

12/10 positive, 21/10 negative
Do these records refer to the same thing?
(y)es / (n)o / (u)nsure / (f)inished / (p)revious
firstname : michael
lastname : young
middlename : None
year_range : (2019,)
main_us_institutions_year : ((2019, 'university of texas at austin'),)
all_us_institutions_year : ((2019, 'university of texas at austin'),)

firstname : yin
lastname : young
middlename : lu
year_range : (2001, 2021)
main_us_institutions_year : ((2001, 'university of texas at austin'), (2003, 'princeton university'), (2004, 'princeton university'), (2006, 'princeton university'), (2007, 'princeton university'), (2008, 'princeton university'), (2009, 'princeton university'), (2010, 'university of michigan'), (2011, 'university of michigan'), (2012, 'university of michigan'), (2013, 'university of michigan'), (2014, 'university of michigan'), (2015, 'university of michigan'), (2016, 'university of michigan'), (2017, 'university of michigan'), (2018, 'university of michigan'), (2019, 'university of michigan'), (2020, 'university of michigan'), (2021, 'university of michigan'))
all_us_institutions_year : ((2001, 'university of texas at austin'), (2003, 'princeton university'), (2003, 'university of texas at austin'), (2004, 'princeton university'), (2006, 'princeton university'), (2007, 'princeton university'), (2008, 'princeton university'), (2009, 'princeton university'), (2009, 'stanford university'), (2010, 'princeton university'), (2010, 'university of michigan'), (2011, 'university of michigan'), (2012, 'university of michigan'), (2013, 'university of michigan'), (2014, 'university of michigan'), (2015, 'university of michigan'), (2016, 'university of michigan'), (2017, 'university of michigan'), (2018, 'university of michigan'), (2019, 'university of michigan'), (2020, 'university of michigan'), (2021, 'university of michigan'))

13/10 positive, 21/10 negative
Do these records refer to the same thing?
(y)es / (n)o / (u)nsure / (f)inished / (p)revious
Finished labeling
Done in 1213.4910634239516 minutes.
