/home/flavio/miniconda3/envs/science-career-tempenv/lib/python3.9/site-packages/numpy/core/getlimits.py:500: UserWarning: The value of the smallest subnormal for <class 'numpy.float64'> type is zero.
  setattr(self, word, getattr(machar, word).flat[0])
/home/flavio/miniconda3/envs/science-career-tempenv/lib/python3.9/site-packages/numpy/core/getlimits.py:89: UserWarning: The value of the smallest subnormal for <class 'numpy.float64'> type is zero.
  return self._float_to_str(self.smallest_subnormal)
/home/flavio/miniconda3/envs/science-career-tempenv/lib/python3.9/site-packages/numpy/core/getlimits.py:500: UserWarning: The value of the smallest subnormal for <class 'numpy.float32'> type is zero.
  setattr(self, word, getattr(machar, word).flat[0])
/home/flavio/miniconda3/envs/science-career-tempenv/lib/python3.9/site-packages/numpy/core/getlimits.py:89: UserWarning: The value of the smallest subnormal for <class 'numpy.float32'> type is zero.
  return self._float_to_str(self.smallest_subnormal)
Namespace(testing=False, verbose=1, field=['psychology'], train_name='flavio_baseline', startyear=1985, endyear=2015, mergemode='1:1', recall=0.9, institution='False', fieldofstudy_cat='False', fieldofstudy_str='False', keywords='True', retrain='True', linking_type='graduates', samplesize=20000)
Have max 6 cores available
Testing is False 

finished setup ... 
Time elapsed: 0.0005622943242390951 minutes 


    SELECT goid
            , year
            , firstname 
            , lastname
            , CASE TRIM(SUBSTR(middle_lastname, 1, l_fullname-l_firstname-l_lastname - 1)) 
                WHEN 
                    "" THEN NULL 
                    ELSE TRIM(SUBSTR(middle_lastname, 1, l_fullname-l_firstname-l_lastname - 1)) 
                END AS middlename
            , fieldofstudy
            , keywords
            , institution
            , coauthors
            , year_papertitle
    FROM (
        SELECT goid
            , degree_year AS year 
            , fullname 
            , SUBSTR(TRIM(fullname),1,instr(trim(fullname)||' ',' ')-1) AS firstname
            , REPLACE(fullname, RTRIM(fullname, REPLACE(fullname, " ", "")), "") AS lastname 
            , TRIM(SUBSTR(fullname, length(SUBSTR(TRIM(fullname),1,instr(trim(fullname)||' ',' ')-1)) + 1)) AS middle_lastname 
            , length(fullname) AS l_fullname 
            , length(SUBSTR(TRIM(fullname),1,instr(trim(fullname)||' ',' ')-1) ) AS l_firstname
            , length(REPLACE(fullname, RTRIM(fullname, REPLACE(fullname, " ", "")), "")) AS l_lastname
            , fieldname AS fieldofstudy
            , university_id
            , degree_year || "//" || thesistitle as year_papertitle 
        FROM pq_authors 
        INNER JOIN (
            SELECT goid, fieldname 
            FROM pq_fields_mag
            WHERE mag_field0 IN (?)
        ) USING (goid)
    )
    -- ## NOTE: use left join here as not all graduates have advisor (particularly pre-1980) and possibly also keywords
    LEFT JOIN (
        SELECT goid
            , fields as keywords
            , advisors as coauthors
        FROm pq_info_linking
    ) USING(goid)
    INNER JOIN (
        SELECT university_id, normalizedname as institution
        FROM pq_unis
        WHERE location like "%United States%"
    ) USING(university_id)
    WHERE year >= 1985 and year <= 2015 AND length(firstname) > 1
     


    SELECT f.AuthorId
        , f.year
        , f.firstname
        , f.lastname
        , CASE TRIM(SUBSTR(f.middle_lastname, 1, f.l_fullname - f.l_firstname - f.l_lastname - 1)) 
            WHEN 
                "" THEN NULL 
                ELSE TRIM(SUBSTR(f.middle_lastname, 1, f.l_fullname - f.l_firstname - f.l_lastname - 1)) 
            END as middlename 
            -- ## NOTE this gives "" for middlename when it is missing 
        , f.fieldofstudy
        , g.keywords
        , g.coauthors
        , g.institution
        , g.year_papertitle
    FROM (
        SELECT a.AuthorId
            , a.YearFirstPub AS year
            , a.FirstName AS firstname
            , REPLACE(b.NormalizedName, RTRIM(b.NormalizedName, REPLACE(b.NormalizedName, " ", "")), "") AS lastname 
                    -- https://stackoverflow.com/questions/21388820/how-to-get-the-last-index-of-a-substring-in-sqlite
            , TRIM(SUBSTR(b.NormalizedName, length(a.FirstName) + 1)) AS middle_lastname 
                    -- this gives all except the first name 
            , length(b.NormalizedName) as l_fullname 
            , length(a.FirstName) as l_firstname
            , length(REPLACE(b.NormalizedName, RTRIM(b.NormalizedName, REPLACE(b.NormalizedName, " ", "")), "")) as l_lastname
            , e.NormalizedName AS fieldofstudy
        FROM author_sample AS a
        INNER JOIN (
            SELECT AuthorId, NormalizedName
            FROM Authors
        ) AS b USING(AuthorId)
        INNER JOIN (
            SELECT AuthorId, NormalizedName
            FROM author_fields c
            INNER JOIN (
                SELECT FieldOfStudyId, NormalizedName
                FROM FieldsOfStudy
            ) AS d USING(FieldOfStudyId)
            -- ## Condition on fieldofstudy being in the level 0 id_field
            INNER JOIN (
                SELECT ParentFieldOfStudyId, ChildFieldOfStudyId
                FROM crosswalk_fields
                WHERE ParentLevel = 0
                    AND ParentFieldOfStudyId IN (?)
            ) AS e ON (e.ChildFieldOfStudyId = c.FieldOfStudyId)
            WHERE FieldClass = 'first'
        ) AS e USING(AuthorId)
    ) f
    LEFT JOIN (
        SELECT AuthorId
                , institutions as institution
                , main_us_institutions_career
                , coauthors
                , keywords
                , year_papertitle
        FROM author_info_linking
    ) AS g USING(AuthorId)
    WHERE length(firstname) > 1 AND year >= 1985 - 5 AND year <= 2015 + 5 
        -- ## use this to condition on people that have at least at some point their main affiliation in the US
        AND g.main_us_institutions_career IS NOT NULL
        AND g.institution != "chinese academy of sciences"
     

INFO:dedupe.canopy_index:Removing stop word er
INFO:dedupe.canopy_index:Removing stop word ar
INFO:dedupe.canopy_index:Removing stop word an
INFO:dedupe.canopy_index:Removing stop word an
INFO:dedupe.canopy_index:Removing stop word in
INFO:dedupe.canopy_index:Removing stop word ne
INFO:dedupe.canopy_index:Removing stop word ri
INFO:dedupe.canopy_index:Removing stop word el
INFO:dedupe.canopy_index:Removing stop word ra
INFO:dedupe.canopy_index:Removing stop word an
INFO:dedupe.canopy_index:Removing stop word li
INFO:dedupe.canopy_index:Removing stop word la
INFO:dedupe.canopy_index:Removing stop word en
INFO:dedupe.canopy_index:Removing stop word ma
INFO:dedupe.canopy_index:Removing stop word ha
INFO:dedupe.canopy_index:Removing stop word er
INFO:dedupe.canopy_index:Removing stop word es
INFO:dedupe.canopy_index:Removing stop word on
INFO:dedupe.canopy_index:Removing stop word re
INFO:dedupe.canopy_index:Removing stop word st
INFO:dedupe.canopy_index:Removing stop word le
INFO:dedupe.canopy_index:Removing stop word ro
INFO:dedupe.canopy_index:Removing stop word te
INFO:dedupe.canopy_index:Removing stop word al
INFO:dedupe.canopy_index:Removing stop word ll
INFO:dedupe.canopy_index:Removing stop word on
INFO:dedupe.canopy_index:Removing stop word el
INFO:dedupe.canopy_index:Removing stop word in
INFO:dedupe.canopy_index:Removing stop word ne
INFO:dedupe.canopy_index:Removing stop word in
INFO:dedupe.canopy_index:Removing stop word or
INFO:dedupe.canopy_index:Removing stop word ch
INFO:dedupe.canopy_index:Removing stop word ar
INFO:dedupe.canopy_index:Removing stop word de
INFO:dedupe.training:Final predicate set:
INFO:dedupe.training:SimplePredicate: (commonSixGram, lastname)
Time elapsed: 21.479723874727885 minutes 

Starting active labeling...
firstname : geoffrey
lastname : brown
middlename : l
year : 2005
year_papertitle : ((2005, 'paternal identity maternal gatekeeping and father involvement'), (2006, 'attachment and sensitivity in family context the roles of parent and infant gender'), (2006, 'maternal secure base scripts children s attachment security and mother child narrative styles'), (2007, 'goodness of fit in family context infant temperament marital quality and early coparenting behavior'), (2007, 'parenting predictors of father child attachment security interactive effects of father involvement and fathering quality'), (2008, 'maternal gatekeeping coparenting quality and fathering behavior in families with infants'), (2008, 'young children s psychological selves convergence with maternal reports of child personality'), (2009, 'the differential impact of early father and mother involvement on later student achievement'), (2009, 'the role of infant temperament in stability and change in coparenting across the first year of life'), (2009, 'young children s self concepts associations with child temperament mothers and fathers parenting and triadic family interaction'))
keywords : frozenset({'clinical psychology', 'social psychology', 'developmental psychology'})

firstname : tamala
lastname : brown
middlename : p
year : 2012
year_papertitle : ((2012, 'family background parental involvement and parent child interactions as predictors of fifth graders behavior problems'),)
keywords : frozenset({'social psychology', 'elementary education', 'educational psychology'})

0/10 positive, 0/10 negative
Do these records refer to the same thing?
(y)es / (n)o / (u)nsure / (f)inished
firstname : donna
lastname : water
middlename : a van de
year : 1985
year_papertitle : ((1985, 'in and about the poetic line'), (1986, 'from page to program some typographical and temporal variables in radio homilies'), (1987, 'erratum to speaking and writing comparisons of two psycholinguistic siblings'), (1987, 'speaking and writing comparisons of two psycholinguistic siblings'), (1989, 'allocation of time in reading aloud being fluent is not the same as being rhetorical'), (1989, 'generativity and erikson s belief in the species'))
keywords : frozenset({'social psychology', 'linguistics', 'developmental psychology', 'communication'})

firstname : donna
lastname : water
middlename : a van de
year : 1987
year_papertitle : ((1987, 'present and future in generativity erikson'),)
keywords : frozenset({'developmental psychology'})

0/10 positive, 1/10 negative
Do these records refer to the same thing?
(y)es / (n)o / (u)nsure / (f)inished / (p)revious
firstname : youngil
lastname : kim
middlename : None
year : 2013
year_papertitle : ((2013, 'being prepared and staying connected scouting s influence on social capital and community involvement'), (2013, 'bonding alone familism religion and secular civic participation'), (2014, 'religious identity religious attendance and parental control'), (2014, 'structured voluntary youth activities and positive outcomes in adulthood an exploratory study of involvement in scouting and subjective well being'), (2016, 'bridging alone religious conservatism marital homogamy and voluntary association membership'), (2016, 'marital investments and community involvement a test of coser s greedy marriage thesis'), (2016, 'tying knots with communities youth involvement in scouting and civic engagement in adulthood'), (2017, 'american generosity who gives and why by patricia snell herzog and heather e price'), (2017, 'religious service attendance and volunteering a growth curve analysis'), (2019, 'explaining gender differences in changes in volunteering after divorce'))
keywords : frozenset({'economic growth', 'developmental psychology', 'gender studies', 'law and economics', 'social psychology', 'demographic economics'})

firstname : youngil
lastname : kim
middlename : None
year : 2001
year_papertitle : ((2001, 'the effects of assertiveness training on enhancing the social skills of adolescents with visual impairments'),)
keywords : frozenset({'special education', 'educational psychology', 'academic guidance counseling'})

1/10 positive, 1/10 negative
Do these records refer to the same thing?
(y)es / (n)o / (u)nsure / (f)inished / (p)revious
INFO:dedupe.training:Final predicate set:
INFO:dedupe.training:SimplePredicate: (commonSixGram, lastname)
INFO:dedupe.training:SimplePredicate: (commonThreeTokens, middlename)
firstname : hyejin
lastname : park
middlename : None
year : 2010
year_papertitle : ((2010, 'effects of semantic and phonological relatedness on word list recall a case study in semantic dementia and alzheimer s disease'), (2011, 'perceptual cues used by listeners to discriminate fluent from nonfluent narrative discourse'), (2012, 'lexicality effects in word and nonword recall of semantic dementia and progressive nonfluent aphasia'), (2014, 'a behavioral manipulation engages right frontal cortex during aphasia therapy'))
keywords : frozenset({'cognitive psychology', 'audiology', 'linguistics', 'physical therapy'})

firstname : hyejin
lastname : park
middlename : None
year : 2013
year_papertitle : ((2013, 'parent satisfaction with school services for children with autism spectrum disorders the meaning of satisfaction'),)
keywords : frozenset({'special education', 'individual family studies'})

1/10 positive, 2/10 negative
Do these records refer to the same thing?
(y)es / (n)o / (u)nsure / (f)inished / (p)revious
firstname : mark
lastname : chan
middlename : sai leong
year : 2010
year_papertitle : ((2010, 'perceived facial attractiveness as a function of age and clinical vision diagnosis'), (2011, 'potential benefits and costs of concurrent task engagement to maintain vigilance a driving simulator investigation'), (2011, 'using momentary derivative estimates to gauge driver performance'), (2014, 'a strategically timed verbal task improves performance and neurophysiological alertness during fatiguing drives'))
keywords : frozenset({'cognitive psychology', 'audiology', 'simulation', 'control theory'})

firstname : mark
lastname : chan
middlename : sai leong
year : 2012
year_papertitle : ((2012, 'benefits and costs of distracting the distracted the effect of concurrent task load on sustained attention while driving'),)
keywords : frozenset({'cognitive psychology'})

1/10 positive, 3/10 negative
Do these records refer to the same thing?
(y)es / (n)o / (u)nsure / (f)inished / (p)revious
firstname : liana
lastname : hone
middlename : s e
year : 2012
year_papertitle : ((2012, '2d 4d ratios predict hand grip strength but not hand grip endurance in men but not in women'), (2012, 'the importance of physical strength to human males'), (2013, 'drinking games as a venue for sexual competition'), (2015, 'does religious cognition really down regulate hand grip endurance in men a failure to replicate'), (2015, 'sex differences in preferences for humor a replication modification and extension'), (2015, 'sexually selected sex differences in competitiveness explain sex differences in changes in drinking game participation'), (2017, 'women s alcohol sensitivity predicts alcohol related regretted sex'), (2019, 'examining the roles of heavy episodic drinking drinking venues and sociosexuality in college men s sexual aggression'), (2019, 'operational sex ratio predicts binge drinking across u s counties'), (2019, 'sociosexuality predicts drinking frequency among first year college women'))
keywords : frozenset({'clinical psychology', 'endocrinology', 'developmental psychology', 'demography', 'internal medicine', 'social psychology'})

firstname : liana
lastname : hone
middlename : s e
year : 2015
year_papertitle : ((2015, 'does religion promote modesty correlational and experimental tests'),)
keywords : frozenset({'social psychology'})

2/10 positive, 3/10 negative
Do these records refer to the same thing?
(y)es / (n)o / (u)nsure / (f)inished / (p)revious
INFO:dedupe.training:Final predicate set:
INFO:dedupe.training:SimplePredicate: (commonSixGram, lastname)
INFO:dedupe.training:SimplePredicate: (firstTwoTokensPredicate, middlename)
firstname : lynda
lastname : hall
middlename : k
year : 1991
year_papertitle : ((1991, 'lifetime maintenance of high school mathematics content'), (1991, 'preventive and corrective maintenance of access to knowledge'), (1993, 'long intervals between tests can yield hypermnesia comments on wheeler and roediger'), (1993, 'reconstructive processing of memory content for high versus low test scores and grades'), (1994, 'fifty years of language maintenance and language dominance in bilingual hispanic immigrants'), (1994, 'processing speed naming speed and reading'), (1996, 'accuracy and distortion in memory for high school grades'))
keywords : frozenset({'linguistics', 'developmental psychology', 'demography', 'operations management', 'statistics', 'social psychology', 'mathematics education'})

firstname : linda
lastname : hall
middlename : kaye
year : 2002
year_papertitle : ((2002, 'problem solving strategies of middle school students an analysis of gender differences and thinking in high achieving students'),)
keywords : frozenset({'mathematics education'})

3/10 positive, 3/10 negative
Do these records refer to the same thing?
(y)es / (n)o / (u)nsure / (f)inished / (p)revious
firstname : elizabeth
lastname : janke
middlename : amy
year : 2007
year_papertitle : ((2007, 'smoking behavior and readiness to change in male veterans with spinal cord injuries'), (2011, 'meta analysis of behavioral interventions to reduce cancer pain'), (2012, 'meta analysis of psychosocial interventions to reduce pain in patients with cancer'))
keywords : frozenset({'physical therapy', 'psychiatry'})

firstname : elizabeth
lastname : janke
middlename : amy
year : 2004
year_papertitle : ((2004, 'psychosocial correlates of sensitization in chronic pain an exploratory analysis'),)
keywords : frozenset({'psychotherapy'})

3/10 positive, 4/10 negative
Do these records refer to the same thing?
(y)es / (n)o / (u)nsure / (f)inished / (p)revious
firstname : cristina
lastname : wildermuth
middlename : de mello e souza
year : 2013
year_papertitle : ((2013, 'a path to passion connecting personality psychological conditions and emotional engagement'), (2017, 'circles of ethics the impact of proximity on moral reasoning'))
keywords : frozenset({'social psychology'})

firstname : cristina
lastname : wildermuth
middlename : de mello e souza
year : 2008
year_papertitle : ((2008, 'engaged to serve the relationship between employee engagement and the personality of human services professionals and paraprofessionals'),)
keywords : frozenset({'social work', 'occupational psychology', 'personality psychology'})

4/10 positive, 4/10 negative
Do these records refer to the same thing?
(y)es / (n)o / (u)nsure / (f)inished / (p)revious
firstname : elizabeth
lastname : janke
middlename : amy
year : 2007
year_papertitle : ((2007, 'smoking behavior and readiness to change in male veterans with spinal cord injuries'), (2011, 'meta analysis of behavioral interventions to reduce cancer pain'), (2012, 'meta analysis of psychosocial interventions to reduce pain in patients with cancer'))
keywords : frozenset({'physical therapy', 'psychiatry'})

firstname : elizabeth
lastname : janke
middlename : amy
year : 2004
year_papertitle : ((2004, 'psychosocial correlates of sensitization in chronic pain an exploratory analysis'),)
keywords : frozenset({'psychotherapy'})

3/10 positive, 4/10 negative
Do these records refer to the same thing?
(y)es / (n)o / (u)nsure / (f)inished
firstname : cristina
lastname : wildermuth
middlename : de mello e souza
year : 2013
year_papertitle : ((2013, 'a path to passion connecting personality psychological conditions and emotional engagement'), (2017, 'circles of ethics the impact of proximity on moral reasoning'))
keywords : frozenset({'social psychology'})

firstname : cristina
lastname : wildermuth
middlename : de mello e souza
year : 2008
year_papertitle : ((2008, 'engaged to serve the relationship between employee engagement and the personality of human services professionals and paraprofessionals'),)
keywords : frozenset({'social work', 'occupational psychology', 'personality psychology'})

4/10 positive, 4/10 negative
Do these records refer to the same thing?
(y)es / (n)o / (u)nsure / (f)inished / (p)revious
INFO:dedupe.training:Final predicate set:
INFO:dedupe.training:SimplePredicate: (firstTokenPredicate, lastname)
firstname : rachel
lastname : jacobs
middlename : h
year : 2007
year_papertitle : ((2007, 'cognitive behavioral therapy for adolescent depression a meta analytic investigation of changes in effect size estimates'), (2007, 'the treatment for adolescents with depression study tads long term effectiveness and safety outcomes'), (2008, 'empirical evidence of cognitive vulnerability for depression among children and adolescents a cognitive science and developmental perspective'), (2008, 'ethnic differences in attributions and treatment expectancies for adolescent depression'), (2009, 'child and family focused cognitive behavioral therapy for pediatric bipolar disorder pilot study of group treatment format'), (2009, 'cognitive behavioral therapy for depression'), (2009, 'cognitive measures of adolescent depression unique or unitary constructs'), (2009, 'dysfunctional attitudes scale perfectionism a predictor and partial mediator of acute treatment outcome among clinically depressed adolescents'), (2009, 'predictors of hopelessness among clinically depressed youth'), (2009, 'the treatment for adolescents with depression study tads outcomes over 1 year of naturalistic follow up'))
keywords : frozenset({'psychotherapist', 'clinical psychology', 'developmental psychology', 'psychiatry', 'physical therapy'})

firstname : rachel
lastname : jacobson
middlename : None
year : 2015
year_papertitle : ((2015, 'the relationship between intensity of technology use and levels of empathy in college students as mediated by personality style and attention'),)
keywords : frozenset({'information technology', 'clinical psychology', 'higher education'})

4/10 positive, 4/10 negative
Do these records refer to the same thing?
(y)es / (n)o / (u)nsure / (f)inished / (p)revious
firstname : cristina
lastname : wildermuth
middlename : de mello e souza
year : 2013
year_papertitle : ((2013, 'a path to passion connecting personality psychological conditions and emotional engagement'), (2017, 'circles of ethics the impact of proximity on moral reasoning'))
keywords : frozenset({'social psychology'})

firstname : cristina
lastname : wildermuth
middlename : de mello e souza
year : 2008
year_papertitle : ((2008, 'engaged to serve the relationship between employee engagement and the personality of human services professionals and paraprofessionals'),)
keywords : frozenset({'social work', 'occupational psychology', 'personality psychology'})

4/10 positive, 4/10 negative
Do these records refer to the same thing?
(y)es / (n)o / (u)nsure / (f)inished
firstname : rachel
lastname : jacobs
middlename : h
year : 2007
year_papertitle : ((2007, 'cognitive behavioral therapy for adolescent depression a meta analytic investigation of changes in effect size estimates'), (2007, 'the treatment for adolescents with depression study tads long term effectiveness and safety outcomes'), (2008, 'empirical evidence of cognitive vulnerability for depression among children and adolescents a cognitive science and developmental perspective'), (2008, 'ethnic differences in attributions and treatment expectancies for adolescent depression'), (2009, 'child and family focused cognitive behavioral therapy for pediatric bipolar disorder pilot study of group treatment format'), (2009, 'cognitive behavioral therapy for depression'), (2009, 'cognitive measures of adolescent depression unique or unitary constructs'), (2009, 'dysfunctional attitudes scale perfectionism a predictor and partial mediator of acute treatment outcome among clinically depressed adolescents'), (2009, 'predictors of hopelessness among clinically depressed youth'), (2009, 'the treatment for adolescents with depression study tads outcomes over 1 year of naturalistic follow up'))
keywords : frozenset({'psychotherapist', 'clinical psychology', 'developmental psychology', 'psychiatry', 'physical therapy'})

firstname : rachel
lastname : jacobson
middlename : None
year : 2015
year_papertitle : ((2015, 'the relationship between intensity of technology use and levels of empathy in college students as mediated by personality style and attention'),)
keywords : frozenset({'information technology', 'clinical psychology', 'higher education'})

5/10 positive, 4/10 negative
Do these records refer to the same thing?
(y)es / (n)o / (u)nsure / (f)inished / (p)revious
firstname : kimberly
lastname : obrien
middlename : h mcmanama
year : 2015
year_papertitle : ((2015, 'training and supervision of counselors at a residential grief camp'), (2017, 'suicide and self injury in gender and sexual minority populations'))
keywords : frozenset({'clinical psychology', 'nursing'})

firstname : kimberly
lastname : brien
middlename : h mcmanama o
year : 2011
year_papertitle : ((2011, 'examining the impact of psychopathological comorbidity on the medical lethality of adolescent suicide attempts'),)
keywords : frozenset({'clinical psychology', 'public health'})

5/10 positive, 5/10 negative
Do these records refer to the same thing?
(y)es / (n)o / (u)nsure / (f)inished / (p)revious
firstname : rachel
lastname : jacobs
middlename : h
year : 2007
year_papertitle : ((2007, 'cognitive behavioral therapy for adolescent depression a meta analytic investigation of changes in effect size estimates'), (2007, 'the treatment for adolescents with depression study tads long term effectiveness and safety outcomes'), (2008, 'empirical evidence of cognitive vulnerability for depression among children and adolescents a cognitive science and developmental perspective'), (2008, 'ethnic differences in attributions and treatment expectancies for adolescent depression'), (2009, 'child and family focused cognitive behavioral therapy for pediatric bipolar disorder pilot study of group treatment format'), (2009, 'cognitive behavioral therapy for depression'), (2009, 'cognitive measures of adolescent depression unique or unitary constructs'), (2009, 'dysfunctional attitudes scale perfectionism a predictor and partial mediator of acute treatment outcome among clinically depressed adolescents'), (2009, 'predictors of hopelessness among clinically depressed youth'), (2009, 'the treatment for adolescents with depression study tads outcomes over 1 year of naturalistic follow up'))
keywords : frozenset({'psychotherapist', 'clinical psychology', 'developmental psychology', 'psychiatry', 'physical therapy'})

firstname : rachel
lastname : jacobson
middlename : None
year : 2015
year_papertitle : ((2015, 'the relationship between intensity of technology use and levels of empathy in college students as mediated by personality style and attention'),)
keywords : frozenset({'information technology', 'clinical psychology', 'higher education'})

5/10 positive, 4/10 negative
Do these records refer to the same thing?
(y)es / (n)o / (u)nsure / (f)inished
firstname : kimberly
lastname : obrien
middlename : h mcmanama
year : 2015
year_papertitle : ((2015, 'training and supervision of counselors at a residential grief camp'), (2017, 'suicide and self injury in gender and sexual minority populations'))
keywords : frozenset({'clinical psychology', 'nursing'})

firstname : kimberly
lastname : brien
middlename : h mcmanama o
year : 2011
year_papertitle : ((2011, 'examining the impact of psychopathological comorbidity on the medical lethality of adolescent suicide attempts'),)
keywords : frozenset({'clinical psychology', 'public health'})

5/10 positive, 5/10 negative
Do these records refer to the same thing?
(y)es / (n)o / (u)nsure / (f)inished / (p)revious
firstname : john
lastname : sargent
middlename : None
year : 2010
year_papertitle : ((2010, 'trauma and diverse child populations'), (2011, 'worlds apart a four part series on cross cultural healthcare film maren grainger monsen julia haslett fanlight productions icarus films brooklyn ny 2003 with facilitator s guide by alexander green m d joseph betancourt m d m p h and j emilio carrillo m d m p h 47 minutes 398 dvd'), (2015, 'overview of the evidence base for family interventions in child psychiatry'), (2016, '9 1 engaging families in the treatment of child and adolescent mood disorders'), (2016, 'evidence based family assessment and interventions providing mental health professionals techniques for integrating mental health treatment into the family setting'), (2017, '66 0 the sibling effect'), (2017, 'introducing empirically supported family interventions an integrative approach of family assessment and interventions in outpatient child and adolescent psychiatric settings'))
keywords : frozenset({'psychotherapist', 'clinical psychology', 'humanities', 'developmental psychology', 'psychiatry', 'demography', 'family medicine'})

firstname : john
lastname : sargent
middlename : arthur
year : 2003
year_papertitle : ((2003, 'a case study of reading education for middle school students with learning disabilities'),)
keywords : frozenset({'reading instruction', 'special education', 'curricula', 'literacy', 'teaching'})

6/10 positive, 5/10 negative
Do these records refer to the same thing?
(y)es / (n)o / (u)nsure / (f)inished / (p)revious
INFO:dedupe.training:Final predicate set:
INFO:dedupe.training:SimplePredicate: (firstTokenPredicate, lastname)
INFO:dedupe.training:SimplePredicate: (firstTwoTokensPredicate, middlename)
firstname : juan
lastname : casas
middlename : f
year : 1997
year_papertitle : ((1997, 'relational and overt aggression in preschool'), (1999, 'relational and physical forms of peer victimization in preschool'), (2002, 'toward a more comprehensive understanding of peer maltreatment studies of relational victimization'), (2004, 'aggression antisocial behavior and violence among girls a developmental perspective'), (2004, 'an observational study of delivered and received aggression gender and social psychological adjustment in preschool this white crayon doesn t work'))
keywords : frozenset({'clinical psychology', 'social psychology', 'developmental psychology'})

firstname : juan
lastname : cavazos
middlename : ernesto colunga
year : 2002
year_papertitle : ((2002, 'the cognitive development of students from 9 sup th sup grade to college in the learning of linear and quadratic functions'),)
keywords : frozenset({'curricula', 'teaching', 'mathematics education', 'developmental psychology'})

6/10 positive, 5/10 negative
Do these records refer to the same thing?
(y)es / (n)o / (u)nsure / (f)inished / (p)revious
firstname : andrea
lastname : guastello
middlename : d
year : 2014
year_papertitle : ((2014, 'personality trait theory and multitasking performance implications for ergonomic design'), (2017, 'temporal dynamics of rituals in obsessive compulsive disorder'), (2018, 'predictors of cancer screening among culturally diverse men'), (2019, 'an examination of health promoting behaviors among hispanic adults using an activation and empowerment approach'), (2019, 'barriers to pediatric pain management a brief report of results from a multisite study'), (2021, 'an initial study of symptom accommodation in adults with depression'))
keywords : frozenset({'clinical psychology', 'gerontology', 'developmental psychology', 'cognitive psychology', 'family medicine'})

firstname : andrea
lastname : mata
middlename : d
year : 2012
year_papertitle : ((2012, 'structured activity involvement and behavior problems investigation of selection and transactional effects with the use of variable and person centered approaches'),)
keywords : frozenset({'clinical psychology', 'behavioral psychology'})

6/10 positive, 6/10 negative
Do these records refer to the same thing?
(y)es / (n)o / (u)nsure / (f)inished / (p)revious
firstname : kelly
lastname : anderson
middlename : None
year : 2007
year_papertitle : ((2007, 'reviewing and refining a professional education unit s journey toward accreditation'), (2007, 'tips for teaching differentiating instruction to include all students'), (2010, 'highly qualified teacher requirements for special educators perceptions of west virginia stakeholders'))
keywords : frozenset({'medical education', 'mathematics education', 'pedagogy'})

firstname : kelly
lastname : anderson
middlename : satter
year : 2009
year_papertitle : ((2009, 'social skills training for children with autism utilizing peers as behavioral models'),)
keywords : frozenset({'special education', 'clinical psychology', 'developmental psychology'})

6/10 positive, 7/10 negative
Do these records refer to the same thing?
(y)es / (n)o / (u)nsure / (f)inished / (p)revious
firstname : patricia
lastname : martin
middlename : None
year : 1989
year_papertitle : ((1989, 'cerebral lateralization of music perception in the dual task paradigm unfamiliar melody recognition in sinistrals'),)
keywords : frozenset({'cognitive psychology'})

firstname : patricia
lastname : martin
middlename : ann
year : 1992
year_papertitle : ((1992, 'a case control study of acoa problems in an employee assistance program'),)
keywords : frozenset({'mental health', 'psychotherapy', 'academic guidance counseling'})

6/10 positive, 7/10 negative
Do these records refer to the same thing?
(y)es / (n)o / (u)nsure / (f)inished / (p)revious
firstname : michael
lastname : moore
middlename : None
year : 2014
year_papertitle : ((2014, 'advancing intercultural competence through the use of technology the 6 continents project'), (2014, 'perceptions of older rural women using computerized programs for weight management'), (2014, 'social media and its impact on social development'), (2015, 'acceptability of wristband activity trackers among community dwelling older adults'), (2015, 'the 6 continents project a method for linking social work classrooms for intercultural exchange through asynchronous video sharing'), (2016, 'an internet assisted weight loss intervention for older overweight and obese rural women a feasibility study'))
keywords : frozenset({'pedagogy', 'gerontology', 'engineering ethics', 'physical therapy', 'social science', 'mathematics education'})

firstname : michael
lastname : moore
middlename : charles
year : 2001
year_papertitle : ((2001, 'the misinterpretation of body sensations in nonclinical panic attacks a test of the cognitive theory'),)
keywords : frozenset({'psychotherapy'})

6/10 positive, 7/10 negative
Do these records refer to the same thing?
(y)es / (n)o / (u)nsure / (f)inished / (p)revious
firstname : serafin
lastname : sanchez
middlename : v
year : 2008
year_papertitle : ((2008, 'acculturation among latino bilingual education teacher candidates implications for teacher preparation institutions'), (2010, 'measuring the psychosocial characteristics of teacher candidates through the academic self identity self observation yearly asi soy inventory'), (2013, 'a case for multidimensional bilingual assessment'))
keywords : frozenset({'medical education', 'applied psychology', 'linguistics', 'developmental psychology', 'social psychology', 'mathematics education'})

firstname : sara
lastname : sanchez
middlename : badrtalei
year : 2015
year_papertitle : ((2015, 'acculturation guilt and differentiation among first generation iranian american women'),)
keywords : frozenset({'mental health', 'middle eastern studies', 'social psychology'})

6/10 positive, 8/10 negative
Do these records refer to the same thing?
(y)es / (n)o / (u)nsure / (f)inished / (p)revious
firstname : annie
lastname : gagliardi
middlename : None
year : 2012
year_papertitle : ((2012, 'when suboptimal behavior is optimal and why modeling the acquisition of noun classes in tsez'), (2013, 'all input isn t equal how the nature of the learner shapes language acquisition'))
keywords : frozenset({'natural language processing', 'linguistics', 'artificial intelligence'})

firstname : ann
lastname : gagliardi
middlename : c
year : 2012
year_papertitle : ((2012, 'input and intake in language acquisition'),)
keywords : frozenset({'cognitive psychology', 'linguistics'})

6/10 positive, 9/10 negative
Do these records refer to the same thing?
(y)es / (n)o / (u)nsure / (f)inished / (p)revious
firstname : haya
lastname : shamir
middlename : None
year : 2017
year_papertitle : ((2017, 'computer assisted instruction in early literacy for african american economically disadvantaged children'), (2017, 'does cai improve early math skills'), (2017, 'effects of personalized learning on kindergarten and first grade students early literacy skills'), (2018, 'assessing reading in young learners using a computerized adaptive reading test for pre kindergarten through 2nd grade'), (2018, 'improving head start students early literacy skills using technology'), (2018, 'preparing students for kindergarten using upstart at home'), (2018, 'using adaptive cai to supplement literacy development in early learners'), (2019, 'bridging the achievement gap for low performing students using computer adaptive instruction'), (2019, 'computer assisted instruction long term effects on early literacy skills of low socioeconomic status students'), (2019, 'technology improving literacy skills for all students findings from three districts'))
keywords : frozenset({'medical education', 'mathematics education'})

firstname : haya
lastname : shamir
middlename : None
year : 2002
year_papertitle : ((2002, 'processes mediating family effects in american and israeli children'),)
keywords : frozenset({'developmental psychology'})

6/10 positive, 10/10 negative
Do these records refer to the same thing?
(y)es / (n)o / (u)nsure / (f)inished / (p)revious
firstname : jason
lastname : hicks
middlename : l
year : 2011
year_papertitle : ((2011, 'an observation on the spontaneous noticing of prospective memory event based cues'), (2012, 'encountering items previously paired with prospective memory target events can serve to reactivate intentions'), (2013, 'internal reinstatement hides cuing effects in source memory tasks'), (2014, 'strength cues and blocking at test promote reliable within list criterion shifts in recognition memory'), (2016, 'successful cuing of gender source memory does not improve location source memory'), (2016, 'the reliability of criterion shifting in recognition memory is task dependent'), (2017, 'prior task experience and comparable stimulus exposure nullify focal and nonfocal prospective memory retrieval differences'))
keywords : frozenset({'pattern recognition', 'developmental psychology', 'cognitive psychology', 'artificial intelligence', 'social psychology'})

firstname : jason
lastname : hicks
middlename : sudlow
year : 2002
year_papertitle : ((2002, 'absenteeism within special education an exploratory analysis'),)
keywords : frozenset({'special education', 'educational psychology'})

6/10 positive, 11/10 negative
Do these records refer to the same thing?
(y)es / (n)o / (u)nsure / (f)inished / (p)revious
firstname : gretchen
lastname : biesecker
middlename : None
year : 1996
year_papertitle : ((1996, 'aggression attachment and depression among school age children at high social risk'), (1996, 'bone lead levels and delinquent behavior'), (1996, 'bone lead levels and delinquent behavior authors reply'), (1996, 'bone lead levels and delinquent behavior reply'), (1996, 'infancy predictors of emotional availability in middle childhood the role of attachment and maternal depression'), (1998, 'atypical maternal behavior and infant attachment as predictors of emotional availability in middle childhood'), (2000, 'infancy predictors of emotional availability in middle childhood the roles of attachment security and maternal depressive symptomatology'))
keywords : frozenset({'clinical psychology', 'endocrinology', 'developmental psychology', 'psychiatry', 'internal medicine', 'medical emergency'})

firstname : gretchen
lastname : biesecker
middlename : erica
year : 2001
year_papertitle : ((2001, 'attachment to parents and peers and emotion regulation in middle adolescence'),)
keywords : frozenset({'developmental psychology'})

6/10 positive, 12/10 negative
Do these records refer to the same thing?
(y)es / (n)o / (u)nsure / (f)inished / (p)revious
firstname : brad
lastname : tuttle
middlename : None
year : 1997
year_papertitle : ((1997, 'an examination of market efficiency information order effects in a laboratory market'), (1997, 'moral hazard ethical considerations and the decision to implement an information system'), (1997, 'the effects of task information and outcome feedback on individuals insight into their decision models'), (1999, 'part set cueing effects in a diagnostic setting with professional auditors'), (1999, 'the effects of a modest incentive on information overload in an investment analysis task'), (2001, 'a user s willingness to adopt a new information system the influence of the decision making improvements and performance monitoring dimensions of the system'), (2001, 'discussion of collective user participation a catalyst for group cohesion and perceived respect'), (2001, 'the impact of unit goal priorities economic incentives and interim feedback on the planned effort of information systems professionals'), (2002, 'the acquisition of price relevant domain knowledge by a market'), (2002, 'the effect of misstatements on decisions of financial statement users an experimental investigation of auditor materiality thresholds'))
keywords : frozenset({'actuarial science', 'econometrics', 'public relations', 'developmental psychology', 'cognitive psychology', 'operations management', 'accounting', 'microeconomics', 'social psychology', 'marketing'})

firstname : brad
lastname : tuttle
middlename : m
year : 1991
year_papertitle : ((1991, 'the role of context in auditor diagnosis'),)
keywords : frozenset({'accounting', 'experiments', 'psychology'})

7/10 positive, 12/10 negative
Do these records refer to the same thing?
(y)es / (n)o / (u)nsure / (f)inished / (p)revious
firstname : kathleen
lastname : trujillo
middlename : m
year : 2004
year_papertitle : ((2004, 'age differences in reasons for exercising'), (2011, 'who pays your debt an important question for understanding compulsive buying among american college students'))
keywords : frozenset({'clinical psychology', 'social psychology'})

firstname : kathleen
lastname : trujillo
middlename : michele
year : 1994
year_papertitle : ((1994, 'a developmental approach to exercise intervention'),)
keywords : frozenset({'developmental psychology'})

8/10 positive, 12/10 negative
Do these records refer to the same thing?
(y)es / (n)o / (u)nsure / (f)inished / (p)revious
firstname : mark
lastname : weist
middlename : d
year : 1991
year_papertitle : ((1991, 'toward empirically valid target selection the case of assertiveness in children'), (1993, 'social skills training for abused girls interpersonal skills training for sexually abused girls'))
keywords : frozenset({'clinical psychology', 'developmental psychology'})

firstname : mark
lastname : weist
middlename : david
year : 1991
year_papertitle : ((1991, 'empirical validation of treatment targets for the management of diabetes in children'),)
keywords : frozenset({'psychotherapy', 'behaviorial sciences'})

8/10 positive, 13/10 negative
Do these records refer to the same thing?
(y)es / (n)o / (u)nsure / (f)inished / (p)revious
firstname : meghan
lastname : owenz
middlename : b
year : 2010
year_papertitle : ((2010, 'a eudaimonic theory of marital quality'), (2014, 'what makes goals choiceworthy a qualitative study of hedonic eudaimonic and structural motives'), (2016, 'enhancing relationship quality measurement the development of the relationship flourishing scale'))
keywords : frozenset({'social psychology'})

firstname : meghan
lastname : owenz
middlename : b
year : 2013
year_papertitle : ((2013, 'a longitudinal exploration of stress related growth following relationship dissolution'),)
keywords : frozenset({'counseling psychology'})

9/10 positive, 13/10 negative
Do these records refer to the same thing?
(y)es / (n)o / (u)nsure / (f)inished / (p)revious
firstname : kent
lastname : logan
middlename : r
year : 1998
year_papertitle : ((1998, 'instructional contexts for students with moderate severe and profound intellectual disabilities in general education elementary classrooms'), (1998, 'the impact of typical peers on the perceived happiness of students with profound multiple disabilities'), (1999, 'small group learning effects of including a student with intellectual disabilities'), (2000, 'pre session assessment of preferences for students with profound multiple disabilities'), (2000, 'professional development in early intervention creating effective inservice training opportunities'), (2001, 'conducting preference assessments and reinforcer testing for individuals with profound multiple disabilities issues and procedures'), (2001, 'customizing instruction to maximize functional outcomes for students with profound multiple disabilities'), (2001, 'preferences and reinforcers for students with profound multiple disabilities can we identify them'), (2001, 'student support teams helping students succeed in general education classrooms or working to place students in special education'), (2001, 'the research lead teacher model helping general education teachers deal with classroom behavior problems'))
keywords : frozenset({'clinical psychology', 'medical education', 'pedagogy', 'nursing', 'developmental psychology', 'social psychology', 'mathematics education'})

firstname : kent
lastname : logan
middlename : robert
year : 1991
year_papertitle : ((1991, 'an analysis of the accuracy of student performance data recorded by teachers under three conditions'),)
keywords : frozenset({'special education', 'educational evaluation'})

9/10 positive, 13/10 negative
Do these records refer to the same thing?
(y)es / (n)o / (u)nsure / (f)inished / (p)revious
firstname : patrick
lastname : barlow
middlename : j
year : 2014
year_papertitle : ((2014, 'showing the love predictors of student loyalty to undergraduate institutions'), (2015, 'strengthen the bond relationships between academic advising quality and undergraduate student loyalty'))
keywords : frozenset({'medical education', 'pedagogy', 'social psychology'})

firstname : patrick
lastname : barlow
middlename : john
year : 2002
year_papertitle : ((2002, 'the measurement of optimism and hope in relation to college student retention and academic success'),)
keywords : frozenset({'educational psychology', 'personality', 'academic guidance counseling'})

10/10 positive, 13/10 negative
Do these records refer to the same thing?
(y)es / (n)o / (u)nsure / (f)inished / (p)revious
firstname : james
lastname : williams
middlename : h
year : 1983
year_papertitle : ((1983, 'black junior high school students perceptions of the role and effectiveness of counselors'), (1987, 'dimensionality of the piers harris children s self concept scale for miniority gifted children'))
keywords : frozenset({'medical education', 'pedagogy', 'developmental psychology'})

firstname : james
lastname : williams
middlename : stephen
year : 2014
year_papertitle : ((2014, 'a computer learning environment for novice java programmers that supports cognitive load reducing adaptations and dynamic visualizations of computer memory'),)
keywords : frozenset({'computer science', 'educational psychology'})

10/10 positive, 14/10 negative
Do these records refer to the same thing?
(y)es / (n)o / (u)nsure / (f)inished / (p)revious
firstname : virginia
lastname : iannone
middlename : n
year : 1999
year_papertitle : ((1999, 'repeatable battery for the assessment of neuropsychological status as a screening test in schizophrenia i sensitivity reliability and validity'), (2000, 'effects of contextual processing on visual conditional associative learning in schizophrenia'), (2000, 'short form of the wais iii for use with patients with schizophrenia'), (2002, 'factor structure of the wechsler adult intelligence scale iii in schizophrenia'), (2003, 'cognitive markers of illness and disability in schizophrenia'), (2003, 'general and specific cognitive deficits in schizophrenia'), (2005, 'no it is not possible to be schizophrenic yet neuropsychologically normal'))
keywords : frozenset({'audiology', 'clinical psychology', 'developmental psychology', 'psychiatry', 'cognitive psychology'})

firstname : virginia
lastname : iannone
middlename : nicoletta
year : 2003
year_papertitle : ((2003, 'evaluation of a vocational and therapeutic riding program for severely emotionally disturbed adolescents'),)
keywords : frozenset({'psychotherapy'})

10/10 positive, 15/10 negative
Do these records refer to the same thing?
(y)es / (n)o / (u)nsure / (f)inished / (p)revious
firstname : jan
lastname : john
middlename : a st
year : 2006
year_papertitle : ((2006, 'elevated tsh and cognition age dependent effects'), (2008, 'inflammatory markers and progression of subclinical atherosclerosis in healthy postmenopausal women from the estrogen in the prevention of atherosclerosis trial'), (2008, 'metabolic syndrome and cognitive function in healthy middle aged and older adults without diabetes'), (2009, 'components of air pollution are associated with lower cognitive function among healthy adults in los angeles'), (2009, 'mildly elevated tsh and cognition in middle aged and older adults'), (2009, 'subclinical atherosclerosis is weakly associated with lower cognitive function in healthy hyperhomocysteinemic adults without clinical cardiovascular disease'), (2012, 'isoflavone rich soy protein and cognition in midlife and late life women randomized double blind placebo controlled trial p04 196'), (2013, 'cognition mood and physiological concentrations of sex hormones in the early and late postmenopause'))
keywords : frozenset({'cardiology', 'environmental health', 'endocrinology', 'gerontology', 'developmental psychology', 'physiology', 'gastroenterology', 'internal medicine'})

firstname : patricia
lastname : john
middlename : a st
year : 2004
year_papertitle : ((2004, 'a community of learners an investigation of the relationship between flow experience and the role of scaffolding in a kindermusik classroom'),)
keywords : frozenset({'music education', 'early childhood education', 'developmental psychology'})

11/10 positive, 15/10 negative
Do these records refer to the same thing?
(y)es / (n)o / (u)nsure / (f)inished / (p)revious
firstname : mark
lastname : zimmerman
middlename : None
year : 2006
year_papertitle : ((2006, 'should self defeating personality disorder be revisited in the dsm'), (2009, 'measurement based care and outcome measures implications for practice'), (2010, 'comparing factor analytic models of the dsm iv personality disorders'))
keywords : frozenset({'clinical psychology', 'nursing', 'developmental psychology', 'psychiatry', 'statistics'})

firstname : marian
lastname : zimmerman
middlename : rose
year : 2011
year_papertitle : ((2011, 'a randomized clinical trial of cognitive behavioral therapy for insomnia in a college student population'),)
keywords : frozenset({'clinical psychology'})

11/10 positive, 16/10 negative
Do these records refer to the same thing?
(y)es / (n)o / (u)nsure / (f)inished / (p)revious
firstname : jong
lastname : park
middlename : cheol
year : 1992
year_papertitle : ((1992, 'a unification based semantic interpretation for coordinate constructs'), (1994, 'quantifier scope and constituency'), (1997, 'an english grammar checker as a writing aid for students o f english as a second language'), (1997, 'an english grammar checker as a writing aid for students of english as a second language'))
keywords : frozenset({'programming language', 'natural language processing', 'linguistics', 'artificial intelligence'})

firstname : jonghyo
lastname : park
middlename : None
year : 2003
year_papertitle : ((2003, 'validating the effectiveness of a forgiveness intervention program for adolescent female aggressive victims in korea'),)
keywords : frozenset({'academic guidance counseling', 'educational psychology'})

11/10 positive, 17/10 negative
Do these records refer to the same thing?
(y)es / (n)o / (u)nsure / (f)inished / (p)revious
firstname : minjung
lastname : kim
middlename : None
year : 2007
year_papertitle : ((2007, 'from tasks to tools a field study in collaborative visual analytics'), (2011, '3d surface shape and the appearance of glow'), (2014, 'light field interpolation across an insulating white border'))
keywords : frozenset({'human computer interaction', 'atomic physics', 'data science', 'optics'})

firstname : mi
lastname : kim
middlename : hee
year : 2012
year_papertitle : ((2012, 'partisans and controversial news online comparing perceived bias credibility and user behavior in mainstream news versus blogs'),)
keywords : frozenset({'mass communications', 'web studies', 'behavioral psychology', 'communication', 'journalism'})

11/10 positive, 18/10 negative
Do these records refer to the same thing?
(y)es / (n)o / (u)nsure / (f)inished / (p)revious
firstname : xi
lastname : yin
middlename : peng
year : 1991
year_papertitle : ((1991, 'deciding whether a new test measure is useful'), (1997, 'assessment of surgical operations for ductal carcinoma in situ of the breast'))
keywords : frozenset({'actuarial science', 'pathology', 'radiology'})

firstname : xiaoyan
lastname : yin
middlename : None
year : 2013
year_papertitle : ((2013, 'performance and reliability evaluation for dsrc vehicular safety communication'),)
keywords : frozenset({'computer engineering', 'communication'})

11/10 positive, 19/10 negative
Do these records refer to the same thing?
(y)es / (n)o / (u)nsure / (f)inished / (p)revious
firstname : maria
lastname : flores
middlename : de los angeles
year : 2017
year_papertitle : ((2017, 'brecha digital en la frontera de ee uu mexico un estudio de caso multigeneracional en laredo texas'), (2017, 'intercandidate facebook agenda building effect of webb county judge election campaigns on the us mexico border'), (2019, 'evaluating job satisfaction of latino a journalists in multimedia newsrooms a comparative examination between 2010 and 2017'), (2019, 'inter public agenda setting effect through political activism'), (2019, 'trump s us mexico border agenda an agenda building examination of candidate generated messages'))
keywords : frozenset({'public administration', 'political economy', 'public relations', 'gender studies', 'social psychology'})

firstname : maria
lastname : davilafeliciano
middlename : de los angeles
year : 1998
year_papertitle : ((1998, 'attention difficulties on children after sustaining traumatic brain injury'),)
keywords : frozenset({'mental health', 'psychobiology', 'psychotherapy'})

11/10 positive, 20/10 negative
Do these records refer to the same thing?
(y)es / (n)o / (u)nsure / (f)inished / (p)revious
firstname : jan
lastname : pryor
middlename : None
year : 2008
year_papertitle : ((2008, 'validity and reliability of the eating assessment tool eat 10'), (2009, 'vocal fold injection augmentation with novielle voice gel'))
keywords : frozenset({'urology', 'clinical psychology', 'physical therapy'})

firstname : wandee
lastname : pryor
middlename : j
year : 2009
year_papertitle : ((2009, 'when your identity gets hijacked the victim s experience of identity theft'),)
keywords : frozenset({'clinical psychology', 'social psychology', 'criminology'})

11/10 positive, 21/10 negative
Do these records refer to the same thing?
(y)es / (n)o / (u)nsure / (f)inished / (p)revious
firstname : matthew
lastname : martin
middlename : None
year : 2005
year_papertitle : ((2005, 'teaching fitness based content knowledge in physical education'), (2009, 'using public posting as a motivation strategy in physical education sport and adult exercise settings'), (2011, 'leveling the playing field strategies for inclusion'), (2012, 'using an online learning management system for coachi'))
keywords : frozenset({'medical education', 'applied psychology', 'pedagogy', 'multimedia', 'mathematics education'})

firstname : martha
lastname : martin
middlename : virginia woolf
year : 1997
year_papertitle : ((1997, 'using video based cases to situate pedagogical problems influences on preservice teachers learning and implementation of instruction'),)
keywords : frozenset({'educational technology', 'teacher education', 'mathematics education', 'curriculum development'})

11/10 positive, 22/10 negative
Do these records refer to the same thing?
(y)es / (n)o / (u)nsure / (f)inished / (p)revious
firstname : christina
lastname : rodriguez
middlename : m
year : 1989
year_papertitle : ((1989, 'depression anxiety and attributional style in learning disabled and non learning disabled children'), (1993, 'relationships between maternal parenting stress and child disruptive behavior'), (1994, 'behavioral upset in medical patients revised evaluation of a parent report measure of distress for pediatric populations'), (1996, 'a skillful guide through the field of depression in children'))
keywords : frozenset({'clinical psychology', 'developmental psychology', 'psychiatry'})

firstname : christine
lastname : rodriguez
middlename : None
year : 2014
year_papertitle : ((2014, 'the experiences of mexican husbands of breast cancer survivors'),)
keywords : frozenset({'individual family studies', 'oncology', 'psychology'})

11/10 positive, 23/10 negative
Do these records refer to the same thing?
(y)es / (n)o / (u)nsure / (f)inished / (p)revious
firstname : maria
lastname : ocadiz
middlename : del pilar
year : 1994
year_papertitle : ((1994, 'literacy social movements and class consciousness paths from freire and the sao paulo experience'), (1998, 'education and democracy paulo freire social movements and educational reform in sao paulo'))
keywords : frozenset({'social science', 'pedagogy'})

firstname : maria
lastname : lerma
middlename : del pilar
year : 2010
year_papertitle : ((2010, 'wired and engaged student engagement in online learning at the community college level'),)
keywords : frozenset({'educational technology', 'community college education', 'pedagogy'})

11/10 positive, 24/10 negative
Do these records refer to the same thing?
(y)es / (n)o / (u)nsure / (f)inished / (p)revious
firstname : jennifer
lastname : torres
middlename : m c
year : 2008
year_papertitle : ((2008, 'sexual harassment policies in k 12 schools examining accessibility to students and content'), (2009, 'birthing ethics what mothers families childbirth educators nurses and physicians should know about the ethics of childbirth'), (2011, 'privates pee pees and coochies gender and genital labeling for with young children'), (2013, 'breast milk and labour support lactation consultants and doulas strategies for navigating the medical context of maternity care'), (2014, 'consumer information on fetal heart rate monitoring during labor a content analysis a content analysis'), (2014, 'medicalizing to demedicalize lactation consultants and the de medicalization of breastfeeding'), (2014, 'where did i come from us parents and preschool children s participation in sexual socialisation'))
keywords : frozenset({'public relations', 'nursing', 'developmental psychology', 'engineering ethics', 'medical emergency', 'social psychology'})

firstname : jennifer
lastname : vendemia
middlename : m c
year : 1999
year_papertitle : ((1999, 'repressors vs low and high anxious coping styles eeg heart rate and blood pressure differences during cognitive and cold pain stressors'),)
keywords : frozenset({'psychology', 'experiments', 'cognitive therapy', 'physiological psychology'})

11/10 positive, 25/10 negative
Do these records refer to the same thing?
(y)es / (n)o / (u)nsure / (f)inished / (p)revious
firstname : yan
lastname : huang
middlename : None
year : 2016
year_papertitle : ((2016, 'a tale of two sources in native advertising examining the effects of source credibility and priming on content organizations and media evaluations'), (2016, 'effects of cultural tailoring on persuasion in cancer communication a meta analysis'), (2017, 'chapter 12 absorption and meaningfulness examining the relationship between eudaimonic media use and engagement'), (2017, 'going native on social media the effects of social media characteristics on native ad effectiveness'), (2017, 'threat appeals the fear persuasion relationship is linear and curvilinear'), (2018, 'communicating corporate social responsibility csr on social media how do message source and types of csr messages influence stakeholders perceptions'), (2019, 'reach across the aisle elevation from political messages predicts increased positivity toward politics political participation and the opposite political party'), (2020, 'encouraging volunteering in nonprofit organizations the role of organizational inclusion and volunteer need satisfaction'), (2020, 'exploring the effects of compliance non compliance message framing desirability of end states and brand zealotry on consumers responses to wearables advertising'), (2020, 'marketing processed organic foods the impact of promotional message framing vice vs virtue advertising on perceptions of healthfulness'))
keywords : frozenset({'applied psychology', 'political economy', 'internet privacy', 'developmental psychology', 'advertising', 'social psychology', 'marketing'})

firstname : ying
lastname : huang
middlename : None
year : 2011
year_papertitle : ((2011, 'constructing the west in chinese magazine advertising a content and semiotic analysis'),)
keywords : frozenset({'mass communications', 'marketing', 'communication'})

11/10 positive, 26/10 negative
Do these records refer to the same thing?
(y)es / (n)o / (u)nsure / (f)inished / (p)revious
firstname : so
lastname : kim
middlename : yoon
year : 2018
year_papertitle : ((2018, 'commentary on social skills training curricula for individuals with asd social interaction authenticity and stigma'), (2018, 'english is my only weapon neoliberal language ideologies and youth metadiscourse in south korea'), (2019, 'a meta regression analysis of quality of life correlates in adults with asd'), (2019, 'a systematic review and meta regression analysis of social functioning correlates in autism and typical development'), (2019, 'college students evaluations and reasoning about exclusion of students with autism and learning disability context and goals may matter more than contact'), (2019, 'friendship expectations may be similar for mental age matched children with autism spectrum disorder and typically developing children'), (2019, 'responses to vignettes depicting friendship transgressions similarities and differences in children with and without autism spectrum disorder'), (2019, 'the experiences of adults with autism spectrum disorder self determination and quality of life'), (2019, 'the stability of joint engagement states in infant siblings of children with and without asd implications for measurement practices'), (2020, 'they can even make waiting in line fun a quantitative content analysis of autistic children s friendship conceptualizations'))
keywords : frozenset({'clinical psychology', 'social psychology', 'pedagogy', 'developmental psychology'})

firstname : jongho
lastname : kim
middlename : None
year : 2015
year_papertitle : ((2015, 'leisure stress coping and health in university employees'),)
keywords : frozenset({'clinical psychology', 'health education', 'alternative medicine'})

11/10 positive, 27/10 negative
Do these records refer to the same thing?
(y)es / (n)o / (u)nsure / (f)inished / (p)revious
firstname : katharine
lastname : snyder
middlename : a
year : 1996
year_papertitle : ((1996, 'auditory affect perception in a dichotic listening paradigm as a function of verbal fluency classification'), (1997, 'the affective auditory verbal learning test'), (1998, 'the affective auditory verbal learning test peripheral arousal correlates'))
keywords : frozenset({'cognitive psychology', 'audiology', 'developmental psychology'})

firstname : katie
lastname : snyder
middlename : elizabeth
year : 2012
year_papertitle : ((2012, 'developmental pathways in underachievement'),)
keywords : frozenset({'education', 'developmental psychology'})

11/10 positive, 28/10 negative
Do these records refer to the same thing?
(y)es / (n)o / (u)nsure / (f)inished / (p)revious
firstname : nancy
lastname : cochran
middlename : h
year : 2003
year_papertitle : ((2003, 'person centered play therapy for adults with developmental disabilities'),)
keywords : frozenset({'psychotherapist', 'developmental psychology'})

firstname : nancy
lastname : cochran
middlename : e
year : 2008
year_papertitle : ((2008, 'the relationship of spirituality and existentialism with positive adult adjustment'),)
keywords : frozenset({'theology', 'psychology'})

11/10 positive, 29/10 negative
Do these records refer to the same thing?
(y)es / (n)o / (u)nsure / (f)inished / (p)revious
firstname : jan
lastname : hanson
middlename : e
year : 2012
year_papertitle : ((2012, 'measuring hiv self management in women living with hiv aids a psychometric evaluation study of the hiv self management scale'), (2013, 'improving sleep hygiene behavior in adults living with hiv aids a randomized control pilot study of the systemchangetm hiv intervention'), (2013, 'the rationale design and initial efficacy of systemchange hiv a systems based intervention to improve physical activity in people living with hiv'), (2014, 'age stress and isolation in older adults living with hiv'), (2014, 'pt432 promoting primary prevention of rheumatic heart disease in uganda a qualitative study of group a streptococcal pharyngitis awareness in urban and rural communities'), (2014, 'spirituality and optimism a holistic approach to component based self management treatment for hiv'), (2015, 'appreciating reasons for nonadherence in women'))
keywords : frozenset({'clinical psychology', 'bioinformatics', 'gerontology', 'psychiatry', 'intensive care medicine', 'physical therapy', 'family medicine'})

firstname : janet
lastname : hanson
middlename : bard
year : 1988
year_papertitle : ((1988, 'a comparison of computer based and paper and pencil methods of testing elementary school children'),)
keywords : frozenset({'educational tests measurements', 'quantitative psychology', 'educational technology'})

11/10 positive, 30/10 negative
Do these records refer to the same thing?
(y)es / (n)o / (u)nsure / (f)inished / (p)revious
firstname : pei
lastname : xu
middlename : None
year : 2015
year_papertitle : ((2015, 'fisheries to school in alaska a food service directors perspective'), (2016, 'factors affecting salmon preferences of alaska children and their parents'))
keywords : frozenset({'advertising', 'marketing', 'developmental psychology'})

firstname : fei
lastname : xu
middlename : None
year : 1995
year_papertitle : ((1995, 'criteria for object individuation and numerical identity in infants and adults the object first hypothesis'),)
keywords : frozenset({'linguistics', 'developmental psychology'})

11/10 positive, 31/10 negative
Do these records refer to the same thing?
(y)es / (n)o / (u)nsure / (f)inished / (p)revious
firstname : youngyon
lastname : lee
middlename : None
year : 1997
year_papertitle : ((1997, 'using active supervision and precorrection to improve transition behaviors in an elementary school'), (1999, 'using an instructional intervention to reduce problem and off task behaviors'))
keywords : frozenset({'cognitive psychology', 'social psychology', 'applied psychology'})

firstname : soong
lastname : lee
middlename : hyun
year : 1990
year_papertitle : ((1990, 'social support and relapse in major depression'),)
keywords : frozenset({'psychotherapy', 'public health', 'social psychology'})

11/10 positive, 32/10 negative
Do these records refer to the same thing?
(y)es / (n)o / (u)nsure / (f)inished / (p)revious
firstname : dong
lastname : kim
middlename : hoo
year : 2013
year_papertitle : ((2013, 'gucci versus old navy interplay of brand personality and regulatory focus in advertising persuasion'), (2015, 'the real me or the ideal me a match between self concept and ad message framing'), (2016, 'are you on timeline or news feed the roles of facebook pages and construal level in increasing ad effectiveness'), (2017, 'do you prefer pinterest or instagram the role of image sharing snss and self monitoring in enhancing ad effectiveness'), (2018, 'brand personality usage in crisis communication in facebook'), (2018, 'the influence of self concept on ad effectiveness interaction between self concept and construal levels on effectiveness of advertising'), (2018, 'where i come from determines how i construe my future the fit effect of culture temporal distance and construal level'), (2019, 'actual dove versus ideal l oreal impact of self related brand image on advertising persuasiveness'), (2019, 'effects of gay themed advertising among young heterosexual adults from u s and south korea'), (2019, 'how do you feel about a disease the effect of psychological distance towards a disease on health communication'))
keywords : frozenset({'advertising', 'social psychology'})

firstname : wonkyung
lastname : kim
middlename : None
year : 1998
year_papertitle : ((1998, 'social withdrawal and psychological well being in older adults'),)
keywords : frozenset({'gerontology', 'psychotherapy', 'social psychology', 'physiological psychology'})

11/10 positive, 33/10 negative
Do these records refer to the same thing?
(y)es / (n)o / (u)nsure / (f)inished / (p)revious
firstname : maria
lastname : salazar
middlename : del carmen
year : 2004
year_papertitle : ((2004, 'the transformative potential of humanizing pedagogy addressing the diverse needs of chicano mexicano students'), (2008, 'the transformation of ms corazon creating humanizing spaces for mexican immigrant students in secondary esl classrooms'), (2009, 'teaching in the line of fire faculty of color in the academy'), (2011, 'challenging majoritarian tales portraits of bilingual teachers deconstructing deficit views of bilingual learners'))
keywords : frozenset({'pedagogy'})

firstname : maria
lastname : grau
middlename : del carmen
year : 1991
year_papertitle : ((1991, 'variables affecting the defense mechanisms in patients with acquired immune deficiency syndrome'),)
keywords : frozenset({'mental health', 'psychotherapy'})

11/10 positive, 34/10 negative
Do these records refer to the same thing?
(y)es / (n)o / (u)nsure / (f)inished / (p)revious
firstname : jo
lastname : luckie
middlename : ann c
year : 1996
year_papertitle : ((1996, 'principles and practices in the gerontology instruction leading to the texas basic certificate in gerontology'), (1999, 'case studies on success variables in older adult learner programs'))
keywords : frozenset({'gerontology', 'medical education', 'pedagogy'})

firstname : jo
lastname : alexander
middlename : ann c
year : 1989
year_papertitle : ((1989, 'pre adolescent survivorship following the suicide of a classmate'),)
keywords : frozenset({'psychotherapy', 'educational psychology', 'academic guidance counseling'})

11/10 positive, 35/10 negative
Do these records refer to the same thing?
(y)es / (n)o / (u)nsure / (f)inished / (p)revious
firstname : marsha
lastname : landau
middlename : None
year : 1984
year_papertitle : ((1984, 'the benefits of summer programming for gifted adolescents'), (1985, 'toward developing an appropriate math science curriculum for gifted learners'))
keywords : frozenset({'pedagogy', 'mathematics education', 'developmental psychology'})

firstname : mark
lastname : landau
middlename : j
year : 2007
year_papertitle : ((2007, 'the poetry of everyday life toward a metaphor enriched social cognition'),)
keywords : frozenset({'social psychology'})

11/10 positive, 36/10 negative
Do these records refer to the same thing?
(y)es / (n)o / (u)nsure / (f)inished / (p)revious
firstname : nirav
lastname : patel
middlename : n
year : 2018
year_papertitle : ((2018, 'convergent thinking and traumatic brain injury an investigation of performance on the remote associate test'), (2020, 'consequences of covid 19 a survey of individuals with chronic traumatic brain injury'), (2020, 'traumatic brain injury and creative divergent thinking'), (2021, 'disability and the covid 19 pandemic a survey of individuals with traumatic brain injury'))
keywords : frozenset({'cognitive psychology', 'clinical psychology', 'psychiatry', 'immunology'})

firstname : nilam
lastname : patel
middlename : None
year : 2014
year_papertitle : ((2014, 'interactions of anxiety and cognition influence of induced anxiety and cognitive load and individual differences in age and trait anxiety'),)
keywords : frozenset({'cognitive psychology', 'clinical psychology', 'experimental psychology'})

11/10 positive, 37/10 negative
Do these records refer to the same thing?
(y)es / (n)o / (u)nsure / (f)inished / (p)revious
firstname : sarah
lastname : smith
middlename : a
year : 2008
year_papertitle : ((2008, 'believing that intrusive thoughts can be immoral moderates the relationship between obsessions and compulsions for shame prone individuals'), (2011, 'self verification and social anxiety preference for negative social feedback and low social self esteem'))
keywords : frozenset({'clinical psychology', 'social psychology'})

firstname : sara
lastname : smith
middlename : jan
year : 1994
year_papertitle : ((1994, 'an ethnographically informed case study of an art teacher using right brain drawing instruction'),)
keywords : frozenset({'art education', 'educational psychology'})

11/10 positive, 38/10 negative
Do these records refer to the same thing?
(y)es / (n)o / (u)nsure / (f)inished / (p)revious
firstname : rina
lastname : kim
middlename : None
year : 2013
year_papertitle : ((2013, 'developing creativity through collaborative problem solving'), (2014, 'elementary teachers knowledge for teaching mathematics a review'), (2014, 'reading writing and discussing at the graduate level a guidebook for international students'), (2014, 'south korean elementary teachers mathematical knowledge for teaching numbers and operations'), (2014, 'south korean elementary teachers mathematics teaching efficacy beliefs implications for educational policy and research'), (2014, 'the history of base ten blocks why and who made base ten blocks'), (2014, 'the recovery of students autonomy for future curriculum aesthetics of conflicts'), (2014, 'using technology in mathematics classrooms with u learning a story from south korea'), (2015, 'mathematics teaching and learning'), (2015, 'mathematics teaching and learning south korean elementary teachers mathematical knowledge for teaching'))
keywords : frozenset({'pedagogy', 'mathematics education', 'engineering ethics'})

firstname : mina
lastname : kim
middlename : None
year : 2010
year_papertitle : ((2010, 'conflict and harmony during interaction of preschool children influences of relationship status of dyads'),)
keywords : frozenset({'early childhood education', 'psychology', 'developmental psychology'})

11/10 positive, 39/10 negative
Do these records refer to the same thing?
(y)es / (n)o / (u)nsure / (f)inished / (p)revious
Finished labeling
INFO:rlr.crossvalidation:using cross validation to find optimum alpha...
INFO:rlr.crossvalidation:optimum alpha: 0.000010, score 0.6323784061911352
INFO:dedupe.training:Final predicate set:
INFO:dedupe.training:SimplePredicate: (tokenFieldPredicate, lastname)
Done in 40.3509920279185 minutes.
