/home/christoph/anaconda3/envs/science-career-tempenv/lib/python3.9/site-packages/numpy/core/getlimits.py:500: UserWarning: The value of the smallest subnormal for <class 'numpy.float64'> type is zero.
  setattr(self, word, getattr(machar, word).flat[0])
/home/christoph/anaconda3/envs/science-career-tempenv/lib/python3.9/site-packages/numpy/core/getlimits.py:89: UserWarning: The value of the smallest subnormal for <class 'numpy.float64'> type is zero.
  return self._float_to_str(self.smallest_subnormal)
/home/christoph/anaconda3/envs/science-career-tempenv/lib/python3.9/site-packages/numpy/core/getlimits.py:500: UserWarning: The value of the smallest subnormal for <class 'numpy.float32'> type is zero.
  setattr(self, word, getattr(machar, word).flat[0])
/home/christoph/anaconda3/envs/science-career-tempenv/lib/python3.9/site-packages/numpy/core/getlimits.py:89: UserWarning: The value of the smallest subnormal for <class 'numpy.float32'> type is zero.
  return self._float_to_str(self.smallest_subnormal)
Namespace(testing=False, verbose=1, field=['mathematics'], train_name='christoph_baseline_update', startyear=1985, endyear=2022, mergemode='m:1', recall=0.9, institution='True', fieldofstudy_cat='False', fieldofstudy_str='False', keywords='False', retrain='True', linking_type='advisors')
Have max 6 cores available
Testing is False 

finished setup ... 
firstname : hadi
lastname : charkhgard
middlename : None
year_range : (2021,)
main_us_institutions_year : ((2021, 'university of south florida'),)
all_us_institutions_year : ((2021, 'university of south florida'),)

firstname : hadi
lastname : charkhgard
middlename : None
year_range : (2011, 2021)
main_us_institutions_year : ((2018, 'university of south florida'), (2019, 'university of south florida'), (2020, 'university of south florida'), (2021, 'university of south florida'))
all_us_institutions_year : ((2018, 'university of south florida'), (2019, 'university of south florida'), (2020, 'university of south florida'), (2021, 'university of south florida'))

0/10 positive, 0/10 negative
Do these records refer to the same thing?
(y)es / (n)o / (u)nsure / (f)inished
Preparing temp tables for info of proquest authors... 


        SELECT relationship_id
                , year
                , year AS year_range
                , firstname 
                , lastname
                , CASE TRIM(SUBSTR(middle_lastname, 1, l_fullname-l_firstname-l_lastname - 1)) 
                    WHEN 
                        "" THEN NULL 
                        ELSE TRIM(SUBSTR(middle_lastname, 1, l_fullname-l_firstname-l_lastname - 1)) 
                    END AS middlename
                , fieldofstudy
                , keywords
                , institution
                , year || "//" || institution as main_us_institutions_year
                , year || "//" || institution as all_us_institutions_year
        FROM (
            SELECT goid
                , relationship_id
                , degree_year AS year 
                , a.fullname 
                , SUBSTR(TRIM(a.fullname),1,instr(trim(a.fullname)||' ',' ')-1) AS firstname
                , REPLACE(a.fullname, RTRIM(a.fullname, REPLACE(a.fullname, " ", "")), "") AS lastname 
                , TRIM(SUBSTR(a.fullname, length(SUBSTR(TRIM(a.fullname),1,instr(trim(a.fullname)||' ',' ')-1)) + 1)) AS middle_lastname 
                , length(a.fullname) AS l_fullname 
                , length(SUBSTR(TRIM(a.fullname),1,instr(trim(a.fullname)||' ',' ')-1) ) AS l_firstname
                , length(REPLACE(a.fullname, RTRIM(a.fullname, REPLACE(a.fullname, " ", "")), "")) AS l_lastname
                , fieldname AS fieldofstudy
                , university_id
            FROM pq_authors 
            INNER JOIN (
                SELECT goid, fieldname 
                FROM pq_fields_mag
                WHERE mag_field0 IN (?)
            ) USING (goid)
            INNER JOIN ( --# NOTE: this only keeps the theses where at least one advisor is present
                SELECT *, firstname || ' ' || lastname AS fullname
                FROM pq_advisors
            ) AS a USING(goid)
        )
        -- ## NOTE: use left join here as not all graduates have advisor (particularly pre-1980) and possibly also keywords
        LEFT JOIN pq_keywords USING(goid) 
        INNER JOIN (
            SELECT university_id, normalizedname as institution
            FROM pq_unis --## mark: previously we linked advisors anywhere in the world (as career outcomes). for now, focus on US
            WHERE location like "%United States%"
        ) USING(university_id)
        WHERE year >= 1985 and year <= 2022 AND length(firstname) > 1
         


    SELECT f.AuthorId
        , f.year
        , f.YearLastPub
        , f.firstname
        , f.lastname
        , CASE TRIM(SUBSTR(f.middle_lastname, 1, f.l_fullname - f.l_firstname - f.l_lastname - 1)) 
            WHEN 
                "" THEN NULL 
                ELSE TRIM(SUBSTR(f.middle_lastname, 1, f.l_fullname - f.l_firstname - f.l_lastname - 1)) 
            END as middlename 
            -- ## NOTE this gives "" for middlename when it is missing 
        , f.fieldofstudy
        , g.keywords
        , g.coauthors
        , g.institution
        , g.main_us_institutions_year
         
        , f.year || ";" || f.YearLastPub AS year_range 
        , g.all_us_institutions_year
    
    FROM (
        SELECT a.AuthorId
            , a.YearFirstPub AS year
            , a.YearLastPub 
            , a.FirstName AS firstname
            , REPLACE(b.NormalizedName, RTRIM(b.NormalizedName, REPLACE(b.NormalizedName, " ", "")), "") AS lastname 
                    -- https://stackoverflow.com/questions/21388820/how-to-get-the-last-index-of-a-substring-in-sqlite
            , TRIM(SUBSTR(b.NormalizedName, length(a.FirstName) + 1)) AS middle_lastname 
                    -- this gives all except the first name 
            , length(b.NormalizedName) as l_fullname 
            , length(a.FirstName) as l_firstname
            , length(REPLACE(b.NormalizedName, RTRIM(b.NormalizedName, REPLACE(b.NormalizedName, " ", "")), "")) as l_lastname
            , e.NormalizedName AS fieldofstudy
        FROM author_sample AS a
        INNER JOIN (
            SELECT AuthorId, NormalizedName
            FROM Authors
        ) AS b USING(AuthorId)
        INNER JOIN (
            -- ## mark: different from linking graduates. filter on field0
            SELECT AuthorId, NormalizedName
            FROM author_fields c
            INNER JOIN (
                SELECT FieldOfStudyId, NormalizedName
                FROM FieldsOfStudy
            ) AS d USING(FieldOfStudyId)
            WHERE FieldClass = 'main'
                AND FieldOfStudyId IN (?)
        ) AS e USING(AuthorId)
    ) f
    LEFT JOIN (
        SELECT AuthorId
                , main_us_institutions_career as institution
                , coauthors
                , keywords
                , main_us_institutions_year
                , all_us_institutions_year
        FROM author_info_linking
    ) AS g USING(AuthorId)
    
    WHERE length(firstname) > 1 AND f.YearLastPub >= 1985 - 5 AND year <= 2022 + 5 AND institution is not NULL
     

Starting active labeling...
(y)es / (n)o / (u)nsure / (f)inished
firstname : vladimir
lastname : rokhlin
middlename : None
year_range : (2015,)
main_us_institutions_year : ((2015, 'yale university'),)
all_us_institutions_year : ((2015, 'yale university'),)

firstname : vladimir
lastname : rokhlin
middlename : None
year_range : (1983, 2020)
main_us_institutions_year : ((1987, 'yale university'), (1988, 'yale university'), (1989, 'yale university'), (1990, 'yale university'), (1991, 'yale university'), (1992, 'yale university'), (1994, 'yale university'), (1995, 'yale university'), (1997, 'yale university'), (1998, 'yale university'), (1999, 'yale university'), (2000, 'yale university'), (2001, 'yale university'), (2003, 'yale university'), (2004, 'yale university'), (2005, 'yale university'), (2006, 'yale university'), (2007, 'yale university'), (2008, 'yale university'), (2009, 'yale university'), (2010, 'yale university'), (2011, 'yale university'), (2013, 'yale university'), (2015, 'yale university'), (2016, 'yale university'), (2017, 'yale university'), (2019, 'yale university'), (2020, 'yale university'))
all_us_institutions_year : ((1987, 'yale university'), (1988, 'courant institute of mathematical sciences'), (1988, 'yale university'), (1989, 'yale university'), (1990, 'yale university'), (1991, 'yale university'), (1992, 'rockwell international'), (1992, 'yale university'), (1993, 'yale university'), (1994, 'yale university'), (1995, 'yale university'), (1997, 'yale university'), (1998, 'yale university'), (1999, 'yale university'), (2000, 'yale university'), (2001, 'yale university'), (2003, 'yale university'), (2004, 'yale university'), (2005, 'yale university'), (2006, 'university of colorado boulder'), (2006, 'yale university'), (2007, 'yale university'), (2008, 'yale university'), (2009, 'yale university'), (2010, 'yale university'), (2011, 'yale university'), (2013, 'yale university'), (2015, 'yale university'), (2016, 'yale university'), (2017, 'yale university'), (2019, 'yale university'), (2020, 'yale university'))

0/10 positive, 0/10 negative
Do these records refer to the same thing?
(y)es / (n)o / (u)nsure / (f)inished / (p)revious
firstname : hadi
lastname : charkhgard
middlename : None
year_range : (2021,)
main_us_institutions_year : ((2021, 'university of south florida'),)
all_us_institutions_year : ((2021, 'university of south florida'),)

firstname : hadi
lastname : charkhgard
middlename : None
year_range : (2011, 2021)
main_us_institutions_year : ((2018, 'university of south florida'), (2019, 'university of south florida'), (2020, 'university of south florida'), (2021, 'university of south florida'))
all_us_institutions_year : ((2018, 'university of south florida'), (2019, 'university of south florida'), (2020, 'university of south florida'), (2021, 'university of south florida'))

0/10 positive, 0/10 negative
Do these records refer to the same thing?
(y)es / (n)o / (u)nsure / (f)inished
firstname : vladimir
lastname : rokhlin
middlename : None
year_range : (2015,)
main_us_institutions_year : ((2015, 'yale university'),)
all_us_institutions_year : ((2015, 'yale university'),)

firstname : vladimir
lastname : rokhlin
middlename : None
year_range : (1983, 2020)
main_us_institutions_year : ((1987, 'yale university'), (1988, 'yale university'), (1989, 'yale university'), (1990, 'yale university'), (1991, 'yale university'), (1992, 'yale university'), (1994, 'yale university'), (1995, 'yale university'), (1997, 'yale university'), (1998, 'yale university'), (1999, 'yale university'), (2000, 'yale university'), (2001, 'yale university'), (2003, 'yale university'), (2004, 'yale university'), (2005, 'yale university'), (2006, 'yale university'), (2007, 'yale university'), (2008, 'yale university'), (2009, 'yale university'), (2010, 'yale university'), (2011, 'yale university'), (2013, 'yale university'), (2015, 'yale university'), (2016, 'yale university'), (2017, 'yale university'), (2019, 'yale university'), (2020, 'yale university'))
all_us_institutions_year : ((1987, 'yale university'), (1988, 'courant institute of mathematical sciences'), (1988, 'yale university'), (1989, 'yale university'), (1990, 'yale university'), (1991, 'yale university'), (1992, 'rockwell international'), (1992, 'yale university'), (1993, 'yale university'), (1994, 'yale university'), (1995, 'yale university'), (1997, 'yale university'), (1998, 'yale university'), (1999, 'yale university'), (2000, 'yale university'), (2001, 'yale university'), (2003, 'yale university'), (2004, 'yale university'), (2005, 'yale university'), (2006, 'university of colorado boulder'), (2006, 'yale university'), (2007, 'yale university'), (2008, 'yale university'), (2009, 'yale university'), (2010, 'yale university'), (2011, 'yale university'), (2013, 'yale university'), (2015, 'yale university'), (2016, 'yale university'), (2017, 'yale university'), (2019, 'yale university'), (2020, 'yale university'))

1/10 positive, 0/10 negative
Do these records refer to the same thing?
(y)es / (n)o / (u)nsure / (f)inished / (p)revious
firstname : paul
lastname : kirk
middlename : a
year_range : (2017,)
main_us_institutions_year : ((2017, 'indiana university'),)
all_us_institutions_year : ((2017, 'indiana university'),)

firstname : paul
lastname : kirk
middlename : None
year_range : (1989, 2020)
main_us_institutions_year : ((1989, 'brandeis university'), (1990, 'california institute of technology'), (1991, 'california institute of technology'), (1993, 'indiana university'), (1994, 'indiana university'), (1997, 'indiana university'), (1998, 'indiana university'), (1999, 'indiana university'), (2001, 'indiana university'), (2003, 'indiana university'), (2004, 'indiana university'), (2008, 'indiana university'), (2009, 'indiana university'), (2010, 'indiana university'), (2012, 'indiana university'), (2012, 'michigan state university'), (2014, 'indiana university'), (2017, 'indiana university'), (2018, 'indiana university'), (2020, 'indiana university'))
all_us_institutions_year : ((1988, 'brandeis university'), (1989, 'brandeis university'), (1990, 'california institute of technology'), (1991, 'california institute of technology'), (1993, 'indiana university'), (1994, 'indiana university'), (1997, 'indiana university'), (1998, 'indiana university'), (1999, 'indiana university'), (2000, 'indiana university'), (2001, 'indiana university'), (2002, 'indiana university'), (2003, 'indiana university'), (2004, 'indiana university'), (2005, 'indiana university'), (2006, 'indiana university'), (2007, 'indiana university'), (2008, 'indiana university'), (2009, 'indiana university'), (2010, 'indiana university'), (2010, 'michigan state university'), (2012, 'indiana university'), (2012, 'michigan state university'), (2013, 'indiana university'), (2014, 'indiana university'), (2015, 'indiana university'), (2017, 'indiana university'), (2018, 'indiana university'), (2020, 'indiana university'))

2/10 positive, 0/10 negative
Do these records refer to the same thing?
(y)es / (n)o / (u)nsure / (f)inished / (p)revious
firstname : dave
lastname : bayer
middlename : None
year_range : (2009,)
main_us_institutions_year : ((2009, 'columbia university'),)
all_us_institutions_year : ((2009, 'columbia university'),)

firstname : dave
lastname : bayer
middlename : None
year_range : (1986, 2009)
main_us_institutions_year : ((1986, 'columbia university'), (1991, 'columbia university'), (1999, 'columbia university'), (2009, 'columbia university'))
all_us_institutions_year : ((1986, 'columbia university'), (1991, 'columbia university'), (1993, 'columbia university'), (1998, 'columbia university'), (1999, 'columbia university'), (2009, 'columbia university'))

3/10 positive, 0/10 negative
Do these records refer to the same thing?
(y)es / (n)o / (u)nsure / (f)inished / (p)revious
firstname : benson
lastname : farb
middlename : None
year_range : (2010,)
main_us_institutions_year : ((2010, 'university of chicago'),)
all_us_institutions_year : ((2010, 'university of chicago'),)

firstname : benson
lastname : farb
middlename : None
year_range : (1994, 2020)
main_us_institutions_year : ((1994, 'princeton university'), (1997, 'university of chicago'), (1998, 'university of chicago'), (1999, 'university of chicago'), (2000, 'university of chicago'), (2001, 'university of chicago'), (2002, 'university of chicago'), (2003, 'university of chicago'), (2004, 'university of chicago'), (2005, 'university of chicago'), (2006, 'university of chicago'), (2007, 'university of chicago'), (2008, 'university of chicago'), (2009, 'university of chicago'), (2010, 'university of chicago'), (2011, 'university of chicago'), (2012, 'university of chicago'), (2013, 'university of chicago'), (2014, 'university of chicago'), (2016, 'university of chicago'), (2017, 'university of chicago'), (2018, 'university of chicago'), (2019, 'university of chicago'), (2020, 'university of chicago'))
all_us_institutions_year : ((1993, 'princeton university'), (1994, 'princeton university'), (1995, 'university of chicago'), (1997, 'university of chicago'), (1998, 'university of chicago'), (1999, 'university of chicago'), (2000, 'university of chicago'), (2001, 'university of chicago'), (2002, 'university of chicago'), (2003, 'university of chicago'), (2004, 'university of chicago'), (2005, 'university of chicago'), (2006, 'university of chicago'), (2007, 'university of chicago'), (2008, 'university of chicago'), (2009, 'university of chicago'), (2010, 'university of chicago'), (2011, 'university of chicago'), (2012, 'university of chicago'), (2013, 'university of chicago'), (2014, 'university of chicago'), (2015, 'university of chicago'), (2016, 'university of chicago'), (2017, 'university of chicago'), (2018, 'university of chicago'), (2019, 'university of chicago'), (2020, 'university of chicago'))

4/10 positive, 0/10 negative
Do these records refer to the same thing?
(y)es / (n)o / (u)nsure / (f)inished / (p)revious
firstname : weinan
lastname : e
middlename : None
year_range : (2018,)
main_us_institutions_year : ((2018, 'princeton university'),)
all_us_institutions_year : ((2018, 'princeton university'),)

firstname : weinan
lastname : e
middlename : None
year_range : (2004, 2013)
main_us_institutions_year : ((2004, 'princeton university'), (2009, 'princeton university'), (2012, 'princeton university'))
all_us_institutions_year : ((2004, 'princeton university'), (2009, 'princeton university'), (2012, 'princeton university'))

5/10 positive, 0/10 negative
Do these records refer to the same thing?
(y)es / (n)o / (u)nsure / (f)inished / (p)revious
firstname : christoph
lastname : hoffmann
middlename : m
year_range : (1998,)
main_us_institutions_year : ((1998, 'purdue university'),)
all_us_institutions_year : ((1998, 'purdue university'),)

firstname : christoph
lastname : hoffman
middlename : m
year_range : (1994, 2010)
main_us_institutions_year : ((1994, 'purdue university'), (2001, 'purdue university'), (2010, 'purdue university'))
all_us_institutions_year : ((1994, 'purdue university'), (2001, 'purdue university'), (2002, 'purdue university'), (2010, 'purdue university'))

6/10 positive, 0/10 negative
Do these records refer to the same thing?
(y)es / (n)o / (u)nsure / (f)inished / (p)revious
firstname : maxim
lastname : olshanskiy
middlename : None
year_range : (2020,)
main_us_institutions_year : ((2020, 'university of houston'),)
all_us_institutions_year : ((2020, 'university of houston'),)

firstname : maxim
lastname : olshanskii
middlename : a
year_range : (1995, 2021)
main_us_institutions_year : ((2013, 'university of houston'), (2014, 'university of houston'), (2015, 'university of houston'), (2016, 'university of houston'), (2017, 'university of houston'), (2018, 'university of houston'), (2019, 'university of houston'), (2020, 'university of houston'), (2021, 'university of houston'))
all_us_institutions_year : ((2012, 'university of houston'), (2013, 'university of houston'), (2014, 'university of houston'), (2015, 'university of houston'), (2016, 'university of houston'), (2017, 'university of houston'), (2018, 'university of houston'), (2019, 'university of houston'), (2020, 'university of houston'), (2021, 'university of houston'))

7/10 positive, 0/10 negative
Do these records refer to the same thing?
(y)es / (n)o / (u)nsure / (f)inished / (p)revious
firstname : yan
lastname : li
middlename : None
year_range : (2013,)
main_us_institutions_year : ((2013, 'university of texas at arlington'),)
all_us_institutions_year : ((2013, 'university of texas at arlington'),)

firstname : yan
lastname : lin
middlename : None
year_range : (2009, 2018)
main_us_institutions_year : ((2009, 'university of texas md anderson cancer center'), (2010, 'university of texas md anderson cancer center'), (2018, 'university of texas md anderson cancer center'))
all_us_institutions_year : ((2009, 'university of texas md anderson cancer center'), (2010, 'university of texas md anderson cancer center'), (2018, 'university of texas md anderson cancer center'))

8/10 positive, 0/10 negative
Do these records refer to the same thing?
(y)es / (n)o / (u)nsure / (f)inished / (p)revious
firstname : henryk
lastname : wozniakowski
middlename : None
year_range : (2005,)
main_us_institutions_year : ((2005, 'columbia university'),)
all_us_institutions_year : ((2005, 'columbia university'),)

firstname : henryk
lastname : woniakowski
middlename : None
year_range : (2000, 2014)
main_us_institutions_year : ((2014, 'columbia university'),)
all_us_institutions_year : ((2011, 'columbia university'), (2014, 'columbia university'))

8/10 positive, 0/10 negative
Do these records refer to the same thing?
(y)es / (n)o / (u)nsure / (f)inished / (p)revious
firstname : yu
lastname : cheng
middlename : None
year_range : (2020,)
main_us_institutions_year : ((2020, 'university of pittsburgh'),)
all_us_institutions_year : ((2020, 'university of pittsburgh'),)

firstname : yu
lastname : chen
middlename : qing
year_range : (2008, 2020)
main_us_institutions_year : ((2008, 'wright state university'), (2020, 'wright state university'))
all_us_institutions_year : ((2008, 'wright state university'), (2019, 'wright state university'), (2020, 'wright state university'))

9/10 positive, 0/10 negative
Do these records refer to the same thing?
(y)es / (n)o / (u)nsure / (f)inished / (p)revious
firstname : jonathan
lastname : keller
middlename : None
year_range : (2015,)
main_us_institutions_year : ((2015, 'massachusetts institute of technology'),)
all_us_institutions_year : ((2015, 'massachusetts institute of technology'),)

firstname : jonathan
lastname : kelner
middlename : a
year_range : (1998, 2020)
main_us_institutions_year : ((2000, 'harvard university'), (2001, 'harvard university'), (2002, 'harvard university'), (2004, 'massachusetts institute of technology'), (2006, 'massachusetts institute of technology'), (2006, 'harvard university'), (2007, 'massachusetts institute of technology'), (2009, 'massachusetts institute of technology'), (2010, 'massachusetts institute of technology'), (2011, 'massachusetts institute of technology'), (2012, 'massachusetts institute of technology'), (2013, 'massachusetts institute of technology'), (2014, 'massachusetts institute of technology'), (2015, 'massachusetts institute of technology'), (2016, 'massachusetts institute of technology'), (2017, 'massachusetts institute of technology'), (2018, 'massachusetts institute of technology'), (2019, 'massachusetts institute of technology'), (2020, 'massachusetts institute of technology'))
all_us_institutions_year : ((2000, 'harvard university'), (2001, 'harvard university'), (2002, 'harvard university'), (2004, 'massachusetts institute of technology'), (2006, 'harvard university'), (2006, 'massachusetts institute of technology'), (2007, 'massachusetts institute of technology'), (2009, 'massachusetts institute of technology'), (2010, 'massachusetts institute of technology'), (2011, 'massachusetts institute of technology'), (2012, 'massachusetts institute of technology'), (2013, 'massachusetts institute of technology'), (2014, 'massachusetts institute of technology'), (2015, 'massachusetts institute of technology'), (2016, 'massachusetts institute of technology'), (2017, 'massachusetts institute of technology'), (2018, 'massachusetts institute of technology'), (2019, 'massachusetts institute of technology'), (2020, 'massachusetts institute of technology'))

9/10 positive, 1/10 negative
Do these records refer to the same thing?
(y)es / (n)o / (u)nsure / (f)inished / (p)revious
firstname : charles
lastname : schmidt
middlename : p
year_range : (2007,)
main_us_institutions_year : ((2007, 'university of alabama'),)
all_us_institutions_year : ((2007, 'university of alabama'),)

firstname : charles
lastname : sox
middlename : r
year_range : (1992, 2016)
main_us_institutions_year : ((1992, 'cornell university'), (1996, 'auburn university'), (1997, 'auburn university'), (1999, 'auburn university'), (2002, 'auburn university'), (2005, 'university of alabama'), (2007, 'university of alabama'), (2010, 'university of alabama'), (2011, 'university of alabama'), (2012, 'university of alabama'), (2014, 'university of alabama'), (2015, 'university of alabama'), (2016, 'university of alabama'))
all_us_institutions_year : ((1992, 'cornell university'), (1996, 'auburn university'), (1997, 'auburn university'), (1999, 'auburn university'), (2002, 'auburn university'), (2005, 'university of alabama'), (2007, 'university of alabama'), (2008, 'university of alabama'), (2010, 'university of alabama'), (2011, 'university of alabama'), (2012, 'university of alabama'), (2014, 'university of alabama'), (2015, 'university of alabama'), (2016, 'university of alabama'))

9/10 positive, 2/10 negative
Do these records refer to the same thing?
(y)es / (n)o / (u)nsure / (f)inished / (p)revious
firstname : harish
lastname : bhat
middlename : s
year_range : (2013,)
main_us_institutions_year : ((2013, 'university of california merced'),)
all_us_institutions_year : ((2013, 'university of california merced'),)

firstname : harish
lastname : bhatt
middlename : p
year_range : (2014, 2021)
main_us_institutions_year : ((2014, 'middle tennessee state university'), (2015, 'middle tennessee state university'), (2016, 'middle tennessee state university'), (2017, 'texas a m university corpus christi'), (2018, 'savannah state university'), (2020, 'utah valley university'), (2020, 'savannah state university'), (2021, 'utah valley university'))
all_us_institutions_year : ((2014, 'middle tennessee state university'), (2015, 'middle tennessee state university'), (2016, 'middle tennessee state university'), (2017, 'texas a m university corpus christi'), (2018, 'savannah state university'), (2019, 'savannah state university'), (2020, 'savannah state university'), (2020, 'utah valley university'), (2021, 'utah valley university'))

9/10 positive, 3/10 negative
Do these records refer to the same thing?
(y)es / (n)o / (u)nsure / (f)inished / (p)revious
firstname : hong
lastname : luo
middlename : None
year_range : (2018,)
main_us_institutions_year : ((2018, 'north carolina state university'),)
all_us_institutions_year : ((2018, 'north carolina state university'),)

firstname : hong
lastname : lu
middlename : None
year_range : (2015, 2016)
main_us_institutions_year : ((2015, 'michigan state university'),)
all_us_institutions_year : ((2015, 'michigan state university'),)

9/10 positive, 4/10 negative
Do these records refer to the same thing?
(y)es / (n)o / (u)nsure / (f)inished / (p)revious
firstname : yuan
lastname : liao
middlename : None
year_range : (2021,)
main_us_institutions_year : ((2021, 'rutgers university'),)
all_us_institutions_year : ((2021, 'rutgers university'),)

firstname : yuan
lastname : li
middlename : None
year_range : (2017, 2021)
main_us_institutions_year : ((2017, 'northeastern university'),)
all_us_institutions_year : ((2017, 'northeastern university'),)

9/10 positive, 5/10 negative
Do these records refer to the same thing?
(y)es / (n)o / (u)nsure / (f)inished / (p)revious
firstname : francesco
lastname : andruilli
middlename : p
year_range : (2012,)
main_us_institutions_year : ((2012, 'university of michigan'),)
all_us_institutions_year : ((2012, 'university of michigan'),)

firstname : francesco
lastname : andriulli
middlename : p
year_range : (2004, 2021)
main_us_institutions_year : ((2006, 'university of michigan'), (2007, 'university of michigan'), (2008, 'university of michigan'))
all_us_institutions_year : ((2006, 'university of michigan'), (2007, 'university of michigan'), (2008, 'university of michigan'), (2009, 'university of michigan'), (2010, 'university of michigan'))

9/10 positive, 6/10 negative
Do these records refer to the same thing?
(y)es / (n)o / (u)nsure / (f)inished / (p)revious
firstname : peter
lastname : may
middlename : None
year_range : (2011,)
main_us_institutions_year : ((2011, 'university of chicago'),)
all_us_institutions_year : ((2011, 'university of chicago'),)

firstname : nathaniel
lastname : mayer
middlename : None
year_range : (2017, 2020)
main_us_institutions_year : ((2017, 'university of chicago'), (2020, 'university of chicago'))
all_us_institutions_year : ((2017, 'university of chicago'), (2020, 'university of chicago'))

10/10 positive, 6/10 negative
Do these records refer to the same thing?
(y)es / (n)o / (u)nsure / (f)inished / (p)revious
firstname : shane
lastname : ross
middlename : d
year_range : (2016,)
main_us_institutions_year : ((2016, 'virginia tech'),)
all_us_institutions_year : ((2016, 'virginia tech'),)

firstname : john
lastname : rossi
middlename : None
year_range : (1981, 2014)
main_us_institutions_year : ((1981, 'university of hawaii'), (1982, 'university of hawaii'), (1982, 'purdue university'), (1983, 'purdue university'), (1984, 'virginia tech'), (1985, 'purdue university'), (1986, 'virginia tech'), (1987, 'virginia tech'), (1989, 'virginia tech'), (1993, 'virginia tech'), (1994, 'virginia tech'), (1995, 'virginia tech'), (1997, 'virginia tech'), (1998, 'virginia tech'), (1999, 'virginia tech'), (2001, 'virginia tech'), (2002, 'virginia tech'), (2004, 'virginia tech'), (2008, 'virginia tech'), (2009, 'virginia tech'), (2010, 'virginia tech'), (2011, 'virginia tech'), (2012, 'virginia tech'), (2014, 'virginia tech'))
all_us_institutions_year : ((1981, 'university of hawaii'), (1982, 'purdue university'), (1982, 'university of hawaii'), (1983, 'purdue university'), (1984, 'virginia tech'), (1985, 'purdue university'), (1985, 'virginia tech'), (1986, 'virginia tech'), (1987, 'virginia tech'), (1988, 'virginia tech'), (1989, 'virginia tech'), (1991, 'virginia tech'), (1993, 'virginia tech'), (1994, 'virginia tech'), (1995, 'virginia tech'), (1996, 'virginia tech'), (1997, 'virginia tech'), (1998, 'virginia tech'), (1999, 'virginia tech'), (2001, 'virginia tech'), (2002, 'virginia tech'), (2003, 'virginia tech'), (2004, 'virginia tech'), (2008, 'virginia tech'), (2009, 'virginia tech'), (2010, 'virginia tech'), (2011, 'virginia tech'), (2012, 'virginia tech'), (2014, 'virginia tech'), (2021, 'virginia tech'))

10/10 positive, 7/10 negative
Do these records refer to the same thing?
(y)es / (n)o / (u)nsure / (f)inished / (p)revious
firstname : mikhail
lastname : kapranov
middlename : None
year_range : (2013,)
main_us_institutions_year : ((2013, 'yale university'),)
all_us_institutions_year : ((2013, 'yale university'),)

firstname : mikhail
lastname : khovanov
middlename : None
year_range : (1995, 2021)
main_us_institutions_year : ((1996, 'yale university'), (1998, 'institute for advanced study'), (1999, 'princeton university'), (2001, 'university of california davis'), (2002, 'university of california davis'), (2004, 'university of california davis'), (2005, 'university of california davis'), (2006, 'columbia university'), (2007, 'columbia university'), (2008, 'columbia university'), (2009, 'columbia university'), (2009, 'institute for advanced study'), (2010, 'columbia university'), (2011, 'columbia university'), (2012, 'columbia university'), (2014, 'columbia university'), (2015, 'columbia university'), (2016, 'columbia university'), (2018, 'columbia university'), (2019, 'columbia university'), (2020, 'columbia university'), (2021, 'columbia university'))
all_us_institutions_year : ((1996, 'yale university'), (1997, 'institute for advanced study'), (1998, 'institute for advanced study'), (1999, 'princeton university'), (1999, 'university of california davis'), (2000, 'princeton university'), (2000, 'university of california davis'), (2001, 'university of california davis'), (2002, 'university of california davis'), (2003, 'university of california'), (2003, 'university of california davis'), (2004, 'columbia university'), (2004, 'university of california davis'), (2005, 'columbia university'), (2005, 'university of california'), (2005, 'university of california davis'), (2006, 'columbia university'), (2007, 'columbia university'), (2008, 'columbia university'), (2009, 'columbia university'), (2009, 'institute for advanced study'), (2010, 'columbia university'), (2011, 'columbia university'), (2012, 'columbia university'), (2014, 'columbia university'), (2015, 'columbia university'), (2016, 'columbia university'), (2017, 'columbia university'), (2018, 'columbia university'), (2019, 'columbia university'), (2020, 'columbia university'), (2021, 'columbia university'))

10/10 positive, 8/10 negative
Do these records refer to the same thing?
(y)es / (n)o / (u)nsure / (f)inished / (p)revious
firstname : mikhail
lastname : kapranov
middlename : None
year_range : (2016,)
main_us_institutions_year : ((2016, 'yale university'),)
all_us_institutions_year : ((2016, 'yale university'),)

firstname : mikhail
lastname : khovanov
middlename : None
year_range : (1995, 2021)
main_us_institutions_year : ((1996, 'yale university'), (1998, 'institute for advanced study'), (1999, 'princeton university'), (2001, 'university of california davis'), (2002, 'university of california davis'), (2004, 'university of california davis'), (2005, 'university of california davis'), (2006, 'columbia university'), (2007, 'columbia university'), (2008, 'columbia university'), (2009, 'columbia university'), (2009, 'institute for advanced study'), (2010, 'columbia university'), (2011, 'columbia university'), (2012, 'columbia university'), (2014, 'columbia university'), (2015, 'columbia university'), (2016, 'columbia university'), (2018, 'columbia university'), (2019, 'columbia university'), (2020, 'columbia university'), (2021, 'columbia university'))
all_us_institutions_year : ((1996, 'yale university'), (1997, 'institute for advanced study'), (1998, 'institute for advanced study'), (1999, 'princeton university'), (1999, 'university of california davis'), (2000, 'princeton university'), (2000, 'university of california davis'), (2001, 'university of california davis'), (2002, 'university of california davis'), (2003, 'university of california'), (2003, 'university of california davis'), (2004, 'columbia university'), (2004, 'university of california davis'), (2005, 'columbia university'), (2005, 'university of california'), (2005, 'university of california davis'), (2006, 'columbia university'), (2007, 'columbia university'), (2008, 'columbia university'), (2009, 'columbia university'), (2009, 'institute for advanced study'), (2010, 'columbia university'), (2011, 'columbia university'), (2012, 'columbia university'), (2014, 'columbia university'), (2015, 'columbia university'), (2016, 'columbia university'), (2017, 'columbia university'), (2018, 'columbia university'), (2019, 'columbia university'), (2020, 'columbia university'), (2021, 'columbia university'))

10/10 positive, 9/10 negative
Do these records refer to the same thing?
(y)es / (n)o / (u)nsure / (f)inished / (p)revious
firstname : qiang
lastname : ye
middlename : None
year_range : (2011,)
main_us_institutions_year : ((2011, 'university of kentucky'),)
all_us_institutions_year : ((2011, 'university of kentucky'),)

firstname : xiangdong
lastname : ye
middlename : None
year_range : (1993, 2021)
main_us_institutions_year : ((2018, 'chinese academy of sciences'),)
all_us_institutions_year : ((2016, 'chinese academy of sciences'), (2017, 'chinese academy of sciences'), (2018, 'chinese academy of sciences'))

10/10 positive, 10/10 negative
Do these records refer to the same thing?
(y)es / (n)o / (u)nsure / (f)inished / (p)revious
firstname : wei
lastname : lin
middlename : None
year_range : (2020,)
main_us_institutions_year : ((2020, 'ohio university'),)
all_us_institutions_year : ((2020, 'ohio university'),)

firstname : wenhsiung
lastname : lin
middlename : None
year_range : (1977, 1992)
main_us_institutions_year : ((1992, 'northwestern university'),)
all_us_institutions_year : ((1992, 'northwestern university'),)

10/10 positive, 11/10 negative
Do these records refer to the same thing?
(y)es / (n)o / (u)nsure / (f)inished / (p)revious
firstname : jian
lastname : huang
middlename : None
year_range : (2007,)
main_us_institutions_year : ((2007, 'university of iowa'),)
all_us_institutions_year : ((2007, 'university of iowa'),)

firstname : jianhua
lastname : huang
middlename : z
year_range : (1998, 2021)
main_us_institutions_year : ((1998, 'university of pennsylvania'), (2000, 'university of pennsylvania'), (2002, 'university of pennsylvania'), (2003, 'university of pennsylvania'), (2004, 'university of pennsylvania'), (2005, 'texas a m university'), (2006, 'texas a m university'), (2007, 'texas a m university'), (2008, 'texas a m university'), (2009, 'texas a m university'), (2010, 'texas a m university'), (2011, 'texas a m university'), (2012, 'texas a m university'), (2013, 'texas a m university'), (2014, 'texas a m university'), (2015, 'texas a m university'), (2016, 'texas a m university'), (2017, 'texas a m university'), (2018, 'texas a m university'), (2019, 'texas a m university'), (2020, 'texas a m university'))
all_us_institutions_year : ((1998, 'university of pennsylvania'), (2000, 'university of pennsylvania'), (2002, 'university of pennsylvania'), (2003, 'university of pennsylvania'), (2004, 'university of pennsylvania'), (2005, 'texas a m university'), (2006, 'texas a m university'), (2007, 'texas a m university'), (2008, 'texas a m university'), (2008, 'university of north carolina at chapel hill'), (2008, 'university of pennsylvania'), (2009, 'texas a m university'), (2010, 'texas a m university'), (2011, 'texas a m university'), (2012, 'texas a m university'), (2013, 'texas a m university'), (2014, 'texas a m university'), (2015, 'texas a m university'), (2016, 'texas a m university'), (2017, 'texas a m university'), (2018, 'texas a m university'), (2019, 'texas a m university'), (2020, 'texas a m university'), (2021, 'texas a m university'))

10/10 positive, 12/10 negative
Do these records refer to the same thing?
(y)es / (n)o / (u)nsure / (f)inished / (p)revious
firstname : yang
lastname : yang
middlename : None
year_range : (2015,)
main_us_institutions_year : ((2015, 'university of florida'),)
all_us_institutions_year : ((2015, 'university of florida'),)

firstname : yong
lastname : yang
middlename : None
year_range : (2009, 2021)
main_us_institutions_year : ((2009, 'university of florida'), (2010, 'texas state university'), (2011, 'texas state university'), (2012, 'university of wisconsin parkside'), (2014, 'texas state university'), (2015, 'texas state university'), (2016, 'texas state university'), (2017, 'texas state university'), (2018, 'texas state university'), (2019, 'texas state university'), (2020, 'texas state university'), (2021, 'texas state university'))
all_us_institutions_year : ((2009, 'university of florida'), (2010, 'texas state university'), (2011, 'texas state university'), (2012, 'texas state university'), (2012, 'university of wisconsin parkside'), (2013, 'university of wisconsin parkside'), (2014, 'texas state university'), (2014, 'university of wisconsin parkside'), (2015, 'texas state university'), (2016, 'texas state university'), (2017, 'texas state university'), (2018, 'texas state university'), (2019, 'texas state university'), (2020, 'texas state university'), (2021, 'texas state university'))

10/10 positive, 13/10 negative
Do these records refer to the same thing?
(y)es / (n)o / (u)nsure / (f)inished / (p)revious
firstname : natasha
lastname : jonoska
middlename : None
year_range : (2015,)
main_us_institutions_year : ((2015, 'university of south florida'),)
all_us_institutions_year : ((2015, 'university of south florida'),)

firstname : natasa
lastname : jonoska
middlename : None
year_range : (1992, 2021)
main_us_institutions_year : ((1992, 'binghamton university'), (1996, 'university of south florida'), (1997, 'university of south florida'), (1998, 'university of south florida'), (1999, 'university of south florida'), (2001, 'university of south florida'), (2002, 'university of south florida'), (2003, 'university of south florida'), (2004, 'university of south florida'), (2005, 'university of south florida'), (2006, 'university of south florida'), (2007, 'university of south florida'), (2008, 'university of south florida'), (2009, 'university of south florida'), (2010, 'university of south florida'), (2012, 'university of south florida'), (2013, 'university of south florida'), (2014, 'university of south florida'), (2015, 'university of south florida'), (2016, 'university of south florida'), (2017, 'university of south florida'), (2018, 'university of south florida'), (2019, 'university of south florida'), (2020, 'university of south florida'), (2021, 'university of south florida'))
all_us_institutions_year : ((1992, 'binghamton university'), (1996, 'university of south florida'), (1997, 'university of south florida'), (1998, 'university of south florida'), (1999, 'university of south florida'), (2001, 'university of south florida'), (2002, 'university of south florida'), (2003, 'university of south florida'), (2004, 'university of south florida'), (2005, 'university of south florida'), (2006, 'university of south florida'), (2007, 'university of south florida'), (2008, 'university of south florida'), (2009, 'university of south florida'), (2010, 'university of south florida'), (2012, 'university of south florida'), (2013, 'university of south florida'), (2014, 'university of south florida'), (2015, 'university of south florida'), (2016, 'university of south florida'), (2017, 'university of south florida'), (2018, 'university of south florida'), (2019, 'university of south florida'), (2020, 'university of south florida'), (2021, 'university of south florida'))

10/10 positive, 14/10 negative
Do these records refer to the same thing?
(y)es / (n)o / (u)nsure / (f)inished / (p)revious
firstname : harold
lastname : steudel
middlename : j
year_range : (1998,)
main_us_institutions_year : ((1998, 'university of wisconsin madison'),)
all_us_institutions_year : ((1998, 'university of wisconsin madison'),)

firstname : harold
lastname : steudel
middlename : j
year_range : (1977, 1981)
main_us_institutions_year : ((1977, 'marquette university'), (1978, 'marquette university'), (1979, 'marquette university'), (1981, 'marquette university'))
all_us_institutions_year : ((1977, 'marquette university'), (1978, 'marquette university'), (1979, 'marquette university'), (1981, 'marquette university'))

11/10 positive, 14/10 negative
Do these records refer to the same thing?
(y)es / (n)o / (u)nsure / (f)inished / (p)revious
firstname : clint
lastname : dawson
middlename : n
year_range : (1996,)
main_us_institutions_year : ((1996, 'rice university'),)
all_us_institutions_year : ((1996, 'rice university'),)

firstname : clinton
lastname : dawson
middlename : n
year_range : (1994, 2018)
main_us_institutions_year : ((1996, 'university of texas at austin'), (1998, 'university of texas at austin'), (1999, 'university of texas at austin'), (2000, 'university of texas at austin'), (2001, 'university of texas at austin'), (2002, 'university of texas at austin'), (2003, 'university of texas at austin'), (2004, 'university of texas at austin'), (2006, 'university of texas at austin'), (2007, 'university of texas at austin'), (2008, 'university of texas at austin'), (2009, 'university of texas at austin'), (2010, 'university of texas at austin'), (2011, 'university of texas at austin'), (2012, 'university of texas at austin'), (2013, 'university of texas at austin'), (2014, 'university of texas at austin'), (2015, 'university of texas at austin'), (2016, 'university of texas at austin'), (2018, 'university of texas at austin'))
all_us_institutions_year : ((1996, 'university of texas at austin'), (1998, 'university of texas at austin'), (1999, 'university of texas at austin'), (2000, 'university of texas at austin'), (2001, 'university of texas at austin'), (2002, 'university of texas at austin'), (2003, 'university of texas at austin'), (2004, 'university of texas at austin'), (2006, 'university of texas at austin'), (2007, 'university of texas at austin'), (2008, 'university of texas at austin'), (2009, 'university of texas at austin'), (2010, 'university of texas at austin'), (2011, 'university of texas at austin'), (2012, 'university of texas at austin'), (2013, 'university of texas at austin'), (2014, 'university of texas at austin'), (2015, 'university of texas at austin'), (2016, 'university of texas at austin'), (2018, 'university of texas at austin'))

11/10 positive, 15/10 negative
Do these records refer to the same thing?
(y)es / (n)o / (u)nsure / (f)inished / (p)revious
firstname : fernando
lastname : reitich
middlename : None
year_range : (2011,)
main_us_institutions_year : ((2011, 'university of minnesota'),)
all_us_institutions_year : ((2011, 'university of minnesota'),)

firstname : fernando
lastname : reitich
middlename : None
year_range : (1995, 1996)
main_us_institutions_year : ((1995, 'north carolina state university'), (1996, 'north carolina state university'))
all_us_institutions_year : ((1995, 'north carolina state university'), (1996, 'north carolina state university'), (1998, 'north carolina state university'))

11/10 positive, 16/10 negative
Do these records refer to the same thing?
(y)es / (n)o / (u)nsure / (f)inished / (p)revious
firstname : henry
lastname : helson
middlename : None
year_range : (1990,)
main_us_institutions_year : ((1990, 'university of california berkeley'),)
all_us_institutions_year : ((1990, 'university of california berkeley'),)

firstname : henry
lastname : helson
middlename : None
year_range : (1960, 1982)
main_us_institutions_year : ((1960, 'stanford university'),)
all_us_institutions_year : ((1960, 'stanford university'),)

11/10 positive, 17/10 negative
Do these records refer to the same thing?
(y)es / (n)o / (u)nsure / (f)inished / (p)revious
firstname : yang
lastname : liu
middlename : None
year_range : (2020,)
main_us_institutions_year : ((2020, 'university of maryland college park'),)
all_us_institutions_year : ((2020, 'university of maryland college park'),)

firstname : yang
lastname : liu
middlename : None
year_range : (2012, 2014)
main_us_institutions_year : ((2012, 'university of minnesota'), (2014, 'university of minnesota'))
all_us_institutions_year : ((2012, 'university of minnesota'), (2014, 'university of minnesota'))

11/10 positive, 18/10 negative
Do these records refer to the same thing?
(y)es / (n)o / (u)nsure / (f)inished / (p)revious
firstname : vojtech
lastname : rodl
middlename : None
year_range : (2000,)
main_us_institutions_year : ((2000, 'emory university'),)
all_us_institutions_year : ((2000, 'emory university'),)

firstname : vojtěch
lastname : rodl
middlename : None
year_range : (1974, 2021)
main_us_institutions_year : ((1990, 'emory university'), (1991, 'emory university'), (1992, 'emory university'), (1993, 'emory university'), (1994, 'emory university'), (1995, 'emory university'), (1996, 'emory university'), (1997, 'emory university'), (1998, 'emory university'), (1999, 'emory university'), (2000, 'emory university'), (2001, 'emory university'), (2002, 'emory university'), (2003, 'emory university'), (2004, 'emory university'), (2005, 'emory university'), (2006, 'emory university'), (2007, 'emory university'), (2008, 'emory university'), (2009, 'emory university'), (2010, 'emory university'), (2011, 'emory university'), (2012, 'emory university'), (2013, 'emory university'), (2014, 'emory university'), (2015, 'emory university'), (2016, 'emory university'), (2017, 'emory university'), (2018, 'emory university'), (2019, 'emory university'), (2020, 'emory university'), (2021, 'emory university'))
all_us_institutions_year : ((1986, 'bell labs'), (1987, 'bell labs'), (1990, 'emory university'), (1991, 'emory university'), (1992, 'emory university'), (1993, 'emory university'), (1994, 'emory university'), (1995, 'emory university'), (1995, 'rutgers university'), (1996, 'emory university'), (1997, 'emory university'), (1998, 'emory university'), (1999, 'emory university'), (2000, 'emory university'), (2001, 'emory university'), (2002, 'emory university'), (2003, 'emory university'), (2004, 'emory university'), (2005, 'emory university'), (2006, 'emory university'), (2007, 'emory university'), (2008, 'emory university'), (2009, 'emory university'), (2010, 'emory university'), (2011, 'emory university'), (2012, 'emory university'), (2013, 'emory university'), (2014, 'emory university'), (2015, 'emory university'), (2016, 'emory university'), (2017, 'emory university'), (2018, 'emory university'), (2019, 'emory university'), (2020, 'emory university'), (2021, 'emory university'))

11/10 positive, 19/10 negative
Do these records refer to the same thing?
(y)es / (n)o / (u)nsure / (f)inished / (p)revious
firstname : roger
lastname : millsap
middlename : e
year_range : (2011,)
main_us_institutions_year : ((2011, 'arizona state university'),)
all_us_institutions_year : ((2011, 'arizona state university'),)

firstname : roger
lastname : millsap
middlename : e
year_range : (1987, 1996)
main_us_institutions_year : ((1987, 'baruch college'), (1988, 'baruch college'), (1989, 'baruch college'), (1990, 'baruch college'), (1992, 'baruch college'), (1993, 'baruch college'), (1994, 'baruch college'), (1995, 'baruch college'), (1996, 'baruch college'))
all_us_institutions_year : ((1987, 'baruch college'), (1988, 'baruch college'), (1989, 'baruch college'), (1990, 'baruch college'), (1992, 'baruch college'), (1993, 'baruch college'), (1994, 'baruch college'), (1995, 'baruch college'), (1996, 'baruch college'))

12/10 positive, 19/10 negative
Do these records refer to the same thing?
(y)es / (n)o / (u)nsure / (f)inished / (p)revious
Finished labeling
Done in 62.535033595561984 minutes.
