Namespace(testing=False, verbose=1, field=['geography'], train_name='mona_degree0', startyear=1985, endyear=2015, loadstartyear=1985, loadendyear=2015, mergemode='1:1', recall=0.9, institution='False', fieldofstudy_cat='False', fieldofstudy_str='False', keywords='True', retrain='True', linking_type='graduates', samplesize=50000, write_to='database')
Have max 12 cores available
Testing is False 

I set the write connection to the main database.
id_field is [205649164] and will be passed to sql queries.
finished setup ... 
Time elapsed: 0.0022105097770690916 minutes 


    SELECT goid
            , year
            , firstname 
            , lastname
            , CASE TRIM(SUBSTR(middle_lastname, 1, l_fullname-l_firstname-l_lastname - 1)) 
                WHEN 
                    "" THEN NULL 
                    ELSE TRIM(SUBSTR(middle_lastname, 1, l_fullname-l_firstname-l_lastname - 1)) 
                END AS middlename
            , fieldofstudy
            , keywords
            , institution
            , coauthors
            , year_papertitle
    FROM (
        SELECT goid
            , degree_year AS year 
            , fullname 
            , SUBSTR(TRIM(fullname),1,instr(trim(fullname)||' ',' ')-1) AS firstname
            , REPLACE(fullname, RTRIM(fullname, REPLACE(fullname, " ", "")), "") AS lastname 
            , TRIM(SUBSTR(fullname, length(SUBSTR(TRIM(fullname),1,instr(trim(fullname)||' ',' ')-1)) + 1)) AS middle_lastname 
            , length(fullname) AS l_fullname 
            , length(SUBSTR(TRIM(fullname),1,instr(trim(fullname)||' ',' ')-1) ) AS l_firstname
            , length(REPLACE(fullname, RTRIM(fullname, REPLACE(fullname, " ", "")), "")) AS l_lastname
            , fieldname AS fieldofstudy
            , university_id
            , degree_year || "//" || thesistitle as year_papertitle 
        FROM pq_authors 
        INNER JOIN (
            SELECT goid, fieldname 
            FROM pq_fields_mag
            WHERE mag_field0 IN (?)
        ) USING (goid)
    )
    -- ## NOTE: use left join here as not all graduates have advisor (particularly pre-1980) and possibly also keywords
    LEFT JOIN (
        SELECT goid
            , fields as keywords
            , advisors as coauthors
        FROm pq_info_linking
    ) USING(goid)
    INNER JOIN (
        SELECT university_id, normalizedname as institution
        FROM pq_unis
        WHERE location like "%United States%"
    ) USING(university_id)
    WHERE year >= 1985 and year <= 2015 AND length(firstname) > 1
     


    SELECT f.AuthorId
        , f.year
        , f.firstname
        , f.lastname
        , CASE TRIM(SUBSTR(f.middle_lastname, 1, f.l_fullname - f.l_firstname - f.l_lastname - 1)) 
            WHEN 
                "" THEN NULL 
                ELSE TRIM(SUBSTR(f.middle_lastname, 1, f.l_fullname - f.l_firstname - f.l_lastname - 1)) 
            END as middlename 
            -- ## NOTE this gives "" for middlename when it is missing 
        , f.fieldofstudy
        , g.keywords
        , g.coauthors
        , g.institution
        , g.year_papertitle
    FROM (
        SELECT a.AuthorId
            , a.YearFirstPub AS year
            , a.FirstName AS firstname
            , REPLACE(b.NormalizedName, RTRIM(b.NormalizedName, REPLACE(b.NormalizedName, " ", "")), "") AS lastname 
                    -- https://stackoverflow.com/questions/21388820/how-to-get-the-last-index-of-a-substring-in-sqlite
            , TRIM(SUBSTR(b.NormalizedName, length(a.FirstName) + 1)) AS middle_lastname 
                    -- this gives all except the first name 
            , length(b.NormalizedName) as l_fullname 
            , length(a.FirstName) as l_firstname
            , length(REPLACE(b.NormalizedName, RTRIM(b.NormalizedName, REPLACE(b.NormalizedName, " ", "")), "")) as l_lastname
            , e.NormalizedName AS fieldofstudy
        FROM author_sample AS a
        INNER JOIN (
            SELECT AuthorId, NormalizedName
            FROM Authors
        ) AS b USING(AuthorId)
        INNER JOIN (
            SELECT AuthorId
            FROM author_field0
            WHERE FieldOfStudyId_lvl0 IN (?)
                AND Degree <= 0
        ) USING(AuthorId)
        LEFT JOIN (
            SELECT AuthorId, NormalizedName
            FROM author_fields c
            INNER JOIN (
                SELECT FieldOfStudyId, NormalizedName
                FROM FieldsOfStudy
            ) AS d USING(FieldOfStudyId)
            -- ## Condition on fieldofstudy being in the level 0 id_field
            INNER JOIN (
                SELECT ParentFieldOfStudyId, ChildFieldOfStudyId
                FROM crosswalk_fields
                WHERE ParentLevel = 0
                    AND ParentFieldOfStudyId IN (?)
            ) AS e ON (e.ChildFieldOfStudyId = c.FieldOfStudyId)
            WHERE FieldClass = 'first'
        ) AS e USING(AuthorId)
    ) f
    LEFT JOIN (
        SELECT AuthorId
                , institutions as institution
                , main_us_institutions_career
                , coauthors
                , keywords
                , year_papertitle
        FROM author_info_linking
    ) AS g USING(AuthorId)
    WHERE length(firstname) > 1 AND year >= 1985 - 5 AND year <= 2015 + 5 
        -- ## use this to condition on people that have at least at some point their main affiliation in the US
        AND g.main_us_institutions_career IS NOT NULL
        AND g.institution != "chinese academy of sciences"
     

INFO:dedupe.canopy_index:Removing stop word an
INFO:dedupe.canopy_index:Removing stop word an
INFO:dedupe.canopy_index:Removing stop word ha
INFO:dedupe.canopy_index:Removing stop word al
INFO:dedupe.canopy_index:Removing stop word er
INFO:dedupe.canopy_index:Removing stop word ch
INFO:dedupe.canopy_index:Removing stop word ma
INFO:dedupe.canopy_index:Removing stop word el
INFO:dedupe.canopy_index:Removing stop word in
INFO:dedupe.canopy_index:Removing stop word ar
INFO:dedupe.canopy_index:Removing stop word ra
INFO:dedupe.canopy_index:Removing stop word en
INFO:dedupe.canopy_index:Removing stop word la
INFO:dedupe.canopy_index:Removing stop word on
INFO:dedupe.canopy_index:Removing stop word ng
INFO:dedupe.canopy_index:Removing stop word an
INFO:dedupe.canopy_index:Removing stop word le
/home/mona/anaconda3/envs/science-career-tempenv/lib/python3.9/site-packages/sklearn/feature_extraction/text.py:544: UserWarning: The parameter 'ngram_range' will not be used since 'analyzer' is callable'
  warnings.warn(
/home/mona/anaconda3/envs/science-career-tempenv/lib/python3.9/site-packages/sklearn/feature_extraction/text.py:550: UserWarning: The parameter 'stop_words' will not be used since 'analyzer' != 'word'
  warnings.warn(
INFO:dedupe.training:Final predicate set:
INFO:dedupe.training:SimplePredicate: (commonSixGram, lastname)
Time elapsed: 220.41687909762064 minutes 

Starting active labeling...
firstname : shelley
lastname : volo
middlename : bayard de
year : 2005
year_papertitle : ((2005, 'population genetics and genotyping for mark recapture studies of northern goshawks accipiter gentilis on the kaibab plateau arizona'), (2008, 'genetic studies of northern goshawks accipiter gentilis genetic tagging and individual identification from feathers and determining phylogeography gene flow and population history for goshawks in north america'))
keywords : frozenset({'genetics', 'evolutionary biology', 'zoology'})

firstname : shelley
lastname : volo
middlename : bayard de
year : 2008
year_papertitle : ((2008, 'genetic studies of northern goshawks i accipiter gentilis i genetic tagging and individual identification from feathers and determining phylogeography gene flow and population history for goshawks in north america'),)
keywords : frozenset({'genetics', 'ecology', 'forestry', 'organismal biology'})

0/10 positive, 0/10 negative
Do these records refer to the same thing?
(y)es / (n)o / (u)nsure / (f)inished
firstname : xiaoman
lastname : huang
middlename : None
year : 2010
year_papertitle : ((2010, 'modis collection 5 global land cover algorithm refinements and characterization of new datasets'), (2014, 'distance metric based forest cover change detection using modis time series'), (2014, 'mapping regional land cover and land use change using modis time series'), (2016, 'mapping sub pixel urban expansion in china using modis and dmsp ols nighttime lights'))
keywords : frozenset({'hydrology', 'physical geography', 'remote sensing', 'algorithm'})

firstname : xiaoman
lastname : huang
middlename : None
year : 2014
year_papertitle : ((2014, 'mapping regional land cover and land use change using modis time series'),)
keywords : frozenset({'remote sensing', 'geography', 'environmental science'})

1/10 positive, 0/10 negative
Do these records refer to the same thing?
(y)es / (n)o / (u)nsure / (f)inished / (p)revious
INFO:dedupe.training:Final predicate set:
INFO:dedupe.training:SimplePredicate: (commonSixGram, lastname)
INFO:dedupe.training:SimplePredicate: (firstTwoTokensPredicate, middlename)
firstname : juan
lastname : muniz
middlename : None
year : 2001
year_papertitle : ((2001, 'work characteristics and pesticide exposures among migrant agricultural families a community based research approach'), (2002, 'size exclusion chromatographic cleanup for gc ms determination of organophosphorus pesticide residues in household and vehicle dust'), (2003, 'pesticide exposure and self reported home hygiene practices in agricultural families'), (2005, 'variation in organophosphate pesticide metabolites in urine of children living in agricultural communities'), (2006, 'biomarkers of pesticide exposure adult and adolescent farmworker comparisons'), (2006, 'effectiveness of cleaning practices in removing pesticides from home environments'), (2006, 'genotoxicants target distinct molecular networks in neonatal neurons'), (2006, 'organophosphate pesticide exposure and neurobehavioral performance in agricultural and nonagricultural hispanic workers'), (2008, 'analysis of pesticide exposure and dna damage in immigrant farmworkers'), (2008, 'biomarkers of oxidative stress and dna damage in agricultural workers a pilot study'))
keywords : frozenset({'andrology', 'waste management', 'chromatography', 'neuroscience', 'environmental chemistry', 'genetics', 'toxicology', 'biochemistry', 'environmental health', 'ecology'})

firstname : juan
lastname : muniz
middlename : fermin
year : 2010
year_papertitle : ((2010, 'biomarkers of oxidative stress and dna damage in agricultural workers'),)
keywords : frozenset({'agriculture', 'occupational safety', 'toxicology'})

2/10 positive, 0/10 negative
Do these records refer to the same thing?
(y)es / (n)o / (u)nsure / (f)inished / (p)revious
INFO:dedupe.training:Final predicate set:
INFO:dedupe.training:TfidfNGramSearchPredicate: (0.8, lastname)
firstname : naga
lastname : modala
middlename : raghuveer
year : 2014
year_papertitle : ((2014, 'texas panhandle climate change interactive gis web application'), (2015, 'evaluation of the csm cropgro cotton model for the texas rolling plains region and simulation of deficit irrigation strategies for increasing water use efficiency'), (2016, 'simulating future climate change impacts on seed cotton yield in the texas high plains using the csm cropgro cotton model'), (2017, 'climate change projections for the texas high plains and rolling plains'), (2017, 'reinforcing wildfire predictive services with timely weather information'))
keywords : frozenset({'meteorology', 'agronomy', 'climatology', 'environmental resource management'})

firstname : naga
lastname : modala
middlename : raghuveer
year : 2014
year_papertitle : ((2014, 'assessing the impacts of climate change on cotton production in the texas high plains and rolling plains'),)
keywords : frozenset({'agronomy', 'agricultural engineering', 'climate change'})

3/10 positive, 0/10 negative
Do these records refer to the same thing?
(y)es / (n)o / (u)nsure / (f)inished / (p)revious
firstname : deden
lastname : rukmana
middlename : None
year : 2004
year_papertitle : ((2004, 'a reply to graduate planning school study responses'), (2004, 'faculty quality at u s graduate planning schools a national research council style study'), (2006, 'empowerment and housing provision for urban poor community based housing development in indonesia'), (2006, 'the spatial origins of the homeless how the homeless vary in their geographic distribution'), (2008, 'planning the megacity jakarta in the twentieth century'), (2008, 'the growth of jakarta metropolitan area and the sustainability of urban development in indonesia'), (2008, 'where the homeless children and youth come from a study of the residential origins of the homeless in miami dade county florida'), (2010, 'comparing the residential origins of homeless families and homeless individuals in miami dade county florida'), (2010, 'gender differences in the residential origins of the homeless identification of areas with high risk of homelessness'), (2011, 'contribution to interface self made cities ordinary informality'))
keywords : frozenset({'socioeconomics', 'environmental planning', 'gerontology', 'library science', 'development economics', 'economic geography', 'economy', 'environmental health', 'environmental protection', 'economic growth', 'engineering management', 'medical education'})

firstname : deden
lastname : rukmana
middlename : None
year : 2006
year_papertitle : ((2006, 'the spatial origins of the homeless how the homeless vary in their geographic distribution'),)
keywords : frozenset({'area planning development', 'geography', 'demographics', 'urban planning'})

4/10 positive, 0/10 negative
Do these records refer to the same thing?
(y)es / (n)o / (u)nsure / (f)inished / (p)revious
INFO:dedupe.training:Final predicate set:
INFO:dedupe.training:TfidfNGramSearchPredicate: (0.8, lastname)
INFO:dedupe.training:SimplePredicate: (commonSixGram, middlename)
firstname : neely
lastname : law
middlename : None
year : 2004
year_papertitle : ((2004, 'nitrogen fluxes and retention in urban watershed ecosystems'), (2004, 'nitrogen input from residential lawn care practices in suburban watersheds in baltimore county md'), (2008, 'beyond urban legends an emerging framework of urban ecology as illustrated by the baltimore ecosystem study'), (2008, 'streamflow distribution of non point source nitrogen export from urban rural catchments in the chesapeake bay watershed'))
keywords : frozenset({'hydrology', 'environmental engineering', 'ecology', 'forestry', 'environmental resource management'})

firstname : neely
lastname : law
middlename : leda
year : 2004
year_papertitle : ((2004, 'analysis of water quality trends in urban suburban watersheds'),)
keywords : frozenset({'hydrology', 'geography', 'environmental science'})

5/10 positive, 0/10 negative
Do these records refer to the same thing?
(y)es / (n)o / (u)nsure / (f)inished / (p)revious
INFO:dedupe.training:Final predicate set:
INFO:dedupe.training:SimplePredicate: (suffixArray, lastname)
INFO:dedupe.training:SimplePredicate: (firstTwoTokensPredicate, middlename)
firstname : soungryoul
lastname : ryu
middlename : None
year : 2004
year_papertitle : ((2004, 'available fuel dynamics in nine contrasting forest ecosystems in north america'), (2006, 'simulating fire spread with landscape management scenarios'), (2006, 'simulating the effects of prescribed burning on fuel loading and timber production ecofl in managed northern wisconsin forests'), (2006, 'soil respiration response to experimental disturbances over 3 years'), (2007, 'relating surface fire spread to landscape structure an application of farsite in a managed forest landscape'), (2008, 'comparisons between pnet day and eddy covariance based gross ecosystem production in two northern wisconsin forests'), (2009, 'prescribed burning and mechanical thinning effects on belowground conditions and soil respiration in a mixed conifer forest california'), (2011, 'oak sprout dynamics after a 1996 stand replacing fire in korea'))
keywords : frozenset({'hydrology', 'botany', 'animal science', 'horticulture', 'atmospheric sciences', 'physical geography', 'ecology', 'forestry'})

firstname : soungryoul
lastname : ryu
middlename : None
year : 2005
year_papertitle : ((2005, 'effect of disturbances on fuel loading fire mosaic and interactions in managed forest landscape'),)
keywords : frozenset({'ecology', 'forestry'})

6/10 positive, 0/10 negative
Do these records refer to the same thing?
(y)es / (n)o / (u)nsure / (f)inished / (p)revious
INFO:dedupe.training:Final predicate set:
INFO:dedupe.training:SimplePredicate: (twoGramFingerprint, lastname)
firstname : markus
lastname : peter
middlename : None
year : 2015
year_papertitle : ((2015, 'energy planning in the urban context challenges and perspectives'), (2017, 'interactive optimization for the planning of urban systems'), (2017, 'obstacles in energy planning at the urban scale'), (2018, 'the optimum is not the goal capturing the decision space for the planning of new neighborhoods'), (2019, 'corrigendum interactive optimization with parallel coordinates exploring multidimensional spaces for decision support'), (2019, 'interactive optimization with parallel coordinates exploring multidimensional spaces for decision support'))
keywords : frozenset({'operations research', 'artificial intelligence', 'risk analysis', 'human computer interaction', 'management science', 'transport engineering', 'machine learning'})

firstname : markus
lastname : peterson
middlename : john
year : 1994
year_papertitle : ((1994, 'factors limiting population size of the endangered attwater s prairie chicken'),)
keywords : frozenset({'veterinary services', 'ecology', 'forestry'})

7/10 positive, 0/10 negative
Do these records refer to the same thing?
(y)es / (n)o / (u)nsure / (f)inished / (p)revious
firstname : joanne
lastname : sharpe
middlename : m
year : 1990
year_papertitle : ((1990, 'leaf growth and phenology of the dimorphic herbaceous layer fern danaea wendlandii marattiaceae in a costa rican rain forest'), (1990, 'tropic responses controlling leaf orientation in the fern danaea wendlandii marattiaceae'), (1991, 'stipular bud development in danaea wendlandii marattiaceae'))
keywords : frozenset({'botany'})

firstname : joanne
lastname : sharp
middlename : patricia
year : 1994
year_papertitle : ((1994, 'condensing communism popular geopolitics and the reader s digest'),)
keywords : frozenset({'cultural anthropology', 'geography', 'american history', 'mass media'})

7/10 positive, 1/10 negative
Do these records refer to the same thing?
(y)es / (n)o / (u)nsure / (f)inished / (p)revious
firstname : christopher
lastname : wilkinson
middlename : d
year : 1996
year_papertitle : ((1996, 'neosho madtom distribution and abundance in the spring river'), (1997, 'neosho madtoms noturus placidus in the south fork of the cottonwood river implications for management of the species'), (2001, 'spatial pattern and environmental correlates of a midwestern stream fish community including spatial autocorrelation as a factor in community analyses'), (2002, 'breeding behavior and reproductive life history of the neosho madtom noturus placidus teleostei ictaluridae'))
keywords : frozenset({'ecology', 'zoology', 'hydrology'})

firstname : khristi
lastname : wilkins
middlename : ann
year : 2006
year_papertitle : ((2006, 'movement survival rate estimation and population modelling of eastern tundra swans i cygnus columbianus columbianus i'),)
keywords : frozenset({'ecology', 'forestry', 'zoology'})

7/10 positive, 2/10 negative
Do these records refer to the same thing?
(y)es / (n)o / (u)nsure / (f)inished / (p)revious
firstname : xinyi
lastname : liu
middlename : None
year : 2008
year_papertitle : ((2008, 'millets across eurasia chronology and context of early records of the genera panicum and setaria from archaeological sites in the old world'), (2008, 'when archaeology begins the cultural and political context of chinese archaeological thought'), (2009, 'origins of agriculture in east asia'), (2009, 'river valleys and foothills changing archaeological perceptions of north china s earliest farms'), (2011, 'food globalization in prehistory'), (2012, 'the earliest evidence of millet as a staple crop new light on neolithic foodways in north china'), (2013, 'the early chronology of broomcorn millet panicum miliaceum in europe'), (2013, 'why move starchy cereals a review of the isotopic evidence for prehistoric millet consumption across eurasia'), (2014, 'food globalisation in prehistory top down or bottom up'), (2014, 'stable isotope analysis of human and faunal remains in the western loess plateau approximately 2000 cal bc'))
keywords : frozenset({'botany', 'agroforestry', 'agronomy', 'archaeology', 'ethnology', 'ancient history', 'ecology'})

firstname : xin
lastname : li
middlename : None
year : 2015
year_papertitle : ((2015, 'phenotypic plasticity and heterosis insights from sorghum flowering time and plant height'),)
keywords : frozenset({'genetics', 'plant sciences', 'agronomy'})

7/10 positive, 3/10 negative
Do these records refer to the same thing?
(y)es / (n)o / (u)nsure / (f)inished / (p)revious
firstname : yang
lastname : lipan
middlename : None
year : 2006
year_papertitle : ((2006, 'advances in ecological studies on epiphytes in forest canopies'), (2008, 'edge effects on epiphytes in montane moist evergreen broad leaved forest'), (2008, 'woody debris stocks in different secondary and primary forests in the subtropical ailao mountains southwest china'))
keywords : frozenset({'ecology', 'agroforestry', 'forestry'})

firstname : yang
lastname : lin
middlename : None
year : 2015
year_papertitle : ((2015, 'direct and indirect contributions of photodegradation to litter decomposition in a california grassland'),)
keywords : frozenset({'ecology', 'geography', 'biogeochemistry'})

7/10 positive, 4/10 negative
Do these records refer to the same thing?
(y)es / (n)o / (u)nsure / (f)inished / (p)revious
firstname : hui
lastname : li
middlename : None
year : 2019
year_papertitle : ((2019, 'asymmetric effects of daytime and nighttime warming on boreal forest spring phenology'), (2019, 'wildfires on the mongolian plateau identifying drivers and spatial distributions to predict wildfire probability'), (2021, 'impacts of climate change and human activities on net primary productivity of grasslands in inner mongolia china during 1982 2015'), (2021, 'promote the advance of the start of the growing season from combined effects of climate change and wildfire'), (2021, 'vegetation productivity dynamics in response to climate change and human activities under different topography and land cover in northeast china'))
keywords : frozenset({'physical geography', 'atmospheric sciences', 'forestry'})

firstname : fasheng
lastname : li
middlename : None
year : 2004
year_papertitle : ((2004, 'analysis on the spatial structures of spruce fir stands in northwest maine'),)
keywords : frozenset({'statistics', 'forestry'})

7/10 positive, 5/10 negative
Do these records refer to the same thing?
(y)es / (n)o / (u)nsure / (f)inished / (p)revious
firstname : youngjin
lastname : kim
middlename : None
year : 2006
year_papertitle : ((2006, 'physicochemical and mineralogical characterization of soil saprolite cores from a field research site tennessee'), (2007, 'a novel approach to estimate iron distribution within different pore domains of structured media'), (2007, 'a reaction based paradigm to model reactive chemical transport in groundwater with general kinetic and equilibrium reactions'), (2013, 'limitation of uv vis absorption analysis for determination of aqueous colloidal fullerene nc60 at high ionic strength'))
keywords : frozenset({'thermodynamics', 'environmental chemistry', 'mineralogy', 'applied mathematics', 'analytical chemistry'})

firstname : hong
lastname : kim
middlename : bae
year : 1992
year_papertitle : ((1992, 'a two region model of growth in a general equilibrium framework'),)
keywords : frozenset({'area planning development', 'geography', 'economics', 'urban planning'})

7/10 positive, 6/10 negative
Do these records refer to the same thing?
(y)es / (n)o / (u)nsure / (f)inished / (p)revious
firstname : richard
lastname : hunter
middlename : b
year : 2002
year_papertitle : ((2002, 'genetic variation in the terrestrial orchid tipularia discolor'), (2002, 'investigating polyploidy using marigold stomates fingernail polish'), (2007, 'comparison of morphological variation indicative of ploidy level in phragmites australis poaceae from eastern north america'))
keywords : frozenset({'ecology', 'botany', 'mathematics education', 'zoology'})

firstname : richard
lastname : hunter
middlename : william
year : 1999
year_papertitle : ((1999, 'patterns of mill siting and materials processing a historical geography of water powered industry in central new jersey'),)
keywords : frozenset({'geography', 'american history'})

7/10 positive, 7/10 negative
Do these records refer to the same thing?
(y)es / (n)o / (u)nsure / (f)inished / (p)revious
firstname : jennifer
lastname : johnson
middlename : c
year : 2009
year_papertitle : ((2009, 'tribal linkage and race data quality for american indians in a state cancer registry'), (2010, 'genetic and environmental influences on psychiatric comorbidity a systematic review'), (2010, 'rural practice preferences among medical students in ghana a discrete choice experiment'), (2011, 'for money or service a cross sectional survey of preference for financial versus non financial rural practice characteristics among ghanaian medical students'), (2011, 'willingness to work in rural areas and the role of intrinsic versus extrinsic professional motivations a survey of medical students in ghana'), (2012, 'lifecourse factors and likelihood of rural practice and emigration a survey of ghanaian medical students'))
keywords : frozenset({'socioeconomics', 'gerontology', 'nursing', 'psychiatry', 'clinical psychology', 'family medicine', 'demography', 'medical education'})

firstname : jennifer
lastname : johnson
middlename : michelle
year : 2010
year_papertitle : ((2010, 'grazing evaluation of a novel endophyte tall fescue developed for the upper transition zone'),)
keywords : frozenset({'agronomy'})

7/10 positive, 8/10 negative
Do these records refer to the same thing?
(y)es / (n)o / (u)nsure / (f)inished / (p)revious
firstname : pamela
lastname : jakes
middlename : j
year : 1988
year_papertitle : ((1988, 'evaluating the impacts of forestry research'), (1988, 'research evaluation in the u s forest service opinions of research managers'), (1995, 'measuring forest ecosystem sustainability a resource accounting approach'))
keywords : frozenset({'accounting', 'public relations', 'environmental planning', 'environmental resource management', 'marketing'})

firstname : pamela
lastname : jakes
middlename : joyce
year : 1996
year_papertitle : ((1996, 'a framework for enhancing public participation in united states forest service social impact analysis'),)
keywords : frozenset({'social research', 'forestry', 'public administration'})

7/10 positive, 9/10 negative
Do these records refer to the same thing?
(y)es / (n)o / (u)nsure / (f)inished / (p)revious
firstname : aurelio
lastname : corral
middlename : lopez
year : 2012
year_papertitle : ((2012, 'terrazguero smallholders and the function of agricultural tribute in sixteenth century tepeaca mexico'), (2019, 'iconografia y gobierno colectivo durante el posclasico tardio en tepeticpac y tlaxcallan mexico'))
keywords : frozenset({'natural resource economics', 'humanities'})

firstname : aurelio
lastname : corral
middlename : lopez
year : 2011
year_papertitle : ((2011, 'crop subsistence yield variability within late postclassic 1325 1521 ad and early colonial 16 sup th sup century indigenous communities in the tepeaca region mexico'),)
keywords : frozenset({'agronomy', 'archaeology'})

7/10 positive, 10/10 negative
Do these records refer to the same thing?
(y)es / (n)o / (u)nsure / (f)inished / (p)revious
firstname : katherine
lastname : klink
middlename : None
year : 1985
year_papertitle : ((1985, 'comments on evaluating the similarity of geographic flows'), (1985, 'statistics for the evaluation and comparison of models'), (1989, 'principal components of the surface wind field in the united states a comparison of analyses based upon wind velocity direction and speed'), (1992, 'vector correlation review exposition and geographic application'))
keywords : frozenset({'meteorology', 'geodesy', 'artificial intelligence', 'pattern recognition', 'statistics', 'data mining', 'climatology'})

firstname : katherine
lastname : klink
middlename : margaret
year : 1992
year_papertitle : ((1992, 'evaluating climate vegetation interactions at climate model sub grid scales'),)
keywords : frozenset({'environmental science', 'geography'})

7/10 positive, 10/10 negative
Do these records refer to the same thing?
(y)es / (n)o / (u)nsure / (f)inished / (p)revious
firstname : esra
lastname : ozdenerol
middlename : None
year : 2005
year_papertitle : ((2005, 'changing landscapes changing disciplines seeking to understand interdisciplinarity in landscape ecological change research'), (2005, 'comparison of spatial scan statistic and spatial filtering in estimating low birth weight clusters'), (2007, 'assessing the impact of the local environment on birth outcomes a case for hlm'), (2008, 'locating suitable habitats for west nile virus infected mosquitoes through association of environmental characteristics with infected mosquito locations a case study in shelby county tennessee'), (2008, 'pathogenic role of environmental toxins in immune mediated liver diseases'))
keywords : frozenset({'socioeconomics', 'statistics', 'immunology', 'environmental health', 'ecology'})

firstname : esra
lastname : ozdenerol
middlename : None
year : 2000
year_papertitle : ((2000, 'a spatial inquiry of infant low birthweight and cancer mortality in east baton rouge parish louisiana'),)
keywords : frozenset({'geography', 'environmental science', 'public health'})

7/10 positive, 11/10 negative
Do these records refer to the same thing?
(y)es / (n)o / (u)nsure / (f)inished / (p)revious
firstname : robert
lastname : unnasch
middlename : s
year : 2003
year_papertitle : ((2003, 'are we conserving what we say we are measuring ecological integrity within protected areas'), (2006, 'who needs to spend money on conservation science anyway'))
keywords : frozenset({'ecology', 'marketing', 'environmental resource management'})

firstname : robert
lastname : unnasch
middlename : stephen
year : 1990
year_papertitle : ((1990, 'seed predation and the limits to recruitment in two species of pine barrens oak'),)
keywords : frozenset({'ecology', 'forestry'})

7/10 positive, 12/10 negative
Do these records refer to the same thing?
(y)es / (n)o / (u)nsure / (f)inished / (p)revious
firstname : jeffrey
lastname : stanaway
middlename : d
year : 2011
year_papertitle : ((2011, 'hand foot and mouth disease in china patterns of spread and transmissibility'), (2011, 'nutrient intake and anemia risk in the women s health initiative observational study'), (2011, 'predictors of survival after a diagnosis of non hodgkin lymphoma in a resource limited setting a retrospective study on the impact of hiv infection and its treatment'), (2011, 'sample size for a binomial proportion with autocorrelation'), (2012, 'case crossover analysis of condom use and herpes simplex virus type 2 acquisition'), (2014, 'liver cirrhosis mortality in 187 countries between 1980 and 2010 a systematic analysis'), (2014, 'virologic and immunologic evidence of multifocal genital herpes simplex virus 2 infection'), (2015, 'global regional and national age sex specific all cause and cause specific mortality for 240 causes of death 1990 2013 a systematic analysis for the global burden of disease study 2013'), (2015, 'global regional and national incidence prevalence and years lived with disability for 301 acute and chronic diseases and injuries in 188 countries 1990 2013 a systematic analysis for the global burden of disease study 2013'), (2015, 'the burden of chagas disease estimates and challenges'))
keywords : frozenset({'demography', 'gerontology', 'statistics', 'immunology', 'surgery', 'environmental health', 'veterinary medicine', 'pediatrics', 'internal medicine'})

firstname : jeffrey
lastname : stanaway
middlename : d
year : 2013
year_papertitle : ((2013, 'insights from disease ecology focus on hand foot and mouth disease in china'),)
keywords : frozenset({'ecology', 'geography', 'epidemiology'})

7/10 positive, 13/10 negative
Do these records refer to the same thing?
(y)es / (n)o / (u)nsure / (f)inished / (p)revious
firstname : paul
lastname : fine
middlename : v a
year : 1996
year_papertitle : ((1996, 'effects of a decision support system on the diagnostic accuracy of users a preliminary report'), (1997, 'changes in diagnostic decision making after a computerized decision support consultation based on perceptions of need and helpfulness a preliminary report'), (1999, 'aerial predator recognition by free ranging sceloporus occidentalis'), (2001, 'an evaluation of the geographic area hypothesis using the latitudinal gradient in north american tree diversity'), (2002, 'the invasibility of tropical forests by exotic plants'), (2003, 'relationships of phytogeography and diversity of tropical tree species with limestone topography in southern belize'))
keywords : frozenset({'ecology', 'simulation', 'family medicine', 'medical physics'})

firstname : paul
lastname : fine
middlename : v a
year : 2004
year_papertitle : ((2004, 'herbivory and the evolution of habitat specialization by trees in amazonian forests'),)
keywords : frozenset({'ecology', 'forestry'})

8/10 positive, 13/10 negative
Do these records refer to the same thing?
(y)es / (n)o / (u)nsure / (f)inished / (p)revious
firstname : peter
lastname : gilruth
middlename : t
year : 2006
year_papertitle : ((2006, 'measuring performance moving nasa earth science products into the mainstream user community'), (2007, 'surveillance of arthropod vector borne infectious diseases using remote sensing techniques a review'))
keywords : frozenset({'remote sensing', 'engineering management', 'management science'})

firstname : peter
lastname : gilruth
middlename : thomas
year : 1991
year_papertitle : ((1991, 'modelling deforestation and land degradation in the guinea highlands of west africa using remote sensing and geographic information systems'),)
keywords : frozenset({'remote sensing', 'forestry'})

8/10 positive, 14/10 negative
Do these records refer to the same thing?
(y)es / (n)o / (u)nsure / (f)inished / (p)revious
firstname : peter
lastname : wolter
middlename : t
year : 2002
year_papertitle : ((2002, 'recent forest cover type transitions and landscape structural changes in northeast minnesota usa'), (2005, 'an application of markov models to the dynamics of minnesota s forests'), (2005, 'mapping submergent aquatic vegetation in the us great lakes using quickbird satellite data'), (2006, 'land use land cover change in the u s great lakes basin 1992 to 2001'), (2007, 'sixty three years of land alteration in erie township'), (2008, 'remote sensing of the distribution and abundance of host species for spruce budworm in northern minnesota and ontario'), (2009, 'estimation of forest structural parameters using 5 and 10 meter spot 5 satellite data'))
keywords : frozenset({'hydrology', 'remote sensing', 'statistics', 'physical geography', 'forestry'})

firstname : peter
lastname : wolter
middlename : t
year : 2009
year_papertitle : ((2009, 'remote detection of forest biophysical parameters in northern minnesota using a multi sensor approach'),)
keywords : frozenset({'ecology', 'environmental science', 'forestry'})

8/10 positive, 15/10 negative
Do these records refer to the same thing?
(y)es / (n)o / (u)nsure / (f)inished / (p)revious
firstname : craig
lastname : wayson
middlename : None
year : 2006
year_papertitle : ((2006, 'local scale heterogeneity of photosynthetically active radiation par absorbed par and net radiation as a function of topography sky conditions and leaf area index'), (2011, 'evidence of increased net ecosystem productivity associated with a longer vegetated season in a deciduous forest in south central indiana usa'), (2013, 'approaches to monitoring changes in carbon stocks for redd'))
keywords : frozenset({'ecology', 'remote sensing', 'environmental resource management'})

firstname : craig
lastname : wayson
middlename : a
year : 2005
year_papertitle : ((2005, 'carbon cycling in a mid latitude deciduous forest spatial and temporal dynamics'),)
keywords : frozenset({'ecology', 'plant sciences', 'forestry'})

9/10 positive, 15/10 negative
Do these records refer to the same thing?
(y)es / (n)o / (u)nsure / (f)inished / (p)revious
firstname : jeffrey
lastname : hughes
middlename : w
year : 1987
year_papertitle : ((1987, 'a better seed and litter trap'), (1988, 'population persistence and reproductive ecology of a forest herb aster acuminatus'), (1988, 'root decomposition and nutrient flux following whole tree harvest of northern hardwood forest'), (1988, 'seed dispersal and colonization in a disturbed northern hardwood forest'), (1991, 'availability quality and selection of browse by white tailed deer after clearcutting'), (1991, 'colonization dynamics of herbs and shrubs in a disturbed northern hardwood forest'), (1992, 'effect of removal of co occurring species on distribution and abundance of erythronium americanum liliaceae a spring ephemeral'), (1993, 'effects of soil disturbance on vegetation recovery and nutrient accumulation following whole tree harvest of a northern hardwood ecosystem'), (1994, 'litterfall dynamics and ecosystem recovery during forest development'))
keywords : frozenset({'ecology', 'botany', 'agronomy', 'forestry'})

firstname : jeffrey
lastname : hughes
middlename : winston
year : 1987
year_papertitle : ((1987, 'maintenance of floristic patterns in a disturbed northern hardwood forest regeneration strategies and forest history'),)
keywords : frozenset({'forestry'})

9/10 positive, 16/10 negative
Do these records refer to the same thing?
(y)es / (n)o / (u)nsure / (f)inished / (p)revious
firstname : shannon
lastname : rogers
middlename : h
year : 2006
year_papertitle : ((2006, 'multicriteria decision analysis a comprehensive decision approach for management of contaminated sediments'), (2011, 'examining walkability and social capital as indicators of quality of life at the municipal and neighborhood scales'), (2012, 'complexity in built environment health and destination walking a neighborhood scale analysis'), (2012, 'measuring community sustainability exploring the intersection of the built environment social capital with a participatory case study'), (2013, 'characterization of public and stakeholder objectives in environmental management new hampshire s lamprey river'), (2013, 'social capital and walkability as social aspects of sustainability'))
keywords : frozenset({'public relations', 'environmental planning', 'human computer interaction', 'public economics', 'economic growth', 'environmental resource management'})

firstname : shannon
lastname : rogers
middlename : h
year : 2011
year_papertitle : ((2011, 'examining the relationship between social capital and the built environment a case study in measuring community sustainability'),)
keywords : frozenset({'geography', 'sustainability'})

10/10 positive, 16/10 negative
Do these records refer to the same thing?
(y)es / (n)o / (u)nsure / (f)inished / (p)revious
firstname : qingsong
lastname : sun
middlename : None
year : 2014
year_papertitle : ((2014, 'corrigendum to implementation of a soil albedo scheme in the cablev1 4b land surface model and evaluation against modis estimates over australia published in geosci model dev 7 2121 2140 2014'), (2014, 'implementation of a soil albedo scheme in the cablev1 4b land surface model and evaluation against modis estimates over australia'), (2015, 'albedo and reflectance anisotropy retrieval from avhrr operated onboard noaa and metop satellites algorithm performance and accuracy assessment for europe'), (2016, 'a climatology of visible surface reflectance spectra'), (2016, 'a general method to normalize landsat reflectance data to nadir brdf adjusted reflectance'), (2016, 'calibration validation of landsat derived ocean colour products in boston harbour'), (2016, 'dynamics of the relationship between ndvi and swir32 vegetation indices in southern africa implications for retrieval of fractional cover from modis data'), (2016, 'estimating the effective spatial resolution of the operational brdf albedo and nadir reflectance products from modis and viirs'), (2016, 'evaluation of viiirs daily brdf albedo and nbar product using the modis collection v006 product and in situ measurements'), (2016, 'retrieving understorey dynamics in the australian tropical savannah from time series decomposition and linear unmixing of modis data'))
keywords : frozenset({'meteorology', 'atmospheric sciences', 'remote sensing', 'climatology'})

firstname : qingsong
lastname : sun
middlename : None
year : 2014
year_papertitle : ((2014, 'assessing change in the earth s land surface albedo with moderate resolution satellite imagery'),)
keywords : frozenset({'remote sensing', 'geography'})

11/10 positive, 16/10 negative
Do these records refer to the same thing?
(y)es / (n)o / (u)nsure / (f)inished / (p)revious
firstname : andrew
lastname : kroll
middlename : j
year : 2003
year_papertitle : ((2003, 'habitat characteristics of ashmunella gastropoda pulmonata polygyridae at white sands missile range and fort bliss new mexico'), (2006, 'development and evaluation of habitat models at multiple spatial scales a case study with the dusky flycatcher'), (2007, 'evaluating habitat quality for the dusky flycatcher'), (2007, 'integrating professional skills in wildlife student education'), (2007, 'modeling habitat occupancy of orange crowned warblers in managed forests of oregon and washington usa'), (2008, 'factors influencing stream occupancy and detection probability parameters of stream associated amphibians in commercial forests of oregon and washington usa'), (2009, 'a primer on natural resource science fred s guthery'), (2009, 'abstracts from the 2009 joint annual meeting of the society for northwestern vertebrate biology and washington chapter of the wildlife society held at skamania lodge stevenson washington february 18 21 2009'), (2009, 'age and clutch size variation in dusky flycatcher nest survival'), (2009, 'sources of uncertainty in stream associated amphibian ecology and responses to forest management in the pacific northwest usa a review'))
keywords : frozenset({'archaeology', 'environmental ethics', 'engineering ethics', 'ecology', 'demography'})

firstname : andrew
lastname : kroll
middlename : james
year : 2004
year_papertitle : ((2004, 'habitat selection and use by the dusky flycatcher i empidonax oberholseri i at multiple scales implications for habitat based methods for population viability analysis'),)
keywords : frozenset({'ecology', 'forestry'})

11/10 positive, 17/10 negative
Do these records refer to the same thing?
(y)es / (n)o / (u)nsure / (f)inished / (p)revious
firstname : richard
lastname : tyson
middlename : None
year : 2007
year_papertitle : ((2007, 'effect of nutrient solution nitrate nitrogen concentration and ph on nitrification rate in perlite medium'), (2008, 'effect of water ph on yield and nutritional status of greenhouse cucumber grown in recirculating hydroponics'), (2008, 'reconciling ph for ammonia biofiltration and cucumber yield in a recirculating aquaponic system with perlite biofilters'), (2011, 'opportunities and challenges to sustainability in aquaponic systems'))
keywords : frozenset({'agronomy', 'horticulture', 'environmental engineering', 'pulp and paper industry', 'inorganic chemistry'})

firstname : richard
lastname : tyson
middlename : v
year : 2007
year_papertitle : ((2007, 'reconciling ph for ammonia biofiltration in a cucumber tilapia aquaponics system using a perlite medium'),)
keywords : frozenset({'plant sciences', 'agriculture', 'aquatic sciences'})

12/10 positive, 17/10 negative
Do these records refer to the same thing?
(y)es / (n)o / (u)nsure / (f)inished / (p)revious
firstname : tzeng
lastname : lam
middlename : yih
year : 2008
year_papertitle : ((2008, 'estimation of tree species richness from large area forest inventory data evaluation and comparison of jackknife estimators'), (2009, 'modeling top height growth of red alder plantations'), (2011, 'double sampling for stratification for the monitoring of sparse tree populations the example of populus euphratica oliv forests at the lower reaches of tarim river southern xinjiang china'), (2011, 'growth and mortality of residual douglas fir after regeneration harvests under group selection and two story silvicultural systems'), (2011, 'thirteen year height and diameter growth of douglas fir seedlings under alternative regeneration cuts in pacific northwest'), (2012, 'structural equation modeling theory and applications in forest management'), (2013, 'bayesian models describing microhabitat associations of infrequently captured small mammals sampled under a complex hierarchical design'), (2013, 'evaluating design unbiasedness of the pre felling inventory in peninsular malaysia'), (2014, 'using habitat characteristics to predict faunal diversity in tropical production forests'), (2015, 'bayesian meta analysis of regional biomass factors for quercus mongolica forests in south korea'))
keywords : frozenset({'hydrology', 'agroforestry', 'statistics', 'biological system', 'ecology', 'forestry'})

firstname : tzeng
lastname : lam
middlename : yih
year : 2010
year_papertitle : ((2010, 'exploration of statistical methods for synthesizing the effects of variable retention harvesting on multiple taxa'),)
keywords : frozenset({'forestry'})

13/10 positive, 17/10 negative
Do these records refer to the same thing?
(y)es / (n)o / (u)nsure / (f)inished / (p)revious
firstname : devin
lastname : wixon
middlename : l
year : 2009
year_papertitle : ((2009, 'complexity climate change and soil carbon a systems approach to microbial temperature response'), (2009, 'investigating biological control over soil carbon temperature sensitivity'), (2010, 'microbial community structure of leaf cutter ant fungus gardens and refuse dumps'), (2011, 'an absorbing markov chain approach to understanding the microbial role in soil carbon stabilization'), (2012, 'environmental education for the masses lessons from a large general enrollment environmental studies course'), (2013, 'toward conceptual clarity plfa in warmed soils'))
keywords : frozenset({'botany', 'multimedia', 'data science', 'mathematics education', 'ecology'})

firstname : devin
lastname : wixon
middlename : l
year : 2011
year_papertitle : ((2011, 'synthesizing microbial community change and soil carbon vulnerability in warmed soils'),)
keywords : frozenset({'soil sciences', 'environmental science', 'biogeochemistry'})

13/10 positive, 18/10 negative
Do these records refer to the same thing?
(y)es / (n)o / (u)nsure / (f)inished / (p)revious
firstname : sarah
lastname : principato
middlename : m
year : 2002
year_papertitle : ((2002, 'grain size characteristics and provenance of ice proximal glacial marine sediments'), (2005, 'glacial marine or subglacial origin of diamicton units from the southwest and north iceland shelf implications for the glacial history of iceland'), (2005, 'the genesis of the northern kettle moraine wisconsin'), (2006, 'late quaternary glacial and deglacial history of eastern vestfirdir iceland using cosmogenic isotope 36cl exposure ages and marine cores'), (2008, 'geomorphic evidence for holocene glacial advances and sea level fluctuations on eastern vestfirðir northwest iceland'), (2008, 'holocene sediment magnetic properties along a transect from isafjardardjup to djupall northwest iceland'), (2009, 'using a gis to quantify patterns of glacial erosion on northwest iceland implications for independent ice sheets'))
keywords : frozenset({'paleontology', 'geomorphology', 'hydrology', 'oceanography', 'geochemistry', 'physical geography'})

firstname : sarah
lastname : principato
middlename : marie
year : 2003
year_papertitle : ((2003, 'the late quaternary history of eastern vestfirdir northwest iceland'),)
keywords : frozenset({'geography', 'geology'})

14/10 positive, 18/10 negative
Do these records refer to the same thing?
(y)es / (n)o / (u)nsure / (f)inished / (p)revious
firstname : messias
lastname : pereira
middlename : gonzaga
year : 1995
year_papertitle : ((1995, 'identification of genomic regions affecting plant height in sorghum and maize'), (1998, 'analise dialelica de seis caracteristicas agronomicas em phaseolus vulgaris l'), (1999, 'combining ability of phaseolus vulgaris l for resistance to common bacterial blight'), (2000, 'controle genetico da concentracao de 2 tridecanona e de 2 undecanona em cruzamentos interespecificos de tomateiro'), (2001, 'estimation of genetic components in popcorn based on the nested design'), (2001, 'qtl mapping and disease resistance in cereals'), (2002, 'assessment of coconut tree genetic divergence by compound sample rapd marker analysis'), (2002, 'divergencia genetica em acessos de quiabeiro com base em marcadores morfologicos'), (2002, 'genetic divergence among elephantgrass cultivars assessed by rapd markers in composit samples'), (2002, 'genetic gain for grain yield and popping expansion in full sib recurrent selection in popcorn'))
keywords : frozenset({'botany', 'biotechnology', 'horticulture', 'genetics', 'statistics'})

firstname : messias
lastname : pereira
middlename : gonzaga
year : 1993
year_papertitle : ((1993, 'restriction fragment length polymorphism in sorghum sorghum bicolor l moench genetic map construction and analysis of quantitative traits'),)
keywords : frozenset({'genetics', 'agronomy'})

15/10 positive, 18/10 negative
Do these records refer to the same thing?
(y)es / (n)o / (u)nsure / (f)inished / (p)revious
firstname : asmeret
lastname : berhe
middlename : asefaw
year : 2005
year_papertitle : ((2005, 'aging and weathering of cool roofing membranes'), (2005, 'drivers of change in ecosystem condition and services'), (2005, 'effects of soiling and cleaning on the reflectance and solar heat gain of a light colored roofing membrane'), (2005, 'politicizing indiscriminate terror imagining an inclusive framework for the anti landmines movement'), (2006, 'anthropogenic drivers of ecosystem change an overview'), (2006, 'the significance of the erosion induced terrestrial carbon sink'), (2007, 'the contribution of landmines to land degradation'), (2008, 'linking soil organic matter dynamics and erosion induced terrestrial carbon sequestration at different landform positions'), (2008, 'soil erosion data say c sink'))
keywords : frozenset({'hydrology', 'soil science', 'environmental chemistry', 'mineralogy', 'environmental ethics', 'humanities', 'environmental protection', 'political economy', 'environmental resource management'})

firstname : asmeret
lastname : berhe
middlename : asefaw
year : 2006
year_papertitle : ((2006, 'storage replacement stabilization and destabilization of soil organic carbon in eroding and depositional settings'),)
keywords : frozenset({'soil sciences', 'biogeochemistry'})

15/10 positive, 19/10 negative
Do these records refer to the same thing?
(y)es / (n)o / (u)nsure / (f)inished / (p)revious
firstname : carlos
lastname : quandt
middlename : olavo
year : 1992
year_papertitle : ((1992, 'the new regionalism developing countries and regional collaborative competition'), (1995, 'manufacturing the electric vehicle a window of technological opportunity for southern california'))
keywords : frozenset({'automotive engineering', 'transport engineering', 'market economy'})

firstname : carlos
lastname : quandt
middlename : olavo
year : 1993
year_papertitle : ((1993, 'technological learning competition and regional development emerging high technology industrial districts in sao paulo state brazil'),)
keywords : frozenset({'area planning development', 'geography', 'latin american history', 'urban planning'})

15/10 positive, 20/10 negative
Do these records refer to the same thing?
(y)es / (n)o / (u)nsure / (f)inished / (p)revious
firstname : asmeret
lastname : berhe
middlename : asefaw
year : 2005
year_papertitle : ((2005, 'aging and weathering of cool roofing membranes'), (2005, 'drivers of change in ecosystem condition and services'), (2005, 'effects of soiling and cleaning on the reflectance and solar heat gain of a light colored roofing membrane'), (2005, 'politicizing indiscriminate terror imagining an inclusive framework for the anti landmines movement'), (2006, 'anthropogenic drivers of ecosystem change an overview'), (2006, 'the significance of the erosion induced terrestrial carbon sink'), (2007, 'the contribution of landmines to land degradation'), (2008, 'linking soil organic matter dynamics and erosion induced terrestrial carbon sequestration at different landform positions'), (2008, 'soil erosion data say c sink'))
keywords : frozenset({'hydrology', 'soil science', 'environmental chemistry', 'mineralogy', 'environmental ethics', 'humanities', 'environmental protection', 'political economy', 'environmental resource management'})

firstname : asmeret
lastname : berhe
middlename : asefaw
year : 2006
year_papertitle : ((2006, 'storage replacement stabilization and destabilization of soil organic carbon in eroding and depositional settings'),)
keywords : frozenset({'soil sciences', 'biogeochemistry'})

15/10 positive, 19/10 negative
Do these records refer to the same thing?
(y)es / (n)o / (u)nsure / (f)inished
firstname : carlos
lastname : quandt
middlename : olavo
year : 1992
year_papertitle : ((1992, 'the new regionalism developing countries and regional collaborative competition'), (1995, 'manufacturing the electric vehicle a window of technological opportunity for southern california'))
keywords : frozenset({'automotive engineering', 'transport engineering', 'market economy'})

firstname : carlos
lastname : quandt
middlename : olavo
year : 1993
year_papertitle : ((1993, 'technological learning competition and regional development emerging high technology industrial districts in sao paulo state brazil'),)
keywords : frozenset({'area planning development', 'geography', 'latin american history', 'urban planning'})

15/10 positive, 19/10 negative
Do these records refer to the same thing?
(y)es / (n)o / (u)nsure / (f)inished / (p)revious
firstname : elvin
lastname : wyly
middlename : None
year : 1996
year_papertitle : ((1996, 'a model for identifying gentrified areas with census data'), (1996, 'gender work and space susan hanson and geraldine pratt space place and gender doreen massey and women work and place audrey kobayashi editor and gender in urban research judith a garber and robyne s turner editors law space and the geographies of power nicholas k blomley marginalized places and populations a structurationist agenda david wilson and james o huff editors'), (1996, 'race gender and spatial segmentation in the twin cities'), (1997, 'work place the social regulation of labor markets jamie peck postmodern semiotics material culture and the forms of postmodern life mark gottdiener between justice and beauty race planning and the failure of urban policy in washington d c howard gillette jr between justice and beauty race planning and the failure of urban policy in washington d c howard gillette jr'), (1998, 'containment and mismatch gender differences in commuting in metropolitan labor markets'), (1998, 'homeworkers in global perspective invisible no more eileen boris and elisabeth prgl editors stairways to the stars anthony aveni britain s cities geographies of division in urban britain michael pacione editor population geography and politics in middle east cities michael e bonine editor cities from the arabian desert the building of jubail and yanbu in saudi arabia andrea h pampanini'), (1998, 'modeling the context and contingency of gentrification'), (1999, 'islands of decay in seas of renewal housing policy and the resurgence of gentrification'), (1999, 'local labor markets and occupational sex segregation in an american metropolis'), (1999, 'the color of money revisited racial lending patterns in atlanta s neighborhoods'))
keywords : frozenset({'anthropology', 'cartography', 'epistemology', 'law', 'economic geography', 'demographic economics', 'gender studies', 'ancient history', 'labour economics', 'social science', 'demography', 'market economy'})

firstname : elvin
lastname : wyly
middlename : kirk
year : 1995
year_papertitle : ((1995, 'mapping the gender division of labor a geographical exploration of local labor markets in the twin cities'),)
keywords : frozenset({'transportation', 'urban planning', 'womens studies', 'area planning development', 'geography'})

15/10 positive, 19/10 negative
Do these records refer to the same thing?
(y)es / (n)o / (u)nsure / (f)inished / (p)revious
firstname : matthew
lastname : reiter
middlename : e
year : 2006
year_papertitle : ((2006, 'effects of chronic avian malaria plasmodium relictum infection on reproductive success of hawaii amakihi hemignathus virens'), (2007, 'landscape factors influencing the spatial distribution and abundance of mosquito vector culex quinquefasciatus diptera culicidae in a mixed residential agricultural community in hawai i'), (2008, 'anurans in a subarctic tundra landscape near cape churchill manitoba'), (2008, 'comparison of the egg flotation and egg candling techniques for estimating incubation day of canada goose nests'), (2008, 'trends in abundance of collared lemmings near cape churchill manitoba canada'), (2009, 'larval habitat for the avian malaria vector culex quinquefasciatus diptera culicidae in altered mid elevation mesic dry forests in hawai i'), (2011, 'arctic foxes lemmings and canada goose nest survival at cape churchill manitoba'), (2013, 'evidence of territoriality and species interactions from spatial point pattern analyses of subarctic nesting geese'), (2013, 'species associations and habitat influence the range wide distribution of breeding canada geese branta canadensis interior on western hudson bay'), (2013, 'winter management of california s rice fields to maximize waterbird habitat and minimize water use'))
keywords : frozenset({'hydrology', 'animal science', 'zoology', 'virology', 'ecology'})

firstname : matthew
lastname : reiter
middlename : edward
year : 2009
year_papertitle : ((2009, 'sympatric nesting eastern prairie population canada geese and lesser snow geese on the hudson bay lowlands nest survival and spatial distribution'),)
keywords : frozenset({'ecology', 'forestry'})

16/10 positive, 19/10 negative
Do these records refer to the same thing?
(y)es / (n)o / (u)nsure / (f)inished / (p)revious
firstname : kristin
lastname : sziarto
middlename : None
year : 2008
year_papertitle : ((2008, 'placing legitimacy organising religious support in a hospital workers contract campaign1'), (2008, 'the spatialities of contentious politics'), (2010, 'immigrants riding for justice space time and emotions in the construction of a counterpublic'), (2013, 'researching within and against islamophobia a collaboration project with muslim communities'), (2014, 'diverse muslims in a racialized landscape race ethnicity and islamophobia in the american city of milwaukee wisconsin'), (2014, 'teaching critical thinking in world regional geography through stakeholder debate'), (2015, 'zombies in the classroom a horrific attempt to engage students in critically thinking about turkey s undead application to join the european union'))
keywords : frozenset({'law', 'public administration', 'pedagogy', 'gender studies', 'political economy', 'social science'})

firstname : kristin
lastname : sziarto
middlename : m
year : 2007
year_papertitle : ((2007, 'critical geographics of alliance politics spatialities and practices in religion labor alliances'),)
keywords : frozenset({'geography'})

17/10 positive, 19/10 negative
Do these records refer to the same thing?
(y)es / (n)o / (u)nsure / (f)inished / (p)revious
firstname : felipe
lastname : murtinho
middlename : None
year : 2008
year_papertitle : ((2008, 'are indigenous forest reserves sustainable an analysis of present and future land use trends in bosawas nicaragua'), (2010, 'adaptive capacity in evolving peri urban spaces responses to flood risk in the upper lerma river valley mexico'), (2012, 'adaptation in resource dependent communities a call for greater methodological clarity in adaptation field research'), (2013, 'does external funding help adaptation evidence from community based water management in the colombian andes'), (2013, 'water scarcity in the andes a comparison of local perceptions and observed climate land use and socioeconomic changes'), (2015, 'an institutional analysis of payment for environmental services on collectively managed lands in ecuador'), (2015, 'can conservation contracts co exist with change payment for ecosystem services in the context of adaptive decision making and sustainability'))
keywords : frozenset({'agroforestry', 'environmental planning', 'environmental economics', 'environmental protection', 'economic growth', 'knowledge management', 'environmental resource management'})

firstname : felipe
lastname : murtinho
middlename : None
year : 2011
year_papertitle : ((2011, 'adaptation to environmental change among water user associations in the colombian andes'),)
keywords : frozenset({'water resource management', 'natural resource management', 'geography'})

17/10 positive, 20/10 negative
Do these records refer to the same thing?
(y)es / (n)o / (u)nsure / (f)inished / (p)revious
Finished labeling
INFO:rlr.crossvalidation:using cross validation to find optimum alpha...
INFO:rlr.crossvalidation:optimum alpha: 0.010000, score 0.8006949053555887
INFO:dedupe.training:Final predicate set:
INFO:dedupe.training:TfidfNGramSearchPredicate: (0.8, lastname)
Done in 10370.048540143172 minutes.
