Namespace(testing=False, verbose=1, field=['mathematics'], train_name='mona_degree0', startyear=1985, endyear=2015, loadstartyear=1985, loadendyear=2015, mergemode='1:1', recall=0.9, institution='False', fieldofstudy_cat='False', fieldofstudy_str='False', keywords='True', retrain='True', linking_type='graduates', samplesize=50000, write_to='database')
Have max 12 cores available
Testing is False 

I set the write connection to the main database.
id_field is [33923547] and will be passed to sql queries.
finished setup ... 
Time elapsed: 0.0014090299606323241 minutes 


    SELECT goid
            , year
            , firstname 
            , lastname
            , CASE TRIM(SUBSTR(middle_lastname, 1, l_fullname-l_firstname-l_lastname - 1)) 
                WHEN 
                    "" THEN NULL 
                    ELSE TRIM(SUBSTR(middle_lastname, 1, l_fullname-l_firstname-l_lastname - 1)) 
                END AS middlename
            , fieldofstudy
            , keywords
            , institution
            , coauthors
            , year_papertitle
    FROM (
        SELECT goid
            , degree_year AS year 
            , fullname 
            , SUBSTR(TRIM(fullname),1,instr(trim(fullname)||' ',' ')-1) AS firstname
            , REPLACE(fullname, RTRIM(fullname, REPLACE(fullname, " ", "")), "") AS lastname 
            , TRIM(SUBSTR(fullname, length(SUBSTR(TRIM(fullname),1,instr(trim(fullname)||' ',' ')-1)) + 1)) AS middle_lastname 
            , length(fullname) AS l_fullname 
            , length(SUBSTR(TRIM(fullname),1,instr(trim(fullname)||' ',' ')-1) ) AS l_firstname
            , length(REPLACE(fullname, RTRIM(fullname, REPLACE(fullname, " ", "")), "")) AS l_lastname
            , fieldname AS fieldofstudy
            , university_id
            , degree_year || "//" || thesistitle as year_papertitle 
        FROM pq_authors 
        INNER JOIN (
            SELECT goid, fieldname 
            FROM pq_fields_mag
            WHERE mag_field0 IN (?)
        ) USING (goid)
    )
    -- ## NOTE: use left join here as not all graduates have advisor (particularly pre-1980) and possibly also keywords
    LEFT JOIN (
        SELECT goid
            , fields as keywords
            , advisors as coauthors
        FROm pq_info_linking
    ) USING(goid)
    INNER JOIN (
        SELECT university_id, normalizedname as institution
        FROM pq_unis
        WHERE location like "%United States%"
    ) USING(university_id)
    WHERE year >= 1985 and year <= 2015 AND length(firstname) > 1
     


    SELECT f.AuthorId
        , f.year
        , f.firstname
        , f.lastname
        , CASE TRIM(SUBSTR(f.middle_lastname, 1, f.l_fullname - f.l_firstname - f.l_lastname - 1)) 
            WHEN 
                "" THEN NULL 
                ELSE TRIM(SUBSTR(f.middle_lastname, 1, f.l_fullname - f.l_firstname - f.l_lastname - 1)) 
            END as middlename 
            -- ## NOTE this gives "" for middlename when it is missing 
        , f.fieldofstudy
        , g.keywords
        , g.coauthors
        , g.institution
        , g.year_papertitle
    FROM (
        SELECT a.AuthorId
            , a.YearFirstPub AS year
            , a.FirstName AS firstname
            , REPLACE(b.NormalizedName, RTRIM(b.NormalizedName, REPLACE(b.NormalizedName, " ", "")), "") AS lastname 
                    -- https://stackoverflow.com/questions/21388820/how-to-get-the-last-index-of-a-substring-in-sqlite
            , TRIM(SUBSTR(b.NormalizedName, length(a.FirstName) + 1)) AS middle_lastname 
                    -- this gives all except the first name 
            , length(b.NormalizedName) as l_fullname 
            , length(a.FirstName) as l_firstname
            , length(REPLACE(b.NormalizedName, RTRIM(b.NormalizedName, REPLACE(b.NormalizedName, " ", "")), "")) as l_lastname
            , e.NormalizedName AS fieldofstudy
        FROM author_sample AS a
        INNER JOIN (
            SELECT AuthorId, NormalizedName
            FROM Authors
        ) AS b USING(AuthorId)
        INNER JOIN (
            SELECT AuthorId
            FROM author_field0
            WHERE FieldOfStudyId_lvl0 IN (?)
                AND Degree <= 0
        ) USING(AuthorId)
        LEFT JOIN (
            SELECT AuthorId, NormalizedName
            FROM author_fields c
            INNER JOIN (
                SELECT FieldOfStudyId, NormalizedName
                FROM FieldsOfStudy
            ) AS d USING(FieldOfStudyId)
            -- ## Condition on fieldofstudy being in the level 0 id_field
            INNER JOIN (
                SELECT ParentFieldOfStudyId, ChildFieldOfStudyId
                FROM crosswalk_fields
                WHERE ParentLevel = 0
                    AND ParentFieldOfStudyId IN (?)
            ) AS e ON (e.ChildFieldOfStudyId = c.FieldOfStudyId)
            WHERE FieldClass = 'first'
        ) AS e USING(AuthorId)
    ) f
    LEFT JOIN (
        SELECT AuthorId
                , institutions as institution
                , main_us_institutions_career
                , coauthors
                , keywords
                , year_papertitle
        FROM author_info_linking
    ) AS g USING(AuthorId)
    WHERE length(firstname) > 1 AND year >= 1985 - 5 AND year <= 2015 + 5 
        -- ## use this to condition on people that have at least at some point their main affiliation in the US
        AND g.main_us_institutions_career IS NOT NULL
        AND g.institution != "chinese academy of sciences"
     

INFO:dedupe.canopy_index:Removing stop word ha
INFO:dedupe.canopy_index:Removing stop word an
INFO:dedupe.canopy_index:Removing stop word ng
INFO:dedupe.canopy_index:Removing stop word in
INFO:dedupe.canopy_index:Removing stop word un
INFO:dedupe.canopy_index:Removing stop word on
INFO:dedupe.canopy_index:Removing stop word ia
INFO:dedupe.canopy_index:Removing stop word sh
INFO:dedupe.canopy_index:Removing stop word en
INFO:dedupe.canopy_index:Removing stop word ch
INFO:dedupe.canopy_index:Removing stop word an
INFO:dedupe.canopy_index:Removing stop word ha
INFO:dedupe.canopy_index:Removing stop word le
INFO:dedupe.canopy_index:Removing stop word ma
INFO:dedupe.canopy_index:Removing stop word in
INFO:dedupe.canopy_index:Removing stop word el
INFO:dedupe.canopy_index:Removing stop word en
INFO:dedupe.canopy_index:Removing stop word ar
INFO:dedupe.canopy_index:Removing stop word ch
INFO:dedupe.canopy_index:Removing stop word ri
INFO:dedupe.canopy_index:Removing stop word er
INFO:dedupe.canopy_index:Removing stop word ra
INFO:dedupe.canopy_index:Removing stop word li
INFO:dedupe.canopy_index:Removing stop word re
INFO:dedupe.canopy_index:Removing stop word ne
INFO:dedupe.canopy_index:Removing stop word al
INFO:dedupe.canopy_index:Removing stop word on
INFO:dedupe.canopy_index:Removing stop word la
INFO:dedupe.canopy_index:Removing stop word as
INFO:dedupe.canopy_index:Removing stop word an
INFO:dedupe.canopy_index:Removing stop word ro
/home/mona/anaconda3/envs/science-career-tempenv/lib/python3.9/site-packages/sklearn/feature_extraction/text.py:544: UserWarning: The parameter 'ngram_range' will not be used since 'analyzer' is callable'
  warnings.warn(
/home/mona/anaconda3/envs/science-career-tempenv/lib/python3.9/site-packages/sklearn/feature_extraction/text.py:550: UserWarning: The parameter 'stop_words' will not be used since 'analyzer' != 'word'
  warnings.warn(
INFO:dedupe.training:Final predicate set:
INFO:dedupe.training:TfidfNGramSearchPredicate: (0.8, lastname)
Time elapsed: 325.43508507410684 minutes 

Starting active labeling...
firstname : jennifer
lastname : kensler
middlename : l k
year : 2013
year_papertitle : ((2013, 'a tutorial on the planning of experiments'), (2014, 'a practitioner s guide to analyzing reliability experiments with random blocks and subsampling'), (2015, 'analysis of reliability experiments with random blocks and subsampling'), (2015, 'some extensions in continuous models for immunological correlates of protection'), (2018, 'analysis of split plot reliability experiments with subsampling'))
keywords : frozenset({'statistics', 'management science', 'mathematical optimization', 'toxicology', 'data mining', 'reliability engineering'})

firstname : jennifer
lastname : kensler
middlename : l k
year : 2012
year_papertitle : ((2012, 'analysis of reliability experiments with random blocks and subsampling'),)
keywords : frozenset({'statistics'})

0/10 positive, 0/10 negative
Do these records refer to the same thing?
(y)es / (n)o / (u)nsure / (f)inished
firstname : thomas
lastname : church
middlename : None
year : 2010
year_papertitle : ((2010, 'infinite generation of the kernels of the magnus and burau representations'), (2011, 'separating twists and the magnus representation of the torelli group'), (2012, 'homological stability for configuration spaces of manifolds'), (2012, 'on the geometric nature of characteristic classes of surface bundles'), (2012, 'parameterized abel jacobi maps and abelian cycles in the torelli group'), (2012, 'the rational cohomology of the mapping class group vanishes in its virtual cohomological dimension'), (2013, 'invariance properties of miller morita mumford characteristic numbers of fibre bundles'), (2013, 'representation theory and homological stability'), (2013, 'some groups of mapping classes not realized by diffeomorphisms'), (2014, 'orbits of curves under the johnson kernel'))
keywords : frozenset({'combinatorics', 'pure mathematics', 'algebra'})

firstname : thomas
lastname : church
middlename : None
year : 2011
year_papertitle : ((2011, 'orbits of curves under the johnson kernel'),)
keywords : frozenset({'mathematics'})

1/10 positive, 0/10 negative
Do these records refer to the same thing?
(y)es / (n)o / (u)nsure / (f)inished / (p)revious
INFO:dedupe.training:Final predicate set:
INFO:dedupe.training:TfidfNGramSearchPredicate: (0.8, lastname)
INFO:dedupe.training:SimplePredicate: (firstTwoTokensPredicate, middlename)
firstname : sebastian
lastname : casalainamartin
middlename : None
year : 2005
year_papertitle : ((2005, 'cubic threefolds and abelian varieties of dimension five'), (2008, 'cubic threefolds and abelian varieties of dimension five ii'), (2009, 'singularities of the prym theta divisor'), (2009, 'some examples of vector bundles in the base locus of the generalized theta divisor'), (2009, 'the moduli space of cubic threefolds via degenerations of the intermediate jacobian'), (2011, 'singularities of brill noether loci for vector bundles on a curve'), (2012, 'a riemann singularity theorem for integral curves'), (2012, 'simultaneous semi stable reduction for curves with ade singularities'))
keywords : frozenset({'combinatorics', 'pure mathematics', 'mathematical analysis', 'algebra'})

firstname : sebastian
lastname : casalainamartin
middlename : ben
year : 2004
year_papertitle : ((2004, 'singularities of the prym theta divisor'),)
keywords : frozenset({'mathematics'})

1/10 positive, 1/10 negative
Do these records refer to the same thing?
(y)es / (n)o / (u)nsure / (f)inished / (p)revious
firstname : roy
lastname : laurent
middlename : t st
year : 1990
year_papertitle : ((1990, 'the equivalence of the milliken graybill procedure and the score test'), (1991, 'confidence intervals for the comparison of two poisson distributions'), (1992, 'leverage and superleverage in nonlinear regression'), (1993, 'bartlett correction factors in logistic regression models'), (1993, 'leverage local influence and curvature in nonlinear regression'), (1994, 'patterns of cerebral glucose metabolism detected with positron emission tomography differ in multiple system atrophy and olivopontocerebellar atrophy'), (1995, 'benzodiazepine receptor binding in cerebellar degenerations studied with positron emission tomography'), (1996, 'reply from the authors spect in opca'))
keywords : frozenset({'endocrinology', 'psychotherapist', 'statistics', 'mathematical optimization', 'applied mathematics', 'econometrics', 'internal medicine', 'pathology'})

firstname : roy
lastname : laurent
middlename : thomas st
year : 1987
year_papertitle : ((1987, 'detecting curvature in the response in regression'),)
keywords : frozenset({'statistics'})

2/10 positive, 1/10 negative
Do these records refer to the same thing?
(y)es / (n)o / (u)nsure / (f)inished / (p)revious
INFO:dedupe.training:Final predicate set:
INFO:dedupe.training:TfidfNGramSearchPredicate: (0.8, lastname)
INFO:dedupe.training:SimplePredicate: (commonSixGram, lastname)
firstname : katherine
lastname : masyn
middlename : e
year : 2002
year_papertitle : ((2002, 'general growth mixture modeling for randomized preventive interventions'), (2005, 'discrete time survival mixture analysis'), (2006, 'a comparison of girls and boys aggressive disruptive behavior trajectories across elementary school prediction to young adult antisocial outcomes'), (2006, 'a review of applied longitudinal data analysis modeling change and event occurrence'), (2006, 'molecular and imaging correlates of the fragile x associated tremor ataxia syndrome'), (2007, 'cognitive and parenting pathways in the transmission of antisocial behavior from parents to adolescents'), (2007, 'teaching with student response systems in elementary and secondary education settings a survey study'), (2008, 'careers in motion a longitudinal retention study of role changing among early career urban educators'), (2008, 'drinking trajectories following an initial lapse'), (2009, 'development of mastery during adolescence the role of family problem solving'))
keywords : frozenset({'endocrinology', 'statistics', 'demography', 'social psychology', 'econometrics', 'mathematics education', 'developmental psychology', 'psychiatry', 'clinical psychology', 'data science', 'internal medicine', 'pathology'})

firstname : katherine
lastname : masyn
middlename : elizabeth
year : 2003
year_papertitle : ((2003, 'discrete time survival mixture analysis for single and recurrent events using latent variables'),)
keywords : frozenset({'statistics', 'educational evaluation', 'experiments', 'psychology'})

2/10 positive, 2/10 negative
Do these records refer to the same thing?
(y)es / (n)o / (u)nsure / (f)inished / (p)revious
firstname : peter
lastname : larbi
middlename : ako
year : 2011
year_papertitle : ((2011, 'assessment of aerosol deposition and movement in open field conditions'), (2011, 'model to predict spray deposition in citrus airblast sprayer applications part 1 spray dispersion'), (2012, 'air assisted sprayer adapted for precision horticulture spray patterns and deposition assessments in small sized citrus canopies'), (2012, 'citrussprayex an expert system for planning citrus spray applications'), (2012, 'technical note spray pattern investigation of an axial fan airblast precision sprayer using a modified vertical patternator'), (2013, 'application note discretization for a spray deposition model criteria for temporal and spatial differencing'), (2013, 'multispectral based leaf detection system for spot sprayer application to control citrus psyllids'), (2015, 'a study of operator performance for a mechanical sweet cherry harvester comparison between manual and remote controlled operation'), (2015, 'modification and field evaluation of an experimental mechanical sweet cherry harvester'), (2016, 'rgbexcel an rgb image data extractor and exporter for excel processing'))
keywords : frozenset({'agricultural engineering', 'environmental engineering', 'structural engineering', 'computer vision', 'marine engineering', 'botany', 'analytical chemistry', 'simulation', 'applied mathematics', 'hydrology', 'remote sensing', 'computer graphics images', 'artificial intelligence', 'soil science', 'horticulture'})

firstname : peter
lastname : larbi
middlename : ako
year : 2011
year_papertitle : ((2011, 'development of a model to predict spray deposition in air carrier sprayer applications'),)
keywords : frozenset({'computer engineering', 'applied mathematics', 'agricultural engineering'})

3/10 positive, 2/10 negative
Do these records refer to the same thing?
(y)es / (n)o / (u)nsure / (f)inished / (p)revious
INFO:dedupe.training:Final predicate set:
INFO:dedupe.training:TfidfNGramSearchPredicate: (0.8, lastname)
INFO:dedupe.training:SimplePredicate: (suffixArray, lastname)
firstname : kamiar
lastname : rad
middlename : rahnama
year : 2004
year_papertitle : ((2004, 'iterative detection for v blast mimo communication systems based on expectation maximisation algorithm'), (2009, 'mean field approximations for coupled populations of generalized linear model spiking neurons with markov refractoriness'), (2009, 'sharp upper bound on error probability of exact sparsity recovery'), (2010, 'a new look at state space models for neural data'), (2010, 'distributed parameter estimation in networks'), (2010, 'efficient adaptive estimation of two dimensional firing rate surfaces via gaussian process methods'), (2010, 'sparse superposition codes for gaussian vector quantization'), (2011, 'information rates and optimal decoding in large neural populations'), (2011, 'nearly sharp sufficient conditions on exact sparsity pattern recovery'))
keywords : frozenset({'statistics', 'machine learning', 'pattern recognition', 'mathematical optimization', 'applied mathematics', 'algorithm', 'combinatorics', 'theoretical computer science', 'discrete mathematics', 'artificial intelligence', 'calculus'})

firstname : kamiar
lastname : rad
middlename : rahnama
year : 2011
year_papertitle : ((2011, 'high dimensional information processing'),)
keywords : frozenset({'neurosciences', 'applied mathematics'})

4/10 positive, 2/10 negative
Do these records refer to the same thing?
(y)es / (n)o / (u)nsure / (f)inished / (p)revious
firstname : yang
lastname : liu
middlename : None
year : 1998
year_papertitle : ((1998, 'process mean shift detection using prediction error analysis'), (2005, 'assembly fixture fault diagnosis using designated component analysis'))
keywords : frozenset({'statistics', 'engineering drawing', 'algorithm'})

firstname : yang
lastname : liu
middlename : None
year : 2015
year_papertitle : ((2015, 'generalized fiducial inference for graded response models'),)
keywords : frozenset({'statistics', 'quantitative psychology'})

4/10 positive, 3/10 negative
Do these records refer to the same thing?
(y)es / (n)o / (u)nsure / (f)inished / (p)revious
firstname : abraham
lastname : campo
middlename : martin del
year : 2012
year_papertitle : ((2012, 'an inequality of kostka numbers and galois groups of schubert problems'), (2012, 'the secant conjecture in the real schubert calculus'), (2013, 'finiteness theorems and algorithms for permutation invariant chains of laurent lattice ideals'), (2014, 'galois groups of schubert problems of lines are at least alternating'), (2015, 'the monotone secant conjecture in the real schubert calculus'), (2016, 'corrigendum to finiteness theorems and algorithms for permutation invariant chains of laurent lattice ideals j symb comput 50 march 2013 314 334'), (2017, 'critical points via monodromy and local methods'), (2017, 'exact goodness of fit testing for the ising model'))
keywords : frozenset({'algebra', 'pure mathematics', 'statistical physics', 'applied mathematics', 'algorithm', 'combinatorics', 'discrete mathematics'})

firstname : abraham
lastname : sanchez
middlename : martin del campo
year : 2012
year_papertitle : ((2012, 'galois groups of schubert problems'),)
keywords : frozenset({'mathematics', 'applied mathematics'})

4/10 positive, 4/10 negative
Do these records refer to the same thing?
(y)es / (n)o / (u)nsure / (f)inished / (p)revious
firstname : costas
lastname : maranas
middlename : d
year : 1992
year_papertitle : ((1992, 'a global optimization approach for lennard jones microclusters'), (1993, 'global optimization for molecular conformation problems'), (1994, 'a deterministic global optimization approach for molecular structure determination'), (1994, 'global minimum potential energy conformations of small molecules'), (1995, 'finding all solutions of nonlinearly constrained systems of equations'), (1995, 'new results in the packing of equal circles in a square'), (1995, 'αbb a global optimization method for general constrained nonconvex problems'), (1996, 'a global optimization method αbb for process design'), (1996, 'locating all azeotropes in homogeneous azeotropic systems'), (1996, 'optimal computer aided molecular design a polymer design case study'))
keywords : frozenset({'mathematical optimization', 'applied mathematics', 'algorithm', 'combinatorics', 'quantum mechanics', 'discrete mathematics'})

firstname : costas
lastname : maranas
middlename : d
year : 1995
year_papertitle : ((1995, 'global optimization in computational chemistry and process systems engineering'),)
keywords : frozenset({'mathematics', 'chemical engineering'})

5/10 positive, 4/10 negative
Do these records refer to the same thing?
(y)es / (n)o / (u)nsure / (f)inished / (p)revious
INFO:dedupe.training:Final predicate set:
INFO:dedupe.training:SimplePredicate: (suffixArray, lastname)
INFO:dedupe.training:TfidfNGramSearchPredicate: (0.8, lastname)
INFO:dedupe.training:SimplePredicate: (firstTwoTokensPredicate, middlename)
firstname : rosanna
lastname : manzo
middlename : None
year : 2000
year_papertitle : ((2000, 'using mathematica to simulate general queuing systems'), (2002, 'a retrial queueing system with a finite buffer several input flows and a customer searching server'), (2002, 'impatient service in exponential tandem queues'), (2004, 'how learning mathematics can be made more enjoyable'), (2005, 'analysis of a two phase queueing system with a markov arrival process and losses'), (2005, 'pointwise and uniform power series convergence'), (2005, 'solution of optimal control problems by hybridization'), (2006, 'convergence of superpositions of scaled renewal processes with a finite number of different distributions'), (2006, 'network traffic modeling and packet loss probability approximation'), (2006, 'two phase queueing system with a markov arrival process and blocking'))
keywords : frozenset({'computer network', 'pedagogy', 'mathematical optimization', 'applied mathematics', 'algorithm', 'mathematics education', 'computational science', 'discrete mathematics', 'calculus'})

firstname : feby
lastname : abraham
middlename : v
year : 2004
year_papertitle : ((2004, 'stabilized finite element solution of optimal control problems in computational fluid dynamics'),)
keywords : frozenset({'mathematics', 'mechanical engineering', 'biophysics'})

5/10 positive, 5/10 negative
Do these records refer to the same thing?
(y)es / (n)o / (u)nsure / (f)inished / (p)revious
firstname : houston
lastname : wood
middlename : g
year : 1980
year_papertitle : ((1980, 'onsager s pancake approximation for the fluid dynamics of a gas centrifuge'), (1982, 'a finite element method for the onsager pancake equation'), (1983, 'rotating compressible flows with internal sources and sinks'), (1983, 'the effect of vacuum core boundary conditions on separation in the gas centrifuge'), (1984, 'the effects of curvature on the flow field in rapidly rotating gas centrifuges'), (1986, 'on the eigenvalue problem for a certain non self adjoint operator'))
keywords : frozenset({'geometry', 'nuclear physics', 'classical mechanics', 'mathematical physics', 'mechanics'})

firstname : bryan
lastname : smith
middlename : g
year : 2008
year_papertitle : ((2008, 'the extended finite element method for special problems with moving interfaces'),)
keywords : frozenset({'mechanics', 'mathematics'})

5/10 positive, 6/10 negative
Do these records refer to the same thing?
(y)es / (n)o / (u)nsure / (f)inished / (p)revious
firstname : sergei
lastname : pond
middlename : l kosakovsky
year : 2001
year_papertitle : ((2001, 'a survey of the molecular evolutionary dynamics of twenty five multigene families from four grass taxa'), (2002, 'evolution of duplicated alpha tubulin genes in ciliates'), (2003, 'effects of amino acid and synonymous polymorphisms in hiv 1 protease on viral fitness'), (2004, 'column sorting rapid calculation of the phylogenetic likelihood function'), (2005, 'a simple hierarchical approach to modeling distributions of substitution rates'), (2005, 'adaptation to different human populations by hiv 1 revealed by codon based analyses'), (2005, 'an evolutionary network model reveals stratified interactions in the v3 loop of the hiv 1 envelope'), (2005, 'evolutionary interactions between n linked glycosylation sites in the hiv 1 envelope'), (2005, 'semen specific genetic characteristics of human immunodeficiency virus type 1 env'), (2005, 'synonymous substitution rates predict hiv disease progression as a result of underlying replication dynamics'))
keywords : frozenset({'virology', 'mathematical optimization', 'computational biology', 'immunology', 'biological system', 'genetics'})

firstname : sergei
lastname : pond
middlename : l kosakovsky
year : 2003
year_papertitle : ((2003, 'modeling evolution of protein coding dna sequences'),)
keywords : frozenset({'statistics', 'biostatistics', 'genetics'})

5/10 positive, 7/10 negative
Do these records refer to the same thing?
(y)es / (n)o / (u)nsure / (f)inished / (p)revious
firstname : leila
lastname : amorim
middlename : denise alves ferreira
year : 2005
year_papertitle : ((2005, 'comparison of relative mandibular growth vectors with high resolution 3 dimensional imaging'), (2007, 'intraclass correlations among physiologic measures in children and adolescents'), (2008, 'adolescents with metabolic syndrome have a history of low aerobic fitness and physical activity levels'), (2008, 'early infection with trichuris trichiura and allergen skin test reactivity in later childhood'), (2008, 'estimating adjusted prevalence ratio in clustered cross sectional epidemiological data'), (2008, 'impact of long term treatment with ivermectin on the prevalence and intensity of soil transmitted helminth infections'), (2008, 'regression splines in the time dependent coefficient rates model for recurrent event data'), (2009, 'minor psychiatric disorders in mothers and asthma in children'), (2009, 'spontaneous cytokine production in children according to biological characteristics and environmental exposures'), (2010, 'chronic intestinal helminth infections are associated with immune hyporesponsiveness and induction of a regulatory network'))
keywords : frozenset({'statistics', 'demography', 'veterinary medicine', 'econometrics', 'immunology', 'anatomy', 'gerontology', 'developmental psychology', 'environmental health'})

firstname : leila
lastname : amorim
middlename : denise alves ferreira
year : 2006
year_papertitle : ((2006, 'estimating time varying treatment effect for recurrent childhood diseases'),)
keywords : frozenset({'statistics', 'public health'})

5/10 positive, 8/10 negative
Do these records refer to the same thing?
(y)es / (n)o / (u)nsure / (f)inished / (p)revious
firstname : bani
lastname : mallick
middlename : k
year : 1994
year_papertitle : ((1994, 'generalized linear models with unknown link functions'), (1995, 'bayesian analysis of proportional hazards models built from monotone functions'), (1995, 'modeling expert opinion arising as a partial probabilistic specification'), (1996, 'semiparametric errors in variables models a bayesian approach'), (1997, 'a note on the scale parameter of the dirichlet process'), (1997, 'bayesian semiparametric inference for the accelerated failure time model'), (1997, 'broken biological size relationships a truncated semiparametric regression approach with measurement error'), (1997, 'combining information from several experiments with nonparametric priors'), (1997, 'hierarchical generalized linear models and frailty models with bayesian nonparametric mixing'), (1998, 'automatic bayesian curve fitting'))
keywords : frozenset({'statistics', 'mathematical optimization', 'applied mathematics', 'econometrics', 'data mining', 'theoretical computer science', 'calculus'})

firstname : bani
lastname : mallick
middlename : k
year : 1994
year_papertitle : ((1994, 'bayesian modeling incorporating unknown monotone functions'),)
keywords : frozenset({'statistics'})

5/10 positive, 9/10 negative
Do these records refer to the same thing?
(y)es / (n)o / (u)nsure / (f)inished / (p)revious
firstname : ben
lastname : ford
middlename : None
year : 1995
year_papertitle : ((1995, 'irreducible restrictions of representations of the symmetric groups'), (1996, 'overgroups of irreducible linear groups i'), (1997, 'a proof of the mullineux conjecture'), (1999, 'overgroups of irreducible linear groups ii'))
keywords : frozenset({'combinatorics', 'pure mathematics', 'algebra'})

firstname : benjamin
lastname : ford
middlename : james
year : 1993
year_papertitle : ((1993, 'overgroups of irreducible linear groups'),)
keywords : frozenset({'mathematics'})

6/10 positive, 9/10 negative
Do these records refer to the same thing?
(y)es / (n)o / (u)nsure / (f)inished / (p)revious
firstname : marcus
lastname : perry
middlename : b
year : 2001
year_papertitle : ((2001, 'control chart pattern recognition using back propagation artificial neural networks'), (2005, 'estimation of the change point of the process fraction nonconforming in spc applications'), (2006, 'estimating the change point of a poisson rate parameter with a linear trend disturbance'), (2006, 'estimation of the change point of a normal process mean with a linear trend disturbance'), (2007, 'a magnitude robust control chart for monitoring and estimating step changes in a poisson rate parameter'), (2007, 'change point estimation for monotonically changing poisson rates in spc'), (2007, 'estimating the change point of the process fraction non conforming with a monotonic change disturbance in spc'), (2008, 'a change point model for the location parameter of exponential family densities'))
keywords : frozenset({'statistics', 'machine learning', 'mathematical optimization', 'applied mathematics', 'econometrics', 'artificial intelligence'})

firstname : marcus
lastname : perry
middlename : b
year : 2004
year_papertitle : ((2004, 'robust change detection and change point estimation for poisson count processes'),)
keywords : frozenset({'statistics', 'industrial engineering'})

7/10 positive, 9/10 negative
Do these records refer to the same thing?
(y)es / (n)o / (u)nsure / (f)inished / (p)revious
firstname : young
lastname : kim
middlename : ho
year : 1989
year_papertitle : ((1989, 'surfaces in a pseudo euclidean space with planar normal sections'), (1993, 'surfaces of a euclidean space with helical or planar geodesics through a point'))
keywords : frozenset({'geometry', 'mathematical analysis'})

firstname : young
lastname : kim
middlename : ho
year : 1988
year_papertitle : ((1988, 'submanifolds of euclidean spaces with planar or helical geodesics through a point'),)
keywords : frozenset({'mathematics'})

8/10 positive, 9/10 negative
Do these records refer to the same thing?
(y)es / (n)o / (u)nsure / (f)inished / (p)revious
firstname : alicia
lastname : strandberg
middlename : graziosi
year : 2014
year_papertitle : ((2014, 'detecting randomness a review of existing tests with new comparisons'), (2016, 'a major selection problem'), (2016, 'measuring agreement among ranks sustainability application'), (2016, 'optimizing resources to better forecast future profits'))
keywords : frozenset({'statistics', 'demography', 'demographic economics', 'econometrics', 'marketing', 'industrial organization'})

firstname : alicia
lastname : strandberg
middlename : graziosi
year : 2012
year_papertitle : ((2012, 'a nonparametric test for deviation from randomness'),)
keywords : frozenset({'statistics'})

9/10 positive, 9/10 negative
Do these records refer to the same thing?
(y)es / (n)o / (u)nsure / (f)inished / (p)revious
firstname : jens
lastname : melenk
middlename : markus
year : 1995
year_papertitle : ((1995, 'functions with time and frequency gaps'), (1996, 'finite element method for solving problems with singular solutions'), (1996, 'the partition of unity finite element method basic theory and applications'), (1997, 'approximation with harmonic and generalized harmonic polynomials in the partition of unity method'), (1997, 'on the robust exponential convergence of hp finite element methods for problems with boundary layers'), (1997, 'the partition of unity method'), (1998, 'hp fem for reaction diffusion equations i robust exponential convergence'), (1999, 'an hp finite element method for convection diffusion problems in one dimension'), (1999, 'analytic regularity for a singularly perturbed problem'), (1999, 'operator adapted spectral element methods i harmonic and generalized harmonic polynomials'))
keywords : frozenset({'applied mathematics', 'mathematical analysis', 'calculus'})

firstname : jens
lastname : melenk
middlename : markus
year : 1995
year_papertitle : ((1995, 'on generalized finite element methods'),)
keywords : frozenset({'mathematics'})

10/10 positive, 9/10 negative
Do these records refer to the same thing?
(y)es / (n)o / (u)nsure / (f)inished / (p)revious
firstname : harsh
lastname : jain
middlename : vardhan
year : 2007
year_papertitle : ((2007, 'level of endothelial cell apoptosis required for a significant decrease in microvessel density'), (2008, 'modeling the vegf bcl 2 cxcl8 pathway in intratumoral agiogenesis'), (2009, 'quantification of endothelial cell targeted anti bcl 2 therapy and its suppression of tumor growth and vascularization'), (2011, 'mathematical modeling of prostate cancer progression in response to androgen ablation therapy'), (2011, 'the molecular basis of synergism between carboplatin and abt 737 therapy targeting ovarian carcinomas'), (2012, 'modeling stem progenitor cell induced neovascularization and oxygenation around solid implants'), (2012, 'qualitative analysis of an integro differential equation model of periodic chemotherapy'), (2013, 'a hybrid model of the role of vegf binding in endothelial cell migration and capillary formation'), (2013, 'a partial differential equation model of metastasized prostatic cancer'), (2013, 'modeling prostate cancer response to continuous versus intermittent androgen ablation therapy'))
keywords : frozenset({'biomedical engineering', 'cancer research', 'bioinformatics', 'control theory', 'applied mathematics', 'immunology', 'oncology', 'cell biology', 'internal medicine', 'pathology'})

firstname : harsh
lastname : jain
middlename : vardhan
year : 2008
year_papertitle : ((2008, 'multiscale models of vegf mediated molecular signaling pathways in intratumoral angiogenesis'),)
keywords : frozenset({'mathematics', 'medicine'})

11/10 positive, 9/10 negative
Do these records refer to the same thing?
(y)es / (n)o / (u)nsure / (f)inished / (p)revious
firstname : kaustuv
lastname : das
middlename : mukul
year : 1995
year_papertitle : ((1995, 'simple connectivity of the quillen complex of gln q'), (2000, 'the quillen complex of groups of symplectic type the characteristic 2 case'))
keywords : frozenset({'combinatorics'})

firstname : kaustuv
lastname : das
middlename : mukul
year : 1994
year_papertitle : ((1994, 'homotopy and homology ofp subgroup complexes'),)
keywords : frozenset({'mathematics'})

12/10 positive, 9/10 negative
Do these records refer to the same thing?
(y)es / (n)o / (u)nsure / (f)inished / (p)revious
firstname : chiuchu
lastname : liu
middlename : melissa
year : 2011
year_papertitle : ((2011, 'a categorification of morelli s theorem'), (2014, 'the coherent constructible correspondence for toric deligne mumford stacks'))
keywords : frozenset({'combinatorics', 'pure mathematics'})

firstname : chiuchu
lastname : liu
middlename : melissa
year : 2002
year_papertitle : ((2002, 'moduli of i j i holomorphic curves with lagrangian boundary conditions'),)
keywords : frozenset({'mathematics'})

12/10 positive, 10/10 negative
Do these records refer to the same thing?
(y)es / (n)o / (u)nsure / (f)inished / (p)revious
firstname : roger
lastname : zoh
middlename : s
year : 2015
year_papertitle : ((2015, 'comparison of two different estimation methods of wind speed extreme values'), (2016, 'comparative effects of diet and carcinogen on microrna expression in the stem cell niche of the mouse colonic crypt'), (2016, 'data describing the effects of dietary bioactive agents on colonic stem cell microrna and mrna expression'), (2016, 'first and second trimester immune biomarkers in preeclamptic and normotensive women'), (2016, 'homeostatic responses of colonic lgr5 stem cells following acute in vivo exposure to a genotoxic carcinogen'), (2016, 'pcan probabilistic correlation analysis of two non normal data sets'), (2016, 'rapidly cycling lgr5 stem cells are exquisitely sensitive to extrinsic dietary factors that modulate colon cancer risk'), (2018, 'a powerful bayesian test for equality of means in high dimensions'), (2018, 'functional multiple indicators multiple causes measurement error models'), (2019, 'establishment of a multicomponent dietary bioactive human equivalent dose to delete damaged lgr5 stem cells using a mouse colon tumor initiation model'))
keywords : frozenset({'statistics', 'cancer research', 'bioinformatics', 'mathematical optimization', 'pharmacology', 'applied mathematics', 'immunology', 'molecular biology', 'obstetrics', 'pathology'})

firstname : roger
lastname : zoh
middlename : sai
year : 2012
year_papertitle : ((2012, 'using the negative log gamma distribution for bayesian system reliability assessment'),)
keywords : frozenset({'statistics'})

12/10 positive, 11/10 negative
Do these records refer to the same thing?
(y)es / (n)o / (u)nsure / (f)inished / (p)revious
firstname : young
lastname : ko
middlename : myoung
year : 2007
year_papertitle : ((2007, 'optimal policies for control of peers in online multimedia services'), (2010, 'epidemic based information dissemination in wireless mobile sensor networks'), (2010, 'transient analysis of queues for peer based multimedia content delivery'), (2013, 'critically loaded time varying multiserver queues computational challenges and approximations'), (2013, 'integrating virtualization speed scaling and powering on off servers in data centers for energy efficiency'), (2014, 'a distributed speed scaling and load balancing algorithm for energy efficient data centers'), (2014, 'validation and reliability of a smartphone application for the international prostate symptom score questionnaire a randomized repeated measures crossover study'))
keywords : frozenset({'computer network', 'mathematical optimization', 'distributed computing', 'algorithm', 'real time computing', 'physical therapy'})

firstname : young
lastname : ko
middlename : myoung
year : 2011
year_papertitle : ((2011, 'transient analysis of large scale stochastic service systems'),)
keywords : frozenset({'applied mathematics', 'industrial engineering'})

12/10 positive, 12/10 negative
Do these records refer to the same thing?
(y)es / (n)o / (u)nsure / (f)inished / (p)revious
firstname : spiridon
lastname : spirou
middlename : v
year : 1994
year_papertitle : ((1994, 'dose calculation for photon beams with intensity modulation generated by dynamic jaw or multileaf collimations'), (1994, 'generation of arbitrary intensity profiles by dynamic jaws or multileaf collimators'), (1996, '124 planning delivery and quality assurance of treatment with dynamic multileaf collimator for prostate a strategy for large scale implementation'), (1996, '322clinical implementation of dynamic multileaf modulation for intensity modulated treatments'), (1996, '325conformal therapy of prostate cancer using intensity modulated x rays designed by the inverse technique and produced with dynamic multileaf collimation'), (1996, 'conformal radiation treatment of prostate cancer using inversely planned intensity modulated photon beams produced with dynamic multileaf collimation'), (1996, 'dosimetric verification of intensity modulated fields'), (1996, 'generation of arbitrary intensity profiles by combining the scanning beam with dynamic multileaf collimation'), (1996, 'testing of dynamic multileaf collimation'), (1997, '29 mixed modality intensity modulated radiation therapy treatment planning for intracranial lesions'))
keywords : frozenset({'radiology', 'medical physics', 'nuclear medicine', 'simulation', 'optics'})

firstname : spiridon
lastname : spirou
middlename : v
year : 1996
year_papertitle : ((1996, 'design and delivery of intensity modulated profiles in radiation therapy'),)
keywords : frozenset({'medical imaging', 'mathematics', 'biophysics'})

12/10 positive, 13/10 negative
Do these records refer to the same thing?
(y)es / (n)o / (u)nsure / (f)inished / (p)revious
firstname : donald
lastname : martin
middlename : e k
year : 1999
year_papertitle : ((1999, 'detection of periodic autocorrelation in time series data via zero crossings'), (1999, 'paired comparison models applied to the design of the major league baseball play offs'), (2000, 'on the distribution of the number of successes in fourth or lower order markovian trials'), (2001, 'applications of an algorithm for the distribution of the number of successes in fourth order markovian sequences'), (2001, 'influence functions applied to the estimation of mean rain rate'), (2003, 'an algorithm to compute the probability of a run in binary fourth order markovian trials'), (2004, 'computation of asymmetric signal extraction filters and mean squared error for arima component models'), (2004, 'markovian start up demonstration tests with rejection of units upon observing d failures'), (2005, 'distribution of the number of successes in success runs of length at least k in higher order markovian sequences'), (2006, 'hot hand effects in sports and a recursive method of computing probabilities for streaks'))
keywords : frozenset({'statistics', 'mathematical optimization', 'applied mathematics', 'algorithm', 'combinatorics', 'discrete mathematics', 'reliability engineering'})

firstname : donald
lastname : martin
middlename : e k
year : 1990
year_papertitle : ((1990, 'estimation of the minimal period of periodically correlated sequences'),)
keywords : frozenset({'statistics', 'mathematics'})

13/10 positive, 13/10 negative
Do these records refer to the same thing?
(y)es / (n)o / (u)nsure / (f)inished / (p)revious
firstname : salil
lastname : sarkar
middlename : k
year : 1989
year_papertitle : ((1989, 'managements view on share repurchase and tender offer premiums'), (1994, 'nonlinear dependence in finnish stock returns'), (1995, 'black scholes as compared to observed prices an empirical study'), (1996, 'a reexamination of corporate sell offs of real estate assets'), (1996, 'the valuation effects of the 1977 community reinvestment act and its enforcement'))
keywords : frozenset({'financial economics', 'financial system', 'econometrics'})

firstname : salil
lastname : sarkar
middlename : kumar
year : 1991
year_papertitle : ((1991, 'modeling nonlinear dynamics in nasdaq stock returns'),)
keywords : frozenset({'statistics', 'finance', 'business community'})

13/10 positive, 14/10 negative
Do these records refer to the same thing?
(y)es / (n)o / (u)nsure / (f)inished / (p)revious
firstname : carl
lastname : mikkelsen
middlename : christian kjelgaard
year : 2008
year_papertitle : ((2008, 'analysis of the truncated spike algorithm'), (2010, 'parallel solution of narrow banded diagonally dominant linear systems'), (2011, 'incomplete cyclic reduction of banded and strictly diagonally dominant linear systems'), (2011, 'retracing the residual curve of a lyapunov equation solver'), (2012, 'approximate incomplete cyclic reduction for systems which are tridiagonal and strictly diagonally dominant by rows'), (2013, 'improving perfect parallelism'), (2015, 'accelerating sparse arithmetic in the context of newton s method for small molecules with bond constraints'))
keywords : frozenset({'discrete mathematics', 'applied mathematics', 'statistical physics', 'algorithm', 'combinatorics', 'mathematical analysis', 'parallel computing'})

firstname : carl
lastname : mikkelsen
middlename : christian kjelgaard
year : 2009
year_papertitle : ((2009, 'numerical methods for large lyapunov equations'),)
keywords : frozenset({'mathematics'})

13/10 positive, 15/10 negative
Do these records refer to the same thing?
(y)es / (n)o / (u)nsure / (f)inished / (p)revious
firstname : ryan
lastname : lichtenwalter
middlename : n
year : 2008
year_papertitle : ((2008, 'data mining on the grid for the grid'), (2009, 'adaptive methods for classification in arbitrarily imbalanced and drifting data streams'), (2009, 'applying learning algorithms to music generation'), (2010, 'a machine learning approach to autonomous music composition'), (2010, 'new perspectives and methods in link prediction'), (2011, 'disnet a framework for distributed graph computation'), (2011, 'lpmade link prediction made easy'), (2011, 'multi relational link prediction in heterogeneous information networks'), (2012, 'range limited centrality measures in complex networks'), (2012, 'vertex collocation profiles subgraph counting for link analysis and prediction'))
keywords : frozenset({'machine learning', 'distributed computing', 'data mining', 'algorithm', 'theoretical computer science', 'discrete mathematics', 'artificial intelligence', 'data science'})

firstname : ryan
lastname : lichtenwalter
middlename : n
year : 2012
year_papertitle : ((2012, 'network analysis and link prediction effective and meaningful modeling and evaluation'),)
keywords : frozenset({'artificial intelligence', 'applied mathematics', 'computer science'})

14/10 positive, 15/10 negative
Do these records refer to the same thing?
(y)es / (n)o / (u)nsure / (f)inished / (p)revious
firstname : david
lastname : fong
middlename : chinlung
year : 2011
year_papertitle : ((2011, 'learning relevance from heterogeneous social network and its application in online targeting'), (2011, 'lsmr an iterative algorithm for sparse least squares problems'), (2012, 'cg versus minres an empirical comparison'))
keywords : frozenset({'combinatorics', 'information retrieval', 'mathematical analysis', 'discrete mathematics'})

firstname : david
lastname : fong
middlename : chinlung
year : 2011
year_papertitle : ((2011, 'minimum residual methods for sparse least squares using golub kahan bidiagonalization'),)
keywords : frozenset({'applied mathematics'})

14/10 positive, 15/10 negative
Do these records refer to the same thing?
(y)es / (n)o / (u)nsure / (f)inished / (p)revious
firstname : ferenc
lastname : hartung
middlename : None
year : 1993
year_papertitle : ((1993, 'stability in delay equations with perturbed time lags'), (1995, 'numerical approximations for a class of differential equations with time and state dependent delays'), (1995, 'on the asymptotic behavior of the solutions of a state dependent delay equation'), (1997, 'identification of parameters in delay equations with state dependent delays'), (1997, 'on differentiability of solutions with respect to parameters in state dependent delay equations'), (1997, 'on existence uniqueness and numerical approximation for neutral equations with state dependent delays'), (1998, 'parameter identification in classes of hereditary systems of neutral type'), (1998, 'preservation of stability in delay equations under delay perturbations'), (2000, 'parameter identification in classes of neutral differential equations with state dependent delays'))
keywords : frozenset({'applied mathematics', 'control theory', 'mathematical analysis'})

firstname : ferenc
lastname : hartung
middlename : None
year : 1995
year_papertitle : ((1995, 'on classes of functional differential equations with state dependent delays'),)
keywords : frozenset({'mathematics'})

14/10 positive, 16/10 negative
Do these records refer to the same thing?
(y)es / (n)o / (u)nsure / (f)inished / (p)revious
firstname : igor
lastname : yanovsky
middlename : None
year : 2007
year_papertitle : ((2007, 'multiphase segmentation of deformation using logarithmic priors'), (2007, 'quantifying deformation using information theory the log unbiased nonlinear registration'), (2007, 'statistical properties of jacobian maps and the realization of unbiased large deformation nonlinear image registration'), (2007, 'topology preserving log unbiased nonlinear image registration theory and implementation'), (2008, 'asymmetric and symmetric unbiased image registration statistical assessment of performance'), (2008, 'multimodal unbiased image matching via mutual information'), (2008, 'validating unbiased registration on longitudinal mri scans from the alzheimer s disease neuroimaging initiative adni'), (2009, 'alzheimer s disease neuroimaging initiative a one year follow up study using tensor based morphometry correlating degenerative rates biomarkers and cognition'), (2009, 'tensor based morphometry as surrogate marker for alzheimer s disease and mild cognitive impairment optimizing statistical power'))
keywords : frozenset({'topology', 'neuroscience', 'pattern recognition', 'computer vision', 'algorithm', 'developmental psychology', 'pathology', 'artificial intelligence', 'cardiology', 'internal medicine', 'calculus'})

firstname : igor
lastname : yanovsky
middlename : None
year : 2008
year_papertitle : ((2008, 'unbiased nonlinear image registration'),)
keywords : frozenset({'mathematics'})

15/10 positive, 16/10 negative
Do these records refer to the same thing?
(y)es / (n)o / (u)nsure / (f)inished / (p)revious
firstname : selma
lastname : yolcu
middlename : yildirim
year : 2009
year_papertitle : ((2009, 'eigenvalue inequalities for klein gordon operators'), (2013, 'estimates on the eigenvalues of the clamped plate problem on domains in euclidean spaces'), (2013, 'heat trace of non local operators'), (2013, 'publisher s note estimates on the eigenvalues of the clamped plate problem on domains in euclidean spaces j math phys 54 043515 2013'), (2014, 'sharper estimates on the eigenvalues of dirichlet fractional laplacian'))
keywords : frozenset({'combinatorics', 'pure mathematics', 'mathematical analysis', 'algebra'})

firstname : selma
lastname : yolcu
middlename : yildirim
year : 2009
year_papertitle : ((2009, 'eigenvalue inequalities for relativistic hamiltonians and fractional laplacian'),)
keywords : frozenset({'mathematics'})

16/10 positive, 16/10 negative
Do these records refer to the same thing?
(y)es / (n)o / (u)nsure / (f)inished / (p)revious
firstname : marie
lastname : chau
middlename : None
year : 2013
year_papertitle : ((2013, 'an empirical sensitivity analysis of the kiefer wolfowitz algorithm and its variants'), (2014, 'a new hybrid stochastic approximation algorithm'), (2014, 'on the sensitivity of greek kernel estimators to bandwidth parameters'), (2014, 'simulation optimization a tutorial overview and recent developments in gradient based methods'))
keywords : frozenset({'mathematical optimization', 'algorithm'})

firstname : marie
lastname : chau
middlename : None
year : 2015
year_papertitle : ((2015, 'stochastic simulation new stochastic approximation methods and sensitivity analyses'),)
keywords : frozenset({'operations research', 'applied mathematics'})

16/10 positive, 16/10 negative
Do these records refer to the same thing?
(y)es / (n)o / (u)nsure / (f)inished / (p)revious
firstname : james
lastname : dow
middlename : None
year : 1987
year_papertitle : ((1987, 'three essays on search and information'), (1988, 'the consistency of welfare judgments with a representative consumer'), (1991, 'search decisions with limited memory'), (1992, 'excess volatility of stock prices and knightian uncertainty'), (1992, 'the ex ante non optimality of the dempster schafer updating rule for ambiguous beliefs a commentary on updating ambiguous beliefs by gilboa and schmeidler'), (1992, 'uncertainty aversion risk aversion and the optimal choice of portfolio'), (1993, 'security market returns and the social discount rate'), (1993, 'trading communication and the response of asset prices to news'), (1994, 'nash equilibrium under knightian uncertainty breaking down backward induction'))
keywords : frozenset({'epistemology', 'microeconomics', 'econometrics', 'operations research', 'theoretical computer science', 'mathematical economics', 'library science', 'financial economics', 'actuarial science'})

firstname : james
lastname : duffy
middlename : alexander
year : 2014
year_papertitle : ((2014, 'three essays on the nonparametric estimation of nonlinear cointegrating regressions'),)
keywords : frozenset({'statistics', 'economics'})

17/10 positive, 16/10 negative
Do these records refer to the same thing?
(y)es / (n)o / (u)nsure / (f)inished / (p)revious
INFO:dedupe.training:Final predicate set:
INFO:dedupe.training:SimplePredicate: (wholeFieldPredicate, lastname)
INFO:dedupe.training:SimplePredicate: (firstTwoTokensPredicate, middlename)
firstname : james
lastname : webber
middlename : None
year : 2016
year_papertitle : ((2016, 'x ray compton scattering tomography'), (2018, 'three dimensional compton scattering tomography'), (2019, 'microlocal analysis of a spindle transform'), (2020, 'a joint reconstruction and lambda tomography regularization technique for energy resolved x ray imaging'), (2020, 'compton scattering tomography in translational geometries'), (2020, 'microlocal analysis of a compton tomography problem'), (2021, 'a novel reconstruction technique for two dimensional bragg scatter imaging'), (2021, 'bragg scattering tomography'), (2021, 'on non parametric density estimation on linear and non linear manifolds using generalized radon transforms'))
keywords : frozenset({'applied mathematics', 'algorithm', 'combinatorics', 'optics', 'mathematical analysis', 'discrete mathematics', 'computational physics'})

firstname : james
lastname : kelly
middlename : patrick
year : 1990
year_papertitle : ((1990, 'confidentiality protection in two and three dimensional tables'),)
keywords : frozenset({'management', 'operations research', 'mathematics'})

17/10 positive, 17/10 negative
Do these records refer to the same thing?
(y)es / (n)o / (u)nsure / (f)inished / (p)revious
firstname : kouros
lastname : owzar
middlename : None
year : 2005
year_papertitle : ((2005, 'a multiple testing procedure to associate gene expression levels with survival'), (2005, 'prophylactic thyroidectomy in multiple endocrine neoplasia type 2a'), (2006, 'dysregulation of the hedgehog pathway in human hepatocarcinogenesis'), (2006, 'p value calculation for multistage phase ii cancer clinical trials'), (2006, 'pharmacokinetics of an oral vegf receptor tyrosine kinase inhibitor ptk787 zk222584 in patients with myelodysplastic syndrome mds cancer and leukemia group b study 10105'), (2006, 'phase i study of erlotinib e for solid tumors in patients with hepatic or renal dysfunction hd or rd calgb 60101'), (2006, 'reduced intensity allogeneic transplantation after failure of autologous transplantation a prospective multi center calgb study'), (2006, 'sequential imatinib and chemotherapy yield reverse transcriptase polymerase chain reaction rt pcr negative peripheral stem cell collections in philadelphia ph chromosome positive acute lymphoblastic leukemia all preliminary results of calgb 10001'), (2006, 'smoothened overexpression activates hedgehog signaling in human hepatocarcinogenesis'), (2007, 'comparison of two doses of imatinib for the treatment of unresectable or metastatic gastrointestinal stromal tumors gist a meta analyis based on 1 640 patients pts'))
keywords : frozenset({'endocrinology', 'cancer research', 'statistics', 'bioinformatics', 'mathematical optimization', 'pharmacology', 'immunology', 'oncology', 'gastroenterology', 'cell biology', 'surgery', 'internal medicine', 'computational biology'})

firstname : kouros
lastname : owzar
middlename : None
year : 2002
year_papertitle : ((2002, 'association in bivariate survival and roc models for correlated biomarkers'),)
keywords : frozenset({'statistics', 'biostatistics'})

17/10 positive, 18/10 negative
Do these records refer to the same thing?
(y)es / (n)o / (u)nsure / (f)inished / (p)revious
firstname : charles
lastname : holton
middlename : None
year : 1997
year_papertitle : ((1997, 'exotic actions on trees'), (1998, 'geometric realizations of substitutions'), (1999, 'descendants of primitive substitutions'), (1999, 'substitutions partial isometries of bold r and actions on trees'), (2001, 'directed graphs and substitutions'), (2001, 'structure of three interval exchange transformations i an arithmetic study'), (2003, 'asymptotic orbits of primitive substitutions'), (2003, 'structure of three interval exchange transformations ii a combinatorial description of the tranjectories'), (2004, 'structure of three interval exchange transformations iii ergodic and spectral properties'))
keywords : frozenset({'geometry', 'algebra', 'pure mathematics', 'combinatorics', 'humanities', 'discrete mathematics'})

firstname : charles
lastname : holton
middlename : geoffrey
year : 2002
year_papertitle : ((2002, 'the rohlin property for sft em c em automorphisms and ergodic properties of 3 interval exchanges'),)
keywords : frozenset({'mathematics'})

17/10 positive, 19/10 negative
Do these records refer to the same thing?
(y)es / (n)o / (u)nsure / (f)inished / (p)revious
firstname : adam
lastname : metzler
middlename : m
year : 2008
year_papertitle : ((2008, 'time domain solutions for rayleigh and stoneley waves using the single scattering parabolic equation method'), (2009, 'parabolic equation modeling of anisotropic waves in heterogeneous media'), (2010, 'improving the parabolic equation solution for problems involving poro elastic media'), (2010, 'parabolic equation solutions with increased capabilities for layered poro elastic media'), (2011, 'seismo acoustic propagation effects at the seafloor with applications to geoacoustic inversion using hybrid parabolic equation solutions'), (2011, 'seismo acoustic propagation near thin and low shear speed ocean bottom sediments'), (2012, 'modeling low frequency seismo acoustic propagation in the arctic using a parabolic equation solution'), (2012, 'single scattering parabolic equation solutions for elastic media propagation including rayleigh waves'), (2013, 'a parabolic equation for under ice propagation'), (2013, 'computationally efficient parabolic equation solutions to seismo acoustic problems involving thin or low shear elastic layers'))
keywords : frozenset({'acoustics', 'mechanics', 'geophysics', 'optics', 'mathematical analysis'})

firstname : adam
lastname : metzler
middlename : michael
year : 2011
year_papertitle : ((2011, 'high capability parabolic equations for elastic media propagation'),)
keywords : frozenset({'acoustics', 'applied mathematics'})

17/10 positive, 20/10 negative
Do these records refer to the same thing?
(y)es / (n)o / (u)nsure / (f)inished / (p)revious
firstname : john
lastname : kao
middlename : None
year : 1991
year_papertitle : ((1991, 'particle systems on flows'), (1994, 'stabilization of companion form systems by mean zero noise'), (1996, '14c 7 ethoxycoumarin metabolism by precision cut rat hepatic slices'), (1996, 'venlafaxine vf effects on cyp2d6 dependent imipramine imp and desipramine dmp 2 hydroxylation comparative studies with fluoxetine flu and effects on cyp1a2 cyp3a4 and cyp2c9'), (1997, 'venlafaxine in vitro inhibition of cyp2d6 dependent imipramine and desipramine metabolism comparative studies with selected ssris and effects on human hepatic cyp3a4 cyp2c9 and cyp1a2'), (1998, 'spectral expansion of the occupation measure for birth and death on a flow'))
keywords : frozenset({'endocrinology', 'statistics', 'pharmacology', 'applied mathematics', 'biochemistry', 'mechanics', 'mathematical analysis', 'internal medicine'})

firstname : john
lastname : kao
middlename : sterling
year : 1991
year_papertitle : ((1991, 'birth and death on a flow a study of a random particle system and its statistical equilibrium'),)
keywords : frozenset({'mathematics'})

18/10 positive, 20/10 negative
Do these records refer to the same thing?
(y)es / (n)o / (u)nsure / (f)inished / (p)revious
firstname : nicholas
lastname : peterson
middlename : r
year : 2015
year_papertitle : ((2015, 'distance between two random k out digraphs with and without preferential attachment'), (2018, 'horizontal scaling with a framework for providing ai solutions within a game company'))
keywords : frozenset({'combinatorics', 'industrial engineering'})

firstname : nicholas
lastname : peterson
middlename : richard
year : 2013
year_papertitle : ((2013, 'on random i k i out graphs with preferential attachment'),)
keywords : frozenset({'mathematics'})

18/10 positive, 21/10 negative
Do these records refer to the same thing?
(y)es / (n)o / (u)nsure / (f)inished / (p)revious
firstname : stephen
lastname : iturria
middlename : j
year : 1997
year_papertitle : ((1997, 'estimating covariance matrices using estimating functions in nonparametric and semiparametric regression'), (1997, 'polynomial regression and estimation function in the presence of multiplication measurement error with application to nutrition'), (1999, 'an empirical test of the significance of an observed quantitative trait locus effect that preserves additive genetic variation'), (1999, 'comparison of the 60 and 100 item nci block questionnaires with validation data'), (1999, 'oligogenic model selection using the bayesian information criterion linkage analysis of the p300 cz event related brain potential'), (1999, 'polynomial regression and estimating functions in the presence of multiplicative measurement error'), (2000, 'genes influencing variation in serum osteocalcin concentrations are linked to markers on chromosomes 16q and 20q'))
keywords : frozenset({'endocrinology', 'machine learning', 'statistics', 'econometrics', 'gerontology', 'artificial intelligence', 'internal medicine'})

firstname : stephen
lastname : iturria
middlename : john
year : 1998
year_papertitle : ((1998, 'applications and methodology for multiplicative measurement error models and bayesian model averaging in epidemiology'),)
keywords : frozenset({'statistics'})

19/10 positive, 21/10 negative
Do these records refer to the same thing?
(y)es / (n)o / (u)nsure / (f)inished / (p)revious
Finished labeling
INFO:rlr.crossvalidation:using cross validation to find optimum alpha...
INFO:rlr.crossvalidation:optimum alpha: 0.010000, score 0.26310925317607886
INFO:dedupe.training:Final predicate set:
INFO:dedupe.training:TfidfNGramSearchPredicate: (0.8, lastname)
INFO:dedupe.training:SimplePredicate: (commonSixGram, lastname)
INFO:dedupe.training:SimplePredicate: (twoGramFingerprint, middlename)
Done in 9944.791721538702 minutes.
