/home/christoph/anaconda3/envs/science-career-tempenv/lib/python3.9/site-packages/numpy/core/getlimits.py:500: UserWarning: The value of the smallest subnormal for <class 'numpy.float64'> type is zero.
  setattr(self, word, getattr(machar, word).flat[0])
/home/christoph/anaconda3/envs/science-career-tempenv/lib/python3.9/site-packages/numpy/core/getlimits.py:89: UserWarning: The value of the smallest subnormal for <class 'numpy.float64'> type is zero.
  return self._float_to_str(self.smallest_subnormal)
/home/christoph/anaconda3/envs/science-career-tempenv/lib/python3.9/site-packages/numpy/core/getlimits.py:500: UserWarning: The value of the smallest subnormal for <class 'numpy.float32'> type is zero.
  setattr(self, word, getattr(machar, word).flat[0])
/home/christoph/anaconda3/envs/science-career-tempenv/lib/python3.9/site-packages/numpy/core/getlimits.py:89: UserWarning: The value of the smallest subnormal for <class 'numpy.float32'> type is zero.
  return self._float_to_str(self.smallest_subnormal)
Namespace(testing=False, verbose=1, field=['economics'], train_name='christoph_fielddegree0', startyear=1985, endyear=2015, mergemode='1:1', recall=0.9, institution='False', fieldofstudy_cat='False', fieldofstudy_str='False', keywords='True', retrain='True', linking_type='graduates', samplesize=50000)
Have max 6 cores available
Testing is False 

finished setup ... 
Time elapsed: 0.0009614745775858561 minutes 


    SELECT goid
            , year
            , firstname 
            , lastname
            , CASE TRIM(SUBSTR(middle_lastname, 1, l_fullname-l_firstname-l_lastname - 1)) 
                WHEN 
                    "" THEN NULL 
                    ELSE TRIM(SUBSTR(middle_lastname, 1, l_fullname-l_firstname-l_lastname - 1)) 
                END AS middlename
            , fieldofstudy
            , keywords
            , institution
            , coauthors
            , year_papertitle
    FROM (
        SELECT goid
            , degree_year AS year 
            , fullname 
            , SUBSTR(TRIM(fullname),1,instr(trim(fullname)||' ',' ')-1) AS firstname
            , REPLACE(fullname, RTRIM(fullname, REPLACE(fullname, " ", "")), "") AS lastname 
            , TRIM(SUBSTR(fullname, length(SUBSTR(TRIM(fullname),1,instr(trim(fullname)||' ',' ')-1)) + 1)) AS middle_lastname 
            , length(fullname) AS l_fullname 
            , length(SUBSTR(TRIM(fullname),1,instr(trim(fullname)||' ',' ')-1) ) AS l_firstname
            , length(REPLACE(fullname, RTRIM(fullname, REPLACE(fullname, " ", "")), "")) AS l_lastname
            , fieldname AS fieldofstudy
            , university_id
            , degree_year || "//" || thesistitle as year_papertitle 
        FROM pq_authors 
        INNER JOIN (
            SELECT goid, fieldname 
            FROM pq_fields_mag
            WHERE mag_field0 IN (?)
        ) USING (goid)
    )
    -- ## NOTE: use left join here as not all graduates have advisor (particularly pre-1980) and possibly also keywords
    LEFT JOIN (
        SELECT goid
            , fields as keywords
            , advisors as coauthors
        FROm pq_info_linking
    ) USING(goid)
    INNER JOIN (
        SELECT university_id, normalizedname as institution
        FROM pq_unis
        WHERE location like "%United States%"
    ) USING(university_id)
    WHERE year >= 1985 and year <= 2015 AND length(firstname) > 1
     


    SELECT f.AuthorId
        , f.year
        , f.firstname
        , f.lastname
        , CASE TRIM(SUBSTR(f.middle_lastname, 1, f.l_fullname - f.l_firstname - f.l_lastname - 1)) 
            WHEN 
                "" THEN NULL 
                ELSE TRIM(SUBSTR(f.middle_lastname, 1, f.l_fullname - f.l_firstname - f.l_lastname - 1)) 
            END as middlename 
            -- ## NOTE this gives "" for middlename when it is missing 
        , f.fieldofstudy
        , g.keywords
        , g.coauthors
        , g.institution
        , g.year_papertitle
    FROM (
        SELECT a.AuthorId
            , a.YearFirstPub AS year
            , a.FirstName AS firstname
            , REPLACE(b.NormalizedName, RTRIM(b.NormalizedName, REPLACE(b.NormalizedName, " ", "")), "") AS lastname 
                    -- https://stackoverflow.com/questions/21388820/how-to-get-the-last-index-of-a-substring-in-sqlite
            , TRIM(SUBSTR(b.NormalizedName, length(a.FirstName) + 1)) AS middle_lastname 
                    -- this gives all except the first name 
            , length(b.NormalizedName) as l_fullname 
            , length(a.FirstName) as l_firstname
            , length(REPLACE(b.NormalizedName, RTRIM(b.NormalizedName, REPLACE(b.NormalizedName, " ", "")), "")) as l_lastname
            , e.NormalizedName AS fieldofstudy
        FROM author_sample AS a
        INNER JOIN (
            SELECT AuthorId, NormalizedName
            FROM Authors
        ) AS b USING(AuthorId)
        INNER JOIN (
            SELECT AuthorId
            FROM author_field0
            WHERE FieldOfStudyId_lvl0 IN (?)
                AND Degree <= 0
        ) USING(AuthorId)
        LEFT JOIN (
            SELECT AuthorId, NormalizedName
            FROM author_fields c
            INNER JOIN (
                SELECT FieldOfStudyId, NormalizedName
                FROM FieldsOfStudy
            ) AS d USING(FieldOfStudyId)
            -- ## Condition on fieldofstudy being in the level 0 id_field
            INNER JOIN (
                SELECT ParentFieldOfStudyId, ChildFieldOfStudyId
                FROM crosswalk_fields
                WHERE ParentLevel = 0
                    AND ParentFieldOfStudyId IN (?)
            ) AS e ON (e.ChildFieldOfStudyId = c.FieldOfStudyId)
            WHERE FieldClass = 'first'
        ) AS e USING(AuthorId)
    ) f
    LEFT JOIN (
        SELECT AuthorId
                , institutions as institution
                , main_us_institutions_career
                , coauthors
                , keywords
                , year_papertitle
        FROM author_info_linking
    ) AS g USING(AuthorId)
    WHERE length(firstname) > 1 AND year >= 1985 - 5 AND year <= 2015 + 5 
        -- ## use this to condition on people that have at least at some point their main affiliation in the US
        AND g.main_us_institutions_career IS NOT NULL
        AND g.institution != "chinese academy of sciences"
     

INFO:dedupe.canopy_index:Removing stop word on
INFO:dedupe.canopy_index:Removing stop word ng
INFO:dedupe.canopy_index:Removing stop word an
INFO:dedupe.canopy_index:Removing stop word ar
INFO:dedupe.canopy_index:Removing stop word un
INFO:dedupe.canopy_index:Removing stop word in
INFO:dedupe.canopy_index:Removing stop word en
INFO:dedupe.canopy_index:Removing stop word an
INFO:dedupe.canopy_index:Removing stop word ar
INFO:dedupe.canopy_index:Removing stop word al
INFO:dedupe.canopy_index:Removing stop word ch
INFO:dedupe.canopy_index:Removing stop word in
INFO:dedupe.canopy_index:Removing stop word le
INFO:dedupe.canopy_index:Removing stop word ll
INFO:dedupe.canopy_index:Removing stop word on
INFO:dedupe.canopy_index:Removing stop word ma
INFO:dedupe.canopy_index:Removing stop word an
INFO:dedupe.canopy_index:Removing stop word ha
INFO:dedupe.canopy_index:Removing stop word el
INFO:dedupe.canopy_index:Removing stop word ri
INFO:dedupe.canopy_index:Removing stop word la
INFO:dedupe.canopy_index:Removing stop word ra
INFO:dedupe.canopy_index:Removing stop word en
INFO:dedupe.canopy_index:Removing stop word ar
INFO:dedupe.canopy_index:Removing stop word re
INFO:dedupe.canopy_index:Removing stop word ha
INFO:dedupe.canopy_index:Removing stop word as
INFO:dedupe.canopy_index:Removing stop word er
INFO:dedupe.training:Final predicate set:
INFO:dedupe.training:SimplePredicate: (commonSixGram, middlename)
Time elapsed: 91.55193185806274 minutes 

Starting active labeling...
firstname : john
lastname : talberth
middlename : None
year : 2004
year_papertitle : ((2004, 'using experimental economics to examine wildfire insurance and averting decisions in the wildland urban interface'), (2006, 'averting and insurance decisions in the wildland urban interface implications of survey and experimental data for wildfire risk reduction policy'), (2008, 'investigating intended evacuation from wildfires in the wildland urban interface application of a bivariate probit model'))
keywords : frozenset({'public economics', 'actuarial science', 'socioeconomics', 'advertising'})

firstname : harry
lastname : talberth
middlename : john
year : 2004
year_papertitle : ((2004, 'averting and insurance decisions in the wild and urban interface implications of survey and experimental data for wildfire risk reduction policy'),)
keywords : frozenset({'agricultural economics', 'economics', 'public administration'})

0/10 positive, 0/10 negative
Do these records refer to the same thing?
(y)es / (n)o / (u)nsure / (f)inished
firstname : jeffrey
lastname : kling
middlename : r
year : 1995
year_papertitle : ((1995, 'high performance work systems and firm performance'), (1998, 'identifying causal effects of public policies'), (1999, 'measuring interjudge sentencing disparity before and after the federal sentencing guidelines'), (2001, 'interpreting instrumental variables estimates of the returns to schooling'), (2001, 'moving to opportunity in boston early results of a randomized mobility experiment'), (2001, 'the labor market consequences of incarceration'))
keywords : frozenset({'industrial organization', 'actuarial science', 'public economics', 'demographic economics', 'econometrics', 'economic growth', 'demography', 'statistics', 'labour economics', 'criminology'})

firstname : jeffrey
lastname : kling
middlename : richard
year : 1998
year_papertitle : ((1998, 'identifying causal effects of public policies'),)
keywords : frozenset({'continuing education', 'labor economics', 'law', 'adult education', 'criminology'})

1/10 positive, 0/10 negative
Do these records refer to the same thing?
(y)es / (n)o / (u)nsure / (f)inished / (p)revious
INFO:dedupe.training:Final predicate set:
INFO:dedupe.training:SimplePredicate: (commonSixGram, lastname)
firstname : danielle
lastname : li
middlename : None
year : 2015
year_papertitle : ((2012, 'essays on the organization of science and education'), (2015, 'big names or big ideas do peer review panels select the best science proposals'), (2017, 'expertise vs bias in evaluation evidence from the nih'), (2017, 'the applied value of public investments in biomedical research'), (2018, 'discretion in hiring'), (2019, 'promotions and the peter principle'), (2019, 'public r d investments and private sector patenting evidence from nih funding rules'), (2021, 'internal deadlines drug approvals and safety problems'), (2021, 'missing novelty in drug development'), (2021, 'trust collaboration and economic growth'))
keywords : frozenset({'public economics', 'actuarial science', 'marketing', 'finance', 'econometrics', 'microeconomics', 'accounting', 'public relations', 'social science'})

firstname : yuanzhi
lastname : li
middlename : None
year : 2009
year_papertitle : ((2009, 'essays on bankrupt equity'),)
keywords : frozenset({'business administration', 'economic theory', 'finance'})

2/10 positive, 0/10 negative
Do these records refer to the same thing?
(y)es / (n)o / (u)nsure / (f)inished / (p)revious
INFO:dedupe.training:Final predicate set:
INFO:dedupe.training:SimplePredicate: (suffixArray, lastname)
firstname : chunda
lastname : chen
middlename : None
year : 2004
year_papertitle : ((2004, 'initial public offerings in the tourism industry an international analysis of taiwan'), (2005, 'hedging with s p500 and e mini s p500 stock index futures'), (2005, 'political elections and foreign investor trading in south korea s financial markets'), (2005, 'removal of an investment restriction the b share experience from china s stock markets'), (2005, 'the impacts of political events on foreign institutional investors and stock returns emerging market evidence from taiwan'), (2005, 'the intraday behaviors and relationships with its underlying assets evidence on option market in taiwan'), (2005, 'the optimal dynamic hedging strategy for nikkei 225 index and futures'), (2009, 'are they hedgers or speculators evidence from south korea s political elections'), (2009, 'return autocorrelations in the stock markets'), (2009, 'the announcement effect of cash dividend changes on share prices an empirical analysis of china'))
keywords : frozenset({'actuarial science', 'macroeconomics', 'finance', 'monetary economics', 'econometrics', 'financial economics'})

firstname : jiakai
lastname : chen
middlename : None
year : 2015
year_papertitle : ((2015, 'essays in financial intermediation'),)
keywords : frozenset({'banking', 'commerce business', 'finance', 'management', 'economic theory'})

2/10 positive, 1/10 negative
Do these records refer to the same thing?
(y)es / (n)o / (u)nsure / (f)inished / (p)revious
firstname : canh
lastname : le
middlename : quang
year : 2008
year_papertitle : ((2008, 'an empirical study of food demand in vietnam'), (2008, 'double length regression tests for testing functional forms and spatial error dependence'), (2009, 'three essays in spatial econometrics and labor economics'), (2010, 'nonlinearity and spatial lag dependence tests based on double length regressions'), (2015, 'citizen participation in city governance experiences from vietnam'))
keywords : frozenset({'agricultural economics', 'applied mathematics', 'economic growth', 'mathematical optimization', 'statistics', 'labour economics'})

firstname : canh
lastname : le
middlename : quang
year : 2009
year_papertitle : ((2009, 'three essays in spatial econometrics and labor economics'),)
keywords : frozenset({'economics', 'labor economics', 'economic theory'})

2/10 positive, 2/10 negative
Do these records refer to the same thing?
(y)es / (n)o / (u)nsure / (f)inished / (p)revious
firstname : assande
lastname : adom
middlename : desire
year : 2009
year_papertitle : ((2009, 'currency substitution in selected african countries'), (2010, 'economic integration in africa'), (2012, 'investigating the impacts of intraregional trade and aid on per capita income in africa case study of the ecowas'), (2012, 'sources of real exchange rate volatility in africa the case of ecowas'), (2016, 'political instability and the informal economy'))
keywords : frozenset({'international economics', 'macroeconomics', 'monetary economics', 'international trade', 'economic system', 'political economy'})

firstname : assande
lastname : adom
middlename : desire
year : 2007
year_papertitle : ((2007, 'currency substitution macroeconomic interdependence and real exchange rate fluctuations in selected african countries'),)
keywords : frozenset({'economics'})

3/10 positive, 2/10 negative
Do these records refer to the same thing?
(y)es / (n)o / (u)nsure / (f)inished / (p)revious
INFO:dedupe.training:Final predicate set:
INFO:dedupe.training:SimplePredicate: (suffixArray, lastname)
INFO:dedupe.training:SimplePredicate: (suffixArray, middlename)
firstname : young
lastname : kim
middlename : jun
year : 1994
year_papertitle : ((1994, 'a case of xanthogranulonatous pyelinephritis with idiopathic hypercalciruia in a child'), (1995, 'a study of bone marrow density in korean children of normal growth and development'), (1999, 'selective increase in conjugated linoleic acid in milk fat by crystallization'), (2000, 'effect of linoleic acid concentration on conjugated linoleic acid production by butyrivibrio fibrisolvens a38'), (2001, 'studies of the formation of polyisoimides and their imidization in solution state'), (2001, 'studies on the principal taste components in soup base of commercial ramyons'))
keywords : frozenset({'physical chemistry', 'chemical engineering', 'biochemistry', 'pediatrics', 'physiology', 'food science'})

firstname : young
lastname : kim
middlename : vae
year : 1986
year_papertitle : ((1986, 'the effect of unemployment duration on re employment earnings a frontier approach'),)
keywords : frozenset({'labor economics'})

4/10 positive, 2/10 negative
Do these records refer to the same thing?
(y)es / (n)o / (u)nsure / (f)inished / (p)revious
firstname : dong
lastname : kim
middlename : heon
year : 2002
year_papertitle : ((2002, 'a re examination of the predictability of economic activity using the yield spread'), (2005, 'nonlinearity in the fed s monetary policy rule'), (2008, 'risk premium liquidity premium and expectations hypothesis in the treasury bill market'), (2008, 'the new keynesian phillips curve from sticky inflation to sticky prices'), (2009, 'observed inflation forecasts and the new keynesian phillips curve'))
keywords : frozenset({'econometrics', 'financial economics', 'keynesian economics'})

firstname : dong
lastname : kim
middlename : ju
year : 1991
year_papertitle : ((1991, 'productivity rural urban transformation and economic growth in an open economy theory and measurement'),)
keywords : frozenset({'economics'})

4/10 positive, 3/10 negative
Do these records refer to the same thing?
(y)es / (n)o / (u)nsure / (f)inished / (p)revious
firstname : linghui
lastname : tang
middlename : None
year : 2002
year_papertitle : ((2002, 'an empirical exploration of the world oil price under the target zone model'), (2002, 'measuring the intensity of vertically integrated multinational enterprises'), (2003, 'the determinants of international telephone traffic imbalances'), (2003, 'the relative efficiency of ownership structures and intra firm trade'), (2005, 'information technology and bilateral fdi theory and evidence'), (2006, 'communication costs and trade of differentiated goods'), (2006, 'what accounts for the growth of trade in differentiated goods economic causes or technological imperatives'), (2007, 'china and india a tale of two entrepreneurial giants'), (2008, 'a framework to update hofstede s cultural value indices economic dynamics and institutional stability'), (2008, 'embodied and disembodied r d spillovers to developed and developing countries'))
keywords : frozenset({'industrial organization', 'commerce', 'international economics', 'positive economics', 'monetary economics', 'econometrics', 'international trade', 'microeconomics', 'economy', 'economic system', 'development economics'})

firstname : linghui
lastname : tang
middlename : None
year : 1998
year_papertitle : ((1998, 'essays on vertically integrated multinational enterprises theory and evidence'),)
keywords : frozenset({'business community', 'economic theory', 'business costs'})

4/10 positive, 4/10 negative
Do these records refer to the same thing?
(y)es / (n)o / (u)nsure / (f)inished / (p)revious
firstname : francisco
lastname : roch
middlename : None
year : 2018
year_papertitle : ((2018, 'the dynamics of sovereign debt crises and bailouts'), (2019, 'the adjustment to commodity price shocks'))
keywords : frozenset({'monetary economics'})

firstname : francisco
lastname : roch
middlename : luis
year : 2012
year_papertitle : ((2012, 'essays on sovereign debt default fiscal rules and bailouts'),)
keywords : frozenset({'economics'})

5/10 positive, 4/10 negative
Do these records refer to the same thing?
(y)es / (n)o / (u)nsure / (f)inished / (p)revious
INFO:dedupe.training:Final predicate set:
INFO:dedupe.training:SimplePredicate: (suffixArray, middlename)
INFO:dedupe.training:TfidfNGramSearchPredicate: (0.8, lastname)
firstname : eisa
lastname : aleisa
middlename : None
year : 2002
year_papertitle : ((2002, 'essays on macroeconomic fluctuations oil prices and world inflation the case of saudi arabia'), (2002, 'sources of real exchange rate movements in saudi arabia'), (2003, 'linkages and volatility transmission between oil markets and stock markets of the gcc oil exporting countries'), (2004, 'dynamic relationships among gcc stock markets and nymex oil futures'), (2004, 'oil prices terms of trade shocks and macroeconomic fluctuations in saudi arabia'), (2004, 'relationships among u s oil prices and oil industry equity indices'), (2007, 'a common currency peg in the gcc area the optimal choice of exchange rate regime'))
keywords : frozenset({'international economics', 'macroeconomics', 'monetary economics', 'economy', 'financial economics'})

firstname : eisa
lastname : aleisa
middlename : abdulrahman
year : 2001
year_papertitle : ((2001, 'essays on macroeconomic fluctuations oil prices and world inflation the case of saudi arabia'),)
keywords : frozenset({'energy', 'economic theory'})

6/10 positive, 4/10 negative
Do these records refer to the same thing?
(y)es / (n)o / (u)nsure / (f)inished / (p)revious
INFO:dedupe.training:Final predicate set:
INFO:dedupe.training:SimplePredicate: (fingerprint, lastname)
firstname : susana
lastname : sanchez
middlename : m
year : 2000
year_papertitle : ((2000, 'gender differences in labor market decisions evidence from rural mexico'), (2001, 'foreign bank entry experience implications for developing economies and agenda for further research'), (2002, 'bank lending to small businesses in latin america does bank origin matter'), (2003, 'the world bank research observer 18 1'), (2003, 'the world bank research observer 18 1 march 2003'))
keywords : frozenset({'operations research', 'international economics', 'economic history', 'law', 'financial system', 'labour economics'})

firstname : susana
lastname : sanchezschwarz
middlename : None
year : 1996
year_papertitle : ((1996, 'assortive matching of borrowers and lenders evidence from rural mexico'),)
keywords : frozenset({'agricultural economics', 'finance'})

7/10 positive, 4/10 negative
Do these records refer to the same thing?
(y)es / (n)o / (u)nsure / (f)inished / (p)revious
firstname : partha
lastname : sen
middlename : None
year : 1989
year_papertitle : ((1989, 'deterioration of the terms of trade and capital accumulation a reexamination of the laursen metzler effect'), (1989, 'tariffs capital accumulation and the current account in a small open economy'), (1990, 'investment tax credit in an open economy'), (1990, 'labor supply unemployment benefits in an open economy model of interwar britain'), (1990, 'terms of trade shock and the current account in a monetary economy'), (1991, 'fiscal policy capital accumulation and debt in an open economy'), (1991, 'imported input price and the current account in an optimizing model without capital mobility'), (1994, 'capital subsidy and the saving investment correlation in a model with perfect capital mobility'), (1995, 'investment in a two sector dependent economy'))
keywords : frozenset({'macroeconomics', 'monetary economics', 'microeconomics', 'economy', 'labour economics'})

firstname : partha
lastname : sengupta
middlename : None
year : 1991
year_papertitle : ((1991, 'essays on the theory of tax evasion'),)
keywords : frozenset({'finance', 'economics', 'economic theory'})

7/10 positive, 5/10 negative
Do these records refer to the same thing?
(y)es / (n)o / (u)nsure / (f)inished / (p)revious
firstname : mary
lastname : mcsweeneyfeld
middlename : helen
year : 2005
year_papertitle : ((2005, 'nursing home quality in new york state a new look'), (2010, 'strategic alliances customer impact a case study of community hospitals'))
keywords : frozenset({'public relations', 'marketing'})

firstname : mary
lastname : mcsweeney
middlename : helen
year : 1992
year_papertitle : ((1992, 'retention of registered nurses by hospitals a study of temporary agency nurse employment'),)
keywords : frozenset({'labor economics', 'health care', 'nursing'})

7/10 positive, 6/10 negative
Do these records refer to the same thing?
(y)es / (n)o / (u)nsure / (f)inished / (p)revious
firstname : jing
lastname : zhang
middlename : None
year : 2009
year_papertitle : ((2009, 'soft budget constraints in china evidence from the guangdong hospital industry'), (2010, 'comparing public and private hospitals in china evidence from guangdong'), (2012, 'the impact of water quality on health evidence from the drinking water infrastructure program in rural china'), (2014, 'fiscal decentralization and local expenditure policy in china'), (2014, 'health shocks village elections and household income evidence from rural china'), (2014, 'water quality brawn and education the rural drinking water program in china'), (2016, 'the long run effects of treated water on education the rural drinking water program in china'))
keywords : frozenset({'demographic economics', 'environmental planning', 'socioeconomics', 'environmental health', 'macroeconomics', 'nursing', 'finance', 'economic growth', 'operations management'})

firstname : qinghua
lastname : zhang
middlename : None
year : 2003
year_papertitle : ((2003, 'local business cycles'),)
keywords : frozenset({'economics'})

8/10 positive, 6/10 negative
Do these records refer to the same thing?
(y)es / (n)o / (u)nsure / (f)inished / (p)revious
INFO:dedupe.training:Final predicate set:
INFO:dedupe.training:SimplePredicate: (sameSevenCharStartPredicate, lastname)
firstname : gabriel
lastname : rojas
middlename : v montes
year : 2005
year_papertitle : ((2005, 'how elastic are sea sand and sun dynamic panel estimates of the demand for tourism'), (2006, 'microenterprise dynamics in developing countries how similar are they to those in the industrialized world evidence from mexico'), (2006, 'releasing constraints to growth or pushing on a string the impact of credit training business associations and taxes on the performance of mexican micro firms'), (2006, 'skill premia in mexico demand and supply factors'), (2006, 'the world bank economic review 20 3'), (2006, 'the world bank economic review 20 3 sept 2006'), (2007, 'can foreign lobbying enhance development the case of tourism in the caribbean'), (2007, 'the burden of labour costs in mexico'), (2009, 'a simple im test for exponential distributions'), (2009, 'foreign informational lobbying can enhance tourism evidence from the caribbean'))
keywords : frozenset({'public economics', 'international economics', 'statistical physics', 'economic history', 'macroeconomics', 'econometrics', 'economic growth', 'international trade', 'economy', 'statistics', 'labour economics'})

firstname : gabriel
lastname : roja
middlename : v montes
year : 2007
year_papertitle : ((2007, 'three essays in econometrics'),)
keywords : frozenset({'economic theory'})

8/10 positive, 7/10 negative
Do these records refer to the same thing?
(y)es / (n)o / (u)nsure / (f)inished / (p)revious
firstname : leon
lastname : chu
middlename : yang
year : 2005
year_papertitle : ((2005, 'an economic lot sizing problem with perishable inventory and economies of scale costs approximation solutions and worst case analysis'), (2006, 'agent competition double auction mechanism'), (2007, 'a note on optimal procurement contracts with limited direct cost inflation'), (2007, 'simple cost sharing contracts'), (2007, 'trade reduction vs multi stage a comparison of double auction design approaches'), (2008, 'solving operational statistics via a bayesian analysis'), (2008, 'truthful double auction mechanisms'), (2009, 'implementing high powered contracts to motivate intertemporal effort supply'), (2009, 'procurement contracts theory vs practice'), (2009, 'truthful bundle multiunit double auctions'))
keywords : frozenset({'industrial organization', 'actuarial science', 'operations research', 'mathematical economics', 'microeconomics', 'mathematical optimization', 'statistics'})

firstname : leon
lastname : zhu
middlename : yang
year : 2005
year_papertitle : ((2005, 'dominant strategy double auction mechanisms design and implementation'),)
keywords : frozenset({'electronic shopping and mail order houses', 'industrial engineering', 'economic theory'})

9/10 positive, 7/10 negative
Do these records refer to the same thing?
(y)es / (n)o / (u)nsure / (f)inished / (p)revious
INFO:dedupe.training:Final predicate set:
INFO:dedupe.training:SimplePredicate: (sameSevenCharStartPredicate, lastname)
INFO:dedupe.training:SimplePredicate: (commonTwoTokens, middlename)
firstname : montserrat
lastname : ferre
middlename : None
year : 2002
year_papertitle : ((2002, 'foreign exchange market efficiency and cointegration'), (2005, 'should fiscal authorities co operate in a monetary union with public deficit targets'), (2006, 'explaining aggregate private saving behaviour new evidence from a panel of oecd countries'), (2007, 'the effects of public expenditure on private consumption a disaggregated analysis for spain 1970 1997'), (2008, 'fiscal policy coordination in the emu'), (2009, 'when do central banks prefer to intervene secretly'))
keywords : frozenset({'public economics', 'demographic economics', 'international economics', 'macroeconomics', 'monetary economics', 'econometrics', 'financial economics'})

firstname : montserrat
lastname : ferrer
middlename : farell
year : 1993
year_papertitle : ((1993, 'a cost function for the united states airlines'),)
keywords : frozenset({'economics'})

10/10 positive, 7/10 negative
Do these records refer to the same thing?
(y)es / (n)o / (u)nsure / (f)inished / (p)revious
INFO:dedupe.training:Final predicate set:
INFO:dedupe.training:SimplePredicate: (fingerprint, lastname)
INFO:dedupe.training:TfidfNGramSearchPredicate: (0.8, middlename)
firstname : babur
lastname : santos
middlename : de los
year : 2015
year_papertitle : ((2015, 'chapter 5 searching for physical and digital media the evolution of platforms for finding books michael r baye babur de los santos and matthijs r wildenbeest'), (2016, 'search engine optimization what drives organic traffic to retail sites'), (2016, 'what s in a name measuring prominence and its impact on organic traffic from search engines'), (2017, 'e book pricing and vertical restraints'), (2017, 'optimizing click through in online rankings with endogenous search refinement'), (2017, 'search with learning for differentiated products evidence from e commerce'), (2018, 'consumer search on the internet'), (2018, 'do msrps decrease prices'))
keywords : frozenset({'cartography', 'information retrieval', 'art history', 'monetary economics', 'econometrics', 'microeconomics', 'financial economics', 'advertising'})

firstname : babur
lastname : flores
middlename : ivan de los santos
year : 2008
year_papertitle : ((2008, 'consumer search on the internet'),)
keywords : frozenset({'economics'})

10/10 positive, 8/10 negative
Do these records refer to the same thing?
(y)es / (n)o / (u)nsure / (f)inished / (p)revious
firstname : david
lastname : hughes
middlename : w
year : 1991
year_papertitle : ((1991, 'economic modeling of farm production and conservation decisions in response to alternative resource and environmental policies'), (1991, 'the impact of changes in military expenditures on the washington state economy'), (1992, 'soil water and crop management alternatives in rainfed agriculture in the sahel an economic analysis'), (1993, 'economic impacts value added and benefits in regional project analysis comment'), (1995, 'beyond the amber waves of grain an examination of social and economic restructuring in the heartland'), (1995, 'economic analysis of the long term consequences of farming practices in the barley cropping area of jordan'), (1996, 'evaluating the impacts of agricultural exports on a regional economy'), (1996, 'rural urban economic linkages for agriculture and food processing in the monroe louisiana functional economic area'), (1996, 'teaching rural development economics to undergraduate agribusiness students'), (1997, 'reasonable value and the role of negotiation in agriculture s use of the environment'))
keywords : frozenset({'public economics', 'agricultural economics', 'environmental planning', 'economic history', 'environmental economics', 'economic growth', 'economy', 'agricultural engineering', 'economic geography', 'development economics'})

firstname : david
lastname : hughes
middlename : george
year : 1988
year_papertitle : ((1988, 'evaluation of seed production and sex reversal methods for tilapia nilotica and field verification in a tropical hatchery'),)
keywords : frozenset({'fish production', 'agricultural economics', 'zoology', 'aquaculture'})

11/10 positive, 8/10 negative
Do these records refer to the same thing?
(y)es / (n)o / (u)nsure / (f)inished / (p)revious
INFO:dedupe.training:Final predicate set:
INFO:dedupe.training:SimplePredicate: (fingerprint, lastname)
INFO:dedupe.training:TfidfNGramSearchPredicate: (0.8, middlename)
INFO:dedupe.training:SimplePredicate: (commonTwoTokens, middlename)
firstname : diego
lastname : restrepotobon
middlename : a
year : 2014
year_papertitle : ((2014, 'enjoying the quiet life under deregulation not quite'), (2015, 'estimation of banking technology under credit uncertainty'), (2015, 'evidence that risk adjustment is unnecessary in estimates of the user cost of money'), (2015, 'nonparametric estimation of returns to scale using input distance functions an application to large u s banks'), (2015, 'obelix vs asterix size of us commercial banks and its regulatory challenge'), (2016, 'affine term structure models forecasting the yield curve for colombia'), (2016, 'managerial efficiency and failure of u s commercial banks during the 2007 2009 financial crisis was this time different'), (2016, 'modelos afines de la estructura a plazos de tasas de interes pronosticando la curva de rendimientos para colombia'), (2017, 'a new method to decompose profit efficiency an application to us commercial banks'), (2018, 'heterogeneous credit union production technologies with endogenous switching and correlated effects'))
keywords : frozenset({'actuarial science', 'finance', 'monetary economics', 'econometrics', 'welfare economics', 'microeconomics', 'economy', 'financial system', 'statistics'})

firstname : diego
lastname : tobon
middlename : alexander restrepo
year : 2013
year_papertitle : ((2013, 'essays on profit efficiency scale and productivity of us banks'),)
keywords : frozenset({'banking', 'economics', 'commercial banking'})

11/10 positive, 9/10 negative
Do these records refer to the same thing?
(y)es / (n)o / (u)nsure / (f)inished / (p)revious
firstname : mohammad
lastname : rahmati
middlename : hossein
year : 2013
year_papertitle : ((2013, 'demand estimation for the iranian automobile industry'), (2015, 'breaking the curse of sisyphus an empirical analysis of post conflict economic transitions'), (2016, 'insurance crisis or liability crisis medical malpractice claiming in illinois 1980 2010'), (2016, 'medical malpractice litigation and the market for plaintiff side representation evidence from illinois'), (2017, 'subsidy and natural resource curse evidence from plant level observations in iran'), (2018, 'going native can consumers recognize native advertising does it matter'), (2018, 'price elasticity of gasoline smuggling a semi structural estimation approach'), (2018, 'screening plaintiffs and selecting defendants in medical malpractice litigation evidence from illinois and indiana'), (2018, 'testing for asymmetric information in automobile insurance market an iranian insurance company'), (2018, 'the externality from communal metering of residential water the case of tehran'))
keywords : frozenset({'actuarial science', 'demographic economics', 'environmental engineering', 'macroeconomics', 'monetary economics', 'econometrics', 'international trade', 'law', 'advertising'})

firstname : mohammad
lastname : reza
middlename : hossein
year : 1988
year_papertitle : ((1988, 'an economic analysis of fertility in rural iran'),)
keywords : frozenset({'public health', 'economic theory'})

12/10 positive, 9/10 negative
Do these records refer to the same thing?
(y)es / (n)o / (u)nsure / (f)inished / (p)revious
INFO:dedupe.training:Final predicate set:
INFO:dedupe.training:SimplePredicate: (fingerprint, lastname)
INFO:dedupe.training:TfidfNGramSearchPredicate: (0.8, middlename)
INFO:dedupe.training:SimplePredicate: (commonTwoTokens, middlename)
INFO:dedupe.training:SimplePredicate: (suffixArray, lastname)
firstname : james
lastname : peck
middlename : None
year : 1985
year_papertitle : ((1985, 'essays in intertemporal economic theory'), (1987, 'non connectedness of the set of equilibrium money prices the overlapping generations economy'), (1987, 'non connectedness of the set of equilibrium money prices the static economy'), (1988, 'on the existence of sunspot equilibria in an overlapping generations model'), (1990, 'exchange rate volatility in an equilibrium asset pricing model'), (1990, 'liquid markets and competition'), (1990, 'liquidity without money a general equilibrium model of market microstructure'), (1991, 'market uncertainty correlated and sunspot equilibria in imperfectly competitive economies'), (1991, 'speculation and price fluctuations with private extrinsic signals'), (1992, 'the market game existence and structure of equilibrium'))
keywords : frozenset({'mathematical economics', 'econometrics', 'microeconomics', 'economy', 'neoclassical economics'})

firstname : james
lastname : nason
middlename : michael
year : 1987
year_papertitle : ((1987, 'an essay on general equilibrium asset pricing models and macroeconomics risk aversion'),)
keywords : frozenset({'economics'})

12/10 positive, 10/10 negative
Do these records refer to the same thing?
(y)es / (n)o / (u)nsure / (f)inished / (p)revious
firstname : maryam
lastname : tabatabaei
middlename : None
year : 2013
year_papertitle : ((2013, 'oaths and hypothetical bias'), (2015, 'nonmarket benefits of reducing environmental effects of potential wildfires in beetle killed trees a contingent valuation study'), (2019, 'valuating fire suppression risk data'))
keywords : frozenset({'public economics', 'actuarial science', 'agricultural economics', 'natural resource economics', 'environmental resource management'})

firstname : maryam
lastname : tabatabaei
middlename : None
year : 2014
year_papertitle : ((2014, 'econometrics of market and non market goods'),)
keywords : frozenset({'agricultural economics'})

12/10 positive, 11/10 negative
Do these records refer to the same thing?
(y)es / (n)o / (u)nsure / (f)inished / (p)revious
firstname : edward
lastname : mabaya
middlename : None
year : 2010
year_papertitle : ((2010, 'attribute preferences and willingness to pay for fortified cereal foods in botswana'), (2010, 'commentary on private sector metrics contributions to social change customer satisfaction meets agriculture development'), (2011, 'case studies of emerging farmers and agribusinesses in south africa'), (2011, 'markets for marama beans in southern africa linking sustainable products with sustainable livelihoods'), (2012, 'spatial price adjustment with and without trade'), (2014, 'adoption of genetically modified crops in south africa effects on wholesale maize prices'), (2014, 'innovative institutions public policies and private strategies for agro enterprise development'), (2014, 'seven sisters wine and womanhood'), (2015, 'factors influencing adoption of genetically modified crops in africa'), (2016, 'challenges and opportunities in south africa s indigenous plants industry de fynne nursery'))
keywords : frozenset({'agricultural economics', 'marketing', 'econometrics', 'economic growth', 'natural resource economics', 'economy', 'development economics', 'public relations'})

firstname : edward
lastname : mabaya
middlename : None
year : 2003
year_papertitle : ((2003, 'smallholder agricultural markets in zimbabwe organization spatial integration and equilibrium'),)
keywords : frozenset({'agricultural economics'})

13/10 positive, 11/10 negative
Do these records refer to the same thing?
(y)es / (n)o / (u)nsure / (f)inished / (p)revious
firstname : soojin
lastname : kim
middlename : None
year : 2013
year_papertitle : ((2013, 'citizen participation in the budget process and local government accountability case studies of organizational learning from the united states and south korea'), (2013, 'how to manage fiscal health of suburban municipal governments'), (2015, 'state budget periodicity and general expenditure volatility an empirical analysis'), (2016, 'a panel data analysis of the impacts of institutional differences on local governments budgetary decisions'), (2017, 'lessons learned from public and private contract managers for effective local government contracting out the case of new jersey'), (2017, 'moving beyond the influence of neighbors on policy diffusion local influences on decisions to conduct property tax reassessment in new york'), (2017, 'strategic public management for financial condition focus on fund balances of school districts'), (2019, 'exploring public private partnerships in singapore the success failure continuum'), (2019, 'singapore context ppps'), (2020, 'institutional differences and local government performance evidence from property tax assessment quality'))
keywords : frozenset({'public economics', 'regional science', 'public administration', 'monetary economics', 'finance', 'public relations', 'law and economics'})

firstname : soo
lastname : kim
middlename : hee chin
year : 1991
year_papertitle : ((1991, 'married women s labor force participation and employment patterns the case of korea'),)
keywords : frozenset({'demographics', 'labor economics', 'womens studies'})

14/10 positive, 11/10 negative
Do these records refer to the same thing?
(y)es / (n)o / (u)nsure / (f)inished / (p)revious
firstname : danielle
lastname : lewis
middlename : None
year : 1999
year_papertitle : ((1999, 'another look at the efficiency of corporate travel management departments'), (1999, 'residential real estate brokerage efficiency and the implications of franchising a bayesian approach'), (1999, 'the efficiency of nursing home chains and the implications of non profit status'), (2000, 'operating efficiencies in real estate a critical review of the literature'), (2000, 'x inefficiencies in the residential real estate market a stochastic frontier approach'), (2004, 'production efficiency in the austrian insurance industry a bayesian examination'))
keywords : frozenset({'industrial organization', 'actuarial science', 'finance', 'marketing', 'econometrics', 'operations management', 'financial economics'})

firstname : daniel
lastname : lewis
middlename : kent
year : 1990
year_papertitle : ((1990, 'a political and economic history of grain farming in buenos aires province argentina 1914 to 1943'),)
keywords : frozenset({'agricultural economics', 'latin american history'})

14/10 positive, 12/10 negative
Do these records refer to the same thing?
(y)es / (n)o / (u)nsure / (f)inished / (p)revious
firstname : robert
lastname : beach
middlename : h
year : 1996
year_papertitle : ((1996, 'improvement of epileptic seizure control with treatment of obstructive sleep apnoea'), (1998, 'usefulness of proton mr spectroscopy in the evaluation of temporal lobe epilepsy'), (1999, 'telephone validation of the quality of life in epilepsy inventory 89 qolie 89'), (2001, 'incorporating quadratic scale curves in inverse demand systems'), (2001, 'the marketplace for dietary supplements recent studies'))
keywords : frozenset({'psychiatry', 'physical therapy', 'anesthesia', 'surgery', 'econometrics', 'radiology', 'advertising'})

firstname : robert
lastname : beach
middlename : randolph
year : 1989
year_papertitle : ((1989, 'essays in social security net of benefits tax rates labor supply savings and welfare'),)
keywords : frozenset({'economic theory'})

14/10 positive, 13/10 negative
Do these records refer to the same thing?
(y)es / (n)o / (u)nsure / (f)inished / (p)revious
firstname : venkat
lastname : subramaniam
middlename : None
year : 1996
year_papertitle : ((1996, 'underinvestment debt financing and long term supplier relations'), (1998, 'efficient sourcing and debt financing in imperfect product markets'), (1999, 'information asymmetry monitoring and the placement structure of corporate debt1'), (1999, 'information asymmetry valuation and the corporate spin off decision'), (2000, 'the impact of capital structure on efficient sourcing and strategic behavior'))
keywords : frozenset({'econometrics', 'microeconomics', 'monetary economics'})

firstname : venkata
lastname : subramaniam
middlename : rajan
year : 1994
year_papertitle : ((1994, 'choice of corporate capital structure in imperfect product markets'),)
keywords : frozenset({'business costs', 'economic theory', 'finance'})

14/10 positive, 14/10 negative
Do these records refer to the same thing?
(y)es / (n)o / (u)nsure / (f)inished / (p)revious
Finished labeling
INFO:rlr.crossvalidation:using cross validation to find optimum alpha...
INFO:rlr.crossvalidation:optimum alpha: 0.001000, score 0.6055421989912584
INFO:dedupe.training:Final predicate set:
INFO:dedupe.training:SimplePredicate: (commonFourGram, middlename)
INFO:dedupe.training:SimplePredicate: (suffixArray, lastname)
Done in 886.0422218004862 minutes.
