/home/christoph/anaconda3/envs/science-career-tempenv/lib/python3.9/site-packages/numpy/core/getlimits.py:500: UserWarning: The value of the smallest subnormal for <class 'numpy.float64'> type is zero.
  setattr(self, word, getattr(machar, word).flat[0])
/home/christoph/anaconda3/envs/science-career-tempenv/lib/python3.9/site-packages/numpy/core/getlimits.py:89: UserWarning: The value of the smallest subnormal for <class 'numpy.float64'> type is zero.
  return self._float_to_str(self.smallest_subnormal)
/home/christoph/anaconda3/envs/science-career-tempenv/lib/python3.9/site-packages/numpy/core/getlimits.py:500: UserWarning: The value of the smallest subnormal for <class 'numpy.float32'> type is zero.
  setattr(self, word, getattr(machar, word).flat[0])
/home/christoph/anaconda3/envs/science-career-tempenv/lib/python3.9/site-packages/numpy/core/getlimits.py:89: UserWarning: The value of the smallest subnormal for <class 'numpy.float32'> type is zero.
  return self._float_to_str(self.smallest_subnormal)
Namespace(testing=False, verbose=1, field=['sociology'], train_name='christoph_baseline_update', startyear=1985, endyear=2022, mergemode='m:1', recall=0.9, institution='True', fieldofstudy_cat='False', fieldofstudy_str='False', keywords='False', retrain='True', linking_type='advisors')
Have max 6 cores available
Testing is False 

finished setup ... 
firstname : william
lastname : kelly
middlename : r
year_range : (1997,)
main_us_institutions_year : ((1997, 'university of texas at austin'),)
all_us_institutions_year : ((1997, 'university of texas at austin'),)

firstname : william
lastname : kelly
middlename : w
year_range : (1956, 2018)
main_us_institutions_year : ((1982, 'yale university'), (1983, 'yale university'), (1985, 'yale university'), (1986, 'yale university'), (1988, 'yale university'), (1990, 'university of texas at austin'), (1993, 'yale university'), (1996, 'yale university'), (2001, 'yale university'), (2007, 'yale university'), (2009, 'yale university'), (2010, 'yale university'), (2011, 'yale university'), (2013, 'yale university'), (2016, 'yale university'), (2018, 'yale university'))
all_us_institutions_year : ((1982, 'yale university'), (1983, 'yale university'), (1985, 'yale university'), (1986, 'yale university'), (1988, 'yale university'), (1990, 'university of texas at austin'), (1993, 'yale university'), (1996, 'yale university'), (2001, 'yale university'), (2007, 'yale university'), (2009, 'yale university'), (2010, 'yale university'), (2011, 'yale university'), (2013, 'yale university'), (2016, 'yale university'), (2018, 'yale university'))

0/10 positive, 0/10 negative
Do these records refer to the same thing?
(y)es / (n)o / (u)nsure / (f)inished
Preparing temp tables for info of proquest authors... 


        SELECT relationship_id
                , year
                , year AS year_range
                , firstname 
                , lastname
                , CASE TRIM(SUBSTR(middle_lastname, 1, l_fullname-l_firstname-l_lastname - 1)) 
                    WHEN 
                        "" THEN NULL 
                        ELSE TRIM(SUBSTR(middle_lastname, 1, l_fullname-l_firstname-l_lastname - 1)) 
                    END AS middlename
                , fieldofstudy
                , keywords
                , institution
                , year || "//" || institution as main_us_institutions_year
                , year || "//" || institution as all_us_institutions_year
        FROM (
            SELECT goid
                , relationship_id
                , degree_year AS year 
                , a.fullname 
                , SUBSTR(TRIM(a.fullname),1,instr(trim(a.fullname)||' ',' ')-1) AS firstname
                , REPLACE(a.fullname, RTRIM(a.fullname, REPLACE(a.fullname, " ", "")), "") AS lastname 
                , TRIM(SUBSTR(a.fullname, length(SUBSTR(TRIM(a.fullname),1,instr(trim(a.fullname)||' ',' ')-1)) + 1)) AS middle_lastname 
                , length(a.fullname) AS l_fullname 
                , length(SUBSTR(TRIM(a.fullname),1,instr(trim(a.fullname)||' ',' ')-1) ) AS l_firstname
                , length(REPLACE(a.fullname, RTRIM(a.fullname, REPLACE(a.fullname, " ", "")), "")) AS l_lastname
                , fieldname AS fieldofstudy
                , university_id
            FROM pq_authors 
            INNER JOIN (
                SELECT goid, fieldname 
                FROM pq_fields_mag
                WHERE mag_field0 IN (?)
            ) USING (goid)
            INNER JOIN ( --# NOTE: this only keeps the theses where at least one advisor is present
                SELECT *, firstname || ' ' || lastname AS fullname
                FROM pq_advisors
            ) AS a USING(goid)
        )
        -- ## NOTE: use left join here as not all graduates have advisor (particularly pre-1980) and possibly also keywords
        LEFT JOIN pq_keywords USING(goid) 
        INNER JOIN (
            SELECT university_id, normalizedname as institution
            FROM pq_unis --## mark: previously we linked advisors anywhere in the world (as career outcomes). for now, focus on US
            WHERE location like "%United States%"
        ) USING(university_id)
        WHERE year >= 1985 and year <= 2022 AND length(firstname) > 1
         


    SELECT f.AuthorId
        , f.year
        , f.YearLastPub
        , f.firstname
        , f.lastname
        , CASE TRIM(SUBSTR(f.middle_lastname, 1, f.l_fullname - f.l_firstname - f.l_lastname - 1)) 
            WHEN 
                "" THEN NULL 
                ELSE TRIM(SUBSTR(f.middle_lastname, 1, f.l_fullname - f.l_firstname - f.l_lastname - 1)) 
            END as middlename 
            -- ## NOTE this gives "" for middlename when it is missing 
        , f.fieldofstudy
        , g.keywords
        , g.coauthors
        , g.institution
        , g.main_us_institutions_year
         
        , f.year || ";" || f.YearLastPub AS year_range 
        , g.all_us_institutions_year
    
    FROM (
        SELECT a.AuthorId
            , a.YearFirstPub AS year
            , a.YearLastPub 
            , a.FirstName AS firstname
            , REPLACE(b.NormalizedName, RTRIM(b.NormalizedName, REPLACE(b.NormalizedName, " ", "")), "") AS lastname 
                    -- https://stackoverflow.com/questions/21388820/how-to-get-the-last-index-of-a-substring-in-sqlite
            , TRIM(SUBSTR(b.NormalizedName, length(a.FirstName) + 1)) AS middle_lastname 
                    -- this gives all except the first name 
            , length(b.NormalizedName) as l_fullname 
            , length(a.FirstName) as l_firstname
            , length(REPLACE(b.NormalizedName, RTRIM(b.NormalizedName, REPLACE(b.NormalizedName, " ", "")), "")) as l_lastname
            , e.NormalizedName AS fieldofstudy
        FROM author_sample AS a
        INNER JOIN (
            SELECT AuthorId, NormalizedName
            FROM Authors
        ) AS b USING(AuthorId)
        INNER JOIN (
            -- ## mark: different from linking graduates. filter on field0
            SELECT AuthorId, NormalizedName
            FROM author_fields c
            INNER JOIN (
                SELECT FieldOfStudyId, NormalizedName
                FROM FieldsOfStudy
            ) AS d USING(FieldOfStudyId)
            WHERE FieldClass = 'main'
                AND FieldOfStudyId IN (?)
        ) AS e USING(AuthorId)
    ) f
    LEFT JOIN (
        SELECT AuthorId
                , main_us_institutions_career as institution
                , coauthors
                , keywords
                , main_us_institutions_year
                , all_us_institutions_year
        FROM author_info_linking
    ) AS g USING(AuthorId)
    
    WHERE length(firstname) > 1 AND f.YearLastPub >= 1985 - 5 AND year <= 2022 + 5 AND institution is not NULL
     

Starting active labeling...
(y)es / (n)o / (u)nsure / (f)inished
firstname : myra
lastname : ferree
middlename : marx
year_range : (2010,)
main_us_institutions_year : ((2010, 'university of wisconsin madison'),)
all_us_institutions_year : ((2010, 'university of wisconsin madison'),)

firstname : myra
lastname : ferree
middlename : marx
year_range : (1974, 2021)
main_us_institutions_year : ((1976, 'harvard university'), (1980, 'university of connecticut'), (1981, 'university of connecticut'), (1983, 'university of connecticut'), (1984, 'university of connecticut'), (1985, 'university of connecticut'), (1988, 'university of connecticut'), (1990, 'university of connecticut'), (1991, 'university of connecticut'), (1994, 'university of connecticut'), (1995, 'university of connecticut'), (1996, 'university of connecticut'), (1998, 'university of connecticut'), (1999, 'university of connecticut'), (2000, 'university of connecticut'), (2001, 'university of wisconsin madison'), (2002, 'university of wisconsin madison'), (2003, 'university of wisconsin madison'), (2004, 'university of wisconsin madison'), (2005, 'university of wisconsin madison'), (2008, 'university of wisconsin madison'), (2009, 'university of wisconsin madison'), (2010, 'university of wisconsin madison'), (2013, 'university of wisconsin madison'), (2015, 'university of wisconsin madison'), (2016, 'university of wisconsin madison'), (2018, 'university of wisconsin madison'), (2019, 'university of wisconsin madison'), (2020, 'university of wisconsin madison'), (2021, 'university of wisconsin madison'))
all_us_institutions_year : ((1976, 'harvard university'), (1980, 'university of connecticut'), (1981, 'university of connecticut'), (1983, 'university of connecticut'), (1984, 'university of connecticut'), (1985, 'university of connecticut'), (1988, 'university of connecticut'), (1990, 'university of connecticut'), (1991, 'university of connecticut'), (1994, 'university of connecticut'), (1995, 'university of connecticut'), (1996, 'university of connecticut'), (1998, 'university of connecticut'), (1999, 'university of connecticut'), (2000, 'university of connecticut'), (2001, 'university of wisconsin madison'), (2002, 'university of wisconsin madison'), (2003, 'university of wisconsin madison'), (2004, 'university of wisconsin madison'), (2005, 'university of wisconsin madison'), (2008, 'university of wisconsin madison'), (2009, 'university of wisconsin madison'), (2010, 'university of wisconsin madison'), (2013, 'university of wisconsin madison'), (2014, 'university of wisconsin madison'), (2015, 'university of wisconsin madison'), (2016, 'university of wisconsin madison'), (2018, 'university of wisconsin madison'), (2019, 'university of wisconsin madison'), (2020, 'university of wisconsin madison'), (2021, 'university of wisconsin madison'))

0/10 positive, 0/10 negative
Do these records refer to the same thing?
(y)es / (n)o / (u)nsure / (f)inished / (p)revious
firstname : william
lastname : kelly
middlename : r
year_range : (1997,)
main_us_institutions_year : ((1997, 'university of texas at austin'),)
all_us_institutions_year : ((1997, 'university of texas at austin'),)

firstname : william
lastname : kelly
middlename : w
year_range : (1956, 2018)
main_us_institutions_year : ((1982, 'yale university'), (1983, 'yale university'), (1985, 'yale university'), (1986, 'yale university'), (1988, 'yale university'), (1990, 'university of texas at austin'), (1993, 'yale university'), (1996, 'yale university'), (2001, 'yale university'), (2007, 'yale university'), (2009, 'yale university'), (2010, 'yale university'), (2011, 'yale university'), (2013, 'yale university'), (2016, 'yale university'), (2018, 'yale university'))
all_us_institutions_year : ((1982, 'yale university'), (1983, 'yale university'), (1985, 'yale university'), (1986, 'yale university'), (1988, 'yale university'), (1990, 'university of texas at austin'), (1993, 'yale university'), (1996, 'yale university'), (2001, 'yale university'), (2007, 'yale university'), (2009, 'yale university'), (2010, 'yale university'), (2011, 'yale university'), (2013, 'yale university'), (2016, 'yale university'), (2018, 'yale university'))

0/10 positive, 0/10 negative
Do these records refer to the same thing?
(y)es / (n)o / (u)nsure / (f)inished
firstname : myra
lastname : ferree
middlename : marx
year_range : (2010,)
main_us_institutions_year : ((2010, 'university of wisconsin madison'),)
all_us_institutions_year : ((2010, 'university of wisconsin madison'),)

firstname : myra
lastname : ferree
middlename : marx
year_range : (1974, 2021)
main_us_institutions_year : ((1976, 'harvard university'), (1980, 'university of connecticut'), (1981, 'university of connecticut'), (1983, 'university of connecticut'), (1984, 'university of connecticut'), (1985, 'university of connecticut'), (1988, 'university of connecticut'), (1990, 'university of connecticut'), (1991, 'university of connecticut'), (1994, 'university of connecticut'), (1995, 'university of connecticut'), (1996, 'university of connecticut'), (1998, 'university of connecticut'), (1999, 'university of connecticut'), (2000, 'university of connecticut'), (2001, 'university of wisconsin madison'), (2002, 'university of wisconsin madison'), (2003, 'university of wisconsin madison'), (2004, 'university of wisconsin madison'), (2005, 'university of wisconsin madison'), (2008, 'university of wisconsin madison'), (2009, 'university of wisconsin madison'), (2010, 'university of wisconsin madison'), (2013, 'university of wisconsin madison'), (2015, 'university of wisconsin madison'), (2016, 'university of wisconsin madison'), (2018, 'university of wisconsin madison'), (2019, 'university of wisconsin madison'), (2020, 'university of wisconsin madison'), (2021, 'university of wisconsin madison'))
all_us_institutions_year : ((1976, 'harvard university'), (1980, 'university of connecticut'), (1981, 'university of connecticut'), (1983, 'university of connecticut'), (1984, 'university of connecticut'), (1985, 'university of connecticut'), (1988, 'university of connecticut'), (1990, 'university of connecticut'), (1991, 'university of connecticut'), (1994, 'university of connecticut'), (1995, 'university of connecticut'), (1996, 'university of connecticut'), (1998, 'university of connecticut'), (1999, 'university of connecticut'), (2000, 'university of connecticut'), (2001, 'university of wisconsin madison'), (2002, 'university of wisconsin madison'), (2003, 'university of wisconsin madison'), (2004, 'university of wisconsin madison'), (2005, 'university of wisconsin madison'), (2008, 'university of wisconsin madison'), (2009, 'university of wisconsin madison'), (2010, 'university of wisconsin madison'), (2013, 'university of wisconsin madison'), (2014, 'university of wisconsin madison'), (2015, 'university of wisconsin madison'), (2016, 'university of wisconsin madison'), (2018, 'university of wisconsin madison'), (2019, 'university of wisconsin madison'), (2020, 'university of wisconsin madison'), (2021, 'university of wisconsin madison'))

0/10 positive, 1/10 negative
Do these records refer to the same thing?
(y)es / (n)o / (u)nsure / (f)inished / (p)revious
firstname : naomi
lastname : scheman
middlename : None
year_range : (1996,)
main_us_institutions_year : ((1996, 'university of minnesota'),)
all_us_institutions_year : ((1996, 'university of minnesota'),)

firstname : naomi
lastname : scheman
middlename : None
year_range : (1984, 2020)
main_us_institutions_year : ((1984, 'university of minnesota'), (1995, 'university of minnesota'), (1996, 'university of minnesota'))
all_us_institutions_year : ((1983, 'university of minnesota'), (1984, 'university of minnesota'), (1995, 'university of minnesota'), (1996, 'university of minnesota'))

1/10 positive, 1/10 negative
Do these records refer to the same thing?
(y)es / (n)o / (u)nsure / (f)inished / (p)revious
firstname : brett
lastname : clark
middlename : None
year_range : (2016,)
main_us_institutions_year : ((2016, 'university of utah'),)
all_us_institutions_year : ((2016, 'university of utah'),)

firstname : brett
lastname : clark
middlename : None
year_range : (2000, 2021)
main_us_institutions_year : ((2002, 'university of oregon'), (2003, 'university of oregon'), (2004, 'university of oregon'), (2005, 'university of oregon'), (2006, 'university of oregon'), (2007, 'university of oregon'), (2008, 'north carolina state university'), (2009, 'north carolina state university'), (2010, 'north carolina state university'), (2011, 'north carolina state university'), (2012, 'north carolina state university'), (2013, 'university of utah'), (2014, 'university of utah'), (2015, 'university of utah'), (2016, 'university of utah'), (2018, 'university of utah'), (2019, 'university of utah'), (2020, 'university of utah'), (2021, 'university of utah'))
all_us_institutions_year : ((2002, 'university of oregon'), (2003, 'university of oregon'), (2004, 'university of oregon'), (2005, 'university of oregon'), (2006, 'university of oregon'), (2007, 'university of oregon'), (2008, 'north carolina state university'), (2009, 'north carolina state university'), (2010, 'north carolina state university'), (2011, 'north carolina state university'), (2012, 'north carolina state university'), (2012, 'university of utah'), (2013, 'university of utah'), (2014, 'university of utah'), (2015, 'university of utah'), (2016, 'university of utah'), (2017, 'university of utah'), (2018, 'university of oregon'), (2018, 'university of utah'), (2019, 'north carolina state university'), (2019, 'university of utah'), (2020, 'university of utah'), (2021, 'university of utah'))

2/10 positive, 1/10 negative
Do these records refer to the same thing?
(y)es / (n)o / (u)nsure / (f)inished / (p)revious
firstname : paul
lastname : starrs
middlename : None
year_range : (2020,)
main_us_institutions_year : ((2020, 'university of nevada reno'),)
all_us_institutions_year : ((2020, 'university of nevada reno'),)

firstname : paul
lastname : starr
middlename : d
year_range : (1976, 1994)
main_us_institutions_year : ((1976, 'auburn university'), (1977, 'auburn university'), (1978, 'auburn university'), (1982, 'auburn university'), (1984, 'auburn university'), (1987, 'auburn university'), (1994, 'auburn university'))
all_us_institutions_year : ((1976, 'auburn university'), (1977, 'auburn university'), (1978, 'auburn university'), (1982, 'auburn university'), (1984, 'auburn university'), (1987, 'auburn university'), (1994, 'auburn university'))

3/10 positive, 1/10 negative
Do these records refer to the same thing?
(y)es / (n)o / (u)nsure / (f)inished / (p)revious
firstname : david
lastname : williamson
middlename : None
year_range : (2000,)
main_us_institutions_year : ((2000, 'university of north texas'),)
all_us_institutions_year : ((2000, 'university of north texas'),)

firstname : david
lastname : williams
middlename : lay
year_range : (1999, 2021)
main_us_institutions_year : ((2005, 'university of wisconsin stevens point'), (2008, 'university of wisconsin stevens point'), (2009, 'university of wisconsin stevens point'), (2010, 'university of wisconsin stevens point'), (2012, 'university of wisconsin stevens point'), (2014, 'depaul university'), (2015, 'depaul university'), (2016, 'depaul university'), (2021, 'depaul university'))
all_us_institutions_year : ((2005, 'university of wisconsin stevens point'), (2008, 'university of wisconsin stevens point'), (2009, 'university of wisconsin stevens point'), (2010, 'university of wisconsin stevens point'), (2012, 'university of wisconsin stevens point'), (2014, 'depaul university'), (2015, 'depaul university'), (2016, 'depaul university'), (2021, 'depaul university'))

3/10 positive, 2/10 negative
Do these records refer to the same thing?
(y)es / (n)o / (u)nsure / (f)inished / (p)revious
firstname : kenneth
lastname : peacock
middlename : None
year_range : (1997,)
main_us_institutions_year : ((1997, 'new york university'),)
all_us_institutions_year : ((1997, 'new york university'),)

firstname : christopher
lastname : peacocke
middlename : None
year_range : (1976, 2020)
main_us_institutions_year : ((1997, 'indiana university'), (2000, 'new york university'), (2001, 'new york university'), (2002, 'new york university'), (2005, 'columbia university'), (2010, 'columbia university'), (2011, 'columbia university'), (2013, 'columbia university'), (2014, 'columbia university'), (2020, 'columbia university'))
all_us_institutions_year : ((1997, 'indiana university'), (2000, 'new york university'), (2001, 'new york university'), (2002, 'new york university'), (2005, 'columbia university'), (2009, 'columbia university'), (2010, 'columbia university'), (2011, 'columbia university'), (2012, 'columbia university'), (2013, 'columbia university'), (2014, 'columbia university'), (2020, 'columbia university'))

3/10 positive, 3/10 negative
Do these records refer to the same thing?
(y)es / (n)o / (u)nsure / (f)inished / (p)revious
firstname : joel
lastname : grossman
middlename : None
year_range : (1999,)
main_us_institutions_year : ((1999, 'johns hopkins university'),)
all_us_institutions_year : ((1999, 'johns hopkins university'),)

firstname : steven
lastname : gross
middlename : None
year_range : (2001, 2021)
main_us_institutions_year : ((2005, 'university of pennsylvania'), (2006, 'georgetown university'), (2006, 'university of pennsylvania'), (2007, 'georgetown university'), (2008, 'johns hopkins university'), (2009, 'university of pennsylvania'), (2009, 'johns hopkins university'), (2010, 'johns hopkins university'), (2011, 'johns hopkins university'), (2013, 'johns hopkins university'), (2015, 'johns hopkins university'), (2017, 'johns hopkins university'), (2018, 'johns hopkins university'), (2019, 'johns hopkins university'), (2020, 'johns hopkins university'))
all_us_institutions_year : ((2000, 'university of pennsylvania'), (2005, 'university of pennsylvania'), (2006, 'georgetown university'), (2006, 'university of pennsylvania'), (2007, 'georgetown university'), (2008, 'johns hopkins university'), (2009, 'johns hopkins university'), (2009, 'university of pennsylvania'), (2010, 'johns hopkins university'), (2011, 'johns hopkins university'), (2013, 'johns hopkins university'), (2015, 'johns hopkins university'), (2017, 'johns hopkins university'), (2018, 'johns hopkins university'), (2019, 'johns hopkins university'), (2020, 'johns hopkins university'))

3/10 positive, 4/10 negative
Do these records refer to the same thing?
(y)es / (n)o / (u)nsure / (f)inished / (p)revious
firstname : donald
lastname : moss
middlename : None
year_range : (2010,)
main_us_institutions_year : ((2010, 'saybrook university'),)
all_us_institutions_year : ((2010, 'saybrook university'),)

firstname : dana
lastname : moss
middlename : m
year_range : (2014, 2020)
main_us_institutions_year : ((2016, 'university of pittsburgh'), (2017, 'university of pittsburgh'), (2018, 'university of pittsburgh'), (2019, 'university of pittsburgh'), (2020, 'university of pittsburgh'))
all_us_institutions_year : ((2016, 'university of pittsburgh'), (2017, 'university of pittsburgh'), (2018, 'university of pittsburgh'), (2019, 'university of pittsburgh'), (2020, 'university of pittsburgh'))

3/10 positive, 5/10 negative
Do these records refer to the same thing?
(y)es / (n)o / (u)nsure / (f)inished / (p)revious
firstname : lindy
lastname : lewis
middlename : None
year_range : (2021,)
main_us_institutions_year : ((2021, 'walden university'),)
all_us_institutions_year : ((2021, 'walden university'),)

firstname : linden
lastname : lewis
middlename : None
year_range : (1985, 2020)
main_us_institutions_year : ((1985, 'american university'), (1995, 'bucknell university'), (2000, 'bucknell university'), (2008, 'bucknell university'), (2014, 'bucknell university'), (2020, 'bucknell university'))
all_us_institutions_year : ((1985, 'american university'), (1995, 'bucknell university'), (2000, 'bucknell university'), (2008, 'bucknell university'), (2014, 'bucknell university'), (2020, 'bucknell university'))

3/10 positive, 6/10 negative
Do these records refer to the same thing?
(y)es / (n)o / (u)nsure / (f)inished / (p)revious
firstname : leith
lastname : mulllings
middlename : None
year_range : (2014,)
main_us_institutions_year : ((2014, 'city university of new york'),)
all_us_institutions_year : ((2014, 'city university of new york'),)

firstname : leith
lastname : mullings
middlename : None
year_range : (1984, 2015)
main_us_institutions_year : ((1988, 'city university of new york'), (1994, 'city university of new york'), (1999, 'city university of new york'), (2000, 'city university of new york'), (2001, 'city university of new york'), (2002, 'city university of new york'), (2005, 'city university of new york'), (2010, 'city university of new york'), (2013, 'city university of new york'), (2014, 'city university of new york'), (2014, 'american anthropological association'), (2015, 'city university of new york'))
all_us_institutions_year : ((1988, 'city university of new york'), (1994, 'city university of new york'), (1999, 'city university of new york'), (2000, 'city university of new york'), (2001, 'city university of new york'), (2002, 'city university of new york'), (2005, 'city university of new york'), (2006, 'city university of new york'), (2010, 'city university of new york'), (2013, 'city university of new york'), (2014, 'american anthropological association'), (2014, 'city university of new york'), (2015, 'city university of new york'))

3/10 positive, 7/10 negative
Do these records refer to the same thing?
(y)es / (n)o / (u)nsure / (f)inished / (p)revious
firstname : steven
lastname : mansbach
middlename : None
year_range : (2019,)
main_us_institutions_year : ((2019, 'university of maryland college park'),)
all_us_institutions_year : ((2019, 'university of maryland college park'),)

firstname : steven
lastname : gans
middlename : None
year_range : (1973, 1997)
main_us_institutions_year : ((1982, 'university of maryland college park'),)
all_us_institutions_year : ((1982, 'university of maryland college park'),)

4/10 positive, 7/10 negative
Do these records refer to the same thing?
(y)es / (n)o / (u)nsure / (f)inished / (p)revious
firstname : leith
lastname : mulllings
middlename : None
year_range : (2014,)
main_us_institutions_year : ((2014, 'city university of new york'),)
all_us_institutions_year : ((2014, 'city university of new york'),)

firstname : leith
lastname : mullings
middlename : None
year_range : (1984, 2015)
main_us_institutions_year : ((1988, 'city university of new york'), (1994, 'city university of new york'), (1999, 'city university of new york'), (2000, 'city university of new york'), (2001, 'city university of new york'), (2002, 'city university of new york'), (2005, 'city university of new york'), (2010, 'city university of new york'), (2013, 'city university of new york'), (2014, 'city university of new york'), (2014, 'american anthropological association'), (2015, 'city university of new york'))
all_us_institutions_year : ((1988, 'city university of new york'), (1994, 'city university of new york'), (1999, 'city university of new york'), (2000, 'city university of new york'), (2001, 'city university of new york'), (2002, 'city university of new york'), (2005, 'city university of new york'), (2006, 'city university of new york'), (2010, 'city university of new york'), (2013, 'city university of new york'), (2014, 'american anthropological association'), (2014, 'city university of new york'), (2015, 'city university of new york'))

3/10 positive, 7/10 negative
Do these records refer to the same thing?
(y)es / (n)o / (u)nsure / (f)inished
firstname : steven
lastname : mansbach
middlename : None
year_range : (2019,)
main_us_institutions_year : ((2019, 'university of maryland college park'),)
all_us_institutions_year : ((2019, 'university of maryland college park'),)

firstname : steven
lastname : gans
middlename : None
year_range : (1973, 1997)
main_us_institutions_year : ((1982, 'university of maryland college park'),)
all_us_institutions_year : ((1982, 'university of maryland college park'),)

4/10 positive, 7/10 negative
Do these records refer to the same thing?
(y)es / (n)o / (u)nsure / (f)inished / (p)revious
firstname : wendell
lastname : bell
middlename : None
year_range : (1990,)
main_us_institutions_year : ((1990, 'yale university'),)
all_us_institutions_year : ((1990, 'yale university'),)

firstname : wendell
lastname : wallach
middlename : None
year_range : (2005, 2020)
main_us_institutions_year : ((2005, 'yale university'), (2006, 'yale university'), (2008, 'yale university'), (2010, 'yale university'), (2011, 'yale university'), (2013, 'yale university'), (2015, 'yale university'), (2017, 'yale university'))
all_us_institutions_year : ((2005, 'yale university'), (2006, 'yale university'), (2008, 'yale university'), (2010, 'yale university'), (2011, 'yale university'), (2013, 'yale university'), (2015, 'yale university'), (2017, 'yale university'), (2019, 'yale university'), (2020, 'yale university'))

4/10 positive, 8/10 negative
Do these records refer to the same thing?
(y)es / (n)o / (u)nsure / (f)inished / (p)revious
firstname : helena
lastname : lopata
middlename : znaniecka
year_range : (1996,)
main_us_institutions_year : ((1996, 'loyola university chicago'),)
all_us_institutions_year : ((1996, 'loyola university chicago'),)

firstname : helena
lastname : lopata
middlename : znaniecki
year_range : (1968, 1981)
main_us_institutions_year : ((1968, 'roosevelt university'),)
all_us_institutions_year : ((1968, 'roosevelt university'),)

4/10 positive, 9/10 negative
Do these records refer to the same thing?
(y)es / (n)o / (u)nsure / (f)inished / (p)revious
firstname : chris
lastname : blazina
middlename : None
year_range : (2007,)
main_us_institutions_year : ((2007, 'tennessee state university'),)
all_us_institutions_year : ((2007, 'tennessee state university'),)

firstname : christopher
lastname : blazina
middlename : None
year_range : (1997, 2019)
main_us_institutions_year : ((1997, 'texas a m university'),)
all_us_institutions_year : ((1997, 'texas a m university'),)

4/10 positive, 10/10 negative
Do these records refer to the same thing?
(y)es / (n)o / (u)nsure / (f)inished / (p)revious
firstname : william
lastname : todd
middlename : mills
year_range : (2012,)
main_us_institutions_year : ((2012, 'harvard university'),)
all_us_institutions_year : ((2012, 'harvard university'),)

firstname : william
lastname : todd
middlename : mills
year_range : (1984, 1988)
main_us_institutions_year : ((1984, 'stanford university'), (1985, 'stanford university'))
all_us_institutions_year : ((1984, 'stanford university'), (1985, 'stanford university'))

4/10 positive, 10/10 negative
Do these records refer to the same thing?
(y)es / (n)o / (u)nsure / (f)inished / (p)revious
firstname : william
lastname : todd
middlename : mills
year_range : (2013,)
main_us_institutions_year : ((2013, 'harvard university'),)
all_us_institutions_year : ((2013, 'harvard university'),)

firstname : william
lastname : todd
middlename : mills
year_range : (1984, 1988)
main_us_institutions_year : ((1984, 'stanford university'), (1985, 'stanford university'))
all_us_institutions_year : ((1984, 'stanford university'), (1985, 'stanford university'))

4/10 positive, 11/10 negative
Do these records refer to the same thing?
(y)es / (n)o / (u)nsure / (f)inished / (p)revious
firstname : leland
lastname : daele
middlename : van den
year_range : (2000,)
main_us_institutions_year : ((2000, 'california school of professional psychology san diego'),)
all_us_institutions_year : ((2000, 'california school of professional psychology san diego'),)

firstname : leland
lastname : daele
middlename : van den
year_range : (1996, 2002)
main_us_institutions_year : ((1996, 'california institute of integral studies'), (2002, 'california institute of integral studies'))
all_us_institutions_year : ((1996, 'california institute of integral studies'), (2002, 'california institute of integral studies'), (2014, 'california institute of integral studies'), (2018, 'california institute of integral studies'))

4/10 positive, 12/10 negative
Do these records refer to the same thing?
(y)es / (n)o / (u)nsure / (f)inished / (p)revious
firstname : yuwei
lastname : wang
middlename : None
year_range : (2016,)
main_us_institutions_year : ((2016, 'southern illinois university at carbondale'),)
all_us_institutions_year : ((2016, 'southern illinois university at carbondale'),)

firstname : yuwei
lastname : wang
middlename : None
year_range : (2020, 2021)
main_us_institutions_year : ((2020, 'university of maryland college park'), (2021, 'university of maryland college park'))
all_us_institutions_year : ((2020, 'university of maryland college park'), (2021, 'university of maryland college park'))

4/10 positive, 12/10 negative
Do these records refer to the same thing?
(y)es / (n)o / (u)nsure / (f)inished / (p)revious
firstname : linda
lastname : perkins
middlename : None
year_range : (2019,)
main_us_institutions_year : ((2019, 'claremont graduate university'),)
all_us_institutions_year : ((2019, 'claremont graduate university'),)

firstname : linda
lastname : perkins
middlename : m
year_range : (1992, 1993)
main_us_institutions_year : ((1992, 'university of illinois at urbana champaign'), (1993, 'university of illinois at urbana champaign'))
all_us_institutions_year : ((1992, 'university of illinois at urbana champaign'), (1993, 'university of illinois at urbana champaign'))

4/10 positive, 13/10 negative
Do these records refer to the same thing?
(y)es / (n)o / (u)nsure / (f)inished / (p)revious
firstname : walter
lastname : michaels
middlename : benn
year_range : (2005,)
main_us_institutions_year : ((2005, 'university of illinois chicago'),)
all_us_institutions_year : ((2005, 'university of illinois chicago'),)

firstname : walter
lastname : michaels
middlename : benn
year_range : (1985, 2015)
main_us_institutions_year : ((2006, 'university of illinois at chicago'),)
all_us_institutions_year : ((2006, 'university of illinois at chicago'), (2015, 'university of illinois at chicago'), (2016, 'university of illinois at chicago'))

4/10 positive, 14/10 negative
Do these records refer to the same thing?
(y)es / (n)o / (u)nsure / (f)inished / (p)revious
firstname : david
lastname : roediger
middlename : randall
year_range : (2003,)
main_us_institutions_year : ((2003, 'university of minnesota'),)
all_us_institutions_year : ((2003, 'university of minnesota'),)

firstname : david
lastname : roediger
middlename : None
year_range : (1985, 2003)
main_us_institutions_year : ((1985, 'university of missouri'), (1989, 'university of missouri'), (1993, 'university of missouri'))
all_us_institutions_year : ((1985, 'university of missouri'), (1989, 'university of missouri'), (1993, 'university of missouri'))

5/10 positive, 14/10 negative
Do these records refer to the same thing?
(y)es / (n)o / (u)nsure / (f)inished / (p)revious
firstname : cynthia
lastname : bisman
middlename : d
year_range : (2010,)
main_us_institutions_year : ((2010, 'bryn mawr college graduate school of social work and social research'),)
all_us_institutions_year : ((2010, 'bryn mawr college graduate school of social work and social research'),)

firstname : cynthia
lastname : bisman
middlename : d
year_range : (1999, 2007)
main_us_institutions_year : ((1999, 'bryn mawr college'), (2004, 'bryn mawr college'), (2005, 'bryn mawr college'), (2007, 'bryn mawr college'))
all_us_institutions_year : ((1999, 'bryn mawr college'), (2004, 'bryn mawr college'), (2005, 'bryn mawr college'), (2007, 'bryn mawr college'))

5/10 positive, 14/10 negative
Do these records refer to the same thing?
(y)es / (n)o / (u)nsure / (f)inished / (p)revious
firstname : cynthia
lastname : eller
middlename : None
year_range : (2017,)
main_us_institutions_year : ((2017, 'claremont graduate university'),)
all_us_institutions_year : ((2017, 'claremont graduate university'),)

firstname : cynthia
lastname : eller
middlename : None
year_range : (1990, 2013)
main_us_institutions_year : ((1991, 'morgan state university'), (2000, 'montclair state university'), (2005, 'montclair state university'), (2006, 'montclair state university'))
all_us_institutions_year : ((1991, 'morgan state university'), (2000, 'montclair state university'), (2005, 'montclair state university'), (2006, 'montclair state university'))

6/10 positive, 14/10 negative
Do these records refer to the same thing?
(y)es / (n)o / (u)nsure / (f)inished / (p)revious
firstname : david
lastname : britt
middlename : None
year_range : (2001,)
main_us_institutions_year : ((2001, 'wayne state university'),)
all_us_institutions_year : ((2001, 'wayne state university'),)

firstname : david
lastname : britt
middlename : w
year_range : (1983, 1988)
main_us_institutions_year : ((1983, 'new york institute of technology'), (1987, 'university of maryland college park'), (1988, 'university of maryland eastern shore'))
all_us_institutions_year : ((1983, 'new york institute of technology'), (1987, 'university of maryland college park'), (1988, 'university of maryland eastern shore'))

6/10 positive, 14/10 negative
Do these records refer to the same thing?
(y)es / (n)o / (u)nsure / (f)inished / (p)revious
firstname : marco
lastname : garrido
middlename : None
year_range : (2020,)
main_us_institutions_year : ((2020, 'university of chicago'),)
all_us_institutions_year : ((2020, 'university of chicago'),)

firstname : marco
lastname : garrido
middlename : None
year_range : (2013, 2021)
main_us_institutions_year : ((2013, 'university of michigan'),)
all_us_institutions_year : ((2013, 'university of michigan'),)

6/10 positive, 15/10 negative
Do these records refer to the same thing?
(y)es / (n)o / (u)nsure / (f)inished / (p)revious
firstname : janet
lastname : giele
middlename : z
year_range : (2003,)
main_us_institutions_year : ((2003, 'brandeis university the heller school for social policy and management'),)
all_us_institutions_year : ((2003, 'brandeis university the heller school for social policy and management'),)

firstname : janet
lastname : giele
middlename : zollinger
year_range : (1971, 2019)
main_us_institutions_year : ((1971, 'radcliffe institute for advanced study'), (1972, 'radcliffe institute for advanced study'), (1980, 'brandeis university'), (1997, 'brandeis university'), (2006, 'brandeis university'), (2008, 'brandeis university'), (2013, 'brandeis university'), (2014, 'brandeis university'), (2016, 'brandeis university'))
all_us_institutions_year : ((1971, 'radcliffe institute for advanced study'), (1972, 'radcliffe institute for advanced study'), (1980, 'brandeis university'), (1997, 'brandeis university'), (2006, 'brandeis university'), (2008, 'brandeis university'), (2009, 'brandeis university'), (2013, 'brandeis university'), (2014, 'brandeis university'), (2016, 'brandeis university'))

6/10 positive, 15/10 negative
Do these records refer to the same thing?
(y)es / (n)o / (u)nsure / (f)inished / (p)revious
firstname : robert
lastname : bell
middlename : None
year_range : (1992,)
main_us_institutions_year : ((1992, 'texas tech university'),)
all_us_institutions_year : ((1992, 'texas tech university'),)

firstname : robert
lastname : bell
middlename : r
year_range : (1959, 1981)
main_us_institutions_year : ((1959, 'temple university'), (1965, 'temple university'), (1967, 'temple university'), (1969, 'temple university'), (1970, 'temple university'), (1981, 'temple university'))
all_us_institutions_year : ((1959, 'temple university'), (1965, 'temple university'), (1967, 'temple university'), (1969, 'temple university'), (1970, 'temple university'), (1975, 'temple university'), (1981, 'temple university'))

7/10 positive, 15/10 negative
Do these records refer to the same thing?
(y)es / (n)o / (u)nsure / (f)inished / (p)revious
firstname : elisabeth
lastname : fiorenza
middlename : schuessler
year_range : (2008,)
main_us_institutions_year : ((2008, 'harvard divinity school'),)
all_us_institutions_year : ((2008, 'harvard divinity school'),)

firstname : elisabeth
lastname : fiorenza
middlename : schussler
year_range : (1972, 2019)
main_us_institutions_year : ((1978, 'university of notre dame'), (1980, 'university of notre dame'), (1983, 'university of notre dame'), (1989, 'harvard university'), (1995, 'harvard university'), (2000, 'harvard university'), (2003, 'harvard university'), (2013, 'harvard university'), (2014, 'depaul university'))
all_us_institutions_year : ((1978, 'university of notre dame'), (1980, 'university of notre dame'), (1983, 'university of notre dame'), (1989, 'harvard university'), (1995, 'harvard university'), (1996, 'harvard university'), (2000, 'harvard university'), (2003, 'harvard university'), (2013, 'harvard university'), (2014, 'depaul university'), (2020, 'harvard university'))

7/10 positive, 16/10 negative
Do these records refer to the same thing?
(y)es / (n)o / (u)nsure / (f)inished / (p)revious
firstname : kimberle
lastname : crenshaw
middlename : None
year_range : (2010,)
main_us_institutions_year : ((2010, 'columbia university'),)
all_us_institutions_year : ((2010, 'columbia university'),)

firstname : kimberle
lastname : crenshaw
middlename : williams
year_range : (1988, 2020)
main_us_institutions_year : ((2002, 'university of california los angeles'), (2010, 'university of tulsa'), (2013, 'university of california los angeles'))
all_us_institutions_year : ((2002, 'university of california los angeles'), (2010, 'university of tulsa'), (2013, 'university of california los angeles'), (2018, 'university of chicago'), (2019, 'columbia university'))

8/10 positive, 16/10 negative
Do these records refer to the same thing?
(y)es / (n)o / (u)nsure / (f)inished / (p)revious
firstname : chandra
lastname : mohanty
middlename : talpade
year_range : (2009,)
main_us_institutions_year : ((2009, 'syracuse university'),)
all_us_institutions_year : ((2009, 'syracuse university'),)

firstname : chandra
lastname : mohanty
middlename : talpade
year_range : (1970, 2020)
main_us_institutions_year : ((1981, 'university of illinois at urbana champaign'), (1983, 'university of illinois at urbana champaign'))
all_us_institutions_year : ((1981, 'university of illinois at urbana champaign'), (1983, 'university of illinois at urbana champaign'), (2015, 'syracuse university'))

8/10 positive, 17/10 negative
Do these records refer to the same thing?
(y)es / (n)o / (u)nsure / (f)inished / (p)revious
firstname : kumarini
lastname : silva
middlename : None
year_range : (2017,)
main_us_institutions_year : ((2017, 'university of north carolina at chapel hill'),)
all_us_institutions_year : ((2017, 'university of north carolina at chapel hill'),)

firstname : kumarini
lastname : silva
middlename : None
year_range : (2009, 2010)
main_us_institutions_year : ((2009, 'northeastern university'), (2010, 'northeastern university'))
all_us_institutions_year : ((2009, 'northeastern university'), (2010, 'northeastern university'))

9/10 positive, 17/10 negative
Do these records refer to the same thing?
(y)es / (n)o / (u)nsure / (f)inished / (p)revious
firstname : ruth
lastname : gilmore
middlename : wilson
year_range : (2019,)
main_us_institutions_year : ((2019, 'city university of new york'),)
all_us_institutions_year : ((2019, 'city university of new york'),)

firstname : ruth
lastname : gilmore
middlename : wilson
year_range : (1999, 2002)
main_us_institutions_year : ((1999, 'university of california berkeley'), (2002, 'university of california berkeley'))
all_us_institutions_year : ((1999, 'university of california berkeley'), (2002, 'university of california berkeley'))

9/10 positive, 18/10 negative
Do these records refer to the same thing?
(y)es / (n)o / (u)nsure / (f)inished / (p)revious
firstname : maria
lastname : lópez
middlename : del rosario acosta
year_range : (2019,)
main_us_institutions_year : ((2019, 'depaul university'),)
all_us_institutions_year : ((2019, 'depaul university'),)

firstname : maria
lastname : lopez
middlename : del rosario acosta
year_range : (2009, 2020)
main_us_institutions_year : ((2017, 'depaul university'), (2019, 'university of california'), (2019, 'depaul university'))
all_us_institutions_year : ((2017, 'depaul university'), (2018, 'depaul university'), (2019, 'depaul university'), (2019, 'university of california'))

9/10 positive, 18/10 negative
Do these records refer to the same thing?
(y)es / (n)o / (u)nsure / (f)inished / (p)revious
firstname : maria
lastname : lópez
middlename : del rosario acosta
year_range : (2020,)
main_us_institutions_year : ((2020, 'depaul university'),)
all_us_institutions_year : ((2020, 'depaul university'),)

firstname : maria
lastname : lopez
middlename : del rosario acosta
year_range : (2009, 2020)
main_us_institutions_year : ((2017, 'depaul university'), (2019, 'university of california'), (2019, 'depaul university'))
all_us_institutions_year : ((2017, 'depaul university'), (2018, 'depaul university'), (2019, 'depaul university'), (2019, 'university of california'))

10/10 positive, 18/10 negative
Do these records refer to the same thing?
(y)es / (n)o / (u)nsure / (f)inished / (p)revious
firstname : myra
lastname : feree
middlename : marx
year_range : (1990,)
main_us_institutions_year : ((1990, 'university of connecticut'),)
all_us_institutions_year : ((1990, 'university of connecticut'),)

firstname : myra
lastname : ferree
middlename : marx
year_range : (1974, 2021)
main_us_institutions_year : ((1976, 'harvard university'), (1980, 'university of connecticut'), (1981, 'university of connecticut'), (1983, 'university of connecticut'), (1984, 'university of connecticut'), (1985, 'university of connecticut'), (1988, 'university of connecticut'), (1990, 'university of connecticut'), (1991, 'university of connecticut'), (1994, 'university of connecticut'), (1995, 'university of connecticut'), (1996, 'university of connecticut'), (1998, 'university of connecticut'), (1999, 'university of connecticut'), (2000, 'university of connecticut'), (2001, 'university of wisconsin madison'), (2002, 'university of wisconsin madison'), (2003, 'university of wisconsin madison'), (2004, 'university of wisconsin madison'), (2005, 'university of wisconsin madison'), (2008, 'university of wisconsin madison'), (2009, 'university of wisconsin madison'), (2010, 'university of wisconsin madison'), (2013, 'university of wisconsin madison'), (2015, 'university of wisconsin madison'), (2016, 'university of wisconsin madison'), (2018, 'university of wisconsin madison'), (2019, 'university of wisconsin madison'), (2020, 'university of wisconsin madison'), (2021, 'university of wisconsin madison'))
all_us_institutions_year : ((1976, 'harvard university'), (1980, 'university of connecticut'), (1981, 'university of connecticut'), (1983, 'university of connecticut'), (1984, 'university of connecticut'), (1985, 'university of connecticut'), (1988, 'university of connecticut'), (1990, 'university of connecticut'), (1991, 'university of connecticut'), (1994, 'university of connecticut'), (1995, 'university of connecticut'), (1996, 'university of connecticut'), (1998, 'university of connecticut'), (1999, 'university of connecticut'), (2000, 'university of connecticut'), (2001, 'university of wisconsin madison'), (2002, 'university of wisconsin madison'), (2003, 'university of wisconsin madison'), (2004, 'university of wisconsin madison'), (2005, 'university of wisconsin madison'), (2008, 'university of wisconsin madison'), (2009, 'university of wisconsin madison'), (2010, 'university of wisconsin madison'), (2013, 'university of wisconsin madison'), (2014, 'university of wisconsin madison'), (2015, 'university of wisconsin madison'), (2016, 'university of wisconsin madison'), (2018, 'university of wisconsin madison'), (2019, 'university of wisconsin madison'), (2020, 'university of wisconsin madison'), (2021, 'university of wisconsin madison'))

11/10 positive, 18/10 negative
Do these records refer to the same thing?
(y)es / (n)o / (u)nsure / (f)inished / (p)revious
firstname : mary
lastname : maynes
middlename : jo
year_range : (1997,)
main_us_institutions_year : ((1997, 'university of minnesota'),)
all_us_institutions_year : ((1997, 'university of minnesota'),)

firstname : mary
lastname : kane
middlename : jo
year_range : (1986, 2017)
main_us_institutions_year : ((1986, 'university of illinois at urbana champaign'), (1988, 'bowling green state university'), (1989, 'bowling green state university'), (1990, 'university of minnesota'), (1991, 'university of michigan'), (2002, 'university of minnesota'), (2008, 'university of minnesota'), (2010, 'university of minnesota'), (2013, 'university of minnesota'))
all_us_institutions_year : ((1986, 'university of illinois at urbana champaign'), (1988, 'bowling green state university'), (1989, 'bowling green state university'), (1990, 'university of minnesota'), (1991, 'university of michigan'), (2002, 'university of minnesota'), (2008, 'university of minnesota'), (2010, 'university of minnesota'), (2013, 'university of minnesota'))

12/10 positive, 18/10 negative
Do these records refer to the same thing?
(y)es / (n)o / (u)nsure / (f)inished / (p)revious
firstname : tania
lastname : israel
middlename : None
year_range : (2006,)
main_us_institutions_year : ((2006, 'university of california santa barbara'),)
all_us_institutions_year : ((2006, 'university of california santa barbara'),)

firstname : tania
lastname : israel
middlename : None
year_range : (2004, 2014)
main_us_institutions_year : ((2004, 'university of california berkeley'), (2014, 'university of california berkeley'))
all_us_institutions_year : ((2004, 'university of california berkeley'), (2014, 'university of california berkeley'))

12/10 positive, 19/10 negative
Do these records refer to the same thing?
(y)es / (n)o / (u)nsure / (f)inished / (p)revious
firstname : chandra
lastname : mohanty
middlename : talpade
year_range : (2002,)
main_us_institutions_year : ((2002, 'union institute and university'),)
all_us_institutions_year : ((2002, 'union institute and university'),)

firstname : chandra
lastname : mohanty
middlename : talpade
year_range : (1970, 2020)
main_us_institutions_year : ((1981, 'university of illinois at urbana champaign'), (1983, 'university of illinois at urbana champaign'))
all_us_institutions_year : ((1981, 'university of illinois at urbana champaign'), (1983, 'university of illinois at urbana champaign'), (2015, 'syracuse university'))

12/10 positive, 19/10 negative
Do these records refer to the same thing?
(y)es / (n)o / (u)nsure / (f)inished / (p)revious
firstname : chandra
lastname : mohanty
middlename : talpade
year_range : (2004,)
main_us_institutions_year : ((2004, 'union institute and university'),)
all_us_institutions_year : ((2004, 'union institute and university'),)

firstname : chandra
lastname : mohanty
middlename : talpade
year_range : (1970, 2020)
main_us_institutions_year : ((1981, 'university of illinois at urbana champaign'), (1983, 'university of illinois at urbana champaign'))
all_us_institutions_year : ((1981, 'university of illinois at urbana champaign'), (1983, 'university of illinois at urbana champaign'), (2015, 'syracuse university'))

13/10 positive, 19/10 negative
Do these records refer to the same thing?
(y)es / (n)o / (u)nsure / (f)inished / (p)revious
firstname : linda
lastname : zerilli
middlename : m g
year_range : (2000,)
main_us_institutions_year : ((2000, 'johns hopkins university'),)
all_us_institutions_year : ((2000, 'johns hopkins university'),)

firstname : linda
lastname : zerilli
middlename : m g
year_range : (1991, 2019)
main_us_institutions_year : ((1991, 'rutgers university'), (1997, 'rutgers university'), (2002, 'northwestern university'), (2006, 'northwestern university'), (2009, 'northwestern university'), (2012, 'university of chicago'), (2013, 'university of chicago'), (2014, 'university of chicago'), (2018, 'university of chicago'), (2019, 'university of chicago'))
all_us_institutions_year : ((1991, 'rutgers university'), (1997, 'rutgers university'), (2002, 'northwestern university'), (2006, 'northwestern university'), (2008, 'university of chicago'), (2009, 'northwestern university'), (2009, 'university of chicago'), (2011, 'university of chicago'), (2012, 'university of chicago'), (2013, 'university of chicago'), (2014, 'university of chicago'), (2018, 'university of chicago'), (2019, 'university of chicago'), (2020, 'university of chicago'))

14/10 positive, 19/10 negative
Do these records refer to the same thing?
(y)es / (n)o / (u)nsure / (f)inished / (p)revious
firstname : carol
lastname : hess
middlename : lakey
year_range : (2004,)
main_us_institutions_year : ((2004, 'claremont school of theology'),)
all_us_institutions_year : ((2004, 'claremont school of theology'),)

firstname : carol
lastname : hess
middlename : lakey
year_range : (1991, 2009)
main_us_institutions_year : ((2008, 'emory university'), (2009, 'emory university'))
all_us_institutions_year : ((2008, 'emory university'), (2009, 'emory university'))

14/10 positive, 19/10 negative
Do these records refer to the same thing?
(y)es / (n)o / (u)nsure / (f)inished / (p)revious
firstname : joann
lastname : barbour
middlename : danelo
year_range : (2018,)
main_us_institutions_year : ((2018, 'gonzaga university'),)
all_us_institutions_year : ((2018, 'gonzaga university'),)

firstname : joann
lastname : barbour
middlename : danelo
year_range : (1994, 2005)
main_us_institutions_year : ((1994, 'texas woman s university'), (2005, 'texas woman s university'))
all_us_institutions_year : ((1994, 'texas woman s university'), (2005, 'texas woman s university'))

14/10 positive, 19/10 negative
Do these records refer to the same thing?
(y)es / (n)o / (u)nsure / (f)inished / (p)revious
Finished labeling
Done in 63.31032777627309 minutes.
