Namespace(testing=False, verbose=1, field=['history'], train_name='christoph_degree0', startyear=1985, endyear=2015, loadstartyear=1985, loadendyear=2015, mergemode='1:1', recall=0.9, institution='False', fieldofstudy_cat='False', fieldofstudy_str='False', keywords='True', retrain='True', linking_type='graduates', samplesize=50000, write_to='database')
Have max 12 cores available
Testing is False 

I set the write connection to the main database.
id_field is [95457728] and will be passed to sql queries.
finished setup ... 
Time elapsed: 0.0007546623547871907 minutes 


    SELECT goid
            , year
            , firstname 
            , lastname
            , CASE TRIM(SUBSTR(middle_lastname, 1, l_fullname-l_firstname-l_lastname - 1)) 
                WHEN 
                    "" THEN NULL 
                    ELSE TRIM(SUBSTR(middle_lastname, 1, l_fullname-l_firstname-l_lastname - 1)) 
                END AS middlename
            , fieldofstudy
            , keywords
            , institution
            , coauthors
            , year_papertitle
    FROM (
        SELECT goid
            , degree_year AS year 
            , fullname 
            , SUBSTR(TRIM(fullname),1,instr(trim(fullname)||' ',' ')-1) AS firstname
            , REPLACE(fullname, RTRIM(fullname, REPLACE(fullname, " ", "")), "") AS lastname 
            , TRIM(SUBSTR(fullname, length(SUBSTR(TRIM(fullname),1,instr(trim(fullname)||' ',' ')-1)) + 1)) AS middle_lastname 
            , length(fullname) AS l_fullname 
            , length(SUBSTR(TRIM(fullname),1,instr(trim(fullname)||' ',' ')-1) ) AS l_firstname
            , length(REPLACE(fullname, RTRIM(fullname, REPLACE(fullname, " ", "")), "")) AS l_lastname
            , fieldname AS fieldofstudy
            , university_id
            , degree_year || "//" || thesistitle as year_papertitle 
        FROM pq_authors 
        INNER JOIN (
            SELECT goid, fieldname 
            FROM pq_fields_mag
            WHERE mag_field0 IN (?)
        ) USING (goid)
    )
    -- ## NOTE: use left join here as not all graduates have advisor (particularly pre-1980) and possibly also keywords
    LEFT JOIN (
        SELECT goid
            , fields as keywords
            , advisors as coauthors
        FROm pq_info_linking
    ) USING(goid)
    INNER JOIN (
        SELECT university_id, normalizedname as institution
        FROM pq_unis
        WHERE location like "%United States%"
    ) USING(university_id)
    WHERE year >= 1985 and year <= 2015 AND length(firstname) > 1
     


    SELECT f.AuthorId
        , f.year
        , f.firstname
        , f.lastname
        , CASE TRIM(SUBSTR(f.middle_lastname, 1, f.l_fullname - f.l_firstname - f.l_lastname - 1)) 
            WHEN 
                "" THEN NULL 
                ELSE TRIM(SUBSTR(f.middle_lastname, 1, f.l_fullname - f.l_firstname - f.l_lastname - 1)) 
            END as middlename 
            -- ## NOTE this gives "" for middlename when it is missing 
        , f.fieldofstudy
        , g.keywords
        , g.coauthors
        , g.institution
        , g.year_papertitle
    FROM (
        SELECT a.AuthorId
            , a.YearFirstPub AS year
            , a.FirstName AS firstname
            , REPLACE(b.NormalizedName, RTRIM(b.NormalizedName, REPLACE(b.NormalizedName, " ", "")), "") AS lastname 
                    -- https://stackoverflow.com/questions/21388820/how-to-get-the-last-index-of-a-substring-in-sqlite
            , TRIM(SUBSTR(b.NormalizedName, length(a.FirstName) + 1)) AS middle_lastname 
                    -- this gives all except the first name 
            , length(b.NormalizedName) as l_fullname 
            , length(a.FirstName) as l_firstname
            , length(REPLACE(b.NormalizedName, RTRIM(b.NormalizedName, REPLACE(b.NormalizedName, " ", "")), "")) as l_lastname
            , e.NormalizedName AS fieldofstudy
        FROM author_sample AS a
        INNER JOIN (
            SELECT AuthorId, NormalizedName
            FROM Authors
        ) AS b USING(AuthorId)
        INNER JOIN (
            SELECT AuthorId
            FROM author_field0
            WHERE FieldOfStudyId_lvl0 IN (?)
                AND Degree <= 0
        ) USING(AuthorId)
        LEFT JOIN (
            SELECT AuthorId, NormalizedName
            FROM author_fields c
            INNER JOIN (
                SELECT FieldOfStudyId, NormalizedName
                FROM FieldsOfStudy
            ) AS d USING(FieldOfStudyId)
            -- ## Condition on fieldofstudy being in the level 0 id_field
            INNER JOIN (
                SELECT ParentFieldOfStudyId, ChildFieldOfStudyId
                FROM crosswalk_fields
                WHERE ParentLevel = 0
                    AND ParentFieldOfStudyId IN (?)
            ) AS e ON (e.ChildFieldOfStudyId = c.FieldOfStudyId)
            WHERE FieldClass = 'first'
        ) AS e USING(AuthorId)
    ) f
    LEFT JOIN (
        SELECT AuthorId
                , institutions as institution
                , main_us_institutions_career
                , coauthors
                , keywords
                , year_papertitle
        FROM author_info_linking
    ) AS g USING(AuthorId)
    WHERE length(firstname) > 1 AND year >= 1985 - 5 AND year <= 2015 + 5 
        -- ## use this to condition on people that have at least at some point their main affiliation in the US
        AND g.main_us_institutions_career IS NOT NULL
        AND g.institution != "chinese academy of sciences"
     

INFO:dedupe.canopy_index:Removing stop word er
INFO:dedupe.canopy_index:Removing stop word an
INFO:dedupe.canopy_index:Removing stop word ar
INFO:dedupe.canopy_index:Removing stop word st
INFO:dedupe.canopy_index:Removing stop word ma
INFO:dedupe.canopy_index:Removing stop word in
INFO:dedupe.canopy_index:Removing stop word al
INFO:dedupe.canopy_index:Removing stop word en
INFO:dedupe.canopy_index:Removing stop word ll
INFO:dedupe.canopy_index:Removing stop word le
INFO:dedupe.canopy_index:Removing stop word ha
INFO:dedupe.canopy_index:Removing stop word re
INFO:dedupe.canopy_index:Removing stop word ro
INFO:dedupe.canopy_index:Removing stop word ar
INFO:dedupe.canopy_index:Removing stop word or
INFO:dedupe.canopy_index:Removing stop word er
INFO:dedupe.canopy_index:Removing stop word ra
INFO:dedupe.canopy_index:Removing stop word ch
INFO:dedupe.canopy_index:Removing stop word el
INFO:dedupe.canopy_index:Removing stop word la
INFO:dedupe.canopy_index:Removing stop word ri
INFO:dedupe.canopy_index:Removing stop word an
INFO:dedupe.canopy_index:Removing stop word ne
INFO:dedupe.canopy_index:Removing stop word an
INFO:dedupe.canopy_index:Removing stop word in
INFO:dedupe.canopy_index:Removing stop word on
INFO:dedupe.canopy_index:Removing stop word el
INFO:dedupe.canopy_index:Removing stop word on
INFO:dedupe.training:Final predicate set:
INFO:dedupe.training:TfidfTextSearchPredicate: (0.2, lastname)
Time elapsed: 20.9757049202919 minutes 

Starting active labeling...
firstname : claudia
lastname : schmid
middlename : None
year : 1995
year_papertitle : ((1995, 'the vitoria eddy and its relation to the brazil current'), (1997, 'flow and recirculation of antarctic intermediate water across the rio grande rise'), (1998, 'float experiment studies interocean exchanges at the tip of africa'), (1999, 'intermediate water in the brazil malvinas confluence zone a lagrangian view'), (1999, 'kinematic elements of antarctic intermediate water in the western south atlantic'), (1999, 'the intermediate depth circulation of the western south atlantic'), (2000, 'dynamics of intermediate water circulation in the subtropical south atlantic'), (2001, 'new observations of the intermediate depth circulation in the tropical atlantic'))
keywords : frozenset({'climatology', 'oceanography'})

firstname : claudia
lastname : schmidt
middlename : maria
year : 1992
year_papertitle : ((1992, 'history and rationality hume s philosophy as a social theory of knowledge'),)
keywords : frozenset({'history', 'philosophy'})

0/10 positive, 0/10 negative
Do these records refer to the same thing?
(y)es / (n)o / (u)nsure / (f)inished
firstname : kenneth
lastname : vickery
middlename : p
year : 1983
year_papertitle : ((1983, 'the rise of settler power in southern rhodesia zimbabwe 1893 1923'), (1985, 'saving settlers maize control in northern rhodesia'), (1986, 'black and white in southern zambia the tonga plateau economy and british imperialism 1890 1939'), (1986, 'business in the shadow of apartheid u s firms in south africa'), (1986, 'challenging rural poverty experiences in institution building and popular participation for rural development in eastern africa'), (1986, 'human rights and development in africa'), (1988, 'southern africa an american enigma'), (1989, 'the second world war revival of forced labor in the rhodesias'))
keywords : frozenset({'ancient history', 'economic growth', 'economy', 'law and economics', 'development economics', 'political economy', 'economic history'})

firstname : kenneth
lastname : vickers
middlename : wayne
year : 2000
year_papertitle : ((2000, 't s stribling 1881 1965 a life of the tennessee novelist'),)
keywords : frozenset({'american history', 'american literature', 'biographies'})

0/10 positive, 1/10 negative
Do these records refer to the same thing?
(y)es / (n)o / (u)nsure / (f)inished / (p)revious
firstname : christopher
lastname : hallinan
middlename : j
year : 1987
year_papertitle : ((1987, 'the importance of questionnaire wording assessments of weights as an example'), (1988, 'college students perceived risk and seriousness of aids'), (1988, 'muslim and judaic christian perceptions of desirable body shape'), (1989, 'black and white adolescents perceptions of their weight'), (1990, 'values held by prospective coaches towards women s sport participation'), (1991, 'aborigines and positional segregation in australian rugby league'), (1991, 'perceptions of current and ideal body shape of athletes and nonathletes'), (1993, 'body shape perceptions of elderly women exercisers and nonexercisers'), (1994, 'the presentation of human biological diversity in sport and exercise science textbooks the example of race'))
keywords : frozenset({'cognitive psychology', 'demography', 'gerontology', 'developmental psychology', 'applied psychology', 'clinical psychology', 'social science', 'social psychology', 'criminology'})

firstname : christopher
lastname : hill
middlename : l
year : 1992
year_papertitle : ((1992, 'archaeological and pleistocene geology of acheulian and middle paleolithic sites in the bir tarfawi region of the southern egyptian sahara'),)
keywords : frozenset({'archaeology', 'paleoecology', 'geography', 'geology'})

0/10 positive, 2/10 negative
Do these records refer to the same thing?
(y)es / (n)o / (u)nsure / (f)inished / (p)revious
firstname : ivan
lastname : wong
middlename : g
year : 1983
year_papertitle : ((1983, 'comments and reply on seismicity of the colorado lineament comment'), (1983, 'deep intraplate seismicity in the western sierra nevada central california'), (1983, 'recent seismicity near capitol reef national park utah and its tectonic implications'), (1984, 'the crownpoint new mexico earthquakes of 1976 and 1977'), (1986, 'the 14 august 1983 cimarron colorado earthquake and the cimarron fault'), (1989, 'contemporary seismicity faulting and the state of stress in the colorado plateau'), (1989, 'observations of mine seismicity in the eastern wasatch plateau utah u s a a possible case of implosional failure'), (1989, 'seismicity of eastern contra costa county san francisco bay region california'), (1990, 'deep intraplate earthquakes in the western united states and their relationship to lithospheric temperatures'), (1990, 'geologic hazards assessment at the idaho national engineering laboratory southeastern idaho abstract'))
keywords : frozenset({'archaeology', 'seismology', 'geomorphology'})

firstname : diana
lastname : wong
middlename : pickworth
year : 1999
year_papertitle : ((1999, 'stamp seals of the ancient yemen'),)
keywords : frozenset({'archaeology'})

0/10 positive, 3/10 negative
Do these records refer to the same thing?
(y)es / (n)o / (u)nsure / (f)inished / (p)revious
firstname : caroline
lastname : light
middlename : None
year : 2013
year_papertitle : ((2013, 'a predominant cause of distress gender benevolence and the agunah in regional perspective'), (2014, 'that pride of race and character the roots of jewish benevolence in the jim crow south'), (2015, 'from a duty to retreat to stand your ground the race and gender politics of do it yourself defense'), (2016, 'carolina israelite how harry golden made us care about jews the south and civil rights by kimberly marlowe hartnett review'))
keywords : frozenset({'religious studies', 'political economy', 'law', 'gender studies', 'social psychology'})

firstname : steven
lastname : light
middlename : andrew
year : 1998
year_papertitle : ((1998, 'there s more than meets the eye southern cities and minority political empowerment following the 1965 voting rights act'),)
keywords : frozenset({'political science', 'law', 'black history'})

0/10 positive, 4/10 negative
Do these records refer to the same thing?
(y)es / (n)o / (u)nsure / (f)inished / (p)revious
firstname : martha
lastname : grundy
middlename : paxson
year : 2007
year_papertitle : ((2007, 'learning to be quaker spiritual formation and religious education among early friends'),)
keywords : frozenset({'religious studies'})

firstname : martha
lastname : grundy
middlename : paxson
year : 1990
year_papertitle : ((1990, 'in the world but not of it quaker faith and the dominant culture middletown meeting bucks county pennsylvania 1750 1850'),)
keywords : frozenset({'religious history', 'american history', 'families family life', 'sociology', 'personal relationships'})

0/10 positive, 5/10 negative
Do these records refer to the same thing?
(y)es / (n)o / (u)nsure / (f)inished / (p)revious
firstname : john
lastname : schaefer
middlename : philip rode
year : 2014
year_papertitle : ((2014, 'divining the self a study in yoruba myth and human consciousness'), (2015, 'cairo pop youth music in contemporary egypt daniel j gilman minneapolis university of minnesota press 2014 xi 256 pp'), (2016, 'discrete discreet appropriation paul bowles non western music and race in tangier'), (2017, 'frontstage backstage participatory music and the festive sacred in essaouira morocco'), (2017, 'trickster theatre the poetics of freedom in urban africa jesse weaver shipley bloomington indiana university press 2015 308 pp'))
keywords : frozenset({'theology', 'aesthetics', 'ethnology', 'anthropology', 'religious studies', 'art history', 'law', 'literature'})

firstname : john
lastname : schaefer
middlename : philip rode
year : 2009
year_papertitle : ((2009, 'moroccan modern race aesthetics and identity in a global culture market'),)
keywords : frozenset({'folklore', 'middle eastern history', 'cultural anthropology'})

0/10 positive, 6/10 negative
Do these records refer to the same thing?
(y)es / (n)o / (u)nsure / (f)inished / (p)revious
firstname : dietrich
lastname : stout
middlename : None
year : 2000
year_papertitle : ((2000, 'stone tool making and brain activation position emission tomography pet studies'), (2001, 'constraint and adaptation in primate brain evolution'), (2002, 'skill and cognition in stone tool production an ethnographic case study from irian jaya'), (2002, 'thinking and doing in cognitive archaeology giving skill its due'), (2003, '2 6 million year old stone tools and associated bones from ogs 6 and ogs 7 gona afar ethiopia'), (2004, 'paleoenvironments of the earliest stone toolmakers gona ethiopia'), (2005, 'neural foundations of perception and action in stone knapping'), (2005, 'raw material selectivity of the earliest stone toolmakers at gona afar ethiopia'), (2005, 'the social and cultural context of stone knapping skill acquisition'), (2006, 'acheulean toolmaking and hominin brain evolution a pilot study using positron emission tomography'))
keywords : frozenset({'cognitive psychology', 'cartography', 'archaeology', 'cognitive science', 'artificial intelligence', 'data science', 'mathematics education', 'neuroscience', 'paleontology', 'media studies', 'social science', 'evolutionary biology'})

firstname : dietrich
lastname : stout
middlename : w
year : 2003
year_papertitle : ((2003, 'stone tools and the evolution of human thinking cultural biological and archaeological elements in an anthropology of human origins'),)
keywords : frozenset({'archaeology', 'physical anthropology', 'cognitive therapy'})

1/10 positive, 6/10 negative
Do these records refer to the same thing?
(y)es / (n)o / (u)nsure / (f)inished / (p)revious
firstname : gillian
lastname : ahlgren
middlename : t w
year : 1994
year_papertitle : ((1994, 'lucrecia s dreams politics and prophecy in sixteenth century spain by richard l kagan berkely university of california press 1990 ix 229 pp 24 95'), (1994, 'relaciones sobre el estado de las diocesis valencianas by maria milagros carcel orti 3 volumes valencia generalitat valenciana conselleria de cultura educacio i ciencia 1989'), (1994, 'the divine romance teresa of avila s narrative theology by joseph f chorpenning o s f s values and ethics series 4 chicago loyola university press 1992 xiv 176 pp 15 95'), (1995, 'god in la mancha religious reform and the people of cuenca 1500 1650 by sara t nalle the johns hopkins university studies in historical and political science 110th series 2 baltimore md the johns hopkins university press 1992 xviii 306 pp'), (1995, 'negotiating sanctity holy women in sixteenth century spain'), (1997, 'from madrid to purgatory the art and craft of dying in sixteenth century spain by carlos m n eire new york cambridge university press 1995 xiii 571 pp 49 95'), (1997, 'frontiers of heresy the spanish inquisition from the basque lands to sicily by william monter new york cambridge university press 1990 xiv 345 pp 39 50'), (1997, 'the visions of sor maria de agreda writing knowledge and power by clark colahan tucson ariz university of arizona press 1994 ix 194 pp'))
keywords : frozenset({'ancient history', 'theology', 'ethnology', 'religious studies', 'art history', 'gender studies', 'economic history'})

firstname : gillian
lastname : ahlgren
middlename : t w
year : 1991
year_papertitle : ((1991, 'teresa de jesus a case study in mystical creativity and inquisitional censure'),)
keywords : frozenset({'religious history'})

2/10 positive, 6/10 negative
Do these records refer to the same thing?
(y)es / (n)o / (u)nsure / (f)inished / (p)revious
firstname : chris
lastname : danielson
middlename : None
year : 2013
year_papertitle : ((2013, 'the politics of voter suppression defending and expanding americans right to vote'), (2013, 'tim s r boyd georgia democrats the civil rights movement and the shaping of the new south'), (2016, 'minion k c morrison aaron henry of mississippi inside agitator'), (2018, 'the dream is lost voting rights and the politics of race in richmond virginia'), (2020, 'poll power the voter education project and the movement for the ballot in the american south'))
keywords : frozenset({'art history', 'law', 'gender studies', 'public administration'})

firstname : christopher
lastname : danielson
middlename : alan
year : 2006
year_papertitle : ((2006, 'the voting rights act and the creation of black politics in mississippi 1965 1986'),)
keywords : frozenset({'american history', 'political science', 'black history'})

3/10 positive, 6/10 negative
Do these records refer to the same thing?
(y)es / (n)o / (u)nsure / (f)inished / (p)revious
firstname : yung
lastname : kim
middlename : suk
year : 2009
year_papertitle : ((2009, 'paul judaism and the gentiles'), (2011, 'imitators mimetai in 1 cor 4 16 and 11 1 a new reading of threefold embodiment'))
keywords : frozenset({'religious studies', 'psychoanalysis', 'theology'})

firstname : sungjae
lastname : kim
middlename : None
year : 1996
year_papertitle : ((1996, 'the ger and the identity of ancient israel socio literary analysis and deconstructive interpretation'),)
keywords : frozenset({'biblical studies', 'ancient history', 'theology', 'social structure', 'classical studies', 'classical literature'})

3/10 positive, 6/10 negative
Do these records refer to the same thing?
(y)es / (n)o / (u)nsure / (f)inished / (p)revious
firstname : thomas
lastname : edwards
middlename : c
year : 1993
year_papertitle : ((1993, 'gap analysis a geographic approach for assessing national biological diversity'), (1996, 'adequacy of wildlife habitat relation models for estimating spatial distributions of terrestrial vertebrates'), (1996, 'data defensibility and gap analysis'), (1998, 'assessing map accuracy in a remotely sensed ecoregion scale cover map'), (1999, 'use of generalized linear models and digital data in a forest inventory of northern utah'))
keywords : frozenset({'forestry', 'cartography', 'engineering physics', 'remote sensing', 'environmental resource management'})

firstname : thomas
lastname : edwards
middlename : joseph skrabak
year : 1989
year_papertitle : ((1989, 'karl adam and friedrich heiler on the essence of catholicism'),)
keywords : frozenset({'religious history', 'theology'})

3/10 positive, 7/10 negative
Do these records refer to the same thing?
(y)es / (n)o / (u)nsure / (f)inished / (p)revious
firstname : ben
lastname : craver
middlename : d
year : 2009
year_papertitle : ((2009, 'connecting non full time faculty to institutional mission a guidebook for college university administrators and faculty developers by leora baron nixon'), (2010, 'teaching death and dying edited by christopher m moreman'), (2010, 'the american university in a postsecular age edited by douglas jacobsen and rhonda hustedt jacobsen'), (2013, 'elements of college teaching by david k irving madison wisc atwood publishing 2011 93 pages isbn 978 1 891859 86 1 19 95'), (2013, 'how learning works seven research based principles for smart teaching by susan a ambrose michael w bridges michele dipietro marsha c lovett and marie k norman san francisco calif jossey bass 2010 xxii 301 pages isbn 978 0 470 48410 4 38 00'), (2013, 'what shall we say evil suffering and the crisis of faith by thomas g long eerdmans 2011 isbn 978 0 8028 6514 4 xiv 158 pp 25'), (2014, 'five big ideas for effective teaching connecting mind brain and education research to classroom practice by donna wilson and marcus conyers new york n y teachers college press 2013 xii 196 pages isbn 13978 0807754252 28 95'), (2014, 'jesus after modernity a twenty first century critique of our modern concept of truth and the truth of the gospel by james p danaher james clarke 2011 isbn 978 0 227 68001 8 xi 145 pp 27'), (2014, 'making sense of death and immortality by paul badham spck 2013 isbn 978 0 281 06458 8 ix 86 pp 14'), (2016, 'the pursuit of the soul psychoanalysis soul making and the christian tradition peter tyler bloomsbury t t clark 2016 isbn 978 0 56714 077 7 vi 200 pp 14 99 reviews'))
keywords : frozenset({'theology', 'gerontology', 'psychoanalysis', 'religious studies', 'art history', 'management', 'media studies', 'environmental ethics', 'humanities', 'pedagogy', 'classics'})

firstname : bennie
lastname : craver
middlename : dale
year : 1994
year_papertitle : ((1994, 'the divine government of the world the function of providence in the theology of friedrich schleiermacher'),)
keywords : frozenset({'philosophy of religion', 'religious history', 'theology'})

3/10 positive, 8/10 negative
Do these records refer to the same thing?
(y)es / (n)o / (u)nsure / (f)inished / (p)revious
firstname : adrian
lastname : bantjes
middlename : a
year : 2001
year_papertitle : ((2001, 'daniela spenser the impossible triangle mexico soviet russia and the united states in the 1920s durham nc and london duke university press 1999 pp xiv 254 34 00 11 95 pb'), (2002, 'fragments of a golden age the politics of culture in mexico since 1940 review'), (2005, 'review popular piety and political identity in mexico s cristero rebellion michoacan 1927 29'), (2006, 'juan soldado rapist murderer martyr saint'), (2006, 'reconciling modernity urban state formation in 1940s leon mexico by daniel newcomer lincoln the university of nebraska press 2004 pp x 288 illustrations notes bibliography index 50 00 cloth'), (2006, 'reconciling modernity urban state formation in 1940s leon mexico review'), (2008, 'surviving mexico s dirty war a political prisoner s memoir'))
keywords : frozenset({'theology', 'ethnology', 'anthropology', 'religious studies', 'art history', 'law', 'media studies', 'gender studies', 'economic history', 'classics'})

firstname : adrian
lastname : bantjes
middlename : alexander
year : 1991
year_papertitle : ((1991, 'politics class and culture in post revolutionary mexico cardenismo and sonora 1929 1940'),)
keywords : frozenset({'political science', 'religious history', 'labor relations', 'latin american history'})

3/10 positive, 9/10 negative
Do these records refer to the same thing?
(y)es / (n)o / (u)nsure / (f)inished / (p)revious
firstname : john
lastname : tone
middlename : lawrence
year : 1994
year_papertitle : ((1994, 'the fatal knot the guerrilla war in navarre and the defeat of napoleon in spain'), (1995, 'the most monstrous of wars the napoleonic guerrilla war in southern italy 1806 1811 the fatal knot the guerrilla war in navarre and the defeat of napoleon in spain'), (1998, 'the machete and the liberation of cuba'), (1999, 'la guerrilla espanola y la derrota de napoleon'), (2001, 'spaniards and nazi germany by wayne bowen'), (2001, 'the prisoners of cabrera napoleon s forgotten soldiers 1809 1814'))
keywords : frozenset({'ancient history', 'theology', 'ethnology', 'demography', 'law'})

firstname : john
lastname : tone
middlename : l
year : 1989
year_papertitle : ((1989, 'the fatal knot popular resistance and guerrilla warfare in navarre 1808 1814'),)
keywords : frozenset({'european history'})

4/10 positive, 9/10 negative
Do these records refer to the same thing?
(y)es / (n)o / (u)nsure / (f)inished / (p)revious
firstname : peter
lastname : boag
middlename : g
year : 1989
year_papertitle : ((1989, 'dear friends the civil war letters of francis marion elliott a pennsylvania country boy'), (1991, 'the making of the american landscape edited by michael p conzen boston mas sachusetts unwin hyman 1990 xvi 433 pp illustrations list of contributors notes bibliography index cloth 55 00 paper 24 95'), (1993, 'to reclaim a divided west water law and public policy 1848 1902'), (1994, 'keepers of the flame the role of fire in american culture 1775 1925 by margaret hindle hazen and robert m hazen princeton princeton university press 1992 x 281 pp 29 95 isbn 0 691 04809 6'))
keywords : frozenset({'law and economics', 'religious studies', 'art history', 'law', 'classics'})

firstname : peter
lastname : boag
middlename : guy
year : 1988
year_papertitle : ((1988, 'the calapooian matrix landscape and experience on a western frontier'),)
keywords : frozenset({'american history'})

5/10 positive, 9/10 negative
Do these records refer to the same thing?
(y)es / (n)o / (u)nsure / (f)inished / (p)revious
firstname : daniel
lastname : silva
middlename : b domingues da
year : 2008
year_papertitle : ((2008, 'the atlantic slave trade to maranhao 1680 1846 volume routes and organisation'), (2008, 'the slave trade to pernambuco 1561 1851'), (2010, 'the supply of slaves from luanda 1768 1806 records of anselmo da fonseca coutinho'), (2013, 'using african names to identify the origins of captives in the transatlantic slave trade crowd sourcing and the registers of liberated africans 1808 1862'), (2014, 'the diaspora of africans liberated from slave ships in the nineteenth century'), (2015, 'crossings africa the americas and the atlantic slave trade by james walvin london england reaktion books 2013 pp 272 35 00'), (2015, 'the kimbundu diaspora to brazil records from the slave ship brilhante 1838'))
keywords : frozenset({'ancient history', 'ethnology', 'economy', 'demography', 'genealogy', 'economic history'})

firstname : daniel
lastname : silva
middlename : barros domingues da
year : 2011
year_papertitle : ((2011, 'crossroads slave frontiers of angola c1780 1867'),)
keywords : frozenset({'african history', 'latin american history', 'black history'})

6/10 positive, 9/10 negative
Do these records refer to the same thing?
(y)es / (n)o / (u)nsure / (f)inished / (p)revious
firstname : lorraine
lastname : volo
middlename : bayard de
year : 2001
year_papertitle : ((2001, 'mothers of heroes and martyrs gender identity politics in nicaragua 1979 1999'), (2002, 'after revolution mapping gender and cultural politics in neoliberal nicaragua by florence e babb 2000 austin university of texas press 2001 reviewed by lorraine bayard de volo'), (2003, 'analyzing politics and change in women s organizations'), (2003, 'engendering revolution explaining women s increased participation in guerrilla movements women and guerrilla movements nicaragua el salvador chiapas cuba'), (2003, 'radical women in latin america left and right'), (2003, 'service and surveillance infrapolitics at work among casino cocktail waitresses'), (2003, 'the mixed blessings of war and motherhood mothers of heroes and martyrs gender identity politics in nicaragua 1979 to 1999'), (2004, 'from the inside out ethnographic methods in political research'), (2004, 'ilja a luciak after the revolution gender and democracy in el salvador nicaragua and guatemala baltimore md the johns hopkins university 2001 pp xi 297 27 95 pb'), (2004, 'mobilizing mothers for war cross national framing strategies in nicaragua s contra war'))
keywords : frozenset({'theology', 'development economics', 'religious studies', 'social science', 'political economy', 'epistemology', 'public relations', 'humanities', 'gender studies', 'economic history'})

firstname : lorraine
lastname : volo
middlename : marie bayard de
year : 1996
year_papertitle : ((1996, 'heroes martyrs and mothers maternal identity politics in revolutionary nicaragua'),)
keywords : frozenset({'womens studies', 'latin american history', 'political science', 'social structure', 'social psychology'})

7/10 positive, 9/10 negative
Do these records refer to the same thing?
(y)es / (n)o / (u)nsure / (f)inished / (p)revious
firstname : james
lastname : schneider
middlename : c
year : 1990
year_papertitle : ((1990, 'should america go to war the debate over foreign policy in chicago 1939 1941'), (1991, 'arms politics and the economy historical and contemporary perspectives'), (1992, 'henry kissinger doctor of diplomacy by robert d schulzinger new york columbia university press 1989 xii 291 pp cloth 27 95 isbn 0 231 06952 9 paper 13 95 isbn 0 231 06953 7'))
keywords : frozenset({'political economy', 'economy', 'humanities'})

firstname : james
lastname : schneider
middlename : dennis
year : 1999
year_papertitle : ((1999, 'documentary film in the public sphere pare lorentz s the river and its alternatives'),)
keywords : frozenset({'american history', 'motion pictures', 'rhetoric', 'composition'})

8/10 positive, 9/10 negative
Do these records refer to the same thing?
(y)es / (n)o / (u)nsure / (f)inished / (p)revious
firstname : nancy
lastname : deusen
middlename : van
year : 1982
year_papertitle : ((1982, 'style nationality and the sequence in the middle ages'), (1982, 'the medieval latin sequence a complete catalogue of the sources and edition of the texts and melodies'), (1985, 'origins of a significant medieval genre the musical trope up to the twelfth century'), (1985, 'the image of the harp and trecento reception of plato s phaedo'))
keywords : frozenset({'art history', 'telecommunications', 'linguistics', 'literature'})

firstname : nancy
lastname : deusen
middlename : elena van
year : 1995
year_papertitle : ((1995, 'recogimiento for women and girls in colonial lima an institutional and cultural practice'),)
keywords : frozenset({'womens studies', 'latin american history'})

8/10 positive, 10/10 negative
Do these records refer to the same thing?
(y)es / (n)o / (u)nsure / (f)inished / (p)revious
firstname : james
lastname : lewis
middlename : b
year : 2004
year_papertitle : ((2004, 'the book of corrections reflections on the national crisis during the japanese invasion of korea 1592 1598 by songnyong yu translated by choi byonghyon berkeley institute of east asian studies university of california 2002 xi 249 pp 20 00 paper'), (2006, 'accounting techniques in korea 18th century archival samples from a non profit association in the sinitic world'), (2006, 'wages rents and interest rates in southern korea 1700 to 1900'), (2008, 'korean expansion and decline from the seventeenth to the nineteenth century a view suggested by adam smith'), (2009, 'stability or decline demand or supply'), (2010, 'a scroll of the 1748 korean embassy to japan preserved in the british museum'), (2011, 'robert i hellyer defining engagement japan and global contexts 1640 1868 harvard east asian monographs number 326 cambridge mass harvard university asia center 2009 pp xvi 281 39 95'), (2011, 'the wanli emperor and ming china s defence of korea against japan'))
keywords : frozenset({'ancient history', 'labour economics', 'anthropology', 'macroeconomics', 'economic geography', 'classical economics', 'market economy', 'media studies', 'economic history', 'accounting'})

firstname : james
lastname : lewis
middlename : welborn
year : 1987
year_papertitle : ((1987, 'at home in the city mainstream protestantism in gary indiana 1906 1983'),)
keywords : frozenset({'religious history'})

8/10 positive, 11/10 negative
Do these records refer to the same thing?
(y)es / (n)o / (u)nsure / (f)inished / (p)revious
firstname : carolyn
lastname : brown
middlename : j
year : 1983
year_papertitle : ((1983, 'children s discourse competence an evaluation of the development of inferential processes'), (1985, 'a comparison of ap and abr tuning characteristics in the guinea pig'), (1987, 'comparison of cineradiographic and photodetection techniques for assessing velopharyngeal function during speech'), (1988, 'electrically evoked brainstem potentials in cochlear implant patients with multi electrode stimulation'), (1988, 'the association between acoustic and articulatory events in a delayed auditory feedback paradigm'), (1990, 'electrically evoked whole nerve action potentials data from human cochlear implant users'), (1990, 'electrically evoked whole nerve action potentials parametric data from the cat'), (1990, 'variations in self paced behaviors in stutterers and nonstutterers'))
keywords : frozenset({'cognitive psychology', 'linguistics', 'orthodontics', 'dentistry', 'audiology', 'acoustics', 'biomedical engineering', 'developmental psychology'})

firstname : carolyn
lastname : brown
middlename : anderson
year : 1985
year_papertitle : ((1985, 'a history of the development of workers consciousness of the coal miners at enugu government colliery nigeria 1914 1950 labor class industrial relations ethnic'),)
keywords : frozenset({'african history'})

8/10 positive, 12/10 negative
Do these records refer to the same thing?
(y)es / (n)o / (u)nsure / (f)inished / (p)revious
firstname : norma
lastname : anderson
middlename : None
year : 2015
year_papertitle : ((2015, 'picturing development in malawi'), (2017, 'ephemeral development agendas and the process of priority shifts in malawi'), (2017, 'teaching note bring class concepts to life implementing intensive interview projects for deep learning'), (2017, 'thinking globally interviewing locally using an intensive interview project to teach globalization and social change'), (2018, 'book review the one true universal barbara ehrenreich natural causes an epidemic of wellness the certainty of dying and killing ourselves to live longer new york twelve 2018'), (2018, 'editor s notebook the personal is political'))
keywords : frozenset({'economic growth', 'artificial intelligence', 'social science', 'mathematics education', 'environmental ethics', 'pedagogy', 'gender studies'})

firstname : norman
lastname : anderson
middlename : reginald
year : 1992
year_papertitle : ((1992, 'a comparison of the college aspirations and achievements of afro american secondary students from a rural county on the eastern shore of maryland during pre desegregation 1965 1969 immediate desegregation 1970 1974 and later desegregation 1985 1989 periods'),)
keywords : frozenset({'african american studies', 'secondary education', 'black history', 'education history', 'ethnic studies'})

8/10 positive, 13/10 negative
Do these records refer to the same thing?
(y)es / (n)o / (u)nsure / (f)inished / (p)revious
firstname : victor
lastname : lopez
middlename : None
year : 2002
year_papertitle : ((2002, 'hip dislocations in athletes'), (2004, 'single point fixation for shoulder instability'), (2006, 'familiality of polarity at illness onset in bipolar affective disorder'), (2007, 'attempted suicide in bipolar disorder pedigrees evidence for linkage to 2p12'), (2007, 'nested association between genetic variation in tryptophan hydroxylase ii bipolar affective disorder and suicide attempts'), (2007, 'the bipolar disorder phenome database a resource for genetic studies'))
keywords : frozenset({'database', 'orthodontics', 'psychiatry', 'physical therapy', 'clinical psychology', 'genetics'})

firstname : victoriano
lastname : lopez
middlename : roncero
year : 1988
year_papertitle : ((1988, 'el concepto historiografico y politico en las obras de quevedo spanish text'),)
keywords : frozenset({'european history', 'romance literature'})

8/10 positive, 14/10 negative
Do these records refer to the same thing?
(y)es / (n)o / (u)nsure / (f)inished / (p)revious
firstname : jodi
lastname : eastberg
middlename : r b
year : 2011
year_papertitle : ((2011, 'valuing in decision making ability teaching learning and assessment across the curriculum and campus culture at alverno college'), (2012, 'beyond the annotated bibliography engaging students with library collections'))
keywords : frozenset({'medical education', 'library science', 'pedagogy', 'information retrieval'})

firstname : jodi
lastname : eastberg
middlename : rhea bartley
year : 2009
year_papertitle : ((2009, 'west meets east british perceptions of china through the life and works of sir george thomas staunton 1781 1859'),)
keywords : frozenset({'european history', 'history'})

8/10 positive, 15/10 negative
Do these records refer to the same thing?
(y)es / (n)o / (u)nsure / (f)inished / (p)revious
firstname : matthew
lastname : emerson
middlename : y
year : 2012
year_papertitle : ((2012, 'book review engaging the word the new testament and the christian believer'), (2012, 'book review jesus paul and the people of god a theological dialogue with n t wright'), (2013, 'arbitrary allegory typical typology or intertextual interpretation paul s use of the pentateuch in galatians 4 21 31'), (2013, 'christ and the new creation a canonical approach to the theology of the new testament'), (2013, 'i will be your god and you will be my people attachment theory and the grand narrative of scripture'), (2013, 'summaries of israel s story reviewing a compositional category'), (2014, 'book review god of the living a biblical theology'), (2014, 'book review the hermeneutics of the apostolic proclamation the center of paul s method of scriptural interpretationthe hermeneutics of the apostolic proclamation the center of paul s method of scriptural interpretation by batesmatthew w waco tx baylor university press 2012 pp vii 400 cloth 69 95'), (2014, 'book review the kingdom of god as liturgical empire a theological commentary on 1 2 chroniclesthe kingdom of god as liturgical empire a theological commentary on 1 2 chronicles by hahnscott w grand rapids mi baker academic 2012 pp xi 225 paper 24 99'), (2014, 'book review the messiah his brothers and the nationsthe messiah his brothers and the nations by hoodjason b london uk t t clark 2011 pp xii 193 cloth 110'))
keywords : frozenset({'religious studies', 'psychoanalysis', 'literature', 'theology'})

firstname : matthew
lastname : emerson
middlename : charles
year : 1988
year_papertitle : ((1988, 'decorated clay tobacco pipes from the chesapeake'),)
keywords : frozenset({'archaeology', 'american history', 'american studies'})

8/10 positive, 15/10 negative
Do these records refer to the same thing?
(y)es / (n)o / (u)nsure / (f)inished / (p)revious
firstname : eric
lastname : mogren
middlename : w
year : 2001
year_papertitle : ((2001, 'the animals came dancing native american sacred ecology and animal kinship howard l harrod tucson the university of arizona press 2000 220 pages'),)
keywords : frozenset({'gerontology', 'anthropology'})

firstname : eric
lastname : mogren
middlename : thomas
year : 2011
year_papertitle : ((2011, 'governance in the united states columbia river basin an historical analysis'),)
keywords : frozenset({'american history', 'aquatic sciences', 'social structure', 'public administration'})

8/10 positive, 16/10 negative
Do these records refer to the same thing?
(y)es / (n)o / (u)nsure / (f)inished / (p)revious
firstname : celeste
lastname : bustamante
middlename : gonzalez de
year : 2009
year_papertitle : ((2009, 'the past and the future of brazilian television news'), (2010, 'club de senoritas productions of mexican femininity in the 1950s'), (2013, 'muy buenas noches mexico television and the cold war'), (2014, 'journalism in times of violence social media use by us and mexican journalists working in northern mexico'), (2014, 'silencing mexico a study of influences on journalists in the northern states'), (2016, 'professionalism under threat of violence journalism reflexivity and the potential for collective professional autonomy in northern mexico'))
keywords : frozenset({'cartography', 'social psychology', 'public relations', 'multimedia', 'media studies', 'gender studies', 'economic history', 'criminology'})

firstname : celestine
lastname : bustamante
middlename : gonzalez de
year : 2006
year_papertitle : ((2006, 'i tele visiones i tele visions the making of mexican television news 1950 1970'),)
keywords : frozenset({'journalism', 'latin american history'})

8/10 positive, 17/10 negative
Do these records refer to the same thing?
(y)es / (n)o / (u)nsure / (f)inished / (p)revious
firstname : robert
lastname : miller
middlename : t
year : 2004
year_papertitle : ((2004, 'a jury of one s godless peers'), (2004, 'religion uniquely disfavored'), (2005, 'the legal death of terri schiavo'), (2006, 'darwin in dover pa'), (2008, 'intervention and free markets'), (2008, 'the coase theorem and the preferential option for the poor'), (2008, 'wrongful omissions by corporate directors stone v ritter and adapting the process model of the delaware business judgment rule'), (2009, 'canceling the deal two models of material adverse change clauses in business combination agreements'), (2009, 'the economics of deal risk allocating risk through mac clauses in business combination agreements'), (2009, 'toward a theory of human rights'))
keywords : frozenset({'economic policy', 'religious studies', 'art history', 'law', 'positive economics', 'environmental ethics', 'actuarial science'})

firstname : robert
lastname : miller
middlename : joseph
year : 1986
year_papertitle : ((1986, 'prophecy and persecution in luke acts martyr prophet'),)
keywords : frozenset({'biblical studies', 'religious history'})

9/10 positive, 17/10 negative
Do these records refer to the same thing?
(y)es / (n)o / (u)nsure / (f)inished / (p)revious
firstname : greg
lastname : guelcher
middlename : p
year : 2004
year_papertitle : ((2004, 'the making of japanese manchuria 1904 1932 by yoshihisa tak matsusaka cambridge harvard university asia center 2001 522 pp 52 00 hardcover isbn 0 674 00369 1'), (2010, 'a history of pashtun migration 1775 2006 by robert nichols'))
keywords : frozenset({'political economy', 'humanities', 'economic history'})

firstname : gregory
lastname : guelcher
middlename : paul
year : 1999
year_papertitle : ((1999, 'dreams of empire the japanese agricultural colonization of manchuria 1931 1945 in history and memory'),)
keywords : frozenset({'history', 'international law', 'international relations', 'agricultural economics'})

9/10 positive, 18/10 negative
Do these records refer to the same thing?
(y)es / (n)o / (u)nsure / (f)inished / (p)revious
firstname : greg
lastname : robinson
middlename : None
year : 2001
year_papertitle : ((2001, 'by order of the president'), (2003, 'mendez v westminister asian latino coalition triumphant'), (2004, 'mine okubo the new york years'), (2005, 'korematsu and beyond japanese americans and the origins of strict scrutiny'), (2007, 'paul laurence dunbar a credit to his race'), (2008, 'mine okubo following her own road'))
keywords : frozenset({'applied mathematics', 'art history', 'law', 'humanities', 'literature'})

firstname : gregory
lastname : robinson
middlename : keith
year : 2011
year_papertitle : ((2011, 'the trickster archetype tracing the trickster myths to their proto trickster roots'),)
keywords : frozenset({'american history', 'native american studies'})

10/10 positive, 18/10 negative
Do these records refer to the same thing?
(y)es / (n)o / (u)nsure / (f)inished / (p)revious
firstname : dong
lastname : yoon
middlename : sup
year : 1996
year_papertitle : ((1996, 'a case of paraesophageal hernia repaired by laparoscopic approach'), (1996, 'laparoscopy assisted radical subtotal gastrectomy for early gastric carcinoma'), (1997, 'breast conserving therapy in stage i ii breast cancer in korea'), (1997, 'surgical treatment of intestinal beh c c et s disease'), (1997, 'surgical treatment of intestinal beha et s disease'), (1997, 'surgical treatment of intestinal behcet s disease'), (1998, 'cell proliferation index and the expression of p53 and bcl 2 in tumorous and non tumorous lesions of hepatocellular carcinoma and metastatic liver cancer'), (1999, 'expression of biliary antigen and its clinical significance in hepatocellular carcinoma'), (1999, 'non alcoholic duct destructive chronic pancreatitis recognition before definitive treatment'), (1999, 'villous adenoma of the bile ducts a case report and a review of the reported cases in korea'))
keywords : frozenset({'cancer research', 'pathology', 'surgery', 'general surgery', 'gastroenterology', 'internal medicine'})

firstname : dongyoung
lastname : yoon
middlename : None
year : 2010
year_papertitle : ((2010, 'gad and nathan the portrayal of socio religious roles and functions of david s prophets in the light of ancient near eastern prophet king relationship'),)
keywords : frozenset({'biblical studies', 'near eastern studies', 'religious history', 'judaic studies'})

10/10 positive, 19/10 negative
Do these records refer to the same thing?
(y)es / (n)o / (u)nsure / (f)inished / (p)revious
firstname : jesse
lastname : spohnholz
middlename : None
year : 2007
year_papertitle : ((2007, 'olympias and chrysostom the debate over wesel s reformed deaconesses 1568 1609'), (2008, 'multiconfessional celebration of the eucharist in sixteenth century wesel'), (2013, 'from priest s whore to pastor s wife clerical marriage and the process of reform in the early german reformation by marjorie elizabeth plummer burlington vt ashgate 2012 pp xvii 340 cloth 119 95 isbn 987 1 4094 4154 0'), (2014, 'calvinism and religious exile during the revolt of the netherlands 1568 1609'))
keywords : frozenset({'theology', 'gender studies', 'religious studies', 'classics'})

firstname : jesse
lastname : spohnholz
middlename : albert
year : 2004
year_papertitle : ((2004, 'strangers and neighbors the tactics of toleration in the dutch exile community of wesel 1550 1590'),)
keywords : frozenset({'european history', 'history', 'religious history'})

10/10 positive, 20/10 negative
Do these records refer to the same thing?
(y)es / (n)o / (u)nsure / (f)inished / (p)revious
Finished labeling
INFO:rlr.crossvalidation:using cross validation to find optimum alpha...
/home/christoph/anaconda3/envs/science-career-tempenv/lib/python3.9/site-packages/rlr/crossvalidation.py:116: RuntimeWarning: invalid value encountered in double_scalars
  matthews_cc = ((true_dupes * true_distinct
INFO:rlr.crossvalidation:optimum alpha: 0.000010, score 0.583195042160939
INFO:dedupe.training:Final predicate set:
INFO:dedupe.training:SimplePredicate: (firstTokenPredicate, lastname)
Done in 31.282833449045818 minutes.
