Namespace(testing=False, verbose=1, field=['physics'], train_name='mona_degree0', startyear=1980, endyear=2020, loadstartyear=1980, loadendyear=2020, mergemode='m:1', recall=0.9, institution='True', fieldofstudy_cat='False', fieldofstudy_str='False', keywords='False', retrain='True', linking_type='grants', samplesize=100000, write_to='database')
Have max 12 cores available
Testing is False 

I set the write connection to the main database.
id_field is [121332964] and will be passed to sql queries.
finished setup ... 
Time elapsed: 0.0005402485529581706 minutes 


        SELECT a.GrantID || "_" || c.author_position as grantid_authorposition
            , CAST(SUBSTR(a.Award_AwardEffectiveDate, 7, 4) AS INT) AS year_range
            , b.institution, c.firstname, c.lastname, c.middlename
            , '' AS keywords, '' AS coauthors -- # necessary for current code structure
            , CAST(SUBSTR(a.Award_AwardEffectiveDate, 7, 4) AS INT) || "//" || b.institution AS main_us_institutions_year
            , CAST(SUBSTR(a.Award_AwardEffectiveDate, 7, 4) AS INT) || "//" || b.institution AS all_us_institutions_year
        FROM NSF_MAIN as a 
        INNER JOIN (
            SELECT GrantID, Name AS institution
            FROM NSF_Institution
            WHERE Position = 0 -- take the first reported. otherwise possibly duplicates. NSF_Performance_Institution has some missing. https://github.com/chrished/science_career_RAs/issues/19
        ) b 
        USING (GrantID)
        INNER JOIN (
            SELECT GrantID
                , FirstName AS firstname
                , LastName AS lastname
                , PIMidInit AS middlename --# NOTE: PISufxName is often "Jr", "Mr", JR, ... 
                , Position as author_position --## Some grants have >1 PIs
            FROM NSF_Investigator
            WHERE RoleCode = 'principal investigator'
        ) c
        USING (GrantID)
        WHERE AWARD_TranType = 'grant' AND AWARD_Agency = 'nsf' 
            AND a.AwardInstrument_Value IN ('standard grant', 'continuing grant')
            AND c.lastname != 'data not available'
            AND CAST(SUBSTR(a.Award_AwardEffectiveDate, 7, 4) AS INT) >= 1980
            AND CAST(SUBSTR(a.Award_AwardEffectiveDate, 7, 4) AS INT) <= 2020
            AND b.institution != "travel award"
         


    SELECT f.AuthorId
        , f.year
        , f.YearLastPub
        , f.firstname
        , f.lastname
        , CASE TRIM(SUBSTR(f.middle_lastname, 1, f.l_fullname - f.l_firstname - f.l_lastname - 1)) 
            WHEN 
                "" THEN NULL 
                ELSE TRIM(SUBSTR(f.middle_lastname, 1, f.l_fullname - f.l_firstname - f.l_lastname - 1)) 
            END as middlename 
            -- ## NOTE this gives "" for middlename when it is missing 
        , f.fieldofstudy
        , g.keywords
        , g.coauthors
        , g.institution
        , g.main_us_institutions_year
         
        , f.year || ";" || f.YearLastPub AS year_range 
        , g.all_us_institutions_year
    
    FROM (
        SELECT a.AuthorId
            , a.YearFirstPub AS year
            , a.YearLastPub 
            , a.FirstName AS firstname
            , REPLACE(b.NormalizedName, RTRIM(b.NormalizedName, REPLACE(b.NormalizedName, " ", "")), "") AS lastname 
                    -- https://stackoverflow.com/questions/21388820/how-to-get-the-last-index-of-a-substring-in-sqlite
            , TRIM(SUBSTR(b.NormalizedName, length(a.FirstName) + 1)) AS middle_lastname 
                    -- this gives all except the first name 
            , length(b.NormalizedName) as l_fullname 
            , length(a.FirstName) as l_firstname
            , length(REPLACE(b.NormalizedName, RTRIM(b.NormalizedName, REPLACE(b.NormalizedName, " ", "")), "")) as l_lastname
            , e.NormalizedName AS fieldofstudy
        FROM author_sample AS a
        INNER JOIN (
            SELECT AuthorId, NormalizedName
            FROM Authors
        ) AS b USING(AuthorId)
        INNER JOIN (
            SELECT AuthorId
            FROM author_field0
            WHERE FieldOfStudyId_lvl0 IN (?)
                AND Degree <= 0
        ) USING(AuthorId)
        LEFT JOIN (
            SELECT AuthorId, NormalizedName
            FROM author_fields c
            INNER JOIN (
                SELECT FieldOfStudyId, NormalizedName
                FROM FieldsOfStudy
            ) AS d USING(FieldOfStudyId)
            -- ## Condition on fieldofstudy being in the level 0 id_field
            INNER JOIN (
                SELECT ParentFieldOfStudyId, ChildFieldOfStudyId
                FROM crosswalk_fields
                WHERE ParentLevel = 0
                    AND ParentFieldOfStudyId IN (?)
            ) AS e ON (e.ChildFieldOfStudyId = c.FieldOfStudyId)
            WHERE FieldClass = 'first'
        ) AS e USING(AuthorId)
    ) f
    LEFT JOIN (
        SELECT AuthorId
                , main_us_institutions_career as institution
                , coauthors
                , keywords
                , main_us_institutions_year
                , all_us_institutions_year
        FROM author_info_linking
    ) AS g USING(AuthorId)
    
    WHERE f.YearLastPub  >= 1980 - 5 AND year <= 2020 + 5 AND institution is not NULL
     

Time elapsed: 263.417793293794 minutes 

Starting active labeling...
firstname : ulrich
lastname : hansmann
middlename : h
year_range : (2000,)
main_us_institutions_year : ((2000, 'michigan technological university'),)
all_us_institutions_year : ((2000, 'michigan technological university'),)

firstname : ulrich
lastname : hansmann
middlename : h e
year_range : (1992, 2020)
main_us_institutions_year : ((1992, 'florida state university'), (1993, 'florida state university'), (1994, 'florida state university'), (1994, 'embry riddle aeronautical university daytona beach'), (1998, 'michigan technological university'), (1999, 'michigan technological university'), (2000, 'michigan technological university'), (2001, 'michigan technological university'), (2002, 'michigan technological university'), (2003, 'michigan technological university'), (2004, 'michigan technological university'), (2005, 'michigan technological university'), (2006, 'michigan technological university'), (2007, 'michigan technological university'), (2008, 'michigan technological university'), (2009, 'michigan technological university'), (2010, 'michigan technological university'), (2011, 'michigan technological university'), (2012, 'university of oklahoma'), (2013, 'university of oklahoma'), (2014, 'university of oklahoma'), (2015, 'university of oklahoma'), (2016, 'university of oklahoma'), (2017, 'university of oklahoma'), (2018, 'university of oklahoma'), (2019, 'university of oklahoma'), (2020, 'university of oklahoma'))
all_us_institutions_year : ((1992, 'florida state university'), (1992, 'seattle children s research institute'), (1993, 'florida state university'), (1994, 'embry riddle aeronautical university daytona beach'), (1994, 'florida state university'), (1998, 'michigan technological university'), (1999, 'michigan technological university'), (2000, 'michigan technological university'), (2001, 'michigan technological university'), (2002, 'michigan technological university'), (2003, 'michigan technological university'), (2004, 'michigan technological university'), (2005, 'michigan technological university'), (2006, 'michigan technological university'), (2007, 'michigan technological university'), (2008, 'michigan technological university'), (2009, 'michigan technological university'), (2010, 'michigan technological university'), (2011, 'michigan technological university'), (2011, 'university of oklahoma'), (2012, 'michigan technological university'), (2012, 'university of oklahoma'), (2013, 'university of oklahoma'), (2014, 'university of oklahoma'), (2015, 'university of oklahoma'), (2016, 'university of oklahoma'), (2017, 'university of oklahoma'), (2018, 'university of oklahoma'), (2019, 'university of oklahoma'), (2020, 'university of oklahoma'), (2021, 'university of oklahoma'))

0/10 positive, 0/10 negative
Do these records refer to the same thing?
(y)es / (n)o / (u)nsure / (f)inished
firstname : jonathan
lastname : rothstein
middlename : p
year_range : (2013,)
main_us_institutions_year : ((2013, 'university of massachusetts amherst'),)
all_us_institutions_year : ((2013, 'university of massachusetts amherst'),)

firstname : jonathan
lastname : rothstein
middlename : p
year_range : (1999, 2021)
main_us_institutions_year : ((1999, 'massachusetts institute of technology'), (2001, 'massachusetts institute of technology'), (2002, 'massachusetts institute of technology'), (2003, 'university of massachusetts amherst'), (2004, 'university of massachusetts amherst'), (2005, 'university of massachusetts amherst'), (2006, 'university of massachusetts amherst'), (2007, 'university of massachusetts amherst'), (2008, 'university of massachusetts amherst'), (2009, 'university of massachusetts amherst'), (2010, 'university of massachusetts amherst'), (2011, 'university of massachusetts amherst'), (2012, 'university of massachusetts amherst'), (2013, 'university of massachusetts amherst'), (2014, 'university of massachusetts amherst'), (2015, 'university of massachusetts amherst'), (2016, 'university of massachusetts amherst'), (2017, 'university of massachusetts amherst'), (2018, 'university of massachusetts amherst'), (2019, 'university of massachusetts amherst'), (2020, 'university of massachusetts amherst'), (2021, 'university of massachusetts amherst'))
all_us_institutions_year : ((1999, 'massachusetts institute of technology'), (2001, 'massachusetts institute of technology'), (2002, 'massachusetts institute of technology'), (2003, 'university of massachusetts amherst'), (2004, 'university of massachusetts amherst'), (2005, 'university of massachusetts amherst'), (2006, 'university of massachusetts amherst'), (2007, 'university of massachusetts amherst'), (2008, 'university of massachusetts amherst'), (2009, 'university of massachusetts amherst'), (2010, 'university of massachusetts amherst'), (2011, 'university of massachusetts amherst'), (2012, 'university of massachusetts amherst'), (2013, 'university of massachusetts amherst'), (2014, 'university of massachusetts amherst'), (2015, 'university of massachusetts amherst'), (2016, 'university of massachusetts amherst'), (2017, 'university of massachusetts amherst'), (2018, 'university of massachusetts amherst'), (2019, 'university of massachusetts amherst'), (2020, 'university of massachusetts amherst'), (2021, 'university of massachusetts amherst'))

1/10 positive, 0/10 negative
Do these records refer to the same thing?
(y)es / (n)o / (u)nsure / (f)inished / (p)revious
firstname : thomas
lastname : moran
middlename : f
year_range : (1989,)
main_us_institutions_year : ((1989, 'georgia tech research corporation'),)
all_us_institutions_year : ((1989, 'georgia tech research corporation'),)

firstname : thomas
lastname : moran
middlename : g
year_range : (2003, 2011)
main_us_institutions_year : ((2003, 'the catholic university of america'), (2004, 'the catholic university of america'), (2004, 'goddard space flight center'), (2006, 'the catholic university of america'), (2006, 'goddard space flight center'), (2007, 'the catholic university of america'), (2007, 'goddard space flight center'), (2010, 'the catholic university of america'), (2010, 'goddard space flight center'), (2011, 'the catholic university of america'))
all_us_institutions_year : ((2003, 'goddard space flight center'), (2003, 'the catholic university of america'), (2004, 'goddard space flight center'), (2004, 'the catholic university of america'), (2006, 'goddard space flight center'), (2006, 'the catholic university of america'), (2007, 'goddard space flight center'), (2007, 'the catholic university of america'), (2010, 'goddard space flight center'), (2010, 'the catholic university of america'), (2011, 'the catholic university of america'))

2/10 positive, 0/10 negative
Do these records refer to the same thing?
(y)es / (n)o / (u)nsure / (f)inished / (p)revious
firstname : michael
lastname : doyle
middlename : p
year_range : (2016,)
main_us_institutions_year : ((2016, 'university of texas at san antonio'),)
all_us_institutions_year : ((2016, 'university of texas at san antonio'),)

firstname : michael
lastname : doyle
middlename : w
year_range : (2006, 2007)
main_us_institutions_year : ((2006, 'california institute of technology'),)
all_us_institutions_year : ((2006, 'california institute of technology'),)

2/10 positive, 1/10 negative
Do these records refer to the same thing?
(y)es / (n)o / (u)nsure / (f)inished / (p)revious
firstname : daeyeon
lastname : lee
middlename : None
year_range : (2010,)
main_us_institutions_year : ((2010, 'university of pennsylvania'),)
all_us_institutions_year : ((2010, 'university of pennsylvania'),)

firstname : daeyeon
lastname : lee
middlename : None
year_range : (1994, 2021)
main_us_institutions_year : ((1995, 'massachusetts institute of technology'), (1996, 'massachusetts institute of technology'), (2004, 'massachusetts institute of technology'), (2005, 'massachusetts institute of technology'), (2006, 'massachusetts institute of technology'), (2007, 'massachusetts institute of technology'), (2008, 'harvard university'), (2009, 'university of pennsylvania'), (2010, 'university of pennsylvania'), (2011, 'university of pennsylvania'), (2012, 'university of pennsylvania'), (2013, 'university of pennsylvania'), (2014, 'university of pennsylvania'), (2015, 'university of pennsylvania'), (2016, 'university of pennsylvania'), (2017, 'university of pennsylvania'), (2018, 'university of pennsylvania'), (2019, 'university of pennsylvania'), (2020, 'university of pennsylvania'), (2021, 'university of pennsylvania'))
all_us_institutions_year : ((1995, 'massachusetts institute of technology'), (1996, 'massachusetts institute of technology'), (2004, 'massachusetts institute of technology'), (2005, 'massachusetts institute of technology'), (2005, 'rockwell automation'), (2006, 'massachusetts institute of technology'), (2007, 'massachusetts institute of technology'), (2008, 'harvard university'), (2008, 'massachusetts institute of technology'), (2009, 'harvard university'), (2009, 'university of pennsylvania'), (2010, 'harvard university'), (2010, 'university of pennsylvania'), (2011, 'university of pennsylvania'), (2012, 'university of pennsylvania'), (2013, 'harvard university'), (2013, 'university of pennsylvania'), (2014, 'university of pennsylvania'), (2015, 'university of pennsylvania'), (2016, 'university of pennsylvania'), (2017, 'university of pennsylvania'), (2018, 'university of pennsylvania'), (2019, 'university of pennsylvania'), (2020, 'university of pennsylvania'), (2021, 'university of pennsylvania'))

2/10 positive, 2/10 negative
Do these records refer to the same thing?
(y)es / (n)o / (u)nsure / (f)inished / (p)revious
firstname : sandeep
lastname : patel
middlename : a
year_range : (2009,)
main_us_institutions_year : ((2009, 'university of delaware'),)
all_us_institutions_year : ((2009, 'university of delaware'),)

firstname : sandeep
lastname : patel
middlename : None
year_range : (1990, 2017)
main_us_institutions_year : ((2004, 'scripps research institute'), (2005, 'scripps research institute'), (2006, 'scripps research institute'), (2008, 'university of delaware'), (2009, 'university of delaware'), (2010, 'university of delaware'), (2011, 'university of delaware'), (2012, 'university of delaware'), (2013, 'university of delaware'), (2014, 'university of delaware'), (2015, 'university of delaware'), (2016, 'university of delaware'), (2017, 'university of delaware'))
all_us_institutions_year : ((2004, 'scripps research institute'), (2005, 'scripps research institute'), (2006, 'scripps research institute'), (2008, 'university of delaware'), (2009, 'university of delaware'), (2010, 'university of delaware'), (2011, 'university of delaware'), (2012, 'university of delaware'), (2013, 'university of delaware'), (2014, 'university of delaware'), (2015, 'university of delaware'), (2016, 'university of delaware'), (2017, 'university of delaware'), (2020, 'university of delaware'))

3/10 positive, 2/10 negative
Do these records refer to the same thing?
(y)es / (n)o / (u)nsure / (f)inished / (p)revious
firstname : carlos
lastname : larriba andaluz
middlename : None
year_range : (2019,)
main_us_institutions_year : ((2019, 'indiana university'),)
all_us_institutions_year : ((2019, 'indiana university'),)

firstname : carlos
lastname : larriba
middlename : None
year_range : (2007, 2014)
main_us_institutions_year : ((2011, 'yale university'), (2012, 'yale university'), (2012, 'university of minnesota'), (2013, 'university of minnesota'), (2014, 'indiana university'), (2014, 'yale university'))
all_us_institutions_year : ((2008, 'yale university'), (2011, 'yale university'), (2012, 'university of minnesota'), (2012, 'yale university'), (2013, 'university of minnesota'), (2014, 'indiana university'), (2014, 'yale university'))

4/10 positive, 2/10 negative
Do these records refer to the same thing?
(y)es / (n)o / (u)nsure / (f)inished / (p)revious
firstname : aditya
lastname : bhan
middlename : None
year_range : (2011,)
main_us_institutions_year : ((2011, 'university of minnesota twin cities'),)
all_us_institutions_year : ((2011, 'university of minnesota twin cities'),)

firstname : aditya
lastname : bhandari
middlename : bikram
year_range : (2015, 2020)
main_us_institutions_year : ((2018, 'university of minnesota'), (2019, 'university of minnesota'), (2020, 'university of minnesota'))
all_us_institutions_year : ((2018, 'university of minnesota'), (2019, 'university of minnesota'), (2020, 'university of minnesota'))

4/10 positive, 3/10 negative
Do these records refer to the same thing?
(y)es / (n)o / (u)nsure / (f)inished / (p)revious
firstname : bo
lastname : chen
middlename : None
year_range : (2019,)
main_us_institutions_year : ((2019, 'the university of central florida board of trustees'),)
all_us_institutions_year : ((2019, 'the university of central florida board of trustees'),)

firstname : bo
lastname : cheng
middlename : han
year_range : (2011, 2017)
main_us_institutions_year : ((2016, 'national taipei university of technology'),)
all_us_institutions_year : ((2016, 'national taipei university of technology'), (2017, 'national taipei university of technology'))

4/10 positive, 4/10 negative
Do these records refer to the same thing?
(y)es / (n)o / (u)nsure / (f)inished / (p)revious
firstname : yan
lastname : liu
middlename : None
year_range : (2016,)
main_us_institutions_year : ((2016, 'arizona state university'),)
all_us_institutions_year : ((2016, 'arizona state university'),)

firstname : yan
lastname : li
middlename : None
year_range : (1979, 2021)
main_us_institutions_year : None
all_us_institutions_year : ((2008, 'van andel institute'), (2009, 'van andel institute'), (2010, 'van andel institute'), (2014, 'florida state university'))

4/10 positive, 5/10 negative
Do these records refer to the same thing?
(y)es / (n)o / (u)nsure / (f)inished / (p)revious
firstname : ming
lastname : li
middlename : None
year_range : (2018,)
main_us_institutions_year : ((2018, 'university of arizona'),)
all_us_institutions_year : ((2018, 'university of arizona'),)

firstname : ming
lastname : liu
middlename : None
year_range : (1999, 2021)
main_us_institutions_year : None
all_us_institutions_year : ((2011, 'chinese academy of sciences'), (2013, 'chinese academy of sciences'), (2014, 'chinese academy of sciences'), (2017, 'chinese academy of sciences'), (2019, 'chinese academy of sciences'), (2019, 'cleveland clinic lerner research institute'), (2021, 'chinese academy of sciences'))

4/10 positive, 6/10 negative
Do these records refer to the same thing?
(y)es / (n)o / (u)nsure / (f)inished / (p)revious
firstname : geert
lastname : schmidschoenbein
middlename : w
year_range : (1999,)
main_us_institutions_year : ((1999, 'university of california san diego'),)
all_us_institutions_year : ((1999, 'university of california san diego'),)

firstname : g
lastname : schmidt
middlename : w
year_range : (1976, 1988)
main_us_institutions_year : ((1976, 'university of california san diego'), (1980, 'university of california san diego'), (1986, 'university of california san diego'), (1988, 'university of california san diego'))
all_us_institutions_year : ((1976, 'university of california san diego'), (1980, 'university of california san diego'), (1983, 'university of california san diego'), (1986, 'university of california san diego'), (1988, 'university of california san diego'))

4/10 positive, 7/10 negative
Do these records refer to the same thing?
(y)es / (n)o / (u)nsure / (f)inished / (p)revious
firstname : j peter
lastname : may
middlename : None
year_range : (1986,)
main_us_institutions_year : ((1986, 'university of chicago'),)
all_us_institutions_year : ((1986, 'university of chicago'),)

firstname : j
lastname : mayes
middlename : backus
year_range : (2010, 2016)
main_us_institutions_year : ((2010, 'university of washington'), (2013, 'fermilab'), (2014, 'fermilab'), (2015, 'fermilab'), (2016, 'fermilab'))
all_us_institutions_year : ((2010, 'university of washington'), (2013, 'fermilab'), (2014, 'fermilab'), (2015, 'fermilab'), (2016, 'fermilab'))

4/10 positive, 8/10 negative
Do these records refer to the same thing?
(y)es / (n)o / (u)nsure / (f)inished / (p)revious
firstname : karen
lastname : holl
middlename : d
year_range : (2006,)
main_us_institutions_year : ((2006, 'university of california santa cruz'),)
all_us_institutions_year : ((2006, 'university of california santa cruz'),)

firstname : karen
lastname : holland
middlename : None
year_range : (2011, 2021)
main_us_institutions_year : ((2014, 'northampton community college'), (2018, 'northampton community college'), (2020, 'northampton community college'), (2021, 'northampton community college'))
all_us_institutions_year : ((2014, 'northampton community college'), (2018, 'northampton community college'), (2020, 'northampton community college'), (2021, 'northampton community college'))

4/10 positive, 9/10 negative
Do these records refer to the same thing?
(y)es / (n)o / (u)nsure / (f)inished / (p)revious
firstname : bin
lastname : hu
middlename : None
year_range : (2009,)
main_us_institutions_year : ((2009, 'university of tennessee knoxville'),)
all_us_institutions_year : ((2009, 'university of tennessee knoxville'),)

firstname : bin
lastname : hu
middlename : None
year_range : (2020, 2021)
main_us_institutions_year : ((2020, 'chinese academy of sciences'),)
all_us_institutions_year : ((2020, 'chinese academy of sciences'),)

4/10 positive, 10/10 negative
Do these records refer to the same thing?
(y)es / (n)o / (u)nsure / (f)inished / (p)revious
firstname : edward
lastname : ester
middlename : None
year_range : (2020,)
main_us_institutions_year : ((2020, 'board of regents nshe obo university of nevada reno'),)
all_us_institutions_year : ((2020, 'board of regents nshe obo university of nevada reno'),)

firstname : edward
lastname : ester
middlename : f
year_range : (2007, 2020)
main_us_institutions_year : ((2007, 'university of oregon'), (2008, 'university of oregon'), (2009, 'university of oregon'), (2010, 'university of oregon'), (2011, 'university of oregon'), (2012, 'university of california san diego'), (2013, 'university of california san diego'), (2014, 'university of california san diego'), (2015, 'university of california san diego'), (2016, 'university of california san diego'), (2017, 'university of california san diego'), (2018, 'florida atlantic university'), (2019, 'florida atlantic university'), (2020, 'florida atlantic university'))
all_us_institutions_year : ((2007, 'university of oregon'), (2008, 'university of oregon'), (2009, 'university of oregon'), (2009, 'villanova university'), (2010, 'university of oregon'), (2011, 'university of oregon'), (2012, 'university of california san diego'), (2012, 'university of oregon'), (2013, 'university of california san diego'), (2014, 'university of california san diego'), (2015, 'university of california san diego'), (2016, 'university of california san diego'), (2016, 'university of oregon'), (2017, 'florida atlantic university'), (2017, 'university of california san diego'), (2018, 'florida atlantic university'), (2019, 'florida atlantic university'), (2020, 'florida atlantic university'))

4/10 positive, 11/10 negative
Do these records refer to the same thing?
(y)es / (n)o / (u)nsure / (f)inished / (p)revious
firstname : timothy
lastname : gorringe
middlename : p
year_range : (1991,)
main_us_institutions_year : ((1991, 'university of kentucky research foundation'),)
all_us_institutions_year : ((1991, 'university of kentucky research foundation'),)

firstname : t
lastname : gorringe
middlename : p
year_range : (1989, 2021)
main_us_institutions_year : ((1993, 'university of kentucky'), (1998, 'university of kentucky'), (1999, 'university of kentucky'), (2000, 'university of kentucky'), (2001, 'university of kentucky'), (2002, 'university of kentucky'), (2003, 'university of kentucky'), (2004, 'university of kentucky'), (2006, 'university of kentucky'), (2007, 'university of kentucky'), (2008, 'university of kentucky'), (2011, 'university of kentucky'), (2013, 'university of kentucky'), (2015, 'university of kentucky'), (2016, 'university of kentucky'), (2017, 'university of kentucky'), (2018, 'university of kentucky'), (2019, 'university of kentucky'), (2021, 'university of kentucky'))
all_us_institutions_year : ((1993, 'university of kentucky'), (1998, 'university of kentucky'), (1999, 'university of kentucky'), (2000, 'university of kentucky'), (2001, 'university of kentucky'), (2002, 'university of kentucky'), (2003, 'university of kentucky'), (2004, 'university of kentucky'), (2006, 'university of kentucky'), (2007, 'university of kentucky'), (2008, 'university of kentucky'), (2011, 'university of kentucky'), (2013, 'university of kentucky'), (2015, 'university of kentucky'), (2016, 'university of kentucky'), (2017, 'university of kentucky'), (2018, 'university of kentucky'), (2019, 'university of kentucky'), (2021, 'university of kentucky'))

4/10 positive, 12/10 negative
Do these records refer to the same thing?
(y)es / (n)o / (u)nsure / (f)inished / (p)revious
firstname : alenka
lastname : zajic
middlename : None
year_range : (2017,)
main_us_institutions_year : ((2017, 'georgia tech research corporation'),)
all_us_institutions_year : ((2017, 'georgia tech research corporation'),)

firstname : alenka
lastname : zajic
middlename : None
year_range : (2003, 2021)
main_us_institutions_year : ((2005, 'georgia institute of technology'), (2006, 'georgia institute of technology'), (2007, 'georgia institute of technology'), (2008, 'georgia institute of technology'), (2009, 'united states naval research laboratory'), (2010, 'georgia institute of technology'), (2011, 'georgia institute of technology'), (2012, 'georgia institute of technology'), (2013, 'georgia institute of technology'), (2014, 'georgia institute of technology'), (2015, 'georgia institute of technology'), (2016, 'georgia institute of technology'), (2017, 'georgia institute of technology'), (2018, 'georgia institute of technology'), (2019, 'georgia institute of technology'), (2020, 'georgia institute of technology'), (2021, 'georgia institute of technology'))
all_us_institutions_year : ((2005, 'georgia institute of technology'), (2006, 'georgia institute of technology'), (2007, 'georgia institute of technology'), (2008, 'georgia institute of technology'), (2009, 'georgia institute of technology'), (2009, 'united states naval research laboratory'), (2010, 'georgia institute of technology'), (2011, 'georgia institute of technology'), (2012, 'georgia institute of technology'), (2013, 'georgia institute of technology'), (2014, 'georgia institute of technology'), (2015, 'georgia institute of technology'), (2015, 'georgia tech research institute'), (2016, 'georgia institute of technology'), (2017, 'georgia institute of technology'), (2018, 'georgia institute of technology'), (2019, 'georgia institute of technology'), (2020, 'georgia institute of technology'), (2020, 'georgia tech research institute'), (2021, 'georgia institute of technology'))

5/10 positive, 12/10 negative
Do these records refer to the same thing?
(y)es / (n)o / (u)nsure / (f)inished / (p)revious
firstname : david
lastname : williams
middlename : a
year_range : (2013,)
main_us_institutions_year : ((2013, 'university of california santa cruz'),)
all_us_institutions_year : ((2013, 'university of california santa cruz'),)

firstname : david
lastname : williams
middlename : a
year_range : (1943, 2021)
main_us_institutions_year : ((1967, 'mcphs university'), (1976, 'mcphs university'), (1977, 'indiana university'), (1979, 'mcphs university'), (1979, 'indiana university'), (1981, 'mcphs university'), (1981, 'indiana university'), (1982, 'mcphs university'), (1983, 'university of cincinnati academic health center'), (1984, 'massachusetts institute of technology'), (1984, 'harvard university'), (1985, 'university of massachusetts medical school'), (1987, 'boston children s hospital'), (1988, 'university of massachusetts medical school'), (1988, 'mcphs university'), (1988, 'boston children s hospital'), (1988, 'harvard university'), (1988, 'howard hughes medical institute'), (1989, 'mcphs university'), (1990, 'duke university'), (1991, 'howard hughes medical institute'), (1992, 'mcphs university'), (1992, 'duke university'), (1992, 'indiana university'), (1992, 'howard hughes medical institute'), (1994, 'indiana university'), (1995, 'indiana university'), (1996, 'indiana university'), (1998, 'indiana university'), (1999, 'indiana university'), (2000, 'indiana university'), (2001, 'indiana university'), (2003, 'cincinnati children s hospital medical center'), (2004, 'cincinnati children s hospital medical center'), (2005, 'cincinnati children s hospital medical center'), (2006, 'cincinnati children s hospital medical center'), (2007, 'cincinnati children s hospital medical center'), (2008, 'cincinnati children s hospital medical center'), (2009, 'boston children s hospital'), (2010, 'boston children s hospital'), (2011, 'university of michigan'), (2012, 'university of michigan'), (2013, 'boston children s hospital'), (2014, 'harvard university'), (2015, 'harvard university'), (2016, 'boston children s hospital'), (2017, 'university of michigan'), (2018, 'boston children s hospital'), (2019, 'boston children s hospital'), (2020, 'university of michigan'), (2021, 'university of michigan'))
all_us_institutions_year : ((1967, 'mcphs university'), (1976, 'mcphs university'), (1977, 'indiana university'), (1979, 'indiana university'), (1979, 'mcphs university'), (1981, 'indiana university'), (1981, 'mcphs university'), (1982, 'mcphs university'), (1983, 'university of cincinnati academic health center'), (1984, 'harvard university'), (1984, 'massachusetts institute of technology'), (1985, 'university of massachusetts medical school'), (1987, 'boston children s hospital'), (1988, 'boston children s hospital'), (1988, 'harvard university'), (1988, 'howard hughes medical institute'), (1988, 'mcphs university'), (1988, 'university of massachusetts medical school'), (1989, 'duke university'), (1989, 'mcphs university'), (1990, 'boston children s hospital'), (1990, 'duke university'), (1990, 'harvard university'), (1990, 'howard hughes medical institute'), (1991, 'boston children s hospital'), (1991, 'duke university'), (1991, 'georgetown university medical center'), (1991, 'harvard university'), (1991, 'howard hughes medical institute'), (1991, 'indiana university'), (1991, 'mcphs university'), (1992, 'duke university'), (1992, 'howard hughes medical institute'), (1992, 'indiana university'), (1992, 'mcphs university'), (1993, 'duke university'), (1993, 'georgetown university medical center'), (1993, 'indiana university'), (1993, 'national institutes of health'), (1993, 'stanford university'), (1994, 'georgetown university medical center'), (1994, 'indiana university'), (1995, 'duke university'), (1995, 'georgetown university medical center'), (1995, 'indiana university'), (1995, 'mcphs university'), (1995, 'northwestern university'), (1995, 'riley hospital for children'), (1995, 'stanford university'), (1996, 'georgetown university medical center'), (1996, 'howard hughes medical institute'), (1996, 'indiana university'), (1996, 'indiana university purdue university indianapolis'), (1996, 'mcphs university'), (1996, 'riley hospital for children'), (1996, 'stanford university'), (1997, 'howard hughes medical institute'), (1997, 'indiana university'), (1997, 'mcphs university'), (1997, 'stanford university'), (1998, 'georgetown university'), (1998, 'georgetown university medical center'), (1998, 'howard hughes medical institute'), (1998, 'indiana university'), (1998, 'riley hospital for children'), (1999, 'dana corporation'), (1999, 'georgetown university'), (1999, 'indiana university'), (1999, 'riley hospital for children'), (1999, 'thomas jefferson university'), (1999, 'university of michigan'), (2000, 'howard hughes medical institute'), (2000, 'indiana university'), (2000, 'mcphs university'), (2000, 'riley hospital for children'), (2001, 'georgetown university'), (2001, 'georgetown university medical center'), (2001, 'howard hughes medical institute'), (2001, 'indiana university'), (2001, 'riley hospital for children'), (2002, 'cincinnati children s hospital medical center'), (2002, 'georgetown university'), (2002, 'georgetown university medical center'), (2002, 'howard hughes medical institute'), (2002, 'indiana university'), (2003, 'cincinnati children s hospital medical center'), (2003, 'indiana university'), (2003, 'university of michigan'), (2004, 'boston children s hospital'), (2004, 'cincinnati children s hospital medical center'), (2004, 'mcphs university'), (2004, 'university of cincinnati'), (2004, 'university of cincinnati academic health center'), (2004, 'university of michigan'), (2005, 'cincinnati children s hospital medical center'), (2005, 'harvard university'), (2005, 'university of cincinnati'), (2005, 'university of cincinnati academic health center'), (2005, 'university of michigan'), (2006, 'boston children s hospital'), (2006, 'cincinnati children s hospital medical center'), (2006, 'indiana university'), (2006, 'mcphs university'), (2006, 'university of cincinnati'), (2006, 'university of cincinnati academic health center'), (2006, 'university of michigan'), (2007, 'boston children s hospital'), (2007, 'cincinnati children s hospital medical center'), (2007, 'mcphs university'), (2007, 'university of cincinnati'), (2007, 'university of cincinnati academic health center'), (2007, 'university of michigan'), (2008, 'boston children s hospital'), (2008, 'cincinnati children s hospital medical center'), (2008, 'harvard university'), (2008, 'indiana university'), (2008, 'university of cincinnati academic health center'), (2008, 'university of michigan'), (2009, 'boston children s hospital'), (2009, 'cincinnati children s hospital medical center'), (2009, 'eli lilly and company'), (2009, 'harvard university'), (2009, 'university of cincinnati academic health center'), (2009, 'university of michigan'), (2010, 'boston children s hospital'), (2010, 'cincinnati children s hospital medical center'), (2010, 'eli lilly and company'), (2010, 'harvard university'), (2010, 'mcphs university'), (2010, 'university of michigan'), (2011, 'boston children s hospital'), (2011, 'eli lilly and company'), (2011, 'harvard university'), (2011, 'mcphs university'), (2011, 'university of michigan'), (2012, 'boston children s hospital'), (2012, 'cincinnati children s hospital medical center'), (2012, 'eli lilly and company'), (2012, 'harvard university'), (2012, 'mcphs university'), (2012, 'university of michigan'), (2013, 'boston children s hospital'), (2013, 'dana corporation'), (2013, 'harvard university'), (2013, 'university of michigan'), (2014, 'abbvie'), (2014, 'boston children s hospital'), (2014, 'cincinnati children s hospital medical center'), (2014, 'dana corporation'), (2014, 'eli lilly and company'), (2014, 'harvard university'), (2014, 'national institutes of health'), (2014, 'stanford university'), (2014, 'university of michigan'), (2015, 'abbvie'), (2015, 'boston children s hospital'), (2015, 'children s medical center of dallas'), (2015, 'harvard university'), (2015, 'university of michigan'), (2016, 'abbvie'), (2016, 'boston children s hospital'), (2016, 'columbia university medical center'), (2016, 'harvard university'), (2016, 'mcphs university'), (2016, 'university of michigan'), (2017, 'abbvie'), (2017, 'boston children s hospital'), (2017, 'dana corporation'), (2017, 'duke university'), (2017, 'harvard university'), (2017, 'university of michigan'), (2017, 'wayne state university'), (2018, 'abbvie'), (2018, 'boston children s hospital'), (2018, 'cincinnati children s hospital medical center'), (2018, 'dana corporation'), (2018, 'duke university'), (2018, 'harvard university'), (2018, 'mcphs university'), (2018, 'university of michigan'), (2019, 'abbvie'), (2019, 'boston children s hospital'), (2019, 'dana corporation'), (2019, 'duke university'), (2019, 'harvard university'), (2019, 'university of michigan'), (2020, 'abbvie'), (2020, 'boston children s hospital'), (2020, 'dana corporation'), (2020, 'duke university'), (2020, 'harvard university'), (2020, 'university of michigan'), (2021, 'abbvie'), (2021, 'boston children s hospital'), (2021, 'duke university'), (2021, 'harvard university'), (2021, 'university of michigan'))

6/10 positive, 12/10 negative
Do these records refer to the same thing?
(y)es / (n)o / (u)nsure / (f)inished / (p)revious
firstname : justin
lastname : crepp
middlename : r
year_range : (2017,)
main_us_institutions_year : ((2017, 'university of notre dame'),)
all_us_institutions_year : ((2017, 'university of notre dame'),)

firstname : j
lastname : crepp
middlename : r
year_range : (2006, 2011)
main_us_institutions_year : ((2006, 'university of florida'), (2007, 'university of florida'), (2010, 'california institute of technology'), (2010, 'university of florida'), (2011, 'california institute of technology'), (2011, 'university of florida'))
all_us_institutions_year : ((2005, 'university of florida'), (2006, 'university of florida'), (2007, 'university of florida'), (2010, 'california institute of technology'), (2010, 'university of florida'), (2011, 'california institute of technology'), (2011, 'university of florida'))

6/10 positive, 13/10 negative
Do these records refer to the same thing?
(y)es / (n)o / (u)nsure / (f)inished / (p)revious
firstname : leslie
lastname : anderson
middlename : None
year_range : (1996,)
main_us_institutions_year : ((1996, 'university of florida'),)
all_us_institutions_year : ((1996, 'university of florida'),)

firstname : r
lastname : anderson
middlename : c
year_range : (1972, 1987)
main_us_institutions_year : ((1981, 'university of florida'), (1982, 'university of florida'), (1986, 'university of florida'), (1987, 'university of florida'))
all_us_institutions_year : ((1979, 'university of florida'), (1981, 'university of florida'), (1982, 'university of florida'), (1986, 'university of florida'), (1987, 'university of florida'), (1991, 'university of florida'))

6/10 positive, 14/10 negative
Do these records refer to the same thing?
(y)es / (n)o / (u)nsure / (f)inished / (p)revious
firstname : xiaoli
lastname : ma
middlename : None
year_range : (2012,)
main_us_institutions_year : ((2012, 'georgia tech research corporation'),)
all_us_institutions_year : ((2012, 'georgia tech research corporation'),)

firstname : xiaoli
lastname : ma
middlename : None
year_range : (1999, 2021)
main_us_institutions_year : ((1999, 'university of virginia'), (2000, 'university of virginia'), (2001, 'university of minnesota'), (2002, 'university of minnesota'), (2003, 'university of minnesota'), (2004, 'auburn university'), (2005, 'auburn university'), (2006, 'georgia institute of technology'), (2007, 'georgia institute of technology'), (2008, 'georgia institute of technology'), (2009, 'georgia institute of technology'), (2010, 'georgia institute of technology'), (2011, 'georgia institute of technology'), (2012, 'georgia institute of technology'), (2013, 'georgia institute of technology'), (2014, 'georgia institute of technology'), (2015, 'georgia institute of technology'), (2016, 'georgia institute of technology'), (2017, 'georgia institute of technology'), (2018, 'georgia institute of technology'), (2020, 'georgia institute of technology'), (2021, 'georgia institute of technology'), (2021, 'auburn university'))
all_us_institutions_year : ((1999, 'university of virginia'), (2000, 'university of minnesota'), (2000, 'university of virginia'), (2001, 'university of minnesota'), (2001, 'university of virginia'), (2002, 'university of minnesota'), (2003, 'auburn university'), (2003, 'georgia institute of technology'), (2003, 'university of minnesota'), (2004, 'auburn university'), (2004, 'university of minnesota'), (2005, 'auburn university'), (2006, 'auburn university'), (2006, 'georgia institute of technology'), (2007, 'georgia institute of technology'), (2008, 'georgia institute of technology'), (2009, 'georgia institute of technology'), (2010, 'georgia institute of technology'), (2011, 'georgia institute of technology'), (2012, 'georgia institute of technology'), (2013, 'georgia institute of technology'), (2014, 'georgia institute of technology'), (2015, 'chinese academy of sciences'), (2015, 'georgia institute of technology'), (2016, 'chinese academy of sciences'), (2016, 'georgia institute of technology'), (2017, 'chinese academy of sciences'), (2017, 'georgia institute of technology'), (2018, 'georgia institute of technology'), (2019, 'georgia institute of technology'), (2020, 'auburn university'), (2020, 'georgia institute of technology'), (2020, 'university of minnesota'), (2021, 'auburn university'), (2021, 'georgia institute of technology'))

6/10 positive, 15/10 negative
Do these records refer to the same thing?
(y)es / (n)o / (u)nsure / (f)inished / (p)revious
firstname : v ralph
lastname : algazi
middlename : None
year_range : (1997,)
main_us_institutions_year : ((1997, 'university of california davis'),)
all_us_institutions_year : ((1997, 'university of california davis'),)

firstname : v
lastname : algazi
middlename : ralph
year_range : (1981, 2011)
main_us_institutions_year : ((1981, 'university of california davis'), (1983, 'university of california davis'), (1991, 'university of california davis'), (1992, 'university of california davis'), (1996, 'university of california davis'), (1997, 'university of california davis'), (1998, 'university of california davis'), (1999, 'university of california davis'), (2001, 'university of california davis'), (2002, 'university of california davis'))
all_us_institutions_year : ((1981, 'university of california davis'), (1983, 'university of california davis'), (1984, 'university of california davis'), (1991, 'university of california davis'), (1992, 'university of california davis'), (1993, 'university of california davis'), (1994, 'university of california'), (1994, 'university of california davis'), (1995, 'university of california davis'), (1996, 'university of california davis'), (1997, 'university of california davis'), (1998, 'university of california davis'), (1999, 'university of california davis'), (2001, 'university of california davis'), (2002, 'university of california davis'), (2004, 'university of california davis'), (2013, 'university of california davis'))

7/10 positive, 15/10 negative
Do these records refer to the same thing?
(y)es / (n)o / (u)nsure / (f)inished / (p)revious
firstname : robert
lastname : dickinson
middlename : e
year_range : (2007,)
main_us_institutions_year : ((2007, 'georgia tech research corporation'),)
all_us_institutions_year : ((2007, 'georgia tech research corporation'),)

firstname : robert
lastname : dickinson
middlename : e
year_range : (1934, 2020)
main_us_institutions_year : ((1963, 'massachusetts institute of technology'), (1964, 'massachusetts institute of technology'), (1967, 'massachusetts institute of technology'), (1968, 'massachusetts institute of technology'), (1969, 'massachusetts institute of technology'), (1970, 'national center for atmospheric research'), (1971, 'national center for atmospheric research'), (1972, 'national center for atmospheric research'), (1973, 'national center for atmospheric research'), (1975, 'national center for atmospheric research'), (1976, 'national center for atmospheric research'), (1977, 'national center for atmospheric research'), (1978, 'national center for atmospheric research'), (1979, 'national center for atmospheric research'), (1980, 'national center for atmospheric research'), (1981, 'national center for atmospheric research'), (1983, 'national center for atmospheric research'), (1984, 'national center for atmospheric research'), (1985, 'national center for atmospheric research'), (1986, 'national center for atmospheric research'), (1987, 'national center for atmospheric research'), (1988, 'national center for atmospheric research'), (1989, 'national center for atmospheric research'), (1990, 'university corporation for atmospheric research'), (1990, 'national center for atmospheric research'), (1991, 'national center for atmospheric research'), (1992, 'university of arizona'), (1993, 'university of arizona'), (1995, 'university of arizona'), (1996, 'university of arizona'), (1997, 'university of arizona'), (1998, 'university of arizona'), (1999, 'university of arizona'), (2000, 'university of arizona'), (2001, 'georgia institute of technology'), (2002, 'georgia institute of technology'), (2003, 'georgia institute of technology'), (2004, 'georgia institute of technology'), (2005, 'georgia institute of technology'), (2006, 'georgia institute of technology'), (2007, 'georgia institute of technology'), (2008, 'georgia institute of technology'), (2009, 'university of texas at austin'), (2010, 'university of texas at austin'), (2011, 'university of texas at austin'), (2012, 'university of texas at austin'), (2013, 'university of texas at austin'), (2014, 'university of texas at austin'), (2015, 'university of texas at austin'), (2016, 'university of texas at austin'), (2017, 'university of texas at austin'), (2019, 'university of texas at austin'), (2020, 'university of texas at austin'))
all_us_institutions_year : ((1963, 'massachusetts institute of technology'), (1964, 'massachusetts institute of technology'), (1967, 'massachusetts institute of technology'), (1968, 'massachusetts institute of technology'), (1968, 'national center for atmospheric research'), (1969, 'massachusetts institute of technology'), (1969, 'national center for atmospheric research'), (1970, 'national center for atmospheric research'), (1971, 'national center for atmospheric research'), (1972, 'national center for atmospheric research'), (1973, 'national center for atmospheric research'), (1975, 'national center for atmospheric research'), (1975, 'university of arizona'), (1976, 'national center for atmospheric research'), (1977, 'national center for atmospheric research'), (1978, 'national center for atmospheric research'), (1979, 'national center for atmospheric research'), (1980, 'national center for atmospheric research'), (1981, 'national center for atmospheric research'), (1983, 'national center for atmospheric research'), (1984, 'national center for atmospheric research'), (1985, 'national center for atmospheric research'), (1986, 'national center for atmospheric research'), (1987, 'national center for atmospheric research'), (1988, 'national center for atmospheric research'), (1989, 'national center for atmospheric research'), (1989, 'university corporation for atmospheric research'), (1990, 'national center for atmospheric research'), (1990, 'university corporation for atmospheric research'), (1991, 'national center for atmospheric research'), (1991, 'university of arizona'), (1992, 'university of arizona'), (1993, 'university of arizona'), (1995, 'university of arizona'), (1996, 'university of arizona'), (1997, 'university of arizona'), (1998, 'university of arizona'), (1999, 'university of arizona'), (2000, 'georgia institute of technology'), (2000, 'university of arizona'), (2001, 'georgia institute of technology'), (2001, 'university of arizona'), (2002, 'georgia institute of technology'), (2003, 'georgia institute of technology'), (2004, 'georgia institute of technology'), (2005, 'georgia institute of technology'), (2006, 'georgia institute of technology'), (2007, 'georgia institute of technology'), (2008, 'georgia institute of technology'), (2009, 'georgia institute of technology'), (2009, 'university of texas at austin'), (2010, 'university of texas at austin'), (2011, 'georgia institute of technology'), (2011, 'university of texas at austin'), (2012, 'university of texas at austin'), (2013, 'national center for atmospheric research'), (2013, 'oak ridge national laboratory'), (2013, 'university of texas at austin'), (2014, 'university of texas at austin'), (2015, 'university of texas at austin'), (2016, 'university of texas at austin'), (2017, 'university of texas at austin'), (2018, 'university of texas at austin'), (2019, 'university of texas at austin'), (2020, 'university of california los angeles'), (2020, 'university of texas at austin'))

8/10 positive, 15/10 negative
Do these records refer to the same thing?
(y)es / (n)o / (u)nsure / (f)inished / (p)revious
firstname : lee
lastname : chow
middlename : None
year_range : (1990,)
main_us_institutions_year : ((1990, 'the university of central florida board of trustees'),)
all_us_institutions_year : ((1990, 'the university of central florida board of trustees'),)

firstname : lee
lastname : chow
middlename : None
year_range : (1978, 2021)
main_us_institutions_year : ((1978, 'clark university'), (1980, 'clark university'), (1981, 'clark university'), (1987, 'university of central florida'), (1991, 'university of central florida'), (1992, 'university of central florida'), (1993, 'university of central florida'), (1995, 'university of central florida'), (1997, 'university of central florida'), (1998, 'university of central florida'), (1999, 'university of central florida'), (2000, 'university of central florida'), (2002, 'university of central florida'), (2003, 'university of central florida'), (2004, 'university of central florida'), (2005, 'university of central florida'), (2006, 'university of central florida'), (2007, 'university of central florida'), (2008, 'university of central florida'), (2009, 'university of central florida'), (2010, 'university of central florida'), (2011, 'university of central florida'), (2012, 'university of central florida'), (2013, 'university of central florida'), (2014, 'university of central florida'), (2015, 'university of central florida'), (2016, 'university of central florida'), (2017, 'university of central florida'), (2018, 'university of central florida'), (2019, 'university of central florida'), (2020, 'university of central florida'), (2021, 'university of central florida'))
all_us_institutions_year : ((1978, 'clark university'), (1980, 'clark university'), (1981, 'clark university'), (1987, 'university of central florida'), (1991, 'university of central florida'), (1992, 'university of central florida'), (1993, 'texas center for superconductivity'), (1993, 'university of central florida'), (1995, 'university of central florida'), (1997, 'university of central florida'), (1998, 'university of central florida'), (1999, 'university of central florida'), (2000, 'university of central florida'), (2002, 'university of central florida'), (2003, 'university of central florida'), (2004, 'university of central florida'), (2005, 'university of central florida'), (2006, 'university of central florida'), (2007, 'university of central florida'), (2008, 'university of central florida'), (2009, 'university of central florida'), (2010, 'university of central florida'), (2011, 'university of central florida'), (2012, 'university of central florida'), (2013, 'university of central florida'), (2014, 'university of central florida'), (2015, 'university of central florida'), (2016, 'university of central florida'), (2017, 'university of central florida'), (2018, 'university of central florida'), (2019, 'university of central florida'), (2020, 'university of central florida'), (2021, 'university of central florida'))

8/10 positive, 16/10 negative
Do these records refer to the same thing?
(y)es / (n)o / (u)nsure / (f)inished / (p)revious
firstname : clifford
lastname : taubes
middlename : h
year_range : (1991,)
main_us_institutions_year : ((1991, 'harvard university'),)
all_us_institutions_year : ((1991, 'harvard university'),)

firstname : clifford
lastname : taubes
middlename : henry
year_range : (1978, 2021)
main_us_institutions_year : ((1979, 'harvard university'), (1980, 'harvard university'), (1981, 'harvard university'), (1982, 'harvard university'), (1983, 'harvard university'), (1988, 'harvard university'), (1989, 'harvard university'), (1994, 'harvard university'), (1995, 'harvard university'), (1996, 'harvard university'), (1998, 'harvard university'), (1999, 'harvard university'), (2000, 'harvard university'), (2001, 'harvard university'), (2002, 'harvard university'), (2005, 'harvard university'), (2006, 'harvard university'), (2007, 'harvard university'), (2009, 'harvard university'), (2010, 'harvard university'), (2011, 'harvard university'), (2013, 'harvard university'), (2014, 'harvard university'), (2020, 'harvard university'), (2021, 'harvard university'))
all_us_institutions_year : ((1979, 'harvard university'), (1980, 'harvard university'), (1981, 'harvard university'), (1982, 'harvard university'), (1983, 'harvard university'), (1988, 'harvard university'), (1989, 'harvard university'), (1994, 'harvard university'), (1995, 'harvard university'), (1996, 'columbia university'), (1996, 'harvard university'), (1998, 'harvard university'), (1999, 'harvard university'), (2000, 'harvard university'), (2001, 'harvard university'), (2002, 'harvard university'), (2005, 'harvard university'), (2006, 'harvard university'), (2007, 'harvard university'), (2008, 'harvard university'), (2009, 'harvard university'), (2010, 'harvard university'), (2011, 'harvard university'), (2013, 'harvard university'), (2014, 'harvard university'), (2015, 'harvard university'), (2017, 'harvard university'), (2019, 'harvard university'), (2020, 'harvard university'), (2021, 'harvard university'))

9/10 positive, 16/10 negative
Do these records refer to the same thing?
(y)es / (n)o / (u)nsure / (f)inished / (p)revious
firstname : mark
lastname : zumberge
middlename : a
year_range : (2020,)
main_us_institutions_year : ((2020, 'university of california san diego scripps inst of oceanography'),)
all_us_institutions_year : ((2020, 'university of california san diego scripps inst of oceanography'),)

firstname : mark
lastname : zumberge
middlename : a
year_range : (1978, 2019)
main_us_institutions_year : ((1979, 'university of colorado boulder'), (1982, 'national institute of standards and technology'), (1982, 'university of colorado boulder'), (1985, 'university of california san diego'), (1987, 'university of california san diego'), (1988, 'university of california san diego'), (1989, 'university of california san diego'), (1996, 'university of california san diego'), (1997, 'scripps institution of oceanography'), (1998, 'university of california san diego'), (2000, 'scripps institution of oceanography'), (2001, 'scripps institution of oceanography'), (2002, 'university of california san diego'), (2003, 'university of california san diego'), (2004, 'university of california san diego'), (2004, 'scripps institution of oceanography'), (2006, 'scripps institution of oceanography'), (2007, 'university of california san diego'), (2008, 'university of california san diego'), (2010, 'university of california san diego'), (2011, 'university of california san diego'), (2013, 'university of california san diego'), (2014, 'university of california san diego'), (2015, 'university of california san diego'), (2016, 'university of california san diego'), (2017, 'scripps institution of oceanography'), (2018, 'university of california san diego'), (2019, 'university of california san diego'), (2019, 'scripps institution of oceanography'))
all_us_institutions_year : ((1979, 'university of colorado boulder'), (1982, 'national institute of standards and technology'), (1982, 'university of colorado boulder'), (1985, 'university of california san diego'), (1987, 'university of california san diego'), (1988, 'scripps institution of oceanography'), (1988, 'university of california san diego'), (1989, 'scripps institution of oceanography'), (1989, 'university of california san diego'), (1995, 'university of california'), (1995, 'university of california san diego'), (1996, 'university of california san diego'), (1997, 'scripps institution of oceanography'), (1997, 'university of california san diego'), (1998, 'university of california san diego'), (2000, 'scripps institution of oceanography'), (2000, 'university of california'), (2001, 'scripps institution of oceanography'), (2002, 'university of california san diego'), (2003, 'scripps institution of oceanography'), (2003, 'university of california san diego'), (2004, 'scripps institution of oceanography'), (2004, 'university of california san diego'), (2005, 'university of california'), (2006, 'scripps institution of oceanography'), (2006, 'university of california san diego'), (2007, 'university of california san diego'), (2008, 'university of california'), (2008, 'university of california san diego'), (2009, 'university of california'), (2010, 'university of california san diego'), (2011, 'university of california san diego'), (2012, 'university of california'), (2013, 'university of california san diego'), (2014, 'university of california san diego'), (2015, 'university of california san diego'), (2016, 'university of california san diego'), (2017, 'scripps institution of oceanography'), (2018, 'university of california san diego'), (2019, 'scripps institution of oceanography'), (2019, 'university of california san diego'), (2020, 'university of california san diego'))

10/10 positive, 16/10 negative
Do these records refer to the same thing?
(y)es / (n)o / (u)nsure / (f)inished / (p)revious
firstname : peter
lastname : kolesar
middlename : j
year_range : (1996,)
main_us_institutions_year : ((1996, 'columbia university'),)
all_us_institutions_year : ((1996, 'columbia university'),)

firstname : peter
lastname : kolesar
middlename : None
year_range : (2008, 2020)
main_us_institutions_year : ((2010, 'memorial sloan kettering cancer center'), (2013, 'cornell university'))
all_us_institutions_year : ((2010, 'memorial sloan kettering cancer center'), (2013, 'cornell university'))

11/10 positive, 16/10 negative
Do these records refer to the same thing?
(y)es / (n)o / (u)nsure / (f)inished / (p)revious
firstname : alan
lastname : litke
middlename : m
year_range : (2003,)
main_us_institutions_year : ((2003, 'university of california santa cruz'),)
all_us_institutions_year : ((2003, 'university of california santa cruz'),)

firstname : a
lastname : litke
middlename : None
year_range : (1974, 1975)
main_us_institutions_year : ((1974, 'university of california berkeley'), (1975, 'university of california berkeley'), (1976, 'university of california berkeley'))
all_us_institutions_year : ((1974, 'university of california berkeley'), (1975, 'university of california berkeley'), (1976, 'university of california berkeley'))

11/10 positive, 17/10 negative
Do these records refer to the same thing?
(y)es / (n)o / (u)nsure / (f)inished / (p)revious
firstname : sangwook
lastname : cheong
middlename : None
year_range : (2011,)
main_us_institutions_year : ((2011, 'rutgers university new brunswick'),)
all_us_institutions_year : ((2011, 'rutgers university new brunswick'),)

firstname : s
lastname : cheong
middlename : w
year_range : (1989, 2021)
main_us_institutions_year : ((1998, 'rutgers university'), (1999, 'rutgers university'), (2000, 'rutgers university'), (2001, 'rutgers university'), (2002, 'rutgers university'), (2003, 'rutgers university'), (2004, 'rutgers university'), (2005, 'rutgers university'), (2006, 'rutgers university'), (2007, 'rutgers university'), (2008, 'rutgers university'), (2009, 'rutgers university'), (2010, 'rutgers university'), (2011, 'rutgers university'), (2012, 'rutgers university'), (2013, 'rutgers university'), (2014, 'rutgers university'), (2015, 'rutgers university'), (2016, 'rutgers university'), (2017, 'rutgers university'), (2018, 'rutgers university'), (2019, 'rutgers university'), (2020, 'rutgers university'), (2021, 'rutgers university'))
all_us_institutions_year : ((1998, 'rutgers university'), (1999, 'rutgers university'), (2000, 'rutgers university'), (2001, 'rutgers university'), (2002, 'rutgers university'), (2003, 'rutgers university'), (2004, 'rutgers university'), (2005, 'rutgers university'), (2006, 'rutgers university'), (2007, 'rutgers university'), (2008, 'rutgers university'), (2009, 'rutgers university'), (2010, 'rutgers university'), (2011, 'rutgers university'), (2012, 'rutgers university'), (2013, 'rutgers university'), (2014, 'rutgers university'), (2015, 'rutgers university'), (2016, 'rutgers university'), (2017, 'rutgers university'), (2018, 'rutgers university'), (2019, 'rutgers university'), (2020, 'rutgers university'), (2021, 'rutgers university'))

11/10 positive, 18/10 negative
Do these records refer to the same thing?
(y)es / (n)o / (u)nsure / (f)inished / (p)revious
firstname : rosemary
lastname : wyse
middlename : f
year_range : (1988,)
main_us_institutions_year : ((1988, 'johns hopkins university'),)
all_us_institutions_year : ((1988, 'johns hopkins university'),)

firstname : r
lastname : wyse
middlename : f g
year_range : (2009, 2020)
main_us_institutions_year : ((2009, 'johns hopkins university'), (2011, 'johns hopkins university'), (2013, 'johns hopkins university'), (2014, 'johns hopkins university'), (2015, 'johns hopkins university'), (2017, 'johns hopkins university'), (2018, 'johns hopkins university'))
all_us_institutions_year : ((2005, 'johns hopkins university'), (2006, 'johns hopkins university'), (2008, 'johns hopkins university'), (2009, 'johns hopkins university'), (2011, 'johns hopkins university'), (2012, 'johns hopkins university'), (2013, 'johns hopkins university'), (2014, 'johns hopkins university'), (2015, 'johns hopkins university'), (2017, 'johns hopkins university'), (2018, 'johns hopkins university'))

12/10 positive, 18/10 negative
Do these records refer to the same thing?
(y)es / (n)o / (u)nsure / (f)inished / (p)revious
firstname : talat
lastname : rahman
middlename : s
year_range : (2013,)
main_us_institutions_year : ((2013, 'the university of central florida board of trustees'),)
all_us_institutions_year : ((2013, 'the university of central florida board of trustees'),)

firstname : talat
lastname : rahman
middlename : s
year_range : (1973, 2021)
main_us_institutions_year : ((1973, 'university of rochester'), (1974, 'university of rochester'), (1978, 'university of california irvine'), (1979, 'university of rochester'), (1979, 'university of california irvine'), (1980, 'university of california irvine'), (1981, 'university of california irvine'), (1983, 'university of california irvine'), (1984, 'kansas state university'), (1986, 'kansas state university'), (1987, 'kansas state university'), (1988, 'kansas state university'), (1989, 'kansas state university'), (1991, 'kansas state university'), (1992, 'kansas state university'), (1992, 'brookhaven national laboratory'), (1993, 'kansas state university'), (1993, 'brookhaven national laboratory'), (1995, 'kansas state university'), (1996, 'kansas state university'), (1997, 'kansas state university'), (1998, 'kansas state university'), (1999, 'kansas state university'), (2000, 'kansas state university'), (2001, 'kansas state university'), (2002, 'kansas state university'), (2003, 'kansas state university'), (2004, 'kansas state university'), (2005, 'kansas state university'), (2006, 'kansas state university'), (2007, 'university of central florida'), (2008, 'university of central florida'), (2009, 'university of central florida'), (2010, 'university of central florida'), (2011, 'university of central florida'), (2012, 'university of central florida'), (2013, 'university of central florida'), (2014, 'university of central florida'), (2015, 'university of central florida'), (2016, 'university of central florida'), (2017, 'university of central florida'), (2018, 'university of central florida'), (2019, 'university of central florida'), (2020, 'university of central florida'), (2021, 'university of central florida'))
all_us_institutions_year : ((1973, 'university of rochester'), (1974, 'university of rochester'), (1978, 'university of california irvine'), (1979, 'university of california irvine'), (1979, 'university of rochester'), (1980, 'university of california irvine'), (1981, 'university of california irvine'), (1983, 'kansas state university'), (1983, 'university of california irvine'), (1984, 'kansas state university'), (1985, 'kansas state university'), (1986, 'kansas state university'), (1987, 'kansas state university'), (1988, 'kansas state university'), (1989, 'kansas state university'), (1991, 'kansas state university'), (1992, 'brookhaven national laboratory'), (1992, 'kansas state university'), (1993, 'brookhaven national laboratory'), (1993, 'kansas state university'), (1995, 'kansas state university'), (1996, 'kansas state university'), (1997, 'kansas state university'), (1998, 'kansas state university'), (1999, 'kansas state university'), (2000, 'kansas state university'), (2001, 'kansas state university'), (2002, 'kansas state university'), (2003, 'kansas state university'), (2004, 'kansas state university'), (2005, 'kansas state university'), (2006, 'kansas state university'), (2006, 'university of central florida'), (2007, 'kansas state university'), (2007, 'university of central florida'), (2008, 'kansas state university'), (2008, 'university of california riverside'), (2008, 'university of central florida'), (2009, 'university of california los angeles'), (2009, 'university of central florida'), (2010, 'brookhaven college'), (2010, 'university of central florida'), (2011, 'university of central florida'), (2011, 'university of minnesota'), (2012, 'university of central florida'), (2012, 'university of minnesota'), (2013, 'university of central florida'), (2013, 'university of minnesota'), (2014, 'university of central florida'), (2015, 'university of central florida'), (2016, 'university of central florida'), (2017, 'university of central florida'), (2018, 'university of california berkeley'), (2018, 'university of central florida'), (2019, 'university of central florida'), (2020, 'university of central florida'), (2021, 'university of central florida'))

12/10 positive, 19/10 negative
Do these records refer to the same thing?
(y)es / (n)o / (u)nsure / (f)inished / (p)revious
firstname : edward
lastname : remler
middlename : a
year_range : (1985,)
main_us_institutions_year : ((1985, 'college of william and mary'),)
all_us_institutions_year : ((1985, 'college of william and mary'),)

firstname : e
lastname : remler
middlename : a
year_range : (1971, 1990)
main_us_institutions_year : ((1971, 'college of william mary'), (1974, 'college of william mary'), (1975, 'college of william mary'), (1979, 'college of william mary'), (1987, 'college of william mary'), (1990, 'college of william mary'))
all_us_institutions_year : ((1971, 'college of william mary'), (1974, 'college of william mary'), (1975, 'college of william mary'), (1979, 'college of william mary'), (1987, 'college of william mary'), (1990, 'college of william mary'))

13/10 positive, 19/10 negative
Do these records refer to the same thing?
(y)es / (n)o / (u)nsure / (f)inished / (p)revious
firstname : sudarshan
lastname : loyalka
middlename : k
year_range : (1990,)
main_us_institutions_year : ((1990, 'university of missouri columbia'),)
all_us_institutions_year : ((1990, 'university of missouri columbia'),)

firstname : s
lastname : loyalka
middlename : k
year_range : (1989, 1990)
main_us_institutions_year : ((1989, 'university of missouri'), (1990, 'university of missouri'))
all_us_institutions_year : ((1989, 'university of missouri'), (1990, 'university of missouri'))

14/10 positive, 19/10 negative
Do these records refer to the same thing?
(y)es / (n)o / (u)nsure / (f)inished / (p)revious
firstname : mark
lastname : lundstrom
middlename : s
year_range : (2000,)
main_us_institutions_year : ((2000, 'purdue research foundation'),)
all_us_institutions_year : ((2000, 'purdue research foundation'),)

firstname : m
lastname : lundstrom
middlename : s
year_range : (1986, 1987)
main_us_institutions_year : ((1986, 'purdue university'), (1987, 'purdue university'))
all_us_institutions_year : ((1986, 'purdue university'), (1987, 'purdue university'))

15/10 positive, 19/10 negative
Do these records refer to the same thing?
(y)es / (n)o / (u)nsure / (f)inished / (p)revious
firstname : david
lastname : christini
middlename : j
year_range : (2005,)
main_us_institutions_year : ((2005, 'joan and sanford i weill medical college of cornell university'),)
all_us_institutions_year : ((2005, 'joan and sanford i weill medical college of cornell university'),)

firstname : david
lastname : christini
middlename : j
year_range : (1993, 2020)
main_us_institutions_year : ((1993, 'beth israel deaconess medical center'), (1993, 'boston university'), (1995, 'boston university'), (1996, 'boston university'), (1997, 'boston university'), (1999, 'cornell university'), (2000, 'cornell university'), (2001, 'cornell university'), (2002, 'cornell university'), (2003, 'cornell university'), (2004, 'cornell university'), (2005, 'cornell university'), (2006, 'cornell university'), (2007, 'cornell university'), (2008, 'cornell university'), (2009, 'cornell university'), (2010, 'cornell university'), (2011, 'cornell university'), (2012, 'cornell university'), (2013, 'cornell university'), (2014, 'cornell university'), (2015, 'cornell university'), (2016, 'cornell university'), (2017, 'cornell university'), (2018, 'cornell university'), (2020, 'cornell university'))
all_us_institutions_year : ((1993, 'beth israel deaconess medical center'), (1993, 'boston university'), (1995, 'beth israel deaconess medical center'), (1995, 'boston university'), (1996, 'boston university'), (1996, 'massachusetts institute of technology'), (1997, 'boston university'), (1999, 'cornell university'), (2000, 'cornell university'), (2001, 'cornell university'), (2002, 'cornell university'), (2003, 'cornell university'), (2003, 'newyork presbyterian hospital'), (2004, 'cornell university'), (2005, 'cornell university'), (2006, 'cornell university'), (2006, 'emory university'), (2007, 'cornell university'), (2008, 'cornell university'), (2009, 'cornell university'), (2010, 'cornell university'), (2010, 'georgia institute of technology'), (2011, 'cornell university'), (2012, 'cornell university'), (2013, 'cornell university'), (2014, 'cornell university'), (2015, 'cornell university'), (2016, 'cornell university'), (2017, 'cornell university'), (2018, 'cornell university'), (2020, 'cornell university'))

15/10 positive, 20/10 negative
Do these records refer to the same thing?
(y)es / (n)o / (u)nsure / (f)inished / (p)revious
firstname : yiming
lastname : yang
middlename : None
year_range : (1998,)
main_us_institutions_year : ((1998, 'carnegie mellon university'),)
all_us_institutions_year : ((1998, 'carnegie mellon university'),)

firstname : yiming
lastname : yang
middlename : None
year_range : (2012, 2018)
main_us_institutions_year : ((2012, 'university of california davis'), (2014, 'university of california davis'), (2015, 'university of california davis'), (2016, 'university of california davis'), (2017, 'university of california davis'))
all_us_institutions_year : ((2012, 'university of california davis'), (2014, 'university of california berkeley'), (2014, 'university of california davis'), (2015, 'university of california davis'), (2016, 'university of california'), (2016, 'university of california berkeley'), (2016, 'university of california davis'), (2017, 'lawrence berkeley national laboratory'), (2017, 'university of california berkeley'), (2017, 'university of california davis'), (2018, 'university of california'))

16/10 positive, 20/10 negative
Do these records refer to the same thing?
(y)es / (n)o / (u)nsure / (f)inished / (p)revious
firstname : alexander
lastname : popovici
middlename : m
year_range : (2003,)
main_us_institutions_year : ((2003, '3dgeo development inc'),)
all_us_institutions_year : ((2003, '3dgeo development inc'),)

firstname : alexander
lastname : popovici
middlename : m
year_range : (1990, 2020)
main_us_institutions_year : ((1990, 'stanford university'), (1994, 'stanford university'), (1996, 'stanford university'), (2002, 'fairchild semiconductor international inc'))
all_us_institutions_year : ((1990, 'stanford university'), (1991, 'stanford university'), (1992, 'stanford university'), (1994, 'stanford university'), (1996, 'stanford university'), (2002, 'fairchild semiconductor international inc'))

16/10 positive, 21/10 negative
Do these records refer to the same thing?
(y)es / (n)o / (u)nsure / (f)inished / (p)revious
firstname : emil
lastname : pfender
middlename : None
year_range : (1983,)
main_us_institutions_year : ((1983, 'university of minnesota twin cities'),)
all_us_institutions_year : ((1983, 'university of minnesota twin cities'),)

firstname : e
lastname : pfender
middlename : None
year_range : (1967, 2007)
main_us_institutions_year : ((1967, 'university of minnesota'), (2007, 'university of minnesota'))
all_us_institutions_year : ((1967, 'university of minnesota'), (2007, 'university of minnesota'))

16/10 positive, 22/10 negative
Do these records refer to the same thing?
(y)es / (n)o / (u)nsure / (f)inished / (p)revious
firstname : jorge
lastname : gonzalez
middlename : e
year_range : (2020,)
main_us_institutions_year : ((2020, 'cuny city college'),)
all_us_institutions_year : ((2020, 'cuny city college'),)

firstname : jorge
lastname : gonzalez
middlename : e
year_range : (1992, 2021)
main_us_institutions_year : ((2004, 'santa clara university'), (2005, 'santa clara university'), (2006, 'santa clara university'), (2007, 'santa clara university'), (2008, 'santa clara university'), (2009, 'santa clara university'), (2009, 'city college of new york'), (2010, 'city college of new york'), (2011, 'city college of new york'), (2012, 'city college of new york'), (2013, 'city college of new york'), (2014, 'city college of new york'), (2015, 'city college of new york'), (2016, 'city college of new york'), (2017, 'city college of new york'), (2018, 'city college of new york'), (2019, 'city college of new york'), (2020, 'city college of new york'), (2021, 'city college of new york'))
all_us_institutions_year : ((2004, 'santa clara university'), (2005, 'santa clara university'), (2006, 'santa clara university'), (2007, 'santa clara university'), (2008, 'santa clara university'), (2009, 'city college of new york'), (2009, 'city university of new york'), (2009, 'santa clara university'), (2010, 'city college of new york'), (2010, 'national oceanic and atmospheric administration'), (2010, 'santa clara university'), (2011, 'city college of new york'), (2012, 'city college of new york'), (2013, 'city college of new york'), (2014, 'city college of new york'), (2014, 'city university of new york'), (2015, 'city college of new york'), (2015, 'city university of new york'), (2016, 'city college of new york'), (2016, 'city university of new york'), (2017, 'city college of new york'), (2017, 'city university of new york'), (2017, 'national oceanic and atmospheric administration'), (2018, 'city college of new york'), (2019, 'city college of new york'), (2019, 'city university of new york'), (2020, 'city college of new york'), (2021, 'city college of new york'))

16/10 positive, 23/10 negative
Do these records refer to the same thing?
(y)es / (n)o / (u)nsure / (f)inished / (p)revious
firstname : alexei
lastname : sokolov
middlename : None
year_range : (2011,)
main_us_institutions_year : ((2011, 'university of tennessee knoxville'),)
all_us_institutions_year : ((2011, 'university of tennessee knoxville'),)

firstname : alexei
lastname : sokolov
middlename : v
year_range : (1997, 2021)
main_us_institutions_year : ((1998, 'stanford university'), (1999, 'stanford university'), (2000, 'stanford university'), (2001, 'stanford university'), (2002, 'texas a m university'), (2002, 'stanford university'), (2003, 'texas a m university'), (2005, 'texas a m university'), (2006, 'texas a m university'), (2007, 'texas a m university'), (2008, 'texas a m university'), (2009, 'texas a m university'), (2010, 'texas a m university'), (2011, 'texas a m university'), (2012, 'texas a m university'), (2013, 'texas a m university'), (2014, 'texas a m university'), (2015, 'texas a m university'), (2016, 'texas a m university'), (2017, 'texas a m university'), (2018, 'texas a m university'), (2019, 'texas a m university'), (2020, 'texas a m university'), (2021, 'texas a m university'))
all_us_institutions_year : ((1998, 'stanford university'), (1999, 'stanford university'), (2000, 'stanford university'), (2001, 'stanford university'), (2002, 'stanford university'), (2002, 'texas a m university'), (2003, 'texas a m university'), (2004, 'texas a m university'), (2005, 'texas a m university'), (2006, 'texas a m university'), (2007, 'texas a m university'), (2008, 'texas a m university'), (2009, 'texas a m university'), (2010, 'texas a m university'), (2011, 'texas a m university'), (2012, 'texas a m university'), (2013, 'texas a m university'), (2014, 'baylor university'), (2014, 'oak ridge national laboratory'), (2014, 'texas a m university'), (2015, 'baylor university'), (2015, 'oak ridge national laboratory'), (2015, 'texas a m university'), (2015, 'university of tennessee'), (2016, 'baylor university'), (2016, 'texas a m university'), (2017, 'baylor university'), (2017, 'texas a m university'), (2018, 'baylor university'), (2018, 'texas a m university'), (2019, 'baylor university'), (2019, 'texas a m university'), (2020, 'baylor university'), (2020, 'texas a m university'), (2021, 'baylor university'), (2021, 'texas a m university'))

17/10 positive, 23/10 negative
Do these records refer to the same thing?
(y)es / (n)o / (u)nsure / (f)inished / (p)revious
firstname : peter
lastname : meszaros
middlename : i
year_range : (1990,)
main_us_institutions_year : ((1990, 'pennsylvania state univ university park'),)
all_us_institutions_year : ((1990, 'pennsylvania state univ university park'),)

firstname : p
lastname : meszaros
middlename : None
year_range : (1972, 2021)
main_us_institutions_year : ((1972, 'university of california berkeley'), (1984, 'harvard university'), (1985, 'pennsylvania state university'), (1989, 'pennsylvania state university'), (1991, 'pennsylvania state university'), (1992, 'pennsylvania state university'), (1993, 'pennsylvania state university'), (1994, 'pennsylvania state university'), (1995, 'pennsylvania state university'), (1996, 'pennsylvania state university'), (1997, 'pennsylvania state university'), (1998, 'pennsylvania state university'), (1999, 'pennsylvania state university'), (2000, 'pennsylvania state university'), (2001, 'pennsylvania state university'), (2002, 'pennsylvania state university'), (2003, 'pennsylvania state university'), (2004, 'pennsylvania state university'), (2005, 'pennsylvania state university'), (2006, 'pennsylvania state university'), (2007, 'pennsylvania state university'), (2008, 'pennsylvania state university'), (2009, 'pennsylvania state university'), (2010, 'pennsylvania state university'), (2011, 'pennsylvania state university'), (2012, 'pennsylvania state university'), (2013, 'pennsylvania state university'), (2014, 'pennsylvania state university'), (2015, 'pennsylvania state university'), (2016, 'pennsylvania state university'), (2017, 'pennsylvania state university'), (2018, 'pennsylvania state university'), (2019, 'pennsylvania state university'), (2020, 'pennsylvania state university'), (2021, 'pennsylvania state university'))
all_us_institutions_year : ((1972, 'university of california berkeley'), (1984, 'harvard university'), (1985, 'pennsylvania state university'), (1989, 'pennsylvania state university'), (1991, 'pennsylvania state university'), (1992, 'pennsylvania state university'), (1993, 'pennsylvania state university'), (1994, 'pennsylvania state university'), (1995, 'pennsylvania state university'), (1996, 'pennsylvania state university'), (1996, 'university of california santa barbara'), (1997, 'pennsylvania state university'), (1998, 'pennsylvania state university'), (1999, 'pennsylvania state university'), (1999, 'university of california santa barbara'), (2000, 'california institute of technology'), (2000, 'pennsylvania state university'), (2000, 'princeton university'), (2000, 'university of california santa barbara'), (2001, 'pennsylvania state university'), (2001, 'university of california santa barbara'), (2002, 'pennsylvania state university'), (2003, 'institute for advanced study'), (2003, 'pennsylvania state university'), (2004, 'institute for advanced study'), (2004, 'pennsylvania state university'), (2004, 'princeton university'), (2005, 'institute for advanced study'), (2005, 'pennsylvania state university'), (2005, 'princeton university'), (2006, 'institute for advanced study'), (2006, 'pennsylvania state university'), (2006, 'university of wisconsin river falls'), (2007, 'pennsylvania state university'), (2008, 'pennsylvania state university'), (2009, 'pennsylvania state university'), (2010, 'pennsylvania state university'), (2011, 'pennsylvania state university'), (2012, 'pennsylvania state university'), (2013, 'pennsylvania state university'), (2014, 'pennsylvania state university'), (2015, 'pennsylvania state university'), (2016, 'pennsylvania state university'), (2017, 'pennsylvania state university'), (2018, 'pennsylvania state university'), (2019, 'pennsylvania state university'), (2020, 'pennsylvania state university'), (2021, 'pennsylvania state university'))

17/10 positive, 24/10 negative
Do these records refer to the same thing?
(y)es / (n)o / (u)nsure / (f)inished / (p)revious
firstname : john
lastname : hallett
middlename : None
year_range : (1985,)
main_us_institutions_year : ((1985, 'nevada system of higher education desert research institute'),)
all_us_institutions_year : ((1985, 'nevada system of higher education desert research institute'),)

firstname : john
lastname : hallett
middlename : None
year_range : (1956, 2015)
main_us_institutions_year : ((1964, 'university of california los angeles'), (1965, 'university of california los angeles'), (1969, 'university of nevada reno'), (1971, 'desert research institute'), (1974, 'desert research institute'), (1976, 'desert research institute'), (1977, 'desert research institute'), (1978, 'desert research institute'), (1979, 'desert research institute'), (1980, 'desert research institute'), (1982, 'desert research institute'), (1984, 'desert research institute'), (1985, 'desert research institute'), (1986, 'desert research institute'), (1987, 'desert research institute'), (1988, 'desert research institute'), (1989, 'desert research institute'), (1990, 'desert research institute'), (1991, 'university of nevada reno'), (1992, 'desert research institute'), (1993, 'desert research institute'), (1994, 'desert research institute'), (1995, 'desert research institute'), (1996, 'desert research institute'), (1997, 'desert research institute'), (1998, 'desert research institute'), (1999, 'desert research institute'), (2000, 'desert research institute'), (2002, 'desert research institute'), (2003, 'desert research institute'), (2004, 'desert research institute'), (2005, 'desert research institute'), (2006, 'desert research institute'), (2007, 'desert research institute'), (2008, 'desert research institute'), (2009, 'desert research institute'), (2010, 'desert research institute'), (2011, 'desert research institute'), (2012, 'desert research institute'), (2015, 'desert research institute'))
all_us_institutions_year : ((1963, 'university of california los angeles'), (1964, 'university of california los angeles'), (1965, 'university of california los angeles'), (1969, 'university of nevada reno'), (1971, 'desert research institute'), (1974, 'desert research institute'), (1976, 'desert research institute'), (1977, 'desert research institute'), (1978, 'desert research institute'), (1979, 'desert research institute'), (1980, 'desert research institute'), (1982, 'desert research institute'), (1983, 'desert research institute'), (1984, 'desert research institute'), (1985, 'desert research institute'), (1986, 'desert research institute'), (1987, 'desert research institute'), (1988, 'desert research institute'), (1989, 'desert research institute'), (1990, 'desert research institute'), (1991, 'university of nevada reno'), (1992, 'desert research institute'), (1993, 'desert research institute'), (1994, 'desert research institute'), (1995, 'desert research institute'), (1996, 'desert research institute'), (1997, 'desert research institute'), (1997, 'university corporation for atmospheric research'), (1998, 'desert research institute'), (1998, 'university of north dakota'), (1999, 'desert research institute'), (2000, 'desert research institute'), (2000, 'university corporation for atmospheric research'), (2002, 'desert research institute'), (2002, 'university of california los angeles'), (2003, 'desert research institute'), (2004, 'desert research institute'), (2005, 'desert research institute'), (2005, 'university corporation for atmospheric research'), (2006, 'desert research institute'), (2007, 'desert research institute'), (2008, 'desert research institute'), (2009, 'desert research institute'), (2010, 'desert research institute'), (2011, 'desert research institute'), (2012, 'desert research institute'), (2015, 'desert research institute'))

18/10 positive, 24/10 negative
Do these records refer to the same thing?
(y)es / (n)o / (u)nsure / (f)inished / (p)revious
firstname : vincent
lastname : corcoran
middlename : j
year_range : (1982,)
main_us_institutions_year : ((1982, 'society for optical quantum electronics'),)
all_us_institutions_year : ((1982, 'society for optical quantum electronics'),)

firstname : vincent
lastname : corcoran
middlename : j
year_range : (1976, 1977)
main_us_institutions_year : ((1976, 'institute for defense analyses'), (1977, 'institute for defense analyses'))
all_us_institutions_year : ((1974, 'institute for defense analyses'), (1976, 'institute for defense analyses'), (1977, 'institute for defense analyses'), (1979, 'institute for defense analyses'))

19/10 positive, 24/10 negative
Do these records refer to the same thing?
(y)es / (n)o / (u)nsure / (f)inished / (p)revious
firstname : allan
lastname : weatherwax
middlename : t
year_range : (2016,)
main_us_institutions_year : ((2016, 'merrimack college'),)
all_us_institutions_year : ((2016, 'merrimack college'),)

firstname : a
lastname : weatherwax
middlename : t
year_range : (1993, 2017)
main_us_institutions_year : ((1993, 'dartmouth college'), (1994, 'dartmouth college'), (1997, 'university of maryland college park'), (1998, 'university of maryland college park'), (1999, 'university of maryland college park'), (2000, 'university of maryland college park'), (2001, 'university of maryland college park'), (2002, 'university of maryland college park'), (2005, 'siena college'), (2006, 'siena college'), (2007, 'siena college'), (2008, 'siena college'), (2009, 'siena college'), (2010, 'siena college'), (2011, 'siena college'), (2012, 'siena college'), (2013, 'siena college'), (2014, 'siena college'), (2015, 'siena college'), (2017, 'siena college'))
all_us_institutions_year : ((1993, 'dartmouth college'), (1994, 'dartmouth college'), (1997, 'university of maryland college park'), (1998, 'university of maryland college park'), (1999, 'university of maryland college park'), (2000, 'university of maryland college park'), (2001, 'university of maryland college park'), (2002, 'siena college'), (2002, 'university of maryland college park'), (2005, 'siena college'), (2006, 'siena college'), (2007, 'siena college'), (2008, 'siena college'), (2009, 'siena college'), (2010, 'siena college'), (2011, 'siena college'), (2012, 'siena college'), (2013, 'siena college'), (2014, 'siena college'), (2015, 'siena college'), (2017, 'siena college'))

19/10 positive, 25/10 negative
Do these records refer to the same thing?
(y)es / (n)o / (u)nsure / (f)inished / (p)revious
firstname : donald
lastname : webster
middlename : r
year_range : (2017,)
main_us_institutions_year : ((2017, 'georgia tech research corporation'),)
all_us_institutions_year : ((2017, 'georgia tech research corporation'),)

firstname : d
lastname : webster
middlename : r
year_range : (1993, 2020)
main_us_institutions_year : ((1993, 'university of california berkeley'), (1996, 'stanford university'), (1998, 'georgia institute of technology'), (2000, 'georgia institute of technology'), (2001, 'georgia institute of technology'), (2002, 'georgia institute of technology'), (2003, 'georgia institute of technology'), (2004, 'georgia institute of technology'), (2005, 'georgia institute of technology'), (2007, 'georgia institute of technology'), (2008, 'georgia institute of technology'), (2009, 'georgia institute of technology'), (2011, 'georgia institute of technology'), (2012, 'georgia institute of technology'), (2013, 'georgia institute of technology'), (2015, 'georgia institute of technology'), (2016, 'georgia institute of technology'), (2018, 'georgia institute of technology'), (2019, 'georgia institute of technology'), (2020, 'georgia institute of technology'))
all_us_institutions_year : ((1993, 'university of california berkeley'), (1996, 'stanford university'), (1997, 'university of minnesota'), (1998, 'georgia institute of technology'), (1998, 'university of minnesota'), (1999, 'georgia institute of technology'), (2000, 'georgia institute of technology'), (2001, 'georgia institute of technology'), (2002, 'georgia institute of technology'), (2003, 'georgia institute of technology'), (2004, 'georgia institute of technology'), (2005, 'georgia institute of technology'), (2006, 'georgia institute of technology'), (2007, 'georgia institute of technology'), (2008, 'georgia institute of technology'), (2009, 'georgia institute of technology'), (2011, 'georgia institute of technology'), (2012, 'georgia institute of technology'), (2013, 'georgia institute of technology'), (2015, 'georgia institute of technology'), (2016, 'georgia institute of technology'), (2018, 'georgia institute of technology'), (2019, 'georgia institute of technology'), (2020, 'georgia institute of technology'))

19/10 positive, 26/10 negative
Do these records refer to the same thing?
(y)es / (n)o / (u)nsure / (f)inished / (p)revious
firstname : anne
lastname : hofmeister
middlename : m
year_range : (2015,)
main_us_institutions_year : ((2015, 'washington university'),)
all_us_institutions_year : ((2015, 'washington university'),)

firstname : a
lastname : hofmeister
middlename : m
year_range : (1995, 1997)
main_us_institutions_year : ((1995, 'washington university in st louis'), (1997, 'washington university in st louis'))
all_us_institutions_year : ((1995, 'washington university in st louis'), (1997, 'washington university in st louis'))

20/10 positive, 26/10 negative
Do these records refer to the same thing?
(y)es / (n)o / (u)nsure / (f)inished / (p)revious
Finished labeling
Done in 1504.2596564690273 minutes.
