/home/christoph/anaconda3/envs/science-career-tempenv/lib/python3.9/site-packages/numpy/core/getlimits.py:500: UserWarning: The value of the smallest subnormal for <class 'numpy.float64'> type is zero.
  setattr(self, word, getattr(machar, word).flat[0])
/home/christoph/anaconda3/envs/science-career-tempenv/lib/python3.9/site-packages/numpy/core/getlimits.py:89: UserWarning: The value of the smallest subnormal for <class 'numpy.float64'> type is zero.
  return self._float_to_str(self.smallest_subnormal)
/home/christoph/anaconda3/envs/science-career-tempenv/lib/python3.9/site-packages/numpy/core/getlimits.py:500: UserWarning: The value of the smallest subnormal for <class 'numpy.float32'> type is zero.
  setattr(self, word, getattr(machar, word).flat[0])
/home/christoph/anaconda3/envs/science-career-tempenv/lib/python3.9/site-packages/numpy/core/getlimits.py:89: UserWarning: The value of the smallest subnormal for <class 'numpy.float32'> type is zero.
  return self._float_to_str(self.smallest_subnormal)
Namespace(testing=False, verbose=1, field=['economics'], train_name='christoph_degree0', startyear=1985, endyear=2022, mergemode='1:1', recall=0.9, institution='True', fieldofstudy_cat='False', fieldofstudy_str='False', keywords='False', retrain='True', linking_type='advisors', samplesize=100000)
Have max 6 cores available
Testing is False 

finished setup ... 
Time elapsed: 0.0005559603373209636 minutes 


        SELECT relationship_id
                , year
                , year AS year_range
                , firstname 
                , lastname
                , CASE TRIM(SUBSTR(middle_lastname, 1, l_fullname-l_firstname-l_lastname - 1)) 
                    WHEN 
                        "" THEN NULL 
                        ELSE TRIM(SUBSTR(middle_lastname, 1, l_fullname-l_firstname-l_lastname - 1)) 
                    END AS middlename
                , fieldofstudy
                , keywords
                , institution
                , year || "//" || institution as main_us_institutions_year
                , year || "//" || institution as all_us_institutions_year
        FROM (
            SELECT goid
                , relationship_id
                , degree_year AS year 
                , a.fullname 
                , SUBSTR(TRIM(a.fullname),1,instr(trim(a.fullname)||' ',' ')-1) AS firstname
                , REPLACE(a.fullname, RTRIM(a.fullname, REPLACE(a.fullname, " ", "")), "") AS lastname 
                , TRIM(SUBSTR(a.fullname, length(SUBSTR(TRIM(a.fullname),1,instr(trim(a.fullname)||' ',' ')-1)) + 1)) AS middle_lastname 
                , length(a.fullname) AS l_fullname 
                , length(SUBSTR(TRIM(a.fullname),1,instr(trim(a.fullname)||' ',' ')-1) ) AS l_firstname
                , length(REPLACE(a.fullname, RTRIM(a.fullname, REPLACE(a.fullname, " ", "")), "")) AS l_lastname
                , fieldname AS fieldofstudy
                , university_id
            FROM pq_authors 
            INNER JOIN (
                SELECT goid, fieldname 
                FROM pq_fields_mag
                WHERE mag_field0 IN (?)
            ) USING (goid)
            INNER JOIN ( --# NOTE: this only keeps the theses where at least one advisor is present
                SELECT *, firstname || ' ' || lastname AS fullname
                FROM pq_advisors
            ) AS a USING(goid)
        )
        -- ## NOTE: use left join here as not all graduates have advisor (particularly pre-1980) and possibly also keywords
        LEFT JOIN (
            SELECT goid
                , fields as keywords
            FROM pq_info_linking
        ) USING(goid) 
        INNER JOIN (
            SELECT university_id, normalizedname as institution
            FROM pq_unis --## mark: previously we linked advisors anywhere in the world (as career outcomes). for now, focus on US
            WHERE location like "%United States%"
        ) USING(university_id)
        WHERE year >= 1985 and year <= 2022 AND length(firstname) > 1
         


    SELECT f.AuthorId
        , f.year
        , f.YearLastPub
        , f.firstname
        , f.lastname
        , CASE TRIM(SUBSTR(f.middle_lastname, 1, f.l_fullname - f.l_firstname - f.l_lastname - 1)) 
            WHEN 
                "" THEN NULL 
                ELSE TRIM(SUBSTR(f.middle_lastname, 1, f.l_fullname - f.l_firstname - f.l_lastname - 1)) 
            END as middlename 
            -- ## NOTE this gives "" for middlename when it is missing 
        , f.fieldofstudy
        , g.keywords
        , g.coauthors
        , g.institution
        , g.main_us_institutions_year
         
        , f.year || ";" || f.YearLastPub AS year_range 
        , g.all_us_institutions_year
    
    FROM (
        SELECT a.AuthorId
            , a.YearFirstPub AS year
            , a.YearLastPub 
            , a.FirstName AS firstname
            , REPLACE(b.NormalizedName, RTRIM(b.NormalizedName, REPLACE(b.NormalizedName, " ", "")), "") AS lastname 
                    -- https://stackoverflow.com/questions/21388820/how-to-get-the-last-index-of-a-substring-in-sqlite
            , TRIM(SUBSTR(b.NormalizedName, length(a.FirstName) + 1)) AS middle_lastname 
                    -- this gives all except the first name 
            , length(b.NormalizedName) as l_fullname 
            , length(a.FirstName) as l_firstname
            , length(REPLACE(b.NormalizedName, RTRIM(b.NormalizedName, REPLACE(b.NormalizedName, " ", "")), "")) as l_lastname
            , e.NormalizedName AS fieldofstudy
        FROM author_sample AS a
        INNER JOIN (
            SELECT AuthorId, NormalizedName
            FROM Authors
        ) AS b USING(AuthorId)
        INNER JOIN (
            SELECT AuthorId
            FROM author_field0
            WHERE FieldOfStudyId_lvl0 IN (?)
                AND Degree <= 0
        ) USING(AuthorId)
        LEFT JOIN (
            SELECT AuthorId, NormalizedName
            FROM author_fields c
            INNER JOIN (
                SELECT FieldOfStudyId, NormalizedName
                FROM FieldsOfStudy
            ) AS d USING(FieldOfStudyId)
            -- ## Condition on fieldofstudy being in the level 0 id_field
            INNER JOIN (
                SELECT ParentFieldOfStudyId, ChildFieldOfStudyId
                FROM crosswalk_fields
                WHERE ParentLevel = 0
                    AND ParentFieldOfStudyId IN (?)
            ) AS e ON (e.ChildFieldOfStudyId = c.FieldOfStudyId)
            WHERE FieldClass = 'first'
        ) AS e USING(AuthorId)
    ) f
    LEFT JOIN (
        SELECT AuthorId
                , main_us_institutions_career as institution
                , coauthors
                , keywords
                , main_us_institutions_year
                , all_us_institutions_year
        FROM author_info_linking
    ) AS g USING(AuthorId)
    
    WHERE length(firstname) > 1 AND f.YearLastPub >= 1985 - 5 AND year <= 2022 + 5 AND institution is not NULL
     

Time elapsed: 53.21530393759409 minutes 

Starting active labeling...
firstname : john
lastname : nye
middlename : v c
year_range : (2013,)
main_us_institutions_year : ((2013, 'george mason university'),)
all_us_institutions_year : ((2013, 'george mason university'),)

firstname : john
lastname : nye
middlename : f
year_range : (1947, 2020)
main_us_institutions_year : ((1953, 'bell labs'), (1960, 'california institute of technology'), (1988, 'washington university in st louis'), (1989, 'washington university in st louis'), (1990, 'university of washington'), (1991, 'washington university in st louis'), (1992, 'washington university in st louis'), (1993, 'washington university in st louis'), (1994, 'university of washington'), (1996, 'university of washington'), (1999, 'washington university in st louis'), (2004, 'washington university in st louis'), (2005, 'university of washington'), (2007, 'washington university in st louis'), (2008, 'george mason university'), (2009, 'george mason university'), (2011, 'george mason university'), (2012, 'george mason university'), (2014, 'george mason university'), (2017, 'george mason university'), (2019, 'george mason university'), (2020, 'george mason university'))
all_us_institutions_year : ((1953, 'bell labs'), (1960, 'california institute of technology'), (1987, 'washington university in st louis'), (1988, 'washington university in st louis'), (1989, 'washington university in st louis'), (1990, 'university of washington'), (1990, 'washington university in st louis'), (1991, 'university of washington'), (1991, 'washington university in st louis'), (1992, 'washington university in st louis'), (1993, 'washington university in st louis'), (1994, 'university of washington'), (1996, 'university of washington'), (1997, 'washington university in st louis'), (1998, 'george mason university'), (1998, 'university of washington'), (1998, 'washington university in st louis'), (1999, 'washington university in st louis'), (2004, 'george mason university'), (2004, 'washington university in st louis'), (2005, 'university of washington'), (2006, 'george mason university'), (2007, 'washington university in st louis'), (2008, 'george mason university'), (2009, 'george mason university'), (2010, 'george mason university'), (2011, 'george mason university'), (2012, 'george mason university'), (2013, 'george mason university'), (2014, 'george mason university'), (2015, 'george mason university'), (2015, 'washington university in st louis'), (2016, 'george mason university'), (2017, 'george mason university'), (2018, 'george mason university'), (2019, 'george mason university'), (2020, 'george mason university'), (2020, 'washington university in st louis'))

0/10 positive, 0/10 negative
Do these records refer to the same thing?
(y)es / (n)o / (u)nsure / (f)inished
firstname : rodney
lastname : smith
middlename : bw
year_range : (2014,)
main_us_institutions_year : ((2014, 'university of minnesota'),)
all_us_institutions_year : ((2014, 'university of minnesota'),)

firstname : rodney
lastname : smith
middlename : b w
year_range : (1995, 2021)
main_us_institutions_year : ((1995, 'university of minnesota'), (2000, 'university of minnesota'), (2002, 'university of minnesota'), (2004, 'university of minnesota'), (2008, 'university of minnesota'), (2015, 'university of minnesota'))
all_us_institutions_year : ((1995, 'university of minnesota'), (1998, 'university of minnesota'), (2000, 'university of minnesota'), (2002, 'university of minnesota'), (2003, 'university of minnesota'), (2004, 'university of minnesota'), (2008, 'university of minnesota'), (2010, 'university of minnesota'), (2014, 'university of minnesota'), (2015, 'university of minnesota'))

1/10 positive, 0/10 negative
Do these records refer to the same thing?
(y)es / (n)o / (u)nsure / (f)inished / (p)revious
firstname : robert
lastname : ross
middlename : b
year_range : (2014,)
main_us_institutions_year : ((2014, 'michigan state university'),)
all_us_institutions_year : ((2014, 'michigan state university'),)

firstname : robert
lastname : ross
middlename : h
year_range : (1982, 2011)
main_us_institutions_year : ((1982, 'wichita state university'), (1983, 'wichita state university'), (1985, 'wichita state university'), (2008, 'wichita state university'), (2009, 'wichita state university'), (2010, 'wichita state university'), (2011, 'wichita state university'))
all_us_institutions_year : ((1982, 'wichita state university'), (1983, 'wichita state university'), (1985, 'wichita state university'), (2008, 'wichita state university'), (2009, 'wichita state university'), (2010, 'wichita state university'), (2011, 'wichita state university'), (2021, 'wichita state university'))

2/10 positive, 0/10 negative
Do these records refer to the same thing?
(y)es / (n)o / (u)nsure / (f)inished / (p)revious
firstname : john
lastname : anderson
middlename : e
year_range : (1997,)
main_us_institutions_year : ((1997, 'university of nebraska lincoln'),)
all_us_institutions_year : ((1997, 'university of nebraska lincoln'),)

firstname : john
lastname : anderson
middlename : a
year_range : (2004, 2014)
main_us_institutions_year : ((2014, 'university of new england'),)
all_us_institutions_year : ((2014, 'university of new england'), (2019, 'university of new england'))

2/10 positive, 1/10 negative
Do these records refer to the same thing?
(y)es / (n)o / (u)nsure / (f)inished / (p)revious
firstname : mark
lastname : gertler
middlename : None
year_range : (2016,)
main_us_institutions_year : ((2016, 'new york university'),)
all_us_institutions_year : ((2016, 'new york university'),)

firstname : mark
lastname : gertler
middlename : None
year_range : (1979, 2020)
main_us_institutions_year : ((1979, 'cornell university'), (1981, 'university of wisconsin madison'), (1982, 'university of wisconsin madison'), (1985, 'university of wisconsin madison'), (1990, 'university of wisconsin madison'), (1990, 'new york university'), (1991, 'new york university'), (1992, 'new york university'), (1993, 'new york university'), (1994, 'new york university'), (1995, 'new york university'), (1996, 'new york university'), (1996, 'national bureau of economic research'), (1998, 'new york university'), (1999, 'new york university'), (2000, 'new york university'), (2001, 'new york university'), (2002, 'new york university'), (2003, 'new york university'), (2004, 'new york university'), (2005, 'new york university'), (2007, 'new york university'), (2008, 'new york university'), (2010, 'new york university'), (2010, 'princeton university'), (2011, 'new york university'), (2012, 'new york university'), (2013, 'new york university'), (2015, 'new york university'), (2016, 'federal reserve board of governors'), (2016, 'new york university'), (2016, 'princeton university'), (2017, 'new york university'), (2018, 'new york university'), (2020, 'new york university'))
all_us_institutions_year : ((1979, 'cornell university'), (1981, 'university of wisconsin madison'), (1982, 'university of wisconsin madison'), (1985, 'national bureau of economic research'), (1985, 'new york university'), (1985, 'university of wisconsin madison'), (1986, 'national bureau of economic research'), (1986, 'new york university'), (1987, 'national bureau of economic research'), (1987, 'new york university'), (1987, 'university of wisconsin madison'), (1988, 'national bureau of economic research'), (1988, 'new york university'), (1989, 'national bureau of economic research'), (1989, 'new york university'), (1989, 'university of wisconsin madison'), (1990, 'national bureau of economic research'), (1990, 'new york university'), (1990, 'university of wisconsin madison'), (1991, 'national bureau of economic research'), (1991, 'new york university'), (1992, 'new york university'), (1993, 'national bureau of economic research'), (1993, 'new york university'), (1994, 'national bureau of economic research'), (1994, 'new york university'), (1995, 'national bureau of economic research'), (1995, 'new york university'), (1996, 'national bureau of economic research'), (1996, 'new york university'), (1997, 'national bureau of economic research'), (1997, 'new york university'), (1998, 'national bureau of economic research'), (1998, 'new york university'), (1999, 'national bureau of economic research'), (1999, 'new york university'), (2000, 'national bureau of economic research'), (2000, 'new york university'), (2001, 'national bureau of economic research'), (2001, 'new york university'), (2002, 'national bureau of economic research'), (2002, 'new york university'), (2003, 'national bureau of economic research'), (2003, 'new york university'), (2004, 'new york university'), (2005, 'national bureau of economic research'), (2005, 'new york university'), (2006, 'national bureau of economic research'), (2006, 'new york university'), (2007, 'national bureau of economic research'), (2007, 'new york university'), (2008, 'national bureau of economic research'), (2008, 'new york university'), (2010, 'new york university'), (2010, 'princeton university'), (2011, 'new york university'), (2012, 'new york university'), (2013, 'national bureau of economic research'), (2013, 'new york university'), (2014, 'national bureau of economic research'), (2014, 'new york university'), (2015, 'new york university'), (2016, 'federal reserve board of governors'), (2016, 'national bureau of economic research'), (2016, 'new york university'), (2016, 'princeton university'), (2017, 'new york university'), (2018, 'new york university'), (2020, 'new york university'))

2/10 positive, 2/10 negative
Do these records refer to the same thing?
(y)es / (n)o / (u)nsure / (f)inished / (p)revious
firstname : todd
lastname : sorensen
middlename : a
year_range : (2018,)
main_us_institutions_year : ((2018, 'university of nevada reno'),)
all_us_institutions_year : ((2018, 'university of nevada reno'),)

firstname : todd
lastname : sorensen
middlename : None
year_range : (2006, 2021)
main_us_institutions_year : ((2006, 'university of arizona'), (2013, 'university of california riverside'), (2014, 'university of california riverside'), (2015, 'university of california riverside'), (2017, 'university of nevada reno'), (2018, 'university of nevada reno'), (2019, 'university of nevada reno'))
all_us_institutions_year : ((2005, 'university of arizona'), (2006, 'university of arizona'), (2007, 'university of arizona'), (2008, 'university of arizona'), (2011, 'university of arizona'), (2011, 'university of california riverside'), (2013, 'university of arizona'), (2013, 'university of california riverside'), (2014, 'university of california riverside'), (2014, 'university of nevada reno'), (2015, 'university of california riverside'), (2016, 'university of arizona'), (2017, 'university of arizona'), (2017, 'university of nevada reno'), (2018, 'university of arizona'), (2018, 'university of nevada reno'), (2019, 'university of nevada reno'))

3/10 positive, 2/10 negative
Do these records refer to the same thing?
(y)es / (n)o / (u)nsure / (f)inished / (p)revious
firstname : eugene
lastname : silberburg
middlename : None
year_range : (1995,)
main_us_institutions_year : ((1995, 'university of washington'),)
all_us_institutions_year : ((1995, 'university of washington'),)

firstname : eugene
lastname : silberberg
middlename : None
year_range : (1971, 2006)
main_us_institutions_year : ((1971, 'university of washington'), (1972, 'university of washington'), (1974, 'university of washington'), (1981, 'university of washington'), (1999, 'university of washington'), (2006, 'university of washington'))
all_us_institutions_year : ((1971, 'university of washington'), (1972, 'university of washington'), (1974, 'university of washington'), (1981, 'university of washington'), (1999, 'university of washington'), (2000, 'university of washington'), (2001, 'university of washington'), (2006, 'university of washington'))

4/10 positive, 2/10 negative
Do these records refer to the same thing?
(y)es / (n)o / (u)nsure / (f)inished / (p)revious
firstname : robert
lastname : moffitt
middlename : None
year_range : (2000,)
main_us_institutions_year : ((2000, 'johns hopkins university'),)
all_us_institutions_year : ((2000, 'johns hopkins university'),)

firstname : robert
lastname : moffit
middlename : e
year_range : (1994, 2020)
main_us_institutions_year : ((1994, 'the heritage foundation'), (1995, 'the heritage foundation'), (2002, 'the heritage foundation'), (2004, 'the heritage foundation'), (2012, 'the heritage foundation'), (2015, 'the heritage foundation'), (2020, 'the heritage foundation'))
all_us_institutions_year : ((1994, 'the heritage foundation'), (1995, 'the heritage foundation'), (2002, 'the heritage foundation'), (2004, 'the heritage foundation'), (2012, 'the heritage foundation'), (2015, 'the heritage foundation'), (2020, 'the heritage foundation'))

5/10 positive, 2/10 negative
Do these records refer to the same thing?
(y)es / (n)o / (u)nsure / (f)inished / (p)revious
firstname : john
lastname : byrne
middlename : None
year_range : (1991,)
main_us_institutions_year : ((1991, 'university of delaware'),)
all_us_institutions_year : ((1991, 'university of delaware'),)

firstname : john
lastname : byrnes
middlename : None
year_range : (2006, 2015)
main_us_institutions_year : ((2009, 'spectrum health'), (2010, 'spectrum health'), (2012, 'spectrum health'))
all_us_institutions_year : ((2009, 'spectrum health'), (2010, 'spectrum health'), (2012, 'spectrum health'))

5/10 positive, 2/10 negative
Do these records refer to the same thing?
(y)es / (n)o / (u)nsure / (f)inished / (p)revious
firstname : nancy
lastname : rose
middlename : None
year_range : (2006,)
main_us_institutions_year : ((2006, 'massachusetts institute of technology'),)
all_us_institutions_year : ((2006, 'massachusetts institute of technology'),)

firstname : nancy
lastname : rosenberger
middlename : None
year_range : (1986, 2019)
main_us_institutions_year : ((1989, 'oregon state university'), (1991, 'oregon state university'), (1992, 'oregon state university'), (1994, 'oregon state university'), (1996, 'oregon state university'), (1999, 'oregon state university'), (2006, 'oregon state university'), (2007, 'oregon state university'), (2009, 'oregon state university'), (2010, 'oregon state university'), (2016, 'oregon state university'))
all_us_institutions_year : ((1989, 'oregon state university'), (1991, 'oregon state university'), (1992, 'oregon state university'), (1994, 'oregon state university'), (1996, 'oregon state university'), (1999, 'oregon state university'), (2006, 'oregon state university'), (2007, 'oregon state university'), (2009, 'oregon state university'), (2010, 'oregon state university'), (2016, 'oregon state university'), (2017, 'oregon state university'))

5/10 positive, 3/10 negative
Do these records refer to the same thing?
(y)es / (n)o / (u)nsure / (f)inished / (p)revious
firstname : andrew
lastname : hallet
middlename : hughes
year_range : (2012,)
main_us_institutions_year : ((2012, 'george mason university'),)
all_us_institutions_year : ((2012, 'george mason university'),)

firstname : andrew
lastname : hallett
middlename : hughes
year_range : (1983, 2020)
main_us_institutions_year : ((2002, 'vanderbilt university'), (2003, 'vanderbilt university'), (2004, 'vanderbilt university'), (2005, 'vanderbilt university'), (2006, 'vanderbilt university'), (2007, 'vanderbilt university'), (2008, 'george mason university'), (2012, 'george mason university'), (2014, 'george mason university'), (2016, 'george mason university'), (2020, 'george mason university'))
all_us_institutions_year : ((2002, 'vanderbilt university'), (2003, 'vanderbilt university'), (2004, 'center for economic and policy research'), (2004, 'vanderbilt university'), (2005, 'economic policy institute'), (2005, 'vanderbilt university'), (2006, 'center for economic and policy research'), (2006, 'economic policy institute'), (2006, 'vanderbilt university'), (2007, 'center for economic and policy research'), (2007, 'george mason university'), (2007, 'vanderbilt university'), (2008, 'center for economic and policy research'), (2008, 'george mason university'), (2009, 'center for economic and policy research'), (2009, 'george mason university'), (2010, 'george mason university'), (2011, 'george mason university'), (2012, 'center for economic and policy research'), (2012, 'george mason university'), (2013, 'george mason university'), (2013, 'harvard university'), (2014, 'george mason university'), (2015, 'george mason university'), (2015, 'harvard university'), (2016, 'george mason university'), (2016, 'texas a m university corpus christi'), (2019, 'george mason university'), (2020, 'george mason university'))

5/10 positive, 4/10 negative
Do these records refer to the same thing?
(y)es / (n)o / (u)nsure / (f)inished / (p)revious
firstname : andrew
lastname : hallet
middlename : hughes
year_range : (2012,)
main_us_institutions_year : ((2012, 'george mason university'),)
all_us_institutions_year : ((2012, 'george mason university'),)

firstname : andrew
lastname : hallett
middlename : hughes
year_range : (2004, 2007)
main_us_institutions_year : ((2004, 'vanderbilt university'), (2004, 'economic policy institute'), (2005, 'vanderbilt university'), (2007, 'george mason university'))
all_us_institutions_year : ((2002, 'george mason university'), (2002, 'vanderbilt university'), (2004, 'economic policy institute'), (2004, 'vanderbilt university'), (2005, 'vanderbilt university'), (2007, 'george mason university'))

6/10 positive, 4/10 negative
Do these records refer to the same thing?
(y)es / (n)o / (u)nsure / (f)inished / (p)revious
firstname : michael
lastname : mazzocco
middlename : a
year_range : (2005,)
main_us_institutions_year : ((2005, 'university of illinois at urbana champaign'),)
all_us_institutions_year : ((2005, 'university of illinois at urbana champaign'),)

firstname : michael
lastname : mazzacco
middlename : a
year_range : (1983, 1995)
main_us_institutions_year : ((1983, 'university of illinois at urbana champaign'), (1995, 'university of illinois at urbana champaign'))
all_us_institutions_year : ((1983, 'university of illinois at urbana champaign'), (1995, 'university of illinois at urbana champaign'))

6/10 positive, 5/10 negative
Do these records refer to the same thing?
(y)es / (n)o / (u)nsure / (f)inished / (p)revious
firstname : adam
lastname : brandenburger
middlename : None
year_range : (1996,)
main_us_institutions_year : ((1996, 'harvard university'),)
all_us_institutions_year : ((1996, 'harvard university'),)

firstname : adam
lastname : bear
middlename : None
year_range : (2015, 2020)
main_us_institutions_year : ((2015, 'yale university'), (2016, 'yale university'), (2017, 'yale university'), (2018, 'yale university'), (2019, 'yale university'), (2019, 'harvard university'), (2020, 'harvard university'))
all_us_institutions_year : ((2015, 'yale university'), (2016, 'yale university'), (2017, 'yale university'), (2018, 'yale university'), (2019, 'harvard university'), (2019, 'yale university'), (2020, 'harvard university'))

6/10 positive, 5/10 negative
Do these records refer to the same thing?
(y)es / (n)o / (u)nsure / (f)inished / (p)revious
firstname : richard
lastname : cole
middlename : j
year_range : (2014,)
main_us_institutions_year : ((2014, 'new york university'),)
all_us_institutions_year : ((2014, 'new york university'),)

firstname : riccardo
lastname : colacito
middlename : None
year_range : (2006, 2020)
main_us_institutions_year : ((2006, 'new york university'), (2007, 'university of north carolina at chapel hill'), (2008, 'university of north carolina at chapel hill'), (2011, 'university of north carolina at chapel hill'), (2013, 'university of north carolina at chapel hill'), (2016, 'university of north carolina at chapel hill'), (2019, 'university of north carolina at chapel hill'), (2020, 'university of north carolina at chapel hill'), (2020, 'national bureau of economic research'))
all_us_institutions_year : ((2005, 'national bureau of economic research'), (2005, 'university of north carolina at chapel hill'), (2006, 'national bureau of economic research'), (2006, 'new york university'), (2006, 'university of north carolina at chapel hill'), (2007, 'university of north carolina at chapel hill'), (2008, 'national bureau of economic research'), (2008, 'university of north carolina at chapel hill'), (2009, 'national bureau of economic research'), (2009, 'university of north carolina at chapel hill'), (2010, 'national bureau of economic research'), (2010, 'university of north carolina at chapel hill'), (2011, 'university of north carolina at chapel hill'), (2012, 'national bureau of economic research'), (2012, 'university of north carolina at chapel hill'), (2013, 'national bureau of economic research'), (2013, 'university of north carolina at chapel hill'), (2015, 'national bureau of economic research'), (2015, 'university of north carolina at chapel hill'), (2016, 'national bureau of economic research'), (2016, 'university of north carolina at chapel hill'), (2017, 'national bureau of economic research'), (2017, 'university of north carolina at chapel hill'), (2018, 'national bureau of economic research'), (2018, 'university of north carolina at chapel hill'), (2019, 'national bureau of economic research'), (2019, 'university of north carolina at chapel hill'), (2020, 'national bureau of economic research'), (2020, 'university of north carolina at chapel hill'))

6/10 positive, 6/10 negative
Do these records refer to the same thing?
(y)es / (n)o / (u)nsure / (f)inished / (p)revious
firstname : xu
lastname : tan
middlename : None
year_range : (2020,)
main_us_institutions_year : ((2020, 'university of washington'),)
all_us_institutions_year : ((2020, 'university of washington'),)

firstname : lloyd
lastname : tanlu
middlename : None
year_range : (2006, 2018)
main_us_institutions_year : ((2006, 'harvard university'), (2009, 'university of washington'), (2014, 'university of washington'), (2016, 'northeastern university'), (2018, 'northeastern university'))
all_us_institutions_year : ((2006, 'harvard university'), (2007, 'northeastern university'), (2007, 'university of washington'), (2007, 'washington and lee university'), (2009, 'university of washington'), (2012, 'northeastern university'), (2012, 'university of washington'), (2012, 'washington and lee university'), (2014, 'university of washington'), (2015, 'university of washington'), (2016, 'northeastern university'), (2016, 'university of washington'), (2016, 'washington and lee university'), (2017, 'northeastern university'), (2017, 'university of washington'), (2017, 'washington and lee university'), (2018, 'northeastern university'))

6/10 positive, 7/10 negative
Do these records refer to the same thing?
(y)es / (n)o / (u)nsure / (f)inished / (p)revious
firstname : subhash
lastname : sharma
middlename : None
year_range : (2008,)
main_us_institutions_year : ((2008, 'southern illinois university at carbondale'),)
all_us_institutions_year : ((2008, 'southern illinois university at carbondale'),)

firstname : shailesh
lastname : sharma
middlename : None
year_range : (2016, 2021)
main_us_institutions_year : ((2016, 'university of south alabama'), (2019, 'university of south alabama'), (2019, 'queens college'), (2020, 'new york state department of environmental conservation'), (2021, 'new york state department of environmental conservation'), (2021, 'queens college'))
all_us_institutions_year : ((2016, 'university of south alabama'), (2019, 'city university of new york'), (2019, 'queens college'), (2019, 'university of south alabama'), (2020, 'new york state department of environmental conservation'), (2021, 'new york state department of environmental conservation'), (2021, 'queens college'))

6/10 positive, 8/10 negative
Do these records refer to the same thing?
(y)es / (n)o / (u)nsure / (f)inished / (p)revious
firstname : tong
lastname : li
middlename : None
year_range : (2008,)
main_us_institutions_year : ((2008, 'vanderbilt university'),)
all_us_institutions_year : ((2008, 'vanderbilt university'),)

firstname : yongqing
lastname : li
middlename : None
year_range : (2010, 2019)
main_us_institutions_year : ((2014, 'kean university'),)
all_us_institutions_year : ((2014, 'kean university'),)

6/10 positive, 9/10 negative
Do these records refer to the same thing?
(y)es / (n)o / (u)nsure / (f)inished / (p)revious
firstname : xiaoyong
lastname : zheng
middlename : None
year_range : (2019,)
main_us_institutions_year : ((2019, 'north carolina state university'),)
all_us_institutions_year : ((2019, 'north carolina state university'),)

firstname : xiaolong
lastname : zheng
middlename : None
year_range : (2008, 2021)
main_us_institutions_year : ((2008, 'chinese academy of sciences'), (2009, 'chinese academy of sciences'), (2010, 'chinese academy of sciences'), (2011, 'chinese academy of sciences'), (2013, 'chinese academy of sciences'), (2014, 'chinese academy of sciences'), (2016, 'chinese academy of sciences'), (2017, 'chinese academy of sciences'), (2017, 'new york university'), (2019, 'chinese academy of sciences'), (2020, 'chinese academy of sciences'), (2021, 'chinese academy of sciences'))
all_us_institutions_year : ((2008, 'chinese academy of sciences'), (2009, 'chinese academy of sciences'), (2010, 'chinese academy of sciences'), (2011, 'chinese academy of sciences'), (2012, 'chinese academy of sciences'), (2013, 'chinese academy of sciences'), (2014, 'chinese academy of sciences'), (2014, 'new york university'), (2015, 'chinese academy of sciences'), (2015, 'new york university'), (2016, 'chinese academy of sciences'), (2016, 'new york university'), (2017, 'chinese academy of sciences'), (2017, 'new york university'), (2018, 'new york university'), (2019, 'chinese academy of sciences'), (2020, 'chinese academy of sciences'), (2020, 'new york university'), (2021, 'chinese academy of sciences'), (2021, 'new york university'))

6/10 positive, 10/10 negative
Do these records refer to the same thing?
(y)es / (n)o / (u)nsure / (f)inished / (p)revious
firstname : matthew
lastname : jackson
middlename : o
year_range : (2003,)
main_us_institutions_year : ((2003, 'california institute of technology'),)
all_us_institutions_year : ((2003, 'california institute of technology'),)

firstname : matt
lastname : jackson
middlename : None
year_range : (1995, 2013)
main_us_institutions_year : ((1997, 'indiana university'), (2002, 'pennsylvania state university'), (2008, 'pennsylvania state university'))
all_us_institutions_year : ((1997, 'indiana university'), (2002, 'pennsylvania state university'), (2008, 'pennsylvania state university'))

6/10 positive, 11/10 negative
Do these records refer to the same thing?
(y)es / (n)o / (u)nsure / (f)inished / (p)revious
firstname : terrance
lastname : hurley
middlename : m
year_range : (2007,)
main_us_institutions_year : ((2007, 'university of minnesota'),)
all_us_institutions_year : ((2007, 'university of minnesota'),)

firstname : terry
lastname : hurley
middlename : None
year_range : (2013, 2014)
main_us_institutions_year : ((2014, 'university of minnesota'),)
all_us_institutions_year : ((2014, 'university of minnesota'),)

6/10 positive, 11/10 negative
Do these records refer to the same thing?
(y)es / (n)o / (u)nsure / (f)inished / (p)revious
firstname : marco
lastname : janssen
middlename : None
year_range : (2015,)
main_us_institutions_year : ((2015, 'arizona state university'),)
all_us_institutions_year : ((2015, 'arizona state university'),)

firstname : marcus
lastname : janssen
middlename : None
year_range : (2005, 2017)
main_us_institutions_year : ((2009, 'arizona state university'), (2011, 'arizona state university'), (2017, 'arizona state university'))
all_us_institutions_year : ((2009, 'arizona state university'), (2011, 'arizona state university'), (2014, 'arizona state university'), (2017, 'arizona state university'))

6/10 positive, 12/10 negative
Do these records refer to the same thing?
(y)es / (n)o / (u)nsure / (f)inished / (p)revious
firstname : arthur
lastname : stoecker
middlename : None
year_range : (2012,)
main_us_institutions_year : ((2012, 'oklahoma state university'),)
all_us_institutions_year : ((2012, 'oklahoma state university'),)

firstname : art
lastname : stoecker
middlename : None
year_range : (2008, 2018)
main_us_institutions_year : ((2008, 'oklahoma state university stillwater'), (2010, 'oklahoma state university stillwater'), (2015, 'oklahoma state university stillwater'), (2016, 'oklahoma state university stillwater'), (2018, 'oklahoma state university stillwater'))
all_us_institutions_year : ((2008, 'oklahoma state university stillwater'), (2010, 'oklahoma state university stillwater'), (2015, 'oklahoma state university stillwater'), (2016, 'oklahoma state university stillwater'), (2017, 'oklahoma state university stillwater'), (2018, 'oklahoma state university stillwater'))

6/10 positive, 12/10 negative
Do these records refer to the same thing?
(y)es / (n)o / (u)nsure / (f)inished / (p)revious
firstname : ed
lastname : mensah
middlename : None
year_range : (2001,)
main_us_institutions_year : ((2001, 'university of illinois at chicago health sciences center'),)
all_us_institutions_year : ((2001, 'university of illinois at chicago health sciences center'),)

firstname : edward
lastname : mensah
middlename : None
year_range : (1988, 2020)
main_us_institutions_year : ((1995, 'university of illinois at urbana champaign'), (1996, 'university of illinois at chicago'), (1997, 'university of illinois at chicago'), (2004, 'university of illinois at chicago'), (2005, 'university of illinois at chicago'), (2006, 'university of illinois at chicago'), (2007, 'university of illinois at chicago'), (2010, 'university of illinois at urbana champaign'), (2011, 'university of illinois at chicago'), (2013, 'university of illinois at chicago'), (2014, 'university of illinois at chicago'), (2015, 'university of illinois at chicago'), (2016, 'university of illinois at chicago'), (2017, 'university of illinois at chicago'), (2019, 'university of illinois at chicago'), (2020, 'university of illinois at chicago'))
all_us_institutions_year : ((1995, 'university of illinois at urbana champaign'), (1996, 'university of illinois at chicago'), (1997, 'university of illinois at chicago'), (2004, 'university of illinois at chicago'), (2005, 'university of illinois at chicago'), (2006, 'university of illinois at chicago'), (2007, 'university of illinois at chicago'), (2010, 'university of illinois at urbana champaign'), (2011, 'university of illinois at chicago'), (2013, 'university of illinois at chicago'), (2014, 'university of illinois at chicago'), (2015, 'university of illinois at chicago'), (2016, 'university of illinois at chicago'), (2017, 'university of illinois at chicago'), (2019, 'university of illinois at chicago'), (2020, 'university of illinois at chicago'))

7/10 positive, 12/10 negative
Do these records refer to the same thing?
(y)es / (n)o / (u)nsure / (f)inished / (p)revious
firstname : williwm
lastname : dow
middlename : h
year_range : (2010,)
main_us_institutions_year : ((2010, 'university of california berkeley'),)
all_us_institutions_year : ((2010, 'university of california berkeley'),)

firstname : william
lastname : dow
middlename : h
year_range : (2012, 2014)
main_us_institutions_year : ((2012, 'university of california berkeley'), (2014, 'university of california berkeley'))
all_us_institutions_year : ((1995, 'yale university'), (1997, 'national bureau of economic research'), (1997, 'university of chicago'), (2012, 'university of california berkeley'), (2014, 'university of california berkeley'))

8/10 positive, 12/10 negative
Do these records refer to the same thing?
(y)es / (n)o / (u)nsure / (f)inished / (p)revious
firstname : costas
lastname : syropoulos
middlename : None
year_range : (2000,)
main_us_institutions_year : ((2000, 'florida international university'),)
all_us_institutions_year : ((2000, 'florida international university'),)

firstname : constantinos
lastname : syropoulos
middlename : None
year_range : (1992, 2021)
main_us_institutions_year : ((1992, 'pennsylvania state university'), (1996, 'pennsylvania state university'), (1997, 'florida international university'), (1998, 'florida international university'), (2001, 'florida international university'), (2002, 'florida international university'), (2003, 'florida international university'), (2004, 'florida international university'), (2007, 'drexel university'), (2008, 'drexel university'), (2011, 'drexel university'), (2012, 'drexel university'), (2015, 'drexel university'), (2019, 'drexel university'), (2020, 'drexel university'), (2021, 'drexel university'))
all_us_institutions_year : ((1992, 'pennsylvania state university'), (1995, 'drexel university'), (1996, 'florida international university'), (1996, 'pennsylvania state university'), (1997, 'florida international university'), (1998, 'florida international university'), (2000, 'florida international university'), (2001, 'florida international university'), (2002, 'drexel university'), (2002, 'florida international university'), (2003, 'drexel university'), (2003, 'florida international university'), (2004, 'florida international university'), (2005, 'drexel university'), (2007, 'drexel university'), (2008, 'drexel university'), (2009, 'drexel university'), (2011, 'drexel university'), (2012, 'drexel university'), (2012, 'florida international university'), (2013, 'drexel university'), (2015, 'drexel university'), (2016, 'drexel university'), (2017, 'drexel university'), (2018, 'drexel university'), (2019, 'drexel university'), (2020, 'drexel university'), (2021, 'drexel university'))

9/10 positive, 12/10 negative
Do these records refer to the same thing?
(y)es / (n)o / (u)nsure / (f)inished / (p)revious
firstname : john
lastname : laitner
middlename : p
year_range : (2011,)
main_us_institutions_year : ((2011, 'university of michigan'),)
all_us_institutions_year : ((2011, 'university of michigan'),)

firstname : john
lastname : laitner
middlename : a skip
year_range : (1997, 2013)
main_us_institutions_year : ((2008, 'american council for an energy efficient economy'), (2009, 'american council for an energy efficient economy'), (2010, 'american council for an energy efficient economy'), (2011, 'american council for an energy efficient economy'))
all_us_institutions_year : ((2008, 'american council for an energy efficient economy'), (2009, 'american council for an energy efficient economy'), (2010, 'american council for an energy efficient economy'), (2011, 'american council for an energy efficient economy'))

10/10 positive, 12/10 negative
Do these records refer to the same thing?
(y)es / (n)o / (u)nsure / (f)inished / (p)revious
firstname : jeff
lastname : williams
middlename : r
year_range : (2011,)
main_us_institutions_year : ((2011, 'kansas state university'),)
all_us_institutions_year : ((2011, 'kansas state university'),)

firstname : jeffrey
lastname : williams
middlename : r
year_range : (1983, 2011)
main_us_institutions_year : ((1983, 'carnegie mellon university'), (1990, 'carnegie mellon university'), (1993, 'carnegie mellon university'), (1996, 'carnegie mellon university'), (1997, 'carnegie mellon university'), (2003, 'carnegie mellon university'))
all_us_institutions_year : ((1983, 'carnegie mellon university'), (1990, 'carnegie mellon university'), (1993, 'carnegie mellon university'), (1996, 'carnegie mellon university'), (1997, 'carnegie mellon university'), (2003, 'carnegie mellon university'), (2008, 'carnegie mellon university'), (2009, 'carnegie mellon university'), (2012, 'carnegie mellon university'))

10/10 positive, 13/10 negative
Do these records refer to the same thing?
(y)es / (n)o / (u)nsure / (f)inished / (p)revious
firstname : mil
lastname : duncan
middlename : None
year_range : (2009,)
main_us_institutions_year : ((2009, 'university of new hampshire main campus'),)
all_us_institutions_year : ((2009, 'university of new hampshire main campus'),)

firstname : michael
lastname : duncan
middlename : j
year_range : (2002, 2021)
main_us_institutions_year : None
all_us_institutions_year : ((2008, 'newman university'), (2014, 'coventry health care'), (2020, 'coventry health care'), (2021, 'coventry health care'))

10/10 positive, 13/10 negative
Do these records refer to the same thing?
(y)es / (n)o / (u)nsure / (f)inished / (p)revious
firstname : xiaoyong
lastname : zheng
middlename : None
year_range : (2019,)
main_us_institutions_year : ((2019, 'north carolina state university'),)
all_us_institutions_year : ((2019, 'north carolina state university'),)

firstname : xi
lastname : zheng
middlename : None
year_range : (2014, 2020)
main_us_institutions_year : ((2017, 'state university of new york system'), (2017, 'university at buffalo'), (2018, 'state university of new york system'), (2020, 'state university of new york system'))
all_us_institutions_year : ((2017, 'state university of new york system'), (2017, 'university at buffalo'), (2018, 'state university of new york system'), (2020, 'state university of new york system'))

10/10 positive, 14/10 negative
Do these records refer to the same thing?
(y)es / (n)o / (u)nsure / (f)inished / (p)revious
firstname : karl
lastname : roskamp
middlename : None
year_range : (1990,)
main_us_institutions_year : ((1990, 'wayne state university'),)
all_us_institutions_year : ((1990, 'wayne state university'),)

firstname : karl
lastname : roskamp
middlename : w
year_range : (1983, 2009)
main_us_institutions_year : ((2009, 'university of michigan'),)
all_us_institutions_year : ((2009, 'university of michigan'),)

10/10 positive, 15/10 negative
Do these records refer to the same thing?
(y)es / (n)o / (u)nsure / (f)inished / (p)revious
firstname : laura
lastname : tyson
middlename : d andrea
year_range : (1993,)
main_us_institutions_year : ((1993, 'university of california berkeley'),)
all_us_institutions_year : ((1993, 'university of california berkeley'),)

firstname : laura
lastname : tyson
middlename : dandrea
year_range : (1999, 2009)
main_us_institutions_year : ((2009, 'council of economic advisers'),)
all_us_institutions_year : ((2009, 'council of economic advisers'),)

10/10 positive, 15/10 negative
Do these records refer to the same thing?
(y)es / (n)o / (u)nsure / (f)inished / (p)revious
firstname : yan
lastname : huang
middlename : None
year_range : (2020,)
main_us_institutions_year : ((2020, 'university of michigan'),)
all_us_institutions_year : ((2020, 'university of michigan'),)

firstname : yasheng
lastname : huang
middlename : None
year_range : (1994, 2021)
main_us_institutions_year : ((1994, 'university of michigan'), (2002, 'massachusetts institute of technology'), (2002, 'harvard university'), (2003, 'massachusetts institute of technology'), (2004, 'massachusetts institute of technology'), (2008, 'massachusetts institute of technology'), (2010, 'massachusetts institute of technology'), (2011, 'massachusetts institute of technology'), (2012, 'massachusetts institute of technology'), (2013, 'massachusetts institute of technology'), (2016, 'massachusetts institute of technology'), (2018, 'massachusetts institute of technology'), (2020, 'massachusetts institute of technology'))
all_us_institutions_year : ((1994, 'university of michigan'), (1999, 'harvard university'), (2001, 'massachusetts institute of technology'), (2002, 'harvard university'), (2002, 'massachusetts institute of technology'), (2003, 'massachusetts institute of technology'), (2004, 'massachusetts institute of technology'), (2005, 'massachusetts institute of technology'), (2008, 'massachusetts institute of technology'), (2010, 'massachusetts institute of technology'), (2011, 'massachusetts institute of technology'), (2012, 'massachusetts institute of technology'), (2013, 'massachusetts institute of technology'), (2014, 'massachusetts institute of technology'), (2016, 'massachusetts institute of technology'), (2017, 'massachusetts institute of technology'), (2018, 'massachusetts institute of technology'), (2020, 'massachusetts institute of technology'))

10/10 positive, 15/10 negative
Do these records refer to the same thing?
(y)es / (n)o / (u)nsure / (f)inished / (p)revious
firstname : michael
lastname : cook
middlename : l
year_range : (2007,)
main_us_institutions_year : ((2007, 'university of missouri columbia'),)
all_us_institutions_year : ((2007, 'university of missouri columbia'),)

firstname : michael
lastname : cook
middlename : None
year_range : (1967, 2019)
main_us_institutions_year : ((1999, 'princeton university'), (2000, 'princeton university'), (2003, 'princeton university'), (2006, 'princeton university'), (2009, 'princeton university'), (2015, 'princeton university'), (2016, 'princeton university'))
all_us_institutions_year : ((1999, 'princeton university'), (2000, 'princeton university'), (2003, 'princeton university'), (2006, 'princeton university'), (2009, 'princeton university'), (2015, 'princeton university'), (2016, 'princeton university'))

10/10 positive, 16/10 negative
Do these records refer to the same thing?
(y)es / (n)o / (u)nsure / (f)inished / (p)revious
firstname : mark
lastname : toma
middlename : None
year_range : (1997,)
main_us_institutions_year : ((1997, 'university of kentucky'),)
all_us_institutions_year : ((1997, 'university of kentucky'),)

firstname : mark
lastname : toma
middlename : None
year_range : (1979, 1992)
main_us_institutions_year : ((1980, 'california state university northridge'), (1982, 'california state university northridge'), (1985, 'california state university northridge'))
all_us_institutions_year : ((1980, 'california state university northridge'), (1982, 'california state university northridge'), (1985, 'california state university'), (1985, 'california state university northridge'))

10/10 positive, 16/10 negative
Do these records refer to the same thing?
(y)es / (n)o / (u)nsure / (f)inished / (p)revious
firstname : richard
lastname : walker
middlename : None
year_range : (1998,)
main_us_institutions_year : ((1998, 'university of california berkeley'),)
all_us_institutions_year : ((1998, 'university of california berkeley'),)

firstname : richard
lastname : walker
middlename : p
year_range : (2015, 2016)
main_us_institutions_year : ((2016, 'texas tech university'),)
all_us_institutions_year : ((2010, 'texas tech university'), (2016, 'texas tech university'))

10/10 positive, 17/10 negative
Do these records refer to the same thing?
(y)es / (n)o / (u)nsure / (f)inished / (p)revious
firstname : michael
lastname : kremer
middlename : None
year_range : (2005,)
main_us_institutions_year : ((2005, 'harvard university'),)
all_us_institutions_year : ((2005, 'harvard university'),)

firstname : michael
lastname : kremer
middlename : None
year_range : (1985, 2021)
main_us_institutions_year : ((1985, 'university of pittsburgh'), (1988, 'university of notre dame'), (1991, 'university of notre dame'), (1997, 'university of notre dame'), (2001, 'university of notre dame'), (2002, 'university of notre dame'), (2003, 'university of notre dame'), (2004, 'university of chicago'), (2007, 'university of chicago'), (2008, 'university of chicago'), (2016, 'university of chicago'), (2017, 'university of chicago'), (2021, 'university of chicago'))
all_us_institutions_year : ((1985, 'university of pittsburgh'), (1988, 'university of notre dame'), (1991, 'university of notre dame'), (1997, 'university of notre dame'), (2001, 'university of notre dame'), (2002, 'university of notre dame'), (2003, 'university of notre dame'), (2004, 'university of chicago'), (2007, 'university of chicago'), (2008, 'university of chicago'), (2013, 'university of chicago'), (2016, 'university of chicago'), (2017, 'university of chicago'), (2021, 'national bureau of economic research'), (2021, 'university of chicago'))

10/10 positive, 18/10 negative
Do these records refer to the same thing?
(y)es / (n)o / (u)nsure / (f)inished / (p)revious
firstname : william
lastname : moomaw
middlename : None
year_range : (2001,)
main_us_institutions_year : ((2001, 'fletcher school of law and diplomacy tufts university'),)
all_us_institutions_year : ((2001, 'fletcher school of law and diplomacy tufts university'),)

firstname : william
lastname : moomaw
middlename : r
year_range : (1990, 2021)
main_us_institutions_year : ((1990, 'tufts university'), (1991, 'tufts university'), (1996, 'tufts university'), (1997, 'tufts university'), (1999, 'tufts university'), (2002, 'tufts university'), (2004, 'tufts university'), (2005, 'tufts university'), (2007, 'tufts university'), (2008, 'tufts university'), (2010, 'tufts university'), (2011, 'tufts university'), (2012, 'tufts university'), (2013, 'tufts university'), (2014, 'tufts university'), (2016, 'tufts university'), (2017, 'tufts university'), (2017, 'center for global development'), (2018, 'tufts university'), (2019, 'tufts university'), (2019, 'center for global development'), (2020, 'tufts university'), (2021, 'tufts university'), (2021, 'center for global development'))
all_us_institutions_year : ((1990, 'tufts university'), (1991, 'tufts university'), (1996, 'tufts university'), (1997, 'tufts university'), (1999, 'tufts university'), (2001, 'tufts university'), (2002, 'tufts university'), (2004, 'tufts university'), (2005, 'tufts university'), (2007, 'tufts university'), (2008, 'tufts university'), (2010, 'tufts university'), (2011, 'tufts university'), (2012, 'tufts university'), (2013, 'tufts university'), (2014, 'tufts university'), (2016, 'tufts university'), (2017, 'center for global development'), (2017, 'tufts university'), (2018, 'tufts university'), (2019, 'center for global development'), (2019, 'tufts university'), (2020, 'center for global development'), (2020, 'tufts university'), (2021, 'center for global development'), (2021, 'tufts university'))

11/10 positive, 18/10 negative
Do these records refer to the same thing?
(y)es / (n)o / (u)nsure / (f)inished / (p)revious
firstname : john
lastname : griffith
middlename : None
year_range : (2014,)
main_us_institutions_year : ((2014, 'old dominion university'),)
all_us_institutions_year : ((2014, 'old dominion university'),)

firstname : john
lastname : griffith
middlename : None
year_range : (2004, 2005)
main_us_institutions_year : ((2004, 'university of illinois at urbana champaign'), (2005, 'university of illinois at urbana champaign'))
all_us_institutions_year : ((2004, 'university of illinois at urbana champaign'), (2005, 'university of illinois at urbana champaign'))

12/10 positive, 18/10 negative
Do these records refer to the same thing?
(y)es / (n)o / (u)nsure / (f)inished / (p)revious
firstname : jia
lastname : li
middlename : None
year_range : (2020,)
main_us_institutions_year : ((2020, 'duke university'),)
all_us_institutions_year : ((2020, 'duke university'),)

firstname : jia
lastname : li
middlename : None
year_range : (1985, 2020)
main_us_institutions_year : ((1988, 'university of tennessee'), (1989, 'university of arizona'), (1990, 'university of tennessee'), (1990, 'university of arizona'), (1991, 'los alamos national laboratory'), (1992, 'los alamos national laboratory'), (1992, 'university of alabama in huntsville'), (1996, 'university of alabama in huntsville'), (1997, 'university of alabama in huntsville'), (1999, 'university of alabama in huntsville'), (2000, 'university of alabama in huntsville'), (2001, 'university of alabama in huntsville'), (2003, 'university of alabama in huntsville'), (2004, 'university of alabama in huntsville'), (2005, 'university of alabama in huntsville'), (2007, 'university of alabama in huntsville'), (2008, 'university of alabama in huntsville'), (2009, 'university of alabama in huntsville'), (2010, 'university of alabama in huntsville'), (2011, 'university of alabama in huntsville'), (2012, 'university of alabama in huntsville'), (2013, 'university of alabama in huntsville'), (2015, 'university of alabama in huntsville'), (2016, 'university of alabama in huntsville'), (2017, 'university of alabama in huntsville'), (2018, 'university of alabama in huntsville'), (2019, 'university of alabama in huntsville'), (2020, 'university of alabama in huntsville'))
all_us_institutions_year : ((1988, 'university of tennessee'), (1989, 'university of arizona'), (1990, 'university of arizona'), (1990, 'university of tennessee'), (1991, 'los alamos national laboratory'), (1992, 'los alamos national laboratory'), (1992, 'university of alabama in huntsville'), (1996, 'university of alabama in huntsville'), (1997, 'university of alabama in huntsville'), (1999, 'university of alabama in huntsville'), (2000, 'university of alabama in huntsville'), (2001, 'university of alabama in huntsville'), (2003, 'university of alabama in huntsville'), (2004, 'university of alabama in huntsville'), (2005, 'los alamos national laboratory'), (2005, 'university of alabama in huntsville'), (2007, 'university of alabama in huntsville'), (2008, 'university of alabama in huntsville'), (2009, 'los alamos national laboratory'), (2009, 'university of alabama in huntsville'), (2010, 'university of alabama in huntsville'), (2011, 'university of alabama in huntsville'), (2012, 'university of alabama in huntsville'), (2013, 'university of alabama in huntsville'), (2015, 'university of alabama in huntsville'), (2016, 'university of alabama in huntsville'), (2017, 'university of alabama in huntsville'), (2018, 'university of alabama in huntsville'), (2019, 'university of alabama in huntsville'), (2020, 'university of alabama in huntsville'))

12/10 positive, 19/10 negative
Do these records refer to the same thing?
(y)es / (n)o / (u)nsure / (f)inished / (p)revious
firstname : david
lastname : levy
middlename : None
year_range : (2016,)
main_us_institutions_year : ((2016, 'colorado technical university'),)
all_us_institutions_year : ((2016, 'colorado technical university'),)

firstname : david
lastname : levy
middlename : n l
year_range : (1976, 2018)
main_us_institutions_year : ((1995, 'parc'), (1997, 'parc'), (1998, 'parc'), (1999, 'parc'), (2005, 'parc'))
all_us_institutions_year : ((1994, 'parc'), (1995, 'parc'), (1997, 'parc'), (1998, 'parc'), (1999, 'parc'), (2000, 'parc'), (2005, 'parc'))

12/10 positive, 20/10 negative
Do these records refer to the same thing?
(y)es / (n)o / (u)nsure / (f)inished / (p)revious
firstname : teresa
lastname : ghilarducci
middlename : None
year_range : (2014,)
main_us_institutions_year : ((2014, 'new school'),)
all_us_institutions_year : ((2014, 'new school'),)

firstname : teresa
lastname : ghilarducci
middlename : None
year_range : (1985, 2007)
main_us_institutions_year : ((1985, 'university of notre dame'), (1986, 'university of notre dame'), (1988, 'university of notre dame'), (1990, 'university of notre dame'), (1997, 'university of notre dame'), (2000, 'university of notre dame'), (2001, 'university of notre dame'), (2006, 'university of notre dame'), (2007, 'university of notre dame'))
all_us_institutions_year : ((1985, 'university of notre dame'), (1986, 'university of notre dame'), (1988, 'university of notre dame'), (1990, 'university of notre dame'), (1997, 'university of notre dame'), (2000, 'university of notre dame'), (2001, 'university of notre dame'), (2004, 'university of notre dame'), (2006, 'university of notre dame'), (2007, 'university of notre dame'))

12/10 positive, 21/10 negative
Do these records refer to the same thing?
(y)es / (n)o / (u)nsure / (f)inished / (p)revious
firstname : david
lastname : gordon
middlename : m
year_range : (1990,)
main_us_institutions_year : ((1990, 'new school for social research'),)
all_us_institutions_year : ((1990, 'new school for social research'),)

firstname : david
lastname : gordon
middlename : None
year_range : (2010, 2017)
main_us_institutions_year : ((2010, 'university of st francis'), (2011, 'university of st francis'), (2012, 'university of st francis'), (2014, 'university of st francis'), (2017, 'university of st francis'))
all_us_institutions_year : ((2010, 'university of st francis'), (2011, 'university of st francis'), (2012, 'university of st francis'), (2014, 'university of st francis'), (2016, 'university of st francis'), (2017, 'university of st francis'))

12/10 positive, 21/10 negative
Do these records refer to the same thing?
(y)es / (n)o / (u)nsure / (f)inished / (p)revious
firstname : paul
lastname : wilson
middlename : None
year_range : (2019,)
main_us_institutions_year : ((2019, 'clemson university'),)
all_us_institutions_year : ((2019, 'clemson university'),)

firstname : paul
lastname : wilson
middlename : n
year_range : (1966, 2012)
main_us_institutions_year : ((1983, 'university of arizona'), (1984, 'university of arizona'), (1985, 'university of arizona'), (1988, 'university of arizona'), (1990, 'university of arizona'), (1992, 'agricultural applied economics association'), (1995, 'university of arizona'), (1997, 'university of arizona'), (1998, 'university of arizona'), (1999, 'university of arizona'), (2003, 'university of arizona'), (2004, 'university of arizona'), (2005, 'university of arizona'), (2007, 'university of arizona'), (2008, 'university of arizona'), (2011, 'university of arizona'), (2012, 'university of arizona'))
all_us_institutions_year : ((1983, 'university of arizona'), (1984, 'university of arizona'), (1985, 'university of arizona'), (1988, 'university of arizona'), (1990, 'university of arizona'), (1992, 'agricultural applied economics association'), (1995, 'university of arizona'), (1997, 'university of arizona'), (1998, 'university of arizona'), (1999, 'university of arizona'), (2001, 'university of arizona'), (2003, 'university of arizona'), (2004, 'university of arizona'), (2005, 'university of arizona'), (2007, 'university of arizona'), (2008, 'university of arizona'), (2010, 'university of arizona'), (2011, 'university of arizona'), (2012, 'university of arizona'), (2014, 'university of arizona'), (2015, 'university of arizona'))

12/10 positive, 22/10 negative
Do these records refer to the same thing?
(y)es / (n)o / (u)nsure / (f)inished / (p)revious
firstname : james
lastname : nyankori
middlename : c o
year_range : (2006,)
main_us_institutions_year : ((2006, 'clemson university'),)
all_us_institutions_year : ((2006, 'clemson university'),)

firstname : james
lastname : nyankori
middlename : c o
year_range : (1987, 1991)
main_us_institutions_year : ((1987, 'agricultural applied economics association'), (1991, 'agricultural applied economics association'))
all_us_institutions_year : ((1987, 'agricultural applied economics association'), (1991, 'agricultural applied economics association'))

12/10 positive, 23/10 negative
Do these records refer to the same thing?
(y)es / (n)o / (u)nsure / (f)inished / (p)revious
firstname : kieran
lastname : donaghy
middlename : None
year_range : (2017,)
main_us_institutions_year : ((2017, 'cornell university'),)
all_us_institutions_year : ((2017, 'cornell university'),)

firstname : kieran
lastname : donaghy
middlename : p
year_range : (1994, 2016)
main_us_institutions_year : ((1995, 'university of illinois at urbana champaign'), (1998, 'university of illinois at urbana champaign'), (1999, 'university of illinois at urbana champaign'), (2001, 'university of illinois at urbana champaign'), (2004, 'university of illinois at urbana champaign'), (2005, 'university of illinois at urbana champaign'), (2006, 'university of illinois at urbana champaign'), (2007, 'university of illinois at urbana champaign'))
all_us_institutions_year : ((1995, 'university of illinois at urbana champaign'), (1998, 'university of illinois at urbana champaign'), (1999, 'university of illinois at urbana champaign'), (2000, 'university of illinois at urbana champaign'), (2001, 'university of illinois at urbana champaign'), (2002, 'university of illinois at urbana champaign'), (2004, 'university of illinois at urbana champaign'), (2005, 'university of illinois at urbana champaign'), (2006, 'university of illinois at urbana champaign'), (2007, 'cornell university'), (2007, 'university of illinois at urbana champaign'))

12/10 positive, 24/10 negative
Do these records refer to the same thing?
(y)es / (n)o / (u)nsure / (f)inished / (p)revious
firstname : michael
lastname : gavin
middlename : None
year_range : (1996,)
main_us_institutions_year : ((1996, 'columbia university'),)
all_us_institutions_year : ((1996, 'columbia university'),)

firstname : michael
lastname : gavin
middlename : c
year_range : (2006, 2021)
main_us_institutions_year : ((2013, 'colorado state university'), (2013, 'beth israel deaconess medical center'), (2014, 'colorado state university'), (2015, 'colorado state university'), (2016, 'colorado state university'), (2017, 'beth israel deaconess medical center'), (2018, 'colorado state university'), (2019, 'beth israel deaconess medical center'), (2020, 'colorado state university'), (2021, 'colorado state university'))
all_us_institutions_year : ((2011, 'beth israel deaconess medical center'), (2012, 'brigham and women s hospital'), (2012, 'colorado state university'), (2013, 'beth israel deaconess medical center'), (2013, 'colorado state university'), (2014, 'beth israel deaconess medical center'), (2014, 'colorado state university'), (2015, 'colorado state university'), (2016, 'beth israel deaconess medical center'), (2016, 'colorado state university'), (2017, 'beth israel deaconess medical center'), (2017, 'colorado state university'), (2018, 'colorado state university'), (2019, 'beth israel deaconess medical center'), (2019, 'colorado state university'), (2020, 'colorado state university'), (2021, 'colorado state university'))

13/10 positive, 24/10 negative
Do these records refer to the same thing?
(y)es / (n)o / (u)nsure / (f)inished / (p)revious
firstname : richard
lastname : frank
middlename : g
year_range : (2006,)
main_us_institutions_year : ((2006, 'harvard university'),)
all_us_institutions_year : ((2006, 'harvard university'),)

firstname : richard
lastname : frank
middlename : g
year_range : (1982, 2007)
main_us_institutions_year : ((1982, 'university of pittsburgh'), (1983, 'university of pittsburgh'))
all_us_institutions_year : ((1982, 'university of pittsburgh'), (1983, 'university of pittsburgh'), (1986, 'harvard university'), (1986, 'national bureau of economic research'), (1987, 'harvard university'), (1987, 'national bureau of economic research'), (1988, 'national bureau of economic research'), (1989, 'harvard university'), (1989, 'johns hopkins university'), (1989, 'national bureau of economic research'), (1990, 'johns hopkins university'), (1991, 'harvard university'), (1991, 'national bureau of economic research'), (1995, 'harvard university'), (1995, 'national bureau of economic research'), (1997, 'harvard university'), (1997, 'national bureau of economic research'), (2005, 'university of pittsburgh'), (2006, 'harvard university'), (2006, 'national bureau of economic research'), (2014, 'university of pittsburgh'))

13/10 positive, 25/10 negative
Do these records refer to the same thing?
(y)es / (n)o / (u)nsure / (f)inished / (p)revious
firstname : steven
lastname : solomon
middlename : davidoff
year_range : (2020,)
main_us_institutions_year : ((2020, 'university of california berkeley'),)
all_us_institutions_year : ((2020, 'university of california berkeley'),)

firstname : steven
lastname : solomon
middlename : davidoff
year_range : (2015, 2019)
main_us_institutions_year : ((2015, 'university of pennsylvania'),)
all_us_institutions_year : ((2015, 'university of california berkeley'), (2015, 'university of pennsylvania'), (2016, 'university of california berkeley'), (2017, 'university of california berkeley'), (2018, 'university of california berkeley'), (2019, 'university of california berkeley'), (2020, 'university of california berkeley'))

14/10 positive, 25/10 negative
Do these records refer to the same thing?
(y)es / (n)o / (u)nsure / (f)inished / (p)revious
firstname : paul
lastname : segerstrom
middlename : s
year_range : (1996,)
main_us_institutions_year : ((1996, 'michigan state university'),)
all_us_institutions_year : ((1996, 'michigan state university'),)

firstname : paul
lastname : segerstrom
middlename : s
year_range : (1991, 2015)
main_us_institutions_year : ((2011, 'economic policy institute'),)
all_us_institutions_year : ((2011, 'economic policy institute'), (2013, 'economic policy institute'))

15/10 positive, 25/10 negative
Do these records refer to the same thing?
(y)es / (n)o / (u)nsure / (f)inished / (p)revious
firstname : james
lastname : stanfield
middlename : ronald
year_range : (2000,)
main_us_institutions_year : ((2000, 'colorado state university'),)
all_us_institutions_year : ((2000, 'colorado state university'),)

firstname : james
lastname : stanfield
middlename : ronald
year_range : (1990, 2009)
main_us_institutions_year : ((2009, 'bowling green state university'),)
all_us_institutions_year : ((2009, 'bowling green state university'),)

15/10 positive, 25/10 negative
Do these records refer to the same thing?
(y)es / (n)o / (u)nsure / (f)inished / (p)revious
firstname : james
lastname : stanfield
middlename : ronald
year_range : (1997,)
main_us_institutions_year : ((1997, 'colorado state university'),)
all_us_institutions_year : ((1997, 'colorado state university'),)

firstname : james
lastname : stanfield
middlename : ronald
year_range : (1990, 2009)
main_us_institutions_year : ((2009, 'bowling green state university'),)
all_us_institutions_year : ((2009, 'bowling green state university'),)

15/10 positive, 25/10 negative
Do these records refer to the same thing?
(y)es / (n)o / (u)nsure / (f)inished / (p)revious
firstname : raymond
lastname : taras
middlename : None
year_range : (2014,)
main_us_institutions_year : ((2014, 'tulane university payson center for international development'),)
all_us_institutions_year : ((2014, 'tulane university payson center for international development'),)

firstname : ray
lastname : taras
middlename : None
year_range : (1972, 2021)
main_us_institutions_year : ((1984, 'tulane university'), (1986, 'tulane university'), (1992, 'tulane university'), (1998, 'harvard university'), (1999, 'tulane university'), (2004, 'tulane university'), (2006, 'tulane university'), (2008, 'tulane university'), (2009, 'tulane university'), (2010, 'tulane university'), (2012, 'tulane university'), (2013, 'tulane university'), (2014, 'tulane university'), (2015, 'tulane university'), (2017, 'tulane university'), (2021, 'tulane university'))
all_us_institutions_year : ((1984, 'tulane university'), (1986, 'tulane university'), (1990, 'tulane university'), (1992, 'tulane university'), (1998, 'harvard university'), (1999, 'tulane university'), (2002, 'tulane university'), (2004, 'tulane university'), (2006, 'tulane university'), (2008, 'tulane university'), (2009, 'tulane university'), (2010, 'tulane university'), (2012, 'tulane university'), (2013, 'tulane university'), (2014, 'tulane university'), (2015, 'tulane university'), (2017, 'tulane university'), (2018, 'tulane university'), (2021, 'tulane university'))

15/10 positive, 25/10 negative
Do these records refer to the same thing?
(y)es / (n)o / (u)nsure / (f)inished / (p)revious
firstname : curtis
lastname : jolly
middlename : m
year_range : (1999,)
main_us_institutions_year : ((1999, 'auburn university'),)
all_us_institutions_year : ((1999, 'auburn university'),)

firstname : curtis
lastname : jolly
middlename : m
year_range : (1988, 2020)
main_us_institutions_year : ((1988, 'university of alabama'), (1989, 'university of alabama'), (2008, 'university of alabama'), (2018, 'university of alabama'))
all_us_institutions_year : ((1988, 'university of alabama'), (1989, 'university of alabama'), (2008, 'university of alabama'), (2018, 'university of alabama'))

16/10 positive, 25/10 negative
Do these records refer to the same thing?
(y)es / (n)o / (u)nsure / (f)inished / (p)revious
firstname : john
lastname : formby
middlename : p
year_range : (2001,)
main_us_institutions_year : ((2001, 'university of alabama'),)
all_us_institutions_year : ((2001, 'university of alabama'),)

firstname : john
lastname : formby
middlename : p
year_range : (1979, 2003)
main_us_institutions_year : ((1979, 'university of north carolina at greensboro'),)
all_us_institutions_year : ((1979, 'university of north carolina at greensboro'),)

16/10 positive, 25/10 negative
Do these records refer to the same thing?
(y)es / (n)o / (u)nsure / (f)inished / (p)revious
firstname : john
lastname : kwoka
middlename : None
year_range : (2014,)
main_us_institutions_year : ((2014, 'northeastern university'),)
all_us_institutions_year : ((2014, 'northeastern university'),)

firstname : john
lastname : kwoka
middlename : e
year_range : (1982, 2002)
main_us_institutions_year : ((1982, 'george washington university'), (1983, 'george washington university'), (1984, 'george washington university'), (1987, 'george washington university'), (1989, 'george washington university'), (1993, 'george washington university'), (1996, 'george washington university'), (2002, 'george washington university'))
all_us_institutions_year : ((1982, 'george washington university'), (1983, 'george washington university'), (1984, 'george washington university'), (1987, 'george washington university'), (1989, 'george washington university'), (1993, 'george washington university'), (1996, 'george washington university'), (1998, 'george washington university'), (2001, 'george washington university'), (2002, 'george washington university'))

16/10 positive, 25/10 negative
Do these records refer to the same thing?
(y)es / (n)o / (u)nsure / (f)inished / (p)revious
firstname : john
lastname : mccall
middlename : j
year_range : (1992,)
main_us_institutions_year : ((1992, 'university of california los angeles'),)
all_us_institutions_year : ((1992, 'university of california los angeles'),)

firstname : john
lastname : mccall
middlename : j
year_range : (1963, 1985)
main_us_institutions_year : ((1963, 'rand corporation'), (1983, 'rand corporation'))
all_us_institutions_year : ((1963, 'rand corporation'), (1983, 'rand corporation'))

16/10 positive, 26/10 negative
Do these records refer to the same thing?
(y)es / (n)o / (u)nsure / (f)inished / (p)revious
Finished labeling
Done in 91.35817729632059 minutes.
