/home/christoph/anaconda3/envs/science-career-tempenv/lib/python3.9/site-packages/numpy/core/getlimits.py:500: UserWarning: The value of the smallest subnormal for <class 'numpy.float64'> type is zero.
  setattr(self, word, getattr(machar, word).flat[0])
/home/christoph/anaconda3/envs/science-career-tempenv/lib/python3.9/site-packages/numpy/core/getlimits.py:89: UserWarning: The value of the smallest subnormal for <class 'numpy.float64'> type is zero.
  return self._float_to_str(self.smallest_subnormal)
/home/christoph/anaconda3/envs/science-career-tempenv/lib/python3.9/site-packages/numpy/core/getlimits.py:500: UserWarning: The value of the smallest subnormal for <class 'numpy.float32'> type is zero.
  setattr(self, word, getattr(machar, word).flat[0])
/home/christoph/anaconda3/envs/science-career-tempenv/lib/python3.9/site-packages/numpy/core/getlimits.py:89: UserWarning: The value of the smallest subnormal for <class 'numpy.float32'> type is zero.
  return self._float_to_str(self.smallest_subnormal)
Namespace(testing=False, verbose=1, field=['chemistry'], train_name='christoph_baseline_update', startyear=1985, endyear=2022, mergemode='m:1', recall=0.9, institution='True', fieldofstudy_cat='False', fieldofstudy_str='False', keywords='False', retrain='True', linking_type='advisors')
Have max 6 cores available
Testing is False 

finished setup ... 
firstname : mohammad
lastname : movassaghi
middlename : None
year_range : (2010,)
main_us_institutions_year : ((2010, 'massachusetts institute of technology'),)
all_us_institutions_year : ((2010, 'massachusetts institute of technology'),)

firstname : mohammad
lastname : movassaghi
middlename : None
year_range : (1997, 2020)
main_us_institutions_year : ((1997, 'california institute of technology'), (1998, 'california institute of technology'), (2000, 'harvard university'), (2002, 'harvard university'), (2005, 'massachusetts institute of technology'), (2006, 'massachusetts institute of technology'), (2007, 'massachusetts institute of technology'), (2008, 'massachusetts institute of technology'), (2009, 'massachusetts institute of technology'), (2010, 'massachusetts institute of technology'), (2011, 'massachusetts institute of technology'), (2012, 'massachusetts institute of technology'), (2013, 'massachusetts institute of technology'), (2014, 'massachusetts institute of technology'), (2015, 'massachusetts institute of technology'), (2016, 'massachusetts institute of technology'), (2017, 'massachusetts institute of technology'), (2018, 'massachusetts institute of technology'), (2019, 'massachusetts institute of technology'), (2020, 'massachusetts institute of technology'))
all_us_institutions_year : ((1997, 'california institute of technology'), (1998, 'california institute of technology'), (2000, 'harvard university'), (2001, 'harvard university'), (2002, 'harvard university'), (2005, 'massachusetts institute of technology'), (2006, 'massachusetts institute of technology'), (2007, 'massachusetts institute of technology'), (2008, 'massachusetts institute of technology'), (2009, 'massachusetts institute of technology'), (2010, 'california institute of technology'), (2010, 'harvard university'), (2010, 'massachusetts institute of technology'), (2011, 'massachusetts institute of technology'), (2012, 'massachusetts institute of technology'), (2013, 'massachusetts institute of technology'), (2014, 'massachusetts institute of technology'), (2015, 'massachusetts institute of technology'), (2015, 'scripps research institute'), (2016, 'massachusetts institute of technology'), (2017, 'massachusetts institute of technology'), (2018, 'massachusetts institute of technology'), (2019, 'massachusetts institute of technology'), (2020, 'massachusetts institute of technology'))

0/10 positive, 0/10 negative
Do these records refer to the same thing?
(y)es / (n)o / (u)nsure / (f)inished

        SELECT relationship_id
                , year
                , year AS year_range
                , firstname 
                , lastname
                , CASE TRIM(SUBSTR(middle_lastname, 1, l_fullname-l_firstname-l_lastname - 1)) 
                    WHEN 
                        "" THEN NULL 
                        ELSE TRIM(SUBSTR(middle_lastname, 1, l_fullname-l_firstname-l_lastname - 1)) 
                    END AS middlename
                , fieldofstudy
                , keywords
                , institution
                , year || "//" || institution as main_us_institutions_year
                , year || "//" || institution as all_us_institutions_year
        FROM (
            SELECT goid
                , relationship_id
                , degree_year AS year 
                , a.fullname 
                , SUBSTR(TRIM(a.fullname),1,instr(trim(a.fullname)||' ',' ')-1) AS firstname
                , REPLACE(a.fullname, RTRIM(a.fullname, REPLACE(a.fullname, " ", "")), "") AS lastname 
                , TRIM(SUBSTR(a.fullname, length(SUBSTR(TRIM(a.fullname),1,instr(trim(a.fullname)||' ',' ')-1)) + 1)) AS middle_lastname 
                , length(a.fullname) AS l_fullname 
                , length(SUBSTR(TRIM(a.fullname),1,instr(trim(a.fullname)||' ',' ')-1) ) AS l_firstname
                , length(REPLACE(a.fullname, RTRIM(a.fullname, REPLACE(a.fullname, " ", "")), "")) AS l_lastname
                , fieldname AS fieldofstudy
                , university_id
            FROM pq_authors 
            INNER JOIN (
                SELECT goid, fieldname 
                FROM pq_fields_mag
                WHERE mag_field0 IN (?)
            ) USING (goid)
            INNER JOIN ( --# NOTE: this only keeps the theses where at least one advisor is present
                SELECT *, firstname || ' ' || lastname AS fullname
                FROM pq_advisors
            ) AS a USING(goid)
        )
        -- ## NOTE: use left join here as not all graduates have advisor (particularly pre-1980) and possibly also keywords
        LEFT JOIN (
            SELECT goid
                , fields as keywords
            FROM pq_info_linking
        ) USING(goid) 
        INNER JOIN (
            SELECT university_id, normalizedname as institution
            FROM pq_unis --## mark: previously we linked advisors anywhere in the world (as career outcomes). for now, focus on US
            WHERE location like "%United States%"
        ) USING(university_id)
        WHERE year >= 1985 and year <= 2022 AND length(firstname) > 1
         


    SELECT f.AuthorId
        , f.year
        , f.YearLastPub
        , f.firstname
        , f.lastname
        , CASE TRIM(SUBSTR(f.middle_lastname, 1, f.l_fullname - f.l_firstname - f.l_lastname - 1)) 
            WHEN 
                "" THEN NULL 
                ELSE TRIM(SUBSTR(f.middle_lastname, 1, f.l_fullname - f.l_firstname - f.l_lastname - 1)) 
            END as middlename 
            -- ## NOTE this gives "" for middlename when it is missing 
        , f.fieldofstudy
        , g.keywords
        , g.coauthors
        , g.institution
        , g.main_us_institutions_year
         
        , f.year || ";" || f.YearLastPub AS year_range 
        , g.all_us_institutions_year
    
    FROM (
        SELECT a.AuthorId
            , a.YearFirstPub AS year
            , a.YearLastPub 
            , a.FirstName AS firstname
            , REPLACE(b.NormalizedName, RTRIM(b.NormalizedName, REPLACE(b.NormalizedName, " ", "")), "") AS lastname 
                    -- https://stackoverflow.com/questions/21388820/how-to-get-the-last-index-of-a-substring-in-sqlite
            , TRIM(SUBSTR(b.NormalizedName, length(a.FirstName) + 1)) AS middle_lastname 
                    -- this gives all except the first name 
            , length(b.NormalizedName) as l_fullname 
            , length(a.FirstName) as l_firstname
            , length(REPLACE(b.NormalizedName, RTRIM(b.NormalizedName, REPLACE(b.NormalizedName, " ", "")), "")) as l_lastname
            , e.NormalizedName AS fieldofstudy
        FROM author_sample AS a
        INNER JOIN (
            SELECT AuthorId, NormalizedName
            FROM Authors
        ) AS b USING(AuthorId)
        INNER JOIN (
            -- ## mark: different from linking graduates. filter on field0
            SELECT AuthorId, NormalizedName
            FROM author_fields c
            INNER JOIN (
                SELECT FieldOfStudyId, NormalizedName
                FROM FieldsOfStudy
            ) AS d USING(FieldOfStudyId)
            WHERE FieldClass = 'main'
                AND FieldOfStudyId IN (?)
        ) AS e USING(AuthorId)
    ) f
    LEFT JOIN (
        SELECT AuthorId
                , main_us_institutions_career as institution
                , coauthors
                , keywords
                , main_us_institutions_year
                , all_us_institutions_year
        FROM author_info_linking
    ) AS g USING(AuthorId)
    
    WHERE length(firstname) > 1 AND f.YearLastPub >= 1985 - 5 AND year <= 2022 + 5 AND institution is not NULL
     

Starting active labeling...
(y)es / (n)o / (u)nsure / (f)inished
firstname : emilio
lastname : gallicchio
middlename : None
year_range : (2020,)
main_us_institutions_year : ((2020, 'city university of new york'),)
all_us_institutions_year : ((2020, 'city university of new york'),)

firstname : emilio
lastname : gallicchio
middlename : None
year_range : (1993, 2021)
main_us_institutions_year : ((1993, 'columbia university'), (2000, 'rutgers university'), (2001, 'rutgers university'), (2002, 'rutgers university'), (2003, 'rutgers university'), (2004, 'rutgers university'), (2005, 'rutgers university'), (2006, 'rutgers university'), (2007, 'center for advanced biotechnology and medicine'), (2008, 'rutgers university'), (2009, 'rutgers university'), (2010, 'rutgers university'), (2011, 'rutgers university'), (2012, 'rutgers university'), (2013, 'rutgers university'), (2014, 'rutgers university'), (2014, 'brooklyn college'), (2015, 'city university of new york'), (2015, 'brooklyn college'), (2016, 'city university of new york'), (2017, 'city university of new york'), (2018, 'city university of new york'), (2019, 'city university of new york'), (2020, 'city university of new york'), (2021, 'city university of new york'))
all_us_institutions_year : ((1993, 'columbia university'), (2000, 'rutgers university'), (2001, 'rutgers university'), (2002, 'rutgers university'), (2003, 'rutgers university'), (2004, 'rutgers university'), (2005, 'rutgers university'), (2006, 'rutgers university'), (2007, 'center for advanced biotechnology and medicine'), (2008, 'columbia university'), (2008, 'rutgers university'), (2009, 'rutgers university'), (2010, 'rutgers university'), (2011, 'rutgers university'), (2012, 'rutgers university'), (2013, 'rutgers university'), (2014, 'brooklyn college'), (2014, 'rutgers university'), (2015, 'brooklyn college'), (2015, 'city university of new york'), (2016, 'brooklyn college'), (2016, 'city university of new york'), (2017, 'brooklyn college'), (2017, 'city university of new york'), (2017, 'the graduate center cuny'), (2018, 'brooklyn college'), (2018, 'city university of new york'), (2018, 'the graduate center cuny'), (2019, 'brooklyn college'), (2019, 'city university of new york'), (2020, 'brooklyn college'), (2020, 'city university of new york'), (2021, 'city university of new york'), (2021, 'the graduate center cuny'))

0/10 positive, 0/10 negative
Do these records refer to the same thing?
(y)es / (n)o / (u)nsure / (f)inished / (p)revious
firstname : mohammad
lastname : movassaghi
middlename : None
year_range : (2010,)
main_us_institutions_year : ((2010, 'massachusetts institute of technology'),)
all_us_institutions_year : ((2010, 'massachusetts institute of technology'),)

firstname : mohammad
lastname : movassaghi
middlename : None
year_range : (1997, 2020)
main_us_institutions_year : ((1997, 'california institute of technology'), (1998, 'california institute of technology'), (2000, 'harvard university'), (2002, 'harvard university'), (2005, 'massachusetts institute of technology'), (2006, 'massachusetts institute of technology'), (2007, 'massachusetts institute of technology'), (2008, 'massachusetts institute of technology'), (2009, 'massachusetts institute of technology'), (2010, 'massachusetts institute of technology'), (2011, 'massachusetts institute of technology'), (2012, 'massachusetts institute of technology'), (2013, 'massachusetts institute of technology'), (2014, 'massachusetts institute of technology'), (2015, 'massachusetts institute of technology'), (2016, 'massachusetts institute of technology'), (2017, 'massachusetts institute of technology'), (2018, 'massachusetts institute of technology'), (2019, 'massachusetts institute of technology'), (2020, 'massachusetts institute of technology'))
all_us_institutions_year : ((1997, 'california institute of technology'), (1998, 'california institute of technology'), (2000, 'harvard university'), (2001, 'harvard university'), (2002, 'harvard university'), (2005, 'massachusetts institute of technology'), (2006, 'massachusetts institute of technology'), (2007, 'massachusetts institute of technology'), (2008, 'massachusetts institute of technology'), (2009, 'massachusetts institute of technology'), (2010, 'california institute of technology'), (2010, 'harvard university'), (2010, 'massachusetts institute of technology'), (2011, 'massachusetts institute of technology'), (2012, 'massachusetts institute of technology'), (2013, 'massachusetts institute of technology'), (2014, 'massachusetts institute of technology'), (2015, 'massachusetts institute of technology'), (2015, 'scripps research institute'), (2016, 'massachusetts institute of technology'), (2017, 'massachusetts institute of technology'), (2018, 'massachusetts institute of technology'), (2019, 'massachusetts institute of technology'), (2020, 'massachusetts institute of technology'))

0/10 positive, 0/10 negative
Do these records refer to the same thing?
(y)es / (n)o / (u)nsure / (f)inished
firstname : emilio
lastname : gallicchio
middlename : None
year_range : (2020,)
main_us_institutions_year : ((2020, 'city university of new york'),)
all_us_institutions_year : ((2020, 'city university of new york'),)

firstname : emilio
lastname : gallicchio
middlename : None
year_range : (1993, 2021)
main_us_institutions_year : ((1993, 'columbia university'), (2000, 'rutgers university'), (2001, 'rutgers university'), (2002, 'rutgers university'), (2003, 'rutgers university'), (2004, 'rutgers university'), (2005, 'rutgers university'), (2006, 'rutgers university'), (2007, 'center for advanced biotechnology and medicine'), (2008, 'rutgers university'), (2009, 'rutgers university'), (2010, 'rutgers university'), (2011, 'rutgers university'), (2012, 'rutgers university'), (2013, 'rutgers university'), (2014, 'rutgers university'), (2014, 'brooklyn college'), (2015, 'city university of new york'), (2015, 'brooklyn college'), (2016, 'city university of new york'), (2017, 'city university of new york'), (2018, 'city university of new york'), (2019, 'city university of new york'), (2020, 'city university of new york'), (2021, 'city university of new york'))
all_us_institutions_year : ((1993, 'columbia university'), (2000, 'rutgers university'), (2001, 'rutgers university'), (2002, 'rutgers university'), (2003, 'rutgers university'), (2004, 'rutgers university'), (2005, 'rutgers university'), (2006, 'rutgers university'), (2007, 'center for advanced biotechnology and medicine'), (2008, 'columbia university'), (2008, 'rutgers university'), (2009, 'rutgers university'), (2010, 'rutgers university'), (2011, 'rutgers university'), (2012, 'rutgers university'), (2013, 'rutgers university'), (2014, 'brooklyn college'), (2014, 'rutgers university'), (2015, 'brooklyn college'), (2015, 'city university of new york'), (2016, 'brooklyn college'), (2016, 'city university of new york'), (2017, 'brooklyn college'), (2017, 'city university of new york'), (2017, 'the graduate center cuny'), (2018, 'brooklyn college'), (2018, 'city university of new york'), (2018, 'the graduate center cuny'), (2019, 'brooklyn college'), (2019, 'city university of new york'), (2020, 'brooklyn college'), (2020, 'city university of new york'), (2021, 'city university of new york'), (2021, 'the graduate center cuny'))

1/10 positive, 0/10 negative
Do these records refer to the same thing?
(y)es / (n)o / (u)nsure / (f)inished / (p)revious
firstname : atsuo
lastname : kuki
middlename : None
year_range : (1993,)
main_us_institutions_year : ((1993, 'cornell university'),)
all_us_institutions_year : ((1993, 'cornell university'),)

firstname : atsuo
lastname : kuki
middlename : None
year_range : (1987, 2009)
main_us_institutions_year : ((1987, 'cornell university'), (1991, 'cornell university'), (1992, 'cornell university'), (1993, 'cornell university'), (1997, 'cornell university'), (2009, 'cornell university'))
all_us_institutions_year : ((1987, 'cornell university'), (1991, 'cornell university'), (1992, 'cornell university'), (1993, 'cornell university'), (1994, 'cornell university'), (1997, 'cornell university'), (1998, 'cornell university'), (2009, 'cornell university'))

2/10 positive, 0/10 negative
Do these records refer to the same thing?
(y)es / (n)o / (u)nsure / (f)inished / (p)revious
firstname : kuohsiung
lastname : lee
middlename : None
year_range : (2006,)
main_us_institutions_year : ((2006, 'university of north carolina at chapel hill'),)
all_us_institutions_year : ((2006, 'university of north carolina at chapel hill'),)

firstname : kuohsiung
lastname : lee
middlename : None
year_range : (1995, 2016)
main_us_institutions_year : ((1995, 'university of north carolina at chapel hill'), (1996, 'university of north carolina at chapel hill'), (2000, 'university of north carolina at chapel hill'), (2001, 'university of north carolina at chapel hill'), (2002, 'university of north carolina at chapel hill'), (2003, 'university of north carolina at chapel hill'), (2004, 'university of north carolina at chapel hill'), (2005, 'university of north carolina at chapel hill'), (2006, 'university of north carolina at chapel hill'), (2007, 'university of north carolina at chapel hill'), (2008, 'university of north carolina at chapel hill'), (2009, 'university of north carolina at chapel hill'), (2011, 'university of north carolina at chapel hill'), (2012, 'university of north carolina at chapel hill'), (2013, 'university of north carolina at chapel hill'), (2014, 'university of north carolina at chapel hill'), (2015, 'university of north carolina at chapel hill'), (2016, 'university of north carolina at chapel hill'))
all_us_institutions_year : ((1995, 'university of north carolina at chapel hill'), (1996, 'university of north carolina at chapel hill'), (1999, 'university of north carolina at chapel hill'), (2000, 'university of north carolina at chapel hill'), (2001, 'university of north carolina at chapel hill'), (2002, 'university of north carolina at chapel hill'), (2003, 'university of north carolina at chapel hill'), (2004, 'university of north carolina at chapel hill'), (2005, 'university of north carolina at chapel hill'), (2006, 'university of north carolina at chapel hill'), (2007, 'university of north carolina at chapel hill'), (2008, 'university of north carolina at chapel hill'), (2009, 'university of north carolina at chapel hill'), (2011, 'university of north carolina at chapel hill'), (2012, 'university of north carolina at chapel hill'), (2013, 'university of north carolina at chapel hill'), (2014, 'university of north carolina at chapel hill'), (2015, 'university of north carolina at chapel hill'), (2016, 'university of north carolina at chapel hill'))

3/10 positive, 0/10 negative
Do these records refer to the same thing?
(y)es / (n)o / (u)nsure / (f)inished / (p)revious
firstname : vladimir
lastname : chernyak
middlename : None
year_range : (2019,)
main_us_institutions_year : ((2019, 'wayne state university'),)
all_us_institutions_year : ((2019, 'wayne state university'),)

firstname : vladimir
lastname : cherny
middlename : v
year_range : (2000, 2020)
main_us_institutions_year : ((2009, 'rush university'), (2012, 'rush university'), (2013, 'rush university'), (2014, 'rush university'), (2015, 'rush university'), (2016, 'rush university'), (2017, 'rush university'), (2018, 'rush university'), (2019, 'rush university'), (2020, 'rush university'))
all_us_institutions_year : ((2009, 'rush university'), (2012, 'rush university'), (2013, 'rush university'), (2014, 'rush university'), (2015, 'rush university'), (2016, 'rush university'), (2017, 'rush university'), (2018, 'rush university'), (2019, 'rush university'), (2020, 'rush university'))

4/10 positive, 0/10 negative
Do these records refer to the same thing?
(y)es / (n)o / (u)nsure / (f)inished / (p)revious
firstname : thomas
lastname : albrechtschmitt
middlename : None
year_range : (2019,)
main_us_institutions_year : ((2019, 'florida state university'),)
all_us_institutions_year : ((2019, 'florida state university'),)

firstname : thomas
lastname : albrecht
middlename : a
year_range : (2007, 2012)
main_us_institutions_year : ((2007, 'northwestern university'), (2008, 'northwestern university'), (2009, 'northwestern university'), (2010, 'northwestern university'))
all_us_institutions_year : ((2007, 'northwest university'), (2007, 'northwestern university'), (2008, 'northwest university'), (2008, 'northwestern university'), (2009, 'northwest university'), (2009, 'northwestern university'), (2010, 'northwestern university'))

4/10 positive, 1/10 negative
Do these records refer to the same thing?
(y)es / (n)o / (u)nsure / (f)inished / (p)revious
firstname : iris
lastname : hall
middlename : haddon
year_range : (1999,)
main_us_institutions_year : ((1999, 'university of north carolina at chapel hill'),)
all_us_institutions_year : ((1999, 'university of north carolina at chapel hill'),)

firstname : iris
lastname : hallx
middlename : h
year_range : (1981, 1984)
main_us_institutions_year : ((1981, 'university of north carolina at chapel hill'), (1982, 'university of north carolina at chapel hill'), (1983, 'university of north carolina at chapel hill'), (1984, 'university of north carolina at chapel hill'))
all_us_institutions_year : ((1981, 'university of north carolina at chapel hill'), (1982, 'university of north carolina at chapel hill'), (1983, 'university of north carolina at chapel hill'), (1984, 'university of north carolina at chapel hill'))

4/10 positive, 2/10 negative
Do these records refer to the same thing?
(y)es / (n)o / (u)nsure / (f)inished / (p)revious
firstname : christine
lastname : schmidt
middlename : e
year_range : (2008,)
main_us_institutions_year : ((2008, 'university of texas at austin'),)
all_us_institutions_year : ((2008, 'university of texas at austin'),)

firstname : david
lastname : schmidtke
middlename : w
year_range : (1993, 2021)
main_us_institutions_year : ((1993, 'university of texas at austin'), (1994, 'university of texas at austin'), (1995, 'university of texas at austin'), (1996, 'university of texas at austin'), (1998, 'university of texas at austin'), (1999, 'university of pennsylvania'), (2000, 'university of pennsylvania'), (2002, 'university of pennsylvania'), (2004, 'university of oklahoma'), (2005, 'university of oklahoma'), (2006, 'university of oklahoma'), (2007, 'university of oklahoma'), (2008, 'university of oklahoma'), (2009, 'university of oklahoma'), (2010, 'university of oklahoma'), (2011, 'university of oklahoma'), (2012, 'university of oklahoma'), (2013, 'university of oklahoma'), (2014, 'university of oklahoma'), (2015, 'university of oklahoma'), (2016, 'university of oklahoma'), (2016, 'university of texas at dallas'), (2017, 'university of texas at dallas'), (2018, 'university of texas at dallas'), (2019, 'university of texas at dallas'), (2020, 'university of texas southwestern medical center'), (2020, 'university of texas at dallas'), (2021, 'university of oklahoma'), (2021, 'university of texas at dallas'))
all_us_institutions_year : ((1993, 'university of texas at austin'), (1994, 'university of texas at austin'), (1995, 'university of texas at austin'), (1996, 'university of texas at austin'), (1998, 'university of texas at austin'), (1999, 'university of pennsylvania'), (2000, 'university of pennsylvania'), (2002, 'university of oklahoma'), (2002, 'university of pennsylvania'), (2002, 'university of texas at austin'), (2004, 'university of oklahoma'), (2005, 'university of oklahoma'), (2006, 'university of oklahoma'), (2007, 'university of oklahoma'), (2008, 'university of oklahoma'), (2009, 'university of oklahoma'), (2010, 'university of oklahoma'), (2011, 'university of oklahoma'), (2012, 'university of oklahoma'), (2013, 'university of oklahoma'), (2014, 'university of oklahoma'), (2015, 'university of oklahoma'), (2016, 'university of oklahoma'), (2016, 'university of texas at dallas'), (2017, 'university of texas at dallas'), (2018, 'university of texas at dallas'), (2018, 'university of texas southwestern medical center'), (2019, 'university of texas at dallas'), (2019, 'university of texas southwestern medical center'), (2020, 'university of texas at dallas'), (2020, 'university of texas southwestern medical center'), (2021, 'university of oklahoma'), (2021, 'university of texas at dallas'))

4/10 positive, 3/10 negative
Do these records refer to the same thing?
(y)es / (n)o / (u)nsure / (f)inished / (p)revious
firstname : rex
lastname : shepherd
middlename : e
year_range : (2001,)
main_us_institutions_year : ((2001, 'university of pittsburgh'),)
all_us_institutions_year : ((2001, 'university of pittsburgh'),)

firstname : virginia
lastname : shepherd
middlename : None
year_range : (1976, 1980)
main_us_institutions_year : ((1976, 'university of iowa'), (1978, 'university of iowa'), (1980, 'university of iowa'))
all_us_institutions_year : ((1976, 'university of iowa'), (1978, 'university of iowa'), (1980, 'university of iowa'))

4/10 positive, 4/10 negative
Do these records refer to the same thing?
(y)es / (n)o / (u)nsure / (f)inished / (p)revious
firstname : yang
lastname : qin
middlename : None
year_range : (2017,)
main_us_institutions_year : ((2017, 'university of new mexico'),)
all_us_institutions_year : ((2017, 'university of new mexico'),)

firstname : ling
lastname : qin
middlename : None
year_range : (1992, 1996)
main_us_institutions_year : ((1992, 'iowa state university'), (1993, 'iowa state university'), (1994, 'iowa state university'), (1996, 'iowa state university'))
all_us_institutions_year : ((1992, 'iowa state university'), (1993, 'iowa state university'), (1994, 'iowa state university'), (1996, 'iowa state university'))

4/10 positive, 5/10 negative
Do these records refer to the same thing?
(y)es / (n)o / (u)nsure / (f)inished / (p)revious
firstname : christine
lastname : schmidt
middlename : e
year_range : (2008,)
main_us_institutions_year : ((2008, 'university of texas at austin'),)
all_us_institutions_year : ((2008, 'university of texas at austin'),)

firstname : christiane
lastname : schmidt
middlename : None
year_range : (2003, 2006)
main_us_institutions_year : ((2003, 'boston children s hospital'), (2005, 'boston children s hospital'), (2006, 'boston children s hospital'))
all_us_institutions_year : ((2003, 'boston children s hospital'), (2005, 'boston children s hospital'), (2006, 'boston children s hospital'))

4/10 positive, 6/10 negative
Do these records refer to the same thing?
(y)es / (n)o / (u)nsure / (f)inished / (p)revious
firstname : andrew
lastname : teplyakov
middlename : v andrew v
year_range : (2014,)
main_us_institutions_year : ((2014, 'university of delaware'),)
all_us_institutions_year : ((2014, 'university of delaware'),)

firstname : and
lastname : teplyakov
middlename : andrew v
year_range : (1996, 1998)
main_us_institutions_year : ((1996, 'columbia university'),)
all_us_institutions_year : ((1996, 'columbia university'),)

4/10 positive, 7/10 negative
Do these records refer to the same thing?
(y)es / (n)o / (u)nsure / (f)inished / (p)revious
firstname : do
lastname : kim
middlename : young
year_range : (2020,)
main_us_institutions_year : ((2020, 'oklahoma state university'),)
all_us_institutions_year : ((2020, 'oklahoma state university'),)

firstname : do
lastname : kim
middlename : heui
year_range : (1996, 2013)
main_us_institutions_year : ((2002, 'northwestern university'), (2004, 'pacific northwest national laboratory'), (2005, 'pacific northwest national laboratory'), (2006, 'pacific northwest national laboratory'), (2007, 'pacific northwest national laboratory'), (2008, 'pacific northwest national laboratory'), (2009, 'pacific northwest national laboratory'), (2010, 'pacific northwest national laboratory'), (2011, 'pacific northwest national laboratory'), (2012, 'pacific northwest national laboratory'))
all_us_institutions_year : ((2002, 'northwestern university'), (2004, 'northwestern university'), (2004, 'pacific northwest national laboratory'), (2005, 'pacific northwest national laboratory'), (2006, 'pacific northwest national laboratory'), (2007, 'pacific northwest national laboratory'), (2008, 'pacific northwest national laboratory'), (2009, 'pacific northwest national laboratory'), (2010, 'pacific northwest national laboratory'), (2011, 'pacific northwest national laboratory'), (2012, 'pacific northwest national laboratory'))

4/10 positive, 8/10 negative
Do these records refer to the same thing?
(y)es / (n)o / (u)nsure / (f)inished / (p)revious
firstname : sungeun
lastname : cho
middlename : None
year_range : (2019,)
main_us_institutions_year : ((2019, 'michigan state university'),)
all_us_institutions_year : ((2019, 'michigan state university'),)

firstname : sung
lastname : cho
middlename : mi
year_range : (2013, 2020)
main_us_institutions_year : ((2013, 'university of minnesota'),)
all_us_institutions_year : ((2013, 'university of minnesota'),)

4/10 positive, 9/10 negative
Do these records refer to the same thing?
(y)es / (n)o / (u)nsure / (f)inished / (p)revious
firstname : milos
lastname : novotny
middlename : v
year_range : (1991,)
main_us_institutions_year : ((1991, 'indiana university'),)
all_us_institutions_year : ((1991, 'indiana university'),)

firstname : milos
lastname : novotný
middlename : None
year_range : (1973, 2007)
main_us_institutions_year : ((1973, 'indiana university'), (1974, 'indiana university'), (1975, 'indiana university'), (1976, 'indiana university'), (1977, 'indiana university'), (1979, 'indiana university'), (1980, 'indiana university'), (1981, 'indiana university'), (1982, 'indiana university'), (1983, 'indiana university'), (1984, 'indiana university'), (1987, 'indiana university'), (2007, 'indiana university'))
all_us_institutions_year : ((1973, 'indiana university'), (1974, 'indiana university'), (1975, 'indiana university'), (1976, 'indiana university'), (1977, 'indiana university'), (1979, 'indiana university'), (1980, 'indiana university'), (1981, 'indiana university'), (1982, 'indiana university'), (1983, 'indiana university'), (1984, 'indiana university'), (1987, 'indiana university'), (2007, 'indiana university'))

4/10 positive, 10/10 negative
Do these records refer to the same thing?
(y)es / (n)o / (u)nsure / (f)inished / (p)revious
firstname : cecilia
lastname : nunes
middlename : do nascimento
year_range : (2009,)
main_us_institutions_year : ((2009, 'university of florida'),)
all_us_institutions_year : ((2009, 'university of florida'),)

firstname : cecilia
lastname : nunes
middlename : do nascimento
year_range : (2013, 2018)
main_us_institutions_year : ((2013, 'university of south florida'), (2016, 'university of south florida'), (2017, 'university of south florida'), (2018, 'university of south florida'))
all_us_institutions_year : ((2013, 'university of south florida'), (2016, 'university of south florida'), (2017, 'university of south florida'), (2018, 'university of south florida'))

5/10 positive, 10/10 negative
Do these records refer to the same thing?
(y)es / (n)o / (u)nsure / (f)inished / (p)revious
firstname : tomas
lastname : baer
middlename : None
year_range : (2006,)
main_us_institutions_year : ((2006, 'university of north carolina at chapel hill'),)
all_us_institutions_year : ((2006, 'university of north carolina at chapel hill'),)

firstname : tomas
lastname : navratil
middlename : None
year_range : (2003, 2005)
main_us_institutions_year : ((2003, 'university of north carolina at chapel hill'), (2004, 'university of north carolina at chapel hill'), (2005, 'university of north carolina at chapel hill'))
all_us_institutions_year : ((2003, 'university of north carolina at chapel hill'), (2004, 'university of north carolina at chapel hill'), (2005, 'university of north carolina at chapel hill'))

5/10 positive, 10/10 negative
Do these records refer to the same thing?
(y)es / (n)o / (u)nsure / (f)inished / (p)revious
firstname : min
lastname : xue
middlename : None
year_range : (2021,)
main_us_institutions_year : ((2021, 'university of california riverside'),)
all_us_institutions_year : ((2021, 'university of california riverside'),)

firstname : min
lastname : lu
middlename : None
year_range : (2002, 2013)
main_us_institutions_year : ((2002, 'university of california riverside'), (2004, 'university of california riverside'), (2006, 'university of california riverside'), (2013, 'university of california san diego'))
all_us_institutions_year : ((2002, 'university of california riverside'), (2004, 'university of california riverside'), (2006, 'university of california riverside'), (2013, 'university of california san diego'))

6/10 positive, 10/10 negative
Do these records refer to the same thing?
(y)es / (n)o / (u)nsure / (f)inished / (p)revious
firstname : mark
lastname : hayes
middlename : None
year_range : (2005,)
main_us_institutions_year : ((2005, 'arizona state university'),)
all_us_institutions_year : ((2005, 'arizona state university'),)

firstname : mark
lastname : edgar
middlename : t
year_range : (1976, 1980)
main_us_institutions_year : ((1976, 'arizona state university'), (1978, 'arizona state university'), (1979, 'arizona state university'))
all_us_institutions_year : ((1976, 'arizona state university'), (1978, 'arizona state university'), (1979, 'arizona state university'))

6/10 positive, 11/10 negative
Do these records refer to the same thing?
(y)es / (n)o / (u)nsure / (f)inished / (p)revious
firstname : gary
lastname : brudvig
middlename : None
year_range : (2019,)
main_us_institutions_year : ((2019, 'yale university'),)
all_us_institutions_year : ((2019, 'yale university'),)

firstname : gary
lastname : brudvig
middlename : w
year_range : (1979, 2021)
main_us_institutions_year : ((1979, 'yale university'), (1980, 'yale university'), (1980, 'california institute of technology'), (1981, 'yale university'), (1982, 'yale university'), (1983, 'university of california berkeley'), (1984, 'yale university'), (1985, 'yale university'), (1986, 'yale university'), (1987, 'yale university'), (1988, 'yale university'), (1989, 'yale university'), (1990, 'yale university'), (1991, 'yale university'), (1992, 'yale university'), (1993, 'yale university'), (1994, 'yale university'), (1995, 'yale university'), (1996, 'yale university'), (1997, 'yale university'), (1998, 'yale university'), (1999, 'yale university'), (2000, 'yale university'), (2001, 'yale university'), (2002, 'yale university'), (2003, 'yale university'), (2004, 'yale university'), (2005, 'yale university'), (2006, 'yale university'), (2007, 'yale university'), (2008, 'yale university'), (2009, 'yale university'), (2010, 'yale university'), (2011, 'yale university'), (2012, 'yale university'), (2013, 'yale university'), (2014, 'yale university'), (2015, 'yale university'), (2016, 'yale university'), (2017, 'yale university'), (2018, 'yale university'), (2019, 'yale university'), (2020, 'yale university'), (2021, 'yale university'))
all_us_institutions_year : ((1979, 'california institute of technology'), (1979, 'yale university'), (1980, 'california institute of technology'), (1980, 'yale university'), (1981, 'yale university'), (1982, 'yale university'), (1983, 'california institute of technology'), (1983, 'university of california berkeley'), (1983, 'yale university'), (1984, 'yale university'), (1985, 'yale university'), (1986, 'yale university'), (1987, 'yale university'), (1988, 'yale university'), (1989, 'yale university'), (1990, 'yale university'), (1991, 'yale university'), (1992, 'yale university'), (1993, 'yale university'), (1994, 'yale university'), (1995, 'yale university'), (1996, 'yale university'), (1997, 'yale university'), (1998, 'arizona state university'), (1998, 'university of california riverside'), (1998, 'yale university'), (1999, 'haverford college'), (1999, 'university of california riverside'), (1999, 'yale university'), (2000, 'argonne national laboratory'), (2000, 'yale university'), (2001, 'ohio state university'), (2001, 'scripps research institute'), (2001, 'university of california riverside'), (2001, 'yale university'), (2002, 'yale university'), (2003, 'yale university'), (2004, 'yale university'), (2005, 'yale university'), (2006, 'yale university'), (2007, 'yale university'), (2008, 'regis university'), (2008, 'yale university'), (2009, 'university of alabama'), (2009, 'yale university'), (2010, 'university of north carolina at chapel hill'), (2010, 'yale university'), (2011, 'yale university'), (2012, 'yale university'), (2013, 'yale university'), (2014, 'yale university'), (2015, 'yale university'), (2016, 'yale university'), (2017, 'yale university'), (2018, 'yale university'), (2019, 'yale university'), (2020, 'yale university'), (2021, 'yale university'))

6/10 positive, 12/10 negative
Do these records refer to the same thing?
(y)es / (n)o / (u)nsure / (f)inished / (p)revious
firstname : li
lastname : jia
middlename : None
year_range : (2005,)
main_us_institutions_year : ((2005, 'lehigh university'),)
all_us_institutions_year : ((2005, 'lehigh university'),)

firstname : li
lastname : jia
middlename : None
year_range : (1993, 2021)
main_us_institutions_year : ((1993, 'northwestern university'), (1994, 'northwestern university'), (1995, 'northwestern university'), (1996, 'northwestern university'), (1997, 'northwestern university'), (2001, 'lehigh university'), (2002, 'lehigh university'), (2003, 'lehigh university'), (2003, 'university of southern california'), (2004, 'university of southern california'), (2005, 'lehigh university'), (2005, 'university of southern california'), (2006, 'university of southern california'), (2007, 'university of southern california'), (2008, 'chinese academy of sciences'), (2008, 'university of akron'), (2008, 'university of southern california'), (2009, 'university of southern california'), (2010, 'university of akron'), (2011, 'washington university in st louis'), (2011, 'university of akron'), (2012, 'washington university in st louis'), (2013, 'washington university in st louis'), (2014, 'university of akron'), (2015, 'brigham and women s hospital'), (2016, 'university of akron'), (2017, 'university of akron'), (2018, 'university of akron'), (2019, 'brigham and women s hospital'), (2019, 'harvard university'), (2019, 'university of akron'), (2020, 'university of akron'), (2021, 'university of akron'))
all_us_institutions_year : ((1992, 'northwestern university'), (1993, 'northwestern university'), (1994, 'northwestern university'), (1995, 'northwestern university'), (1996, 'northwestern university'), (1997, 'northwestern university'), (1998, 'northwestern university'), (2001, 'lehigh university'), (2002, 'lehigh university'), (2003, 'lehigh university'), (2003, 'university of southern california'), (2004, 'lehigh university'), (2004, 'university of southern california'), (2005, 'lehigh university'), (2005, 'university of southern california'), (2006, 'lehigh university'), (2006, 'university of southern california'), (2007, 'lehigh university'), (2007, 'university of akron'), (2007, 'university of southern california'), (2008, 'chinese academy of sciences'), (2008, 'university of akron'), (2008, 'university of southern california'), (2009, 'university of akron'), (2009, 'university of southern california'), (2010, 'university of akron'), (2011, 'university of akron'), (2011, 'washington university in st louis'), (2012, 'washington university in st louis'), (2013, 'university of akron'), (2013, 'washington university in st louis'), (2014, 'university of akron'), (2015, 'brigham and women s hospital'), (2016, 'brigham and women s hospital'), (2016, 'chinese academy of sciences'), (2016, 'university of akron'), (2017, 'brigham and women s hospital'), (2017, 'university of akron'), (2018, 'brigham and women s hospital'), (2018, 'university of akron'), (2019, 'brigham and women s hospital'), (2019, 'harvard university'), (2019, 'university of akron'), (2020, 'university of akron'), (2021, 'university of akron'))

7/10 positive, 12/10 negative
Do these records refer to the same thing?
(y)es / (n)o / (u)nsure / (f)inished / (p)revious
firstname : eva
lastname : zurek
middlename : None
year_range : (2018,)
main_us_institutions_year : ((2018, 'university at buffalo'),)
all_us_institutions_year : ((2018, 'university at buffalo'),)

firstname : eva
lastname : zurek
middlename : None
year_range : (2001, 2021)
main_us_institutions_year : ((2008, 'university at buffalo'), (2009, 'cornell university'), (2011, 'university at buffalo'), (2012, 'university at buffalo'), (2013, 'university at buffalo'), (2014, 'university at buffalo'), (2015, 'university at buffalo'), (2016, 'university at buffalo'), (2017, 'university at buffalo'), (2018, 'university at buffalo'), (2019, 'university at buffalo'), (2020, 'university at buffalo'), (2021, 'university at buffalo'))
all_us_institutions_year : ((2008, 'university at buffalo'), (2009, 'cornell university'), (2009, 'university at buffalo'), (2011, 'university at buffalo'), (2012, 'university at buffalo'), (2013, 'university at buffalo'), (2014, 'state university of new york system'), (2014, 'university at buffalo'), (2015, 'university at buffalo'), (2016, 'state university of new york system'), (2016, 'university at buffalo'), (2017, 'state university of new york system'), (2017, 'university at buffalo'), (2018, 'state university of new york system'), (2018, 'university at buffalo'), (2019, 'state university of new york system'), (2019, 'university at buffalo'), (2020, 'state university of new york system'), (2020, 'university at buffalo'), (2021, 'university at buffalo'))

8/10 positive, 12/10 negative
Do these records refer to the same thing?
(y)es / (n)o / (u)nsure / (f)inished / (p)revious
firstname : james
lastname : coward
middlename : k
year_range : (2002,)
main_us_institutions_year : ((2002, 'university of michigan'),)
all_us_institutions_year : ((2002, 'university of michigan'),)

firstname : james
lastname : coward
middlename : k
year_range : (1990, 1996)
main_us_institutions_year : ((1990, 'roswell park cancer institute'), (1996, 'roswell park cancer institute'))
all_us_institutions_year : ((1990, 'roswell park cancer institute'), (1996, 'roswell park cancer institute'))

9/10 positive, 12/10 negative
Do these records refer to the same thing?
(y)es / (n)o / (u)nsure / (f)inished / (p)revious
firstname : john
lastname : evans
middlename : spencer
year_range : (1999,)
main_us_institutions_year : ((1999, 'new york university'),)
all_us_institutions_year : ((1999, 'new york university'),)

firstname : john
lastname : evans
middlename : spencer
year_range : (1994, 1995)
main_us_institutions_year : ((1994, 'california institute of technology'), (1995, 'california institute of technology'))
all_us_institutions_year : ((1994, 'california institute of technology'), (1995, 'california institute of technology'))

9/10 positive, 13/10 negative
Do these records refer to the same thing?
(y)es / (n)o / (u)nsure / (f)inished / (p)revious
firstname : philip
lastname : reid
middlename : j
year_range : (2006,)
main_us_institutions_year : ((2006, 'university of washington'),)
all_us_institutions_year : ((2006, 'university of washington'),)

firstname : philip
lastname : reid
middlename : j
year_range : (1989, 1996)
main_us_institutions_year : ((1989, 'university of california berkeley'), (1994, 'university of minnesota'), (1995, 'university of minnesota'))
all_us_institutions_year : ((1989, 'university of california berkeley'), (1991, 'university of california'), (1991, 'university of california berkeley'), (1992, 'university of california'), (1994, 'university of california'), (1994, 'university of minnesota'), (1995, 'university of minnesota'), (1996, 'university of minnesota'))

9/10 positive, 13/10 negative
Do these records refer to the same thing?
(y)es / (n)o / (u)nsure / (f)inished / (p)revious
firstname : kenneth
lastname : takeuchi
middlename : j
year_range : (2012,)
main_us_institutions_year : ((2012, 'university at buffalo'),)
all_us_institutions_year : ((2012, 'university at buffalo'),)

firstname : kenneth
lastname : takeuchi
middlename : j
year_range : (1982, 1986)
main_us_institutions_year : ((1982, 'university of north carolina at chapel hill'), (1983, 'university of north carolina at chapel hill'), (1984, 'university of north carolina at chapel hill'), (1985, 'university of north carolina at chapel hill'), (1986, 'university of north carolina at chapel hill'))
all_us_institutions_year : ((1982, 'university of north carolina at chapel hill'), (1983, 'university of north carolina at chapel hill'), (1984, 'university of north carolina at chapel hill'), (1985, 'university of north carolina at chapel hill'), (1986, 'university of north carolina at chapel hill'))

9/10 positive, 14/10 negative
Do these records refer to the same thing?
(y)es / (n)o / (u)nsure / (f)inished / (p)revious
firstname : michael
lastname : sepaniak
middlename : j
year_range : (1991,)
main_us_institutions_year : ((1991, 'university of tennessee'),)
all_us_institutions_year : ((1991, 'university of tennessee'),)

firstname : michael
lastname : sepaniak
middlename : None
year_range : (1991, 2002)
main_us_institutions_year : ((2002, 'oak ridge national laboratory'),)
all_us_institutions_year : ((2002, 'oak ridge national laboratory'),)

9/10 positive, 15/10 negative
Do these records refer to the same thing?
(y)es / (n)o / (u)nsure / (f)inished / (p)revious
firstname : stuart
lastname : allison
middlename : None
year_range : (2010,)
main_us_institutions_year : ((2010, 'georgia state university'),)
all_us_institutions_year : ((2010, 'georgia state university'),)

firstname : stuart
lastname : allison
middlename : a
year_range : (1983, 1984)
main_us_institutions_year : ((1983, 'university of oregon'), (1984, 'university of oregon'))
all_us_institutions_year : ((1983, 'university of oregon'), (1984, 'university of oregon'))

9/10 positive, 15/10 negative
Do these records refer to the same thing?
(y)es / (n)o / (u)nsure / (f)inished / (p)revious
firstname : david
lastname : watson
middlename : None
year_range : (2019,)
main_us_institutions_year : ((2019, 'university at buffalo'),)
all_us_institutions_year : ((2019, 'university at buffalo'),)

firstname : david
lastname : watson
middlename : b
year_range : (1960, 2019)
main_us_institutions_year : ((2002, 'oak ridge national laboratory'), (2003, 'university of texas health science center at houston'), (2004, 'oak ridge national laboratory'), (2005, 'oak ridge national laboratory'), (2006, 'oak ridge national laboratory'), (2007, 'oak ridge national laboratory'), (2008, 'oak ridge national laboratory'), (2009, 'oak ridge national laboratory'), (2010, 'oak ridge national laboratory'), (2011, 'oak ridge national laboratory'), (2012, 'oak ridge national laboratory'), (2013, 'oak ridge national laboratory'), (2014, 'oak ridge national laboratory'), (2015, 'oak ridge national laboratory'), (2016, 'oak ridge national laboratory'), (2017, 'oak ridge national laboratory'), (2018, 'oak ridge national laboratory'), (2019, 'oak ridge national laboratory'))
all_us_institutions_year : ((2002, 'oak ridge national laboratory'), (2003, 'oak ridge national laboratory'), (2003, 'university of texas health science center at houston'), (2004, 'oak ridge national laboratory'), (2005, 'oak ridge national laboratory'), (2006, 'oak ridge national laboratory'), (2007, 'oak ridge national laboratory'), (2008, 'oak ridge national laboratory'), (2009, 'oak ridge national laboratory'), (2010, 'oak ridge national laboratory'), (2011, 'oak ridge national laboratory'), (2012, 'oak ridge national laboratory'), (2013, 'oak ridge national laboratory'), (2014, 'oak ridge national laboratory'), (2015, 'oak ridge national laboratory'), (2016, 'oak ridge national laboratory'), (2017, 'oak ridge national laboratory'), (2018, 'oak ridge national laboratory'), (2019, 'oak ridge national laboratory'))

9/10 positive, 16/10 negative
Do these records refer to the same thing?
(y)es / (n)o / (u)nsure / (f)inished / (p)revious
firstname : xi
lastname : chen
middlename : None
year_range : (2017,)
main_us_institutions_year : ((2017, 'university of california davis'),)
all_us_institutions_year : ((2017, 'university of california davis'),)

firstname : xi
lastname : chen
middlename : None
year_range : (2006, 2011)
main_us_institutions_year : ((2006, 'university of maryland marlene and stewart greenebaum cancer center'), (2008, 'university of maryland baltimore'), (2008, 'university of maryland marlene and stewart greenebaum cancer center'), (2009, 'university of maryland baltimore'), (2011, 'university of maryland baltimore'))
all_us_institutions_year : ((2006, 'university of maryland marlene and stewart greenebaum cancer center'), (2008, 'university of maryland baltimore'), (2008, 'university of maryland marlene and stewart greenebaum cancer center'), (2009, 'university of maryland baltimore'), (2011, 'university of maryland baltimore'))

9/10 positive, 17/10 negative
Do these records refer to the same thing?
(y)es / (n)o / (u)nsure / (f)inished / (p)revious
firstname : paul
lastname : montellano
middlename : ortiz de
year_range : (2002,)
main_us_institutions_year : ((2002, 'university of california san francisco'),)
all_us_institutions_year : ((2002, 'university of california san francisco'),)

firstname : paul
lastname : montellano
middlename : r ortiz de
year_range : (1966, 2019)
main_us_institutions_year : ((1976, 'university of california san francisco'), (1977, 'university of california san francisco'), (1978, 'university of california san francisco'), (1979, 'university of california san francisco'), (1980, 'university of california san francisco'), (1981, 'university of california san francisco'), (1982, 'university of california san francisco'), (1984, 'university of california san francisco'), (1986, 'university of california san francisco'), (1987, 'university of california san francisco'), (1988, 'university of california san francisco'), (1989, 'university of california san francisco'), (1990, 'university of california san francisco'), (1991, 'university of california san francisco'), (1992, 'university of california san francisco'), (1993, 'university of california san francisco'), (1995, 'university of california san francisco'), (1996, 'university of california san francisco'), (1997, 'university of california san francisco'), (1998, 'university of california san francisco'), (1999, 'university of california san francisco'), (2000, 'university of california san francisco'), (2001, 'university of california san francisco'), (2002, 'university of california san francisco'), (2003, 'university of california san francisco'), (2004, 'university of california san francisco'), (2005, 'university of california san francisco'), (2006, 'university of california san francisco'), (2007, 'university of california san francisco'), (2008, 'university of california san francisco'), (2009, 'university of california san francisco'), (2010, 'university of california san francisco'), (2011, 'university of california san francisco'), (2012, 'university of california san francisco'), (2013, 'university of california san francisco'), (2014, 'university of california san francisco'), (2015, 'university of california san francisco'), (2016, 'university of california san francisco'), (2017, 'university of california san francisco'), (2018, 'university of california san francisco'), (2019, 'university of california san francisco'))
all_us_institutions_year : ((1976, 'university of california san francisco'), (1977, 'university of california san francisco'), (1978, 'university of california san francisco'), (1979, 'university of california san francisco'), (1980, 'university of california san francisco'), (1981, 'university of california san francisco'), (1982, 'university of california san francisco'), (1984, 'university of california san francisco'), (1986, 'university of california san francisco'), (1987, 'university of california san francisco'), (1988, 'university of california san francisco'), (1989, 'university of california san francisco'), (1990, 'university of california san francisco'), (1991, 'university of california san francisco'), (1992, 'university of arizona'), (1992, 'university of california san francisco'), (1993, 'university of california'), (1993, 'university of california san francisco'), (1995, 'university of california san francisco'), (1996, 'university of california san francisco'), (1997, 'university of california san francisco'), (1998, 'university of california san francisco'), (1999, 'university of california san francisco'), (2000, 'university of california'), (2000, 'university of california san francisco'), (2001, 'university of california san francisco'), (2002, 'university of california san francisco'), (2003, 'university of california san francisco'), (2004, 'university of california san francisco'), (2004, 'university of south carolina'), (2005, 'university of california'), (2005, 'university of california san francisco'), (2006, 'university of california san francisco'), (2007, 'university of california san francisco'), (2008, 'university of california san francisco'), (2009, 'university of california'), (2009, 'university of california san francisco'), (2010, 'university of california'), (2010, 'university of california san francisco'), (2011, 'university of california san francisco'), (2012, 'university of california san francisco'), (2013, 'university of california'), (2013, 'university of california san francisco'), (2014, 'university of california san francisco'), (2015, 'university of alabama'), (2015, 'university of california'), (2015, 'university of california san francisco'), (2016, 'university of california san francisco'), (2017, 'university of california san francisco'), (2018, 'university of california san francisco'), (2019, 'university of california san francisco'))

9/10 positive, 18/10 negative
Do these records refer to the same thing?
(y)es / (n)o / (u)nsure / (f)inished / (p)revious
(y)es / (n)o / (u)nsure / (f)inished / (p)revious
firstname : yaping
lastname : sun
middlename : None
year_range : (2008,)
main_us_institutions_year : ((2008, 'clemson university'),)
all_us_institutions_year : ((2008, 'clemson university'),)

firstname : yu
lastname : sun
middlename : None
year_range : (2005, 2007)
main_us_institutions_year : ((2005, 'clemson university'), (2006, 'clemson university'), (2007, 'clemson university'))
all_us_institutions_year : ((2005, 'clemson university'), (2006, 'clemson university'), (2007, 'clemson university'))

10/10 positive, 18/10 negative
Do these records refer to the same thing?
(y)es / (n)o / (u)nsure / (f)inished / (p)revious
firstname : robert
lastname : holton
middlename : a
year_range : (1996,)
main_us_institutions_year : ((1996, 'florida state university'),)
all_us_institutions_year : ((1996, 'florida state university'),)

firstname : robert
lastname : holton
middlename : a
year_range : (1980, 1987)
main_us_institutions_year : ((1980, 'virginia tech'), (1981, 'virginia tech'), (1983, 'virginia tech'), (1984, 'virginia tech'), (1986, 'virginia tech'), (1987, 'virginia tech'))
all_us_institutions_year : ((1980, 'virginia tech'), (1981, 'virginia tech'), (1983, 'virginia tech'), (1984, 'virginia tech'), (1986, 'virginia tech'), (1987, 'virginia tech'), (1992, 'florida state university'), (1993, 'florida state university'), (1993, 'university of florida'), (1994, 'florida state university'), (1994, 'university of florida'), (1995, 'florida state university'), (1997, 'florida state university'), (1999, 'florida state university'), (2002, 'florida state university'), (2003, 'florida state university'), (2004, 'florida state university'), (2005, 'florida state university'), (2006, 'florida state university'))

10/10 positive, 19/10 negative
Do these records refer to the same thing?
(y)es / (n)o / (u)nsure / (f)inished / (p)revious
firstname : ramon
lastname : vega
middlename : lopez de la
year_range : (2005,)
main_us_institutions_year : ((2005, 'florida international university'),)
all_us_institutions_year : ((2005, 'florida international university'),)

firstname : ramon
lastname : vega
middlename : lopez de la
year_range : (1983, 1988)
main_us_institutions_year : ((1983, 'university of miami'), (1986, 'university of miami'), (1988, 'university of miami'))
all_us_institutions_year : ((1983, 'university of miami'), (1986, 'university of miami'), (1988, 'florida international university'), (1988, 'university of miami'))

11/10 positive, 19/10 negative
Do these records refer to the same thing?
(y)es / (n)o / (u)nsure / (f)inished / (p)revious
firstname : frantisek
lastname : turecek
middlename : None
year_range : (1995,)
main_us_institutions_year : ((1995, 'university of washington'),)
all_us_institutions_year : ((1995, 'university of washington'),)

firstname : franticek
lastname : turecek
middlename : None
year_range : (1995, 2004)
main_us_institutions_year : ((1995, 'university of washington'), (1997, 'university of washington'), (1998, 'university of washington'), (2004, 'university of washington'))
all_us_institutions_year : ((1995, 'university of washington'), (1997, 'university of washington'), (1998, 'university of washington'), (2004, 'university of washington'))

11/10 positive, 20/10 negative
Do these records refer to the same thing?
(y)es / (n)o / (u)nsure / (f)inished / (p)revious
firstname : wesley
lastname : henderson
middlename : None
year_range : (2013,)
main_us_institutions_year : ((2013, 'north carolina state university'),)
all_us_institutions_year : ((2013, 'north carolina state university'),)

firstname : wesley
lastname : henderson
middlename : None
year_range : (2003, 2018)
main_us_institutions_year : ((2018, 'research triangle park'),)
all_us_institutions_year : ((2018, 'research triangle park'),)

12/10 positive, 20/10 negative
Do these records refer to the same thing?
(y)es / (n)o / (u)nsure / (f)inished / (p)revious
Finished labeling
Done in 162.29067202011746 minutes.
