/home/christoph/anaconda3/envs/science-career-tempenv/lib/python3.9/site-packages/numpy/core/getlimits.py:500: UserWarning: The value of the smallest subnormal for <class 'numpy.float64'> type is zero.
  setattr(self, word, getattr(machar, word).flat[0])
/home/christoph/anaconda3/envs/science-career-tempenv/lib/python3.9/site-packages/numpy/core/getlimits.py:89: UserWarning: The value of the smallest subnormal for <class 'numpy.float64'> type is zero.
  return self._float_to_str(self.smallest_subnormal)
/home/christoph/anaconda3/envs/science-career-tempenv/lib/python3.9/site-packages/numpy/core/getlimits.py:500: UserWarning: The value of the smallest subnormal for <class 'numpy.float32'> type is zero.
  setattr(self, word, getattr(machar, word).flat[0])
/home/christoph/anaconda3/envs/science-career-tempenv/lib/python3.9/site-packages/numpy/core/getlimits.py:89: UserWarning: The value of the smallest subnormal for <class 'numpy.float32'> type is zero.
  return self._float_to_str(self.smallest_subnormal)
Namespace(testing=False, verbose=1, field=['physics'], train_name='christoph_baseline', startyear=1985, endyear=2020, mergemode='m:1', recall=0.9, institution='True', fieldofstudy_cat='False', fieldofstudy_str='False', keywords='False', retrain='True', linking_type='grants')
Have max 6 cores available
Testing is False 

finished setup ... 

        SELECT a.GrantID || "_" || c.author_position as grantid_authorposition
            , CAST(SUBSTR(a.Award_AwardEffectiveDate, 7, 4) AS INT) AS year_range
            , b.institution, c.firstname, c.lastname, c.middlename
            , '' AS keywords, '' AS coauthors -- # necessary for current code structure
            , CAST(SUBSTR(a.Award_AwardEffectiveDate, 7, 4) AS INT) || "//" || b.institution AS main_us_institutions_year
            , CAST(SUBSTR(a.Award_AwardEffectiveDate, 7, 4) AS INT) || "//" || b.institution AS all_us_institutions_year
        FROM NSF_MAIN as a 
        INNER JOIN (
            SELECT GrantID, Name AS institution
            FROM NSF_Institution
            WHERE Position = 0 -- take the first reported. otherwise possibly duplicates. NSF_Performance_Institution has some missing. https://github.com/chrished/science_career_RAs/issues/19
        ) b 
        USING (GrantID)
        INNER JOIN (
            SELECT GrantID
                , FirstName AS firstname
                , LastName AS lastname
                , PIMidInit AS middlename --# NOTE: PISufxName is often "Jr", "Mr", JR, ... 
                , Position as author_position --## Some grants have >1 PIs
            FROM NSF_Investigator
            WHERE RoleCode = 'principal investigator'
        ) c
        USING (GrantID)
        WHERE AWARD_TranType = 'grant' AND AWARD_Agency = 'nsf' 
            AND a.AwardInstrument_Value IN ('standard grant', 'continuing grant')
            AND a.Organization_Directorate_ShortName IN ('MATHEMATICAL & PHYSICAL SCIEN')
            AND c.lastname != 'data not available'
         


    SELECT f.AuthorId
        , f.year
        , f.YearLastPub
        , f.firstname
        , f.lastname
        , CASE TRIM(SUBSTR(f.middle_lastname, 1, f.l_fullname - f.l_firstname - f.l_lastname - 1)) 
            WHEN 
                "" THEN NULL 
                ELSE TRIM(SUBSTR(f.middle_lastname, 1, f.l_fullname - f.l_firstname - f.l_lastname - 1)) 
            END as middlename 
            -- ## NOTE this gives "" for middlename when it is missing 
        , f.fieldofstudy
        , g.keywords
        , g.coauthors
        , g.institution
        , g.main_us_institutions_year
         
            , f.year || ";" || f.YearLastPub AS year_range 
            , g.all_us_institutions_year
        
    FROM (
        SELECT a.AuthorId
            , a.YearFirstPub AS year
            , a.YearLastPub 
            , a.FirstName AS firstname
            , REPLACE(b.NormalizedName, RTRIM(b.NormalizedName, REPLACE(b.NormalizedName, " ", "")), "") AS lastname 
                    -- https://stackoverflow.com/questions/21388820/how-to-get-the-last-index-of-a-substring-in-sqlite
            , TRIM(SUBSTR(b.NormalizedName, length(a.FirstName) + 1)) AS middle_lastname 
                    -- this gives all except the first name 
            , length(b.NormalizedName) as l_fullname 
            , length(a.FirstName) as l_firstname
            , length(REPLACE(b.NormalizedName, RTRIM(b.NormalizedName, REPLACE(b.NormalizedName, " ", "")), "")) as l_lastname
            , e.NormalizedName AS fieldofstudy
        FROM author_sample AS a
        INNER JOIN (
            SELECT AuthorId, NormalizedName
            FROM Authors
        ) AS b USING(AuthorId)
        INNER JOIN (
            -- ## mark: different from linking graduates. filter on field0
            SELECT AuthorId, NormalizedName
            FROM author_fields c
            INNER JOIN (
                SELECT FieldOfStudyId, NormalizedName
                FROM FieldsOfStudy
            ) AS d USING(FieldOfStudyId)
            WHERE FieldClass = 'main'
                AND FieldOfStudyId IN (?)
        ) AS e USING(AuthorId)
    ) f
    LEFT JOIN (
        SELECT AuthorId
                , main_us_institutions_career as institution
                , coauthors
                , keywords
                , main_us_institutions_year
                , all_us_institutions_year
        FROM author_info_linking
    ) AS g USING(AuthorId)
    
    WHERE length(firstname) > 1 AND f.YearLastPub >= 1985 - 5 AND year <= 2020 + 5 AND institution is not NULL
     

An error occurred when calling compare_range_from_tuple((1990, 2021), (1990, 2021)). I cannot print the type, but most likely a TypeError or ValueError.
An error occurred when calling compare_range_from_tuple((2003, 2020), (2003, 2020)). I cannot print the type, but most likely a TypeError or ValueError.
An error occurred when calling compare_range_from_tuple((2003, 2020), (2003, 2020)). I cannot print the type, but most likely a TypeError or ValueError.
An error occurred when calling compare_range_from_tuple((2003, 2020), (2003, 2020)). I cannot print the type, but most likely a TypeError or ValueError.
An error occurred when calling compare_range_from_tuple((2003, 2020), (2003, 2020)). I cannot print the type, but most likely a TypeError or ValueError.
An error occurred when calling compare_range_from_tuple((2003, 2020), (2003, 2020)). I cannot print the type, but most likely a TypeError or ValueError.
An error occurred when calling compare_range_from_tuple((2003, 2020), (2003, 2020)). I cannot print the type, but most likely a TypeError or ValueError.
An error occurred when calling compare_range_from_tuple((2003, 2020), (2003, 2020)). I cannot print the type, but most likely a TypeError or ValueError.
An error occurred when calling compare_range_from_tuple((2003, 2020), (2003, 2020)). I cannot print the type, but most likely a TypeError or ValueError.
firstname : chungpei
lastname : ma
middlename : None
year_range : (1987, 2021)
main_us_institutions_year : ((1996, 'california institute of technology'), (1997, 'university of pennsylvania'), (1998, 'university of pennsylvania'), (1999, 'university of pennsylvania'), (2000, 'university of pennsylvania'), (2001, 'university of pennsylvania'), (2002, 'university of california berkeley'), (2003, 'university of california berkeley'), (2004, 'university of california berkeley'), (2005, 'university of california berkeley'), (2006, 'university of california berkeley'), (2007, 'university of california berkeley'), (2008, 'university of california berkeley'), (2009, 'university of california berkeley'), (2010, 'university of california berkeley'), (2011, 'university of california berkeley'), (2012, 'university of california berkeley'), (2013, 'university of california berkeley'), (2014, 'university of california berkeley'), (2015, 'university of california berkeley'), (2016, 'university of california berkeley'), (2017, 'university of california berkeley'), (2018, 'university of california berkeley'), (2019, 'university of california berkeley'), (2020, 'university of california berkeley'))
all_us_institutions_year : ((1996, 'california institute of technology'), (1997, 'university of pennsylvania'), (1998, 'university of pennsylvania'), (1999, 'university of pennsylvania'), (2000, 'sloan fellows'), (2000, 'university of pennsylvania'), (2001, 'university of california berkeley'), (2001, 'university of pennsylvania'), (2002, 'university of california berkeley'), (2003, 'university of california berkeley'), (2004, 'university of california berkeley'), (2005, 'university of california berkeley'), (2006, 'university of california berkeley'), (2006, 'university of pennsylvania'), (2007, 'university of california berkeley'), (2008, 'university of california berkeley'), (2009, 'university of california berkeley'), (2010, 'university of california berkeley'), (2011, 'university of california berkeley'), (2012, 'university of california berkeley'), (2013, 'university of california berkeley'), (2014, 'university of california berkeley'), (2015, 'university of california berkeley'), (2016, 'university of california berkeley'), (2017, 'university of california berkeley'), (2018, 'university of california berkeley'), (2019, 'university of california berkeley'), (2020, 'university of california berkeley'))

firstname : chungpei
lastname : ma
middlename : None
year_range : (2014,)
main_us_institutions_year : ((2014, 'university of california berkeley'),)
all_us_institutions_year : ((2014, 'university of california berkeley'),)

0/10 positive, 0/10 negative
Do these records refer to the same thing?
(y)es / (n)o / (u)nsure / (f)inished
Starting active labeling...
firstname : lorenza
lastname : viola
middlename : None
year_range : (1993, 2021)
main_us_institutions_year : ((1998, 'massachusetts institute of technology'), (1999, 'massachusetts institute of technology'), (2000, 'massachusetts institute of technology'), (2001, 'los alamos national laboratory'), (2002, 'los alamos national laboratory'), (2003, 'los alamos national laboratory'), (2004, 'los alamos national laboratory'), (2005, 'dartmouth college'), (2006, 'dartmouth college'), (2007, 'dartmouth college'), (2008, 'dartmouth college'), (2009, 'dartmouth college'), (2010, 'dartmouth college'), (2011, 'dartmouth college'), (2012, 'dartmouth college'), (2014, 'dartmouth college'), (2015, 'dartmouth college'), (2016, 'dartmouth college'), (2017, 'dartmouth college'), (2018, 'dartmouth college'), (2019, 'dartmouth college'), (2020, 'dartmouth college'))
all_us_institutions_year : ((1997, 'massachusetts institute of technology'), (1998, 'massachusetts institute of technology'), (1999, 'massachusetts institute of technology'), (1999, 'northeastern university'), (2000, 'los alamos national laboratory'), (2000, 'massachusetts institute of technology'), (2000, 'northeastern university'), (2001, 'los alamos national laboratory'), (2001, 'massachusetts institute of technology'), (2002, 'los alamos national laboratory'), (2002, 'massachusetts institute of technology'), (2003, 'los alamos national laboratory'), (2004, 'dartmouth college'), (2004, 'los alamos national laboratory'), (2005, 'dartmouth college'), (2006, 'dartmouth college'), (2007, 'dartmouth college'), (2008, 'dartmouth college'), (2009, 'dartmouth college'), (2010, 'dartmouth college'), (2010, 'massachusetts institute of technology'), (2011, 'dartmouth college'), (2012, 'dartmouth college'), (2013, 'dartmouth college'), (2014, 'dartmouth college'), (2015, 'dartmouth college'), (2016, 'dartmouth college'), (2017, 'dartmouth college'), (2018, 'dartmouth college'), (2019, 'dartmouth college'), (2020, 'dartmouth college'))

firstname : lorenza
lastname : viola
middlename : None
year_range : (2006,)
main_us_institutions_year : ((2006, 'dartmouth college'),)
all_us_institutions_year : ((2006, 'dartmouth college'),)

1/10 positive, 0/10 negative
Do these records refer to the same thing?
(y)es / (n)o / (u)nsure / (f)inished / (p)revious
An error occurred when calling compare_range_from_tuple((2003, 2020), (2003, 2020)). I cannot print the type, but most likely a TypeError or ValueError.
An error occurred when calling compare_range_from_tuple((2003, 2020), (2003, 2020)). I cannot print the type, but most likely a TypeError or ValueError.
An error occurred when calling compare_range_from_tuple((2003, 2020), (2003, 2020)). I cannot print the type, but most likely a TypeError or ValueError.
An error occurred when calling compare_range_from_tuple((2003, 2020), (2003, 2020)). I cannot print the type, but most likely a TypeError or ValueError.
firstname : gang
lastname : li
middlename : None
year_range : (1987, 2021)
main_us_institutions_year : ((1998, 'indiana university'), (1999, 'chinese academy of sciences'), (2003, 'university of california riverside'), (2004, 'university of california riverside'), (2005, 'university of california riverside'), (2008, 'university of california berkeley'), (2009, 'university of alabama in huntsville'), (2011, 'university of alabama in huntsville'), (2011, 'chinese academy of sciences'), (2011, 'argonne national laboratory'), (2012, 'university of alabama in huntsville'), (2013, 'university of alabama in huntsville'), (2014, 'university of alabama in huntsville'), (2015, 'university of alabama in huntsville'), (2016, 'university of alabama in huntsville'), (2017, 'university of alabama in huntsville'), (2018, 'chinese academy of sciences'), (2019, 'chinese academy of sciences'), (2020, 'chinese academy of sciences'), (2021, 'university of alabama in huntsville'), (2021, 'chinese academy of sciences'))
all_us_institutions_year : ((1998, 'indiana university'), (1999, 'chinese academy of sciences'), (2002, 'university of california riverside'), (2003, 'princeton university'), (2003, 'university of california riverside'), (2004, 'university of california riverside'), (2005, 'university of california riverside'), (2006, 'university of california riverside'), (2007, 'chinese academy of sciences'), (2007, 'university of california'), (2008, 'argonne national laboratory'), (2008, 'chinese academy of sciences'), (2008, 'university of california berkeley'), (2009, 'argonne national laboratory'), (2009, 'chinese academy of sciences'), (2009, 'university of alabama in huntsville'), (2010, 'chinese academy of sciences'), (2010, 'university of alabama'), (2010, 'university of alabama in huntsville'), (2011, 'argonne national laboratory'), (2011, 'chinese academy of sciences'), (2011, 'university of alabama in huntsville'), (2012, 'argonne national laboratory'), (2012, 'chinese academy of sciences'), (2012, 'university of alabama'), (2012, 'university of alabama in huntsville'), (2013, 'argonne national laboratory'), (2013, 'university of alabama in huntsville'), (2013, 'university of california riverside'), (2014, 'argonne national laboratory'), (2014, 'university of alabama in huntsville'), (2014, 'university of new hampshire'), (2015, 'argonne national laboratory'), (2015, 'chinese academy of sciences'), (2015, 'university of alabama in huntsville'), (2016, 'argonne national laboratory'), (2016, 'chinese academy of sciences'), (2016, 'university of alabama in huntsville'), (2017, 'university of alabama in huntsville'), (2018, 'chinese academy of sciences'), (2018, 'university of alabama in huntsville'), (2019, 'chinese academy of sciences'), (2019, 'georgia institute of technology'), (2019, 'university of alabama in huntsville'), (2020, 'chinese academy of sciences'), (2020, 'university of alabama in huntsville'), (2021, 'chinese academy of sciences'), (2021, 'university of alabama in huntsville'))

firstname : gang
lastname : liu
middlename : None
year_range : (2014,)
main_us_institutions_year : ((2014, 'university of california berkeley'),)
all_us_institutions_year : ((2014, 'university of california berkeley'),)

2/10 positive, 0/10 negative
Do these records refer to the same thing?
(y)es / (n)o / (u)nsure / (f)inished / (p)revious
An error occurred when calling compare_range_from_tuple((2003, 2020), (2003, 2020)). I cannot print the type, but most likely a TypeError or ValueError.
An error occurred when calling compare_range_from_tuple((2003, 2020), (2003, 2020)). I cannot print the type, but most likely a TypeError or ValueError.
An error occurred when calling compare_range_from_tuple((2003, 2020), (2003, 2020)). I cannot print the type, but most likely a TypeError or ValueError.
An error occurred when calling compare_range_from_tuple((2003, 2020), (2003, 2020)). I cannot print the type, but most likely a TypeError or ValueError.
firstname : lee
lastname : lin
middlename : None
year_range : (1988, 1991)
main_us_institutions_year : ((1988, 'university of california san diego'),)
all_us_institutions_year : ((1988, 'university of california san diego'), (1989, 'university of california san diego'))

firstname : lee
lastname : lindblom
middlename : None
year_range : (1996,)
main_us_institutions_year : ((1996, 'montana state university'),)
all_us_institutions_year : ((1996, 'montana state university'),)

2/10 positive, 1/10 negative
Do these records refer to the same thing?
(y)es / (n)o / (u)nsure / (f)inished / (p)revious
An error occurred when calling compare_range_from_tuple((2003, 2020), (2003, 2020)). I cannot print the type, but most likely a TypeError or ValueError.
An error occurred when calling compare_range_from_tuple((2003, 2020), (2003, 2020)). I cannot print the type, but most likely a TypeError or ValueError.
An error occurred when calling compare_range_from_tuple((2003, 2020), (2003, 2020)). I cannot print the type, but most likely a TypeError or ValueError.
An error occurred when calling compare_range_from_tuple((2003, 2020), (2003, 2020)). I cannot print the type, but most likely a TypeError or ValueError.
firstname : richard
lastname : green
middlename : f
year_range : (1995, 2021)
main_us_institutions_year : ((2006, 'university of arizona'), (2008, 'university of arizona'), (2009, 'university of arizona'), (2010, 'university of arizona'), (2012, 'university of arizona'), (2019, 'university of arizona'), (2020, 'university of arizona'), (2021, 'university of arizona'))
all_us_institutions_year : ((2006, 'university of arizona'), (2008, 'university of arizona'), (2009, 'university of arizona'), (2010, 'university of arizona'), (2011, 'university of arizona'), (2012, 'university of arizona'), (2018, 'university of arizona'), (2019, 'university of arizona'), (2020, 'university of arizona'), (2021, 'university of arizona'))

firstname : richard
lastname : greene
middlename : l
year_range : (1992,)
main_us_institutions_year : ((1992, 'university of maryland college park'),)
all_us_institutions_year : ((1992, 'university of maryland college park'),)

2/10 positive, 2/10 negative
Do these records refer to the same thing?
(y)es / (n)o / (u)nsure / (f)inished / (p)revious
An error occurred when calling compare_range_from_tuple((2003, 2020), (2003, 2020)). I cannot print the type, but most likely a TypeError or ValueError.
An error occurred when calling compare_range_from_tuple((2003, 2020), (2003, 2020)). I cannot print the type, but most likely a TypeError or ValueError.
An error occurred when calling compare_range_from_tuple((2003, 2020), (2003, 2020)). I cannot print the type, but most likely a TypeError or ValueError.
An error occurred when calling compare_range_from_tuple((2003, 2020), (2003, 2020)). I cannot print the type, but most likely a TypeError or ValueError.
firstname : james
lastname : rose
middlename : a
year_range : (1982, 2006)
main_us_institutions_year : ((1982, 'university of hawaii'), (1984, 'university of hawaii'), (2001, 'university of north carolina at chapel hill'), (2002, 'university of north carolina at chapel hill'), (2005, 'university of north carolina at chapel hill'), (2006, 'university of north carolina at chapel hill'))
all_us_institutions_year : ((1982, 'university of hawaii'), (1984, 'university of hawaii'), (1996, 'university of north carolina at chapel hill'), (2001, 'university of north carolina at chapel hill'), (2002, 'university of north carolina at chapel hill'), (2005, 'university of north carolina at chapel hill'), (2006, 'university of north carolina at chapel hill'), (2008, 'university of north carolina at chapel hill'))

firstname : james
lastname : rosenberger
middlename : l
year_range : (2019,)
main_us_institutions_year : ((2019, 'national institute of statistical sciences'),)
all_us_institutions_year : ((2019, 'national institute of statistical sciences'),)

2/10 positive, 3/10 negative
Do these records refer to the same thing?
(y)es / (n)o / (u)nsure / (f)inished / (p)revious
An error occurred when calling compare_range_from_tuple((2003, 2020), (2003, 2020)). I cannot print the type, but most likely a TypeError or ValueError.
An error occurred when calling compare_range_from_tuple((2003, 2020), (2003, 2020)). I cannot print the type, but most likely a TypeError or ValueError.
An error occurred when calling compare_range_from_tuple((2003, 2020), (2003, 2020)). I cannot print the type, but most likely a TypeError or ValueError.
An error occurred when calling compare_range_from_tuple((2003, 2020), (2003, 2020)). I cannot print the type, but most likely a TypeError or ValueError.
firstname : baiyang
lastname : zhang
middlename : None
year_range : (2002, 2018)
main_us_institutions_year : ((2002, 'chinese academy of sciences'), (2006, 'chinese academy of sciences'), (2015, 'chinese academy of sciences'), (2016, 'chinese academy of sciences'), (2017, 'chinese academy of sciences'), (2018, 'chinese academy of sciences'))
all_us_institutions_year : ((2002, 'chinese academy of sciences'), (2006, 'chinese academy of sciences'), (2015, 'chinese academy of sciences'), (2016, 'chinese academy of sciences'), (2017, 'chinese academy of sciences'), (2018, 'chinese academy of sciences'))

firstname : jian
lastname : zhang
middlename : j
year_range : (2014,)
main_us_institutions_year : ((2014, 'university of washington'),)
all_us_institutions_year : ((2014, 'university of washington'),)

2/10 positive, 4/10 negative
Do these records refer to the same thing?
(y)es / (n)o / (u)nsure / (f)inished / (p)revious
An error occurred when calling compare_range_from_tuple((2003, 2020), (2003, 2020)). I cannot print the type, but most likely a TypeError or ValueError.
An error occurred when calling compare_range_from_tuple((2003, 2020), (2003, 2020)). I cannot print the type, but most likely a TypeError or ValueError.
An error occurred when calling compare_range_from_tuple((2003, 2020), (2003, 2020)). I cannot print the type, but most likely a TypeError or ValueError.
An error occurred when calling compare_range_from_tuple((2003, 2020), (2003, 2020)). I cannot print the type, but most likely a TypeError or ValueError.
firstname : herbert
lastname : neuberger
middlename : None
year_range : (1980, 1982)
main_us_institutions_year : ((1980, 'university of california berkeley'), (1981, 'university of california berkeley'), (1982, 'university of california berkeley'))
all_us_institutions_year : ((1980, 'university of california berkeley'), (1981, 'university of california berkeley'), (1982, 'university of california berkeley'))

firstname : john
lastname : neuberger
middlename : m
year_range : (2002,)
main_us_institutions_year : ((2002, 'northern arizona university'),)
all_us_institutions_year : ((2002, 'northern arizona university'),)

2/10 positive, 5/10 negative
Do these records refer to the same thing?
(y)es / (n)o / (u)nsure / (f)inished / (p)revious
An error occurred when calling compare_range_from_tuple((2003, 2020), (2003, 2020)). I cannot print the type, but most likely a TypeError or ValueError.
An error occurred when calling compare_range_from_tuple((2003, 2020), (2003, 2020)). I cannot print the type, but most likely a TypeError or ValueError.
An error occurred when calling compare_range_from_tuple((2003, 2020), (2003, 2020)). I cannot print the type, but most likely a TypeError or ValueError.
An error occurred when calling compare_range_from_tuple((2003, 2020), (2003, 2020)). I cannot print the type, but most likely a TypeError or ValueError.
firstname : soo
lastname : kim
middlename : None
year_range : (2003, 2004)
main_us_institutions_year : ((2003, 'miami university'), (2004, 'miami university'))
all_us_institutions_year : ((2003, 'miami university'), (2004, 'miami university'))

firstname : seongjai
lastname : kim
middlename : None
year_range : (2012,)
main_us_institutions_year : ((2012, 'mississippi state university'),)
all_us_institutions_year : ((2012, 'mississippi state university'),)

2/10 positive, 6/10 negative
Do these records refer to the same thing?
(y)es / (n)o / (u)nsure / (f)inished / (p)revious
An error occurred when calling compare_range_from_tuple((2003, 2020), (2003, 2020)). I cannot print the type, but most likely a TypeError or ValueError.
An error occurred when calling compare_range_from_tuple((2003, 2020), (2003, 2020)). I cannot print the type, but most likely a TypeError or ValueError.
An error occurred when calling compare_range_from_tuple((2003, 2020), (2003, 2020)). I cannot print the type, but most likely a TypeError or ValueError.
An error occurred when calling compare_range_from_tuple((2003, 2020), (2003, 2020)). I cannot print the type, but most likely a TypeError or ValueError.
firstname : george
lastname : pappas
middlename : None
year_range : (2008, 2021)
main_us_institutions_year : ((2016, 'university of mississippi'), (2017, 'university of mississippi'))
all_us_institutions_year : ((2015, 'university of mississippi'), (2016, 'university of mississippi'), (2017, 'university of mississippi'))

firstname : georgios
lastname : pappas
middlename : None
year_range : (2008,)
main_us_institutions_year : ((2008, 'michigan state university'),)
all_us_institutions_year : ((2008, 'michigan state university'),)

2/10 positive, 7/10 negative
Do these records refer to the same thing?
(y)es / (n)o / (u)nsure / (f)inished / (p)revious
(y)es / (n)o / (u)nsure / (f)inished / (p)revious
An error occurred when calling compare_range_from_tuple((2003, 2020), (2003, 2020)). I cannot print the type, but most likely a TypeError or ValueError.
An error occurred when calling compare_range_from_tuple((2003, 2020), (2003, 2020)). I cannot print the type, but most likely a TypeError or ValueError.
An error occurred when calling compare_range_from_tuple((2003, 2020), (2003, 2020)). I cannot print the type, but most likely a TypeError or ValueError.
An error occurred when calling compare_range_from_tuple((2003, 2020), (2003, 2020)). I cannot print the type, but most likely a TypeError or ValueError.
firstname : wei
lastname : liu
middlename : None
year_range : (2018, 2020)
main_us_institutions_year : ((2018, 'chinese academy of sciences'), (2020, 'chinese academy of sciences'))
all_us_institutions_year : ((2018, 'chinese academy of sciences'), (2019, 'chinese academy of sciences'), (2020, 'chinese academy of sciences'))

firstname : weishi
lastname : liu
middlename : None
year_range : (2008,)
main_us_institutions_year : ((2008, 'university of kansas center for research inc'),)
all_us_institutions_year : ((2008, 'university of kansas center for research inc'),)

2/10 positive, 7/10 negative
Do these records refer to the same thing?
(y)es / (n)o / (u)nsure / (f)inished / (p)revious
firstname : sara
lastname : lippincott
middlename : None
year_range : (2006, 2007)
main_us_institutions_year : ((2006, 'california institute of technology'),)
all_us_institutions_year : ((2006, 'california institute of technology'),)

firstname : sarah
lastname : lippincott
middlename : l
year_range : (1978,)
main_us_institutions_year : ((1978, 'swarthmore college'),)
all_us_institutions_year : ((1978, 'swarthmore college'),)

2/10 positive, 8/10 negative
Do these records refer to the same thing?
(y)es / (n)o / (u)nsure / (f)inished / (p)revious
An error occurred when calling compare_range_from_tuple((2003, 2020), (2003, 2020)). I cannot print the type, but most likely a TypeError or ValueError.
An error occurred when calling compare_range_from_tuple((2003, 2020), (2003, 2020)). I cannot print the type, but most likely a TypeError or ValueError.
An error occurred when calling compare_range_from_tuple((2003, 2020), (2003, 2020)). I cannot print the type, but most likely a TypeError or ValueError.
An error occurred when calling compare_range_from_tuple((2003, 2020), (2003, 2020)). I cannot print the type, but most likely a TypeError or ValueError.
firstname : john
lastname : lewis
middlename : arban
year_range : (2015, 2020)
main_us_institutions_year : ((2015, 'harvard university'), (2020, 'smithsonian institution'))
all_us_institutions_year : ((2015, 'harvard university'), (2020, 'smithsonian institution'))

firstname : john
lastname : lewis
middlename : l
year_range : (1999,)
main_us_institutions_year : ((1999, 'university of kentucky research foundation'),)
all_us_institutions_year : ((1999, 'university of kentucky research foundation'),)

2/10 positive, 9/10 negative
Do these records refer to the same thing?
(y)es / (n)o / (u)nsure / (f)inished / (p)revious
An error occurred when calling compare_range_from_tuple((2003, 2020), (2003, 2020)). I cannot print the type, but most likely a TypeError or ValueError.
An error occurred when calling compare_range_from_tuple((2003, 2020), (2003, 2020)). I cannot print the type, but most likely a TypeError or ValueError.
An error occurred when calling compare_range_from_tuple((2003, 2020), (2003, 2020)). I cannot print the type, but most likely a TypeError or ValueError.
An error occurred when calling compare_range_from_tuple((2003, 2020), (2003, 2020)). I cannot print the type, but most likely a TypeError or ValueError.
firstname : gurudev
lastname : dutt
middlename : None
year_range : (2001, 2005)
main_us_institutions_year : ((2001, 'university of michigan'), (2003, 'university of michigan'), (2005, 'university of michigan'))
all_us_institutions_year : ((2001, 'university of michigan'), (2002, 'university of michigan'), (2003, 'university of michigan'), (2005, 'university of michigan'))

firstname : gurudev
lastname : dutt
middlename : None
year_range : (2009,)
main_us_institutions_year : ((2009, 'university of pittsburgh'),)
all_us_institutions_year : ((2009, 'university of pittsburgh'),)

2/10 positive, 10/10 negative
Do these records refer to the same thing?
(y)es / (n)o / (u)nsure / (f)inished / (p)revious
An error occurred when calling compare_range_from_tuple((2003, 2020), (2003, 2020)). I cannot print the type, but most likely a TypeError or ValueError.
An error occurred when calling compare_range_from_tuple((2003, 2020), (2003, 2020)). I cannot print the type, but most likely a TypeError or ValueError.
An error occurred when calling compare_range_from_tuple((2003, 2020), (2003, 2020)). I cannot print the type, but most likely a TypeError or ValueError.
An error occurred when calling compare_range_from_tuple((2003, 2020), (2003, 2020)). I cannot print the type, but most likely a TypeError or ValueError.
firstname : eugene
lastname : magnier
middlename : None
year_range : (1989, 1994)
main_us_institutions_year : ((1989, 'massachusetts institute of technology'), (1992, 'massachusetts institute of technology'), (1993, 'massachusetts institute of technology'), (1994, 'massachusetts institute of technology'))
all_us_institutions_year : ((1989, 'massachusetts institute of technology'), (1992, 'massachusetts institute of technology'), (1993, 'massachusetts institute of technology'), (1994, 'massachusetts institute of technology'))

firstname : eugene
lastname : magnier
middlename : None
year_range : (2013,)
main_us_institutions_year : ((2013, 'university of hawaii'),)
all_us_institutions_year : ((2013, 'university of hawaii'),)

2/10 positive, 10/10 negative
Do these records refer to the same thing?
(y)es / (n)o / (u)nsure / (f)inished / (p)revious
firstname : john
lastname : wright
middlename : None
year_range : (1974, 2021)
main_us_institutions_year : ((1974, 'university of illinois at urbana champaign'), (1978, 'university of illinois at urbana champaign'), (2005, 'university of illinois at urbana champaign'), (2006, 'university of illinois at urbana champaign'), (2007, 'university of illinois at urbana champaign'), (2008, 'university of illinois at urbana champaign'), (2009, 'university of illinois at urbana champaign'), (2010, 'microsoft'), (2011, 'microsoft'), (2012, 'columbia university'), (2013, 'columbia university'), (2014, 'columbia university'), (2015, 'columbia university'), (2016, 'columbia university'), (2017, 'columbia university'), (2018, 'columbia university'), (2019, 'columbia university'), (2020, 'columbia university'), (2021, 'columbia university'))
all_us_institutions_year : ((1974, 'university of illinois at urbana champaign'), (1978, 'university of illinois at urbana champaign'), (2005, 'university of illinois at urbana champaign'), (2006, 'university of illinois at urbana champaign'), (2007, 'university of illinois at urbana champaign'), (2008, 'university of illinois at urbana champaign'), (2008, 'urbana university'), (2009, 'microsoft'), (2009, 'university of illinois at urbana champaign'), (2010, 'microsoft'), (2010, 'university of illinois at urbana champaign'), (2011, 'microsoft'), (2012, 'columbia university'), (2013, 'columbia university'), (2014, 'columbia university'), (2015, 'columbia university'), (2016, 'columbia university'), (2017, 'columbia university'), (2018, 'columbia university'), (2019, 'columbia university'), (2019, 'cornell university'), (2020, 'columbia university'), (2020, 'cornell university'), (2021, 'columbia university'))

firstname : john
lastname : wright
middlename : c
year_range : (2007,)
main_us_institutions_year : ((2007, 'university of wisconsin madison'),)
all_us_institutions_year : ((2007, 'university of wisconsin madison'),)

2/10 positive, 11/10 negative
Do these records refer to the same thing?
(y)es / (n)o / (u)nsure / (f)inished / (p)revious
An error occurred when calling compare_range_from_tuple((2003, 2020), (2003, 2020)). I cannot print the type, but most likely a TypeError or ValueError.
An error occurred when calling compare_range_from_tuple((2003, 2020), (2003, 2020)). I cannot print the type, but most likely a TypeError or ValueError.
An error occurred when calling compare_range_from_tuple((2003, 2020), (2003, 2020)). I cannot print the type, but most likely a TypeError or ValueError.
An error occurred when calling compare_range_from_tuple((2003, 2020), (2003, 2020)). I cannot print the type, but most likely a TypeError or ValueError.
firstname : priscilla
lastname : cushman
middlename : b
year_range : (1989, 2002)
main_us_institutions_year : ((1989, 'rutgers university'), (1990, 'rutgers university'))
all_us_institutions_year : ((1989, 'rutgers university'), (1990, 'rutgers university'))

firstname : priscilla
lastname : cushman
middlename : b
year_range : (2012,)
main_us_institutions_year : ((2012, 'university of minnesota twin cities'),)
all_us_institutions_year : ((2012, 'university of minnesota twin cities'),)

2/10 positive, 12/10 negative
Do these records refer to the same thing?
(y)es / (n)o / (u)nsure / (f)inished / (p)revious
An error occurred when calling compare_range_from_tuple((2003, 2020), (2003, 2020)). I cannot print the type, but most likely a TypeError or ValueError.
An error occurred when calling compare_range_from_tuple((2003, 2020), (2003, 2020)). I cannot print the type, but most likely a TypeError or ValueError.
An error occurred when calling compare_range_from_tuple((2003, 2020), (2003, 2020)). I cannot print the type, but most likely a TypeError or ValueError.
An error occurred when calling compare_range_from_tuple((2003, 2020), (2003, 2020)). I cannot print the type, but most likely a TypeError or ValueError.
firstname : jason
lastname : kalirai
middlename : s
year_range : (2009, 2020)
main_us_institutions_year : ((2009, 'space telescope science institute'), (2010, 'space telescope science institute'), (2011, 'space telescope science institute'), (2012, 'space telescope science institute'), (2013, 'space telescope science institute'), (2014, 'space telescope science institute'), (2014, 'johns hopkins university'), (2015, 'space telescope science institute'), (2016, 'space telescope science institute'), (2017, 'space telescope science institute'), (2017, 'johns hopkins university'), (2018, 'space telescope science institute'), (2019, 'johns hopkins university applied physics laboratory'), (2020, 'johns hopkins university applied physics laboratory'))
all_us_institutions_year : ((2009, 'space telescope science institute'), (2009, 'university of california santa cruz'), (2010, 'space telescope science institute'), (2011, 'johns hopkins university'), (2011, 'space telescope science institute'), (2012, 'johns hopkins university'), (2012, 'space telescope science institute'), (2013, 'johns hopkins university'), (2013, 'space telescope science institute'), (2014, 'johns hopkins university'), (2014, 'space telescope science institute'), (2015, 'johns hopkins university'), (2015, 'space telescope science institute'), (2016, 'johns hopkins university'), (2016, 'space telescope science institute'), (2017, 'johns hopkins university'), (2017, 'space telescope science institute'), (2018, 'johns hopkins university'), (2018, 'space telescope science institute'), (2019, 'johns hopkins university applied physics laboratory'), (2019, 'space telescope science institute'), (2020, 'johns hopkins university'), (2020, 'johns hopkins university applied physics laboratory'), (2020, 'space telescope science institute'))

firstname : jasonjot
lastname : kalirai
middlename : s
year_range : (2016,)
main_us_institutions_year : ((2016, 'johns hopkins university'),)
all_us_institutions_year : ((2016, 'johns hopkins university'),)

2/10 positive, 13/10 negative
Do these records refer to the same thing?
(y)es / (n)o / (u)nsure / (f)inished / (p)revious
An error occurred when calling compare_range_from_tuple((2003, 2020), (2003, 2020)). I cannot print the type, but most likely a TypeError or ValueError.
An error occurred when calling compare_range_from_tuple((2003, 2020), (2003, 2020)). I cannot print the type, but most likely a TypeError or ValueError.
An error occurred when calling compare_range_from_tuple((2003, 2020), (2003, 2020)). I cannot print the type, but most likely a TypeError or ValueError.
An error occurred when calling compare_range_from_tuple((2003, 2020), (2003, 2020)). I cannot print the type, but most likely a TypeError or ValueError.
firstname : peter
lastname : koch
middlename : m
year_range : (1977, 2005)
main_us_institutions_year : ((2005, 'state university of new york system'),)
all_us_institutions_year : ((2005, 'state university of new york system'), (2009, 'state university of new york system'))

firstname : peter
lastname : koch
middlename : m
year_range : (2001,)
main_us_institutions_year : ((2001, 'suny at stony brook'),)
all_us_institutions_year : ((2001, 'suny at stony brook'),)

3/10 positive, 13/10 negative
Do these records refer to the same thing?
(y)es / (n)o / (u)nsure / (f)inished / (p)revious
An error occurred when calling compare_range_from_tuple((2003, 2020), (2003, 2020)). I cannot print the type, but most likely a TypeError or ValueError.
An error occurred when calling compare_range_from_tuple((2003, 2020), (2003, 2020)). I cannot print the type, but most likely a TypeError or ValueError.
An error occurred when calling compare_range_from_tuple((2003, 2020), (2003, 2020)). I cannot print the type, but most likely a TypeError or ValueError.
An error occurred when calling compare_range_from_tuple((2003, 2020), (2003, 2020)). I cannot print the type, but most likely a TypeError or ValueError.
firstname : stirling
lastname : colgate
middlename : a
year_range : (1960, 1994)
main_us_institutions_year : ((1960, 'lawrence livermore national laboratory'), (1964, 'lawrence livermore national laboratory'))
all_us_institutions_year : ((1960, 'lawrence livermore national laboratory'), (1964, 'lawrence livermore national laboratory'))

firstname : stirling
lastname : colgate
middlename : a
year_range : (1999,)
main_us_institutions_year : ((1999, 'new mexico institute of mining and technology'),)
all_us_institutions_year : ((1999, 'new mexico institute of mining and technology'),)

4/10 positive, 13/10 negative
Do these records refer to the same thing?
(y)es / (n)o / (u)nsure / (f)inished / (p)revious
An error occurred when calling compare_range_from_tuple((2003, 2020), (2003, 2020)). I cannot print the type, but most likely a TypeError or ValueError.
An error occurred when calling compare_range_from_tuple((2003, 2020), (2003, 2020)). I cannot print the type, but most likely a TypeError or ValueError.
An error occurred when calling compare_range_from_tuple((2003, 2020), (2003, 2020)). I cannot print the type, but most likely a TypeError or ValueError.
An error occurred when calling compare_range_from_tuple((2003, 2020), (2003, 2020)). I cannot print the type, but most likely a TypeError or ValueError.
firstname : jorge
lastname : pullin
middlename : None
year_range : (1987, 2021)
main_us_institutions_year : ((1989, 'syracuse university'), (1990, 'syracuse university'), (1991, 'syracuse university'), (1992, 'university of utah'), (1993, 'university of utah'), (1994, 'university of utah'), (1995, 'pennsylvania state university'), (1996, 'pennsylvania state university'), (1997, 'pennsylvania state university'), (1998, 'pennsylvania state university'), (1999, 'pennsylvania state university'), (2000, 'pennsylvania state university'), (2001, 'pennsylvania state university'), (2002, 'louisiana state university'), (2003, 'louisiana state university'), (2004, 'louisiana state university'), (2005, 'louisiana state university'), (2006, 'louisiana state university'), (2007, 'louisiana state university'), (2008, 'louisiana state university'), (2009, 'louisiana state university'), (2012, 'louisiana state university'), (2013, 'louisiana state university'), (2014, 'louisiana state university'), (2015, 'louisiana state university'), (2016, 'louisiana state university'), (2017, 'louisiana state university'), (2019, 'louisiana state university'), (2020, 'louisiana state university'), (2021, 'louisiana state university'))
all_us_institutions_year : ((1989, 'syracuse university'), (1990, 'syracuse university'), (1991, 'syracuse university'), (1992, 'syracuse university'), (1992, 'university of utah'), (1993, 'pennsylvania state university'), (1993, 'university of utah'), (1994, 'pennsylvania state university'), (1994, 'university of utah'), (1995, 'pennsylvania state university'), (1996, 'pennsylvania state university'), (1997, 'pennsylvania state university'), (1998, 'pennsylvania state university'), (1999, 'pennsylvania state university'), (2000, 'pennsylvania state university'), (2001, 'pennsylvania state university'), (2002, 'louisiana state university'), (2003, 'louisiana state university'), (2004, 'louisiana state university'), (2005, 'louisiana state university'), (2006, 'louisiana state university'), (2007, 'louisiana state university'), (2008, 'louisiana state university'), (2009, 'louisiana state university'), (2012, 'louisiana state university'), (2013, 'louisiana state university'), (2014, 'louisiana state university'), (2015, 'louisiana state university'), (2016, 'louisiana state university'), (2017, 'louisiana state university'), (2019, 'louisiana state university'), (2020, 'louisiana state university'), (2021, 'louisiana state university'))

firstname : jorge
lastname : pullin
middlename : None
year_range : (1995,)
main_us_institutions_year : ((1995, 'pennsylvania state univ university park'),)
all_us_institutions_year : ((1995, 'pennsylvania state univ university park'),)

4/10 positive, 13/10 negative
Do these records refer to the same thing?
(y)es / (n)o / (u)nsure / (f)inished / (p)revious
firstname : eugenio
lastname : bianchi
middlename : None
year_range : (2006, 2019)
main_us_institutions_year : ((2014, 'pennsylvania state university'), (2015, 'pennsylvania state university'), (2016, 'pennsylvania state university'), (2017, 'pennsylvania state university'), (2018, 'pennsylvania state university'), (2019, 'pennsylvania state university'))
all_us_institutions_year : ((2013, 'pennsylvania state university'), (2014, 'pennsylvania state university'), (2015, 'pennsylvania state university'), (2016, 'pennsylvania state university'), (2017, 'pennsylvania state university'), (2018, 'pennsylvania state university'), (2019, 'pennsylvania state university'))

firstname : eugenio
lastname : bianchi
middlename : None
year_range : (2014,)
main_us_institutions_year : ((2014, 'pennsylvania state univ university park'),)
all_us_institutions_year : ((2014, 'pennsylvania state univ university park'),)

5/10 positive, 13/10 negative
Do these records refer to the same thing?
(y)es / (n)o / (u)nsure / (f)inished / (p)revious
An error occurred when calling compare_range_from_tuple((2003, 2020), (2003, 2020)). I cannot print the type, but most likely a TypeError or ValueError.
An error occurred when calling compare_range_from_tuple((2003, 2020), (2003, 2020)). I cannot print the type, but most likely a TypeError or ValueError.
An error occurred when calling compare_range_from_tuple((2003, 2020), (2003, 2020)). I cannot print the type, but most likely a TypeError or ValueError.
An error occurred when calling compare_range_from_tuple((2003, 2020), (2003, 2020)). I cannot print the type, but most likely a TypeError or ValueError.
firstname : timothy
lastname : steimle
middlename : c
year_range : (1983, 1986)
main_us_institutions_year : ((1983, 'university of oregon'), (1984, 'university of oregon'), (1986, 'university of oregon'))
all_us_institutions_year : ((1983, 'university of oregon'), (1984, 'university of oregon'), (1986, 'university of oregon'))

firstname : timothy
lastname : steimle
middlename : c
year_range : (2017,)
main_us_institutions_year : ((2017, 'arizona state university'),)
all_us_institutions_year : ((2017, 'arizona state university'),)

6/10 positive, 13/10 negative
Do these records refer to the same thing?
(y)es / (n)o / (u)nsure / (f)inished / (p)revious
An error occurred when calling compare_range_from_tuple((2003, 2020), (2003, 2020)). I cannot print the type, but most likely a TypeError or ValueError.
An error occurred when calling compare_range_from_tuple((2003, 2020), (2003, 2020)). I cannot print the type, but most likely a TypeError or ValueError.
An error occurred when calling compare_range_from_tuple((2003, 2020), (2003, 2020)). I cannot print the type, but most likely a TypeError or ValueError.
An error occurred when calling compare_range_from_tuple((2003, 2020), (2003, 2020)). I cannot print the type, but most likely a TypeError or ValueError.
firstname : phillip
lastname : certain
middlename : r
year_range : (1970, 2009)
main_us_institutions_year : ((2009, 'university of florida'),)
all_us_institutions_year : ((2009, 'university of florida'),)

firstname : phillip
lastname : certain
middlename : r
year_range : (1985,)
main_us_institutions_year : ((1985, 'university of wisconsin madison'),)
all_us_institutions_year : ((1985, 'university of wisconsin madison'),)

6/10 positive, 14/10 negative
Do these records refer to the same thing?
(y)es / (n)o / (u)nsure / (f)inished / (p)revious
An error occurred when calling compare_range_from_tuple((2003, 2020), (2003, 2020)). I cannot print the type, but most likely a TypeError or ValueError.
An error occurred when calling compare_range_from_tuple((2003, 2020), (2003, 2020)). I cannot print the type, but most likely a TypeError or ValueError.
An error occurred when calling compare_range_from_tuple((2003, 2020), (2003, 2020)). I cannot print the type, but most likely a TypeError or ValueError.
An error occurred when calling compare_range_from_tuple((2003, 2020), (2003, 2020)). I cannot print the type, but most likely a TypeError or ValueError.
firstname : richard
lastname : robinson
middlename : d
year_range : (1989, 2000)
main_us_institutions_year : ((1991, 'goddard space flight center'), (1992, 'goddard space flight center'), (1993, 'goddard space flight center'), (1994, 'goddard space flight center'), (1997, 'goddard space flight center'), (1998, 'goddard space flight center'), (1999, 'goddard space flight center'), (2000, 'goddard space flight center'))
all_us_institutions_year : ((1991, 'goddard space flight center'), (1992, 'goddard space flight center'), (1993, 'goddard space flight center'), (1994, 'goddard space flight center'), (1997, 'goddard space flight center'), (1998, 'goddard space flight center'), (1999, 'goddard space flight center'), (2000, 'goddard space flight center'))

firstname : richard
lastname : robinson
middlename : d
year_range : (2012,)
main_us_institutions_year : ((2012, 'cornell university'),)
all_us_institutions_year : ((2012, 'cornell university'),)

6/10 positive, 14/10 negative
Do these records refer to the same thing?
(y)es / (n)o / (u)nsure / (f)inished / (p)revious
firstname : juna
lastname : kollmeier
middlename : a
year_range : (2007, 2016)
main_us_institutions_year : ((2007, 'carnegie institution for science'), (2007, 'princeton university'), (2009, 'carnegie institution for science'), (2009, 'princeton university'), (2016, 'princeton university'), (2016, 'carnegie learning'))
all_us_institutions_year : ((2007, 'carnegie institution for science'), (2007, 'princeton university'), (2009, 'carnegie institution for science'), (2009, 'princeton university'), (2016, 'carnegie learning'), (2016, 'princeton university'))

firstname : juna
lastname : kollmeier
middlename : a
year_range : (2020,)
main_us_institutions_year : ((2020, 'astrophysical research consortium'),)
all_us_institutions_year : ((2020, 'astrophysical research consortium'),)

6/10 positive, 15/10 negative
Do these records refer to the same thing?
(y)es / (n)o / (u)nsure / (f)inished / (p)revious
An error occurred when calling compare_range_from_tuple((2003, 2020), (2003, 2020)). I cannot print the type, but most likely a TypeError or ValueError.
An error occurred when calling compare_range_from_tuple((2003, 2020), (2003, 2020)). I cannot print the type, but most likely a TypeError or ValueError.
An error occurred when calling compare_range_from_tuple((2003, 2020), (2003, 2020)). I cannot print the type, but most likely a TypeError or ValueError.
An error occurred when calling compare_range_from_tuple((2003, 2020), (2003, 2020)). I cannot print the type, but most likely a TypeError or ValueError.
firstname : keith
lastname : dienes
middlename : r
year_range : (1992, 1996)
main_us_institutions_year : ((1995, 'princeton university'), (1996, 'university of california santa barbara'), (1996, 'princeton university'))
all_us_institutions_year : ((1994, 'institute for advanced study'), (1995, 'princeton university'), (1995, 'university of california santa barbara'), (1996, 'princeton university'), (1996, 'university of california santa barbara'))

firstname : keith
lastname : dienes
middlename : r
year_range : (2000,)
main_us_institutions_year : ((2000, 'university of arizona'),)
all_us_institutions_year : ((2000, 'university of arizona'),)

6/10 positive, 16/10 negative
Do these records refer to the same thing?
(y)es / (n)o / (u)nsure / (f)inished / (p)revious
An error occurred when calling compare_range_from_tuple((2003, 2020), (2003, 2020)). I cannot print the type, but most likely a TypeError or ValueError.
An error occurred when calling compare_range_from_tuple((2003, 2020), (2003, 2020)). I cannot print the type, but most likely a TypeError or ValueError.
An error occurred when calling compare_range_from_tuple((2003, 2020), (2003, 2020)). I cannot print the type, but most likely a TypeError or ValueError.
An error occurred when calling compare_range_from_tuple((2003, 2020), (2003, 2020)). I cannot print the type, but most likely a TypeError or ValueError.
firstname : shina
lastname : tan
middlename : None
year_range : (2004, 2018)
main_us_institutions_year : ((2004, 'university of chicago'), (2005, 'university of chicago'), (2006, 'university of chicago'), (2008, 'university of washington'), (2009, 'yale university'), (2010, 'yale university'), (2011, 'georgia institute of technology'), (2012, 'georgia institute of technology'), (2013, 'georgia institute of technology'), (2014, 'georgia institute of technology'), (2014, 'chinese academy of sciences'), (2016, 'georgia institute of technology'), (2016, 'chinese academy of sciences'), (2018, 'georgia institute of technology'), (2018, 'chinese academy of sciences'))
all_us_institutions_year : ((2004, 'university of chicago'), (2005, 'university of chicago'), (2005, 'university of washington'), (2006, 'university of chicago'), (2008, 'university of washington'), (2009, 'yale university'), (2010, 'georgia institute of technology'), (2010, 'yale university'), (2011, 'georgia institute of technology'), (2012, 'georgia institute of technology'), (2013, 'georgia institute of technology'), (2014, 'chinese academy of sciences'), (2014, 'georgia institute of technology'), (2016, 'chinese academy of sciences'), (2016, 'georgia institute of technology'), (2018, 'chinese academy of sciences'), (2018, 'georgia institute of technology'))

firstname : shina
lastname : tan
middlename : None
year_range : (2011,)
main_us_institutions_year : ((2011, 'georgia tech research corporation'),)
all_us_institutions_year : ((2011, 'georgia tech research corporation'),)

6/10 positive, 17/10 negative
Do these records refer to the same thing?
(y)es / (n)o / (u)nsure / (f)inished / (p)revious
An error occurred when calling compare_range_from_tuple((2003, 2020), (2003, 2020)). I cannot print the type, but most likely a TypeError or ValueError.
An error occurred when calling compare_range_from_tuple((2003, 2020), (2003, 2020)). I cannot print the type, but most likely a TypeError or ValueError.
An error occurred when calling compare_range_from_tuple((2003, 2020), (2003, 2020)). I cannot print the type, but most likely a TypeError or ValueError.
An error occurred when calling compare_range_from_tuple((2003, 2020), (2003, 2020)). I cannot print the type, but most likely a TypeError or ValueError.
firstname : rich
lastname : townsend
middlename : None
year_range : (2007, 2010)
main_us_institutions_year : ((2007, 'university of delaware'), (2008, 'university of delaware'), (2010, 'university of wisconsin madison'))
all_us_institutions_year : ((2005, 'university of delaware'), (2007, 'university of delaware'), (2008, 'university of delaware'), (2010, 'university of wisconsin madison'))

firstname : richard
lastname : townsend
middlename : h
year_range : (2009,)
main_us_institutions_year : ((2009, 'university of wisconsin madison'),)
all_us_institutions_year : ((2009, 'university of wisconsin madison'),)

7/10 positive, 17/10 negative
Do these records refer to the same thing?
(y)es / (n)o / (u)nsure / (f)inished / (p)revious
An error occurred when calling compare_range_from_tuple((2003, 2020), (2003, 2020)). I cannot print the type, but most likely a TypeError or ValueError.
An error occurred when calling compare_range_from_tuple((2003, 2020), (2003, 2020)). I cannot print the type, but most likely a TypeError or ValueError.
An error occurred when calling compare_range_from_tuple((2003, 2020), (2003, 2020)). I cannot print the type, but most likely a TypeError or ValueError.
An error occurred when calling compare_range_from_tuple((2003, 2020), (2003, 2020)). I cannot print the type, but most likely a TypeError or ValueError.
firstname : yanga
lastname : fernandez
middlename : r
year_range : (1997, 2021)
main_us_institutions_year : ((1997, 'university of maryland college park'), (1999, 'university of maryland college park'), (2000, 'university of maryland college park'), (2001, 'california institute of technology'), (2002, 'university of hawaii'), (2003, 'university of hawaii'), (2004, 'university of hawaii'), (2005, 'university of hawaii'), (2006, 'university of central florida'), (2007, 'university of central florida'), (2008, 'university of central florida'), (2009, 'university of central florida'), (2010, 'university of central florida'), (2011, 'university of central florida'), (2012, 'university of central florida'), (2013, 'florida state university'), (2013, 'university of central florida'), (2014, 'university of central florida'), (2015, 'university of central florida'), (2016, 'university of central florida'), (2017, 'university of central florida'), (2018, 'university of central florida'), (2019, 'university of central florida'), (2020, 'university of central florida'))
all_us_institutions_year : ((1997, 'university of maryland baltimore'), (1997, 'university of maryland college park'), (1999, 'university of maryland college park'), (2000, 'university of maryland college park'), (2001, 'california institute of technology'), (2001, 'university of hawaii'), (2001, 'university of hawaii at manoa'), (2002, 'california institute of technology'), (2002, 'university of hawaii'), (2002, 'university of hawaii at manoa'), (2003, 'california institute of technology'), (2003, 'university of hawaii'), (2004, 'university of hawaii'), (2004, 'university of maryland college park'), (2005, 'california institute of technology'), (2005, 'university of central florida'), (2005, 'university of hawaii'), (2005, 'university of hawaii at manoa'), (2006, 'university of central florida'), (2006, 'university of hawaii'), (2007, 'university of central florida'), (2008, 'university of central florida'), (2009, 'university of central florida'), (2009, 'university of hawaii'), (2010, 'florida state university'), (2010, 'university of central florida'), (2011, 'university of central florida'), (2012, 'university of central florida'), (2013, 'florida state university'), (2013, 'university of central florida'), (2014, 'university of central florida'), (2015, 'university of central florida'), (2016, 'university of central florida'), (2017, 'university of central florida'), (2018, 'university of central florida'), (2019, 'university of central florida'), (2020, 'university of central florida'), (2021, 'university of central florida'))

firstname : yanga
lastname : fernandez
middlename : r
year_range : (2008,)
main_us_institutions_year : ((2008, 'the university of central florida board of trustees'),)
all_us_institutions_year : ((2008, 'the university of central florida board of trustees'),)

8/10 positive, 17/10 negative
Do these records refer to the same thing?
(y)es / (n)o / (u)nsure / (f)inished / (p)revious
An error occurred when calling compare_range_from_tuple((2003, 2020), (2003, 2020)). I cannot print the type, but most likely a TypeError or ValueError.
An error occurred when calling compare_range_from_tuple((2003, 2020), (2003, 2020)). I cannot print the type, but most likely a TypeError or ValueError.
An error occurred when calling compare_range_from_tuple((2003, 2020), (2003, 2020)). I cannot print the type, but most likely a TypeError or ValueError.
An error occurred when calling compare_range_from_tuple((2003, 2020), (2003, 2020)). I cannot print the type, but most likely a TypeError or ValueError.
firstname : viatcheslav
lastname : kokoouline
middlename : None
year_range : (1999, 2021)
main_us_institutions_year : ((2001, 'university of colorado boulder'), (2002, 'university of colorado boulder'), (2003, 'university of colorado boulder'), (2004, 'university of central florida'), (2005, 'university of central florida'), (2006, 'university of central florida'), (2007, 'university of central florida'), (2008, 'university of central florida'), (2009, 'university of central florida'), (2010, 'university of central florida'), (2011, 'university of central florida'), (2012, 'university of central florida'), (2014, 'university of central florida'), (2015, 'university of central florida'), (2016, 'university of central florida'), (2017, 'university of central florida'), (2018, 'university of central florida'), (2019, 'university of central florida'), (2020, 'university of central florida'), (2021, 'university of central florida'))
all_us_institutions_year : ((2001, 'university of colorado boulder'), (2002, 'university of colorado boulder'), (2003, 'university of colorado boulder'), (2004, 'university of central florida'), (2005, 'university of central florida'), (2006, 'university of central florida'), (2007, 'university of central florida'), (2008, 'university of central florida'), (2009, 'university of central florida'), (2010, 'university of central florida'), (2011, 'university of central florida'), (2011, 'university of colorado boulder'), (2012, 'university of central florida'), (2014, 'university of central florida'), (2015, 'university of central florida'), (2016, 'university of central florida'), (2017, 'university of central florida'), (2018, 'university of central florida'), (2019, 'university of central florida'), (2020, 'university of central florida'), (2021, 'university of central florida'))

firstname : viatcheslav
lastname : kokoouline
middlename : None
year_range : (2015,)
main_us_institutions_year : ((2015, 'the university of central florida board of trustees'),)
all_us_institutions_year : ((2015, 'the university of central florida board of trustees'),)

9/10 positive, 17/10 negative
Do these records refer to the same thing?
(y)es / (n)o / (u)nsure / (f)inished / (p)revious
An error occurred when calling compare_range_from_tuple((2003, 2020), (2003, 2020)). I cannot print the type, but most likely a TypeError or ValueError.
An error occurred when calling compare_range_from_tuple((2003, 2020), (2003, 2020)). I cannot print the type, but most likely a TypeError or ValueError.
An error occurred when calling compare_range_from_tuple((2003, 2020), (2003, 2020)). I cannot print the type, but most likely a TypeError or ValueError.
An error occurred when calling compare_range_from_tuple((2003, 2020), (2003, 2020)). I cannot print the type, but most likely a TypeError or ValueError.
firstname : greg
lastname : rudnick
middlename : None
year_range : (2000, 2019)
main_us_institutions_year : ((2000, 'university of arizona'), (2001, 'university of arizona'), (2017, 'university of kansas'), (2019, 'university of kansas'))
all_us_institutions_year : ((2000, 'steward health care system'), (2000, 'university of arizona'), (2001, 'university of arizona'), (2017, 'university of kansas'), (2018, 'university of kansas'), (2019, 'university of kansas'))

firstname : gregory
lastname : rudnick
middlename : h
year_range : (2012,)
main_us_institutions_year : ((2012, 'university of kansas center for research inc'),)
all_us_institutions_year : ((2012, 'university of kansas center for research inc'),)

10/10 positive, 17/10 negative
Do these records refer to the same thing?
(y)es / (n)o / (u)nsure / (f)inished / (p)revious
An error occurred when calling compare_range_from_tuple((2003, 2020), (2003, 2020)). I cannot print the type, but most likely a TypeError or ValueError.
An error occurred when calling compare_range_from_tuple((2003, 2020), (2003, 2020)). I cannot print the type, but most likely a TypeError or ValueError.
An error occurred when calling compare_range_from_tuple((2003, 2020), (2003, 2020)). I cannot print the type, but most likely a TypeError or ValueError.
An error occurred when calling compare_range_from_tuple((2003, 2020), (2003, 2020)). I cannot print the type, but most likely a TypeError or ValueError.
firstname : william
lastname : hiscock
middlename : a
year_range : (1978, 2006)
main_us_institutions_year : ((1981, 'university of california santa barbara'), (1982, 'university of texas at austin'), (1983, 'university of texas at austin'), (1984, 'university of california santa barbara'), (1985, 'university of california santa barbara'))
all_us_institutions_year : ((1981, 'university of california santa barbara'), (1982, 'university of texas at austin'), (1983, 'university of texas at austin'), (1984, 'university of california santa barbara'), (1985, 'university of california santa barbara'))

firstname : william
lastname : hiscock
middlename : a
year_range : (1988,)
main_us_institutions_year : ((1988, 'montana state university'),)
all_us_institutions_year : ((1988, 'montana state university'),)

11/10 positive, 17/10 negative
Do these records refer to the same thing?
(y)es / (n)o / (u)nsure / (f)inished / (p)revious
An error occurred when calling compare_range_from_tuple((2003, 2020), (2003, 2020)). I cannot print the type, but most likely a TypeError or ValueError.
An error occurred when calling compare_range_from_tuple((2003, 2020), (2003, 2020)). I cannot print the type, but most likely a TypeError or ValueError.
An error occurred when calling compare_range_from_tuple((2003, 2020), (2003, 2020)). I cannot print the type, but most likely a TypeError or ValueError.
An error occurred when calling compare_range_from_tuple((2003, 2020), (2003, 2020)). I cannot print the type, but most likely a TypeError or ValueError.
firstname : margaret
lastname : meixner
middlename : None
year_range : (1988, 2021)
main_us_institutions_year : ((1992, 'university of hawaii'), (1993, 'university of california berkeley'), (1994, 'university of california berkeley'), (1995, 'university of illinois at urbana champaign'), (1997, 'university of illinois at urbana champaign'), (1998, 'university of illinois at urbana champaign'), (1999, 'university of illinois at urbana champaign'), (2000, 'university of illinois at urbana champaign'), (2001, 'university of illinois at urbana champaign'), (2002, 'university of illinois at urbana champaign'), (2003, 'university of illinois at urbana champaign'), (2003, 'space telescope science institute'), (2004, 'space telescope science institute'), (2005, 'space telescope science institute'), (2006, 'space telescope science institute'), (2007, 'space telescope science institute'), (2008, 'space telescope science institute'), (2009, 'space telescope science institute'), (2010, 'space telescope science institute'), (2011, 'space telescope science institute'), (2012, 'space telescope science institute'), (2013, 'space telescope science institute'), (2014, 'space telescope science institute'), (2015, 'space telescope science institute'), (2016, 'space telescope science institute'), (2017, 'space telescope science institute'), (2018, 'space telescope science institute'), (2019, 'space telescope science institute'), (2020, 'space telescope science institute'), (2021, 'space telescope science institute'))
all_us_institutions_year : ((1992, 'university of hawaii'), (1993, 'university of california berkeley'), (1994, 'university of california berkeley'), (1995, 'university of illinois at urbana champaign'), (1996, 'university of illinois at urbana champaign'), (1997, 'lawrence livermore national laboratory'), (1997, 'university of illinois at urbana champaign'), (1998, 'university of illinois at urbana champaign'), (1999, 'university of illinois at urbana champaign'), (2000, 'university of illinois at urbana champaign'), (2001, 'university of illinois at urbana champaign'), (2002, 'space telescope science institute'), (2002, 'university of illinois at urbana champaign'), (2003, 'space telescope science institute'), (2003, 'university of illinois at urbana champaign'), (2004, 'space telescope science institute'), (2004, 'university of illinois at urbana champaign'), (2005, 'space telescope science institute'), (2006, 'space telescope science institute'), (2006, 'university of illinois at urbana champaign'), (2007, 'space telescope science institute'), (2008, 'space telescope science institute'), (2009, 'space telescope science institute'), (2010, 'harvard university'), (2010, 'smithsonian astrophysical observatory'), (2010, 'space telescope science institute'), (2011, 'harvard university'), (2011, 'space telescope science institute'), (2012, 'johns hopkins university'), (2012, 'space telescope science institute'), (2013, 'johns hopkins university'), (2013, 'space telescope science institute'), (2014, 'johns hopkins university'), (2014, 'space telescope science institute'), (2015, 'johns hopkins university'), (2015, 'space telescope science institute'), (2016, 'johns hopkins university'), (2016, 'space telescope science institute'), (2017, 'johns hopkins university'), (2017, 'space telescope science institute'), (2018, 'johns hopkins university'), (2018, 'space telescope science institute'), (2019, 'johns hopkins university'), (2019, 'space telescope science institute'), (2020, 'johns hopkins university'), (2020, 'space telescope science institute'), (2021, 'space telescope science institute'))

firstname : margaret
lastname : meixner
middlename : None
year_range : (2020,)
main_us_institutions_year : ((2020, 'universities space research association'),)
all_us_institutions_year : ((2020, 'universities space research association'),)

11/10 positive, 17/10 negative
Do these records refer to the same thing?
(y)es / (n)o / (u)nsure / (f)inished / (p)revious
firstname : morrel
lastname : cohen
middlename : h
year_range : (1997, 2020)
main_us_institutions_year : ((2008, 'princeton university'), (2009, 'university of washington'), (2009, 'princeton university'), (2010, 'princeton university'), (2011, 'rutgers university'), (2011, 'princeton university'), (2012, 'rutgers university'), (2012, 'princeton university'), (2013, 'princeton university'), (2014, 'princeton university'), (2015, 'rutgers university'), (2015, 'princeton university'), (2016, 'rutgers university'), (2016, 'princeton university'), (2018, 'rutgers university'), (2018, 'princeton university'), (2020, 'princeton university'))
all_us_institutions_year : ((2008, 'princeton university'), (2008, 'university of washington'), (2009, 'princeton university'), (2009, 'university of washington'), (2010, 'princeton university'), (2010, 'rutgers university'), (2011, 'princeton university'), (2011, 'rutgers university'), (2012, 'princeton university'), (2012, 'rutgers university'), (2013, 'princeton university'), (2013, 'rutgers university'), (2014, 'princeton university'), (2014, 'rutgers university'), (2015, 'princeton university'), (2015, 'rutgers university'), (2016, 'princeton university'), (2016, 'rutgers university'), (2018, 'princeton university'), (2018, 'rutgers university'), (2020, 'princeton university'))

firstname : morrel
lastname : cohen
middlename : h
year_range : (1977,)
main_us_institutions_year : ((1977, 'university of chicago'),)
all_us_institutions_year : ((1977, 'university of chicago'),)

12/10 positive, 17/10 negative
Do these records refer to the same thing?
(y)es / (n)o / (u)nsure / (f)inished / (p)revious
An error occurred when calling compare_range_from_tuple((2003, 2020), (2003, 2020)). I cannot print the type, but most likely a TypeError or ValueError.
An error occurred when calling compare_range_from_tuple((2003, 2020), (2003, 2020)). I cannot print the type, but most likely a TypeError or ValueError.
An error occurred when calling compare_range_from_tuple((2003, 2020), (2003, 2020)). I cannot print the type, but most likely a TypeError or ValueError.
An error occurred when calling compare_range_from_tuple((2003, 2020), (2003, 2020)). I cannot print the type, but most likely a TypeError or ValueError.
firstname : christy
lastname : tremonti
middlename : None
year_range : (1998, 2018)
main_us_institutions_year : ((1998, 'johns hopkins university'), (2000, 'johns hopkins university'), (2001, 'johns hopkins university'), (2002, 'johns hopkins university'), (2003, 'johns hopkins university'), (2004, 'steward health care system'), (2005, 'steward health care system'), (2007, 'steward health care system'), (2008, 'steward health care system'))
all_us_institutions_year : ((1998, 'johns hopkins university'), (2000, 'johns hopkins university'), (2001, 'johns hopkins university'), (2001, 'space telescope science institute'), (2002, 'johns hopkins university'), (2003, 'johns hopkins university'), (2003, 'university of arizona'), (2004, 'johns hopkins university'), (2004, 'steward health care system'), (2005, 'steward health care system'), (2007, 'steward health care system'), (2008, 'steward health care system'))

firstname : christy
lastname : tremonti
middlename : a
year_range : (2009,)
main_us_institutions_year : ((2009, 'university of wisconsin madison'),)
all_us_institutions_year : ((2009, 'university of wisconsin madison'),)

12/10 positive, 17/10 negative
Do these records refer to the same thing?
(y)es / (n)o / (u)nsure / (f)inished / (p)revious
Finished labeling
Done in 86.93889759778976 minutes.
