Namespace(testing=False, verbose=1, field=['physics'], train_name='christoph_protocol_degree0', startyear=1990, endyear=2015, loadstartyear=1990, loadendyear=2015, mergemode='m:1', recall=0.9, institution='True', fieldofstudy_cat='False', fieldofstudy_str='False', keywords='False', retrain='True', linking_type='advisors', samplesize=100000, write_to='database')
Have max 12 cores available
Testing is False 

I set the write connection to the main database.
id_field is [121332964] and will be passed to sql queries.
finished setup ... 
Time elapsed: 0.00045418739318847656 minutes 


        SELECT relationship_id
                , year
                , year AS year_range
                , firstname 
                , lastname
                , CASE TRIM(SUBSTR(middle_lastname, 1, l_fullname-l_firstname-l_lastname - 1)) 
                    WHEN 
                        "" THEN NULL 
                        ELSE TRIM(SUBSTR(middle_lastname, 1, l_fullname-l_firstname-l_lastname - 1)) 
                    END AS middlename
                , fieldofstudy
                , keywords
                , institution
                , year || "//" || institution as main_us_institutions_year
                , year || "//" || institution as all_us_institutions_year
        FROM (
            SELECT goid
                , relationship_id
                , degree_year AS year 
                , a.fullname 
                , SUBSTR(TRIM(a.fullname),1,instr(trim(a.fullname)||' ',' ')-1) AS firstname
                , REPLACE(a.fullname, RTRIM(a.fullname, REPLACE(a.fullname, " ", "")), "") AS lastname 
                , TRIM(SUBSTR(a.fullname, length(SUBSTR(TRIM(a.fullname),1,instr(trim(a.fullname)||' ',' ')-1)) + 1)) AS middle_lastname 
                , length(a.fullname) AS l_fullname 
                , length(SUBSTR(TRIM(a.fullname),1,instr(trim(a.fullname)||' ',' ')-1) ) AS l_firstname
                , length(REPLACE(a.fullname, RTRIM(a.fullname, REPLACE(a.fullname, " ", "")), "")) AS l_lastname
                , fieldname AS fieldofstudy
                , university_id
            FROM pq_authors 
            INNER JOIN (
                SELECT goid, fieldname 
                FROM pq_fields_mag
                WHERE mag_field0 IN (?)
            ) USING (goid)
            INNER JOIN ( --# NOTE: this only keeps the theses where at least one advisor is present
                SELECT *, firstname || ' ' || lastname AS fullname
                FROM pq_advisors
            ) AS a USING(goid)
        )
        -- ## NOTE: use left join here as not all graduates have advisor (particularly pre-1980) and possibly also keywords
        LEFT JOIN (
            SELECT goid
                , fields as keywords
            FROM pq_info_linking
        ) USING(goid) 
        INNER JOIN (
            SELECT university_id, normalizedname as institution
            FROM pq_unis --## mark: previously we linked advisors anywhere in the world (as career outcomes). for now, focus on US
            WHERE location like "%United States%"
        ) USING(university_id)
        WHERE year >= 1990 and year <= 2015
         


    SELECT f.AuthorId
        , f.year
        , f.YearLastPub
        , f.firstname
        , f.lastname
        , CASE TRIM(SUBSTR(f.middle_lastname, 1, f.l_fullname - f.l_firstname - f.l_lastname - 1)) 
            WHEN 
                "" THEN NULL 
                ELSE TRIM(SUBSTR(f.middle_lastname, 1, f.l_fullname - f.l_firstname - f.l_lastname - 1)) 
            END as middlename 
            -- ## NOTE this gives "" for middlename when it is missing 
        , f.fieldofstudy
        , g.keywords
        , g.coauthors
        , g.institution
        , g.main_us_institutions_year
         
        , f.year || ";" || f.YearLastPub AS year_range 
        , g.all_us_institutions_year
    
    FROM (
        SELECT a.AuthorId
            , a.YearFirstPub AS year
            , a.YearLastPub 
            , a.FirstName AS firstname
            , REPLACE(b.NormalizedName, RTRIM(b.NormalizedName, REPLACE(b.NormalizedName, " ", "")), "") AS lastname 
                    -- https://stackoverflow.com/questions/21388820/how-to-get-the-last-index-of-a-substring-in-sqlite
            , TRIM(SUBSTR(b.NormalizedName, length(a.FirstName) + 1)) AS middle_lastname 
                    -- this gives all except the first name 
            , length(b.NormalizedName) as l_fullname 
            , length(a.FirstName) as l_firstname
            , length(REPLACE(b.NormalizedName, RTRIM(b.NormalizedName, REPLACE(b.NormalizedName, " ", "")), "")) as l_lastname
            , e.NormalizedName AS fieldofstudy
        FROM author_sample AS a
        INNER JOIN (
            SELECT AuthorId, NormalizedName
            FROM Authors
        ) AS b USING(AuthorId)
        INNER JOIN (
            SELECT AuthorId
            FROM author_field0
            WHERE FieldOfStudyId_lvl0 IN (?)
                AND Degree <= 0
        ) USING(AuthorId)
        LEFT JOIN (
            SELECT AuthorId, NormalizedName
            FROM author_fields c
            INNER JOIN (
                SELECT FieldOfStudyId, NormalizedName
                FROM FieldsOfStudy
            ) AS d USING(FieldOfStudyId)
            -- ## Condition on fieldofstudy being in the level 0 id_field
            INNER JOIN (
                SELECT ParentFieldOfStudyId, ChildFieldOfStudyId
                FROM crosswalk_fields
                WHERE ParentLevel = 0
                    AND ParentFieldOfStudyId IN (?)
            ) AS e ON (e.ChildFieldOfStudyId = c.FieldOfStudyId)
            WHERE FieldClass = 'first'
        ) AS e USING(AuthorId)
    ) f
    LEFT JOIN (
        SELECT AuthorId
                , main_us_institutions_career as institution
                , coauthors
                , keywords
                , main_us_institutions_year
                , all_us_institutions_year
        FROM author_info_linking
    ) AS g USING(AuthorId)
    
    WHERE f.YearLastPub  >= 1990 - 5 AND year <= 2015 + 5 AND institution is not NULL
     

Time elapsed: 91.74456182718276 minutes 

Starting active labeling...
firstname : v
lastname : nair
middlename : parameswaran
year_range : (2006,)
main_us_institutions_year : ((2006, 'city university of new york'),)
all_us_institutions_year : ((2006, 'city university of new york'),)

firstname : v
lastname : nair
middlename : p
year_range : (1982, 2021)
main_us_institutions_year : ((1982, 'syracuse university'), (1983, 'syracuse university'), (1984, 'institute for advanced study'), (1985, 'institute for advanced study'), (1986, 'university of california santa barbara'), (1987, 'university of california santa barbara'), (1988, 'columbia university'), (1989, 'columbia university'), (1990, 'columbia university'), (1991, 'columbia university'), (1992, 'columbia university'), (1993, 'columbia university'), (1994, 'city university of new york'), (1995, 'city university of new york'), (1996, 'city university of new york'), (1997, 'city university of new york'), (1998, 'city university of new york'), (1999, 'city university of new york'), (2000, 'massachusetts institute of technology'), (2001, 'city university of new york'), (2002, 'city university of new york'), (2003, 'city university of new york'), (2004, 'city university of new york'), (2005, 'city university of new york'), (2006, 'city university of new york'), (2008, 'city university of new york'), (2009, 'city university of new york'), (2010, 'city university of new york'), (2012, 'city university of new york'), (2013, 'city university of new york'), (2014, 'city university of new york'), (2015, 'city university of new york'), (2016, 'city university of new york'), (2017, 'city university of new york'), (2018, 'city university of new york'), (2019, 'city university of new york'), (2020, 'city university of new york'), (2021, 'city university of new york'))
all_us_institutions_year : ((1982, 'syracuse university'), (1983, 'syracuse university'), (1984, 'institute for advanced study'), (1984, 'syracuse university'), (1985, 'institute for advanced study'), (1986, 'university of california santa barbara'), (1987, 'university of california santa barbara'), (1988, 'columbia university'), (1989, 'columbia university'), (1990, 'columbia university'), (1991, 'columbia university'), (1992, 'columbia university'), (1993, 'columbia university'), (1994, 'city university of new york'), (1995, 'city university of new york'), (1996, 'city college of new york'), (1996, 'city university of new york'), (1996, 'columbia university'), (1997, 'city college of new york'), (1997, 'city university of new york'), (1998, 'city university of new york'), (1999, 'city university of new york'), (2000, 'city university of new york'), (2000, 'massachusetts institute of technology'), (2000, 'rockefeller university'), (2001, 'city university of new york'), (2001, 'rockefeller university'), (2002, 'city university of new york'), (2003, 'city university of new york'), (2004, 'city college of new york'), (2004, 'city university of new york'), (2005, 'city university of new york'), (2006, 'city university of new york'), (2008, 'city university of new york'), (2009, 'city university of new york'), (2010, 'city university of new york'), (2012, 'city university of new york'), (2013, 'city university of new york'), (2014, 'city university of new york'), (2015, 'city university of new york'), (2016, 'city university of new york'), (2017, 'city university of new york'), (2018, 'city university of new york'), (2019, 'city university of new york'), (2020, 'city university of new york'), (2021, 'city university of new york'))

0/10 positive, 0/10 negative
Do these records refer to the same thing?
(y)es / (n)o / (u)nsure / (f)inished
firstname : monica
lastname : cruz
middlename : olvera de la
year_range : (2009,)
main_us_institutions_year : ((2009, 'northwestern university'),)
all_us_institutions_year : ((2009, 'northwestern university'),)

firstname : monica
lastname : cruz
middlename : olvera de la
year_range : (1986, 2021)
main_us_institutions_year : ((1986, 'national institute of standards and technology'), (1986, 'university of massachusetts boston'), (1987, 'national institute of standards and technology'), (1989, 'northwestern university'), (1993, 'northwestern university'), (1994, 'northwestern university'), (1999, 'northwestern university'), (2000, 'northwestern university'), (2004, 'northwestern university'), (2005, 'northwestern university'), (2006, 'northwestern university'), (2007, 'northwestern university'), (2008, 'northwestern university'), (2009, 'northwestern university'), (2010, 'northwestern university'), (2011, 'northwestern university'), (2012, 'northwestern university'), (2013, 'northwestern university'), (2014, 'northwestern university'), (2015, 'northwestern university'), (2016, 'northwestern university'), (2017, 'northwestern university'), (2018, 'northwestern university'), (2019, 'northwestern university'), (2020, 'northwestern university'), (2021, 'northwestern university'))
all_us_institutions_year : ((1986, 'national institute of standards and technology'), (1986, 'university of massachusetts boston'), (1987, 'national institute of standards and technology'), (1989, 'northwestern university'), (1991, 'northwestern university'), (1993, 'northwestern university'), (1994, 'northwestern university'), (1999, 'northwestern university'), (2000, 'northwestern university'), (2004, 'northwestern university'), (2005, 'northwestern university'), (2006, 'northwestern university'), (2007, 'chinese academy of sciences'), (2007, 'northwestern university'), (2008, 'northwestern university'), (2009, 'northwestern university'), (2010, 'northwestern university'), (2011, 'arizona state university'), (2011, 'northwestern university'), (2012, 'northwestern university'), (2013, 'northwestern university'), (2014, 'northwestern university'), (2015, 'northwestern university'), (2016, 'argonne national laboratory'), (2016, 'northwestern university'), (2017, 'northwestern university'), (2018, 'northwestern university'), (2019, 'northwestern university'), (2020, 'northwestern university'), (2021, 'northwestern university'))

1/10 positive, 0/10 negative
Do these records refer to the same thing?
(y)es / (n)o / (u)nsure / (f)inished / (p)revious
firstname : michael
lastname : gladders
middlename : d
year_range : (2015,)
main_us_institutions_year : ((2015, 'university of chicago'),)
all_us_institutions_year : ((2015, 'university of chicago'),)

firstname : michael
lastname : gladders
middlename : g
year_range : (2009, 2016)
main_us_institutions_year : ((2009, 'university of chicago'), (2012, 'university of chicago'), (2013, 'university of chicago'), (2016, 'university of chicago'))
all_us_institutions_year : ((2009, 'university of chicago'), (2012, 'university of chicago'), (2013, 'university of chicago'), (2016, 'university of chicago'))

2/10 positive, 0/10 negative
Do these records refer to the same thing?
(y)es / (n)o / (u)nsure / (f)inished / (p)revious
firstname : harry
lastname : nelson
middlename : n
year_range : (2000,)
main_us_institutions_year : ((2000, 'university of california santa barbara'),)
all_us_institutions_year : ((2000, 'university of california santa barbara'),)

firstname : harry
lastname : nelson
middlename : w
year_range : (1945, 2021)
main_us_institutions_year : ((2009, 'university of california santa barbara'), (2011, 'university of california santa barbara'), (2012, 'university of california santa barbara'), (2013, 'university of california santa barbara'), (2017, 'university of california santa barbara'), (2018, 'university of california santa barbara'), (2020, 'university of california santa barbara'))
all_us_institutions_year : ((2009, 'university of california santa barbara'), (2011, 'university of california santa barbara'), (2012, 'university of california santa barbara'), (2013, 'university of california santa barbara'), (2014, 'university of california santa barbara'), (2015, 'university of california santa barbara'), (2016, 'university of california santa barbara'), (2017, 'university of california santa barbara'), (2018, 'university of california santa barbara'), (2019, 'university of california santa barbara'), (2020, 'university of california santa barbara'), (2021, 'university of california santa barbara'))

3/10 positive, 0/10 negative
Do these records refer to the same thing?
(y)es / (n)o / (u)nsure / (f)inished / (p)revious
firstname : michael
lastname : brown
middlename : e
year_range : (2008,)
main_us_institutions_year : ((2008, 'california institute of technology'),)
all_us_institutions_year : ((2008, 'california institute of technology'),)

firstname : michael
lastname : brown
middlename : s
year_range : (1980, 2018)
main_us_institutions_year : ((1990, 'university of california san francisco'),)
all_us_institutions_year : ((1990, 'university of california san francisco'),)

4/10 positive, 0/10 negative
Do these records refer to the same thing?
(y)es / (n)o / (u)nsure / (f)inished / (p)revious
firstname : james
lastname : allen
middlename : w
year_range : (1993,)
main_us_institutions_year : ((1993, 'university of michigan'),)
all_us_institutions_year : ((1993, 'university of michigan'),)

firstname : james
lastname : allen
middlename : f
year_range : (1979, 2020)
main_us_institutions_year : ((1979, 'university of rochester'), (1980, 'university of rochester'), (1981, 'university of rochester'), (1982, 'university of rochester'), (1983, 'university of rochester'), (1984, 'university of rochester'), (1985, 'university of rochester'), (1986, 'university of rochester'), (1987, 'university of rochester'), (1988, 'university of rochester'), (1989, 'university of rochester'), (1990, 'university of rochester'), (1991, 'university of rochester'), (1993, 'university of rochester'), (1994, 'university of rochester'), (1995, 'university of rochester'), (1996, 'university of rochester'), (1997, 'university of rochester'), (1998, 'university of rochester'), (1999, 'university of rochester'), (2000, 'university of rochester'), (2001, 'university of rochester'), (2002, 'university of rochester'), (2003, 'university of rochester'), (2004, 'university of rochester'), (2005, 'university of rochester'), (2006, 'university of rochester'), (2007, 'university of rochester'), (2008, 'university of rochester'), (2009, 'university of rochester'), (2010, 'university of rochester'), (2011, 'university of rochester'), (2012, 'university of rochester'), (2013, 'university of rochester'), (2014, 'florida institute for human and machine cognition'), (2014, 'university of rochester'), (2015, 'florida institute for human and machine cognition'), (2016, 'united states naval academy'), (2017, 'microsoft'), (2018, 'university of rochester'), (2020, 'harvard university'), (2020, 'university of rochester'))
all_us_institutions_year : ((1979, 'university of rochester'), (1980, 'university of rochester'), (1981, 'university of rochester'), (1982, 'university of rochester'), (1983, 'university of rochester'), (1984, 'university of rochester'), (1985, 'university of rochester'), (1986, 'university of rochester'), (1987, 'university of rochester'), (1988, 'university of rochester'), (1989, 'university of rochester'), (1990, 'university of rochester'), (1991, 'university of rochester'), (1992, 'university of rochester'), (1993, 'university of rochester'), (1994, 'university of rochester'), (1995, 'university of rochester'), (1996, 'carnegie mellon university'), (1996, 'university of rochester'), (1997, 'university of rochester'), (1998, 'university of rochester'), (1999, 'university of rochester'), (2000, 'university of rochester'), (2001, 'university of rochester'), (2002, 'university of rochester'), (2003, 'university of rochester'), (2004, 'florida institute for human and machine cognition'), (2004, 'university of rochester'), (2005, 'florida institute for human and machine cognition'), (2005, 'university of rochester'), (2006, 'florida institute for human and machine cognition'), (2006, 'university of rochester'), (2007, 'florida institute for human and machine cognition'), (2007, 'university of rochester'), (2008, 'florida institute for human and machine cognition'), (2008, 'university of rochester'), (2009, 'florida institute for human and machine cognition'), (2009, 'university of rochester'), (2010, 'florida institute for human and machine cognition'), (2010, 'university of rochester'), (2011, 'florida institute for human and machine cognition'), (2011, 'university of rochester'), (2012, 'university of rochester'), (2013, 'florida institute for human and machine cognition'), (2013, 'university of rochester'), (2014, 'florida institute for human and machine cognition'), (2014, 'university of rochester'), (2015, 'florida institute for human and machine cognition'), (2015, 'university of rochester'), (2016, 'florida institute for human and machine cognition'), (2016, 'microsoft'), (2016, 'united states naval academy'), (2017, 'microsoft'), (2017, 'university of rochester'), (2018, 'university of rochester'), (2020, 'florida institute for human and machine cognition'), (2020, 'harvard university'), (2020, 'university of rochester'))

4/10 positive, 1/10 negative
Do these records refer to the same thing?
(y)es / (n)o / (u)nsure / (f)inished / (p)revious
firstname : nadya
lastname : mason
middlename : None
year_range : (2012,)
main_us_institutions_year : ((2012, 'university of illinois at urbana champaign'),)
all_us_institutions_year : ((2012, 'university of illinois at urbana champaign'),)

firstname : nadya
lastname : mason
middlename : None
year_range : (1993, 2021)
main_us_institutions_year : ((1993, 'bell labs'), (1999, 'stanford university'), (2001, 'stanford university'), (2002, 'stanford university'), (2004, 'harvard university'), (2005, 'harvard university'), (2006, 'university of illinois at urbana champaign'), (2006, 'harvard university'), (2009, 'university of illinois at urbana champaign'), (2010, 'university of illinois at urbana champaign'), (2011, 'university of illinois at urbana champaign'), (2012, 'urbana university'), (2013, 'university of illinois at urbana champaign'), (2015, 'university of illinois at urbana champaign'), (2016, 'university of illinois at urbana champaign'), (2018, 'university of illinois at urbana champaign'), (2019, 'university of illinois at urbana champaign'), (2020, 'university of illinois at urbana champaign'))
all_us_institutions_year : ((1993, 'bell labs'), (1999, 'stanford university'), (2001, 'stanford university'), (2002, 'stanford university'), (2003, 'harvard university'), (2004, 'harvard university'), (2005, 'harvard university'), (2006, 'harvard university'), (2006, 'university of illinois at urbana champaign'), (2009, 'university of illinois at urbana champaign'), (2010, 'university of illinois at urbana champaign'), (2011, 'university of illinois at urbana champaign'), (2012, 'urbana university'), (2013, 'university of illinois at urbana champaign'), (2014, 'university of illinois at urbana champaign'), (2015, 'university of illinois at urbana champaign'), (2016, 'university of illinois at urbana champaign'), (2017, 'university of illinois at urbana champaign'), (2018, 'university of illinois at urbana champaign'), (2019, 'university of illinois at urbana champaign'), (2020, 'university of illinois at urbana champaign'))

4/10 positive, 2/10 negative
Do these records refer to the same thing?
(y)es / (n)o / (u)nsure / (f)inished / (p)revious
firstname : bongtae
lastname : han
middlename : None
year_range : (2006,)
main_us_institutions_year : ((2006, 'university of maryland college park'),)
all_us_institutions_year : ((2006, 'university of maryland college park'),)

firstname : bongtae
lastname : han
middlename : None
year_range : (1990, 2021)
main_us_institutions_year : ((1990, 'virginia tech'), (1992, 'virginia tech'), (1993, 'ibm'), (1994, 'virginia tech'), (1995, 'ibm'), (1996, 'ibm'), (1997, 'clemson university'), (1998, 'clemson university'), (2000, 'university of maryland college park'), (2000, 'university of maryland university college'), (2001, 'university of maryland college park'), (2002, 'university of maryland college park'), (2003, 'university of maryland college park'), (2004, 'university of maryland college park'), (2005, 'university of maryland college park'), (2006, 'university of maryland college park'), (2007, 'university of maryland college park'), (2008, 'university of maryland college park'), (2009, 'university of maryland college park'), (2010, 'university of maryland college park'), (2011, 'university of maryland college park'), (2012, 'university of maryland college park'), (2013, 'university of maryland college park'), (2014, 'university of maryland college park'), (2015, 'university of maryland college park'), (2016, 'university of maryland college park'), (2017, 'university of maryland college park'), (2018, 'university of maryland college park'), (2019, 'university of maryland college park'), (2020, 'university of maryland college park'), (2021, 'university of maryland college park'))
all_us_institutions_year : ((1990, 'virginia tech'), (1991, 'virginia tech'), (1992, 'virginia tech'), (1993, 'ibm'), (1994, 'clemson university'), (1994, 'ibm'), (1994, 'virginia tech'), (1995, 'ibm'), (1996, 'clemson university'), (1996, 'ibm'), (1997, 'clemson university'), (1998, 'clemson university'), (2000, 'university of maryland college park'), (2000, 'university of maryland university college'), (2001, 'university of maryland college park'), (2002, 'university of maryland college park'), (2003, 'university of maryland college park'), (2004, 'university of maryland college park'), (2005, 'university of maryland college park'), (2006, 'university of maryland college park'), (2007, 'university of maryland college park'), (2008, 'university of maryland college park'), (2008, 'virginia tech'), (2009, 'university of maryland college park'), (2010, 'university of maryland college park'), (2011, 'university of maryland college park'), (2012, 'university of maryland college park'), (2013, 'university of maryland college park'), (2014, 'university of maryland college park'), (2015, 'university of maryland college park'), (2016, 'university of maryland college park'), (2017, 'university of maryland college park'), (2018, 'university of maryland college park'), (2019, 'university of maryland college park'), (2020, 'university of maryland college park'), (2021, 'university of maryland college park'))

5/10 positive, 2/10 negative
Do these records refer to the same thing?
(y)es / (n)o / (u)nsure / (f)inished / (p)revious
firstname : mirjam
lastname : cvetic
middlename : None
year_range : (1996,)
main_us_institutions_year : ((1996, 'university of pennsylvania'),)
all_us_institutions_year : ((1996, 'university of pennsylvania'),)

firstname : mirjam
lastname : cveti
middlename : None
year_range : (1987, 1991)
main_us_institutions_year : ((1989, 'university of pennsylvania'), (1991, 'university of pennsylvania'))
all_us_institutions_year : ((1989, 'university of pennsylvania'), (1991, 'university of pennsylvania'))

6/10 positive, 2/10 negative
Do these records refer to the same thing?
(y)es / (n)o / (u)nsure / (f)inished / (p)revious
firstname : robert
lastname : westervelt
middlename : m
year_range : (2011,)
main_us_institutions_year : ((2011, 'harvard university'),)
all_us_institutions_year : ((2011, 'harvard university'),)

firstname : robert
lastname : west
middlename : None
year_range : (1940, 2021)
main_us_institutions_year : ((1940, 'university of wisconsin madison'), (1953, 'harvard university'), (1958, 'university of wisconsin madison'), (1958, 'bucknell university'), (1961, 'university of wisconsin madison'), (1962, 'university of wisconsin madison'), (1963, 'university of wisconsin madison'), (1964, 'university of wisconsin madison'), (1965, 'university of wisconsin madison'), (1966, 'university of wisconsin madison'), (1967, 'university of wisconsin madison'), (1968, 'university of wisconsin madison'), (1969, 'university of wisconsin madison'), (1970, 'university of wisconsin madison'), (1971, 'university of wisconsin madison'), (1973, 'university of wisconsin madison'), (1974, 'university of wisconsin madison'), (1975, 'university of wisconsin madison'), (1977, 'university of wisconsin madison'), (1978, 'university of wisconsin madison'), (1979, 'university of wisconsin madison'), (1980, 'university of wisconsin madison'), (1981, 'university of wisconsin madison'), (1982, 'university of wisconsin madison'), (1983, 'university of wisconsin madison'), (1984, 'university of wisconsin madison'), (1985, 'university of wisconsin madison'), (1986, 'university of wisconsin madison'), (1987, 'university of wisconsin madison'), (1988, 'university of wisconsin madison'), (1989, 'university of wisconsin madison'), (1990, 'university of wisconsin madison'), (1991, 'university of wisconsin madison'), (1992, 'university of wisconsin madison'), (1993, 'university of wisconsin madison'), (1994, 'university of wisconsin madison'), (1995, 'university of wisconsin madison'), (1996, 'university of wisconsin madison'), (1997, 'university of wisconsin madison'), (1998, 'university of wisconsin madison'), (1999, 'university of wisconsin madison'), (2000, 'university of wisconsin madison'), (2001, 'university of wisconsin madison'), (2002, 'university of wisconsin madison'), (2003, 'university of wisconsin madison'), (2004, 'university of wisconsin madison'), (2005, 'university of wisconsin madison'), (2006, 'university of wisconsin madison'), (2007, 'university of wisconsin madison'), (2008, 'university of wisconsin madison'), (2009, 'university of wisconsin madison'), (2010, 'university of wisconsin madison'), (2011, 'university of wisconsin madison'), (2012, 'university of wisconsin madison'), (2013, 'university of wisconsin madison'), (2014, 'university of wisconsin madison'), (2015, 'university of wisconsin madison'), (2016, 'university of wisconsin madison'), (2017, 'university of wisconsin madison'), (2018, 'university of wisconsin madison'), (2019, 'university of wisconsin madison'), (2020, 'university of wisconsin madison'), (2021, 'harvard university'))
all_us_institutions_year : ((1940, 'university of wisconsin madison'), (1953, 'harvard university'), (1958, 'bucknell university'), (1958, 'university of wisconsin madison'), (1961, 'university of wisconsin madison'), (1962, 'university of wisconsin madison'), (1963, 'university of wisconsin madison'), (1964, 'university of wisconsin madison'), (1965, 'university of wisconsin madison'), (1966, 'university of wisconsin madison'), (1967, 'university of wisconsin madison'), (1968, 'university of wisconsin madison'), (1969, 'university of wisconsin madison'), (1970, 'university of wisconsin madison'), (1971, 'university of wisconsin madison'), (1973, 'university of wisconsin madison'), (1974, 'university of wisconsin madison'), (1975, 'university of wisconsin madison'), (1977, 'university of wisconsin madison'), (1978, 'university of wisconsin madison'), (1979, 'university of wisconsin madison'), (1980, 'university of wisconsin madison'), (1981, 'university of wisconsin madison'), (1982, 'university of wisconsin madison'), (1983, 'university of wisconsin madison'), (1984, 'ibm'), (1984, 'university of wisconsin madison'), (1985, 'university of wisconsin madison'), (1986, 'university of wisconsin madison'), (1987, 'university of wisconsin madison'), (1988, 'university of wisconsin madison'), (1989, 'university of wisconsin madison'), (1990, 'university of wisconsin madison'), (1991, 'university of wisconsin madison'), (1992, 'university of wisconsin madison'), (1993, 'university of wisconsin madison'), (1994, 'university of wisconsin madison'), (1995, 'university of wisconsin madison'), (1996, 'university of wisconsin madison'), (1997, 'university of wisconsin madison'), (1998, 'university of wisconsin madison'), (1999, 'university of wisconsin madison'), (2000, 'university of wisconsin madison'), (2001, 'university of wisconsin madison'), (2001, 'wisconsin alumni research foundation'), (2002, 'university of wisconsin madison'), (2003, 'university of wisconsin madison'), (2004, 'university of wisconsin madison'), (2005, 'university of wisconsin madison'), (2006, 'university of wisconsin madison'), (2007, 'harvard university'), (2007, 'university of wisconsin madison'), (2008, 'university of wisconsin madison'), (2009, 'university of wisconsin madison'), (2010, 'university of wisconsin madison'), (2011, 'university of wisconsin madison'), (2012, 'university of wisconsin madison'), (2013, 'university of wisconsin madison'), (2014, 'university of wisconsin madison'), (2015, 'harvard university'), (2015, 'university of wisconsin madison'), (2016, 'university of wisconsin madison'), (2017, 'university of wisconsin madison'), (2018, 'university of wisconsin madison'), (2019, 'university of wisconsin madison'), (2020, 'university of wisconsin madison'), (2021, 'harvard university'))

7/10 positive, 2/10 negative
Do these records refer to the same thing?
(y)es / (n)o / (u)nsure / (f)inished / (p)revious
firstname : william
lastname : wylie
middlename : None
year_range : (2015,)
main_us_institutions_year : ((2015, 'syracuse university'),)
all_us_institutions_year : ((2015, 'syracuse university'),)

firstname : william
lastname : gutierrez
middlename : a
year_range : (1965, 1987)
main_us_institutions_year : ((1987, 'united states department of the army'),)
all_us_institutions_year : ((1974, 'united states department of the army'), (1975, 'united states department of the army'), (1978, 'united states department of the army'), (1980, 'united states department of the army'), (1981, 'united states department of the army'), (1983, 'united states department of the army'), (1984, 'united states department of the army'), (1987, 'united states department of the army'))

7/10 positive, 3/10 negative
Do these records refer to the same thing?
(y)es / (n)o / (u)nsure / (f)inished / (p)revious
firstname : donghua
lastname : zhou
middlename : None
year_range : (2015,)
main_us_institutions_year : ((2015, 'oklahoma state university'),)
all_us_institutions_year : ((2015, 'oklahoma state university'),)

firstname : s
lastname : chaudhuri
middlename : None
year_range : (1983, 1985)
main_us_institutions_year : ((1983, 'wright state university'), (1984, 'wright state university'), (1985, 'wright state university'))
all_us_institutions_year : ((1983, 'wright state university'), (1984, 'wright state university'), (1985, 'wright state university'))

7/10 positive, 4/10 negative
Do these records refer to the same thing?
(y)es / (n)o / (u)nsure / (f)inished / (p)revious
firstname : r
lastname : parker
middlename : r
year_range : (2010,)
main_us_institutions_year : ((2010, 'massachusetts institute of technology'),)
all_us_institutions_year : ((2010, 'massachusetts institute of technology'),)

firstname : yongkeun
lastname : park
middlename : None
year_range : (2004, 2021)
main_us_institutions_year : ((2006, 'massachusetts institute of technology'), (2007, 'massachusetts institute of technology'), (2008, 'massachusetts institute of technology'), (2009, 'massachusetts institute of technology'), (2010, 'massachusetts institute of technology'), (2011, 'massachusetts institute of technology'))
all_us_institutions_year : ((2006, 'massachusetts institute of technology'), (2007, 'massachusetts institute of technology'), (2008, 'massachusetts institute of technology'), (2009, 'massachusetts institute of technology'), (2010, 'massachusetts institute of technology'), (2011, 'massachusetts institute of technology'), (2012, 'massachusetts institute of technology'), (2021, 'broad institute'), (2021, 'massachusetts institute of technology'))

7/10 positive, 5/10 negative
Do these records refer to the same thing?
(y)es / (n)o / (u)nsure / (f)inished / (p)revious
firstname : franz
lastname : kartner
middlename : x
year_range : (2007,)
main_us_institutions_year : ((2007, 'massachusetts institute of technology'),)
all_us_institutions_year : ((2007, 'massachusetts institute of technology'),)

firstname : franz
lastname : kaertner
middlename : x
year_range : (2000, 2019)
main_us_institutions_year : ((2000, 'massachusetts institute of technology'), (2002, 'massachusetts institute of technology'), (2003, 'massachusetts institute of technology'), (2004, 'massachusetts institute of technology'), (2005, 'massachusetts institute of technology'), (2006, 'massachusetts institute of technology'), (2007, 'massachusetts institute of technology'), (2008, 'massachusetts institute of technology'), (2009, 'massachusetts institute of technology'), (2010, 'massachusetts institute of technology'), (2013, 'massachusetts institute of technology'), (2015, 'massachusetts institute of technology'))
all_us_institutions_year : ((1999, 'massachusetts institute of technology'), (2000, 'massachusetts institute of technology'), (2001, 'massachusetts institute of technology'), (2002, 'massachusetts institute of technology'), (2003, 'massachusetts institute of technology'), (2004, 'massachusetts institute of technology'), (2005, 'massachusetts institute of technology'), (2006, 'massachusetts institute of technology'), (2007, 'massachusetts institute of technology'), (2008, 'massachusetts institute of technology'), (2009, 'massachusetts institute of technology'), (2010, 'massachusetts institute of technology'), (2011, 'massachusetts institute of technology'), (2012, 'massachusetts institute of technology'), (2013, 'massachusetts institute of technology'), (2014, 'massachusetts institute of technology'), (2015, 'massachusetts institute of technology'), (2016, 'massachusetts institute of technology'), (2017, 'massachusetts institute of technology'))

7/10 positive, 6/10 negative
Do these records refer to the same thing?
(y)es / (n)o / (u)nsure / (f)inished / (p)revious
firstname : james
lastname : woo
middlename : c s
year_range : (2012,)
main_us_institutions_year : ((2012, 'university of california los angeles'),)
all_us_institutions_year : ((2012, 'university of california los angeles'),)

firstname : james
lastname : wood
middlename : c s
year_range : (1997, 2020)
main_us_institutions_year : ((1997, 'wake forest university'), (2007, 'wake forest university'), (2008, 'wake forest university'), (2009, 'wake forest university'), (2011, 'wake forest university'), (2012, 'wake forest university'), (2014, 'wake forest university'), (2017, 'wake forest baptist medical center'), (2018, 'wake forest baptist medical center'), (2018, 'wake forest university'), (2019, 'wake forest university'), (2020, 'wake forest baptist medical center'), (2020, 'wake forest university'))
all_us_institutions_year : ((1997, 'wake forest university'), (2007, 'wake forest university'), (2008, 'wake forest university'), (2009, 'wake forest university'), (2011, 'wake forest university'), (2012, 'wake forest university'), (2014, 'wake forest university'), (2017, 'wake forest baptist medical center'), (2018, 'wake forest baptist medical center'), (2018, 'wake forest university'), (2019, 'wake forest university'), (2020, 'wake forest baptist medical center'), (2020, 'wake forest university'))

8/10 positive, 6/10 negative
Do these records refer to the same thing?
(y)es / (n)o / (u)nsure / (f)inished / (p)revious
firstname : traian
lastname : dumitrica
middlename : None
year_range : (2014,)
main_us_institutions_year : ((2014, 'university of minnesota'),)
all_us_institutions_year : ((2014, 'university of minnesota'),)

firstname : traian
lastname : dumitrică
middlename : None
year_range : (1998, 2021)
main_us_institutions_year : ((1998, 'texas a m university'), (2000, 'texas a m university'), (2002, 'rice university'), (2003, 'rice university'), (2004, 'rice university'), (2005, 'rice university'), (2006, 'university of minnesota'), (2007, 'university of minnesota'), (2008, 'university of minnesota'), (2009, 'university of minnesota'), (2010, 'university of minnesota'), (2011, 'university of minnesota'), (2012, 'university of minnesota'), (2013, 'university of minnesota'), (2014, 'university of minnesota'), (2015, 'university of minnesota'), (2016, 'university of minnesota'), (2017, 'university of minnesota'), (2018, 'university of minnesota'), (2019, 'university of minnesota'), (2020, 'university of minnesota'), (2021, 'university of minnesota'))
all_us_institutions_year : ((1998, 'texas a m university'), (2000, 'texas a m university'), (2002, 'rice university'), (2002, 'texas a m university'), (2003, 'rice university'), (2004, 'rice university'), (2005, 'rice university'), (2006, 'university of minnesota'), (2007, 'university of minnesota'), (2008, 'university of minnesota'), (2009, 'university of minnesota'), (2010, 'university of minnesota'), (2011, 'university of minnesota'), (2012, 'university of minnesota'), (2013, 'university of minnesota'), (2014, 'rice university'), (2014, 'university of minnesota'), (2015, 'university of minnesota'), (2016, 'university of minnesota'), (2017, 'university of minnesota'), (2018, 'university of minnesota'), (2019, 'university of minnesota'), (2020, 'university of minnesota'), (2021, 'university of minnesota'))

8/10 positive, 6/10 negative
Do these records refer to the same thing?
(y)es / (n)o / (u)nsure / (f)inished / (p)revious
firstname : richard
lastname : superfine
middlename : chasen
year_range : (2010,)
main_us_institutions_year : ((2010, 'university of north carolina at chapel hill'),)
all_us_institutions_year : ((2010, 'university of north carolina at chapel hill'),)

firstname : richard
lastname : spero
middlename : chasen
year_range : (2000, 2015)
main_us_institutions_year : ((2000, 'national institutes of health'), (2008, 'university of north carolina at chapel hill'), (2011, 'university of north carolina at chapel hill'))
all_us_institutions_year : ((2000, 'national institutes of health'), (2008, 'university of north carolina at chapel hill'), (2010, 'university of north carolina at chapel hill'), (2011, 'university of north carolina at chapel hill'), (2013, 'university of north carolina at chapel hill'), (2017, 'university of north carolina at chapel hill'))

9/10 positive, 6/10 negative
Do these records refer to the same thing?
(y)es / (n)o / (u)nsure / (f)inished / (p)revious
firstname : john
lastname : baez
middlename : c
year_range : (2004,)
main_us_institutions_year : ((2004, 'university of california riverside'),)
all_us_institutions_year : ((2004, 'university of california riverside'),)

firstname : john
lastname : batchelor
middlename : c
year_range : (1993, 2021)
main_us_institutions_year : None
all_us_institutions_year : ((2005, 'kent state university'),)

9/10 positive, 7/10 negative
Do these records refer to the same thing?
(y)es / (n)o / (u)nsure / (f)inished / (p)revious
firstname : qing
lastname : hu
middlename : None
year_range : (2003,)
main_us_institutions_year : ((2003, 'massachusetts institute of technology'),)
all_us_institutions_year : ((2003, 'massachusetts institute of technology'),)

firstname : qing
lastname : huan
middlename : None
year_range : (2006, 2021)
main_us_institutions_year : ((2006, 'chinese academy of sciences'), (2011, 'university of california irvine'), (2013, 'chinese academy of sciences'), (2013, 'university of california irvine'), (2014, 'chinese academy of sciences'), (2015, 'chinese academy of sciences'), (2017, 'chinese academy of sciences'), (2018, 'chinese academy of sciences'), (2019, 'chinese academy of sciences'), (2020, 'chinese academy of sciences'), (2021, 'chinese academy of sciences'))
all_us_institutions_year : ((2006, 'chinese academy of sciences'), (2011, 'university of california irvine'), (2013, 'chinese academy of sciences'), (2013, 'university of california irvine'), (2014, 'chinese academy of sciences'), (2015, 'chinese academy of sciences'), (2017, 'chinese academy of sciences'), (2018, 'chinese academy of sciences'), (2019, 'center for excellence in education'), (2019, 'chinese academy of sciences'), (2020, 'chinese academy of sciences'), (2021, 'chinese academy of sciences'))

9/10 positive, 8/10 negative
Do these records refer to the same thing?
(y)es / (n)o / (u)nsure / (f)inished / (p)revious
firstname : sossina
lastname : haile
middlename : m
year_range : (2015,)
main_us_institutions_year : ((2015, 'california institute of technology'),)
all_us_institutions_year : ((2015, 'california institute of technology'),)

firstname : s
lastname : haileydunsheath
middlename : None
year_range : (2012, 2021)
main_us_institutions_year : ((2012, 'california institute of technology'), (2013, 'california institute of technology'), (2014, 'california institute of technology'), (2016, 'california institute of technology'), (2017, 'california institute of technology'), (2018, 'california institute of technology'), (2020, 'california institute of technology'), (2021, 'california institute of technology'))
all_us_institutions_year : ((2012, 'california institute of technology'), (2013, 'california institute of technology'), (2014, 'california institute of technology'), (2016, 'california institute of technology'), (2017, 'california institute of technology'), (2018, 'california institute of technology'), (2020, 'california institute of technology'), (2020, 'jet propulsion laboratory'), (2021, 'california institute of technology'))

9/10 positive, 9/10 negative
Do these records refer to the same thing?
(y)es / (n)o / (u)nsure / (f)inished / (p)revious
firstname : jian
lastname : li
middlename : jian
year_range : (2012,)
main_us_institutions_year : ((2012, 'university of california davis'),)
all_us_institutions_year : ((2012, 'university of california davis'),)

firstname : jian
lastname : liu
middlename : None
year_range : (2012, 2020)
main_us_institutions_year : ((2014, 'stony brook university'), (2016, 'stony brook university'), (2018, 'vanderbilt university'), (2019, 'vanderbilt university'))
all_us_institutions_year : ((2014, 'stony brook university'), (2016, 'stony brook university'), (2018, 'vanderbilt university'), (2019, 'vanderbilt university'))

9/10 positive, 10/10 negative
Do these records refer to the same thing?
(y)es / (n)o / (u)nsure / (f)inished / (p)revious
firstname : jonathan
lastname : weinstein
middlename : None
year_range : (2012,)
main_us_institutions_year : ((2012, 'university of nevada reno'),)
all_us_institutions_year : ((2012, 'university of nevada reno'),)

firstname : j
lastname : wei
middlename : b
year_range : (2000, 2018)
main_us_institutions_year : ((2003, 'rutgers university'), (2006, 'rutgers university'), (2007, 'rutgers university'), (2008, 'rutgers university'), (2009, 'northwestern university'), (2010, 'northwestern university'), (2011, 'northwestern university'))
all_us_institutions_year : ((2003, 'rutgers university'), (2006, 'rutgers university'), (2007, 'rutgers university'), (2008, 'northwestern university'), (2008, 'rutgers university'), (2009, 'northwestern university'), (2010, 'northwestern university'), (2011, 'northwestern university'), (2012, 'northwestern university'))

9/10 positive, 11/10 negative
Do these records refer to the same thing?
(y)es / (n)o / (u)nsure / (f)inished / (p)revious
firstname : jay
lastname : hauser
middlename : None
year_range : (2000,)
main_us_institutions_year : ((2000, 'university of california los angeles'),)
all_us_institutions_year : ((2000, 'university of california los angeles'),)

firstname : j
lastname : hauser
middlename : None
year_range : (1994, 1999)
main_us_institutions_year : ((1994, 'argonne national laboratory'), (1998, 'argonne national laboratory'), (1999, 'argonne national laboratory'))
all_us_institutions_year : ((1994, 'argonne national laboratory'), (1998, 'argonne national laboratory'), (1999, 'argonne national laboratory'))

9/10 positive, 12/10 negative
Do these records refer to the same thing?
(y)es / (n)o / (u)nsure / (f)inished / (p)revious
firstname : karthikeyan
lastname : duraisamy
middlename : None
year_range : (2013,)
main_us_institutions_year : ((2013, 'stanford university'),)
all_us_institutions_year : ((2013, 'stanford university'),)

firstname : karthikeyan
lastname : duraisamy
middlename : None
year_range : (2002, 2009)
main_us_institutions_year : ((2002, 'university of maryland college park'), (2003, 'university of maryland college park'), (2005, 'university of maryland college park'), (2007, 'university of maryland college park'))
all_us_institutions_year : ((2002, 'university of maryland college park'), (2003, 'university of maryland college park'), (2004, 'university of maryland college park'), (2005, 'university of maryland college park'), (2006, 'university of maryland college park'), (2007, 'university of maryland college park'))

9/10 positive, 12/10 negative
Do these records refer to the same thing?
(y)es / (n)o / (u)nsure / (f)inished / (p)revious
firstname : c
lastname : winter
middlename : larrabbee
year_range : (2014,)
main_us_institutions_year : ((2014, 'university of arizona'),)
all_us_institutions_year : ((2014, 'university of arizona'),)

firstname : c
lastname : winter
middlename : larrabee
year_range : (1998, 2003)
main_us_institutions_year : ((1998, 'los alamos national laboratory'), (2000, 'los alamos national laboratory'), (2003, 'los alamos national laboratory'))
all_us_institutions_year : ((1998, 'los alamos national laboratory'), (2000, 'los alamos national laboratory'), (2003, 'los alamos national laboratory'))

9/10 positive, 12/10 negative
Do these records refer to the same thing?
(y)es / (n)o / (u)nsure / (f)inished / (p)revious
firstname : r
lastname : miller
middlename : j dwayne
year_range : (1995,)
main_us_institutions_year : ((1995, 'university of rochester'),)
all_us_institutions_year : ((1995, 'university of rochester'),)

firstname : r
lastname : miller
middlename : h
year_range : (1965, 2010)
main_us_institutions_year : ((1965, 'stanford university'), (1967, 'stanford university'), (1969, 'stanford university'), (1971, 'stanford university'), (1975, 'stanford university'), (1977, 'stanford university'), (1978, 'stanford university'), (1979, 'stanford university'), (1981, 'stanford university'), (1983, 'stanford university'), (1984, 'stanford university'), (1985, 'stanford university'), (1987, 'stanford university'), (1989, 'stanford university'), (1990, 'stanford university'), (1991, 'stanford university'), (1993, 'stanford university'), (1995, 'stanford university'), (1996, 'stanford university'), (1997, 'stanford university'), (1998, 'stanford university'), (1999, 'stanford university'), (2002, 'stanford university'), (2003, 'stanford university'))
all_us_institutions_year : ((1965, 'stanford university'), (1967, 'stanford university'), (1969, 'stanford university'), (1971, 'stanford university'), (1975, 'stanford university'), (1977, 'stanford university'), (1978, 'stanford university'), (1979, 'stanford university'), (1980, 'stanford university'), (1981, 'stanford university'), (1983, 'stanford university'), (1984, 'stanford university'), (1985, 'stanford university'), (1987, 'stanford university'), (1988, 'stanford university'), (1989, 'stanford university'), (1990, 'stanford university'), (1991, 'stanford university'), (1992, 'stanford university'), (1993, 'stanford university'), (1994, 'government of the united states of america'), (1995, 'government of the united states of america'), (1995, 'stanford university'), (1996, 'stanford university'), (1997, 'stanford university'), (1998, 'stanford university'), (1999, 'stanford university'), (2000, 'stanford university'), (2001, 'slac national accelerator laboratory'), (2001, 'stanford university'), (2002, 'stanford university'), (2003, 'stanford university'))

9/10 positive, 12/10 negative
Do these records refer to the same thing?
(y)es / (n)o / (u)nsure / (f)inished / (p)revious
firstname : cassiano
lastname : oliveira
middlename : r e de
year_range : (2014,)
main_us_institutions_year : ((2014, 'university of new mexico'),)
all_us_institutions_year : ((2014, 'university of new mexico'),)

firstname : c
lastname : oliveira
middlename : r e de
year_range : (1986, 2007)
main_us_institutions_year : ((2005, 'georgia institute of technology'), (2006, 'georgia institute of technology'), (2007, 'georgia institute of technology'))
all_us_institutions_year : ((2003, 'university of new mexico'), (2005, 'georgia institute of technology'), (2006, 'georgia institute of technology'), (2007, 'georgia institute of technology'))

9/10 positive, 13/10 negative
Do these records refer to the same thing?
(y)es / (n)o / (u)nsure / (f)inished / (p)revious
firstname : jing
lastname : shi
middlename : None
year_range : (2013,)
main_us_institutions_year : ((2013, 'university of california riverside'),)
all_us_institutions_year : ((2013, 'university of california riverside'),)

firstname : jing
lastname : shi
middlename : None
year_range : (2009, 2011)
main_us_institutions_year : ((2009, 'sun microsystems'), (2010, 'oracle corporation'), (2011, 'oracle corporation'))
all_us_institutions_year : ((2009, 'oracle corporation'), (2009, 'sun microsystems'), (2010, 'oracle corporation'), (2010, 'sun microsystems'), (2011, 'oracle corporation'), (2012, 'oracle corporation'))

10/10 positive, 13/10 negative
Do these records refer to the same thing?
(y)es / (n)o / (u)nsure / (f)inished / (p)revious
firstname : philip
lastname : phillips
middlename : None
year_range : (2008,)
main_us_institutions_year : ((2008, 'university of illinois at urbana champaign'),)
all_us_institutions_year : ((2008, 'university of illinois at urbana champaign'),)

firstname : t
lastname : phillips
middlename : None
year_range : (1983, 1985)
main_us_institutions_year : ((1983, 'university of illinois at urbana champaign'),)
all_us_institutions_year : ((1983, 'university of illinois at urbana champaign'),)

10/10 positive, 13/10 negative
Do these records refer to the same thing?
(y)es / (n)o / (u)nsure / (f)inished / (p)revious
firstname : amlan
lastname : biswas
middlename : None
year_range : (2013,)
main_us_institutions_year : ((2013, 'university of florida'),)
all_us_institutions_year : ((2013, 'university of florida'),)

firstname : a
lastname : biswas
middlename : None
year_range : (1983, 1987)
main_us_institutions_year : ((1983, 'southern illinois university carbondale'), (1987, 'southern illinois university carbondale'))
all_us_institutions_year : ((1983, 'southern illinois university carbondale'), (1987, 'southern illinois university carbondale'))

10/10 positive, 14/10 negative
Do these records refer to the same thing?
(y)es / (n)o / (u)nsure / (f)inished / (p)revious
firstname : axel
lastname : walle
middlename : van de
year_range : (2012,)
main_us_institutions_year : ((2012, 'california institute of technology'),)
all_us_institutions_year : ((2012, 'california institute of technology'),)

firstname : a
lastname : walle
middlename : van de
year_range : (1999, 2002)
main_us_institutions_year : ((1999, 'massachusetts institute of technology'), (2000, 'massachusetts institute of technology'), (2002, 'massachusetts institute of technology'))
all_us_institutions_year : ((1999, 'massachusetts institute of technology'), (2000, 'massachusetts institute of technology'), (2002, 'massachusetts institute of technology'))

10/10 positive, 14/10 negative
Do these records refer to the same thing?
(y)es / (n)o / (u)nsure / (f)inished / (p)revious
firstname : jian
lastname : li
middlename : jian
year_range : (2012,)
main_us_institutions_year : ((2012, 'university of california davis'),)
all_us_institutions_year : ((2012, 'university of california davis'),)

firstname : jian
lastname : li
middlename : None
year_range : (2005, 2018)
main_us_institutions_year : ((2005, 'university of toledo'), (2006, 'university of toledo'), (2007, 'university of toledo'), (2008, 'university of toledo'), (2009, 'university of toledo'), (2010, 'university of toledo'), (2011, 'university of toledo'), (2014, 'university of toledo'), (2015, 'university of toledo'), (2016, 'university of toledo'), (2018, 'university of toledo'))
all_us_institutions_year : ((2005, 'university of toledo'), (2006, 'university of toledo'), (2007, 'university of toledo'), (2008, 'university of toledo'), (2009, 'university of toledo'), (2010, 'university of toledo'), (2011, 'university of toledo'), (2014, 'national renewable energy laboratory'), (2014, 'university of toledo'), (2015, 'university of toledo'), (2016, 'university of toledo'), (2018, 'university of toledo'))

10/10 positive, 14/10 negative
Do these records refer to the same thing?
(y)es / (n)o / (u)nsure / (f)inished / (p)revious
firstname : jacob
lastname : roberts
middlename : l
year_range : (2013,)
main_us_institutions_year : ((2013, 'colorado state university'),)
all_us_institutions_year : ((2013, 'colorado state university'),)

firstname : j
lastname : roberts
middlename : brent
year_range : (2010, 2021)
main_us_institutions_year : ((2010, 'florida state university'), (2012, 'marshall space flight center'), (2014, 'marshall space flight center'), (2019, 'marshall space flight center'), (2021, 'marshall space flight center'))
all_us_institutions_year : ((2010, 'florida state university'), (2010, 'marshall space flight center'), (2012, 'marshall space flight center'), (2014, 'marshall space flight center'), (2018, 'marshall space flight center'), (2019, 'marshall space flight center'), (2021, 'marshall space flight center'))

10/10 positive, 15/10 negative
Do these records refer to the same thing?
(y)es / (n)o / (u)nsure / (f)inished / (p)revious
firstname : david
lastname : cohen
middlename : None
year_range : (2011,)
main_us_institutions_year : ((2011, 'university of oregon'),)
all_us_institutions_year : ((2011, 'university of oregon'),)

firstname : david
lastname : cohen
middlename : None
year_range : (2000, 2010)
main_us_institutions_year : ((2000, 'jet propulsion laboratory'), (2003, 'jet propulsion laboratory'), (2004, 'jet propulsion laboratory'), (2010, 'jet propulsion laboratory'))
all_us_institutions_year : ((2000, 'jet propulsion laboratory'), (2003, 'jet propulsion laboratory'), (2004, 'jet propulsion laboratory'), (2010, 'jet propulsion laboratory'))

10/10 positive, 16/10 negative
Do these records refer to the same thing?
(y)es / (n)o / (u)nsure / (f)inished / (p)revious
firstname : c
lastname : gaskell
middlename : martin
year_range : (1990,)
main_us_institutions_year : ((1990, 'university of michigan'),)
all_us_institutions_year : ((1990, 'university of michigan'),)

firstname : c
lastname : gaskell
middlename : martin
year_range : (1978, 2020)
main_us_institutions_year : ((1978, 'university of california santa cruz'), (2014, 'valparaiso university'), (2014, 'university of california santa cruz'), (2016, 'university of california santa cruz'), (2018, 'university of california santa cruz'), (2019, 'university of california santa cruz'), (2020, 'university of california santa cruz'))
all_us_institutions_year : ((1978, 'university of california santa cruz'), (2014, 'university of california santa cruz'), (2014, 'valparaiso university'), (2016, 'university of california santa cruz'), (2018, 'university of california santa cruz'), (2019, 'university of california santa cruz'), (2020, 'university of california santa cruz'))

10/10 positive, 16/10 negative
Do these records refer to the same thing?
(y)es / (n)o / (u)nsure / (f)inished / (p)revious
firstname : david
lastname : fossan
middlename : b
year_range : (1998,)
main_us_institutions_year : ((1998, 'stony brook university'),)
all_us_institutions_year : ((1998, 'stony brook university'),)

firstname : d
lastname : fossan
middlename : b
year_range : (1997, 2014)
main_us_institutions_year : ((1997, 'state university of new york system'), (2003, 'state university of new york system'), (2014, 'state university of new york system'))
all_us_institutions_year : ((1997, 'state university of new york system'), (2003, 'state university of new york system'), (2014, 'state university of new york system'))

10/10 positive, 16/10 negative
Do these records refer to the same thing?
(y)es / (n)o / (u)nsure / (f)inished / (p)revious
firstname : john
lastname : harris
middlename : None
year_range : (2013,)
main_us_institutions_year : ((2013, 'yale university'),)
all_us_institutions_year : ((2013, 'yale university'),)

firstname : john
lastname : harris
middlename : l
year_range : (2012, 2021)
main_us_institutions_year : ((2012, 'national institute of standards and technology'), (2013, 'national institute of standards and technology'), (2016, 'national institute of standards and technology'), (2018, 'national institute of standards and technology'), (2019, 'national institute of standards and technology'), (2021, 'national institute of standards and technology'))
all_us_institutions_year : ((2012, 'national institute of standards and technology'), (2013, 'national institute of standards and technology'), (2016, 'national institute of standards and technology'), (2017, 'national institute of standards and technology'), (2018, 'national institute of standards and technology'), (2019, 'national institute of standards and technology'), (2021, 'national institute of standards and technology'))

11/10 positive, 16/10 negative
Do these records refer to the same thing?
(y)es / (n)o / (u)nsure / (f)inished / (p)revious
firstname : darin
lastname : acosta
middlename : None
year_range : (2010,)
main_us_institutions_year : ((2010, 'university of florida'),)
all_us_institutions_year : ((2010, 'university of florida'),)

firstname : d
lastname : acosta
middlename : None
year_range : (2011, 2016)
main_us_institutions_year : ((2011, 'florida international university'), (2012, 'florida international university'), (2013, 'university of florida'), (2014, 'florida international university'), (2016, 'florida international university'))
all_us_institutions_year : ((2011, 'florida international university'), (2012, 'florida international university'), (2013, 'florida international university'), (2013, 'university of florida'), (2014, 'florida international university'), (2016, 'florida international university'))

11/10 positive, 16/10 negative
Do these records refer to the same thing?
(y)es / (n)o / (u)nsure / (f)inished / (p)revious
firstname : arlette
lastname : baljon
middlename : rc
year_range : (2012,)
main_us_institutions_year : ((2012, 'claremont graduate university'),)
all_us_institutions_year : ((2012, 'claremont graduate university'),)

firstname : arlette
lastname : baljon
middlename : r c
year_range : (1993, 2021)
main_us_institutions_year : ((1996, 'johns hopkins university'), (1998, 'cornell university'), (1999, 'cornell university'), (2001, 'university of san diego'), (2004, 'san diego state university'), (2005, 'san diego state university'), (2007, 'san diego state university'), (2008, 'san diego state university'), (2009, 'san diego state university'), (2010, 'san diego state university'), (2011, 'san diego state university'), (2012, 'san diego state university'), (2015, 'san diego state university'), (2016, 'san diego state university'), (2017, 'san diego state university'), (2019, 'san diego state university'), (2021, 'san diego state university'))
all_us_institutions_year : ((1996, 'johns hopkins university'), (1997, 'johns hopkins university'), (1998, 'cornell university'), (1999, 'cornell university'), (2001, 'university of san diego'), (2004, 'san diego state university'), (2005, 'san diego state university'), (2007, 'san diego state university'), (2008, 'san diego state university'), (2009, 'san diego state university'), (2010, 'san diego state university'), (2011, 'san diego state university'), (2012, 'san diego state university'), (2015, 'san diego state university'), (2016, 'san diego state university'), (2017, 'san diego state university'), (2018, 'san diego state university'), (2019, 'san diego state university'), (2021, 'san diego state university'))

11/10 positive, 16/10 negative
Do these records refer to the same thing?
(y)es / (n)o / (u)nsure / (f)inished / (p)revious
firstname : darin
lastname : acosta
middlename : None
year_range : (2010,)
main_us_institutions_year : ((2010, 'university of florida'),)
all_us_institutions_year : ((2010, 'university of florida'),)

firstname : d
lastname : acosta
middlename : None
year_range : (2011, 2016)
main_us_institutions_year : ((2011, 'florida international university'), (2012, 'florida international university'), (2013, 'university of florida'), (2014, 'florida international university'), (2016, 'florida international university'))
all_us_institutions_year : ((2011, 'florida international university'), (2012, 'florida international university'), (2013, 'florida international university'), (2013, 'university of florida'), (2014, 'florida international university'), (2016, 'florida international university'))

11/10 positive, 16/10 negative
Do these records refer to the same thing?
(y)es / (n)o / (u)nsure / (f)inished
firstname : arlette
lastname : baljon
middlename : rc
year_range : (2012,)
main_us_institutions_year : ((2012, 'claremont graduate university'),)
all_us_institutions_year : ((2012, 'claremont graduate university'),)

firstname : arlette
lastname : baljon
middlename : r c
year_range : (1993, 2021)
main_us_institutions_year : ((1996, 'johns hopkins university'), (1998, 'cornell university'), (1999, 'cornell university'), (2001, 'university of san diego'), (2004, 'san diego state university'), (2005, 'san diego state university'), (2007, 'san diego state university'), (2008, 'san diego state university'), (2009, 'san diego state university'), (2010, 'san diego state university'), (2011, 'san diego state university'), (2012, 'san diego state university'), (2015, 'san diego state university'), (2016, 'san diego state university'), (2017, 'san diego state university'), (2019, 'san diego state university'), (2021, 'san diego state university'))
all_us_institutions_year : ((1996, 'johns hopkins university'), (1997, 'johns hopkins university'), (1998, 'cornell university'), (1999, 'cornell university'), (2001, 'university of san diego'), (2004, 'san diego state university'), (2005, 'san diego state university'), (2007, 'san diego state university'), (2008, 'san diego state university'), (2009, 'san diego state university'), (2010, 'san diego state university'), (2011, 'san diego state university'), (2012, 'san diego state university'), (2015, 'san diego state university'), (2016, 'san diego state university'), (2017, 'san diego state university'), (2018, 'san diego state university'), (2019, 'san diego state university'), (2021, 'san diego state university'))

11/10 positive, 17/10 negative
Do these records refer to the same thing?
(y)es / (n)o / (u)nsure / (f)inished / (p)revious
firstname : joanne
lastname : hewett
middlename : l
year_range : (2005,)
main_us_institutions_year : ((2005, 'stanford university'),)
all_us_institutions_year : ((2005, 'stanford university'),)

firstname : joanne
lastname : hewett
middlename : l
year_range : (1989, 1990)
main_us_institutions_year : ((1989, 'university of wisconsin madison'), (1990, 'university of wisconsin madison'))
all_us_institutions_year : ((1989, 'university of wisconsin madison'), (1990, 'university of wisconsin madison'))

11/10 positive, 17/10 negative
Do these records refer to the same thing?
(y)es / (n)o / (u)nsure / (f)inished / (p)revious
firstname : michael
lastname : weissman
middlename : None
year_range : (2012,)
main_us_institutions_year : ((2012, 'university of illinois at urbana champaign'),)
all_us_institutions_year : ((2012, 'university of illinois at urbana champaign'),)

firstname : m
lastname : weissman
middlename : b
year_range : (1988, 1991)
main_us_institutions_year : ((1988, 'university of illinois at urbana champaign'),)
all_us_institutions_year : ((1988, 'university of illinois at urbana champaign'),)

11/10 positive, 17/10 negative
Do these records refer to the same thing?
(y)es / (n)o / (u)nsure / (f)inished / (p)revious
firstname : jean
lastname : swank
middlename : h
year_range : (2003,)
main_us_institutions_year : ((2003, 'george washington university'),)
all_us_institutions_year : ((2003, 'george washington university'),)

firstname : j
lastname : swank
middlename : h
year_range : (1975, 2014)
main_us_institutions_year : ((1976, 'goddard space flight center'), (1977, 'goddard space flight center'), (1978, 'goddard space flight center'), (1990, 'goddard space flight center'), (1993, 'goddard space flight center'), (1995, 'goddard space flight center'), (1996, 'goddard space flight center'), (1997, 'goddard space flight center'), (1998, 'goddard space flight center'), (1999, 'goddard space flight center'), (2000, 'goddard space flight center'), (2001, 'goddard space flight center'), (2002, 'goddard space flight center'), (2003, 'goddard space flight center'), (2004, 'goddard space flight center'), (2005, 'goddard space flight center'), (2006, 'goddard space flight center'), (2007, 'goddard space flight center'), (2008, 'goddard space flight center'), (2010, 'goddard space flight center'), (2012, 'goddard space flight center'), (2013, 'goddard space flight center'), (2014, 'goddard space flight center'))
all_us_institutions_year : ((1976, 'goddard space flight center'), (1977, 'goddard space flight center'), (1978, 'goddard space flight center'), (1983, 'goddard space flight center'), (1985, 'goddard space flight center'), (1989, 'goddard space flight center'), (1990, 'goddard space flight center'), (1993, 'goddard space flight center'), (1994, 'goddard space flight center'), (1995, 'goddard space flight center'), (1996, 'goddard space flight center'), (1997, 'goddard space flight center'), (1998, 'goddard space flight center'), (1999, 'goddard space flight center'), (2000, 'goddard space flight center'), (2001, 'goddard space flight center'), (2002, 'goddard space flight center'), (2003, 'goddard space flight center'), (2004, 'goddard space flight center'), (2005, 'goddard space flight center'), (2006, 'goddard space flight center'), (2007, 'goddard space flight center'), (2008, 'goddard space flight center'), (2009, 'goddard space flight center'), (2010, 'goddard space flight center'), (2012, 'goddard space flight center'), (2013, 'goddard space flight center'), (2014, 'goddard space flight center'), (2019, 'goddard space flight center'))

11/10 positive, 17/10 negative
Do these records refer to the same thing?
(y)es / (n)o / (u)nsure / (f)inished / (p)revious
firstname : bruce
lastname : wilking
middlename : None
year_range : (2013,)
main_us_institutions_year : ((2013, 'missouri university of science and technology'),)
all_us_institutions_year : ((2013, 'missouri university of science and technology'),)

firstname : b
lastname : wilking
middlename : a
year_range : (1979, 2019)
main_us_institutions_year : ((1982, 'university of texas at austin'), (1984, 'university of texas at austin'), (1986, 'university of texas at austin'), (1997, 'university of missouri st louis'), (1998, 'university of missouri'), (1999, 'university of missouri st louis'), (1999, 'university of hawaii'), (2000, 'university of missouri st louis'), (2001, 'university of missouri st louis'), (2004, 'university of missouri st louis'), (2004, 'university of hawaii'), (2005, 'university of missouri st louis'), (2006, 'university of missouri st louis'), (2008, 'university of missouri'), (2009, 'university of missouri st louis'), (2011, 'association of universities for research in astronomy'), (2011, 'university of missouri st louis'), (2012, 'university of missouri st louis'), (2015, 'university of missouri st louis'), (2016, 'university of missouri'))
all_us_institutions_year : ((1982, 'university of texas at austin'), (1984, 'university of texas at austin'), (1986, 'university of texas at austin'), (1994, 'university of missouri st louis'), (1997, 'university of missouri'), (1997, 'university of missouri st louis'), (1998, 'university of missouri'), (1999, 'university of hawaii'), (1999, 'university of missouri st louis'), (2000, 'university of missouri st louis'), (2001, 'university of missouri st louis'), (2003, 'university of missouri st louis'), (2004, 'university of hawaii'), (2004, 'university of missouri st louis'), (2005, 'university of missouri'), (2005, 'university of missouri st louis'), (2006, 'university of missouri st louis'), (2008, 'university of missouri'), (2009, 'university of missouri st louis'), (2011, 'association of universities for research in astronomy'), (2011, 'university of missouri st louis'), (2012, 'university of missouri st louis'), (2015, 'university of missouri st louis'), (2016, 'university of missouri'))

11/10 positive, 17/10 negative
Do these records refer to the same thing?
(y)es / (n)o / (u)nsure / (f)inished / (p)revious
firstname : jungho
lastname : kim
middlename : None
year_range : (2014,)
main_us_institutions_year : ((2014, 'university of maryland college park'),)
all_us_institutions_year : ((2014, 'university of maryland college park'),)

firstname : jungho
lastname : kim
middlename : None
year_range : (2002, 2021)
main_us_institutions_year : ((2010, 'argonne national laboratory'), (2011, 'argonne national laboratory'), (2012, 'argonne national laboratory'), (2013, 'argonne national laboratory'), (2014, 'argonne national laboratory'), (2015, 'argonne national laboratory'), (2016, 'argonne national laboratory'), (2017, 'argonne national laboratory'), (2018, 'argonne national laboratory'), (2019, 'argonne national laboratory'), (2020, 'argonne national laboratory'), (2021, 'argonne national laboratory'))
all_us_institutions_year : ((2009, 'argonne national laboratory'), (2010, 'argonne national laboratory'), (2011, 'argonne national laboratory'), (2012, 'argonne national laboratory'), (2013, 'argonne national laboratory'), (2014, 'argonne national laboratory'), (2015, 'argonne national laboratory'), (2016, 'argonne national laboratory'), (2017, 'argonne national laboratory'), (2018, 'argonne national laboratory'), (2019, 'argonne national laboratory'), (2020, 'argonne national laboratory'), (2021, 'argonne national laboratory'))

11/10 positive, 17/10 negative
Do these records refer to the same thing?
(y)es / (n)o / (u)nsure / (f)inished / (p)revious
firstname : julius
lastname : goldhar
middlename : None
year_range : (2002,)
main_us_institutions_year : ((2002, 'university of maryland college park'),)
all_us_institutions_year : ((2002, 'university of maryland college park'),)

firstname : julius
lastname : goldhar
middlename : None
year_range : (1977, 2000)
main_us_institutions_year : ((1977, 'lawrence livermore national laboratory'), (1982, 'lawrence livermore national laboratory'), (1983, 'lawrence livermore national laboratory'), (1984, 'lawrence livermore national laboratory'))
all_us_institutions_year : ((1977, 'lawrence livermore national laboratory'), (1982, 'lawrence livermore national laboratory'), (1983, 'lawrence livermore national laboratory'), (1984, 'lawrence livermore national laboratory'))

11/10 positive, 17/10 negative
Do these records refer to the same thing?
(y)es / (n)o / (u)nsure / (f)inished / (p)revious
firstname : m
lastname : zubairy
middlename : suhail
year_range : (2006,)
main_us_institutions_year : ((2006, 'texas a m university college station'),)
all_us_institutions_year : ((2006, 'texas a m university college station'),)

firstname : m
lastname : zubairy
middlename : suhail
year_range : (1985, 1986)
main_us_institutions_year : ((1985, 'university of new mexico'), (1986, 'university of new mexico'))
all_us_institutions_year : ((1985, 'university of new mexico'), (1986, 'university of new mexico'))

11/10 positive, 17/10 negative
Do these records refer to the same thing?
(y)es / (n)o / (u)nsure / (f)inished / (p)revious
firstname : don
lastname : madison
middlename : h
year_range : (2005,)
main_us_institutions_year : ((2005, 'missouri university of science and technology'),)
all_us_institutions_year : ((2005, 'missouri university of science and technology'),)

firstname : don
lastname : madison
middlename : h
year_range : (1975, 1988)
main_us_institutions_year : ((1975, 'drake university'), (1976, 'drake university'), (1977, 'drake university'), (1979, 'drake university'), (1981, 'drake university'), (1982, 'drake university'), (1986, 'drake university'), (1988, 'drake university'))
all_us_institutions_year : ((1975, 'drake university'), (1976, 'drake university'), (1977, 'drake university'), (1979, 'drake university'), (1981, 'drake university'), (1982, 'drake university'), (1986, 'drake university'), (1988, 'drake university'))

11/10 positive, 17/10 negative
Do these records refer to the same thing?
(y)es / (n)o / (u)nsure / (f)inished / (p)revious
firstname : tao
lastname : han
middlename : None
year_range : (2008,)
main_us_institutions_year : ((2008, 'university of wisconsin madison'),)
all_us_institutions_year : ((2008, 'university of wisconsin madison'),)

firstname : tao
lastname : han
middlename : None
year_range : (1999, 2020)
main_us_institutions_year : ((1999, 'university of wyoming'), (2000, 'university of wyoming'), (2002, 'university of wyoming'), (2006, 'mayo clinic'), (2006, 'chinese academy of sciences'), (2007, 'chinese academy of sciences'), (2008, 'chinese academy of sciences'), (2010, 'mayo clinic'), (2014, 'chinese academy of sciences'), (2018, 'chinese academy of sciences'))
all_us_institutions_year : ((1999, 'university of wyoming'), (2000, 'university of wyoming'), (2002, 'university of wyoming'), (2006, 'chinese academy of sciences'), (2006, 'mayo clinic'), (2007, 'chinese academy of sciences'), (2008, 'chinese academy of sciences'), (2008, 'mayo clinic'), (2010, 'mayo clinic'), (2014, 'chinese academy of sciences'), (2016, 'chinese academy of sciences'), (2017, 'chinese academy of sciences'), (2018, 'chinese academy of sciences'))

11/10 positive, 17/10 negative
Do these records refer to the same thing?
(y)es / (n)o / (u)nsure / (f)inished / (p)revious
firstname : william
lastname : happer
middlename : None
year_range : (2011,)
main_us_institutions_year : ((2011, 'princeton university'),)
all_us_institutions_year : ((2011, 'princeton university'),)

firstname : w
lastname : happer
middlename : None
year_range : (1985, 1987)
main_us_institutions_year : ((1985, 'princeton university'), (1987, 'princeton university'))
all_us_institutions_year : ((1985, 'princeton university'), (1987, 'princeton university'))

11/10 positive, 17/10 negative
Do these records refer to the same thing?
(y)es / (n)o / (u)nsure / (f)inished / (p)revious
firstname : bill
lastname : sandel
middlename : r
year_range : (1997,)
main_us_institutions_year : ((1997, 'university of arizona'),)
all_us_institutions_year : ((1997, 'university of arizona'),)

firstname : b
lastname : sandel
middlename : r
year_range : (1995, 2008)
main_us_institutions_year : ((1996, 'california institute of technology'),)
all_us_institutions_year : ((1996, 'california institute of technology'),)

12/10 positive, 17/10 negative
Do these records refer to the same thing?
(y)es / (n)o / (u)nsure / (f)inished / (p)revious
firstname : peter
lastname : mcintyre
middlename : None
year_range : (2011,)
main_us_institutions_year : ((2011, 'texas a m university college station'),)
all_us_institutions_year : ((2011, 'texas a m university college station'),)

firstname : p
lastname : mcintyre
middlename : None
year_range : (1982, 2017)
main_us_institutions_year : ((1982, 'texas a m university'), (1995, 'texas a m university'), (1996, 'texas a m university'), (1997, 'texas a m university'), (1998, 'texas a m university'), (1999, 'texas a m university'), (2000, 'texas a m university'), (2001, 'texas a m university'), (2002, 'texas a m university'), (2003, 'texas a m university'), (2004, 'texas a m university'), (2005, 'texas a m university'), (2006, 'texas a m university'), (2007, 'texas a m university'), (2008, 'texas a m university'), (2009, 'texas a m university'), (2010, 'texas a m university'), (2011, 'texas a m university'), (2012, 'texas a m university'), (2013, 'texas a m university'), (2017, 'texas a m university'))
all_us_institutions_year : ((1982, 'texas a m university'), (1995, 'texas a m university'), (1996, 'texas a m university'), (1997, 'texas a m university'), (1998, 'texas a m university'), (1999, 'texas a m university'), (2000, 'texas a m university'), (2001, 'texas a m university'), (2002, 'texas a m university'), (2003, 'texas a m university'), (2004, 'texas a m university'), (2005, 'texas a m university'), (2006, 'texas a m university'), (2007, 'texas a m university'), (2008, 'texas a m university'), (2009, 'texas a m university'), (2010, 'texas a m university'), (2011, 'texas a m university'), (2012, 'texas a m university'), (2013, 'texas a m university'), (2017, 'texas a m university'))

12/10 positive, 17/10 negative
Do these records refer to the same thing?
(y)es / (n)o / (u)nsure / (f)inished / (p)revious
firstname : frank
lastname : shih
middlename : y
year_range : (2011,)
main_us_institutions_year : ((2011, 'new jersey institute of technology'),)
all_us_institutions_year : ((2011, 'new jersey institute of technology'),)

firstname : f
lastname : shih
middlename : y
year_range : (2007, 2012)
main_us_institutions_year : ((2011, 'industrial technology research institute'), (2012, 'industrial technology research institute'))
all_us_institutions_year : ((2011, 'industrial technology research institute'), (2012, 'industrial technology research institute'))

13/10 positive, 17/10 negative
Do these records refer to the same thing?
(y)es / (n)o / (u)nsure / (f)inished / (p)revious
firstname : harry
lastname : stanley
middlename : eugene
year_range : (2014,)
main_us_institutions_year : ((2014, 'boston university'),)
all_us_institutions_year : ((2014, 'boston university'),)

firstname : h
lastname : stanley
middlename : eugene
year_range : (1990, 1994)
main_us_institutions_year : ((1994, 'national institutes of health'),)
all_us_institutions_year : ((1994, 'national institutes of health'),)

13/10 positive, 17/10 negative
Do these records refer to the same thing?
(y)es / (n)o / (u)nsure / (f)inished / (p)revious
firstname : ming
lastname : wu
middlename : c
year_range : (2013,)
main_us_institutions_year : ((2013, 'university of california berkeley'),)
all_us_institutions_year : ((2013, 'university of california berkeley'),)

firstname : ming
lastname : wu
middlename : None
year_range : (2007, 2020)
main_us_institutions_year : ((2008, 'michigan state university'), (2009, 'michigan state university'), (2010, 'michigan state university'), (2011, 'michigan state university'), (2012, 'michigan state university'), (2013, 'michigan state university'), (2014, 'michigan state university'))
all_us_institutions_year : ((2008, 'michigan state university'), (2009, 'michigan state university'), (2010, 'michigan state university'), (2011, 'michigan state university'), (2012, 'michigan state university'), (2013, 'howard hughes medical institute'), (2013, 'michigan state university'), (2014, 'howard hughes medical institute'), (2014, 'michigan state university'))

13/10 positive, 17/10 negative
Do these records refer to the same thing?
(y)es / (n)o / (u)nsure / (f)inished / (p)revious
firstname : bernard
lastname : pope
middlename : g
year_range : (1997,)
main_us_institutions_year : ((1997, 'michigan state university'),)
all_us_institutions_year : ((1997, 'michigan state university'),)

firstname : b
lastname : pope
middlename : g
year_range : (1980, 1985)
main_us_institutions_year : ((1980, 'princeton university'), (1982, 'princeton university'), (1985, 'princeton university'))
all_us_institutions_year : ((1980, 'princeton university'), (1982, 'princeton university'), (1985, 'princeton university'))

13/10 positive, 17/10 negative
Do these records refer to the same thing?
(y)es / (n)o / (u)nsure / (f)inished / (p)revious
(y)es / (n)o / (u)nsure / (f)inished / (p)revious
firstname : c
lastname : thompson
middlename : None
year_range : (2005,)
main_us_institutions_year : ((2005, 'university of north carolina at chapel hill'),)
all_us_institutions_year : ((2005, 'university of north carolina at chapel hill'),)

firstname : carol
lastname : thompson
middlename : None
year_range : (1986, 2021)
main_us_institutions_year : ((1997, 'new york university'), (1997, 'northern illinois university'), (1998, 'argonne national laboratory'), (1999, 'northern illinois university'), (2000, 'northern illinois university'), (2001, 'argonne national laboratory'), (2001, 'northern illinois university'), (2002, 'argonne national laboratory'), (2002, 'northern illinois university'), (2003, 'northern illinois university'), (2004, 'northern illinois university'), (2005, 'northern illinois university'), (2006, 'northern illinois university'), (2007, 'northern illinois university'), (2008, 'northern illinois university'), (2009, 'northern illinois university'), (2010, 'northern illinois university'), (2011, 'northern illinois university'), (2012, 'northern illinois university'), (2013, 'northern illinois university'), (2014, 'northern illinois university'), (2015, 'northern illinois university'), (2017, 'northern illinois university'), (2018, 'northern illinois university'), (2019, 'northern illinois university'), (2021, 'northern illinois university'))
all_us_institutions_year : ((1994, 'new york university'), (1997, 'new york university'), (1997, 'northern illinois university'), (1998, 'argonne national laboratory'), (1999, 'northern illinois university'), (1999, 'university of chicago'), (2000, 'argonne national laboratory'), (2000, 'northern illinois university'), (2001, 'argonne national laboratory'), (2001, 'northern illinois university'), (2002, 'argonne national laboratory'), (2002, 'northern illinois university'), (2003, 'northern illinois university'), (2004, 'northern illinois university'), (2005, 'northern illinois university'), (2006, 'northern illinois university'), (2007, 'northern illinois university'), (2008, 'northern illinois university'), (2009, 'northern illinois university'), (2010, 'northern illinois university'), (2011, 'northern illinois university'), (2012, 'northern illinois university'), (2013, 'argonne national laboratory'), (2013, 'northern illinois university'), (2014, 'northern illinois university'), (2015, 'northern illinois university'), (2016, 'northern illinois university'), (2017, 'northern illinois university'), (2018, 'northern illinois university'), (2019, 'northern illinois university'), (2020, 'northern illinois university'), (2021, 'northern illinois university'))

13/10 positive, 17/10 negative
Do these records refer to the same thing?
(y)es / (n)o / (u)nsure / (f)inished / (p)revious
firstname : todd
lastname : martinez
middlename : None
year_range : (2009,)
main_us_institutions_year : ((2009, 'university of illinois at urbana champaign'),)
all_us_institutions_year : ((2009, 'university of illinois at urbana champaign'),)

firstname : todd
lastname : martin
middlename : s
year_range : (1991, 2001)
main_us_institutions_year : ((1996, 'medical college of wisconsin'),)
all_us_institutions_year : ((1996, 'medical college of wisconsin'),)

13/10 positive, 17/10 negative
Do these records refer to the same thing?
(y)es / (n)o / (u)nsure / (f)inished / (p)revious
firstname : brian
lastname : fick
middlename : None
year_range : (2007,)
main_us_institutions_year : ((2007, 'michigan technological university'),)
all_us_institutions_year : ((2007, 'michigan technological university'),)

firstname : b
lastname : fick
middlename : None
year_range : (1986, 1988)
main_us_institutions_year : ((1986, 'virginia tech'),)
all_us_institutions_year : ((1986, 'virginia tech'),)

13/10 positive, 18/10 negative
Do these records refer to the same thing?
(y)es / (n)o / (u)nsure / (f)inished / (p)revious
firstname : ian
lastname : shipsey
middlename : p j
year_range : (2001,)
main_us_institutions_year : ((2001, 'purdue university'),)
all_us_institutions_year : ((2001, 'purdue university'),)

firstname : i
lastname : shipsey
middlename : p j
year_range : (1987, 1991)
main_us_institutions_year : ((1987, 'syracuse university'), (1988, 'syracuse university'), (1989, 'syracuse university'), (1990, 'syracuse university'), (1991, 'syracuse university'))
all_us_institutions_year : ((1987, 'syracuse university'), (1988, 'syracuse university'), (1989, 'syracuse university'), (1990, 'syracuse university'), (1991, 'syracuse university'))

13/10 positive, 18/10 negative
Do these records refer to the same thing?
(y)es / (n)o / (u)nsure / (f)inished / (p)revious
firstname : spiro
lastname : antiochos
middlename : k
year_range : (2009,)
main_us_institutions_year : ((2009, 'university of michigan'),)
all_us_institutions_year : ((2009, 'university of michigan'),)

firstname : s
lastname : antiochos
middlename : k
year_range : (1972, 2021)
main_us_institutions_year : ((1976, 'stanford university'), (1984, 'stanford university'), (1994, 'united states naval research laboratory'), (1996, 'united states naval research laboratory'), (1997, 'united states naval research laboratory'), (1998, 'united states naval research laboratory'), (1999, 'united states naval research laboratory'), (2000, 'united states naval research laboratory'), (2001, 'united states naval research laboratory'), (2002, 'united states naval research laboratory'), (2003, 'united states naval research laboratory'), (2004, 'united states naval research laboratory'), (2005, 'united states naval research laboratory'), (2006, 'united states naval research laboratory'), (2007, 'united states naval research laboratory'), (2008, 'goddard space flight center'), (2009, 'goddard space flight center'), (2010, 'goddard space flight center'), (2011, 'goddard space flight center'), (2012, 'goddard space flight center'), (2013, 'goddard space flight center'), (2014, 'goddard space flight center'), (2015, 'goddard space flight center'), (2016, 'goddard space flight center'), (2017, 'goddard space flight center'), (2018, 'goddard space flight center'), (2019, 'goddard space flight center'), (2020, 'goddard space flight center'))
all_us_institutions_year : ((1976, 'stanford university'), (1981, 'stanford university'), (1984, 'stanford university'), (1986, 'united states naval research laboratory'), (1987, 'united states naval research laboratory'), (1993, 'united states naval research laboratory'), (1994, 'united states naval research laboratory'), (1996, 'united states naval research laboratory'), (1997, 'united states naval research laboratory'), (1998, 'united states naval research laboratory'), (1999, 'united states naval research laboratory'), (2000, 'united states naval research laboratory'), (2001, 'united states naval research laboratory'), (2002, 'united states naval research laboratory'), (2003, 'united states naval research laboratory'), (2004, 'united states naval research laboratory'), (2004, 'university of michigan'), (2005, 'united states naval research laboratory'), (2006, 'united states naval research laboratory'), (2007, 'united states naval research laboratory'), (2008, 'goddard space flight center'), (2008, 'united states naval research laboratory'), (2009, 'goddard space flight center'), (2010, 'goddard space flight center'), (2011, 'goddard space flight center'), (2012, 'goddard space flight center'), (2013, 'goddard space flight center'), (2013, 'united states naval research laboratory'), (2014, 'goddard space flight center'), (2015, 'goddard space flight center'), (2016, 'goddard space flight center'), (2017, 'goddard space flight center'), (2018, 'goddard space flight center'), (2019, 'goddard space flight center'), (2020, 'goddard space flight center'))

13/10 positive, 18/10 negative
Do these records refer to the same thing?
(y)es / (n)o / (u)nsure / (f)inished / (p)revious
firstname : seong
lastname : lee
middlename : None
year_range : (2012,)
main_us_institutions_year : ((2012, 'stanford university'),)
all_us_institutions_year : ((2012, 'stanford university'),)

firstname : seong
lastname : lee
middlename : kon
year_range : (2005, 2006)
main_us_institutions_year : ((2005, 'university of utah'),)
all_us_institutions_year : ((2005, 'university of utah'),)

13/10 positive, 18/10 negative
Do these records refer to the same thing?
(y)es / (n)o / (u)nsure / (f)inished / (p)revious
Finished labeling
Done in 151.54045396645864 minutes.
