Namespace(testing=False, verbose=1, field=['physics'], train_name='flavio_baseline', startyear=1985, endyear=2022, mergemode='1:1', recall=0.9, institution='True', fieldofstudy_cat='False', fieldofstudy_str='False', keywords='False', retrain='True', linking_type='grants')
Have max 6 cores available
Testing is False 

finished setup ... 
firstname : yang
lastname : yang
middlename : None
us_institutions_year : (('2005', 'university of illinois at urbana champaign'),)
institution : ('university of illinois at urbana champaign',)

firstname : yang
lastname : yang
middlename : None
us_institutions_year : (('2012', 'university of california los angeles'),)
institution : ('university of california los angeles',)

0/10 positive, 0/10 negative
Do these records refer to the same thing?
(y)es / (n)o / (u)nsure / (f)inished

        SELECT a.GrantID, CAST(SUBSTR(a.Award_AwardEffectiveDate, 7, 4) AS INT) AS year
            , b.institution, c.firstname, c.lastname, c.middlename
            , '' AS keywords, '' AS coauthors -- # necessary for current code structure
            , CAST(SUBSTR(a.Award_AwardEffectiveDate, 7, 4) AS INT) || "//" || b.institution AS us_institutions_year
        FROM NSF_MAIN as a 
        INNER JOIN (
            SELECT GrantID, Name AS institution
            FROM NSF_Institution
        ) b 
        USING (GrantID)
        INNER JOIN (
            SELECT GrantID
                , FirstName AS firstname
                , LastName AS lastname
                , PIMidInit AS middlename --# NOTE: PISufxName is often "Jr", "Mr", JR, ... 
            FROM NSF_Investigator
            WHERE RoleCode = 'principal investigator'
        ) c
        USING (GrantID)
        WHERE AWARD_TranType = 'grant' AND AWARD_Agency = 'nsf' 
            AND a.AwardInstrument_Value IN ('standard grant', 'continuing grant')
            AND a.Organization_Directorate_ShortName IN ('MATHEMATICAL & PHYSICAL SCIEN')
         


    SELECT f.AuthorId
        , f.year
        , f.firstname
        , f.lastname
        , CASE TRIM(SUBSTR(f.middle_lastname, 1, f.l_fullname - f.l_firstname - f.l_lastname - 1)) 
            WHEN 
                "" THEN NULL 
                ELSE TRIM(SUBSTR(f.middle_lastname, 1, f.l_fullname - f.l_firstname - f.l_lastname - 1)) 
            END as middlename 
            -- ## NOTE this gives "" for middlename when it is missing 
        , f.fieldofstudy
        , g.keywords
        , g.coauthors
        , g.institution
        , g.us_institutions_year
    FROM (
        SELECT a.AuthorId
            , a.YearFirstPub AS year
            , a.FirstName AS firstname
            , REPLACE(b.NormalizedName, RTRIM(b.NormalizedName, REPLACE(b.NormalizedName, " ", "")), "") AS lastname 
                    -- https://stackoverflow.com/questions/21388820/how-to-get-the-last-index-of-a-substring-in-sqlite
            , TRIM(SUBSTR(b.NormalizedName, length(a.FirstName) + 1)) AS middle_lastname 
                    -- this gives all except the first name 
            , length(b.NormalizedName) as l_fullname 
            , length(a.FirstName) as l_firstname
            , length(REPLACE(b.NormalizedName, RTRIM(b.NormalizedName, REPLACE(b.NormalizedName, " ", "")), "")) as l_lastname
            , e.NormalizedName AS fieldofstudy
        FROM author_sample AS a
        INNER JOIN (
            SELECT AuthorId, NormalizedName
            FROM Authors
        ) AS b USING(AuthorId)
        INNER JOIN (
            -- ## mark: different from linking graduates. filter on field0
            SELECT AuthorId, NormalizedName
            FROM author_fields c
            INNER JOIN (
                SELECT FieldOfStudyId, NormalizedName
                FROM FieldsOfStudy
            ) AS d USING(FieldOfStudyId)
            WHERE FieldClass = 'main'
                AND FieldOfStudyId IN (?)
        ) AS e USING(AuthorId)
    ) f
    LEFT JOIN (
        SELECT AuthorId
                , us_institutions_career as institution
                , coauthors
                , keywords
                , us_institutions_year
        FROM author_info_linking
    ) AS g USING(AuthorId)
    
    WHERE length(firstname) > 1 AND year >= 1985 - 5 AND year <= 2022 + 5 AND institution is not NULL
     

Starting active labeling...
firstname : eric
lastname : ganz
middlename : None
us_institutions_year : (('1981', 'stanford university'), ('1987', 'stanford university'))
institution : ('stanford university',)

firstname : eric
lastname : ganz
middlename : d
us_institutions_year : (('1993', 'university of minnesota twin cities'),)
institution : ('university of minnesota twin cities',)

1/10 positive, 0/10 negative
Do these records refer to the same thing?
(y)es / (n)o / (u)nsure / (f)inished / (p)revious
firstname : yang
lastname : yang
middlename : None
us_institutions_year : (('2005', 'university of illinois at urbana champaign'),)
institution : ('university of illinois at urbana champaign',)

firstname : yang
lastname : yang
middlename : None
us_institutions_year : (('2012', 'university of california los angeles'),)
institution : ('university of california los angeles',)

0/10 positive, 0/10 negative
Do these records refer to the same thing?
(y)es / (n)o / (u)nsure / (f)inished
firstname : eric
lastname : ganz
middlename : None
us_institutions_year : (('1981', 'stanford university'), ('1987', 'stanford university'))
institution : ('stanford university',)

firstname : eric
lastname : ganz
middlename : d
us_institutions_year : (('1993', 'university of minnesota twin cities'),)
institution : ('university of minnesota twin cities',)

0/10 positive, 1/10 negative
Do these records refer to the same thing?
(y)es / (n)o / (u)nsure / (f)inished / (p)revious
firstname : min
lastname : xiao
middlename : None
us_institutions_year : (('2016', 'chinese academy of sciences'), ('2017', 'chinese academy of sciences'), ('2018', 'chinese academy of sciences'), ('2019', 'chinese academy of sciences'), ('2020', 'chinese academy of sciences'))
institution : ('chinese academy of sciences',)

firstname : min
lastname : xiao
middlename : None
us_institutions_year : (('2007', 'university of arkansas'),)
institution : ('university of arkansas',)

0/10 positive, 2/10 negative
Do these records refer to the same thing?
(y)es / (n)o / (u)nsure / (f)inished / (p)revious
firstname : jianbo
lastname : li
middlename : None
us_institutions_year : (('2009', 'southern illinois university carbondale'), ('2010', 'southern illinois university carbondale'))
institution : ('southern illinois university carbondale',)

firstname : jia
lastname : li
middlename : None
us_institutions_year : (('2009', 'university of alabama in huntsville'),)
institution : ('university of alabama in huntsville',)

0/10 positive, 3/10 negative
Do these records refer to the same thing?
(y)es / (n)o / (u)nsure / (f)inished / (p)revious
firstname : leigh
lastname : martin
middlename : s
us_institutions_year : (('2012', 'university of colorado boulder'), ('2014', 'national institute of standards and technology'), ('2015', 'university of california berkeley'), ('2015', 'university of colorado boulder'), ('2016', 'university of california berkeley'), ('2017', 'university of california berkeley'), ('2018', 'university of california berkeley'), ('2020', 'university of california berkeley'))
institution : ('national institute of standards and technology', 'university of california berkeley', 'university of colorado boulder')

firstname : per gunnar
lastname : martinsson
middlename : j
us_institutions_year : (('2008', 'university of colorado at boulder'),)
institution : ('university of colorado at boulder',)

0/10 positive, 4/10 negative
Do these records refer to the same thing?
(y)es / (n)o / (u)nsure / (f)inished / (p)revious
firstname : mac
lastname : murphy
middlename : None
us_institutions_year : (('2017', 'university of nevada reno'),)
institution : ('university of nevada reno',)

firstname : catherine
lastname : murphy
middlename : j
us_institutions_year : (('2013', 'university of illinois at urbana champaign'),)
institution : ('university of illinois at urbana champaign',)

0/10 positive, 5/10 negative
Do these records refer to the same thing?
(y)es / (n)o / (u)nsure / (f)inished / (p)revious
firstname : lisa
lastname : gerhardt
middlename : None
us_institutions_year : (('2010', 'lawrence berkeley national laboratory'),)
institution : ('lawrence berkeley national laboratory',)

firstname : rosario
lastname : gerhardt
middlename : a
us_institutions_year : (('2000', 'georgia tech research corporation'),)
institution : ('georgia tech research corporation',)

0/10 positive, 6/10 negative
Do these records refer to the same thing?
(y)es / (n)o / (u)nsure / (f)inished / (p)revious
firstname : tyler
lastname : kelley
middlename : None
us_institutions_year : (('2017', 'university of california irvine'), ('2019', 'university of california irvine'))
institution : ('university of california irvine',)

firstname : anne
lastname : kelley
middlename : m
us_institutions_year : (('2015', 'university of california merced'),)
institution : ('university of california merced',)

0/10 positive, 7/10 negative
Do these records refer to the same thing?
(y)es / (n)o / (u)nsure / (f)inished / (p)revious
firstname : michelle
lastname : robertson
middlename : c
us_institutions_year : (('1992', 'university of southern california'), ('1993', 'university of southern california'), ('1995', 'university of southern california'))
institution : ('university of southern california',)

firstname : nicholas
lastname : robertson
middlename : None
us_institutions_year : (('2016', 'northland college'),)
institution : ('northland college',)

0/10 positive, 8/10 negative
Do these records refer to the same thing?
(y)es / (n)o / (u)nsure / (f)inished / (p)revious
firstname : jef
lastname : wagner
middlename : None
us_institutions_year : (('2012', 'university of california riverside'), ('2013', 'university of california riverside'), ('2014', 'university of california riverside'), ('2015', 'university of california riverside'), ('2016', 'university of california riverside'), ('2017', 'university of california riverside'))
institution : ('university of california riverside',)

firstname : peter
lastname : wagner
middlename : j
us_institutions_year : (('1998', 'michigan state university'),)
institution : ('michigan state university',)

0/10 positive, 9/10 negative
Do these records refer to the same thing?
(y)es / (n)o / (u)nsure / (f)inished / (p)revious
firstname : ole
lastname : peters
middlename : None
us_institutions_year : (('2005', 'los alamos national laboratory'), ('2006', 'los alamos national laboratory'), ('2008', 'university of california los angeles'), ('2009', 'university of california los angeles'), ('2012', 'university of california los angeles'), ('2013', 'university of california los angeles'), ('2016', 'santa fe institute'))
institution : ('los alamos national laboratory', 'santa fe institute', 'university of california los angeles')

firstname : vincent
lastname : peterson
middlename : z
us_institutions_year : (('1981', 'university of hawaii'),)
institution : ('university of hawaii',)

0/10 positive, 10/10 negative
Do these records refer to the same thing?
(y)es / (n)o / (u)nsure / (f)inished / (p)revious
firstname : peter
lastname : petreczky
middlename : None
us_institutions_year : (('2003', 'brookhaven national laboratory'), ('2004', 'brookhaven national laboratory'), ('2005', 'brookhaven national laboratory'), ('2006', 'brookhaven national laboratory'), ('2007', 'brookhaven national laboratory'), ('2008', 'brookhaven national laboratory'), ('2009', 'brookhaven national laboratory'), ('2010', 'brookhaven national laboratory'), ('2011', 'brookhaven national laboratory'), ('2012', 'brookhaven national laboratory'), ('2013', 'brookhaven national laboratory'), ('2014', 'brookhaven national laboratory'), ('2015', 'brookhaven national laboratory'), ('2016', 'brookhaven national laboratory'), ('2017', 'brookhaven national laboratory'), ('2018', 'brookhaven national laboratory'), ('2019', 'brookhaven national laboratory'), ('2020', 'brookhaven national laboratory'))
institution : ('brookhaven national laboratory', 'kavli institute for theoretical physics', 'united states department of energy')

firstname : peter
lastname : sutter
middlename : w
us_institutions_year : (('2004', 'brookhaven national laboratory'),)
institution : ('brookhaven national laboratory',)

0/10 positive, 11/10 negative
Do these records refer to the same thing?
(y)es / (n)o / (u)nsure / (f)inished / (p)revious
firstname : joseph
lastname : mcewen
middlename : e
us_institutions_year : (('2014', 'ohio state university'), ('2016', 'ohio state university'), ('2018', 'ohio state university'), ('2019', 'ohio state university'))
institution : ('ohio state university',)

firstname : jean sabin
lastname : mcewen
middlename : None
us_institutions_year : (('2019', 'washington state university'),)
institution : ('washington state university',)

0/10 positive, 12/10 negative
Do these records refer to the same thing?
(y)es / (n)o / (u)nsure / (f)inished / (p)revious
firstname : rainer
lastname : dressler
middlename : a
us_institutions_year : (('1992', 'hanscom air force base'), ('1998', 'hanscom air force base'))
institution : ('hanscom air force base',)

firstname : alan
lastname : dressler
middlename : None
us_institutions_year : (('1988', 'carnegie institution of washington'),)
institution : ('carnegie institution of washington',)

0/10 positive, 13/10 negative
Do these records refer to the same thing?
(y)es / (n)o / (u)nsure / (f)inished / (p)revious
firstname : jef
lastname : wagner
middlename : None
us_institutions_year : (('2012', 'university of california riverside'), ('2013', 'university of california riverside'), ('2014', 'university of california riverside'), ('2015', 'university of california riverside'), ('2016', 'university of california riverside'), ('2017', 'university of california riverside'))
institution : ('university of california riverside',)

firstname : norman
lastname : wagner
middlename : j
us_institutions_year : (('2019', 'university of delaware'),)
institution : ('university of delaware',)

0/10 positive, 14/10 negative
Do these records refer to the same thing?
(y)es / (n)o / (u)nsure / (f)inished / (p)revious
firstname : leigh
lastname : martin
middlename : s
us_institutions_year : (('2012', 'university of colorado boulder'), ('2014', 'national institute of standards and technology'), ('2015', 'university of california berkeley'), ('2015', 'university of colorado boulder'), ('2016', 'university of california berkeley'), ('2017', 'university of california berkeley'), ('2018', 'university of california berkeley'), ('2020', 'university of california berkeley'))
institution : ('national institute of standards and technology', 'university of california berkeley', 'university of colorado boulder')

firstname : luz
lastname : martinez miranda
middlename : j
us_institutions_year : (('2000', 'university of maryland college park'),)
institution : ('university of maryland college park',)

0/10 positive, 15/10 negative
Do these records refer to the same thing?
(y)es / (n)o / (u)nsure / (f)inished / (p)revious
firstname : jef
lastname : wagner
middlename : None
us_institutions_year : (('2012', 'university of california riverside'), ('2013', 'university of california riverside'), ('2014', 'university of california riverside'), ('2015', 'university of california riverside'), ('2016', 'university of california riverside'), ('2017', 'university of california riverside'))
institution : ('university of california riverside',)

firstname : norman
lastname : wagner
middlename : j
us_institutions_year : (('2019', 'university of delaware'),)
institution : ('university of delaware',)

0/10 positive, 14/10 negative
Do these records refer to the same thing?
(y)es / (n)o / (u)nsure / (f)inished
firstname : leigh
lastname : martin
middlename : s
us_institutions_year : (('2012', 'university of colorado boulder'), ('2014', 'national institute of standards and technology'), ('2015', 'university of california berkeley'), ('2015', 'university of colorado boulder'), ('2016', 'university of california berkeley'), ('2017', 'university of california berkeley'), ('2018', 'university of california berkeley'), ('2020', 'university of california berkeley'))
institution : ('national institute of standards and technology', 'university of california berkeley', 'university of colorado boulder')

firstname : luz
lastname : martinez miranda
middlename : j
us_institutions_year : (('2000', 'university of maryland college park'),)
institution : ('university of maryland college park',)

0/10 positive, 15/10 negative
Do these records refer to the same thing?
(y)es / (n)o / (u)nsure / (f)inished / (p)revious
firstname : jef
lastname : wagner
middlename : None
us_institutions_year : (('2012', 'university of california riverside'), ('2013', 'university of california riverside'), ('2014', 'university of california riverside'), ('2015', 'university of california riverside'), ('2016', 'university of california riverside'), ('2017', 'university of california riverside'))
institution : ('university of california riverside',)

firstname : norman
lastname : wagner
middlename : j
us_institutions_year : (('2019', 'university of delaware'),)
institution : ('university of delaware',)

0/10 positive, 14/10 negative
Do these records refer to the same thing?
(y)es / (n)o / (u)nsure / (f)inished
firstname : leigh
lastname : martin
middlename : s
us_institutions_year : (('2012', 'university of colorado boulder'), ('2014', 'national institute of standards and technology'), ('2015', 'university of california berkeley'), ('2015', 'university of colorado boulder'), ('2016', 'university of california berkeley'), ('2017', 'university of california berkeley'), ('2018', 'university of california berkeley'), ('2020', 'university of california berkeley'))
institution : ('national institute of standards and technology', 'university of california berkeley', 'university of colorado boulder')

firstname : luz
lastname : martinez miranda
middlename : j
us_institutions_year : (('2000', 'university of maryland college park'),)
institution : ('university of maryland college park',)

0/10 positive, 15/10 negative
Do these records refer to the same thing?
(y)es / (n)o / (u)nsure / (f)inished / (p)revious
firstname : greg
lastname : bennett
middlename : None
us_institutions_year : (('2002', 'university of florida'), ('2008', 'university of florida'))
institution : ('university of florida',)

firstname : brian
lastname : bennett
middlename : None
us_institutions_year : (('2014', 'marquette university'),)
institution : ('marquette university',)

0/10 positive, 16/10 negative
Do these records refer to the same thing?
(y)es / (n)o / (u)nsure / (f)inished / (p)revious
firstname : roger
lastname : hunter
middlename : None
us_institutions_year : (('2013', 'ames research center'), ('2014', 'ames research center'), ('2020', 'ames research center'))
institution : ('ames research center',)

firstname : deidre
lastname : hunter
middlename : a
us_institutions_year : (('2018', 'lowell observatory'),)
institution : ('lowell observatory',)

0/10 positive, 17/10 negative
Do these records refer to the same thing?
(y)es / (n)o / (u)nsure / (f)inished / (p)revious
firstname : patrick
lastname : cooper
middlename : None
us_institutions_year : (('2013', 'new york university'), ('2014', 'new york university'), ('2015', 'new york university'), ('2016', 'new york university'), ('2017', 'duquesne university'))
institution : ('duquesne university', 'new york university')

firstname : alfred
lastname : cooper
middlename : r
us_institutions_year : (('1982', 'case western reserve university'),)
institution : ('case western reserve university',)

0/10 positive, 18/10 negative
Do these records refer to the same thing?
(y)es / (n)o / (u)nsure / (f)inished / (p)revious
firstname : peter
lastname : thomassen
middlename : None
us_institutions_year : (('2014', 'rutgers university'), ('2015', 'rutgers university'))
institution : ('rutgers university',)

firstname : edward
lastname : thomas
middlename : e
us_institutions_year : (('2002', 'auburn university'),)
institution : ('auburn university',)

0/10 positive, 19/10 negative
Do these records refer to the same thing?
(y)es / (n)o / (u)nsure / (f)inished / (p)revious
firstname : ole
lastname : peters
middlename : None
us_institutions_year : (('2005', 'los alamos national laboratory'), ('2006', 'los alamos national laboratory'), ('2008', 'university of california los angeles'), ('2009', 'university of california los angeles'), ('2012', 'university of california los angeles'), ('2013', 'university of california los angeles'), ('2016', 'santa fe institute'))
institution : ('los alamos national laboratory', 'santa fe institute', 'university of california los angeles')

firstname : kevin
lastname : peters
middlename : s
us_institutions_year : (('1982', 'harvard university'),)
institution : ('harvard university',)

0/10 positive, 20/10 negative
Do these records refer to the same thing?
(y)es / (n)o / (u)nsure / (f)inished / (p)revious
firstname : leigh
lastname : martin
middlename : s
us_institutions_year : (('2012', 'university of colorado boulder'), ('2014', 'national institute of standards and technology'), ('2015', 'university of california berkeley'), ('2015', 'university of colorado boulder'), ('2016', 'university of california berkeley'), ('2017', 'university of california berkeley'), ('2018', 'university of california berkeley'), ('2020', 'university of california berkeley'))
institution : ('national institute of standards and technology', 'university of california berkeley', 'university of colorado boulder')

firstname : adam
lastname : martin
middlename : None
us_institutions_year : (('2018', 'university of notre dame'),)
institution : ('university of notre dame',)

0/10 positive, 21/10 negative
Do these records refer to the same thing?
(y)es / (n)o / (u)nsure / (f)inished / (p)revious
firstname : patrick
lastname : cooper
middlename : None
us_institutions_year : (('2013', 'new york university'), ('2014', 'new york university'), ('2015', 'new york university'), ('2016', 'new york university'), ('2017', 'duquesne university'))
institution : ('duquesne university', 'new york university')

firstname : s lance
lastname : cooper
middlename : None
us_institutions_year : (('2015', 'university of illinois at urbana champaign'),)
institution : ('university of illinois at urbana champaign',)

0/10 positive, 22/10 negative
Do these records refer to the same thing?
(y)es / (n)o / (u)nsure / (f)inished / (p)revious
firstname : douglas
lastname : watson
middlename : f
us_institutions_year : (('2013', 'university of chicago'), ('2014', 'university of chicago'), ('2015', 'university of chicago'))
institution : ('university of chicago',)

firstname : mark
lastname : watson
middlename : d
us_institutions_year : (('2006', 'university of kentucky research foundation'),)
institution : ('university of kentucky research foundation',)

0/10 positive, 23/10 negative
Do these records refer to the same thing?
(y)es / (n)o / (u)nsure / (f)inished / (p)revious
firstname : jeffrey
lastname : anderson
middlename : m
us_institutions_year : (('2003', 'university of virginia'), ('2005', 'university of virginia'), ('2006', 'university of virginia'))
institution : ('university of virginia',)

firstname : james
lastname : anderson
middlename : b
us_institutions_year : (('1976', 'pennsylvania state univ university park'),)
institution : ('pennsylvania state univ university park',)

0/10 positive, 24/10 negative
Do these records refer to the same thing?
(y)es / (n)o / (u)nsure / (f)inished / (p)revious
firstname : avi
lastname : hauser
middlename : i
us_institutions_year : (('1984', 'yale university'), ('1985', 'yale university'))
institution : ('yale university',)

firstname : daniel
lastname : neuhauser
middlename : None
us_institutions_year : (('2011', 'university of california los angeles'),)
institution : ('university of california los angeles',)

0/10 positive, 25/10 negative
Do these records refer to the same thing?
(y)es / (n)o / (u)nsure / (f)inished / (p)revious
firstname : martin
lastname : dewitt
middlename : None
us_institutions_year : (('2020', 'university of california berkeley'), ('2021', 'lawrence berkeley national laboratory'), ('2021', 'university of california berkeley'))
institution : ('lawrence berkeley national laboratory', 'university of california berkeley')

firstname : bryce
lastname : dewitt
middlename : s
us_institutions_year : (('1984', 'university of texas at austin'),)
institution : ('university of texas at austin',)

0/10 positive, 26/10 negative
Do these records refer to the same thing?
(y)es / (n)o / (u)nsure / (f)inished / (p)revious
firstname : tommer
lastname : wizansky
middlename : None
us_institutions_year : (('2006', 'stanford university'), ('2007', 'stanford university'), ('2008', 'stanford university'), ('2009', 'stanford university'))
institution : ('stanford university',)

firstname : lev
lastname : rozansky
middlename : None
us_institutions_year : (('2018', 'university of north carolina at chapel hill'),)
institution : ('university of north carolina at chapel hill',)

0/10 positive, 27/10 negative
Do these records refer to the same thing?
(y)es / (n)o / (u)nsure / (f)inished / (p)revious
firstname : bradley
lastname : christensen
middlename : g
us_institutions_year : (('2011', 'university of illinois at urbana champaign'), ('2012', 'university of illinois at urbana champaign'), ('2013', 'university of illinois at urbana champaign'), ('2015', 'university of illinois at urbana champaign'), ('2016', 'university of illinois at urbana champaign'), ('2017', 'university of illinois at urbana champaign'), ('2018', 'university of wisconsin madison'), ('2019', 'university of wisconsin madison'), ('2021', 'university of wisconsin madison'))
institution : ('university of illinois at urbana champaign', 'university of wisconsin madison')

firstname : george
lastname : christou
middlename : None
us_institutions_year : (('2019', 'university of florida'),)
institution : ('university of florida',)

0/10 positive, 28/10 negative
Do these records refer to the same thing?
(y)es / (n)o / (u)nsure / (f)inished / (p)revious
firstname : michelle
lastname : robertson
middlename : c
us_institutions_year : (('1992', 'university of southern california'), ('1993', 'university of southern california'), ('1995', 'university of southern california'))
institution : ('university of southern california',)

firstname : james
lastname : robertson
middlename : e
us_institutions_year : (('1973', 'university of illinois at urbana champaign'),)
institution : ('university of illinois at urbana champaign',)

0/10 positive, 29/10 negative
Do these records refer to the same thing?
(y)es / (n)o / (u)nsure / (f)inished / (p)revious
firstname : guy
lastname : miller
middlename : s
us_institutions_year : (('1995', 'northwestern university'), ('1996', 'northwestern university'), ('1998', 'northwestern university'))
institution : ('northwestern university',)

firstname : joel
lastname : miller
middlename : s
us_institutions_year : (('2011', 'university of utah'),)
institution : ('university of utah',)

0/10 positive, 30/10 negative
Do these records refer to the same thing?
(y)es / (n)o / (u)nsure / (f)inished / (p)revious
firstname : aaron
lastname : zimmerman
middlename : None
us_institutions_year : (('2005', 'university of california santa barbara'), ('2006', 'university of california santa barbara'), ('2008', 'university of california santa barbara'), ('2009', 'university of california santa barbara'), ('2010', 'university of california santa barbara'), ('2019', 'university of california santa barbara'), ('2020', 'university of california santa barbara'))
institution : ('university of california santa barbara',)

firstname : joern
lastname : zimmerling
middlename : t
us_institutions_year : (('2021', 'regents of the university of michigan ann arbor'),)
institution : ('regents of the university of michigan ann arbor',)

0/10 positive, 31/10 negative
Do these records refer to the same thing?
(y)es / (n)o / (u)nsure / (f)inished / (p)revious
firstname : bradley
lastname : christensen
middlename : g
us_institutions_year : (('2011', 'university of illinois at urbana champaign'), ('2012', 'university of illinois at urbana champaign'), ('2013', 'university of illinois at urbana champaign'), ('2015', 'university of illinois at urbana champaign'), ('2016', 'university of illinois at urbana champaign'), ('2017', 'university of illinois at urbana champaign'), ('2018', 'university of wisconsin madison'), ('2019', 'university of wisconsin madison'), ('2021', 'university of wisconsin madison'))
institution : ('university of illinois at urbana champaign', 'university of wisconsin madison')

firstname : carol
lastname : christ
middlename : s
us_institutions_year : (('1992', 'the university corporation northridge'),)
institution : ('the university corporation northridge',)

0/10 positive, 32/10 negative
Do these records refer to the same thing?
(y)es / (n)o / (u)nsure / (f)inished / (p)revious
firstname : daniel
lastname : wagner
middlename : None
us_institutions_year : (('2016', 'university of kentucky'),)
institution : ('university of kentucky',)

firstname : norman
lastname : wagner
middlename : j
us_institutions_year : (('2019', 'university of delaware'),)
institution : ('university of delaware',)

0/10 positive, 33/10 negative
Do these records refer to the same thing?
(y)es / (n)o / (u)nsure / (f)inished / (p)revious
firstname : aviv
lastname : cukierman
middlename : ruben
us_institutions_year : (('2014', 'massachusetts institute of technology'),)
institution : ('massachusetts institute of technology',)

firstname : robert
lastname : cukier
middlename : i
us_institutions_year : (('1984', 'michigan state university'),)
institution : ('michigan state university',)

0/10 positive, 34/10 negative
Do these records refer to the same thing?
(y)es / (n)o / (u)nsure / (f)inished / (p)revious
firstname : fred
lastname : walter
middlename : None
us_institutions_year : (('2000', 'stony brook university'),)
institution : ('stony brook university',)

firstname : robin
lastname : walters
middlename : s
us_institutions_year : (('2022', 'northeastern university'),)
institution : ('northeastern university',)

0/10 positive, 35/10 negative
Do these records refer to the same thing?
(y)es / (n)o / (u)nsure / (f)inished / (p)revious
firstname : daniel
lastname : wagner
middlename : None
us_institutions_year : (('2016', 'university of kentucky'),)
institution : ('university of kentucky',)

firstname : peter
lastname : wagner
middlename : j
us_institutions_year : (('1998', 'michigan state university'),)
institution : ('michigan state university',)

0/10 positive, 36/10 negative
Do these records refer to the same thing?
(y)es / (n)o / (u)nsure / (f)inished / (p)revious
firstname : somadutta
lastname : bhatta
middlename : None
us_institutions_year : (('2020', 'stony brook university'), ('2021', 'stony brook university'))
institution : ('stony brook university',)

firstname : bhaswar
lastname : bhattacharya
middlename : b
us_institutions_year : (('2021', 'university of pennsylvania'),)
institution : ('university of pennsylvania',)

0/10 positive, 37/10 negative
Do these records refer to the same thing?
(y)es / (n)o / (u)nsure / (f)inished / (p)revious
firstname : douglas
lastname : watson
middlename : f
us_institutions_year : (('2010', 'vanderbilt university'), ('2011', 'vanderbilt university'), ('2012', 'vanderbilt university'))
institution : ('vanderbilt university',)

firstname : mark
lastname : watson
middlename : d
us_institutions_year : (('2006', 'university of kentucky research foundation'),)
institution : ('university of kentucky research foundation',)

0/10 positive, 38/10 negative
Do these records refer to the same thing?
(y)es / (n)o / (u)nsure / (f)inished / (p)revious
firstname : eric
lastname : williams
middlename : None
us_institutions_year : (('1997', 'san francisco state university'), ('2013', 'san francisco state university'))
institution : ('san francisco state university',)

firstname : mike
lastname : williams
middlename : None
us_institutions_year : (('2016', 'massachusetts institute of technology'),)
institution : ('massachusetts institute of technology',)

0/10 positive, 39/10 negative
Do these records refer to the same thing?
(y)es / (n)o / (u)nsure / (f)inished / (p)revious
firstname : stefan
lastname : baessler
middlename : None
us_institutions_year : (('2011', 'oak ridge national laboratory'), ('2011', 'university of virginia'), ('2015', 'united states department of energy'), ('2015', 'university of virginia'), ('2016', 'university of virginia'))
institution : ('oak ridge national laboratory', 'united states department of energy', 'university of virginia')

firstname : alan
lastname : dressler
middlename : None
us_institutions_year : (('1988', 'carnegie institution of washington'),)
institution : ('carnegie institution of washington',)

0/10 positive, 40/10 negative
Do these records refer to the same thing?
(y)es / (n)o / (u)nsure / (f)inished / (p)revious
firstname : nikolaos
lastname : vassilopoulos
middlename : None
us_institutions_year : (('2016', 'chinese academy of sciences'), ('2020', 'chinese academy of sciences'))
institution : ('chinese academy of sciences',)

firstname : panagiota
lastname : daskalopoulos
middlename : None
us_institutions_year : (('1995', 'university of minnesota twin cities'),)
institution : ('university of minnesota twin cities',)

0/10 positive, 41/10 negative
Do these records refer to the same thing?
(y)es / (n)o / (u)nsure / (f)inished / (p)revious
firstname : leigh
lastname : martin
middlename : s
us_institutions_year : (('2012', 'university of colorado boulder'), ('2014', 'national institute of standards and technology'), ('2015', 'university of california berkeley'), ('2015', 'university of colorado boulder'), ('2016', 'university of california berkeley'), ('2017', 'university of california berkeley'), ('2018', 'university of california berkeley'), ('2020', 'university of california berkeley'))
institution : ('national institute of standards and technology', 'university of california berkeley', 'university of colorado boulder')

firstname : george
lastname : martins
middlename : b
us_institutions_year : (('2006', 'oakland university'),)
institution : ('oakland university',)

0/10 positive, 42/10 negative
Do these records refer to the same thing?
(y)es / (n)o / (u)nsure / (f)inished / (p)revious
firstname : megan
lastname : johnson
middlename : c
us_institutions_year : (('2013', 'lowell observatory'), ('2015', 'national radio astronomy observatory'), ('2015', 'lowell observatory'))
institution : ('lowell observatory', 'national radio astronomy observatory')

firstname : norman
lastname : johnson
middlename : l
us_institutions_year : (('1981', 'university of north carolina at chapel hill'),)
institution : ('university of north carolina at chapel hill',)

0/10 positive, 43/10 negative
Do these records refer to the same thing?
(y)es / (n)o / (u)nsure / (f)inished / (p)revious
firstname : brian
lastname : feldstein
middlename : None
us_institutions_year : (('2008', 'boston university'), ('2009', 'boston university'))
institution : ('boston university',)

firstname : raymond
lastname : goldstein
middlename : e
us_institutions_year : (('1998', 'university of arizona'),)
institution : ('university of arizona',)

0/10 positive, 44/10 negative
Do these records refer to the same thing?
(y)es / (n)o / (u)nsure / (f)inished / (p)revious
firstname : mauro
lastname : stefanon
middlename : None
us_institutions_year : (('2013', 'university of missouri'), ('2014', 'university of missouri'), ('2015', 'university of missouri'))
institution : ('university of kansas', 'university of missouri')

firstname : plamen
lastname : stefanov
middlename : d
us_institutions_year : (('2016', 'purdue university'),)
institution : ('purdue university',)

0/10 positive, 45/10 negative
Do these records refer to the same thing?
(y)es / (n)o / (u)nsure / (f)inished / (p)revious
firstname : guy
lastname : miller
middlename : s
us_institutions_year : (('1995', 'northwestern university'), ('1996', 'northwestern university'), ('1998', 'northwestern university'))
institution : ('northwestern university',)

firstname : cass
lastname : miller
middlename : t
us_institutions_year : (('2003', 'university of north carolina at chapel hill'),)
institution : ('university of north carolina at chapel hill',)

0/10 positive, 46/10 negative
Do these records refer to the same thing?
(y)es / (n)o / (u)nsure / (f)inished / (p)revious
firstname : jeffrey
lastname : anderson
middlename : m
us_institutions_year : (('2003', 'university of virginia'), ('2005', 'university of virginia'), ('2006', 'university of virginia'))
institution : ('university of virginia',)

firstname : gordon
lastname : anderson
middlename : k
us_institutions_year : (('1987', 'university of missouri saint louis'),)
institution : ('university of missouri saint louis',)

0/10 positive, 47/10 negative
Do these records refer to the same thing?
(y)es / (n)o / (u)nsure / (f)inished / (p)revious
firstname : peter
lastname : thomassen
middlename : None
us_institutions_year : (('2014', 'rutgers university'), ('2015', 'rutgers university'))
institution : ('rutgers university',)

firstname : edwin
lastname : thomas
middlename : l
us_institutions_year : (('1975', 'university of minnesota twin cities'),)
institution : ('university of minnesota twin cities',)

0/10 positive, 48/10 negative
Do these records refer to the same thing?
(y)es / (n)o / (u)nsure / (f)inished / (p)revious
Finished labeling
Traceback (most recent call last):
  File "/usr/lib/python3.10/runpy.py", line 196, in _run_module_as_main
    return _run_code(code, main_globals, None,
  File "/usr/lib/python3.10/runpy.py", line 86, in _run_code
    exec(code, run_globals)
  File "/home/flavio/projects/mag_sample/src/dataprep/main/link/train_link_mag_proquest.py", line 212, in <module>
    linker.train(recall = args.recall)
  File "/home/flavio/.local/lib/python3.10/site-packages/dedupe/api.py", line 1127, in train
    self.classifier.fit(self.data_model.distances(examples), y)
  File "/home/flavio/.local/lib/python3.10/site-packages/sklearn/model_selection/_search.py", line 875, in fit
    self._run_search(evaluate_candidates)
  File "/home/flavio/.local/lib/python3.10/site-packages/sklearn/model_selection/_search.py", line 1375, in _run_search
    evaluate_candidates(ParameterGrid(self.param_grid))
  File "/home/flavio/.local/lib/python3.10/site-packages/sklearn/model_selection/_search.py", line 852, in evaluate_candidates
    _warn_or_raise_about_fit_failures(out, self.error_score)
  File "/home/flavio/.local/lib/python3.10/site-packages/sklearn/model_selection/_validation.py", line 367, in _warn_or_raise_about_fit_failures
    raise ValueError(all_fits_failed_message)
ValueError: 
All the 35 fits failed.
It is very likely that your model is misconfigured.
You can try to debug the error by setting error_score='raise'.

Below are more details about the failures:
--------------------------------------------------------------------------------
35 fits failed with the following error:
Traceback (most recent call last):
  File "/home/flavio/.local/lib/python3.10/site-packages/sklearn/model_selection/_validation.py", line 686, in _fit_and_score
    estimator.fit(X_train, y_train, **fit_params)
  File "/home/flavio/.local/lib/python3.10/site-packages/sklearn/linear_model/_logistic.py", line 1183, in fit
    raise ValueError(
ValueError: This solver needs samples of at least 2 classes in the data, but the data contains only one class: 0

