Namespace(testing=False, verbose=1, field=['materials science'], train_name='christoph_with_protocol_magkeywords', startyear=1985, endyear=2015, loadstartyear=1985, loadendyear=2015, mergemode='1:1', recall=0.9, institution='False', fieldofstudy_cat='False', fieldofstudy_str='False', keywords='True', retrain='True', linking_type='graduates', samplesize=50000, write_to='database')
Have max 12 cores available
Testing is False 

I set the write connection to the main database.
id_field is [192562407] and will be passed to sql queries.
finished setup ... 
Time elapsed: 0.0006688078244527181 minutes 


    SELECT goid
            , year
            , year as yeardiff_larger_than_0
            , firstname 
            , lastname
            , CASE TRIM(SUBSTR(middle_lastname, 1, l_fullname-l_firstname-l_lastname - 1)) 
                WHEN 
                    "" THEN NULL 
                    ELSE TRIM(SUBSTR(middle_lastname, 1, l_fullname-l_firstname-l_lastname - 1)) 
                END AS middlename
            , fieldofstudy
            , keywords
            , institution
            , coauthors
            , year_papertitle
    FROM (
        SELECT goid
            , degree_year AS year 
            , fullname 
            , SUBSTR(TRIM(fullname),1,instr(trim(fullname)||' ',' ')-1) AS firstname
            , REPLACE(fullname, RTRIM(fullname, REPLACE(fullname, " ", "")), "") AS lastname 
            , TRIM(SUBSTR(fullname, length(SUBSTR(TRIM(fullname),1,instr(trim(fullname)||' ',' ')-1)) + 1)) AS middle_lastname 
            , length(fullname) AS l_fullname 
            , length(SUBSTR(TRIM(fullname),1,instr(trim(fullname)||' ',' ')-1) ) AS l_firstname
            , length(REPLACE(fullname, RTRIM(fullname, REPLACE(fullname, " ", "")), "")) AS l_lastname
            , fieldname AS fieldofstudy
            , university_id
            , degree_year || "//" || thesistitle as year_papertitle 
        FROM pq_authors 
        INNER JOIN (
            SELECT goid, fieldname 
            FROM pq_fields_mag
            WHERE mag_field0 IN (?)
        ) USING (goid)
    )
    -- ## NOTE: use left join here as not all graduates have advisor (particularly pre-1980) and possibly also keywords
    LEFT JOIN (
        SELECT goid, fields_lvl1 as keywords, advisors as coauthors 
        FROM pq_info_linking
    ) USING(goid)
    INNER JOIN (
        SELECT university_id, normalizedname as institution
        FROM pq_unis
        WHERE location like "%United States%"
    ) USING(university_id)
    WHERE year >= 1985 and year <= 2015 AND length(firstname) > 1
     


    SELECT f.AuthorId
        , f.year
        , f.year as yeardiff_larger_than_0
        , f.firstname
        , f.lastname
        , CASE TRIM(SUBSTR(f.middle_lastname, 1, f.l_fullname - f.l_firstname - f.l_lastname - 1)) 
            WHEN 
                "" THEN NULL 
                ELSE TRIM(SUBSTR(f.middle_lastname, 1, f.l_fullname - f.l_firstname - f.l_lastname - 1)) 
            END as middlename 
            -- ## NOTE this gives "" for middlename when it is missing 
        , f.fieldofstudy
        , g.keywords
        , g.coauthors
        , g.institution
        , g.year_papertitle
    FROM (
        SELECT a.AuthorId
            , a.YearFirstPub AS year
            , a.FirstName AS firstname
            , REPLACE(b.NormalizedName, RTRIM(b.NormalizedName, REPLACE(b.NormalizedName, " ", "")), "") AS lastname 
                    -- https://stackoverflow.com/questions/21388820/how-to-get-the-last-index-of-a-substring-in-sqlite
            , TRIM(SUBSTR(b.NormalizedName, length(a.FirstName) + 1)) AS middle_lastname 
                    -- this gives all except the first name 
            , length(b.NormalizedName) as l_fullname 
            , length(a.FirstName) as l_firstname
            , length(REPLACE(b.NormalizedName, RTRIM(b.NormalizedName, REPLACE(b.NormalizedName, " ", "")), "")) as l_lastname
            , e.NormalizedName AS fieldofstudy
        FROM author_sample AS a
        INNER JOIN (
            SELECT AuthorId, NormalizedName
            FROM Authors
        ) AS b USING(AuthorId)
        INNER JOIN (
            SELECT AuthorId
            FROM author_field0
            WHERE FieldOfStudyId_lvl0 IN (?)
                AND Degree <= 0
        ) USING(AuthorId)
        LEFT JOIN (
            SELECT AuthorId, NormalizedName
            FROM author_fields c
            INNER JOIN (
                SELECT FieldOfStudyId, NormalizedName
                FROM FieldsOfStudy
            ) AS d USING(FieldOfStudyId)
            -- ## Condition on fieldofstudy being in the level 0 id_field
            INNER JOIN (
                SELECT ParentFieldOfStudyId, ChildFieldOfStudyId
                FROM crosswalk_fields
                WHERE ParentLevel = 0
                    AND ParentFieldOfStudyId IN (?)
            ) AS e ON (e.ChildFieldOfStudyId = c.FieldOfStudyId)
            WHERE FieldClass = 'first'
        ) AS e USING(AuthorId)
    ) f
    LEFT JOIN (
        SELECT AuthorId
                , institutions as institution
                , main_us_institutions_career
                , coauthors
                , keywords
                , year_papertitle
        FROM author_info_linking
    ) AS g USING(AuthorId)
    WHERE length(firstname) > 1 AND year >= 1985 - 5 AND year <= 2015 + 5 
        -- ## use this to condition on people that have at least at some point their main affiliation in the US
        AND g.main_us_institutions_career IS NOT NULL
        AND g.institution != "chinese academy of sciences"
     

/home/christoph/anaconda3/envs/science-career-tempenv/lib/python3.9/site-packages/sklearn/feature_extraction/text.py:541: UserWarning: The parameter 'ngram_range' will not be used since 'analyzer' is callable'
  warnings.warn(
/home/christoph/anaconda3/envs/science-career-tempenv/lib/python3.9/site-packages/sklearn/feature_extraction/text.py:547: UserWarning: The parameter 'stop_words' will not be used since 'analyzer' != 'word'
  warnings.warn(
Time elapsed: 203.7906820098559 minutes 

Starting active labeling...
firstname : vivide
lastname : chang
middlename : tuanchyan
year : 2007
yeardiff_larger_than_0 : 2007
year_papertitle : ((2007, 'in vivo estimation of total hemoglobin concentration and hemoglobin saturation in the detection of cervical epithelial pre cancers'), (2009, 'a robust monte carlo model for the extraction of biological absorption and scattering in vivo'), (2009, 'quantitative physiology of the precancerous cervix in vivo through optical spectroscopy'), (2010, 'exploiting optical contrasts for cervical precancer diagnosis via diffuse reflectance spectroscopy'), (2010, 'rapid ratiometric determination of hemoglobin concentration using uv vis diffuse reflectance at isosbestic wavelengths'), (2010, 'visible light optical spectroscopy is sensitive to neovascularization in the dysplastic cervix'), (2011, 'calibration schemes of a field compatible optical spectroscopic system to quantify neovascular changes in the dysplastic cervix'), (2011, 'portable fiber based diffuse reflection spectroscopy drs systems for estimating tissue optical properties'), (2011, 'towards a field compatible optical spectroscopic device for cervical cancer screening in resource limited settings effects of calibration and pressure'))
keywords : frozenset({'optics', 'gynecology', 'nuclear medicine', 'statistical physics', 'analytical chemistry', 'internal medicine', 'pathology'})

firstname : vivide
lastname : chang
middlename : tuanchyan
year : 2010
yeardiff_larger_than_0 : 2010
year_papertitle : ((2010, 'exploiting optical contrasts for cervical precancer diagnosis via diffuse reflectance spectroscopy'),)
keywords : frozenset({'optics', 'gynecology', 'pharmacology', 'biomedical engineering', 'pathology', 'internal medicine'})

0/10 positive, 0/10 negative
Do these records refer to the same thing?
(y)es / (n)o / (u)nsure / (f)inished
firstname : alvin
lastname : loke
middlename : leng sun
year : 1996
yeardiff_larger_than_0 : 1996
year_papertitle : ((1996, 'kinetics of copper drift in pecvd dielectrics'), (1997, 'effect of texture on the electromigration of cvd copper'), (1997, 'electrical extraction of the in plane dielectric constant of fluorinated polyimide'), (1998, 'barrier seed layer requirements for copper interconnects'), (1998, 'copper drift in low k polymer dielectrics for ulsi metallization'), (1998, 'electrical leakage at low k polyimide teos interface'), (1998, 'electrical reliability of cu and low k dielectric integration'), (1998, 'electromigration of submicron damascene copper interconnects'), (1998, 'microstructure and reliability of copper interconnects'), (1999, 'process integration issues of low permittivity dielectrics with copper for high performance interconnects'))
keywords : frozenset({'electrical engineering', 'composite material', 'chemical engineering', 'atomic physics', 'analytical chemistry', 'metallurgy', 'optoelectronics'})

firstname : alvin
lastname : loke
middlename : leng sun
year : 1999
yeardiff_larger_than_0 : 1999
year_papertitle : ((1999, 'process integration issues of low permittivity dielectrics with copper for high performance interconnects'),)
keywords : frozenset({'electrical engineering', 'composite material', 'optics', 'optoelectronics'})

1/10 positive, 0/10 negative
Do these records refer to the same thing?
(y)es / (n)o / (u)nsure / (f)inished / (p)revious
firstname : somponnat
lastname : sampattavanich
middlename : None
year : 2004
yeardiff_larger_than_0 : 2004
year_papertitle : ((2004, 'measuring bioimpedance in the human uterine cervix towards early detection of preterm labor'), (2006, 'effects of three dimensional culture and growth factors on the chondrogenic differentiation of murine embryonic stem cells'), (2011, 'a general method for studying autocrine signaling and its impact on cancer cell growth'))
keywords : frozenset({'molecular biology', 'biomedical engineering', 'chromatography', 'cell biology', 'structural engineering', 'internal medicine', 'cancer research'})

firstname : somponnat
lastname : sampattavanich
middlename : None
year : 2011
yeardiff_larger_than_0 : 2011
year_papertitle : ((2011, 'a general method for studying autocrine signaling and its impact on cancer cell growth'),)
keywords : frozenset({'cancer research', 'cell biology', 'biochemistry', 'internal medicine', 'neuroscience'})

2/10 positive, 0/10 negative
Do these records refer to the same thing?
(y)es / (n)o / (u)nsure / (f)inished / (p)revious
firstname : steven
lastname : bullock
middlename : e
year : 2001
yeardiff_larger_than_0 : 2001
year_papertitle : ((2001, 'polymeric nanoscale all solid state battery'), (2003, 'polydispersity control in ring opening metathesis polymerization of amphiphilic norbornene diblock copolymers'), (2004, 'nanoscale battery materials based on the self assembly of block copolymers'), (2004, 'synthesis of an a b c triblock copolymer for battery materials applications'))
keywords : frozenset({'electrical engineering', 'composite material', 'chemical engineering', 'inorganic chemistry', 'organic chemistry', 'polymer chemistry', 'optoelectronics'})

firstname : steven
lastname : bullock
middlename : edward
year : 2003
yeardiff_larger_than_0 : 2003
year_papertitle : ((2003, 'design of block copolymer templated solid state batteries'),)
keywords : frozenset({'electrical engineering', 'composite material', 'chemical engineering', 'inorganic chemistry', 'polymer chemistry', 'optoelectronics'})

3/10 positive, 0/10 negative
Do these records refer to the same thing?
(y)es / (n)o / (u)nsure / (f)inished / (p)revious
firstname : william
lastname : tze
middlename : tai yin
year : 2001
yeardiff_larger_than_0 : 2001
year_papertitle : ((2001, 'contact angle and igc measurements for probing surface chemical changes in the recycling of wood pulp fibers'), (2001, 'swelling of recycled wood pulp fibers effect on hydroxyl availability and surface chemistry'), (2002, 'method to double the surface concentration and control the orientation of adsorbed 3 aminopropyl dimethylethoxysilane on silica powders and glass slides'), (2005, 'thermal behavior of hydroxymethylated resorcinol hmr treated maple veneer'), (2006, 'cellulose fiber polymer adhesion effects of fiber matrix interfacial chemistry on the micromechanics of the interphase'), (2006, 'inverse gas chromatography for studying interaction of materials used for cellulose fiber polymer composites'), (2006, 'nanoindentation as a tool for understanding nano mechanical properties of wood cell wall and biocomposites'), (2006, 'x ray photoelectron spectroscopy of wood treated with hydroxymethylated resorcinol'), (2007, 'evaluation of load transfer in the cellulosic fiber polymer interphase using a micro raman tensile test'), (2007, 'nanoindentation of wood cell walls continuous stiffness and hardness measurements'))
keywords : frozenset({'pulp and paper industry', 'composite material', 'chemical engineering', 'inorganic chemistry', 'organic chemistry', 'polymer chemistry', 'analytical chemistry'})

firstname : william
lastname : tze
middlename : taiyin
year : 2003
yeardiff_larger_than_0 : 2003
year_papertitle : ((2003, 'effects of fiber matrix interactions on the interfacial deformation micromechanics of cellulose fiber polymer composites'),)
keywords : frozenset({'composite material', 'chemical engineering', 'organic chemistry', 'polymer chemistry', 'analytical chemistry'})

4/10 positive, 0/10 negative
Do these records refer to the same thing?
(y)es / (n)o / (u)nsure / (f)inished / (p)revious
firstname : hyunjung
lastname : shin
middlename : None
year : 1998
yeardiff_larger_than_0 : 1998
year_papertitle : ((1998, 'an application of polarized domains in ferroelectric thin films using scanning probe microscope'), (1999, 'characterization of retention phenomena of micron size electrical domains in pzt thin films'), (1999, 'detection mechanism of spontaneous polarization in ferroelectric thin films using electrostatic force microscopy'), (1999, 'fabrication of in situ patterned iron oxide films'), (1999, 'pyrolysis of self assembled organic monolayers on oxide substrates'), (1999, 'selective depositions of fe containing oxide films on mixed selfassembled organic monolayers using microcontact printing'), (2000, 'effect of metal insulator semiconductor structure derived space charge field on the tip vibration signal in electrostatic force microscopy'), (2000, 'effect of polysilicon gate on the flatband voltage shift and mobility degradation for ald al sub 2 o sub 3 gate dielectric'), (2000, 'formation of ferroelectric nano domains using scanning force microscopy for the future application of memory devices'))
keywords : frozenset({'electrical engineering', 'nanotechnology', 'optics', 'chemical engineering', 'condensed matter physics', 'analytical chemistry', 'optoelectronics'})

firstname : hyunjung
lastname : shin
middlename : None
year : 1996
yeardiff_larger_than_0 : 1996
year_papertitle : ((1996, 'deposition mechanisms and electrical properties of tio 2 thin films on self assembled organic monolayers on si'),)
keywords : frozenset({'composite material', 'crystallography', 'chemical engineering', 'analytical chemistry', 'optoelectronics'})

5/10 positive, 0/10 negative
Do these records refer to the same thing?
(y)es / (n)o / (u)nsure / (f)inished / (p)revious
firstname : jennifer
lastname : kyle
middlename : reiber
year : 2009
yeardiff_larger_than_0 : 2009
year_papertitle : ((2009, 'heparin antagonism by polyvalent display of cationic motifs on virus like particles'), (2011, 'analysis of light scattering from human breast tissue using a custom dual optical scanning near field optical microscope'), (2011, 'electronic microarrays in dna computing'), (2011, 'graphene metrology centimeter scale high resolution metrology of entire cvd grown graphene sheets small 18 2011'), (2011, 'molecular absorption and photodesorption in pristine and functionalized large area graphene layers'), (2011, 'photo electrical effect of pristine and functionalized graphene grown by chemical vapor deposition'), (2011, 'rapid large scale characterization of cvd graphene layers on glass using fluorescence quenching microscopy'), (2012, 'industrial graphene metrology'), (2012, 'surface characterization non invasive high throughput metrology of functionalized graphene sheets adv funct mater 21 2012'), (2012, 'transmission near field scanning optical microscopy investigation on cellular uptake behavior of iron oxide nanoparticles'))
keywords : frozenset({'nanotechnology', 'composite material', 'optics', 'chemical engineering', 'biochemistry', 'analytical chemistry', 'optoelectronics'})

firstname : jennifer
lastname : kyle
middlename : lynn reiber
year : 2012
yeardiff_larger_than_0 : 2012
year_papertitle : ((2012, 'multi scale optical metrology of biomaterials and nanomaterials for medical and industrial applications'),)
keywords : frozenset({'nanotechnology', 'composite material', 'optics', 'chemical engineering', 'optoelectronics'})

6/10 positive, 0/10 negative
Do these records refer to the same thing?
(y)es / (n)o / (u)nsure / (f)inished / (p)revious
firstname : pelin
lastname : ciris
middlename : aksit
year : 2010
yeardiff_larger_than_0 : 2010
year_papertitle : ((2010, 'o space imaging highly efficient parallel imaging using second order nonlinear fields as encoding gradients with no phase encoding'), (2014, 'navigated dense strain imaging for post radiofrequency ablation lesion assessment in the swine left atria'), (2014, 'non invasive quantification of absolute cerebral blood volume during functional activation applicable to the whole human brain'), (2014, 'noninvasive mri measurement of the absolute cerebral blood volume cerebral blood flow relationship during visual stimulation in healthy humans'), (2015, 'mri and fmri optimizations and applications'), (2015, 'preliminary study of oxygenation assessment in residual cervical cancer after external beam radiation using blood oxygenation level dependent bold mri'), (2016, 'characterization of gradient echo signal decays in healthy and cancerous prostate at 3t improves with a gaussian augmentation of the mono exponential game model'), (2016, 'characterizing gradient echo signal decays in gynecologic cancers at 3t using a gaussian augmentation of the monoexponential game model'), (2017, 'automated white matter fiber tract identification in patients with brain tumors'), (2017, 'dual pathway sequences for mr thermometry when and where to use them'))
keywords : frozenset({'nuclear medicine', 'anesthesia', 'artificial intelligence', 'radiology', 'internal medicine', 'neuroscience', 'pathology'})

firstname : pelin
lastname : ciris
middlename : aksit
year : 2012
yeardiff_larger_than_0 : 2012
year_papertitle : ((2012, 'whole brain non invasive absolute cerebral blood volume quantification during functional activation in humans characterizing the absolute cerebral blood flow and volume relationship'),)
keywords : frozenset({'internal medicine', 'neuroscience', 'radiology', 'nuclear medicine'})

7/10 positive, 0/10 negative
Do these records refer to the same thing?
(y)es / (n)o / (u)nsure / (f)inished / (p)revious
firstname : jong
lastname : kim
middlename : yea
year : 2007
yeardiff_larger_than_0 : 2007
year_papertitle : ((2007, 'effect of minor addition of xanthan on cross linking of rice starches by dry heating with phosphate salts'), (2008, 'fragmentation of waxy rice starch granules by enzymatic hydrolysis'), (2009, 'formation and isolation of nanocrystal complexes between dextrins and n butanol'), (2009, 'pasting properties of potato starch and waxy maize starch mixtures'), (2009, 'preparation of nano sized starch particles by complex formation with n butanol'), (2010, 'complex formation between amylomaize dextrin and n butanol by phase separation system'), (2012, 'added versus accumulated sugars on color development and acrylamide formation in french fried potato strips'), (2012, 'characterization of nanoparticles prepared by acid hydrolysis of various starches'), (2012, 'preparation of aqueous dispersions of coenzyme q10 nanoparticles with amylomaize starch and its dextrin'), (2013, 'corn starch granules with enhanced load carrying capacity via citric acid treatment'))
keywords : frozenset({'composite material', 'chromatography', 'chemical engineering', 'inorganic chemistry', 'organic chemistry', 'food science', 'biochemistry'})

firstname : jong
lastname : kim
middlename : myoung
year : 2002
yeardiff_larger_than_0 : 2002
year_papertitle : ((2002, 'an investigation of the adhesion interface formed in the squalene model systems on brass'),)
keywords : frozenset({'composite material', 'chromatography', 'inorganic chemistry', 'food science', 'analytical chemistry', 'metallurgy'})

8/10 positive, 0/10 negative
Do these records refer to the same thing?
(y)es / (n)o / (u)nsure / (f)inished / (p)revious
firstname : hyun
lastname : song
middlename : cheol
year : 2005
yeardiff_larger_than_0 : 2005
year_papertitle : ((2005, 'effect of mno2 on the piezoelectric properties of 1 x na0 5k0 5 nbo3 xbatio3 ceramics'), (2005, 'low temperature sintering and piezoelectric properties in pb zrxti1 x o3 pb zn1 3nb2 3 o3 pb ni1 3nb2 3 o3 ceramics'), (2006, 'effect of zno and cuo on the sintering temperature and piezoelectric properties of a hard piezoelectric ceramic'), (2006, 'microstructure and piezoelectric properties of 0 95 na0 5k0 5 nbo3 0 05batio3 ceramics'), (2007, 'analysis of inhomogeneous stress distribution in the piezoelectric ceramics of unimorph cantilever for energy harvesting'), (2007, 'frequency tuning of unimorph cantilever for piezoelectric energy harvesting'), (2007, 'microstructure and piezoelectric properties of 1 x na0 5k0 5 nbo3 xlinbo3 ceramics'), (2007, 'temperature dependences of piezoelectric and linear electrooptic properties of rhombohedral 0 67pb mg1 3nb2 3 o3 0 33pbtio3single crystal oriented in direction'), (2008, 'advanced planar sofc stack with improved thermo mechanical reliability and electrochemical performance'), (2008, 'piezoelectric properties and microstructure of 0 01pb mg 1 2 w 1 2 o 3 0 41pb ni 1 3 nb 2 3 o 3 0 35pbtio 3 0 23pbzro 3 thick film with particle size distribution'))
keywords : frozenset({'electrical engineering', 'composite material', 'structural engineering', 'acoustics', 'analytical chemistry', 'metallurgy', 'optoelectronics'})

firstname : hyun
lastname : song
middlename : jin
year : 1998
yeardiff_larger_than_0 : 1998
year_papertitle : ((1998, 'excimer laser induced phase transformation of si thin films on sio 2 at high temperatures'),)
keywords : frozenset({'crystallography', 'chemical engineering', 'thermodynamics', 'analytical chemistry', 'metallurgy', 'optoelectronics'})

8/10 positive, 1/10 negative
Do these records refer to the same thing?
(y)es / (n)o / (u)nsure / (f)inished / (p)revious
firstname : ali
lastname : hussain
middlename : None
year : 2010
yeardiff_larger_than_0 : 2010
year_papertitle : ((2010, 'electrospun chitosan based nanofiber scaffolds for cardiac tissue engineering applications'), (2012, 'adhesive tape soft lithography for patterning mammalian cells application to wound healing assays'), (2013, 'effects of surface bound and intravenously administered heparin on cell surface interactions inflammation and coagulation'), (2013, 'functional 3 d cardiac co culture model using bioactive chitosan nanofiber scaffolds'), (2016, 'development and in vitro evaluation of infection resistant materials a novel surface modification process for silicone and dacron'), (2017, 'long term liver specific functions of hepatocytes in electrospun chitosan nanofiber scaffolds coated with fibronectin'))
keywords : frozenset({'nanotechnology', 'biophysics', 'chemical engineering', 'cell biology', 'surgery', 'biomedical engineering', 'internal medicine'})

firstname : ali
lastname : hussain
middlename : None
year : 2011
yeardiff_larger_than_0 : 2011
year_papertitle : ((2011, 'a 3 dimensional vascularized cardiac tri culture model using chitosan nanofiber scaffolds'),)
keywords : frozenset({'cell biology', 'biomedical engineering', 'biochemistry', 'internal medicine'})

8/10 positive, 2/10 negative
Do these records refer to the same thing?
(y)es / (n)o / (u)nsure / (f)inished / (p)revious
firstname : winny
lastname : dong
middlename : None
year : 1998
yeardiff_larger_than_0 : 1998
year_papertitle : ((1998, 'ambient pressure synthesis of aerogel like vanadium oxide and molybdenum oxide'), (1998, 'sol gel synthesis and characterization of molybdenum oxide gels'), (1998, 'sol gel synthesis of monolithic molybdenum oxide aerogels and xerogels'), (1999, 'electrochemical properties of high surface area vanadium oxide aerogels'), (1999, 'sol gel synthesis and characterization of molybdenum oxide polypyrrole hybrids'), (2003, 'electrochemical properties of vanadium oxide aerogels and aerogel nanocomposites'))
keywords : frozenset({'composite material', 'crystallography', 'chemical engineering', 'inorganic chemistry', 'analytical chemistry', 'metallurgy', 'optoelectronics'})

firstname : winny
lastname : dong
middlename : None
year : 2000
yeardiff_larger_than_0 : 2000
year_papertitle : ((2000, 'electrochemical characterization of transition metal oxide aerogels for secondary lithium batteries'),)
keywords : frozenset({'composite material', 'chemical engineering', 'inorganic chemistry', 'metallurgy', 'optoelectronics'})

8/10 positive, 2/10 negative
Do these records refer to the same thing?
(y)es / (n)o / (u)nsure / (f)inished / (p)revious
firstname : renea
lastname : faulknor
middlename : None
year : 2015
yeardiff_larger_than_0 : 2015
year_papertitle : ((2015, 'hydrogel microencapsulated insulin secreting cells increase keratinocyte migration epidermal thickness collagen fiber density and wound closure in a diabetic mouse model of wound healing'), (2015, 'mesenchymal stromal cells reverse hypoxia mediated suppression of α smooth muscle actin expression in human dermal fibroblasts'), (2015, 'sdf 1 liposomes promote sustained cell proliferation in mouse diabetic wounds'), (2015, 'the effect of a simulated diabetic wound environment on keratinocyte migration'), (2015, 'uvb dependence of quantum dot reactive oxygen species generation in common skin cell models'), (2016, 'soluble receptor for advanced glycation end products improves stromal cell derived factor 1 activity in model diabetic environments'), (2016, 'the development and characterization of sdf1α elastin like peptide nanoparticles for wound healing'), (2018, 'in vivo response to decellularized mesothelium scaffolds'))
keywords : frozenset({'molecular biology', 'cell biology', 'surgery', 'biomedical engineering', 'cancer research', 'pathology', 'internal medicine'})

firstname : renea
lastname : faulknor
middlename : alexandrine
year : 2015
yeardiff_larger_than_0 : 2015
year_papertitle : ((2015, 'mesenchymal stromal cells in alginate dressings to enhance chronic wound healing'),)
keywords : frozenset({'genetics', 'immunology', 'cell biology', 'surgery', 'internal medicine', 'pathology'})

9/10 positive, 2/10 negative
Do these records refer to the same thing?
(y)es / (n)o / (u)nsure / (f)inished / (p)revious
firstname : winny
lastname : dong
middlename : None
year : 1998
yeardiff_larger_than_0 : 1998
year_papertitle : ((1998, 'ambient pressure synthesis of aerogel like vanadium oxide and molybdenum oxide'), (1998, 'sol gel synthesis and characterization of molybdenum oxide gels'), (1998, 'sol gel synthesis of monolithic molybdenum oxide aerogels and xerogels'), (1999, 'electrochemical properties of high surface area vanadium oxide aerogels'), (1999, 'sol gel synthesis and characterization of molybdenum oxide polypyrrole hybrids'), (2003, 'electrochemical properties of vanadium oxide aerogels and aerogel nanocomposites'))
keywords : frozenset({'composite material', 'crystallography', 'chemical engineering', 'inorganic chemistry', 'analytical chemistry', 'metallurgy', 'optoelectronics'})

firstname : winny
lastname : dong
middlename : None
year : 2000
yeardiff_larger_than_0 : 2000
year_papertitle : ((2000, 'electrochemical characterization of transition metal oxide aerogels for secondary lithium batteries'),)
keywords : frozenset({'composite material', 'chemical engineering', 'inorganic chemistry', 'metallurgy', 'optoelectronics'})

8/10 positive, 2/10 negative
Do these records refer to the same thing?
(y)es / (n)o / (u)nsure / (f)inished
firstname : renea
lastname : faulknor
middlename : None
year : 2015
yeardiff_larger_than_0 : 2015
year_papertitle : ((2015, 'hydrogel microencapsulated insulin secreting cells increase keratinocyte migration epidermal thickness collagen fiber density and wound closure in a diabetic mouse model of wound healing'), (2015, 'mesenchymal stromal cells reverse hypoxia mediated suppression of α smooth muscle actin expression in human dermal fibroblasts'), (2015, 'sdf 1 liposomes promote sustained cell proliferation in mouse diabetic wounds'), (2015, 'the effect of a simulated diabetic wound environment on keratinocyte migration'), (2015, 'uvb dependence of quantum dot reactive oxygen species generation in common skin cell models'), (2016, 'soluble receptor for advanced glycation end products improves stromal cell derived factor 1 activity in model diabetic environments'), (2016, 'the development and characterization of sdf1α elastin like peptide nanoparticles for wound healing'), (2018, 'in vivo response to decellularized mesothelium scaffolds'))
keywords : frozenset({'molecular biology', 'cell biology', 'surgery', 'biomedical engineering', 'cancer research', 'pathology', 'internal medicine'})

firstname : renea
lastname : faulknor
middlename : alexandrine
year : 2015
yeardiff_larger_than_0 : 2015
year_papertitle : ((2015, 'mesenchymal stromal cells in alginate dressings to enhance chronic wound healing'),)
keywords : frozenset({'genetics', 'immunology', 'cell biology', 'surgery', 'internal medicine', 'pathology'})

9/10 positive, 2/10 negative
Do these records refer to the same thing?
(y)es / (n)o / (u)nsure / (f)inished / (p)revious
firstname : qian
lastname : chen
middlename : None
year : 2003
yeardiff_larger_than_0 : 2003
year_papertitle : ((2003, 'biological investigation using scanning probe recognition microscopy'), (2003, 'scanning probe microscopy with landmark referenced control for direct biological investigations'), (2004, 'scanning probe recognition microscopy investigation of the elastic properties of tissue scaffolding'), (2006, 'deconvolution of atomic force microscopy data for cellular and molecular imaging'), (2006, 'electronic transport characteristics of gallium nitride nanowire based nanocircuits'), (2006, 'registration of tapping and contact mode atomic force microscopy images'), (2007, 'cell classification by moments and continuous wavelet transform methods'), (2007, 'cell response and tissue scaffold triggers investigated by scanning probe recognition microscopy'), (2007, 'engineering electrospun nanofibrillar surfaces for spinal cord repair a discussion'), (2007, 'scanning probe recognition microscopy investigation of tissue scaffold properties'))
keywords : frozenset({'nanotechnology', 'composite material', 'optics', 'chemical engineering', 'artificial intelligence', 'biomedical engineering', 'optoelectronics'})

firstname : qian
lastname : chen
middlename : None
year : 2012
yeardiff_larger_than_0 : 2012
year_papertitle : ((2012, 'nanowire and fiber composite electromechanical sensor'),)
keywords : frozenset({'chemical engineering', 'nanotechnology', 'acoustics', 'composite material'})

10/10 positive, 2/10 negative
Do these records refer to the same thing?
(y)es / (n)o / (u)nsure / (f)inished / (p)revious
firstname : lei
lastname : zhang
middlename : None
year : 2008
yeardiff_larger_than_0 : 2008
year_papertitle : ((2008, 'microstructure and phase transformation of wc ni60b laser cladding coatings during dry sliding wear'), (2010, 'a systematic investigation of decomposition of nano zn4o c8h4o4 3 metal organic framework'), (2010, 'amorphization of metal organic framework mof 5 at unusually low applied pressure'), (2010, 'hydrogen storage in metal organic frameworks'), (2011, 'desorption of dimethylformamide from zn4o c8h4o4 3 framework'), (2011, 'observation of zno nanoparticles outside pores of nano zn4o c8h4o4 3 metal organic framework'), (2011, 'strong effects of higher valent cations on the structure of the zeolitic zn 2 methylimidazole 2 framework zif 8'), (2011, 'structure distortion of zn4o13c24h12 framework mof 5'), (2012, 'mechanical properties of atomic layer deposition reinforced nanoparticle thin films'), (2013, 'using shape anisotropy to toughen disordered nanoparticle assemblies'))
keywords : frozenset({'nanotechnology', 'composite material', 'crystallography', 'chemical engineering', 'inorganic chemistry', 'organic chemistry', 'analytical chemistry'})

firstname : lei
lastname : zhang
middlename : None
year : 2012
yeardiff_larger_than_0 : 2012
year_papertitle : ((2012, 'zwitterionic polymers and their derivatives as drug and gene delivery carriers and implantable materials'),)
keywords : frozenset({'nanotechnology', 'chemical engineering', 'organic chemistry', 'pharmacology', 'polymer chemistry'})

10/10 positive, 3/10 negative
Do these records refer to the same thing?
(y)es / (n)o / (u)nsure / (f)inished / (p)revious
firstname : uma
lastname : lagudu
middlename : rames krishna
year : 2012
yeardiff_larger_than_0 : 2012
year_papertitle : ((2012, 'cobalt polishing with reduced galvanic corrosion at copper cobalt interface using hydrogen peroxide as an oxidizer in colloidal silica based slurries'), (2012, 'development of post cmp cleaners for better defect performance'), (2013, 'abrasive free polishing for extreme ultraviolet lithography mask substrates'), (2013, 'al cmp for low resistance gate fill for 20nm and beyond replacement metal gate'), (2013, 'chemical mechanical polishing of al co films for replacement metal gate applications'), (2013, 'potassium periodate based solutions for minimizing galvanic corrosion at the cu mn interface and for polishing the associated cu interconnect structures'), (2013, 'role of potassium permanganate based solutions in controlling the galvanic corrosion at al co interface'), (2014, 'effect of transition metal compounds on amorphous sic removal rates'), (2014, 'role of ionic strength in chemical mechanical polishing of silicon carbide using silica slurries'), (2016, 'polishing of sic films'))
keywords : frozenset({'mechanical engineering', 'composite material', 'chemical engineering', 'inorganic chemistry', 'analytical chemistry', 'metallurgy', 'optoelectronics'})

firstname : uma
lastname : lagudu
middlename : rames krishna
year : 2014
yeardiff_larger_than_0 : 2014
year_papertitle : ((2014, 'development of formulations for a sic and manganese cmp and post cmp cleaning of cobalt'),)
keywords : frozenset({'composite material', 'chemical engineering', 'inorganic chemistry', 'analytical chemistry', 'metallurgy'})

10/10 positive, 3/10 negative
Do these records refer to the same thing?
(y)es / (n)o / (u)nsure / (f)inished / (p)revious
firstname : lik
lastname : lee
middlename : chuan
year : 2010
yeardiff_larger_than_0 : 2010
year_papertitle : ((2010, 'anelasticity and grain boundary sliding'), (2011, 'a novel method for quantifying in vivo regional left ventricular myocardial contractility in the border zone of a myocardial infarction'), (2011, 'stress concentrations diffusionally accommodated grain boundary sliding and the viscoelasticity of polycrystals'), (2012, 'algisyl lvr reduces left ventricular wall stress and improves function in the failing human heart'), (2012, 'first evidence of depressed contractility in the border zone of a human myocardial infarction'), (2012, 'growth and remodeling of the left ventricle a case study of myocardial infarction and surgical ventricular restoration'), (2012, 'patient specific finite element based analysis of ventricular myofiber stress after coapsys importance of residual stress'), (2013, 'algisyl lvr with coronary artery bypass grafting reduces left ventricular wall stress and improves function in the failing human heart'), (2013, 'analysis of patient specific surgical ventricular restoration importance of an ellipsoidal left ventricular geometry for diastolic and systolic function'), (2013, 'reduction in left ventricular wall stress and improvement in function in failing hearts using algisyl lvr'))
keywords : frozenset({'mechanics', 'composite material', 'geometry', 'cardiology', 'internal medicine', 'metallurgy', 'radiology'})

firstname : lik
lastname : lee
middlename : chuan
year : 2010
yeardiff_larger_than_0 : 2010
year_papertitle : ((2010, 'diffusionally accommodated grain boundary sliding effects on seismic wave attenuation'),)
keywords : frozenset({'control theory', 'mechanics', 'composite material', 'optics', 'acoustics', 'metallurgy'})

11/10 positive, 3/10 negative
Do these records refer to the same thing?
(y)es / (n)o / (u)nsure / (f)inished / (p)revious
firstname : vidi
lastname : saptari
middlename : a
year : 2004
yeardiff_larger_than_0 : 2004
year_papertitle : ((2004, 'design of a mechanical tunable filter spectrometer for noninvasive glucose measurement'), (2004, 'nir measurements of glucose in synthetic biological solutions using high throughput angle tuned filter spectrometer'), (2005, 'measurements and quality assessments of near infrared plasma glucose spectra in the combination band region using a scanning filter spectrometer'))
keywords : frozenset({'chromatography', 'optics', 'electronic engineering', 'nuclear magnetic resonance', 'analytical chemistry', 'internal medicine', 'optoelectronics'})

firstname : vidi
lastname : saptari
middlename : a
year : 2004
yeardiff_larger_than_0 : 2004
year_papertitle : ((2004, 'a spectroscopic system for near infrared glucose measurement'),)
keywords : frozenset({'control theory', 'chromatography', 'optics', 'acoustics', 'analytical chemistry', 'internal medicine', 'optoelectronics'})

12/10 positive, 3/10 negative
Do these records refer to the same thing?
(y)es / (n)o / (u)nsure / (f)inished / (p)revious
firstname : alia
lastname : lubers
middlename : m
year : 2009
yeardiff_larger_than_0 : 2009
year_papertitle : ((2009, 'making the most of a scarce platinum group metal conductive ruthenia nanoskins on insulating silica paper'), (2009, 'multifunctional 3d nanoarchitectures for energy storage and conversion'), (2010, 'effect of temperature and atmosphere on the conductivity and electrochemical capacitance of single unit thick ruthenium dioxide'), (2013, 'synthesis of supported ni catalysts by atomic layer deposition'), (2015, 'controlling nanoscale properties of supported platinum catalysts through atomic layer deposition'), (2015, 'enhanced dry reforming of methane on ni and ni pt catalysts synthesized by atomic layer deposition'), (2015, 'mechanistic studies for depositing highly dispersed pt nanoparticles on carbon by use of trimethyl methylcyclopentadienyl platinum iv reactions with o2 and h2'), (2016, 'electrochemical hydrogen pumping using a platinum catalyst made in a fluidized bed via atomic layer deposition'))
keywords : frozenset({'composite material', 'chemical engineering', 'inorganic chemistry', 'organic chemistry', 'analytical chemistry', 'waste management', 'optoelectronics'})

firstname : alia
lastname : lubers
middlename : marie
year : 2015
yeardiff_larger_than_0 : 2015
year_papertitle : ((2015, 'synthesis of platinum nanoparticle electrocatalysts by atomic layer deposition'),)
keywords : frozenset({'chemical engineering', 'inorganic chemistry', 'organic chemistry', 'waste management', 'optoelectronics'})

13/10 positive, 3/10 negative
Do these records refer to the same thing?
(y)es / (n)o / (u)nsure / (f)inished / (p)revious
firstname : min
lastname : huang
middlename : a
year : 2011
yeardiff_larger_than_0 : 2011
year_papertitle : ((2011, 'high resolution large area nanopatterning for plasmonics and metamaterials with nanostencil lithography'), (2011, 'metamaterials plasmonics and nanofluidics for ultrasensitive spectroscopy and bio detection'), (2011, 'ultrasensitive label free biosensors enables seeing protein monolayers with the naked eye'), (2013, 'high througput and low cost nanophotonic based diagnostics technologies'))
keywords : frozenset({'nanotechnology', 'optics', 'chromatography', 'photochemistry', 'analytical chemistry', 'optoelectronics', 'computational biology'})

firstname : min
lastname : huang
middlename : None
year : 2013
yeardiff_larger_than_0 : 2013
year_papertitle : ((2013, 'optofluidic plasmonic onchip nanosensor array for biodetection'),)
keywords : frozenset({'control theory', 'mechanical engineering', 'nanotechnology', 'chromatography', 'optics', 'electronic engineering', 'acoustics', 'optoelectronics'})

14/10 positive, 3/10 negative
Do these records refer to the same thing?
(y)es / (n)o / (u)nsure / (f)inished / (p)revious
firstname : ying
lastname : wang
middlename : None
year : 1991
yeardiff_larger_than_0 : 1991
year_papertitle : ((1991, 'scattering solution from a large 2 d inhomogeneous scatterer by a fast recursive algorithm'), (1992, 'a windowed recursive t matrix algorithm for wave scattering solutions'), (1992, 'electromagnetics scattering from a cluster of spheres'), (1993, 'a recursive t matrix approach for the solution of electromagnetic scattering by many spheres'), (1993, 'nonlinear diffraction tomography the use of inverse scattering for imaging'), (1993, 'processing microwave experimental data with the distorted born iterative method of nonlinear inverse scattering'), (1993, 'the application of recursive aggregate t matrix algorithm in the monte carlo simulations of the extinction rate of random particles'), (1994, 'efficient computation of three dimensional scattering of vector electromagnetic waves'), (1994, 'on the inverse source method of solving inverse scattering problems'))
keywords : frozenset({'control theory', 'optics', 'quantum mechanics', 'statistical physics', 'algorithm', 'mathematical optimization', 'mathematical analysis'})

firstname : ying
lastname : wang
middlename : None
year : 2012
yeardiff_larger_than_0 : 2012
year_papertitle : ((2012, 'ultrasensitive detection of nitro explosives using direct and indirect methods'),)
keywords : frozenset({'nanotechnology', 'composite material', 'photochemistry', 'chemical engineering', 'optoelectronics'})

15/10 positive, 3/10 negative
Do these records refer to the same thing?
(y)es / (n)o / (u)nsure / (f)inished / (p)revious
firstname : chan
lastname : kim
middlename : joo
year : 1992
yeardiff_larger_than_0 : 1992
year_papertitle : ((1992, 'ct findings in benign fibrous mesothelioma of the pleura pathologic correlation in nine patients'), (1996, 'presence of oncogenic hpv dnas in cervical carcinoma tissues and pelvic lymph nodes associating with proliferating cell nuclear antigen expression'), (1997, 'physical status and expression of hpv genes in cervical cancers'), (1997, 'prognostic significance of pretreatment squamous cell carcinoma antigen and carcinoembryonic antigen in squamous cell carcinoma of the uterine cervix'), (1998, 'hpv 16 related proteins as the serologic markers in cervical neoplasia'), (1998, 'risk factors for the prediction of treatment failure in gestational trophoblastic tumors treated with ema co regimen'), (1999, 'mutational and functional analysis of hpv 16 urr derived from korean cervical neoplasia'), (1999, 'the antibody response to hpv proteins and the genomic state of hpvs in patients with cervical cancer'))
keywords : frozenset({'genetics', 'molecular biology', 'immunology', 'virology', 'internal medicine', 'cancer research', 'pathology'})

firstname : chang
lastname : kim
middlename : joo
year : 1995
yeardiff_larger_than_0 : 1995
year_papertitle : ((1995, 'design and micro fabrication of tantalum silicide cantilever beam threshold accelerometer'),)
keywords : frozenset({'electrical engineering', 'optics', 'geotechnical engineering', 'acoustics', 'structural engineering', 'optoelectronics'})

15/10 positive, 4/10 negative
Do these records refer to the same thing?
(y)es / (n)o / (u)nsure / (f)inished / (p)revious
firstname : mingsheng
lastname : wang
middlename : None
year : 2009
yeardiff_larger_than_0 : 2009
year_papertitle : ((2009, 'study of self assembly of octahedral magnetite under an external magnetic field'), (2010, 'assembly of non crystalline cobalt particles into crystalline tricobalt tetroxide nanowires under an external magnetic field'), (2010, 'experimental and theoretical investigations on the magnetic field induced variation of surface energy of co3o4 crystal faces'), (2010, 'synthesis of necklace like magnetic nanorings'), (2010, 'synthesis of sio2 spheres with magnetic cores implications for the primary accretion in the solar nebula'), (2011, 'colloids of superparamagnetic shell synthesis and self assembly into 3d colloidal crystals with anomalous optical properties'), (2011, 'controlled synthesis of co 3 o 4 nanocubes under external magnetic fields and their magnetic properties'), (2012, 'a facile approach to prepare ni co and fe nanoarrays inside a native porous alumina template via a redox reaction'), (2012, 'determination of solvation layer thickness by a magnetophotonic approach'), (2012, 'magnetic assembly route to colloidal responsive photonic nanostructures'))
keywords : frozenset({'nanotechnology', 'composite material', 'crystallography', 'chemical engineering', 'condensed matter physics', 'analytical chemistry', 'optoelectronics'})

firstname : qing
lastname : wang
middlename : hua
year : 2010
yeardiff_larger_than_0 : 2010
year_papertitle : ((2010, 'investigating the assembly of hybrid organic and inorganic nanostructures on silicon and graphene with scanning tunneling microscopy'),)
keywords : frozenset({'nanotechnology', 'composite material', 'chemical engineering', 'condensed matter physics', 'analytical chemistry', 'optoelectronics'})

15/10 positive, 5/10 negative
Do these records refer to the same thing?
(y)es / (n)o / (u)nsure / (f)inished / (p)revious
firstname : jinshui
lastname : miao
middlename : None
year : 2013
yeardiff_larger_than_0 : 2013
year_papertitle : ((2013, 'room temperature plasmonic resonant absorption for grating gate gan hemts in far infrared terahertz domain'), (2014, 'anomalous and highly efficient inas nanowire phototransistors based on majority carrier transport at room temperature'), (2014, 'nanowires anomalous and highly efficient inas nanowire phototransistors based on majority carrier transport at room temperature adv mater 48 2014'), (2014, 'single inas nanowire room temperature near infrared photodetectors'), (2015, 'au nanoarrays surface plasmon enhanced photodetection in few layer mos2 phototransistors with au nanostructure arrays small 20 2015'), (2015, 'capacitance voltage characteristics of thin film transistors fabricated with solution processed semiconducting carbon nanotube networks'), (2015, 'high responsivity graphene inas nanowire heterojunction near infrared photodetectors with distinct photocurrent on off ratios'), (2015, 'photodetectors high responsivity graphene inas nanowire heterojunction near infrared photodetectors with distinct photocurrent on off ratios small 8 2015'), (2015, 'surface plasmon enhanced photodetection in few layer mos2 phototransistors with au nanostructure arrays'), (2015, 'ultrashort channel length black phosphorus field effect transistors'))
keywords : frozenset({'nanotechnology', 'electrical engineering', 'composite material', 'optics', 'chemical engineering', 'condensed matter physics', 'optoelectronics'})

firstname : xin
lastname : miao
middlename : None
year : 2014
yeardiff_larger_than_0 : 2014
year_papertitle : ((2014, 'array based planar nanowire high electron mobility transistor'),)
keywords : frozenset({'electrical engineering', 'nanotechnology', 'optics', 'optoelectronics'})

15/10 positive, 6/10 negative
Do these records refer to the same thing?
(y)es / (n)o / (u)nsure / (f)inished / (p)revious
firstname : tao
lastname : ling
middlename : None
year : 2005
yeardiff_larger_than_0 : 2005
year_papertitle : ((2005, 'performance characteristics of continuous miniature crystal element cmice detectors'), (2006, 'effect of number of readout channels on the performance of a continuous miniature crystal element cmice detector'), (2006, 'investigation of depth of interaction decoding for a continuous crystal detector'), (2006, 'performance comparisons of continuous miniature crystal element cmice detectors'), (2007, 'calibration procedure for a continuous miniature crystal element cmice detector'), (2007, 'depth of interaction decoding of a continuous crystal detector module'), (2007, 'effect of number of readout channels on the intrinsic spatial resolution performance of a continuous miniature crystal element cmice detector'), (2007, 'improving the intrinsic spatial resolution performance of the continuous miniature crystal element cmice detector'), (2008, 'parametric positioning of a continuous crystal pet detector with depth of interaction decoding'))
keywords : frozenset({'nuclear physics', 'electrical engineering', 'optics', 'crystallography', 'statistics', 'artificial intelligence', 'algorithm'})

firstname : tao
lastname : xu
middlename : None
year : 2009
yeardiff_larger_than_0 : 2009
year_papertitle : ((2009, 'the structure property relation in nanocrystalline materials a computational study on nanocrystalline copper by monte carlo and molecular dynamics simulations'),)
keywords : frozenset({'chemical engineering', 'statistical physics', 'condensed matter physics', 'seismology', 'atomic physics', 'chemical physics', 'analytical chemistry', 'metallurgy'})

15/10 positive, 7/10 negative
Do these records refer to the same thing?
(y)es / (n)o / (u)nsure / (f)inished / (p)revious
firstname : charles
lastname : guthy
middlename : None
year : 2010
yeardiff_larger_than_0 : 2010
year_papertitle : ((2010, 'dynamic test of an acoustic pressure sensor with precise cavity length control'), (2010, 'label free detection of biomolecules using a tapered optical fiber sensor'), (2010, 'simulation of a novel ultrasound generator receiver on a single optical fiber'), (2010, 'surface enhanced raman scattering on optical material fabricated by femtosecond laser'), (2010, 'surface enhanced raman scattering sensor on an optical fiber probe fabricated with a femtosecond laser'), (2010, 'theoretical analysis of a novel ultrasound generator on an optical fiber tip'), (2011, 'a miniature fiber optic refractive index sensor built in a mems based microchannel'), (2012, 'rugged and reliable ohmic mems switches'), (2013, 'a review of temperature measurement methods for twist drilling processes'))
keywords : frozenset({'mechanical engineering', 'nanotechnology', 'electrical engineering', 'mechanics', 'composite material', 'optics', 'optoelectronics'})

firstname : charles
lastname : caskey
middlename : None
year : 2008
yeardiff_larger_than_0 : 2008
year_papertitle : ((2008, 'identifying mechanisms for drug delivery and safe diagnostic imaging with contrast enhanced ultrasound'),)
keywords : frozenset({'control theory', 'nanotechnology', 'nuclear medicine', 'pharmacology', 'biomedical engineering', 'radiology'})

15/10 positive, 8/10 negative
Do these records refer to the same thing?
(y)es / (n)o / (u)nsure / (f)inished / (p)revious
firstname : gang
lastname : cheng
middlename : None
year : 2018
yeardiff_larger_than_0 : 2018
year_papertitle : ((2018, 'photoacoustic measurement of ethane with near infrared dfb diode laser'), (2019, 'no 2 measurement using fiber coupled broadband led source combining a herriott multi pass cell'), (2020, 'atmospheric n2o gas detection based on an inter band cascade laser around 3 939 µm'))
keywords : frozenset({'control theory', 'electrical engineering', 'composite material', 'optics', 'electronic engineering', 'optoelectronics'})

firstname : gang
lastname : chen
middlename : None
year : 1998
yeardiff_larger_than_0 : 1998
year_papertitle : ((1998, 'direct simulation monte carlo modeling of silicon thin film deposition using supersonic beams'),)
keywords : frozenset({'mechanical engineering', 'mechanics', 'optics', 'statistical physics', 'atomic physics', 'optoelectronics'})

15/10 positive, 9/10 negative
Do these records refer to the same thing?
(y)es / (n)o / (u)nsure / (f)inished / (p)revious
firstname : hao
lastname : chen
middlename : None
year : 2017
yeardiff_larger_than_0 : 2017
year_papertitle : ((2017, 'fluidized bed drying of a pharmaceutical powder a parametric investigation of drying of dibasic calcium phosphate'), (2018, 'scale up of fluidized bed drying impact of process and design parameters'), (2020, 'continuous fluidized bed drying residence time distribution characterization and effluent moisture content prediction'))
keywords : frozenset({'pulp and paper industry', 'mechanics', 'organic chemistry', 'statistical physics', 'process engineering', 'waste management', 'agronomy'})

firstname : hao
lastname : chen
middlename : None
year : 2006
yeardiff_larger_than_0 : 2006
year_papertitle : ((2006, 'structure and phase transformation of nanocrystalline and amorphous alloy thin films'),)
keywords : frozenset({'composite material', 'optics', 'crystallography', 'chemical engineering', 'thermodynamics', 'analytical chemistry', 'optoelectronics'})

15/10 positive, 10/10 negative
Do these records refer to the same thing?
(y)es / (n)o / (u)nsure / (f)inished / (p)revious
firstname : wei
lastname : liu
middlename : None
year : 2013
yeardiff_larger_than_0 : 2013
year_papertitle : ((2013, 'feasibility study of laser welding assisted by filler wire for narrow gap butt jointed plates of high strength steel'), (2014, 'experimental and numerical investigations of hybrid laser arc welding of aluminum alloys in the thick t joint configuration'), (2014, 'hybrid laser arc welding of advanced high strength steel'), (2014, 'real time monitoring of laser hot wire cladding of inconel 625'), (2014, 'real time monitoring of the laser hot wire welding process'), (2014, 'study on the strength and failure modes of laser welded galvanized dp980 steel lap joints'), (2015, 'experimental and numerical investigation of laser hot wire welding'), (2015, 'hybrid laser arc welding of advanced high strength steel to aluminum alloy by using structural transition insert'), (2015, 'joining of advanced high strength steel to aa 6061 alloy by using fe al structural transition joint'), (2015, 'pore formation and its mitigation during hybrid laser arc welding of advanced high strength steel'))
keywords : frozenset({'mechanical engineering', 'mechanics', 'composite material', 'optics', 'structural engineering', 'atomic physics', 'metallurgy'})

firstname : wei
lastname : liu
middlename : None
year : 2000
yeardiff_larger_than_0 : 2000
year_papertitle : ((2000, 'growth of oriented diamond on nickel wafers and thin films'),)
keywords : frozenset({'composite material', 'chemical engineering', 'condensed matter physics', 'metallurgy', 'optoelectronics'})

15/10 positive, 11/10 negative
Do these records refer to the same thing?
(y)es / (n)o / (u)nsure / (f)inished / (p)revious
firstname : ying
lastname : wang
middlename : None
year : 2006
yeardiff_larger_than_0 : 2006
year_papertitle : ((2006, 'a 3 d real time road edge detection system for automated smart car control'), (2007, 'measurement of layer thickness and permittivity using a new multilayer model from gpr data'))
keywords : frozenset({'mechanics', 'optics', 'electronic engineering', 'artificial intelligence', 'remote sensing', 'mathematical analysis', 'computer vision'})

firstname : ying
lastname : wang
middlename : None
year : 2012
yeardiff_larger_than_0 : 2012
year_papertitle : ((2012, 'ion energy distributions in collisionless and collisional capacitive rf sheath'),)
keywords : frozenset({'electrical engineering', 'computational physics', 'condensed matter physics', 'atomic physics', 'optoelectronics'})

15/10 positive, 12/10 negative
Do these records refer to the same thing?
(y)es / (n)o / (u)nsure / (f)inished / (p)revious
firstname : qi
lastname : wang
middlename : None
year : 2005
yeardiff_larger_than_0 : 2005
year_papertitle : ((2005, 'optimization based design of polymer sheeting dies using generalized newtonian fluid models'), (2006, 'incorporating adjustable features in the optimal design of polymer sheet extrusion dies'), (2007, 'analysis of the fluid structure interaction in the optimization based design of polymer sheeting dies'))
keywords : frozenset({'control theory', 'mechanical engineering', 'mechanics', 'composite material', 'systems engineering', 'structural engineering', 'mathematical optimization'})

firstname : qi
lastname : wang
middlename : None
year : 2013
yeardiff_larger_than_0 : 2013
year_papertitle : ((2013, 'raman spectroscopic characterization and analysis of agricultural and biological systems'),)
keywords : frozenset({'artificial intelligence', 'animal science', 'food science', 'analytical chemistry', 'neuroscience'})

15/10 positive, 13/10 negative
Do these records refer to the same thing?
(y)es / (n)o / (u)nsure / (f)inished / (p)revious
firstname : gregory
lastname : eyck
middlename : a ten
year : 2008
yeardiff_larger_than_0 : 2008
year_papertitle : ((2008, 'sample uniform reproducible sers signal from a 2d mass producible metallic particle substrate arrays'), (2008, 'the observation of percolation induced 2d metal insulator transition in a si mosfet'), (2008, 'vibrational spectroscopy of hns degradation'), (2009, 'low disorder si mosfet dots for quantum computing'), (2009, 'waveguide sensor for detection of hns degradation'), (2010, 'fabrication of 3d metamaterial resonators using self aligned membrane projection lithography'), (2010, 'fabrication of micron scale cubic unit cell 3d metamaterial layers'), (2010, 'magnetic hybridization of an electric dipole resonance anti crossing of the metamaterial negative index response'), (2010, 'resonant coupling to a dipole absorber inside a metamaterial anticrossing of the negative index response'), (2010, 'strained si sige enhancement mode structures for quantum computing'))
keywords : frozenset({'optics', 'quantum mechanics', 'chemical engineering', 'condensed matter physics', 'atomic physics', 'analytical chemistry', 'optoelectronics'})

firstname : gregory
lastname : eyck
middlename : a ten
year : 2007
yeardiff_larger_than_0 : 2007
year_papertitle : ((2007, 'atomic layer deposition of metals on dielectric substrates'),)
keywords : frozenset({'composite material', 'crystallography', 'inorganic chemistry', 'analytical chemistry', 'optoelectronics'})

15/10 positive, 14/10 negative
Do these records refer to the same thing?
(y)es / (n)o / (u)nsure / (f)inished / (p)revious
firstname : michael
lastname : brady
middlename : j
year : 1995
yeardiff_larger_than_0 : 1995
year_papertitle : ((1995, 'reducing cold start emissions by catalytic converter thermal management'), (1999, 'thermal shock resistance of standard and thin wall ceramic catalysts'))
keywords : frozenset({'mechanical engineering', 'nuclear engineering', 'composite material', 'organic chemistry', 'optoelectronics', 'atomic physics', 'automotive engineering'})

firstname : michael
lastname : brady
middlename : anthony
year : 2014
yeardiff_larger_than_0 : 2014
year_papertitle : ((2014, 'hierarchical order in organic photovoltaic thin films effects of miscibility and crystallization in 1 2 and 3 component heterojunctions'),)
keywords : frozenset({'nanotechnology', 'composite material', 'optics', 'photochemistry', 'chemical engineering', 'analytical chemistry', 'optoelectronics'})

16/10 positive, 14/10 negative
Do these records refer to the same thing?
(y)es / (n)o / (u)nsure / (f)inished / (p)revious
firstname : jae
lastname : choi
middlename : bong
year : 2006
yeardiff_larger_than_0 : 2006
year_papertitle : ((2006, 'the pericellular matrix as a transducer of biomechanical and biochemical signals in articular cartilage'), (2006, 'zonal variations in the three dimensional morphology of the chondron measured in situ using confocal microscopy'), (2007, 'zonal changes in the three dimensional morphology of the chondron under compression the relationship among cellular pericellular and extracellular deformation in articular cartilage'))
keywords : frozenset({'biomedical engineering', 'optics', 'chemical engineering', 'orthodontics', 'cell biology', 'anatomy', 'pathology'})

firstname : jae
lastname : choi
middlename : bong
year : 1993
yeardiff_larger_than_0 : 1993
year_papertitle : ((1993, 'mechanical properties of conventional and re entrant foam materials'),)
keywords : frozenset({'chemical engineering', 'mathematical analysis', 'composite material', 'statistics'})

16/10 positive, 15/10 negative
Do these records refer to the same thing?
(y)es / (n)o / (u)nsure / (f)inished / (p)revious
firstname : david
lastname : french
middlename : m
year : 2018
yeardiff_larger_than_0 : 2018
year_papertitle : ((2018, 'multi frequency matching for voltage waveform tailoring'), (2019, 'erratum multi frequency matching for voltage waveform tailoring 2018 plasma sources sci technol 27 095012'))
keywords : frozenset({'control theory', 'electrical engineering', 'theoretical computer science', 'electronic engineering', 'physical therapy', 'acoustics', 'atomic physics'})

firstname : david
lastname : french
middlename : michael
year : 2011
yeardiff_larger_than_0 : 2011
year_papertitle : ((2011, 'investigation of novel configurations for high power microwave generation'),)
keywords : frozenset({'electrical engineering', 'composite material', 'chemical engineering', 'condensed matter physics', 'acoustics', 'optoelectronics'})

16/10 positive, 16/10 negative
Do these records refer to the same thing?
(y)es / (n)o / (u)nsure / (f)inished / (p)revious
firstname : amanda
lastname : levinson
middlename : j
year : 2014
yeardiff_larger_than_0 : 2014
year_papertitle : ((2014, 'quantification of microstructural evolution in grain boundary networks'), (2015, 'automated image alignment and distortion removal for 3 d serial sectioning with electron backscatter diffraction'), (2015, 'pack aluminization synthesis of superalloy 3d woven and 3d braided structures'), (2017, 'automated methods for the quantification of 3d woven architectures'), (2019, 'enhancing the weldability of cp titanium friction stir welds with elemental foils'), (2020, 'the effects of post processing in additively manufactured 316l stainless steels'))
keywords : frozenset({'mechanical engineering', 'nanotechnology', 'composite material', 'optics', 'artificial intelligence', 'internal medicine', 'metallurgy'})

firstname : amanda
lastname : levinson
middlename : j
year : 2012
yeardiff_larger_than_0 : 2012
year_papertitle : ((2012, 'the role of deformation twinning on strain hardening and recrystallization in magnesium alloy az31'),)
keywords : frozenset({'composite material', 'crystallography', 'chemical engineering', 'structural engineering', 'geochemistry', 'analytical chemistry', 'metallurgy'})

16/10 positive, 16/10 negative
Do these records refer to the same thing?
(y)es / (n)o / (u)nsure / (f)inished / (p)revious
firstname : hapuarachchige
lastname : jayawardena
middlename : surangi nelusha
year : 2018
yeardiff_larger_than_0 : 2018
year_papertitle : ((2018, 'evaporative cooling hydrogel packaging for storing biologics outside of the cold chain'), (2019, 'biocompatible near infrared quantum dots delivered to the skin by microneedle patches record vaccination'))
keywords : frozenset({'mechanical engineering', 'photochemistry', 'chemical engineering', 'nuclear medicine', 'pharmacology', 'virology', 'pathology'})

firstname : hapuarachchige
lastname : jayawardena
middlename : surangi nelusha
year : 2015
yeardiff_larger_than_0 : 2015
year_papertitle : ((2015, 'synthesis and evaluation of glyconanomaterials in discriminating lectins cell surface interactions and antimicrobial therapeutics'),)
keywords : frozenset({'nanotechnology', 'photochemistry', 'chemical engineering', 'microbiology', 'biochemistry', 'polymer chemistry', 'optoelectronics'})

16/10 positive, 16/10 negative
Do these records refer to the same thing?
(y)es / (n)o / (u)nsure / (f)inished / (p)revious
firstname : mary
lastname : felipe
middlename : jane legaspi
year : 2017
yeardiff_larger_than_0 : 2017
year_papertitle : ((2017, 'extended understanding of inhibition mechanism of new corrosion inhibitor via electrochemical measurements and x ray photoelectron spectroscopy xps'), (2018, 'new eco friendly chemistry for passivation of galvanized coatings'), (2020, 'closed loop systems electrochemical studies on nitrite molybdate corrosion inhibitors'))
keywords : frozenset({'mechanical engineering', 'inorganic chemistry', 'nuclear chemistry', 'analytical chemistry', 'waste management', 'metallurgy', 'optoelectronics'})

firstname : mary
lastname : felipe
middlename : jane legaspi
year : 2011
yeardiff_larger_than_0 : 2011
year_papertitle : ((2011, 'oegylated and cross linking carbazole dendrons and dendrimers synthesis characterization assembly and thin film fabrication'),)
keywords : frozenset({'nanotechnology', 'crystallography', 'chemical engineering', 'inorganic chemistry', 'photochemistry', 'polymer chemistry', 'optoelectronics'})

17/10 positive, 16/10 negative
Do these records refer to the same thing?
(y)es / (n)o / (u)nsure / (f)inished / (p)revious
firstname : chee
lastname : wong
middlename : cheong
year : 2008
yeardiff_larger_than_0 : 2008
year_papertitle : ((2008, 'kinetic stages of single component colloidal crystallization'), (2008, 'layer transfer approach to opaline hetero photonic crystals'), (2008, 'particle and substrate charge effects on colloidal self assembly in a sessile drop'), (2009, 'three dimensional metallic opals fabricated by double templating'), (2010, 'optical absorption in a finite three dimensional photonic crystal thin film solar cell'), (2010, 'particulate mobility in vertical deposition of attractive monolayer colloidal crystals'))
keywords : frozenset({'nanotechnology', 'composite material', 'crystallography', 'chemical engineering', 'chemical physics', 'analytical chemistry', 'optoelectronics'})

firstname : chee
lastname : wong
middlename : cheong
year : 1986
yeardiff_larger_than_0 : 1986
year_papertitle : ((1986, 'secondary grain growth and graphoepitaxy in thin gold films'),)
keywords : None

17/10 positive, 16/10 negative
Do these records refer to the same thing?
(y)es / (n)o / (u)nsure / (f)inished / (p)revious
firstname : john
lastname : deaton
middlename : broddus
year : 2000
yeardiff_larger_than_0 : 2000
year_papertitle : ((2000, 'microstructure ultrasonic inspectability relationships in ti6242 signal to noise in fine grain processed ti6242'), (2005, 'ge asset management genworth financial and ge insurance use a sequential linear programming algorithm to optimize portfolios'))
keywords : frozenset({'finance', 'composite material', 'crystallography', 'acoustics', 'econometrics', 'actuarial science', 'metallurgy'})

firstname : john
lastname : deaton
middlename : broddus
year : 1991
yeardiff_larger_than_0 : 1991
year_papertitle : ((1991, 'a long cavity mode locked laser for noncontact generation of narrowband ultrasound'),)
keywords : frozenset({'computer hardware', 'electronic engineering', 'acoustics', 'optics'})

17/10 positive, 17/10 negative
Do these records refer to the same thing?
(y)es / (n)o / (u)nsure / (f)inished / (p)revious
firstname : anthony
lastname : stender
middlename : s
year : 2018
yeardiff_larger_than_0 : 2018
year_papertitle : ((2018, 'atomically thin gallium layers from solid melt exfoliation'), (2018, 'high stiffness polymer composite with tunable transparency'), (2018, 'poly albumen bio derived structural polymer from polymerized egg white'), (2019, 'elastic and transparent bone as an electrochemical separator'))
keywords : frozenset({'composite material', 'chemical engineering', 'dentistry', 'inorganic chemistry', 'condensed matter physics', 'structural engineering', 'optoelectronics'})

firstname : anthony
lastname : stender
middlename : shawn
year : 2013
yeardiff_larger_than_0 : 2013
year_papertitle : ((2013, 'rod like plasmonic nanoparticles as optical building blocks how differences in particle shape and structural geometry influence optical signal'),)
keywords : frozenset({'nanotechnology', 'composite material', 'optics', 'optoelectronics'})

17/10 positive, 17/10 negative
Do these records refer to the same thing?
(y)es / (n)o / (u)nsure / (f)inished / (p)revious
firstname : syed
lastname : zaidi
middlename : muhammad tahir
year : 2016
yeardiff_larger_than_0 : 2016
year_papertitle : ((2016, 'predictive control for improving vehicle handling and stability'), (2017, 'clinical decision support system for parkinson s disease and related movement disorders'), (2018, 'bond graph modeling of lungs'), (2018, 'design and fem modeling of an electrostatic rfmems varactor'), (2018, 'design simulation and parametric optimization of mems based varactor'), (2018, 'modelling inspiration and expiration mechanism of lungs using bond graph'), (2018, 'multiphysics design optimization of rf mems switch using response surface methodology'))
keywords : frozenset({'control theory', 'mechanical engineering', 'electrical engineering', 'electronic engineering', 'physical medicine and rehabilitation', 'structural engineering', 'optoelectronics'})

firstname : syed
lastname : zaidi
middlename : muhammad tahir
year : 2010
yeardiff_larger_than_0 : 2010
year_papertitle : ((2010, 'ferromagnetic and multiferroic thin films aimed towards optoelectronic and spintronic applications'),)
keywords : frozenset({'nuclear magnetic resonance', 'condensed matter physics', 'optoelectronics'})

17/10 positive, 17/10 negative
Do these records refer to the same thing?
(y)es / (n)o / (u)nsure / (f)inished / (p)revious
firstname : yiqian
lastname : zhu
middlename : None
year : 2005
yeardiff_larger_than_0 : 2005
year_papertitle : ((2005, 'angiopoietin 2 facilitates vascular endothelial growth factor induced angiogenesis in the mature mouse brain'), (2005, 'brain venous hypertension induces angiogenesis through overexpression of hypoxia inducible factor 1 hif 1'), (2006, 'adeno associated viral vector mediated hypoxia inducible vascular endothelial growth factor gene expression attenuates ischemic brain injury after focal cerebral ischemia in mice'), (2006, 'effects of angiopoietin 1 on vascular endothelial growth factor induced angiogenesis in the mouse brain'), (2006, 'expression of hypoxia inducible factor 1 and vascular endothelial growth factor in response to venous hypertension'), (2006, 'mmp 9 expression is associated with leukocytic but not endothelial markers in brain arteriovenous malformations'), (2006, 'pathogenesis of dural arteriovenous fistulae by cerebral venous hypertension in rats paper 7'), (2007, 'antithrombogenic property of bone marrow mesenchymal stem cells in nanofibrous vascular grafts'), (2007, 'matrix metalloproteinase 9 inhibition attenuates vascular endothelial growth factor induced intracerebral hemorrhage'), (2007, 'neutrophil depletion decreases vegf induced focal angiogenesis in the mature mouse brain'))
keywords : frozenset({'immunology', 'pharmacology', 'cell biology', 'surgery', 'internal medicine', 'cancer research', 'pathology'})

firstname : yiqian
lastname : zhu
middlename : None
year : 2010
yeardiff_larger_than_0 : 2010
year_papertitle : ((2010, 'nanofibrous scaffold therapy for regenerative medicine'),)
keywords : frozenset({'nanotechnology', 'biomedical engineering', 'chemical engineering', 'cell biology', 'anatomy'})

17/10 positive, 17/10 negative
Do these records refer to the same thing?
(y)es / (n)o / (u)nsure / (f)inished / (p)revious
firstname : guowei
lastname : li
middlename : None
year : 2018
yeardiff_larger_than_0 : 2018
year_papertitle : ((2018, 'research on melt degassing processes of high conductivity hard drawn aluminum wire'), (2018, 'study of the synthesis process of non stoichiometric tic in cu ti melts'), (2019, 'the grain refinement of 1070 alloy by different al ti b mater alloys and its influence on the electrical conductivity'), (2020, 'a cost effective method for preparing robust and conductive superhydrophobic coatings based on asphalt'))
keywords : frozenset({'nanotechnology', 'mechanics', 'composite material', 'chemical engineering', 'condensed matter physics', 'analytical chemistry', 'metallurgy'})

firstname : guowei
lastname : li
middlename : None
year : 1996
yeardiff_larger_than_0 : 1996
year_papertitle : ((1996, 'analysis of thermal and mechanical behavior of high heat flux facing copper walls'),)
keywords : frozenset({'structural engineering', 'mechanics', 'composite material', 'metallurgy'})

17/10 positive, 17/10 negative
Do these records refer to the same thing?
(y)es / (n)o / (u)nsure / (f)inished / (p)revious
firstname : nenad
lastname : gucunski
middlename : None
year : 1992
yeardiff_larger_than_0 : 1992
year_papertitle : ((1992, 'numerical simulation of the sasw test'),)
keywords : frozenset({'mechanics', 'geometry', 'computational science', 'mineralogy', 'acoustics', 'structural engineering', 'mathematical analysis'})

firstname : nenad
lastname : gucunski
middlename : None
year : 1991
yeardiff_larger_than_0 : 1991
year_papertitle : ((1991, 'generation of low frequency rayleigh waves for the spectral analysis of surface waves method'),)
keywords : frozenset({'mechanics', 'optics', 'acoustics', 'structural engineering', 'mathematical analysis'})

17/10 positive, 18/10 negative
Do these records refer to the same thing?
(y)es / (n)o / (u)nsure / (f)inished / (p)revious
firstname : elsie
lastname : kaufmann
middlename : effah
year : 2000
yeardiff_larger_than_0 : 2000
year_papertitle : ((2000, 'effect of varying physical properties of porous surface modified bioactive glass 45s5 on osteoblast proliferation and maturation'), (2000, 'evaluation of osteoblast response to porous bioactive glass 45s5 substrates by rt pcr analysis'), (2000, 'initial events at the bioactive glass surface in contact with protein containing solutions'))
keywords : frozenset({'composite material', 'chemical engineering', 'mineralogy', 'cell biology', 'biochemistry', 'analytical chemistry', 'internal medicine'})

firstname : elsie
lastname : kaufmann
middlename : akosua biraa effah
year : 1998
yeardiff_larger_than_0 : 1998
year_papertitle : ((1998, 'the effect of variation in physical properties of porous bioactive glass on the expression and maintenance of the osteoblastic phenotype'),)
keywords : frozenset({'composite material', 'mechanics', 'chemical engineering', 'pharmacology', 'biochemistry', 'surgery', 'biomedical engineering', 'internal medicine'})

18/10 positive, 18/10 negative
Do these records refer to the same thing?
(y)es / (n)o / (u)nsure / (f)inished / (p)revious
firstname : leonid
lastname : litvak
middlename : m
year : 2013
yeardiff_larger_than_0 : 2013
year_papertitle : ((2013, 'masking patterns for monopolar and phantom electrode stimulation in cochlear implants'),)
keywords : frozenset({'audiology', 'nuclear medicine', 'acoustics', 'biomedical engineering', 'optoelectronics', 'internal medicine'})

firstname : leonid
lastname : litvak
middlename : None
year : 2002
yeardiff_larger_than_0 : 2002
year_papertitle : ((2002, 'towards a better speech processor for cochlear implants auditory nerve responses to high rate electric pulse trains'),)
keywords : frozenset({'speech recognition', 'electronic engineering', 'audiology', 'acoustics', 'algorithm', 'internal medicine', 'neuroscience'})

19/10 positive, 18/10 negative
Do these records refer to the same thing?
(y)es / (n)o / (u)nsure / (f)inished / (p)revious
firstname : hong
lastname : zhu
middlename : None
year : 2016
yeardiff_larger_than_0 : 2016
year_papertitle : ((2016, 'evolution of electric polarization and magnetic properties in half cr doped ymno3 films in response to epitaxial strain'), (2017, 'eu doping effects on the structural and multiferroic properties of ymn0 5cr0 5o3'), (2017, 'first principles study of c axis strain effect on the magnetic structure and ferroelectricity in double perovskite y2mncro6'), (2017, 'influence of titanium interlayer thickness distribution on mechanical properties of ti tin multilayer coatings'), (2018, 'single axis control of manganite films by helium doping via he co sputtering'), (2019, 'functionalization of the support material based on n doped carbon reduced graphene oxide and its influence on the non enzymatic detection of glucose'), (2019, 'multicaloric effect and spin wave excitation in the ymn0 5cr0 5o3 compound'), (2020, 'helium ion penetration in sputtering cathode materials a crucial process for the helium treatment of oxide thin films'), (2020, 'joule self heating effects and controlling oxygen vacancy in la0 8ba0 2mno3 ultrathin films with nano sized labyrinth morphology'), (2021, 'current dependent positive magnetoresistance in the la0 8ba0 2mno3 ultrathin films'))
keywords : frozenset({'composite material', 'chemical engineering', 'condensed matter physics', 'atomic physics', 'analytical chemistry', 'metallurgy', 'optoelectronics'})

firstname : hong
lastname : zhu
middlename : None
year : 2012
yeardiff_larger_than_0 : 2012
year_papertitle : ((2012, 'first principles studies of hafnium oxide based gate stacks'),)
keywords : frozenset({'electrical engineering', 'electronic engineering', 'statistical physics', 'computational chemistry', 'condensed matter physics', 'optoelectronics'})

19/10 positive, 18/10 negative
Do these records refer to the same thing?
(y)es / (n)o / (u)nsure / (f)inished / (p)revious
firstname : young
lastname : kim
middlename : jin
year : 1992
yeardiff_larger_than_0 : 1992
year_papertitle : ((1992, 'the application of noble metals in light water reactors'), (1995, 'characterization of the oxide film formed on type 316 stainless steel in 288 c water in cyclic normal and hydrogen water chemistries'), (1996, 'application of insulated protective coatings for reduction of corrosion potential in high temperature water'), (1996, 'corrosion potential behavior in high temperature water of noble metal doped alloy coatings deposited by underwater thermal spraying'), (1996, 'corrosion potential behavior in high temperature water of noble metal doped alloys coatings deposited on structural materials by underwater thermal spraying'), (1996, 'corrosion potential behavior of noble metal modified alloys in high temperature water'), (1996, 'electrochemical corrosion potential models for boiling water reactor applications'), (1996, 'in situ noble metal deposition and its durability on the catalytic response of stainless steel surfaces in high temperature water'), (1996, 'investigation of oxide film formed on 304 ss in high temperature water containing oxygen hydrogen and hydrogen peroxide'), (1996, 'recombination kinetics on catalytic surface of noble metal alloy in high temperature water'))
keywords : frozenset({'mechanical engineering', 'nuclear engineering', 'composite material', 'chemical engineering', 'inorganic chemistry', 'organic chemistry', 'metallurgy'})

firstname : young
lastname : kim
middlename : shin
year : 2008
yeardiff_larger_than_0 : 2008
year_papertitle : ((2008, 'investigating langmuir films at the air water interface using a planar array infrared reflection absorption spectrograph'),)
keywords : frozenset({'chemical engineering', 'inorganic chemistry', 'biochemistry', 'atomic physics', 'analytical chemistry', 'metallurgy'})

19/10 positive, 18/10 negative
Do these records refer to the same thing?
(y)es / (n)o / (u)nsure / (f)inished / (p)revious
firstname : feng
lastname : wang
middlename : None
year : 2004
yeardiff_larger_than_0 : 2004
year_papertitle : ((2004, 'ttk kinase is essential for the centrosomal localization of tacc2'), (2006, 'crystal structure of human histone lysine specific demethylase 1 lsd1'), (2007, 'the pot1 tpp1 telomere complex is a telomerase processivity factor'), (2008, 'a proposed ob fold with a protein interaction surface in candida albicans telomerase protein est3'), (2009, 'structural and mechanistic insights into mps1 kinase activation'), (2010, 'crystal structures of rmi1 and rmi2 two ob fold regulatory subunits of the blm complex'), (2011, 'a conserved motif within rap1 has diversified roles in telomere protection and regulation in different organisms'), (2011, 'human telomere pot1 tpp1 complex and its role in telomerase activity regulation'))
keywords : frozenset({'genetics', 'molecular biology', 'industrial organization', 'cell biology', 'biochemistry', 'dermatology', 'cancer research', 'agronomy'})

firstname : feng
lastname : wang
middlename : None
year : 2012
yeardiff_larger_than_0 : 2012
year_papertitle : ((2012, 'in situ surface enhanced raman spectroscopy investigation of the surface films on alloy 600 and alloy 690 in pressurized water reactor primary water'),)
keywords : frozenset({'chemical engineering', 'analytical chemistry', 'environmental engineering', 'metallurgy'})

19/10 positive, 19/10 negative
Do these records refer to the same thing?
(y)es / (n)o / (u)nsure / (f)inished / (p)revious
firstname : shu
lastname : li
middlename : jun
year : 2011
yeardiff_larger_than_0 : 2011
year_papertitle : ((2011, 'a matrix representation and motion space exchange metamorphic operation'), (2012, 'stiffness analysis of 6 sps parallel manipulator'), (2014, 'investigation of grinding fluid supply parameters on workpiece surface integrity'))
keywords : frozenset({'control theory', 'mechanical engineering', 'mechanics', 'algorithm', 'structural engineering', 'mathematical analysis', 'metallurgy'})

firstname : shu
lastname : li
middlename : None
year : 1990
yeardiff_larger_than_0 : 1990
year_papertitle : ((1990, 'investigations on the high t c superconducting cuprates and other related oxides'),)
keywords : frozenset({'crystallography', 'condensed matter physics', 'atomic physics', 'analytical chemistry', 'metallurgy'})

19/10 positive, 19/10 negative
Do these records refer to the same thing?
(y)es / (n)o / (u)nsure / (f)inished / (p)revious
firstname : lei
lastname : liu
middlename : None
year : 2014
yeardiff_larger_than_0 : 2014
year_papertitle : ((2014, 'contrast enhancement using silica microspheres in coherent anti stokes raman spectroscopic imaging'), (2014, 'flame enhanced laser induced breakdown spectroscopy'), (2014, 'resonant vibrational excitation of ethylene molecules in laser assisted diamond deposition'), (2015, 'detection of trace level uranium and samarium in glasses by combined laser induced breakdown spectroscopy and plasma induced fluorescence spectroscopy'), (2015, 'laser induced breakdown spectroscopy enhanced by a micro torch'), (2015, 'magnetic field enhancement for femtosecond laser ablation mass spectrometry in ambient environments'), (2015, 'sensitivity and intensity enhancement in open air mass spectrometry assisted with a continuous wave infrared laser'), (2016, 'development of a compact vertical cavity surface emitting laser end pumped actively q switched laser for laser induced breakdown spectroscopy'), (2017, 'a compact field portable double pulse laser system to enhance laser induced breakdown spectroscopy'), (2017, 'early stage plasma spectra improvement using a field portable double pulse laser system'))
keywords : frozenset({'composite material', 'chromatography', 'optics', 'atomic physics', 'analytical chemistry', 'astrophysics', 'optoelectronics'})

firstname : lei
lastname : liu
middlename : None
year : 1998
yeardiff_larger_than_0 : 1998
year_papertitle : ((1998, 'crystalline colloidal array hydrogel materials from synthesis to applications'),)
keywords : frozenset({'composite material', 'optics', 'chemical engineering', 'condensed matter physics', 'optoelectronics'})

19/10 positive, 20/10 negative
Do these records refer to the same thing?
(y)es / (n)o / (u)nsure / (f)inished / (p)revious
firstname : yan
lastname : xu
middlename : None
year : 2003
yeardiff_larger_than_0 : 2003
year_papertitle : ((2003, 'high spatial resolution observations of pores and the formation of a rudimentary penumbra'), (2003, 'periodic motion along a solar filament initiated by a subflare'), (2004, 'near infrared observations at 1 56 microns of the 2003 october 29 x10 white light flare'), (2004, 'on the relation between filament eruptions flares and coronal mass ejections'), (2004, 'photospheric shear flows along the magnetic neutral line of active region 10486 prior to an x10 flare'), (2004, 'visible and near infrared contrast of faculae in active region noaa 8518'), (2005, 'high spatial resolution imaging combining high order adaptive optics frame selection and speckle masking reconstruction'), (2005, 'magnetic reconnection rate and flux rope acceleration of two ribbon flares'), (2005, 'properties of small dark features observed in the pure near infrared and visible continua'), (2006, 'diffraction limited polarimetry from the infrared imaging magnetograph at big bear solar observatory'))
keywords : frozenset({'composite material', 'astronomy', 'mechanics', 'optics', 'acoustics', 'condensed matter physics', 'astrophysics'})

firstname : yan
lastname : xu
middlename : None
year : 2015
yeardiff_larger_than_0 : 2015
year_papertitle : ((2015, 'single molecule biomechanics of von willebrand factor a domains'),)
keywords : frozenset({'biophysics', 'optics', 'biochemistry', 'surgery', 'internal medicine'})

19/10 positive, 21/10 negative
Do these records refer to the same thing?
(y)es / (n)o / (u)nsure / (f)inished / (p)revious
firstname : xiaofei
lastname : guan
middlename : None
year : 2013
yeardiff_larger_than_0 : 2013
year_papertitle : ((2013, 'therapeutic efficacy and safety of botulinum toxin type a in trigeminal neuralgia a systematic review'), (2013, 'triptans in prevention of menstrual migraine a systematic review with meta analysis'), (2014, 'comparison of minimally invasive versus open transforaminal lumbar interbody fusion in two level degenerative lumbar disease'), (2014, 'fluoroscopic radiation exposure to operating room personnel in spinal surgery'), (2015, 'clinical and radiological outcomes of unilateral versus bilateral instrumentation in two level degenerative lumbar diseases'), (2015, 'diffusion tensor imaging studies of cervical spondylotic myelopathy a systemic review and meta analysis'), (2015, 'morphometric analysis of the working zone for posterolateral endoscopic lumbar discectomy based on magnetic resonance neurography'), (2015, 'patient and operating room personnel radiation exposure in spinal surgery'), (2015, 'photographic measurement of head and cervical posture when viewing mobile phone a pilot study'), (2015, 'radiation exposure to surgeon in minimally invasive transforaminal lumbar interbody fusion with novel spinal locators'))
keywords : frozenset({'nuclear medicine', 'anesthesia', 'physical medicine and rehabilitation', 'surgery', 'internal medicine', 'radiology', 'anatomy'})

firstname : xiaofei
lastname : guan
middlename : None
year : 2013
yeardiff_larger_than_0 : 2013
year_papertitle : ((2013, 'novel process for recycling magnesium alloy employing refining and solid oxide membrane electrolysis'),)
keywords : frozenset({'composite material', 'chemical engineering', 'inorganic chemistry', 'metallurgy', 'optoelectronics'})

19/10 positive, 22/10 negative
Do these records refer to the same thing?
(y)es / (n)o / (u)nsure / (f)inished / (p)revious
firstname : katherine
lastname : fitzgerald
middlename : a
year : 1997
yeardiff_larger_than_0 : 1997
year_papertitle : ((1997, 'induction of the adhesion molecule cd44 by the pro inflammatory cytokine interleukin 1 in endothelial cells'), (1999, 'characterization of cd44 induction by il 1 a critical role for egr 1'), (1999, 'hyaluronic acid fragments activate nfκb in ecv304 cells via its principal cell surface receptor cd44'), (2000, 'ras protein kinase c zeta and i kappa b kinases 1 and 2 are downstream effectors of cd44 during the activation of nf kappa b by hyaluronic acid fragments in t 24 carcinoma cells'), (2000, 'the role of the interleukin 1 toll like receptor superfamily in inflammation and host defence'), (2000, 'topoisomerase ii is required for mitoxantrone to signal nuclear factor kappa b activation in hl60 cells'), (2001, '4 cytokine receptor superfamilies'), (2001, 'igf i and ii'), (2001, 'mal myd88 adapter like is required for toll like receptor 4 signal transduction'), (2001, 'pbp ctap iii nap 2 and βtg'))
keywords : frozenset({'molecular biology', 'composite material', 'immunology', 'cell biology', 'biochemistry', 'internal medicine', 'cancer research'})

firstname : katherine
lastname : ahmann
middlename : a
year : 2010
yeardiff_larger_than_0 : 2010
year_papertitle : ((2010, 'design of a fibrin based vascular graft seeded with blood outgrowth endothelial cells'),)
keywords : frozenset({'immunology', 'cell biology', 'biochemistry', 'surgery', 'internal medicine', 'pathology'})

19/10 positive, 23/10 negative
Do these records refer to the same thing?
(y)es / (n)o / (u)nsure / (f)inished / (p)revious
firstname : jason
lastname : sluytman
middlename : s van
year : 2003
yeardiff_larger_than_0 : 2003
year_papertitle : ((2003, 'lithium 7 nuclear magnetic resonance and ti k edge x ray absorption spectroscopic investigation of electrochemical lithium insertion in li4 3 xti5 3o4'),)
keywords : frozenset({'crystallography', 'inorganic chemistry', 'nuclear magnetic resonance', 'atomic physics', 'analytical chemistry'})

firstname : jason
lastname : sluytman
middlename : s van
year : 2010
yeardiff_larger_than_0 : 2010
year_papertitle : ((2010, 'microstructure and high temperature creep of platinum group metal modified nickel base superalloys'),)
keywords : frozenset({'condensed matter physics', 'composite material', 'metallurgy'})

19/10 positive, 24/10 negative
Do these records refer to the same thing?
(y)es / (n)o / (u)nsure / (f)inished / (p)revious
firstname : yaosheng
lastname : tung
middlename : None
year : 2005
yeardiff_larger_than_0 : 2005
year_papertitle : ((2005, 'the investigation of contrast agent enhanced ultrasound thermal effect'), (2006, 'contrast agent enhanced ultrasound thermal ablation'), (2008, 'delivery of fluorescent dextrans through the ultrasound induced blood brain barrier opening in mice'), (2008, 'identifying the inertial cavitation threshold in a vessel phantom using focused ultrasound and microbubbles'), (2008, 'trans blood brain barrier delivery of compounds at pharmacologically relevant molecular weights in the hippocampus of mice using focused ultrasound'), (2010, 'identifying the skull effects to the inertial cavitation threshold of microbubbles in a vessel phantom'), (2010, 'microbubble size dependence of focused ultrasound induced blood brain barrier opening in mice in vivo'), (2010, 'molecules of various pharmacologically relevant sizes can cross the ultrasound induced blood brain barrier opening in vivo'), (2010, 'noninvasive in vivo cavitation threshold detection during blood brain barrier opening using focused ultrasound and the contrast agent and definity'), (2010, 'quantitative assessment of in vivo focused ultrasound induced blood brain barrier opening using magnetic resonance imaging'))
keywords : frozenset({'optics', 'artificial intelligence', 'pharmacology', 'acoustics', 'radiology', 'biomedical engineering', 'pathology'})

firstname : yaosheng
lastname : tung
middlename : None
year : 2012
yeardiff_larger_than_0 : 2012
year_papertitle : ((2012, 'the physical mechanism of blood brain barrier opening using focused ultrasound and microbubbles'),)
keywords : frozenset({'cell biology', 'biomedical engineering', 'biophysics', 'mechanics'})

19/10 positive, 24/10 negative
Do these records refer to the same thing?
(y)es / (n)o / (u)nsure / (f)inished / (p)revious
firstname : ayomide
lastname : atewologun
middlename : None
year : 2012
yeardiff_larger_than_0 : 2012
year_papertitle : ((2012, 'hemin functionalized inas based high sensitivity room temperature no gas sensors'), (2013, 'characterization of colloidal quantum dot ligand exchange by x ray photoelectron spectroscopy'), (2014, 'impact of resonant infrared matrix assisted pulsed laser evaporation rir maple on morphology and charge conduction in conjugated polymer and bulk heterojunction thin films'), (2014, 'organic semiconductor thin films deposited by resonant infrared matrix assisted pulsed laser evaporation a fundamental study of the emulsion target'), (2014, 'rir maple deposition of multifunctional films combining biocidal and fouling release properties'), (2015, 'antimicrobial and bacteria releasing multifunctional surfaces oligo p phenylene ethynylene poly n isopropylacrylamide films deposited by rir maple'), (2015, 'hybrid nanocomposite thin films deposited by emulsion based resonant infrared matrix assisted pulsed laser evaporation for photovoltaic applications'), (2015, 'investigation of different organic solar cell active region structures deposited by resonant infrared matrix assisted pulsed laser evaporation rir maple'), (2016, 'a semi empirical multi scale dynamic monte carlo model of organic photovoltaic performance in rir maple bulk heterojunction films'))
keywords : frozenset({'composite material', 'optics', 'chemical engineering', 'botany', 'polymer chemistry', 'analytical chemistry', 'optoelectronics'})

firstname : ayomide
lastname : atewologun
middlename : a
year : 2015
yeardiff_larger_than_0 : 2015
year_papertitle : ((2015, 'a semi empirical monte carlo model of organic photovoltaic device performance in resonant infrared matrix assisted pulsed laser evaporation rir maple films'),)
keywords : frozenset({'nanotechnology', 'composite material', 'engineering physics', 'statistical physics', 'optoelectronics'})

20/10 positive, 24/10 negative
Do these records refer to the same thing?
(y)es / (n)o / (u)nsure / (f)inished / (p)revious
firstname : peter
lastname : rooney
middlename : c
year : 1999
yeardiff_larger_than_0 : 1999
year_papertitle : ((1999, 'why metals solubility may not be a good indicator of corrosion in alkanolamine systems'), (2000, 'corrosion in alkanolamine plants causes and minimization'))
keywords : frozenset({'composite material', 'chemical engineering', 'inorganic chemistry', 'organic chemistry', 'analytical chemistry', 'metallurgy'})

firstname : peter
lastname : rooney
middlename : wiliam
year : 1995
yeardiff_larger_than_0 : 1995
year_papertitle : ((1995, 'chemical and magnetic order in vapor deposited metal films'),)
keywords : frozenset({'analytical chemistry', 'thermodynamics', 'condensed matter physics', 'optoelectronics'})

21/10 positive, 24/10 negative
Do these records refer to the same thing?
(y)es / (n)o / (u)nsure / (f)inished / (p)revious
firstname : wei
lastname : chen
middlename : None
year : 2014
yeardiff_larger_than_0 : 2014
year_papertitle : ((2014, 'sodium cutting a new top down approach to cut open nanostructures on nonplanar surfaces on a large scale'), (2015, 'carbonized common filter paper decorated with sn c nanospheres as additive free electrodes for sodium ion batteries'))
keywords : frozenset({'electrical engineering', 'nanotechnology', 'chromatography', 'chemical engineering', 'inorganic chemistry', 'metallurgy', 'optoelectronics'})

firstname : wei
lastname : chen
middlename : None
year : 2012
yeardiff_larger_than_0 : 2012
year_papertitle : ((2012, 'first principles studies of the ordering and adsorption behavior on bimetallic catalytic surfaces'),)
keywords : frozenset({'composite material', 'chemical engineering', 'inorganic chemistry', 'computational chemistry', 'biochemistry', 'condensed matter physics', 'chemical physics', 'atomic physics'})

21/10 positive, 25/10 negative
Do these records refer to the same thing?
(y)es / (n)o / (u)nsure / (f)inished / (p)revious
firstname : rui
lastname : zhang
middlename : None
year : 2011
yeardiff_larger_than_0 : 2011
year_papertitle : ((2011, 'analysis of a gas phase br 2 h 2 redox flow battery'), (2012, 'quantifying potential losses of non pt meas for gas phase hbr pem electrolyzer to produce hydrogen'))
keywords : frozenset({'mechanics', 'chemical engineering', 'inorganic chemistry', 'organic chemistry', 'analytical chemistry'})

firstname : rui
lastname : zhang
middlename : None
year : 2005
yeardiff_larger_than_0 : 2005
year_papertitle : ((2005, 'evolution of mixed surfactant aggregates in solutions and at solid solution interfaces'),)
keywords : frozenset({'composite material', 'chromatography', 'optics', 'chemical engineering', 'inorganic chemistry', 'thermodynamics', 'atomic physics'})

21/10 positive, 25/10 negative
Do these records refer to the same thing?
(y)es / (n)o / (u)nsure / (f)inished / (p)revious
firstname : jun
lastname : li
middlename : None
year : 2005
yeardiff_larger_than_0 : 2005
year_papertitle : ((2005, 'conductively cooled high power high brightness bars and fiber coupled arrays'), (2006, 'high efficiency and high reliability 9xx nm bars and fiber coupled devices at coherent'), (2006, 'high performance high reliability 880 nm diode laser bars and fiber array packages'), (2006, 'high power reliable 808 nm laser bars for qcw and cw applications'))
keywords : frozenset({'mechanical engineering', 'electrical engineering', 'composite material', 'optics', 'physical therapy', 'industrial organization', 'optoelectronics'})

firstname : jun
lastname : li
middlename : None
year : 1998
yeardiff_larger_than_0 : 1998
year_papertitle : ((1998, 'metal surface effects on deposit formation from thermally stressed jet fuels and model compounds'),)
keywords : frozenset({'mechanical engineering', 'composite material', 'chemical engineering', 'analytical chemistry', 'waste management', 'metallurgy', 'optoelectronics'})

21/10 positive, 25/10 negative
Do these records refer to the same thing?
(y)es / (n)o / (u)nsure / (f)inished / (p)revious
Finished labeling
Done in 4247.505278599262 minutes.
