Namespace(testing=False, verbose=1, field=['sociology'], train_name='mona_degree0', startyear=1985, endyear=2015, loadstartyear=1985, loadendyear=2015, mergemode='1:1', recall=0.9, institution='False', fieldofstudy_cat='False', fieldofstudy_str='False', keywords='True', retrain='True', linking_type='graduates', samplesize=50000, write_to='database')
Have max 12 cores available
Testing is False 

I set the write connection to the main database.
id_field is [144024400] and will be passed to sql queries.
finished setup ... 
Time elapsed: 0.0015270908673604329 minutes 


    SELECT goid
            , year
            , firstname 
            , lastname
            , CASE TRIM(SUBSTR(middle_lastname, 1, l_fullname-l_firstname-l_lastname - 1)) 
                WHEN 
                    "" THEN NULL 
                    ELSE TRIM(SUBSTR(middle_lastname, 1, l_fullname-l_firstname-l_lastname - 1)) 
                END AS middlename
            , fieldofstudy
            , keywords
            , institution
            , coauthors
            , year_papertitle
    FROM (
        SELECT goid
            , degree_year AS year 
            , fullname 
            , SUBSTR(TRIM(fullname),1,instr(trim(fullname)||' ',' ')-1) AS firstname
            , REPLACE(fullname, RTRIM(fullname, REPLACE(fullname, " ", "")), "") AS lastname 
            , TRIM(SUBSTR(fullname, length(SUBSTR(TRIM(fullname),1,instr(trim(fullname)||' ',' ')-1)) + 1)) AS middle_lastname 
            , length(fullname) AS l_fullname 
            , length(SUBSTR(TRIM(fullname),1,instr(trim(fullname)||' ',' ')-1) ) AS l_firstname
            , length(REPLACE(fullname, RTRIM(fullname, REPLACE(fullname, " ", "")), "")) AS l_lastname
            , fieldname AS fieldofstudy
            , university_id
            , degree_year || "//" || thesistitle as year_papertitle 
        FROM pq_authors 
        INNER JOIN (
            SELECT goid, fieldname 
            FROM pq_fields_mag
            WHERE mag_field0 IN (?)
        ) USING (goid)
    )
    -- ## NOTE: use left join here as not all graduates have advisor (particularly pre-1980) and possibly also keywords
    LEFT JOIN (
        SELECT goid
            , fields as keywords
            , advisors as coauthors
        FROm pq_info_linking
    ) USING(goid)
    INNER JOIN (
        SELECT university_id, normalizedname as institution
        FROM pq_unis
        WHERE location like "%United States%"
    ) USING(university_id)
    WHERE year >= 1985 and year <= 2015 AND length(firstname) > 1
     


    SELECT f.AuthorId
        , f.year
        , f.firstname
        , f.lastname
        , CASE TRIM(SUBSTR(f.middle_lastname, 1, f.l_fullname - f.l_firstname - f.l_lastname - 1)) 
            WHEN 
                "" THEN NULL 
                ELSE TRIM(SUBSTR(f.middle_lastname, 1, f.l_fullname - f.l_firstname - f.l_lastname - 1)) 
            END as middlename 
            -- ## NOTE this gives "" for middlename when it is missing 
        , f.fieldofstudy
        , g.keywords
        , g.coauthors
        , g.institution
        , g.year_papertitle
    FROM (
        SELECT a.AuthorId
            , a.YearFirstPub AS year
            , a.FirstName AS firstname
            , REPLACE(b.NormalizedName, RTRIM(b.NormalizedName, REPLACE(b.NormalizedName, " ", "")), "") AS lastname 
                    -- https://stackoverflow.com/questions/21388820/how-to-get-the-last-index-of-a-substring-in-sqlite
            , TRIM(SUBSTR(b.NormalizedName, length(a.FirstName) + 1)) AS middle_lastname 
                    -- this gives all except the first name 
            , length(b.NormalizedName) as l_fullname 
            , length(a.FirstName) as l_firstname
            , length(REPLACE(b.NormalizedName, RTRIM(b.NormalizedName, REPLACE(b.NormalizedName, " ", "")), "")) as l_lastname
            , e.NormalizedName AS fieldofstudy
        FROM author_sample AS a
        INNER JOIN (
            SELECT AuthorId, NormalizedName
            FROM Authors
        ) AS b USING(AuthorId)
        INNER JOIN (
            SELECT AuthorId
            FROM author_field0
            WHERE FieldOfStudyId_lvl0 IN (?)
                AND Degree <= 0
        ) USING(AuthorId)
        LEFT JOIN (
            SELECT AuthorId, NormalizedName
            FROM author_fields c
            INNER JOIN (
                SELECT FieldOfStudyId, NormalizedName
                FROM FieldsOfStudy
            ) AS d USING(FieldOfStudyId)
            -- ## Condition on fieldofstudy being in the level 0 id_field
            INNER JOIN (
                SELECT ParentFieldOfStudyId, ChildFieldOfStudyId
                FROM crosswalk_fields
                WHERE ParentLevel = 0
                    AND ParentFieldOfStudyId IN (?)
            ) AS e ON (e.ChildFieldOfStudyId = c.FieldOfStudyId)
            WHERE FieldClass = 'first'
        ) AS e USING(AuthorId)
    ) f
    LEFT JOIN (
        SELECT AuthorId
                , institutions as institution
                , main_us_institutions_career
                , coauthors
                , keywords
                , year_papertitle
        FROM author_info_linking
    ) AS g USING(AuthorId)
    WHERE length(firstname) > 1 AND year >= 1985 - 5 AND year <= 2015 + 5 
        -- ## use this to condition on people that have at least at some point their main affiliation in the US
        AND g.main_us_institutions_career IS NOT NULL
        AND g.institution != "chinese academy of sciences"
     

INFO:dedupe.canopy_index:Removing stop word ar
INFO:dedupe.canopy_index:Removing stop word el
INFO:dedupe.canopy_index:Removing stop word ll
INFO:dedupe.canopy_index:Removing stop word ra
INFO:dedupe.canopy_index:Removing stop word er
INFO:dedupe.canopy_index:Removing stop word ch
INFO:dedupe.canopy_index:Removing stop word an
INFO:dedupe.canopy_index:Removing stop word en
INFO:dedupe.canopy_index:Removing stop word or
INFO:dedupe.canopy_index:Removing stop word es
INFO:dedupe.canopy_index:Removing stop word al
INFO:dedupe.canopy_index:Removing stop word in
INFO:dedupe.canopy_index:Removing stop word li
INFO:dedupe.canopy_index:Removing stop word ri
INFO:dedupe.canopy_index:Removing stop word st
INFO:dedupe.canopy_index:Removing stop word le
INFO:dedupe.canopy_index:Removing stop word ro
INFO:dedupe.canopy_index:Removing stop word te
INFO:dedupe.canopy_index:Removing stop word ne
INFO:dedupe.canopy_index:Removing stop word on
INFO:dedupe.canopy_index:Removing stop word ha
INFO:dedupe.canopy_index:Removing stop word ar
INFO:dedupe.canopy_index:Removing stop word er
INFO:dedupe.canopy_index:Removing stop word an
INFO:dedupe.canopy_index:Removing stop word le
INFO:dedupe.canopy_index:Removing stop word in
INFO:dedupe.canopy_index:Removing stop word el
INFO:dedupe.canopy_index:Removing stop word an
INFO:dedupe.canopy_index:Removing stop word in
INFO:dedupe.canopy_index:Removing stop word la
INFO:dedupe.canopy_index:Removing stop word ma
INFO:dedupe.canopy_index:Removing stop word re
INFO:dedupe.canopy_index:Removing stop word ma
INFO:dedupe.canopy_index:Removing stop word ri
INFO:dedupe.canopy_index:Removing stop word ne
INFO:dedupe.canopy_index:Removing stop word en
INFO:dedupe.canopy_index:Removing stop word on
INFO:dedupe.canopy_index:Removing stop word ar
/home/mona/anaconda3/envs/science-career-tempenv/lib/python3.9/site-packages/sklearn/feature_extraction/text.py:544: UserWarning: The parameter 'ngram_range' will not be used since 'analyzer' is callable'
  warnings.warn(
/home/mona/anaconda3/envs/science-career-tempenv/lib/python3.9/site-packages/sklearn/feature_extraction/text.py:550: UserWarning: The parameter 'stop_words' will not be used since 'analyzer' != 'word'
  warnings.warn(
INFO:dedupe.training:Final predicate set:
INFO:dedupe.training:SimplePredicate: (commonSixGram, lastname)
Time elapsed: 207.73157376448313 minutes 

Starting active labeling...
firstname : rashmi
lastname : gupta
middlename : None
year : 1999
year_papertitle : ((1999, 'the revised caregiver burden scale a preliminary evaluation'), (2000, 'a path model of elder caregiver burden in indian pakistani families in the united states'), (2000, 'caregiver burden in south asian families'), (2000, 'modeling sexual activity among schoolgirls in zambia'), (2001, 'case of bereavement adjustment among a chinese immigrant female'), (2004, 'differences in the structure of depression among older asian indian immigrants in the united states'), (2006, 'cross national analysis of a model of reproductive health in developing countries'))
keywords : frozenset({'gerontology', 'developmental psychology', 'clinical psychology', 'gender studies', 'economic growth', 'demography'})

firstname : rashmi
lastname : gupta
middlename : None
year : 1996
year_papertitle : ((1996, 'elder caregiver burden in south asian families in the united states a causal analysis'),)
keywords : frozenset({'gerontology', 'ethnic studies', 'social work', 'individual family studies', 'social psychology'})

0/10 positive, 0/10 negative
Do these records refer to the same thing?
(y)es / (n)o / (u)nsure / (f)inished
firstname : payal
lastname : shah
middlename : p
year : 2008
year_papertitle : ((2008, 'ivig effects on immature dendritic cells of common variable immunodeficiency patients'), (2009, 'effects of igiv on dendritic cell dc maturation and function'), (2011, 'girls education and discursive spaces for empowerment perspectives from rural india'), (2011, 'situating empowerment for millennial schoolgirls in gujarat india and shaanxi china'), (2012, 'international education in secondary schools explored a mixed method examination of one midwestern state in the usa'), (2014, 'creating intentional spaces for sustainable development in the indian trans himalaya reconceptualizing globalization from below'), (2015, 'spaces to speak photovoice and the reimagination of girls education in india'))
keywords : frozenset({'social science', 'virology', 'economic growth', 'gender studies', 'pedagogy', 'public relations', 'cell biology', 'political economy', 'immunology'})

firstname : payal
lastname : shah
middlename : p
year : 2011
year_papertitle : ((2011, 'situating empowerment girls education and development in gujarat india'),)
keywords : frozenset({'gender studies', 'south asian studies', 'education policy'})

1/10 positive, 0/10 negative
Do these records refer to the same thing?
(y)es / (n)o / (u)nsure / (f)inished / (p)revious
INFO:dedupe.training:Final predicate set:
INFO:dedupe.training:TfidfTextSearchPredicate: (0.6, lastname)
firstname : mary
lastname : green
middlename : jean
year : 1985
year_papertitle : ((1985, 'inscriptions of the feminine a century of women writing in quebec'), (1985, 'the witch and the princess the feminine fantastic in the fiction of anne hebert'), (1985, 'un matriarcat en proces analyse systematique de romans canadiens francais 1860 1960boynard frot janine un matriarcat en proces analyse systematique de romans canadiens francais 1860 1960 montreal les presses de l universite de montreal 1982 pp 231'))
keywords : frozenset({'art history', 'ethnology', 'ancient history'})

firstname : mary
lastname : greenberg
middlename : None
year : 1998
year_papertitle : ((1998, 'application of the relationship systems model on social birds and mammals'),)
keywords : frozenset({'behaviorial sciences', 'physical anthropology', 'ecology'})

2/10 positive, 0/10 negative
Do these records refer to the same thing?
(y)es / (n)o / (u)nsure / (f)inished / (p)revious
firstname : paul
lastname : clark
middlename : g
year : 2010
year_papertitle : ((2010, 'decreasing psychological distress in cancer inpatients using flex care a pilot study'), (2011, 'providing support at time of death from cancer results of a 5 year post bereavement group study'), (2011, 'screening for psychological and physical distress in a cancer inpatient treatment setting a pilot study'), (2012, 'effects of reiki yoga or meditation on the physical and psychological symptoms of chemotherapy induced peripheral neuropathy a randomized pilot study'), (2012, 'from distress guidelines to developing models of psychosocial care current best practices'), (2016, 'can a low complexity community based project have transformative effects'))
keywords : frozenset({'clinical psychology', 'physical therapy', 'psychiatry', 'family medicine', 'pedagogy', 'nursing'})

firstname : paula
lastname : clarke
middlename : katherine
year : 1991
year_papertitle : ((1991, 'early deciding and later deciding voluntarily childless women their early lives reproductive histories and decision making'),)
keywords : frozenset({'families family life', 'sociology', 'personal relationships', 'developmental psychology'})

2/10 positive, 1/10 negative
Do these records refer to the same thing?
(y)es / (n)o / (u)nsure / (f)inished / (p)revious
firstname : kevin
lastname : cokley
middlename : o
year : 1999
year_papertitle : ((1999, 'reconceptualizing the impact of college racial composition on african american students racial identity'), (2000, 'an investigation of academic self concept and its relationship to academic achievement in african american college students'), (2000, 'examining the validity of the academic motivation scale by comparing scale construction to self determination theory'), (2000, 'perceived faculty encouragement and its influence on college students'), (2001, 'a psychometric investigation of the academic motivation scale using a united states sample'), (2001, 'content analysis of the journal of black psychology 1985 1999'), (2001, 'cross s nigrescence model from theory to scale to theory'), (2001, 'developing an instrument to assess college students attitudes toward pledging and hazing in greek letter organizations'), (2001, 'gender differences among african american students in the impact of racial identity on academic psychosocial development'), (2001, 'testing the construct validity of scores on the multidimensional inventory of black identity'))
keywords : frozenset({'social science', 'developmental psychology', 'gender studies', 'mathematics education', 'pedagogy', 'medical education', 'social psychology', 'humanities', 'applied psychology'})

firstname : kevin
lastname : coffey
middlename : a
year : 2008
year_papertitle : ((2008, 'risk and protective factors for gay lesbian and bisexual youth'),)
keywords : frozenset({'gender studies', 'lgbtq studies', 'school counseling'})

2/10 positive, 2/10 negative
Do these records refer to the same thing?
(y)es / (n)o / (u)nsure / (f)inished / (p)revious
firstname : vicki
lastname : freeman
middlename : None
year : 1993
year_papertitle : ((1993, 'a multifocal comparison of health status and physical readiness test results of navy personnel'), (1993, 'study habits and academic achievement among asian students'), (1994, 'evaluating the effectiveness of computer assisted instruction'), (1996, 'allied health faculty attitudes toward rural clinical practice'), (1996, 'distance education outcomes in clinical laboratory science'), (1998, 'employment for medical technology graduates'), (1998, 'learning styles and outcomes in clinical laboratory science'), (1999, 'combining technologies to deliver distance education'))
keywords : frozenset({'gerontology', 'mathematics education', 'family medicine', 'pedagogy', 'multimedia', 'medical education', 'nursing'})

firstname : vicki
lastname : freedman
middlename : ann
year : 1993
year_papertitle : ((1993, 'averting nursing home care the role of family structure'),)
keywords : frozenset({'gerontology', 'families family life', 'sociology', 'demographics', 'personal relationships'})

2/10 positive, 3/10 negative
Do these records refer to the same thing?
(y)es / (n)o / (u)nsure / (f)inished / (p)revious
firstname : megan
lastname : smith
middlename : None
year : 2015
year_papertitle : ((2015, 'aptitude as grammatical sensitivity and the initial stages of learning japanese as a l2'), (2015, 'aptitude as grammatical sensitivity and the initial stages of learning japanese as a l2 parametric variation and case marking'), (2019, 'word order typology and the acquisition of case marking a self paced reading study in latin as a second language'), (2020, 'key questions in second language acquisition an introduction'))
keywords : frozenset({'linguistics', 'developmental psychology'})

firstname : alexanderia
lastname : smith
middlename : t
year : 2007
year_papertitle : ((2007, 'feminist supervision an inquiry into integration'),)
keywords : frozenset({'womens studies', 'academic guidance counseling'})

2/10 positive, 3/10 negative
Do these records refer to the same thing?
(y)es / (n)o / (u)nsure / (f)inished / (p)revious
firstname : kelsie
lastname : okamura
middlename : h
year : 2011
year_papertitle : ((2011, 'a psychometric analysis of the positive and negative affect schedule for children parent version in a school sample'), (2011, 'a psychometric analysis of the positive and negative affect schedule for children parent version in a school sample correction to ebesutani et al 2011'), (2011, 'evidence based treatments for children and adolescents an updated review of indicators of efficacy and effectiveness'), (2011, 'knowledge of and attitudes towards evidence based practices in community child mental health practitioners'), (2013, 'symptom differentiation of anxiety and depression across youth development and clinic referred nonreferred samples an examination of competing factor structures of the child behavior checklist dsm oriented scales'), (2013, 'tracking evidence based practice with youth validity of the match and standard manual consultation records'), (2014, 'developing a systematic evaluation approach for training programs within a train the trainer model for youth cognitive behavior therapy'), (2014, 'engineering youth service system infrastructure hawaii s continued efforts at large scale implementation through knowledge management strategies'), (2016, 'an exploratory factor analysis of the knowledge of evidence based services questionnaire'), (2016, 'differences in internalizing symptoms across specific ethnic minority groups an analysis across chinese american filipino american japanese american native hawaiian and white youth'))
keywords : frozenset({'developmental psychology', 'clinical psychology', 'physical therapy', 'psychiatry', 'medical education', 'nursing', 'knowledge management', 'applied psychology'})

firstname : naoki
lastname : okamura
middlename : None
year : 2004
year_papertitle : ((2004, 'silent among the silent a phenomenological study on the spirituality of elderly japanese american christian women'),)
keywords : frozenset({'theology', 'gerontology', 'sociology', 'religious education', 'womens studies', 'minority ethnic groups'})

2/10 positive, 4/10 negative
Do these records refer to the same thing?
(y)es / (n)o / (u)nsure / (f)inished / (p)revious
firstname : julie
lastname : spencerrodgers
middlename : None
year : 2000
year_papertitle : ((2000, 'the vocational situation and country of orientation of international students'), (2001, 'consensual and individual stereotypic beliefs about international students among american host nationals'), (2002, 'attitudes toward the culturally different the role of intercultural communication barriers affective responses consensual stereotypes and perceived threat'), (2004, 'dialectical self esteem and east west differences in psychological well being'), (2006, 'risk and resilience dual effects of perceptions of group disadvantage among latinos'), (2007, 'culture and group perception dispositional and stereotypic inferences about novel and national groups'), (2007, 'the central role of entitativity in stereotypes of social categories and task groups'))
keywords : frozenset({'social psychology', 'pedagogy', 'developmental psychology'})

firstname : julie
lastname : wilnier
middlename : a
year : 1999
year_papertitle : ((1999, 'women s attitudes toward sexually explicit materials positive experiences'),)
keywords : frozenset({'womens studies', 'social psychology'})

2/10 positive, 5/10 negative
Do these records refer to the same thing?
(y)es / (n)o / (u)nsure / (f)inished / (p)revious
firstname : anu
lastname : gomez
middlename : manchikanti
year : 2008
year_papertitle : ((2008, 'age differences at sexual debut and subsequent reproductive health is there a link'), (2008, 'factors associated with the prevalence and incidence of trichomonas vaginalis infection among african american women in new york city who use drugs'), (2009, 'intersections between childhood abuse and adult intimate partner violence among ecuadorian women'), (2009, 'sexual violence and reproductive health among youth in port au prince haiti'), (2009, 'using multiple sampling approaches to measure sexual risk taking among young people in haiti programmatic implications'), (2010, 'community level intimate partner violence and the circumstances of first sex among young women from five african countries'), (2011, 'community level hiv risk behaviors and hiv prevalence among women and men in zimbabwe'), (2011, 'linkages between gender equity and intimate partner violence among urban brazilian youth'), (2011, 'sexual violence as a predictor of unintended pregnancy contraceptive use and unmet need among female youth in colombia'), (2011, 'testing the cycle of violence hypothesis child abuse and adolescent dating violence as predictors of intimate partner violence in young adulthood'))
keywords : frozenset({'gerontology', 'clinical psychology', 'environmental health', 'psychiatry', 'demography', 'social psychology', 'internal medicine', 'immunology'})

firstname : anupama
lastname : gomez
middlename : manchikanti
year : 2010
year_papertitle : ((2010, 'intersections of gender equity intimate partner violence and relationship dynamics among brazilian youth'),)
keywords : frozenset({'gender studies', 'public health', 'behavioral psychology'})

2/10 positive, 6/10 negative
Do these records refer to the same thing?
(y)es / (n)o / (u)nsure / (f)inished / (p)revious
firstname : julia
lastname : littell
middlename : h
year : 1994
year_papertitle : ((1994, 'putting families first an experiment in family preservation'), (1995, 'evidence or assertions the outcomes of family preservation services'), (1997, 'effects of the duration intensity and breadth of family preservation services a new analysis of data from the illinois family first experiment'), (1999, 'innovations in child welfare'), (1999, 'review of family preservation and family functioning by jacquelyn mccroskey and william meezan'), (2000, 'a multilevel model of client participation in intensive family preservation services'), (2001, 'client participation and outcomes of intensive family preservation services'), (2001, 'client participation central and underinvestigated elements of intervention'))
keywords : frozenset({'operations management', 'developmental psychology', 'actuarial science', 'public relations', 'physiology', 'positive economics', 'nursing', 'social psychology', 'public economics'})

firstname : julia
lastname : littell
middlename : harrington
year : 1992
year_papertitle : ((1992, 'long term effects of adolescents participation in extracurricular and community based activities'),)
keywords : frozenset({'families family life', 'sociology', 'personal relationships', 'educational sociology'})

3/10 positive, 6/10 negative
Do these records refer to the same thing?
(y)es / (n)o / (u)nsure / (f)inished / (p)revious
firstname : marion
lastname : eberly
middlename : b
year : 2008
year_papertitle : ((2008, '5 turnover and retention research a glance at the past a closer review of the present and a venture into the future'), (2011, 'beyond internal and external a dyadic theory of relational attributions'), (2011, 'the loci and mechanisms of leadership exploring a more comprehensive view of leadership theory'), (2013, 'an integrative process model of leadership examining loci mechanisms and event cycles'), (2013, 'leading via the heart and mind the roles of leader and follower emotions attributions and interdependence'), (2014, 'affective trust in chinese leaders linking paternalistic leadership to employee performance'))
keywords : frozenset({'marketing', 'public relations', 'management', 'social psychology', 'knowledge management', 'cognitive science', 'epistemology'})

firstname : mary
lastname : eberly
middlename : b
year : 1995
year_papertitle : ((1995, 'adolescent prosocial behavior toward parents a reflection of closeness in the parent adolescent relationship'),)
keywords : frozenset({'developmental psychology', 'families family life', 'sociology', 'social psychology', 'personal relationships'})

3/10 positive, 6/10 negative
Do these records refer to the same thing?
(y)es / (n)o / (u)nsure / (f)inished / (p)revious
firstname : claudia
lastname : costa
middlename : de lima
year : 1994
year_papertitle : ((1994, 'o leito de procusto genero linguagem e as teorias feministas'), (1998, 'o trafico do genero'), (2001, 'feminismo fora do centro entrevista com ella shohat'))
keywords : frozenset({'humanities'})

firstname : claudia
lastname : costa
middlename : j de lima
year : 1998
year_papertitle : ((1998, 'off center on the limits of theory and lived experience'),)
keywords : frozenset({'womens studies', 'communication', 'cultural anthropology'})

3/10 positive, 7/10 negative
Do these records refer to the same thing?
(y)es / (n)o / (u)nsure / (f)inished / (p)revious
firstname : deb
lastname : schmidt
middlename : None
year : 2015
year_papertitle : ((2015, 'targeted screening in pediatric and young adult oncology patients identifies transfusional iron overload'), (2020, 'developmental differences in health related quality of life in adolescent and young adult cancer survivors'), (2021, 'a view from the past into our collective future the oncofertility consortium vision statement'))
keywords : frozenset({'gerontology', 'public relations', 'surgery', 'pediatrics'})

firstname : deborah
lastname : schmidt
middlename : harte
year : 1995
year_papertitle : ((1995, 'factors distinguishing survivors among adult children of alcoholics'),)
keywords : frozenset({'families family life', 'sociology', 'personal relationships', 'psychotherapy'})

3/10 positive, 7/10 negative
Do these records refer to the same thing?
(y)es / (n)o / (u)nsure / (f)inished / (p)revious
firstname : junnan
lastname : yu
middlename : None
year : 2018
year_papertitle : ((2018, 'a survey of computational kits for young children'), (2019, 'a review of computational toys and kits for young children'), (2020, 'codeattach engaging children in computational thinking through physical play activities'), (2020, 'considering parents in coding kit design understanding parents perspectives and roles'), (2020, 'youth civic engagement through computing cases and implications'), (2021, 'parental mediation for young children s use of educational media a case study with computational toys and kits'))
keywords : frozenset({'developmental psychology', 'data science', 'pedagogy', 'human computer interaction', 'medical education'})

firstname : jun
lastname : yu
middlename : hyung
year : 2013
year_papertitle : ((2013, 'the economic implications of war evidence on how wars affect worker demographics'),)
keywords : frozenset({'demography', 'economics', 'peace studies'})

3/10 positive, 8/10 negative
Do these records refer to the same thing?
(y)es / (n)o / (u)nsure / (f)inished / (p)revious
firstname : manish
lastname : madan
middlename : None
year : 2012
year_papertitle : ((2012, 'determinants of citizens perceptions of police community cooperation in india implications for community policing'), (2015, 'exploring citizen satisfaction with police in india the role of procedural justice police performance professionalism and integrity'), (2016, 'sexual harassment in public spaces examining gender differences in perceived seriousness and victimization'))
keywords : frozenset({'social psychology', 'public relations'})

firstname : manish
lastname : madan
middlename : None
year : 2013
year_papertitle : ((2013, 'understanding attitudes toward spousal abuse beliefs about wife beating justification amongst men and women in india'),)
keywords : frozenset({'criminology', 'south asian studies', 'womens studies', 'social research'})

3/10 positive, 9/10 negative
Do these records refer to the same thing?
(y)es / (n)o / (u)nsure / (f)inished / (p)revious
firstname : diane
lastname : hall
middlename : m harnek
year : 2008
year_papertitle : ((2008, 'outcomes from a baccalaureate program s writing improvement initiative'), (2008, 'sexuality education and adolescents with developmental disabilities assessment policy and advocacy'), (2008, 'substance abuse training and perceived knowledge predictors of perceived preparedness to work in substance abuse'), (2008, 'the generalist model where do the micro and macro converge'), (2009, 'assessing critical thinking the use of literature in a policy course'), (2010, 'reducing student bias against older adults through the use of literature'), (2011, 'bridging the explicit and implicit curricula critically thoughtful critical thinking'), (2011, 'undergraduate student perceptions of argument resolution unity and love in same sex headed families'), (2013, 'does the availability of parental health insurance affect the college enrollment decision of young americans'))
keywords : frozenset({'engineering ethics', 'developmental psychology', 'clinical psychology', 'actuarial science', 'psychiatry', 'mathematics education', 'pedagogy', 'demography', 'medical education', 'social psychology', 'applied psychology'})

firstname : diane
lastname : hall
middlename : m harnek
year : 2008
year_papertitle : ((2008, 'social work education and personal characteristic predictors of cultural competence in msw students'),)
keywords : frozenset({'social work', 'higher education'})

3/10 positive, 10/10 negative
Do these records refer to the same thing?
(y)es / (n)o / (u)nsure / (f)inished / (p)revious
firstname : stephanie
lastname : levine
middlename : wellen
year : 2003
year_papertitle : ((2003, 'mystics mavericks and merrymakers an intimate journey among hasidic girls'),)
keywords : frozenset({'religious studies'})

firstname : stephanie
lastname : levine
middlename : wellen
year : 2000
year_papertitle : ((2000, 'mystics mavericks and merrymakers the inner worlds and daily lives of hasidic adolescent girls'),)
keywords : frozenset({'families family life', 'american studies', 'sociology', 'womens studies', 'minority ethnic groups', 'personal relationships'})

3/10 positive, 10/10 negative
Do these records refer to the same thing?
(y)es / (n)o / (u)nsure / (f)inished / (p)revious
firstname : ethan
lastname : goffman
middlename : None
year : 1997
year_papertitle : ((1997, 'the young paul robeson on my journey now'), (2000, 'grace paley s faith the journey homeward the journey forward'))
keywords : frozenset({'gender studies', 'literature', 'art history', 'aesthetics'})

firstname : ethan
lastname : goffman
middlename : edward
year : 1997
year_papertitle : ((1997, 'imag in ing each other black and jewish literary representations'),)
keywords : frozenset({'ethnic studies', 'sociology', 'modern literature', 'literature', 'american literature'})

4/10 positive, 10/10 negative
Do these records refer to the same thing?
(y)es / (n)o / (u)nsure / (f)inished / (p)revious
firstname : carla
lastname : barbieri
middlename : None
year : 2008
year_papertitle : ((2008, 'rv and camping shows a motivation based market segmentation'), (2008, 'the role of the firm and owner characteristics on the performance of agritourism farms'), (2008, 'understanding the nature and extent of farm and ranch diversification in north america'), (2009, 'a comparison of two cases of low latitude thundersnow'), (2009, 'cultural tourism behaviour and preferences among the live performing arts audience an application of the univorous omnivorous framework'), (2009, 'why is diversification an attractive farm adjustment strategy insights from texas farmers and ranchers'), (2010, 'frequency of consumption familiarity and preferences for chestnuts in missouri'), (2010, 'recreation and agroforestry examining new dimensions of multifunctionality in family farms'), (2010, 'recreational multifunctionality and its implications for agroforestry diffusion'), (2010, 'the interannual variability of midwestern temperatures and precipitation as related to the enso and pdo'))
keywords : frozenset({'marketing', 'agricultural science', 'economic growth', 'advertising', 'meteorology', 'agroforestry', 'economic system', 'climatology', 'public economics', 'agricultural economics'})

firstname : carla
lastname : barbieri
middlename : eliana
year : 2006
year_papertitle : ((2006, 'farm and ranch diversification a strategy for confronting the changing agricultural context in texas'),)
keywords : frozenset({'sociology', 'recreation'})

4/10 positive, 11/10 negative
Do these records refer to the same thing?
(y)es / (n)o / (u)nsure / (f)inished / (p)revious
firstname : caroline
lastname : evans
middlename : b r
year : 2013
year_papertitle : ((2013, 'five types of child maltreatment and subsequent delinquency physical neglect as the most significant predictor'), (2014, 'cumulative bullying victimization an investigation of the dose response relationship between victimization and the associated mental health outcomes social supports and school experiences of rural adolescents'), (2014, 'demographic psychological and social correlates of ethnic identity in rural youth'), (2014, 'differential effects of episodic and chronic bullying how victimization affects school experiences social support and mental health'), (2014, 'ecological correlates of depression and self esteem in rural youth'), (2014, 'ethnic identity and mental health in american indian youth examining mediation pathways through self esteem and future optimism'), (2014, 'individual characteristics microsystem factors and proximal relationship processes associated with ethnic identity in rural youth'), (2014, 'multilevel risk factors and developmental assets for internalizing symptoms and self esteem in disadvantaged adolescents modeling longitudinal trajectories from the rural adaptation project'), (2014, 'the differential impacts of episodic chronic and cumulative physical bullying and cyberbullying the effects of victimization on the school experiences social support and mental health of rural adolescents'), (2014, 'the effectiveness of school based bullying prevention programs a systematic review'))
keywords : frozenset({'developmental psychology', 'psychiatry', 'social psychology', 'clinical psychology'})

firstname : caroline
lastname : evans
middlename : b r
year : 2015
year_papertitle : ((2015, 'bystander behavior and victim coping strategies a mixed methods study of rural bullying'),)
keywords : frozenset({'social work'})

4/10 positive, 12/10 negative
Do these records refer to the same thing?
(y)es / (n)o / (u)nsure / (f)inished / (p)revious
firstname : edson
lastname : tandoc
middlename : c
year : 2009
year_papertitle : ((2009, 'the internet and mobile technologies in election campaigns the gabriela women s party during the 2007 philippine elections'), (2010, 'the pseudo events paradox how pseudo events flood the philippine press and why journalists don t recognize it'), (2012, 'the real you the role of visual cues and comment congruence in perceptions of social attractiveness from facebook profiles'), (2013, 'a black and white game racial stereotypes in baseball'), (2013, 'learning in the beat what influences environmental journalists perception of knowledge'), (2013, 'mind the gap between journalistic role conception and role enactment'), (2013, 'the complex road to happiness the influence of human development a healthy environment and a free press'), (2014, 'journalism is twerking how web analytics is changing the process of gatekeeping'), (2014, 'so says the stars a textual analysis of glamour essence and teen vogue horoscopes'), (2014, 'the roles of the game the influence of news consumption patterns on the role conceptions of journalism students'))
keywords : frozenset({'law', 'media studies', 'gender studies', 'pedagogy', 'internet privacy', 'public relations', 'world wide web', 'social psychology', 'public economics', 'epistemology'})

firstname : edson
lastname : tandoc
middlename : c
year : 2013
year_papertitle : ((2013, 'web analytics social media and the journalistic doxa the impact of audience feedback on the evolving gatekeeping process'),)
keywords : frozenset({'sociology', 'journalism', 'mass communications'})

5/10 positive, 12/10 negative
Do these records refer to the same thing?
(y)es / (n)o / (u)nsure / (f)inished / (p)revious
firstname : heather
lastname : raeespinoza
middlename : None
year : 2010
year_papertitle : ((2010, 'consent and discipline in ecuador how to avoid raising an antisocial child'), (2010, 'family mealtime as a context of development and socialization larson reed w angela r wiley and kathryn r branscomb eds new directions for child development number 111 san francisco ca wiley periodicals inc 2006 110pp'), (2012, 'parental emigration and conceptions of better futures in ecuador'), (2016, 'transnational ties children s reactions to parental emigration in guayaquil ecuador'))
keywords : frozenset({'gender studies', 'gerontology', 'social psychology', 'developmental psychology'})

firstname : heather
lastname : raeespinoza
middlename : None
year : 2006
year_papertitle : ((2006, 'devoted abandonment the children left behind by parental emigration in ecuador'),)
keywords : frozenset({'developmental psychology', 'cultural anthropology', 'families family life', 'sociology', 'personal relationships'})

6/10 positive, 12/10 negative
Do these records refer to the same thing?
(y)es / (n)o / (u)nsure / (f)inished / (p)revious
firstname : alan
lastname : taylor
middlename : m
year : 1987
year_papertitle : ((1987, 'frontier ferment the whiskey rebellion frontier epilogue to the american revolution'), (1988, 'floating proletarians between the devil and the deep blue sea merchant seamen pirates and the anglo american maritime world 1700 1750'), (1988, 'nucleotide sequence and expression of the human skeletal alpha actin gene evolution of functional regulatory domains'), (1989, 'dna bending is induced by a transcription factor that interacts with the human c fos and alpha actin promoters'), (1991, 'current account determination with traded capital goods'), (1991, 'evaluation of mrna levels by the polymerase chain reaction in small cardiac tissue samples'), (1991, 'imperative categories the heart of the commonwealth society and political culture in worcester county massachusetts 1713 1861'), (1991, 'seeking after the maine chance liberty men and great proprietors the revolutionary settlement on the maine frontier 1760 1820'), (1992, 'external dependence demographic burdens and argentine economic decline after the belle epoque'), (1992, 'new farms for a new world robert cole s world agriculture and society in early maryland'))
keywords : frozenset({'law', 'monetary economics', 'microeconomics', 'development economics', 'economic history', 'political economy', 'molecular biology', 'public administration', 'ancient history', 'genetics'})

firstname : alan
lastname : taylor
middlename : charles
year : 1998
year_papertitle : ((1998, 'perceptions of intergenerational bonds the comparison between grandfathers and their adult grandchildren'),)
keywords : frozenset({'families family life', 'sociology', 'gerontology', 'personal relationships'})

7/10 positive, 12/10 negative
Do these records refer to the same thing?
(y)es / (n)o / (u)nsure / (f)inished / (p)revious
firstname : victoria
lastname : hesford
middlename : None
year : 2005
year_papertitle : ((2005, 'feminism and its ghosts the spectre of the feminist as lesbian'), (2009, 'the politics of love women s liberation and feeling differently'))
keywords : frozenset({'gender studies', 'psychoanalysis'})

firstname : victoria
lastname : hesford
middlename : j
year : 2001
year_papertitle : ((2001, 'becoming feminism the emergence of the feminist as lesbian figure and the forgetting of the women s movement'),)
keywords : frozenset({'american studies', 'womens studies', 'lgbtq studies', 'cultural anthropology'})

7/10 positive, 13/10 negative
Do these records refer to the same thing?
(y)es / (n)o / (u)nsure / (f)inished / (p)revious
firstname : karl
lastname : eschbach
middlename : None
year : 2003
year_papertitle : ((2003, 'neighborhood context and self rated health in older mexican americans'), (2003, 'neighbourhood composition and depressive symptoms among older mexican americans'), (2004, 'comment on evaluation of mortality data for older mexican americans implications for the hispanic paradox by patel kv et al'), (2004, 'evaluation of mortality data for older mexican americans implications for the hispanic paradox'), (2004, 'neighborhood context and mortality among older mexican americans is there a barrio advantage'), (2005, 'aging migration and mortality current status of research on the hispanic paradox'), (2005, 'neighborhood composition and incidence of cancer among hispanics in the united states'), (2005, 'race ethnic differences in nonspecific psychological distress evidence from the national health interview survey'), (2006, 'ascertainment of hispanic ethnicity on california death certificates implications for the explanation of the hispanic mortality advantage'), (2006, 'el contexto de la familia y el vecindario en la salud de los ancianos del estudio epese hispano'))
keywords : frozenset({'gerontology', 'demography', 'clinical psychology'})

firstname : karl
lastname : eschbach
middlename : None
year : 1992
year_papertitle : ((1992, 'shifting boundaries regional variation in patterns of identification as american indian'),)
keywords : frozenset({'native american studies', 'demography', 'ethnic studies'})

8/10 positive, 13/10 negative
Do these records refer to the same thing?
(y)es / (n)o / (u)nsure / (f)inished / (p)revious
firstname : shawhin
lastname : roudbari
middlename : None
year : 2018
year_papertitle : ((2005, 'self adaptive finite element analysis'), (2018, 'crowdsourced and crowd pleasing the new architectural awards and the city'), (2018, 'renegade cosmopolitans iranian architects professional power and the state'), (2019, 'occidentalist perceptions of european architecture in nineteenth century persian travel diaries travels in farangi space'), (2020, 'bridging the praxis of hazards and development with resilience a case study of an engineering education program'), (2020, 'dissenting designers reading activism and advocacy in architecture through a sociological lens'), (2020, 'integrating social justice and political engagement into engineering'), (2020, 'mediating design claims the social media and housing disaster of the 2017 halabja earthquake'), (2020, 'resisting and assisting engagement with public welfare in engineering education'))
keywords : frozenset({'engineering ethics', 'applied mathematics', 'media studies', 'public relations', 'civil engineering', 'algorithm', 'aesthetics'})

firstname : shawhin
lastname : roudbari
middlename : None
year : 2013
year_papertitle : ((2013, 'the transnational transformation of architecture practice iranian architects in the new geography of professional authority 1945 2012'),)
keywords : frozenset({'sociology', 'architecture', 'geography'})

8/10 positive, 14/10 negative
Do these records refer to the same thing?
(y)es / (n)o / (u)nsure / (f)inished / (p)revious
firstname : tamara
lastname : kaiser
middlename : l
year : 1995
year_papertitle : ((1995, 'book reviews bringing ethics alive feminist ethics in psychotherapy practice edited by nannette gartrell new york harrington park press 1994 111 pp 24 95 hardbound 14 95 paper'),)
keywords : frozenset({'psychoanalysis'})

firstname : tamara
lastname : kaiser
middlename : lynn
year : 1992
year_papertitle : ((1992, 'the supervisory relationship a study of the relationship between supervisor and supervisee in the clinical supervision of marriage and family therapists'),)
keywords : frozenset({'psychotherapy', 'families family life', 'sociology', 'personal relationships', 'academic guidance counseling'})

9/10 positive, 14/10 negative
Do these records refer to the same thing?
(y)es / (n)o / (u)nsure / (f)inished / (p)revious
firstname : rachel
lastname : kraus
middlename : None
year : 2005
year_papertitle : ((2005, 'presidential appointments and religious stratification in the united states 1789 2003'), (2007, 'laity institution theology or politics protestant catholic and jewish washington offices agenda setting'), (2007, 'the catholic church in state politics negotiating prophetic demands political realities by david yamane lanham md rowman and littlefield publishers 2005 208 pp 65 00 usd cloth 24 95 usd paper'), (2008, 'you must participate violating research ethical principles through role play'), (2009, 'straddling the sacred and secular creating a spiritual experience through belly dance'), (2009, 'the many faces of spirituality a conceptual framework considering belly dance'), (2010, 'restructuring religion in our nation s capital the political priorities of washington offices'), (2010, 'they danced in the bible identity integration among christian women who belly dance'), (2010, 'we are not strippers how belly dancers manage a soft stigmatized serious leisure activity'), (2011, 'religiosity peers and delinquency does religiosity reduce the effect of peers on delinquency'))
keywords : frozenset({'theology', 'law', 'gender studies', 'pedagogy', 'social psychology', 'public administration', 'epistemology'})

firstname : rachel
lastname : kraus
middlename : miriam
year : 2005
year_papertitle : ((2005, 'god s not so quiet hand the political advocacy of religious liberal vs conservative washington offices'),)
keywords : frozenset({'sociology', 'political science', 'religion'})

9/10 positive, 15/10 negative
Do these records refer to the same thing?
(y)es / (n)o / (u)nsure / (f)inished / (p)revious
firstname : alida
lastname : liberman
middlename : None
year : 2010
year_papertitle : ((2010, 'david copp morality in a natural world selected essays in metaethics'), (2015, 'a promise acceptance model of organ donation'), (2015, 'constructivism in practical philosophy edited by james lenman and yonatan shemmer'), (2016, 'commitment worth the weight'), (2017, 'disability sex rights and the scope of sexual exclusion'), (2017, 'effective altruism and christianity possibilities for productive collaboration'), (2017, 'philosophers folding origami illustrating essential strategies for learner centered teaching'), (2017, 'wrongness responsibility and conscientious refusals in health care'))
keywords : frozenset({'social science', 'law', 'mathematics education', 'environmental ethics', 'social psychology', 'law and economics', 'religious studies', 'epistemology'})

firstname : alida
lastname : liberman
middlename : None
year : 2015
year_papertitle : ((2015, 'the mental states first theory of promising'),)
keywords : frozenset({'epistemology'})

9/10 positive, 16/10 negative
Do these records refer to the same thing?
(y)es / (n)o / (u)nsure / (f)inished / (p)revious
firstname : michael
lastname : massoglia
middlename : None
year : 2006
year_papertitle : ((2006, 'desistance or displacement the changing patterns of offending from adolescence to young adulthood'), (2007, 'language of the gun youth crime and public policy by bernard harcourt'), (2007, 'reassessing the relationship between high school sports participation and deviance evidence of enduring bifurcated effects'), (2007, 'subjective desistance and the transition to adulthood'), (2007, 'the context of marriage and crime gender the propensity to marry and offending in early adulthood'), (2008, 'incarceration as exposure the prison infectious disease and other stress related illnesses'), (2008, 'incarceration health and racial disparities in health'), (2009, 'no real release'), (2010, 'settling down and aging out toward an interactionist theory of desistance and the transition to adulthood'), (2011, 'incarceration and the health of the african american community'))
keywords : frozenset({'gerontology', 'social science', 'developmental psychology', 'psychiatry', 'criminology', 'social psychology'})

firstname : michael
lastname : massoglia
middlename : None
year : 2005
year_papertitle : ((2005, 'the mid life health consequences of crime and punishment'),)
keywords : frozenset({'sociology', 'criminology'})

9/10 positive, 17/10 negative
Do these records refer to the same thing?
(y)es / (n)o / (u)nsure / (f)inished / (p)revious
firstname : cynthia
lastname : wallace
middlename : r
year : 2011
year_papertitle : ((2011, 'in the beginning beloved and the religious word of psychoanalysis'), (2012, 'chimamanda ngozi adichie s purple hibiscus and the paradoxes of postcolonial redemption'))
keywords : frozenset({'literature', 'linguistics'})

firstname : cynthia
lastname : wallace
middlename : r
year : 2012
year_papertitle : ((2012, 'if we could learn to learn from pain a contemporary literary ethics of women s suffering and self sacrifice'),)
keywords : frozenset({'ethics', 'womens studies', 'modern literature', 'african literature', 'american literature'})

9/10 positive, 18/10 negative
Do these records refer to the same thing?
(y)es / (n)o / (u)nsure / (f)inished / (p)revious
firstname : loretta
lastname : brady
middlename : l c
year : 2010
year_papertitle : ((2010, 'does recent criminal involvement matter a study of women with co occurring disorders in a multisite national trial'), (2010, 'fifty years of fashion and feminism early career recognition community involvement and sociopolitical identities in a sample of nationally recognized women'), (2010, 'giving back and growing in service investigating spirituality religiosity and generativity in young adults'), (2016, 'canaries in the ethical coal mine case vignettes and empirical findings for how psychology leaders have adopted twitter'))
keywords : frozenset({'developmental psychology', 'gender studies', 'psychiatry', 'public relations', 'social psychology'})

firstname : loretta
lastname : brady
middlename : l c
year : 2006
year_papertitle : ((2006, 'consistency of trauma narratives and descriptions of self among incarcerated women'),)
keywords : frozenset({'womens studies', 'criminology', 'psychotherapy', 'personality'})

9/10 positive, 19/10 negative
Do these records refer to the same thing?
(y)es / (n)o / (u)nsure / (f)inished / (p)revious
firstname : luis
lastname : guarnizo
middlename : eduardo
year : 1994
year_papertitle : ((1994, 'los dominicanyorks the making of a binational society'), (1997, 'the emergence of a transnational social formation and the mirage of return migration among dominican transmigrants'), (1998, 'the rise of transnational social formations mexican and dominican state responses to transnational migration'), (1998, 'transnationalism from below'), (1999, 'mistrust fragmented solidarity and transnational migration colombians in new york city and los angeles'), (1999, 'the study of transnationalism pitfalls and promise of an emergent research field'), (1999, 'transnational migration a view from colombia'))
keywords : frozenset({'ethnology', 'social science', 'media studies', 'economic growth', 'development economics', 'gender studies', 'political economy', 'economy', 'epistemology'})

firstname : luis
lastname : guarnizo
middlename : eduardo
year : 1993
year_papertitle : ((1993, 'one country in two dominican owned firms in new york and in the dominican republic'),)
keywords : frozenset({'sociology', 'labor relations', 'ethnic studies', 'social structure'})

9/10 positive, 20/10 negative
Do these records refer to the same thing?
(y)es / (n)o / (u)nsure / (f)inished / (p)revious
firstname : christine
lastname : qiang
middlename : zhenwei
year : 2005
year_papertitle : ((2005, 'public private wage differential and gender gap in latin america spoiled bureaucrats and exploited women'), (2005, 'regulatory reforms in the telecommunications sector in developing countries the role of democracy and private interests'), (2007, 'china s information revolution managing the economic and social transformation'), (2009, 'rural informatization in china'), (2010, 'the global opportunity in it based services assessing and enhancing country competitiveness'))
keywords : frozenset({'economic growth', 'finance', 'economic policy', 'labour economics', 'industrial organization'})

firstname : christine
lastname : qiang
middlename : zhenwei
year : 2000
year_papertitle : ((2000, 'gender intra household bargaining and wage gap in formal sectors evidence from united states and latin america'),)
keywords : frozenset({'labor economics', 'individual family studies', 'womens studies'})

10/10 positive, 20/10 negative
Do these records refer to the same thing?
(y)es / (n)o / (u)nsure / (f)inished / (p)revious
Finished labeling
INFO:rlr.crossvalidation:using cross validation to find optimum alpha...
/home/mona/anaconda3/envs/science-career-tempenv/lib/python3.9/site-packages/rlr/crossvalidation.py:116: RuntimeWarning: invalid value encountered in scalar divide
  matthews_cc = ((true_dupes * true_distinct
INFO:rlr.crossvalidation:optimum alpha: 0.000010, score 0.6203520503793426
INFO:dedupe.training:Final predicate set:
INFO:dedupe.training:TfidfTextSearchPredicate: (0.2, lastname)
Done in 7170.886657253901 minutes.
