Namespace(testing=False, verbose=1, field=['medicine'], train_name='christoph_with_protocol_magkeywords', startyear=1985, endyear=2015, loadstartyear=1985, loadendyear=2015, mergemode='1:1', recall=0.9, institution='False', fieldofstudy_cat='False', fieldofstudy_str='False', keywords='True', retrain='True', linking_type='graduates', samplesize=50000, write_to='database')
Have max 12 cores available
Testing is False 

I set the write connection to the main database.
id_field is [71924100] and will be passed to sql queries.
finished setup ... 
Time elapsed: 0.0005350391070048015 minutes 


    SELECT goid
            , year
            , year as yeardiff_larger_than_0
            , firstname 
            , lastname
            , CASE TRIM(SUBSTR(middle_lastname, 1, l_fullname-l_firstname-l_lastname - 1)) 
                WHEN 
                    "" THEN NULL 
                    ELSE TRIM(SUBSTR(middle_lastname, 1, l_fullname-l_firstname-l_lastname - 1)) 
                END AS middlename
            , fieldofstudy
            , keywords
            , institution
            , coauthors
            , year_papertitle
    FROM (
        SELECT goid
            , degree_year AS year 
            , fullname 
            , SUBSTR(TRIM(fullname),1,instr(trim(fullname)||' ',' ')-1) AS firstname
            , REPLACE(fullname, RTRIM(fullname, REPLACE(fullname, " ", "")), "") AS lastname 
            , TRIM(SUBSTR(fullname, length(SUBSTR(TRIM(fullname),1,instr(trim(fullname)||' ',' ')-1)) + 1)) AS middle_lastname 
            , length(fullname) AS l_fullname 
            , length(SUBSTR(TRIM(fullname),1,instr(trim(fullname)||' ',' ')-1) ) AS l_firstname
            , length(REPLACE(fullname, RTRIM(fullname, REPLACE(fullname, " ", "")), "")) AS l_lastname
            , fieldname AS fieldofstudy
            , university_id
            , degree_year || "//" || thesistitle as year_papertitle 
        FROM pq_authors 
        INNER JOIN (
            SELECT goid, fieldname 
            FROM pq_fields_mag
            WHERE mag_field0 IN (?)
        ) USING (goid)
    )
    -- ## NOTE: use left join here as not all graduates have advisor (particularly pre-1980) and possibly also keywords
    LEFT JOIN (
        SELECT goid, fields_lvl1 as keywords, advisors as coauthors 
        FROM pq_info_linking
    ) USING(goid)
    INNER JOIN (
        SELECT university_id, normalizedname as institution
        FROM pq_unis
        WHERE location like "%United States%"
    ) USING(university_id)
    WHERE year >= 1985 and year <= 2015 AND length(firstname) > 1
     


    SELECT f.AuthorId
        , f.year
        , f.year as yeardiff_larger_than_0
        , f.firstname
        , f.lastname
        , CASE TRIM(SUBSTR(f.middle_lastname, 1, f.l_fullname - f.l_firstname - f.l_lastname - 1)) 
            WHEN 
                "" THEN NULL 
                ELSE TRIM(SUBSTR(f.middle_lastname, 1, f.l_fullname - f.l_firstname - f.l_lastname - 1)) 
            END as middlename 
            -- ## NOTE this gives "" for middlename when it is missing 
        , f.fieldofstudy
        , g.keywords
        , g.coauthors
        , g.institution
        , g.year_papertitle
    FROM (
        SELECT a.AuthorId
            , a.YearFirstPub AS year
            , a.FirstName AS firstname
            , REPLACE(b.NormalizedName, RTRIM(b.NormalizedName, REPLACE(b.NormalizedName, " ", "")), "") AS lastname 
                    -- https://stackoverflow.com/questions/21388820/how-to-get-the-last-index-of-a-substring-in-sqlite
            , TRIM(SUBSTR(b.NormalizedName, length(a.FirstName) + 1)) AS middle_lastname 
                    -- this gives all except the first name 
            , length(b.NormalizedName) as l_fullname 
            , length(a.FirstName) as l_firstname
            , length(REPLACE(b.NormalizedName, RTRIM(b.NormalizedName, REPLACE(b.NormalizedName, " ", "")), "")) as l_lastname
            , e.NormalizedName AS fieldofstudy
        FROM author_sample AS a
        INNER JOIN (
            SELECT AuthorId, NormalizedName
            FROM Authors
        ) AS b USING(AuthorId)
        INNER JOIN (
            SELECT AuthorId
            FROM author_field0
            WHERE FieldOfStudyId_lvl0 IN (?)
                AND Degree <= 0
        ) USING(AuthorId)
        LEFT JOIN (
            SELECT AuthorId, NormalizedName
            FROM author_fields c
            INNER JOIN (
                SELECT FieldOfStudyId, NormalizedName
                FROM FieldsOfStudy
            ) AS d USING(FieldOfStudyId)
            -- ## Condition on fieldofstudy being in the level 0 id_field
            INNER JOIN (
                SELECT ParentFieldOfStudyId, ChildFieldOfStudyId
                FROM crosswalk_fields
                WHERE ParentLevel = 0
                    AND ParentFieldOfStudyId IN (?)
            ) AS e ON (e.ChildFieldOfStudyId = c.FieldOfStudyId)
            WHERE FieldClass = 'first'
        ) AS e USING(AuthorId)
    ) f
    LEFT JOIN (
        SELECT AuthorId
                , institutions as institution
                , main_us_institutions_career
                , coauthors
                , keywords
                , year_papertitle
        FROM author_info_linking
    ) AS g USING(AuthorId)
    WHERE length(firstname) > 1 AND year >= 1985 - 5 AND year <= 2015 + 5 
        -- ## use this to condition on people that have at least at some point their main affiliation in the US
        AND g.main_us_institutions_career IS NOT NULL
        AND g.institution != "chinese academy of sciences"
     

/home/christoph/miniconda3/envs/science-career-tempenv/lib/python3.9/site-packages/sklearn/feature_extraction/text.py:537: UserWarning: The parameter 'ngram_range' will not be used since 'analyzer' is callable'
  warnings.warn(
/home/christoph/miniconda3/envs/science-career-tempenv/lib/python3.9/site-packages/sklearn/feature_extraction/text.py:543: UserWarning: The parameter 'stop_words' will not be used since 'analyzer' != 'word'
  warnings.warn(
Time elapsed: 1041.1910194953282 minutes 

Starting active labeling...
firstname : regina
lastname : nailon
middlename : eileen ruskamp
year : 2004
yeardiff_larger_than_0 : 2004
year_papertitle : ((2004, '2 expertise in the care of latinos an interpretive study of culturally congruent nursing practices in the emergency department'),)
keywords : frozenset({'family medicine', 'nursing', 'emergency medicine'})

firstname : regina
lastname : nailon
middlename : eileen ruskamp
year : 2004
yeardiff_larger_than_0 : 2004
year_papertitle : ((2004, 'expertise in the care of latinos an interpretive study of culturally congruent nursing practices in the emergency department'),)
keywords : frozenset({'medical education', 'nursing', 'operating system', 'public relations', 'pedagogy', 'emergency medicine'})

0/10 positive, 0/10 negative
Do these records refer to the same thing?
(y)es / (n)o / (u)nsure / (f)inished
firstname : veronika
lastname : ospinakammerer
middlename : None
year : 2001
yeardiff_larger_than_0 : 2001
year_papertitle : ((2001, 'coping with burnout family physicians and family social workers what do they have in common'), (2003, 'an evaluation of the respiratory one method rom in reducing emotional exhaustion among family physician residents'))
keywords : frozenset({'social psychology', 'clinical psychology', 'public relations', 'nursing', 'internal medicine', 'family medicine', 'pedagogy'})

firstname : veronika
lastname : ospinakammerer
middlename : None
year : 2000
yeardiff_larger_than_0 : 2000
year_papertitle : ((2000, 'an evaluation of the respiratory one method rom in reducing emotional exhaustion among family physician residents'),)
keywords : frozenset({'social psychology', 'clinical psychology', 'mathematics education', 'statistics', 'internal medicine', 'psychiatry'})

1/10 positive, 0/10 negative
Do these records refer to the same thing?
(y)es / (n)o / (u)nsure / (f)inished / (p)revious
firstname : charles
lastname : branas
middlename : c
year : 1993
yeardiff_larger_than_0 : 1993
year_papertitle : ((1993, 'distribution and quantification of venous reflux in lower extremity chronic venous stasis disease with duplex scanning'), (1993, 'neuroleptic malignant syndrome in the intensive care unit'), (1995, 'fatal venous air embolism after removal of a central venous catheter'), (1996, 'a correlation of air plethysmography and color flow assisted duplex scanning in the quantification of chronic venous insufficiency'), (1997, 'shotgun wounds in children not just accidents'), (1998, 'a population based study of trauma recidivism'), (2000, 'a case series analysis of mass casualty incidents'), (2000, 'a trauma resource allocation model for ambulances and hospitals'), (2000, 'heart sense a game based approach to reducing delay in seeking care for acute coronary syndrome'))
keywords : frozenset({'intensive care medicine', 'anesthesia', 'nursing', 'medical emergency', 'internal medicine', 'surgery', 'psychiatry'})

firstname : charles
lastname : branas
middlename : christos
year : 1998
yeardiff_larger_than_0 : 1998
year_papertitle : ((1998, 'a trauma resource allocation model for ambulances and hospitals'),)
keywords : frozenset({'surgery', 'medical emergency', 'operations management', 'emergency medicine'})

2/10 positive, 0/10 negative
Do these records refer to the same thing?
(y)es / (n)o / (u)nsure / (f)inished / (p)revious
firstname : jeffrey
lastname : poynter
middlename : a
year : 2008
yeardiff_larger_than_0 : 2008
year_papertitle : ((2008, 'neonatal stem cells exhibit specific characteristics in function proliferation and cellular signaling that distinguish them from their adult counterparts'), (2008, 'nitric oxide suppresses the secretion of vascular endothelial growth factor and hepatocyte growth factor from human mesenchymal stem cells'), (2010, 'mesenchymal stem cells attenuate myocardial functional depression and reduce systemic and myocardial inflammation during endotoxemia'), (2010, 'postinfarct intramyocardial injection of mesenchymal stem cells pretreated with tgf α improves acute myocardial function'), (2010, 'the phosphoinositide 3 kinase survival signaling mechanism in sepsis'), (2010, 'toll like receptor 4 deficient mesenchymal stem cells improve stem cell mediated myocardial recovery after ischemia reperfusion injury'), (2010, 'toll like receptor signaling pathways and the evidence linking toll like receptor signaling to cardiac ischemia reperfusion injury'))
keywords : frozenset({'cell biology', 'endocrinology', 'molecular biology', 'immunology', 'pathology', 'internal medicine', 'cancer research'})

firstname : jeffrey
lastname : kerby
middlename : david
year : 1997
yeardiff_larger_than_0 : 1997
year_papertitle : ((1997, 'participation of acidic fibroblast growth factor in the pathophysiology of chronic renal allograft rejection'),)
keywords : frozenset({'cell biology', 'endocrinology', 'pathology', 'internal medicine', 'surgery', 'cancer research'})

3/10 positive, 0/10 negative
Do these records refer to the same thing?
(y)es / (n)o / (u)nsure / (f)inished / (p)revious
firstname : brian
lastname : jordan
middlename : j
year : 2012
yeardiff_larger_than_0 : 2012
year_papertitle : ((2012, 'avian induced pluripotent stem cells derived using human reprogramming factors'), (2013, 'no evidence of temperature dependent sex determination or sex biased embryo mortality in the chicken'), (2014, 'detection of infectious bronchitis virus with the use of real time quantitative reverse transcriptase pcr and correlation with virus detection in embryonated eggs'), (2014, 'expression of green fluorescent protein in the chicken using in vivo transfection of the piggybac transposon'), (2014, 'induced pluripotency in chicken embryonic fibroblast results in a germ cell fate'), (2014, 'nonviral minicircle generation of induced pluripotent stem cells compatible with production of chimeric chickens'), (2015, 'evaluating protection against infectious bronchitis virus by clinical signs ciliostasis challenge virus detection and histopathology'), (2015, 'generation of avian induced pluripotent stem cells'), (2015, 'hatchery spray cabinet administration does not damage avian coronavirus infectious bronchitis virus vaccine based on analysis by electron microscopy and virus titration'), (2015, 'identification of avian coronavirus in wild aquatic birds of the central and eastern usa'))
keywords : frozenset({'cell biology', 'microbiology', 'molecular biology', 'immunology', 'genetics', 'virology', 'ecology'})

firstname : brian
lastname : viets
middlename : e
year : 1993
yeardiff_larger_than_0 : 1993
year_papertitle : ((1993, 'lizard reproductive ecology sex determination and parental investment'),)
keywords : frozenset({'ecology', 'zoology'})

3/10 positive, 1/10 negative
Do these records refer to the same thing?
(y)es / (n)o / (u)nsure / (f)inished / (p)revious
firstname : salvatore
lastname : oddo
middlename : None
year : 2002
yeardiff_larger_than_0 : 2002
year_papertitle : ((2002, 'inclusion body myositis like phenotype induced by transgenic overexpression of βapp in skeletal muscle'), (2003, 'amyloid deposition precedes tangle formation in a triple transgenic model of alzheimer s disease'), (2003, 'triple transgenic model of alzheimer s disease with plaques and tangles intracellular aβ and synaptic dysfunction'), (2004, 'caspase cleavage of tau is an early event in alzheimer disease tangle pathology'), (2004, 'enhanced neuronal excitability in the absence of neurodegeneration induces cerebellar ataxia'), (2004, 'o1 04 08 antibody mediated clearance of beta amyloid reverses early tau aggregates but not late hyperphosphorylated tau'), (2004, 'p1 206 capacitative and non capacitative ca2 entry modulate aβ levels'), (2004, 'p2 071 ion channel properties of neurons from app ps1 tau triple mutant mice'), (2004, 'p4 371 in vivo evidence linking aβ and tau'), (2004, 'p4 385 alzheimer s epitope vaccine based on the dominant b cell epitope of aβ and padre a foreign t cell epitope'))
keywords : frozenset({'neuroscience', 'cell biology', 'pharmacology', 'molecular biology', 'immunology', 'pathology', 'internal medicine'})

firstname : salvatore
lastname : oddo
middlename : None
year : 2005
yeardiff_larger_than_0 : 2005
year_papertitle : ((2005, 'aβ and tau interactions in a novel transgenic model of alzheimer s disease'),)
keywords : frozenset({'neuroscience', 'cell biology', 'internal medicine'})

3/10 positive, 2/10 negative
Do these records refer to the same thing?
(y)es / (n)o / (u)nsure / (f)inished / (p)revious
firstname : ning
lastname : cao
middlename : None
year : 2006
yeardiff_larger_than_0 : 2006
year_papertitle : ((2006, 'her 2 and nf κb as the targets for therapy resistant breast cancer'), (2008, 'cyclin d1 in low dose radiation induced adaptive resistance'), (2008, 'mitogen activated protein kinase phosphatase 1 represses c jun nh2 terminal kinase mediated apoptosis via nf κb regulation'), (2008, 'radiation induced mitochondria associated adaptive responses in tumorigenic human prostate cell lines'), (2009, 'nf κb mediated her2 overexpression in radiation adaptive resistance'), (2009, 'proapoptotic function of integrin β3 in human hepatocellular carcinoma cells'), (2010, 'abstract 5224 tracking the longitudinal physiological and vascular morphology changes in response to anti angiogenesis treatment in breast tumors'), (2010, 'effects of radiation on tumor hemodynamics and nf kappab in breast tumors'), (2011, 'an ultrasonically powered implantable micro oxygen generator imog'), (2011, 'tu c 220 08 assessing intra tumor hemodynamics and oxygen concentration using photoacoustic computed tomography'))
keywords : frozenset({'cell biology', 'anesthesia', 'molecular biology', 'pathology', 'biochemistry', 'internal medicine', 'cancer research'})

firstname : ning
lastname : cao
middlename : None
year : 2012
yeardiff_larger_than_0 : 2012
year_papertitle : ((2012, 'i in vivo i imaging to monitor anti angiogenesis and re oxygenation on radio sensitivity in pancreatic cancer xenografts'),)
keywords : frozenset({'oncology', 'internal medicine', 'radiology', 'cancer research', 'artificial intelligence'})

4/10 positive, 2/10 negative
Do these records refer to the same thing?
(y)es / (n)o / (u)nsure / (f)inished / (p)revious
firstname : susan
lastname : jones
middlename : None
year : 1980
yeardiff_larger_than_0 : 1980
year_papertitle : ((1980, 'regulation of proline transport in aspergillus nidulans'), (1981, 'a method for the selection of deletion mutations in the l proline catabolism gene cluster of aspergillus nidulans'), (1981, 'gene roles in the prn cluster of aspergillus nidulans'))
keywords : frozenset({'genetics', 'molecular biology', 'cell biology', 'biochemistry'})

firstname : susan
lastname : jones
middlename : barbara
year : 1988
yeardiff_larger_than_0 : 1988
year_papertitle : ((1988, 'alpha 2 adrenergic receptor mediated sensitization of forskolin stimulated cyclic amp production in ht29 cells'),)
keywords : frozenset({'immunology', 'internal medicine', 'biochemistry'})

4/10 positive, 3/10 negative
Do these records refer to the same thing?
(y)es / (n)o / (u)nsure / (f)inished / (p)revious
firstname : lori
lastname : hart
middlename : s
year : 2005
yeardiff_larger_than_0 : 2005
year_papertitle : ((2005, 'the adenovirus e4orf6 protein inhibits dna double strand break repair and radiosensitizes human tumor cells in an e1b 55k independent manner'), (2006, 'arachidonic acid induced gene expression in colon cancer cells'), (2007, 'chemotherapy resistant side population of colon cancer cells has a higher sensitivity to trail than the non sp a higher expression of c myc and trail receptor dr4'), (2007, 'effects of low confluency serum starvation and hypoxia on the side population of cancer cell lines'), (2007, 'the adenoviral e4orf6 protein induces atypical apoptosis in response to dna damage'), (2008, 'invincible but not invisible imaging approaches toward in vivo detection of cancer stem cells'), (2009, 'cell death a new par 4 the trail'), (2009, 'the combination of 5 fluorouracil plus p53 pathway restoration is associated with depletion of p53 deficient or mutant p53 expressing putative colon cancer stem cells'), (2009, 'the p53 target plk2 interacts with tsc proteins impacting mtor signaling tumor growth and chemosensitivity under hypoxic conditions'), (2009, 'visualization and enrichment of live putative cancer stem cell populations following p53 inactivation or bax deletion using non toxic fluorescent dyes'))
keywords : frozenset({'cell biology', 'biophysics', 'molecular biology', 'biochemistry', 'virology', 'internal medicine', 'cancer research'})

firstname : lori
lastname : hart
middlename : scott
year : 2006
yeardiff_larger_than_0 : 2006
year_papertitle : ((2006, 'the adenovirus e4orf6 protein an inhibitor of dna double strand break repair and a radiosensitizer of gliomas'),)
keywords : frozenset({'cell biology', 'molecular biology', 'immunology', 'internal medicine', 'public relations', 'cancer research'})

4/10 positive, 4/10 negative
Do these records refer to the same thing?
(y)es / (n)o / (u)nsure / (f)inished / (p)revious
firstname : christina
lastname : kline
middlename : leah b
year : 2006
yeardiff_larger_than_0 : 2006
year_papertitle : ((2006, 'glucosamine induced phosphorylation of the α subunit of eukaryotic initiation factor 2 is mediated by the protein kinase r like endoplasmic reticulum associated kinase'), (2008, 'src kinase induces tumor formation in the c src c57bl 6 mouse'), (2009, 'delivery of par 4 plasmid in vivo via nanoliposomes sensitizes colon tumor cells subcutaneously implanted into nude mice to 5 fu'), (2009, 'src activity alters α3 integrin expression in colon tumor cells'), (2010, 'abstract 1209 par 4 as therapy for colon cancer'), (2010, 'primary cell lines false representation or model system a comparison of four human colorectal tumors and their coordinately established cell lines'), (2010, 'prostate apoptosis response protein 4 sensitizes human colon cancer cells to chemotherapeutic 5 fu through mediation of an nfκb and microrna network'), (2011, 'preliminary observations indicate variable patterns of plasma 5 fluorouracil 5 fu levels during dose optimization of infusional 5 fu in colorectal cancer patients'), (2011, 'the akt inhibitor isc 4 activates prostate apoptosis response protein 4 and reduces colon tumor growth in a nude mouse model'), (2011, 'the pro apoptotic protein prostate apoptosis response protein 4 par 4 can be activated in colon cancer cells by treatment with src inhibitor and 5 fu'))
keywords : frozenset({'cell biology', 'pharmacology', 'molecular biology', 'pathology', 'biochemistry', 'internal medicine', 'cancer research'})

firstname : christina
lastname : kline
middlename : leah b
year : 2011
yeardiff_larger_than_0 : 2011
year_papertitle : ((2011, 'potential of prostate apoptosis response protein 4 par 4 in colon cancer therapy'),)
keywords : frozenset({'internal medicine', 'cancer research', 'cell biology'})

5/10 positive, 4/10 negative
Do these records refer to the same thing?
(y)es / (n)o / (u)nsure / (f)inished / (p)revious
firstname : fredanna
lastname : mcormack
middlename : a d
year : 2012
yeardiff_larger_than_0 : 2012
year_papertitle : ((2012, 'lactating women s perception of the free health care initiative in rural sierra leone'), (2012, 'socio ecological factors affecting pregnant women s anemia status in freetown sierra leone'), (2014, 'community attitudes toward school based sexuality education in a conservative state'))
keywords : frozenset({'gender studies', 'economic growth', 'demography', 'immunology', 'nursing', 'internal medicine', 'psychiatry'})

firstname : fredanna
lastname : cormack
middlename : a d m
year : 2009
yeardiff_larger_than_0 : 2009
year_papertitle : ((2009, 'ecological determinants of anemia in pregnant women living in freetown urban western area sierra leone'),)
keywords : frozenset({'clinical psychology', 'obstetrics', 'economic growth', 'pediatrics', 'nursing', 'internal medicine', 'internet privacy'})

6/10 positive, 4/10 negative
Do these records refer to the same thing?
(y)es / (n)o / (u)nsure / (f)inished / (p)revious
firstname : janet
lastname : pate
middlename : None
year : 2013
yeardiff_larger_than_0 : 2013
year_papertitle : ((2013, 'a collaborative innovative approach to hand hygiene tackling contaminated hands of healthcare providers and patients'), (2015, 'sustained high level of healthcare worker compliance with hand hygiene policy using the patient as observer approach in the ambulatory setting'), (2016, 'sustained high level of healthcare worker adherence with hand hygiene practice recommendations using the patient as observer approach in the ambulatory setting'))
keywords : frozenset({'physical therapy', 'control theory', 'nursing', 'medical emergency', 'food science', 'environmental health', 'internal medicine'})

firstname : jane
lastname : pate
middlename : d
year : 2013
yeardiff_larger_than_0 : 2013
year_papertitle : ((2013, 'bridging community generational gaps through experiential learning a college nursing student practicum for elderly patients'),)
keywords : frozenset({'medical education', 'clinical psychology', 'social science', 'nursing', 'gerontology', 'internal medicine', 'family medicine', 'pedagogy'})

7/10 positive, 4/10 negative
Do these records refer to the same thing?
(y)es / (n)o / (u)nsure / (f)inished / (p)revious
firstname : li
lastname : liang
middlename : jung
year : 2009
yeardiff_larger_than_0 : 2009
year_papertitle : ((2009, 'behavioral disturbances in early familial alzheimer s disease'), (2011, 'propositional density and apolipoprotein e genotype among persons at risk for familial alzheimer s disease'), (2015, 'early behavioural changes in familial alzheimer s disease in the dominantly inherited alzheimer network'))
keywords : frozenset({'cell biology', 'genetics', 'biochemistry', 'gerontology', 'oncology', 'internal medicine', 'psychiatry'})

firstname : li
lastname : li
middlename : None
year : 1999
yeardiff_larger_than_0 : 1999
year_papertitle : ((1999, 'the influence of the inertial properties of the human body cycling at different pedaling speeds'),)
keywords : frozenset({'control theory', 'surgery', 'physical medicine and rehabilitation'})

7/10 positive, 4/10 negative
Do these records refer to the same thing?
(y)es / (n)o / (u)nsure / (f)inished / (p)revious
firstname : jun
lastname : liang
middlename : f
year : 2017
yeardiff_larger_than_0 : 2017
year_papertitle : ((2017, 'anti cancer activity of camptothecin nanocrystals decorated by silver nanoparticles'), (2017, 'enhanced anticancer activity of drug nanoparticles formulated with β cyclodextrin'), (2018, 'graphene kaolin composite sponge for rapid and riskless hemostasis'), (2018, 'polydopamine enabled surface coating with nano metals'), (2018, 'the dataset of scanning electron microscope images of silver nanoparticles formed in situ by dopamine chemistry'), (2019, 'antimicrobial surfaces stereochemical strategy advances microbially antiadhesive cotton textile in safeguarding skin flora adv healthcare mater 15 2019'), (2019, 'polydopamine decorated orlistat loaded hollow capsules with an enhanced cytotoxicity against cancer cell lines'), (2019, 'stereochemical strategy advances microbially antiadhesive cotton textile in safeguarding skin flora'), (2020, 'controlled released of drug from doubled walled pva hydrogel pcl microspheres prepared by single needle electrospraying method'))
keywords : frozenset({'microbiology', 'pharmacology', 'composite material', 'inorganic chemistry', 'chemical engineering', 'surgery', 'nanotechnology'})

firstname : jun
lastname : li
middlename : None
year : 1997
yeardiff_larger_than_0 : 1997
year_papertitle : ((1997, 'binding uptake and release of l glutamate and related compounds in the brain comparison between dba and c57 mice'),)
keywords : frozenset({'neuroscience', 'internal medicine', 'pediatrics'})

7/10 positive, 5/10 negative
Do these records refer to the same thing?
(y)es / (n)o / (u)nsure / (f)inished / (p)revious
firstname : richard
lastname : hoskins
middlename : s
year : 1988
yeardiff_larger_than_0 : 1988
year_papertitle : ((1988, 'cocaine induced ventricular fibrillation protection afforded by the calcium antagonist verapamil'), (1988, 'prevention of ventricular fibrillation with magnesium sulfate'), (1989, 'selective vagal postganglionic innervation of the sinoatrial and atrioventricular nodes in the non human primate'))
keywords : frozenset({'anesthesia', 'metallurgy', 'internal medicine', 'surgery', 'anatomy'})

firstname : richard
lastname : ho
middlename : li xiang
year : 1992
yeardiff_larger_than_0 : 1992
year_papertitle : ((1992, 'induction of long term survival in a murine lymphoma model by adriamycin and interleukin 2 chemoimmunotherapy dependence on cd8 cells'),)
keywords : frozenset({'pharmacology', 'molecular biology', 'immunology', 'pathology', 'internal medicine'})

7/10 positive, 6/10 negative
Do these records refer to the same thing?
(y)es / (n)o / (u)nsure / (f)inished / (p)revious
firstname : gulnora
lastname : hundley
middlename : None
year : 2007
yeardiff_larger_than_0 : 2007
year_papertitle : ((2007, 'russian speaking immigrants from the commonwealth of independent states in the united states implications for mental health counselors'), (2007, 'the wisdom jar a creative metaphor for terminating counseling supervision'), (2013, 'recovering identity a qualitative investigation of a survivor of dissociative identity disorder'), (2014, 'current status of marriage and family therapy education in uzbekistan a pilot investigation'))
keywords : frozenset({'medical education', 'gender studies', 'psychotherapist', 'law', 'nursing', 'pedagogy', 'linguistics'})

firstname : gulnora
lastname : hundley
middlename : None
year : 2008
yeardiff_larger_than_0 : 2008
year_papertitle : ((2008, 'the effectiveness of delivering unfavorable news to patients diagnosed with cancer training program for oncologists in uzbekistan'),)
keywords : frozenset({'medical education', 'social psychology', 'clinical psychology', 'nursing', 'statistics', 'developmental psychology', 'family medicine', 'psychiatry'})

7/10 positive, 7/10 negative
Do these records refer to the same thing?
(y)es / (n)o / (u)nsure / (f)inished / (p)revious
firstname : yan
lastname : ding
middlename : None
year : 2011
yeardiff_larger_than_0 : 2011
year_papertitle : ((2011, 'genetic susceptibility to anthracycline related congestive heart failure a chf in survivors of hematopoietic cell transplantation hct'), (2012, 'genetic susceptibility to therapy related leukemia after hodgkin lymphoma or non hodgkin lymphoma role of drug metabolism apoptosis and dna repair'), (2012, 'polymorphisms in fragile histidine triad gene fhit associated with aggressive prostate cancer and cancer specific mortality'), (2013, 'genetic susceptibility to anthracycline related congestive heart failure in survivors of haematopoietic cell transplantation'), (2014, 'genetic variant in fragile histidine triad gene fhit and mortality in prostate and breast cancers results from the prostate lung colon ovarian cancer screening trial plco and women s health initiative whi'), (2014, 'hyaluronan synthase 3 variant and anthracycline related cardiomyopathy a report from the children s oncology group'))
keywords : frozenset({'molecular biology', 'immunology', 'genetics', 'biochemistry', 'oncology', 'internal medicine', 'cancer research'})

firstname : yan
lastname : ding
middlename : shirley
year : 1998
yeardiff_larger_than_0 : 1998
year_papertitle : ((1998, 'expression purification and characterization of recombinant human t cell leukemia virus type i protease'),)
keywords : frozenset({'molecular biology', 'immunology', 'biochemistry', 'stereochemistry', 'virology', 'internal medicine'})

7/10 positive, 7/10 negative
Do these records refer to the same thing?
(y)es / (n)o / (u)nsure / (f)inished / (p)revious
firstname : syed
lastname : ali
middlename : a
year : 1997
yeardiff_larger_than_0 : 1997
year_papertitle : ((1997, 'leishmanicidal activity of nystatin mycostatin a potent polyene compound'), (1998, 'a semisynthetic fetal calf serum free liquid medium for in vitro cultivation of leishmania promastigotes'), (1998, 'population based data on urinary excretion of various metabolites in children of north western region of pakistan'), (2002, 'latent activity of curcumin against leishmaniasis in vitro'), (2003, 'cardiac acceleration as a marker of vagal withdrawal in heart rate control during exercise in humans'))
keywords : frozenset({'physical therapy', 'microbiology', 'pharmacology', 'immunology', 'biochemistry', 'virology', 'internal medicine'})

firstname : syed
lastname : ali
middlename : shahid
year : 1999
yeardiff_larger_than_0 : 1999
year_papertitle : ((1999, 'risk management of aflatoxin through mutagenic potential modification and toxin formation by intrinsic components in food'),)
keywords : frozenset({'microbiology', 'pharmacology', 'biochemistry', 'food science', 'horticulture'})

7/10 positive, 8/10 negative
Do these records refer to the same thing?
(y)es / (n)o / (u)nsure / (f)inished / (p)revious
firstname : marco
lastname : silva
middlename : a coutinho da
year : 2003
yeardiff_larger_than_0 : 2003
year_papertitle : ((2003, 'pregnancies attained after collection and transfer of oocytes from ovaries of five euthanatized mares'), (2004, 'use of parentage testing to determine optimum insemination time and culture media for oocyte transfer in mares'), (2010, 'improved sperm cryopreservation in the critically endangered przewalski s horse equus ferus przewalskii using different cryoprotectants'))
keywords : frozenset({'physical therapy', 'andrology', 'endocrinology', 'zoology', 'nuclear medicine', 'internal medicine', 'ethnology', 'surgery', 'ecology'})

firstname : marco
lastname : silva
middlename : antonio coutinho da
year : 2005
yeardiff_larger_than_0 : 2005
year_papertitle : ((2005, 'effects of milk proteins on intracellular calcium ion concentration and stallion sperm binding to zonae pellucidae'),)
keywords : frozenset({'andrology', 'cell biology', 'biochemistry'})

7/10 positive, 9/10 negative
Do these records refer to the same thing?
(y)es / (n)o / (u)nsure / (f)inished / (p)revious
firstname : kelen
lastname : freitas
middlename : None
year : 2013
yeardiff_larger_than_0 : 2013
year_papertitle : ((2013, 'functional role of alpha7 nicotinic receptor in chronic neuropathic and inflammatory pain studies in transgenic mice'), (2015, 'the role of alpha5 nicotinic acetylcholine receptors in mouse models of chronic inflammatory and neuropathic pain'))
keywords : frozenset({'anesthesia', 'physical therapy', 'pharmacology', 'molecular biology', 'immunology', 'internal medicine'})

firstname : kelen
lastname : freitas
middlename : cristina cardoso de
year : 2015
yeardiff_larger_than_0 : 2015
year_papertitle : ((2015, 'effects of nicotinic acetylcholine receptor agonists in assays of pain stimulated and pain depressed behavior in rats'),)
keywords : frozenset({'neuroscience', 'anesthesia', 'pharmacology', 'stereochemistry', 'internal medicine'})

8/10 positive, 9/10 negative
Do these records refer to the same thing?
(y)es / (n)o / (u)nsure / (f)inished / (p)revious
firstname : jogarao
lastname : gobburu
middlename : v s
year : 1998
yeardiff_larger_than_0 : 1998
year_papertitle : ((1998, 'pharmacokinetics dynamics of 5c8 a monoclonal antibody to cd154 cd40 ligand suppression of an immune response in monkeys'), (1999, 'pharmacokinetic pharmacodynamic modeling of ipamorelin a growth hormone releasing peptide in human volunteers'))
keywords : frozenset({'endocrinology', 'molecular biology', 'immunology', 'pharmacology', 'biochemistry', 'virology', 'internal medicine'})

firstname : jogarao
lastname : gobburu
middlename : v s
year : 1997
yeardiff_larger_than_0 : 1997
year_papertitle : ((1997, 'artificial neural networks as a novel approach to pharmacokinetics'),)
keywords : frozenset({'biological system', 'control theory', 'pattern recognition', 'data mining', 'mathematical analysis', 'acoustics', 'statistics', 'algorithm', 'statistical physics', 'artificial intelligence'})

9/10 positive, 9/10 negative
Do these records refer to the same thing?
(y)es / (n)o / (u)nsure / (f)inished / (p)revious
firstname : ling
lastname : wang
middlename : None
year : 2004
yeardiff_larger_than_0 : 2004
year_papertitle : ((2004, 'acute cardiopulmonary effects of a dual endothelin receptor antagonist on oleic acid induced pulmonary arterial hypertension in dogs'), (2004, 'inhibition of inflammatory responses by ambroxol a mucolytic agent in a murine model of acute lung injury induced by lipopolysaccharide'), (2005, 'coagulation and fibrinolysis in human acute lung injury new therapeutic targets'), (2007, 'novel role of the human alveolar epithelium in regulating intra alveolar coagulation'), (2007, 'the alveolar epithelium can initiate the extrinsic coagulation cascade through expression of tissue factor'), (2008, 'intra alveolar tissue factor pathway inhibitor is not sufficient to block tissue factor procoagulant activity'), (2008, 'the coagulation cascade in sepsis'), (2009, 'simvastatin inhibits procoagulant tissue factor activity in alveolar epithelial cells'), (2010, 'novel function of sulfite oxidase as a nitrite reductase that generates nitric oxide'), (2010, 'sodium nitrite enhances pulmonary epithelial cells wound healing under normoxia via cyclic gmpindependent signaling pathways'))
keywords : frozenset({'cell biology', 'anesthesia', 'pathology', 'immunology', 'biochemistry', 'internal medicine', 'surgery'})

firstname : lingyan
lastname : wang
middlename : None
year : 2009
yeardiff_larger_than_0 : 2009
year_papertitle : ((2009, 'age related changes in lungs of a mouse model for hermansky pudlak syndrome'),)
keywords : frozenset({'pathology', 'immunology', 'cancer research', 'internal medicine'})

10/10 positive, 9/10 negative
Do these records refer to the same thing?
(y)es / (n)o / (u)nsure / (f)inished / (p)revious
firstname : jogarao
lastname : gobburu
middlename : v s
year : 1998
yeardiff_larger_than_0 : 1998
year_papertitle : ((1998, 'pharmacokinetics dynamics of 5c8 a monoclonal antibody to cd154 cd40 ligand suppression of an immune response in monkeys'), (1999, 'pharmacokinetic pharmacodynamic modeling of ipamorelin a growth hormone releasing peptide in human volunteers'))
keywords : frozenset({'endocrinology', 'molecular biology', 'immunology', 'pharmacology', 'biochemistry', 'virology', 'internal medicine'})

firstname : jogarao
lastname : gobburu
middlename : v s
year : 1997
yeardiff_larger_than_0 : 1997
year_papertitle : ((1997, 'artificial neural networks as a novel approach to pharmacokinetics'),)
keywords : frozenset({'biological system', 'control theory', 'pattern recognition', 'data mining', 'mathematical analysis', 'acoustics', 'statistics', 'algorithm', 'statistical physics', 'artificial intelligence'})

9/10 positive, 9/10 negative
Do these records refer to the same thing?
(y)es / (n)o / (u)nsure / (f)inished
firstname : ling
lastname : wang
middlename : None
year : 2004
yeardiff_larger_than_0 : 2004
year_papertitle : ((2004, 'acute cardiopulmonary effects of a dual endothelin receptor antagonist on oleic acid induced pulmonary arterial hypertension in dogs'), (2004, 'inhibition of inflammatory responses by ambroxol a mucolytic agent in a murine model of acute lung injury induced by lipopolysaccharide'), (2005, 'coagulation and fibrinolysis in human acute lung injury new therapeutic targets'), (2007, 'novel role of the human alveolar epithelium in regulating intra alveolar coagulation'), (2007, 'the alveolar epithelium can initiate the extrinsic coagulation cascade through expression of tissue factor'), (2008, 'intra alveolar tissue factor pathway inhibitor is not sufficient to block tissue factor procoagulant activity'), (2008, 'the coagulation cascade in sepsis'), (2009, 'simvastatin inhibits procoagulant tissue factor activity in alveolar epithelial cells'), (2010, 'novel function of sulfite oxidase as a nitrite reductase that generates nitric oxide'), (2010, 'sodium nitrite enhances pulmonary epithelial cells wound healing under normoxia via cyclic gmpindependent signaling pathways'))
keywords : frozenset({'cell biology', 'anesthesia', 'pathology', 'immunology', 'biochemistry', 'internal medicine', 'surgery'})

firstname : lingyan
lastname : wang
middlename : None
year : 2009
yeardiff_larger_than_0 : 2009
year_papertitle : ((2009, 'age related changes in lungs of a mouse model for hermansky pudlak syndrome'),)
keywords : frozenset({'pathology', 'immunology', 'cancer research', 'internal medicine'})

10/10 positive, 9/10 negative
Do these records refer to the same thing?
(y)es / (n)o / (u)nsure / (f)inished / (p)revious
firstname : mary
lastname : lopez
middlename : f
year : 1983
yeardiff_larger_than_0 : 1983
year_papertitle : ((1983, 'the polar lipids and free sugars of frankia in culture'), (1984, 'a comparison of cultural characteristics and infectivity of frankia isolates from root nodules of casuarina species'), (1984, 'levels of trehalose and glycogen in frankia sp hfpari3 actinomycetales'), (1986, 'a comparison of carbon source utilization for growth and nitrogenase activity in two frankia isolates'), (1989, 'interaction between hydrogenase nitrogenase and respiratory activities in a frankia isolate from alnus rubra'), (1990, 'development of a dedicated two dimensional gel electrophoresis system that provides optimal pattern reproducibility and polypeptide resolution'))
keywords : frozenset({'microbiology', 'botany', 'biochemistry', 'stereochemistry', 'agronomy', 'chromatography', 'chemical engineering'})

firstname : mary
lastname : lopez
middlename : theresa
year : 1985
yeardiff_larger_than_0 : 1985
year_papertitle : ((1985, 'regulatory interactions between l glutamic acid 60 l alanine 30 l tyrosine 10 gat specific suppressor factors and murine t cell subpopulations helper clones'),)
keywords : frozenset({'cell biology', 'molecular biology', 'immunology', 'biochemistry', 'internal medicine', 'cancer research'})

10/10 positive, 10/10 negative
Do these records refer to the same thing?
(y)es / (n)o / (u)nsure / (f)inished / (p)revious
firstname : kathleen
lastname : hickson
middlename : None
year : 2011
yeardiff_larger_than_0 : 2011
year_papertitle : ((2011, 'how valid is the ahrq patient safety indicator postoperative hemorrhage or hematoma'), (2011, 'validity of selected patient safety indicators opportunities and concerns'), (2013, 'development and testing of tools to detect ambulatory surgical adverse events'), (2014, 'detecting adverse events in surgery comparing events detected by the veterans health administration surgical quality improvement program and the patient safety indicators'))
keywords : frozenset({'clinical psychology', 'nursing', 'medical emergency', 'internal medicine', 'radiology', 'surgery', 'emergency medicine'})

firstname : kathleen
lastname : hickson
middlename : p
year : 2011
yeardiff_larger_than_0 : 2011
year_papertitle : ((2011, 'the relationship between distance to care and readmission for reintervention following lower extremity arterial bypass an exploratory study'),)
keywords : frozenset({'physical therapy', 'nursing', 'surgery', 'internal medicine', 'public relations', 'emergency medicine'})

10/10 positive, 11/10 negative
Do these records refer to the same thing?
(y)es / (n)o / (u)nsure / (f)inished / (p)revious
firstname : karen
lastname : vuckovic
middlename : None
year : 2012
yeardiff_larger_than_0 : 2012
year_papertitle : ((2012, 'abstract 71 improving the heart failure readmission rate at an urban medical center'), (2017, 'homelessness and heart failure a novel prescription'))
keywords : frozenset({'clinical psychology', 'physical therapy', 'pediatrics', 'industrial organization', 'medical emergency', 'internal medicine', 'family medicine', 'emergency medicine'})

firstname : karen
lastname : vuckovic
middlename : m
year : 2013
yeardiff_larger_than_0 : 2013
year_papertitle : ((2013, 'dyspnea in heart failure with a preserved ejection fraction'),)
keywords : frozenset({'physical therapy', 'mathematics education', 'statistics', 'internal medicine', 'surgery'})

10/10 positive, 11/10 negative
Do these records refer to the same thing?
(y)es / (n)o / (u)nsure / (f)inished / (p)revious
firstname : stacey
lastname : watkins
middlename : m
year : 2016
yeardiff_larger_than_0 : 2016
year_papertitle : ((2016, 'association of a combined panel of tumor infiltrating lymphocytes plasma cells and macrophages with recurrence of localized clear cell cc renal cell carcinoma rcc undergoing surgery'), (2018, 'patterns in breast cancer staging imaging are we choosing wisely'))
keywords : frozenset({'pathology', 'immunology', 'nuclear medicine', 'internal medicine', 'radiology', 'surgery', 'cancer research'})

firstname : stacey
lastname : watkins
middlename : None
year : 2013
yeardiff_larger_than_0 : 2013
year_papertitle : ((2013, 'glioma vasculature interactions'),)
keywords : frozenset({'cell biology', 'biophysics', 'pathology', 'biochemistry', 'internal medicine', 'cancer research'})

11/10 positive, 11/10 negative
Do these records refer to the same thing?
(y)es / (n)o / (u)nsure / (f)inished / (p)revious
firstname : james
lastname : turner
middlename : None
year : 2013
yeardiff_larger_than_0 : 2013
year_papertitle : ((2013, 'amyvid a review and assessment of clinical implementation'), (2013, 'comparison of radiation doses for 18 f fdg pet ct imaging and the effect of varying protocols on image interpretation'), (2013, 'development and validation of simple methods to reduce radiation exposure from fdg pet ct patients'), (2013, 'i 131 therapy lack of adherence to nrc and snm guidelines regarding potential radiation exposure to the unborn'), (2013, 'pet mr we can merge technology but can we merge technologists'), (2013, 'the variability of ct techniques and radiopharmaceutical doses for spect ct mpi studies'), (2014, 'a mouse to a moose the emerging world of veterinary radiology'), (2014, 'pet mr hybrid imaging the new gold standard in radiotherapy planning of squamous cell head and neck cancer'), (2014, 'xofigo an exciting new therapy for prostate cancer'), (2015, 'effectiveness of current disinfection practices on medical equipment in a radiology department'))
keywords : frozenset({'medical physics', 'physical therapy', 'microbiology', 'nuclear medicine', 'internal medicine', 'radiology', 'family medicine'})

firstname : james
lastname : turner
middlename : pierpont
year : 2015
yeardiff_larger_than_0 : 2015
year_papertitle : ((2015, 'effects of growth factor supplementation and environmental conditions on human adipose derived stem cell differentiation towards urothelial lineage'),)
keywords : frozenset({'biomedical engineering', 'cell biology', 'internal medicine'})

11/10 positive, 11/10 negative
Do these records refer to the same thing?
(y)es / (n)o / (u)nsure / (f)inished / (p)revious
firstname : phyllis
lastname : eide
middlename : None
year : 1996
yeardiff_larger_than_0 : 1996
year_papertitle : ((1996, 'rural interdisciplinary healthcare training in hawaii a cross cultural project'),)
keywords : frozenset({'medical education', 'social psychology', 'economic growth', 'nursing', 'environmental health', 'public relations'})

firstname : phyllis
lastname : eide
middlename : joanne
year : 2000
yeardiff_larger_than_0 : 2000
year_papertitle : ((2000, 'native hawaiian women and breast cancer stories of transformation and transcendence'),)
keywords : frozenset({'social psychology', 'gender studies', 'literature', 'aesthetics', 'developmental psychology', 'public relations', 'pedagogy', 'epistemology'})

11/10 positive, 11/10 negative
Do these records refer to the same thing?
(y)es / (n)o / (u)nsure / (f)inished / (p)revious
firstname : liang
lastname : zhang
middlename : None
year : 2011
yeardiff_larger_than_0 : 2011
year_papertitle : ((2011, 'red shifted fluorescence of sound dental hard tissue'), (2012, 'optical measure of enamel health ability to triage high risk children in communities without dental practitioners'), (2012, 'spectrally enhanced image resolution of tooth enamel surfaces'), (2012, 'spectrally enhanced imaging of occlusal surfaces and artificial shallow enamel erosions with a scanning fiber endoscope'), (2013, 'fluorescence image guided photodynamic therapy of cancer cells using a scanning fiber endoscope'), (2013, 'multimodal optical device for early childhood caries a clinical prototype'), (2013, 'trimodal detection of early childhood caries using laser light scanning and fluorescence spectroscopy clinical prototype'), (2014, 'guided fluorescence diagnosis of childhood caries preliminary measures correlate with depth of carious decay'))
keywords : frozenset({'optics', 'biomedical engineering', 'analytical chemistry', 'pathology', 'dentistry', 'atomic physics', 'artificial intelligence'})

firstname : liang
lastname : zhang
middlename : samantha
year : 2011
yeardiff_larger_than_0 : 2011
year_papertitle : ((2011, 'photoperiodic properties of circadian rhythm in rat'),)
keywords : frozenset({'optics', 'control theory', 'botany', 'mechanics', 'internal medicine'})

11/10 positive, 11/10 negative
Do these records refer to the same thing?
(y)es / (n)o / (u)nsure / (f)inished / (p)revious
firstname : ying
lastname : liu
middlename : None
year : 2005
yeardiff_larger_than_0 : 2005
year_papertitle : ((2005, 'distributions and source apportionment of ambient volatile organic compounds in beijing city china'), (2007, 'impact of biomass burning on urban air quality estimated by organic tracers guangzhou and beijing as cases'), (2007, 'source apportionment of ambient volatile organic compounds in beijing'), (2008, 'characterization of ozone precursors in the pearl river delta by time series observation of non methane hydrocarbons'), (2008, 'estimate of initial isoprene contribution to ozone formation potential in beijing china'), (2008, 'reactivity of ambient volatile organic compounds vocs in summer of 2004 in beijing'), (2008, 'source apportionment of ambient volatile organic compounds in the pearl river delta china part ii'), (2008, 'source profiles of volatile organic compounds vocs measured in china part i'), (2008, 'volatile organic compound voc measurements in the pearl river delta prd region china'), (2008, 'volatile organic compounds vocs measurement in pearl river delta prd china'))
keywords : frozenset({'economic growth', 'waste management', 'organic chemistry', 'environmental engineering', 'atmospheric sciences', 'internal medicine', 'environmental chemistry'})

firstname : ying
lastname : liu
middlename : None
year : 2009
yeardiff_larger_than_0 : 2009
year_papertitle : ((2009, 'three essays on hypertension prevention and medical product safety in china and the united states'),)
keywords : frozenset({'finance', 'accounting', 'law', 'actuarial science', 'internal medicine', 'microeconomics', 'public economics'})

11/10 positive, 11/10 negative
Do these records refer to the same thing?
(y)es / (n)o / (u)nsure / (f)inished / (p)revious
firstname : phaedra
lastname : thomas
middlename : None
year : 1992
yeardiff_larger_than_0 : 1992
year_papertitle : ((1992, 'menstrual cyclicity of ca 125 in patients with endometriosis'), (1992, 'the effect of consecutive day inseminations on semen characteristics in an intrauterine insemination program'), (1995, 'does low dose combination oral contraceptive use affect uterine size or menstrual flow in premenopausal women with leiomyomas'), (1995, 'endometriosis use of a new ca 125 assay in the diagnosis of endometriosis'), (1996, 'development of a support network for adolescents with endometriosis'), (1996, 'dexamethasone during ovulation induction for in vitro fertilization a pilot study'), (1996, 'use of a second generation ca125 assay in gynecologic patients'))
keywords : frozenset({'clinical psychology', 'andrology', 'surgery', 'animal science', 'internal medicine', 'family medicine', 'gynecology'})

firstname : phaedra
lastname : thomas
middlename : j
year : 2015
yeardiff_larger_than_0 : 2015
year_papertitle : ((2015, 'a forward genetic screen identifies factors associated with fever pathogenesis in i plasmodium falciparum i'),)
keywords : frozenset({'immunology', 'genetics', 'zoology', 'virology', 'internal medicine'})

11/10 positive, 12/10 negative
Do these records refer to the same thing?
(y)es / (n)o / (u)nsure / (f)inished / (p)revious
firstname : wei
lastname : wang
middlename : None
year : 2014
yeardiff_larger_than_0 : 2014
year_papertitle : ((2014, 'peroxynitrite upregulates angiogenic factors vegf a bfgf and hif 1α in human corneal limbal epithelial cells'), (2015, 'programmed cell death 1 is expressed in large retinal ganglion cells and is upregulated after optic nerve crush'), (2017, 'emp2 is a novel therapeutic target for endometrial cancer stem cells'), (2020, 'uveitis in patients treated with ctla 4 and pd 1 checkpoint blockade inhibition'))
keywords : frozenset({'cell biology', 'pathology', 'immunology', 'biochemistry', 'ophthalmology', 'internal medicine', 'cancer research'})

firstname : wei
lastname : wang
middlename : None
year : 2000
yeardiff_larger_than_0 : 2000
year_papertitle : ((2000, 'very low density lipoprotein triglyceride production and lipid metabolism in humans'),)
keywords : frozenset({'endocrinology', 'internal medicine', 'biochemistry'})

11/10 positive, 13/10 negative
Do these records refer to the same thing?
(y)es / (n)o / (u)nsure / (f)inished / (p)revious
firstname : anup
lastname : sharma
middlename : None
year : 2015
yeardiff_larger_than_0 : 2015
year_papertitle : ((2015, 'ndrg1 links p53 with proliferation mediated centrosome homeostasis and genome stability'), (2017, 'epigenetic therapy and chemosensitization in solid malignancy'), (2017, 'hypomethylating agents synergize with irinotecan to improve response to chemotherapy in colorectal cancer cells'), (2017, 'inhibiting dna methylation activates cancer testis antigens and expression of the antigen processing and presentation machinery in colon and ovarian cancer cells'), (2018, 'a phase i trial of a guadecitabine sgi 110 and irinotecan in metastatic colorectal cancer patients previously exposed to irinotecan'))
keywords : frozenset({'cell biology', 'molecular biology', 'immunology', 'genetics', 'pathology', 'internal medicine', 'cancer research'})

firstname : anup
lastname : sharma
middlename : None
year : 2009
yeardiff_larger_than_0 : 2009
year_papertitle : ((2009, 'a neurotoxic phosphoform of elk 1 is implicated in neurodegenerative disease'),)
keywords : frozenset({'computational biology', 'neuroscience', 'cell biology', 'internal medicine'})

11/10 positive, 14/10 negative
Do these records refer to the same thing?
(y)es / (n)o / (u)nsure / (f)inished / (p)revious
firstname : carolyn
lastname : cruz
middlename : de la
year : 1998
yeardiff_larger_than_0 : 1998
year_papertitle : ((1998, 'immobilized igg and fibrinogen differentially affect the cytoskeletal organization and bactericidal function of adherent neutrophils'), (2000, 'neutrophil adhesion to vascular prosthetic surfaces triggers nonapoptotic cell death'))
keywords : frozenset({'cell biology', 'microbiology', 'molecular biology', 'immunology', 'pathology', 'biochemistry', 'internal medicine'})

firstname : cara
lastname : cruz
middlename : de la
year : 2011
yeardiff_larger_than_0 : 2011
year_papertitle : ((2011, 'a mixed method study on the peripartum experience and postpartum effects of emergency hysterectomy due to postpartum hemorrhage'),)
keywords : frozenset({'clinical psychology', 'cell biology', 'gerontology', 'surgery', 'internal medicine', 'family medicine', 'psychiatry'})

11/10 positive, 15/10 negative
Do these records refer to the same thing?
(y)es / (n)o / (u)nsure / (f)inished / (p)revious
firstname : robert
lastname : rodriguez
middlename : m
year : 1993
yeardiff_larger_than_0 : 1993
year_papertitle : ((1993, 'effects of accidental trauma on cytokine and endotoxin production'), (1993, 'emergency department immunization of the elderly with pneumococcal and influenza vaccines'), (1995, 'need and desire for preventive care measures in emergency department patients'), (1996, 'blunt trauma abdominal and pelvic computed tomography has low yield for injuries in more than one anatomic region'), (1998, 'efficacy of recombinant human erythropoietin in the critically ill patient a randomized double blind placebo controlled trial'), (1999, 'visual analog scale assessment of pain and anxiety in intubated intensive care unit patients'), (2000, 'cardiac output measurement with an esophageal doppler in critically ill emergency department patients'))
keywords : frozenset({'intensive care medicine', 'immunology', 'virology', 'internal medicine', 'radiology', 'surgery', 'emergency medicine'})

firstname : robert
lastname : rodriguez
middlename : garrett
year : 2004
yeardiff_larger_than_0 : 2004
year_papertitle : ((2004, 'measures of anxiety stress marital satisfaction and depression among first time expectant fathers living in a rural community an antepartum and postpartum study'),)
keywords : frozenset({'obstetrics', 'clinical psychology', 'demography', 'developmental psychology', 'psychiatry'})

11/10 positive, 16/10 negative
Do these records refer to the same thing?
(y)es / (n)o / (u)nsure / (f)inished / (p)revious
firstname : mohammad
lastname : khoshnevisan
middlename : hossein
year : 2000
yeardiff_larger_than_0 : 2000
year_papertitle : ((2000, 'use of the mcgill pain questionnaire to compare women with vulvar pain pelvic pain and headaches'),)
keywords : frozenset({'physical therapy', 'demography', 'internal medicine', 'surgery', 'dermatology'})

firstname : mohammad
lastname : khoshnevisan
middlename : hossein
year : 2001
yeardiff_larger_than_0 : 2001
year_papertitle : ((2001, 'selected genetic and environmental factors in the etiology of human oral clefting'),)
keywords : frozenset({'social psychology', 'genetics', 'environmental health', 'internal medicine', 'orthodontics'})

11/10 positive, 17/10 negative
Do these records refer to the same thing?
(y)es / (n)o / (u)nsure / (f)inished / (p)revious
firstname : ursula
lastname : weiss
middlename : keller
year : 2009
yeardiff_larger_than_0 : 2009
year_papertitle : ((2009, 'nativity status and depressive symptoms among hispanic young adults the role of stress exposure'), (2009, 'risky sexual behaviors among hispanic young adults in south florida nativity age at immigration and gender differences'), (2014, 'minimally invasive aortic valve replacement in octogenarians performed via a right anterior thoracotomy approach'))
keywords : frozenset({'intensive care medicine', 'public relations', 'medical emergency', 'gerontology', 'surgery', 'internal medicine', 'family medicine'})

firstname : ursula
lastname : weiss
middlename : keller
year : 2012
yeardiff_larger_than_0 : 2012
year_papertitle : ((2012, 'body mass index trajectories and health risk behaviors transition to adulthood'),)
keywords : frozenset({'social psychology', 'clinical psychology', 'demography', 'internal medicine', 'developmental psychology'})

11/10 positive, 17/10 negative
Do these records refer to the same thing?
(y)es / (n)o / (u)nsure / (f)inished / (p)revious
firstname : mohammad
lastname : mian
middlename : anwarul huq
year : 2018
yeardiff_larger_than_0 : 2018
year_papertitle : ((2018, 'multi user model for efficient data management for cibmtr'), (2019, 'utilization of a bmt nursing symposium to standardize education of bmt staff'))
keywords : frozenset({'medical education', 'physical therapy', 'computer network', 'nursing', 'database', 'public relations', 'emergency medicine'})

firstname : mohammad
lastname : mian
middlename : anwarul huq
year : 2006
yeardiff_larger_than_0 : 2006
year_papertitle : ((2006, 'primary care utilization as a predictor for incidence of stroke in the united states'),)
keywords : frozenset({'mathematics education', 'pediatrics', 'demography', 'internal medicine', 'emergency medicine'})

12/10 positive, 17/10 negative
Do these records refer to the same thing?
(y)es / (n)o / (u)nsure / (f)inished / (p)revious
firstname : kate
lastname : malliarakis
middlename : driscoll
year : 2012
yeardiff_larger_than_0 : 2012
year_papertitle : ((2012, 'regulatory management of substance use in high risk nurse populations'), (2012, 'substance abuse risks factors and protective factors'), (2019, 'establishing an open access repository for doctor of nursing practice projects'))
keywords : frozenset({'clinical psychology', 'physical therapy', 'nursing', 'actuarial science', 'family medicine', 'world wide web', 'psychiatry'})

firstname : kathleen
lastname : malliarakis
middlename : driscoll
year : 2012
yeardiff_larger_than_0 : 2012
year_papertitle : ((2012, 'chief nursing officers management of nurses with substance use disorder'),)
keywords : frozenset({'medical education', 'social psychology', 'social science', 'nursing', 'medical emergency', 'family medicine', 'psychiatry'})

12/10 positive, 18/10 negative
Do these records refer to the same thing?
(y)es / (n)o / (u)nsure / (f)inished / (p)revious
firstname : denise
lastname : payan
middlename : diaz
year : 2016
yeardiff_larger_than_0 : 2016
year_papertitle : ((2016, 'do farmers markets increase access to healthy foods for all communities comparing markets in 24 neighborhoods in los angeles'), (2017, 'advocacy coalitions involved in california s menu labeling policy debate exploring coalition structure policy beliefs resources and strategies'), (2017, 'catalyzing implementation of evidence based interventions in safety net settings a clinical community partnership in south los angeles'), (2017, 'factors contributing to food insecurity among women living with hiv in the dominican republic a qualitative study'), (2017, 'perceived barriers and facilitators to healthy eating and school lunch meals among adolescents a qualitative study'), (2018, 'severe food insecurity is associated with overweight and increased body fat among people living with hiv in the dominican republic'), (2019, 'eat pray move a pilot cluster randomized controlled trial of a multilevel church based intervention to address obesity among african americans and latinos'), (2019, 'intrapersonal and environmental barriers to physical activity among blacks and latinos'), (2019, 'it was as though my spirit left like they killed me the disruptive impact of an hiv positive diagnosis among women in the dominican republic'), (2019, 'promoting health from the pulpit a process evaluation of hiv sermons to reduce hiv stigma and promote testing in african american and latino churches'))
keywords : frozenset({'clinical psychology', 'nursing', 'gerontology', 'environmental health', 'internal medicine', 'public relations', 'psychiatry'})

firstname : denise
lastname : payan
middlename : diaz
year : 2015
yeardiff_larger_than_0 : 2015
year_papertitle : ((2015, 'essays examining nutrition behavior and policy in california'),)
keywords : frozenset({'knowledge management', 'social psychology', 'agricultural economics', 'applied psychology', 'law', 'nursing', 'public administration', 'gerontology', 'marketing', 'public relations'})

13/10 positive, 18/10 negative
Do these records refer to the same thing?
(y)es / (n)o / (u)nsure / (f)inished / (p)revious
firstname : sybil
lastname : williams
middlename : m genther
year : 2006
yeardiff_larger_than_0 : 2006
year_papertitle : ((2006, 'a negative feedback signaling network underlies oncogene induced senescence'), (2008, 'torc1 is essential for nf1 associated malignancies'), (2009, 'proteasomal and genetic inactivation of the nf1 tumor suppressor in gliomagenesis'))
keywords : frozenset({'cell biology', 'electrical engineering', 'molecular biology', 'immunology', 'genetics', 'internal medicine', 'cancer research'})

firstname : sybil
lastname : williams
middlename : m genther
year : 2004
yeardiff_larger_than_0 : 2004
year_papertitle : ((2004, 'human papillomavirus type 16 e5 protein role in the viral life cycle and in tumorigenesis'),)
keywords : frozenset({'molecular biology', 'pathology', 'genetics', 'biochemistry', 'virology', 'internal medicine', 'public relations', 'cancer research'})

14/10 positive, 18/10 negative
Do these records refer to the same thing?
(y)es / (n)o / (u)nsure / (f)inished / (p)revious
Finished labeling
Done in 1145.1978102763494 minutes.
