Namespace(testing=False, verbose=1, field=['mathematics'], train_name='mona_degree0', startyear=1980, endyear=2020, loadstartyear=1980, loadendyear=2020, mergemode='m:1', recall=0.9, institution='True', fieldofstudy_cat='False', fieldofstudy_str='False', keywords='False', retrain='True', linking_type='grants', samplesize=100000, write_to='database')
Have max 12 cores available
Testing is False 

I set the write connection to the main database.
id_field is [33923547] and will be passed to sql queries.
finished setup ... 
Time elapsed: 0.0005170901616414388 minutes 


        SELECT a.GrantID || "_" || c.author_position as grantid_authorposition
            , CAST(SUBSTR(a.Award_AwardEffectiveDate, 7, 4) AS INT) AS year_range
            , b.institution, c.firstname, c.lastname, c.middlename
            , '' AS keywords, '' AS coauthors -- # necessary for current code structure
            , CAST(SUBSTR(a.Award_AwardEffectiveDate, 7, 4) AS INT) || "//" || b.institution AS main_us_institutions_year
            , CAST(SUBSTR(a.Award_AwardEffectiveDate, 7, 4) AS INT) || "//" || b.institution AS all_us_institutions_year
        FROM NSF_MAIN as a 
        INNER JOIN (
            SELECT GrantID, Name AS institution
            FROM NSF_Institution
            WHERE Position = 0 -- take the first reported. otherwise possibly duplicates. NSF_Performance_Institution has some missing. https://github.com/chrished/science_career_RAs/issues/19
        ) b 
        USING (GrantID)
        INNER JOIN (
            SELECT GrantID
                , FirstName AS firstname
                , LastName AS lastname
                , PIMidInit AS middlename --# NOTE: PISufxName is often "Jr", "Mr", JR, ... 
                , Position as author_position --## Some grants have >1 PIs
            FROM NSF_Investigator
            WHERE RoleCode = 'principal investigator'
        ) c
        USING (GrantID)
        WHERE AWARD_TranType = 'grant' AND AWARD_Agency = 'nsf' 
            AND a.AwardInstrument_Value IN ('standard grant', 'continuing grant')
            AND c.lastname != 'data not available'
            AND CAST(SUBSTR(a.Award_AwardEffectiveDate, 7, 4) AS INT) >= 1980
            AND CAST(SUBSTR(a.Award_AwardEffectiveDate, 7, 4) AS INT) <= 2020
            AND b.institution != "travel award"
         


    SELECT f.AuthorId
        , f.year
        , f.YearLastPub
        , f.firstname
        , f.lastname
        , CASE TRIM(SUBSTR(f.middle_lastname, 1, f.l_fullname - f.l_firstname - f.l_lastname - 1)) 
            WHEN 
                "" THEN NULL 
                ELSE TRIM(SUBSTR(f.middle_lastname, 1, f.l_fullname - f.l_firstname - f.l_lastname - 1)) 
            END as middlename 
            -- ## NOTE this gives "" for middlename when it is missing 
        , f.fieldofstudy
        , g.keywords
        , g.coauthors
        , g.institution
        , g.main_us_institutions_year
         
        , f.year || ";" || f.YearLastPub AS year_range 
        , g.all_us_institutions_year
    
    FROM (
        SELECT a.AuthorId
            , a.YearFirstPub AS year
            , a.YearLastPub 
            , a.FirstName AS firstname
            , REPLACE(b.NormalizedName, RTRIM(b.NormalizedName, REPLACE(b.NormalizedName, " ", "")), "") AS lastname 
                    -- https://stackoverflow.com/questions/21388820/how-to-get-the-last-index-of-a-substring-in-sqlite
            , TRIM(SUBSTR(b.NormalizedName, length(a.FirstName) + 1)) AS middle_lastname 
                    -- this gives all except the first name 
            , length(b.NormalizedName) as l_fullname 
            , length(a.FirstName) as l_firstname
            , length(REPLACE(b.NormalizedName, RTRIM(b.NormalizedName, REPLACE(b.NormalizedName, " ", "")), "")) as l_lastname
            , e.NormalizedName AS fieldofstudy
        FROM author_sample AS a
        INNER JOIN (
            SELECT AuthorId, NormalizedName
            FROM Authors
        ) AS b USING(AuthorId)
        INNER JOIN (
            SELECT AuthorId
            FROM author_field0
            WHERE FieldOfStudyId_lvl0 IN (?)
                AND Degree <= 0
        ) USING(AuthorId)
        LEFT JOIN (
            SELECT AuthorId, NormalizedName
            FROM author_fields c
            INNER JOIN (
                SELECT FieldOfStudyId, NormalizedName
                FROM FieldsOfStudy
            ) AS d USING(FieldOfStudyId)
            -- ## Condition on fieldofstudy being in the level 0 id_field
            INNER JOIN (
                SELECT ParentFieldOfStudyId, ChildFieldOfStudyId
                FROM crosswalk_fields
                WHERE ParentLevel = 0
                    AND ParentFieldOfStudyId IN (?)
            ) AS e ON (e.ChildFieldOfStudyId = c.FieldOfStudyId)
            WHERE FieldClass = 'first'
        ) AS e USING(AuthorId)
    ) f
    LEFT JOIN (
        SELECT AuthorId
                , main_us_institutions_career as institution
                , coauthors
                , keywords
                , main_us_institutions_year
                , all_us_institutions_year
        FROM author_info_linking
    ) AS g USING(AuthorId)
    
    WHERE f.YearLastPub  >= 1980 - 5 AND year <= 2020 + 5 AND institution is not NULL
     

Time elapsed: 227.0463030298551 minutes 

Starting active labeling...
firstname : ron
lastname : artstein
middlename : None
year_range : (2016,)
main_us_institutions_year : ((2016, 'university of southern california'),)
all_us_institutions_year : ((2016, 'university of southern california'),)

firstname : ron
lastname : artstein
middlename : None
year_range : (2004, 2021)
main_us_institutions_year : ((2008, 'university of southern california'), (2009, 'university of southern california'), (2010, 'institute for creative technologies'), (2011, 'university of southern california'), (2012, 'university of southern california'), (2013, 'university of southern california'), (2014, 'university of southern california'), (2015, 'university of southern california'), (2016, 'university of southern california'), (2017, 'university of southern california'), (2018, 'university of southern california'), (2019, 'institute for creative technologies'), (2020, 'university of southern california'), (2021, 'institute for creative technologies'))
all_us_institutions_year : ((2008, 'institute for creative technologies'), (2008, 'university of southern california'), (2009, 'university of southern california'), (2010, 'institute for creative technologies'), (2010, 'university of southern california'), (2011, 'institute for creative technologies'), (2011, 'university of southern california'), (2012, 'institute for creative technologies'), (2012, 'university of southern california'), (2013, 'university of southern california'), (2014, 'institute for creative technologies'), (2014, 'university of southern california'), (2015, 'institute for creative technologies'), (2015, 'university of southern california'), (2016, 'institute for creative technologies'), (2016, 'university of southern california'), (2017, 'university of southern california'), (2018, 'institute for creative technologies'), (2018, 'university of southern california'), (2019, 'institute for creative technologies'), (2020, 'institute for creative technologies'), (2020, 'university of southern california'), (2021, 'institute for creative technologies'))

0/10 positive, 0/10 negative
Do these records refer to the same thing?
(y)es / (n)o / (u)nsure / (f)inished
firstname : javier
lastname : rojo
middlename : None
year_range : (1986,)
main_us_institutions_year : ((1986, 'university of texas at el paso'),)
all_us_institutions_year : ((1986, 'university of texas at el paso'),)

firstname : javier
lastname : rojo
middlename : None
year_range : (1985, 2013)
main_us_institutions_year : ((1985, 'university of texas at el paso'), (1986, 'university of texas at el paso'), (1991, 'university of texas at el paso'), (1992, 'university of texas at el paso'), (1992, 'university of texas at austin'), (1993, 'university of texas at el paso'), (1994, 'university of texas at el paso'), (1994, 'university of texas at austin'), (1996, 'university of texas at el paso'), (1997, 'university of texas at el paso'), (1998, 'university of texas at el paso'), (2000, 'university of texas at el paso'), (2005, 'rice university'), (2006, 'rice university'), (2007, 'rice university'), (2008, 'rice university'), (2009, 'rice university'), (2011, 'rice university'), (2012, 'rice university'), (2013, 'rice university'))
all_us_institutions_year : ((1985, 'university of texas at el paso'), (1986, 'university of texas at el paso'), (1991, 'university of texas at el paso'), (1992, 'university of texas at austin'), (1992, 'university of texas at el paso'), (1993, 'university of texas at el paso'), (1994, 'university of texas at austin'), (1994, 'university of texas at el paso'), (1996, 'university of texas at austin'), (1996, 'university of texas at el paso'), (1997, 'university of texas at el paso'), (1998, 'university of texas at el paso'), (2000, 'university of texas at el paso'), (2005, 'rice university'), (2006, 'rice university'), (2007, 'rice university'), (2008, 'rice university'), (2009, 'rice university'), (2011, 'rice university'), (2012, 'rice university'), (2013, 'rice university'))

1/10 positive, 0/10 negative
Do these records refer to the same thing?
(y)es / (n)o / (u)nsure / (f)inished / (p)revious
firstname : lifeng
lastname : lai
middlename : None
year_range : (2016,)
main_us_institutions_year : ((2016, 'university of california davis'),)
all_us_institutions_year : ((2016, 'university of california davis'),)

firstname : lifeng
lastname : lai
middlename : None
year_range : (2004, 2021)
main_us_institutions_year : ((2005, 'ohio state university'), (2006, 'ohio state university'), (2007, 'ohio state university'), (2008, 'princeton university'), (2009, 'princeton university'), (2010, 'university of arkansas at little rock'), (2011, 'university of arkansas at little rock'), (2012, 'university of arkansas at little rock'), (2013, 'worcester polytechnic institute'), (2014, 'worcester polytechnic institute'), (2015, 'worcester polytechnic institute'), (2016, 'worcester polytechnic institute'), (2017, 'university of california davis'), (2018, 'university of california davis'), (2019, 'university of california davis'), (2020, 'university of california davis'), (2021, 'university of california davis'))
all_us_institutions_year : ((2005, 'ohio state university'), (2006, 'ohio state university'), (2007, 'ohio state university'), (2007, 'princeton university'), (2007, 'university of arkansas at little rock'), (2008, 'ohio state university'), (2008, 'princeton university'), (2009, 'princeton university'), (2009, 'university of arkansas at little rock'), (2010, 'princeton university'), (2010, 'university of arkansas at little rock'), (2011, 'princeton university'), (2011, 'university of arkansas at little rock'), (2012, 'university of arkansas at little rock'), (2012, 'university of california davis'), (2012, 'worcester polytechnic institute'), (2013, 'worcester polytechnic institute'), (2014, 'worcester polytechnic institute'), (2015, 'worcester polytechnic institute'), (2016, 'university of california davis'), (2016, 'worcester polytechnic institute'), (2017, 'university of california'), (2017, 'university of california davis'), (2018, 'university of california davis'), (2019, 'university of california davis'), (2020, 'university of california davis'), (2021, 'university of california davis'))

2/10 positive, 0/10 negative
Do these records refer to the same thing?
(y)es / (n)o / (u)nsure / (f)inished / (p)revious
firstname : henning
lastname : meyer
middlename : h
year_range : (2001,)
main_us_institutions_year : ((2001, 'university of georgia research foundation inc'),)
all_us_institutions_year : ((2001, 'university of georgia research foundation inc'),)

firstname : henning
lastname : meyerhenke
middlename : None
year_range : (2005, 2021)
main_us_institutions_year : ((2011, 'georgia institute of technology'),)
all_us_institutions_year : ((2011, 'georgia institute of technology'), (2012, 'georgia institute of technology'), (2019, 'humboldt state university'))

3/10 positive, 0/10 negative
Do these records refer to the same thing?
(y)es / (n)o / (u)nsure / (f)inished / (p)revious
firstname : mark
lastname : beck
middlename : None
year_range : (2018,)
main_us_institutions_year : ((2018, 'reed college'),)
all_us_institutions_year : ((2018, 'reed college'),)

firstname : mark
lastname : becker
middlename : w
year_range : (1996, 2020)
main_us_institutions_year : ((1996, 'university of california san diego'), (2000, 'university of california san diego'), (2002, 'university of california los angeles'), (2004, 'lewis clark college'), (2005, 'lewis clark college'), (2006, 'lewis clark college'), (2007, 'lewis clark college'), (2008, 'michigan state university'), (2009, 'michigan state university'), (2010, 'lewis clark college'), (2011, 'michigan state university'), (2012, 'michigan state university'), (2013, 'michigan state university'), (2014, 'michigan state university'), (2015, 'michigan state university'), (2016, 'michigan state university'), (2017, 'michigan state university'), (2018, 'michigan state university'), (2019, 'michigan state university'), (2020, 'michigan state university'))
all_us_institutions_year : ((1996, 'university of california san diego'), (2000, 'university of california san diego'), (2002, 'university of california los angeles'), (2004, 'lewis clark college'), (2005, 'lewis clark college'), (2006, 'lewis clark college'), (2007, 'lewis clark college'), (2008, 'michigan state university'), (2009, 'michigan state university'), (2010, 'lewis clark college'), (2010, 'michigan state university'), (2010, 'university of california san diego'), (2011, 'michigan state university'), (2012, 'michigan state university'), (2013, 'michigan state university'), (2014, 'michigan state university'), (2015, 'michigan state university'), (2016, 'michigan state university'), (2017, 'michigan state university'), (2018, 'michigan state university'), (2019, 'michigan state university'), (2020, 'michigan state university'))

3/10 positive, 1/10 negative
Do these records refer to the same thing?
(y)es / (n)o / (u)nsure / (f)inished / (p)revious
firstname : julian
lastname : edward
middlename : None
year_range : (2009,)
main_us_institutions_year : ((2009, 'florida international university'),)
all_us_institutions_year : ((2009, 'florida international university'),)

firstname : julianne
lastname : edwards
middlename : m
year_range : (2014, 2016)
main_us_institutions_year : ((2014, 'ball state university'), (2016, 'ball state university'))
all_us_institutions_year : ((2014, 'ball state university'), (2016, 'ball state university'))

3/10 positive, 2/10 negative
Do these records refer to the same thing?
(y)es / (n)o / (u)nsure / (f)inished / (p)revious
firstname : douglas
lastname : jacobson
middlename : w
year_range : (2014,)
main_us_institutions_year : ((2014, 'iowa state university'),)
all_us_institutions_year : ((2014, 'iowa state university'),)

firstname : douglass
lastname : jacobs
middlename : f
year_range : (2001, 2021)
main_us_institutions_year : ((2001, 'university of georgia'), (2003, 'oregon state university'), (2004, 'purdue university'), (2005, 'purdue university'), (2006, 'purdue university'), (2007, 'purdue university'), (2008, 'purdue university'), (2009, 'purdue university'), (2010, 'purdue university'), (2011, 'purdue university'), (2012, 'purdue university'), (2013, 'purdue university'), (2014, 'purdue university'), (2015, 'purdue university'), (2016, 'purdue university'), (2017, 'purdue university'), (2018, 'purdue university'), (2019, 'purdue university'), (2020, 'purdue university'), (2021, 'purdue university'))
all_us_institutions_year : ((2001, 'university of georgia'), (2003, 'oregon state university'), (2004, 'oregon state university'), (2004, 'purdue university'), (2005, 'oregon state university'), (2005, 'purdue university'), (2006, 'purdue university'), (2007, 'purdue university'), (2008, 'indiana university'), (2008, 'purdue university'), (2008, 'united states department of agriculture'), (2008, 'united states forest service'), (2009, 'purdue university'), (2010, 'purdue university'), (2011, 'purdue university'), (2011, 'united states forest service'), (2012, 'purdue university'), (2013, 'purdue university'), (2014, 'purdue university'), (2015, 'purdue university'), (2016, 'purdue university'), (2017, 'purdue university'), (2018, 'purdue university'), (2019, 'purdue university'), (2020, 'purdue university'), (2021, 'purdue university'))

3/10 positive, 3/10 negative
Do these records refer to the same thing?
(y)es / (n)o / (u)nsure / (f)inished / (p)revious
firstname : william
lastname : kurtin
middlename : e
year_range : (1985,)
main_us_institutions_year : ((1985, 'trinity university'),)
all_us_institutions_year : ((1985, 'trinity university'),)

firstname : william
lastname : kurtines
middlename : m
year_range : (1972, 2019)
main_us_institutions_year : ((1972, 'johns hopkins university'), (1977, 'florida international university'), (1980, 'florida international university'), (1983, 'florida international university'), (1985, 'university of miami'), (1986, 'university of miami'), (1988, 'florida international university'), (1989, 'florida international university'), (1990, 'university of miami'), (1993, 'florida international university'), (1995, 'florida international university'), (1996, 'florida international university'), (1997, 'florida international university'), (1999, 'florida international university'), (2000, 'florida international university'), (2002, 'florida international university'), (2004, 'florida international university'), (2005, 'florida international university'), (2007, 'florida international university'), (2008, 'florida international university'), (2009, 'florida international university'), (2010, 'florida international university'), (2012, 'florida international university'), (2014, 'florida international university'), (2017, 'florida international university'), (2019, 'florida international university'))
all_us_institutions_year : ((1972, 'johns hopkins university'), (1977, 'florida international university'), (1980, 'florida international university'), (1983, 'florida international university'), (1985, 'university of miami'), (1986, 'university of miami'), (1988, 'florida international university'), (1989, 'florida international university'), (1989, 'university of miami'), (1990, 'florida international university'), (1990, 'university of miami'), (1991, 'florida international university'), (1993, 'florida international university'), (1995, 'florida international university'), (1996, 'florida international university'), (1997, 'florida international university'), (1999, 'florida international university'), (2000, 'florida international university'), (2002, 'florida international university'), (2004, 'florida international university'), (2005, 'florida international university'), (2007, 'florida international university'), (2008, 'florida international university'), (2009, 'florida international university'), (2010, 'florida international university'), (2012, 'florida international university'), (2014, 'florida international university'), (2015, 'florida international university'), (2017, 'florida international university'), (2019, 'florida international university'))

3/10 positive, 4/10 negative
Do these records refer to the same thing?
(y)es / (n)o / (u)nsure / (f)inished / (p)revious
firstname : robert
lastname : franks
middlename : d
year_range : (2003,)
main_us_institutions_year : ((2003, 'central college of iowa'),)
all_us_institutions_year : ((2003, 'central college of iowa'),)

firstname : c
lastname : frank
middlename : d
year_range : (1988, 1992)
main_us_institutions_year : ((1988, 'university of illinois at urbana champaign'), (1989, 'university of illinois at urbana champaign'), (1990, 'university of illinois at urbana champaign'), (1991, 'university of illinois at urbana champaign'), (1992, 'university of illinois at urbana champaign'))
all_us_institutions_year : ((1988, 'university of illinois at urbana champaign'), (1989, 'university of illinois at urbana champaign'), (1990, 'university of illinois at urbana champaign'), (1991, 'university of illinois at urbana champaign'), (1992, 'university of illinois at urbana champaign'))

3/10 positive, 5/10 negative
Do these records refer to the same thing?
(y)es / (n)o / (u)nsure / (f)inished / (p)revious
firstname : jerome
lastname : sacks
middlename : None
year_range : (1985,)
main_us_institutions_year : ((1985, 'university of illinois at urbana champaign'),)
all_us_institutions_year : ((1985, 'university of illinois at urbana champaign'),)

firstname : j
lastname : sack
middlename : None
year_range : (1976, 2008)
main_us_institutions_year : None
all_us_institutions_year : ((1978, 'university of california los angeles'),)

3/10 positive, 6/10 negative
Do these records refer to the same thing?
(y)es / (n)o / (u)nsure / (f)inished / (p)revious
firstname : richard
lastname : kenyon
middlename : None
year_range : (2016,)
main_us_institutions_year : ((2016, 'brown university'),)
all_us_institutions_year : ((2016, 'brown university'),)

firstname : richard
lastname : kent
middlename : p
year_range : (2002, 2016)
main_us_institutions_year : ((2002, 'university of north carolina at asheville'), (2004, 'university of texas at austin'), (2005, 'university of texas at austin'), (2006, 'university of texas at austin'), (2008, 'brown university'), (2009, 'brown university'), (2012, 'university of wisconsin madison'), (2013, 'university of wisconsin madison'), (2014, 'university of wisconsin madison'))
all_us_institutions_year : ((2002, 'university of north carolina at asheville'), (2004, 'university of texas at austin'), (2005, 'brown university'), (2005, 'university of texas at austin'), (2006, 'brown university'), (2006, 'university of texas at austin'), (2007, 'brown university'), (2008, 'brown university'), (2009, 'brown university'), (2009, 'university of wisconsin madison'), (2012, 'university of wisconsin madison'), (2013, 'university of wisconsin madison'), (2014, 'university of wisconsin madison'))

3/10 positive, 7/10 negative
Do these records refer to the same thing?
(y)es / (n)o / (u)nsure / (f)inished / (p)revious
firstname : jennifer
lastname : johnson
middlename : None
year_range : (2012,)
main_us_institutions_year : ((2012, 'ohio state university'),)
all_us_institutions_year : ((2012, 'ohio state university'),)

firstname : j
lastname : johnson
middlename : a
year_range : (1956, 2021)
main_us_institutions_year : ((1998, 'argonne national laboratory'), (1999, 'argonne national laboratory'), (2000, 'argonne national laboratory'), (2001, 'argonne national laboratory'), (2003, 'argonne national laboratory'), (2004, 'argonne national laboratory'), (2005, 'argonne national laboratory'), (2006, 'argonne national laboratory'), (2007, 'argonne national laboratory'), (2009, 'university of tennessee space institute'), (2010, 'university of tennessee space institute'), (2011, 'university of tennessee space institute'), (2012, 'university of tennessee space institute'), (2013, 'university of tennessee space institute'), (2014, 'university of tennessee space institute'), (2015, 'university of tennessee space institute'), (2016, 'university of tennessee space institute'), (2017, 'university of tennessee space institute'), (2018, 'university of tennessee space institute'), (2020, 'university of tennessee space institute'), (2021, 'university of tennessee space institute'))
all_us_institutions_year : ((1998, 'argonne national laboratory'), (1999, 'argonne national laboratory'), (2000, 'argonne national laboratory'), (2001, 'argonne national laboratory'), (2003, 'argonne national laboratory'), (2004, 'argonne national laboratory'), (2005, 'argonne national laboratory'), (2005, 'university of chicago'), (2006, 'argonne national laboratory'), (2007, 'argonne national laboratory'), (2008, 'university of chicago'), (2008, 'university of tennessee space institute'), (2009, 'argonne national laboratory'), (2009, 'university of tennessee space institute'), (2010, 'argonne national laboratory'), (2010, 'university of tennessee space institute'), (2011, 'university of tennessee'), (2011, 'university of tennessee space institute'), (2012, 'university of tennessee space institute'), (2013, 'ohio state university'), (2013, 'university of tennessee'), (2013, 'university of tennessee space institute'), (2014, 'ohio state university'), (2014, 'university of tennessee space institute'), (2015, 'university of tennessee space institute'), (2016, 'ohio state university'), (2016, 'university of tennessee space institute'), (2017, 'ohio state university'), (2017, 'university of tennessee space institute'), (2018, 'university of tennessee space institute'), (2020, 'university of tennessee space institute'), (2021, 'university of tennessee space institute'))

3/10 positive, 8/10 negative
Do these records refer to the same thing?
(y)es / (n)o / (u)nsure / (f)inished / (p)revious
firstname : kam
lastname : tang
middlename : w
year_range : (2003,)
main_us_institutions_year : ((2003, 'college of william mary virginia institute of marine science'),)
all_us_institutions_year : ((2003, 'college of william mary virginia institute of marine science'),)

firstname : k
lastname : tang
middlename : w
year_range : (1994, 2007)
main_us_institutions_year : ((1994, 'state university of new york system'), (1995, 'state university of new york system'), (2007, 'state university of new york system'))
all_us_institutions_year : ((1994, 'state university of new york system'), (1995, 'state university of new york system'), (2007, 'state university of new york system'))

3/10 positive, 8/10 negative
Do these records refer to the same thing?
(y)es / (n)o / (u)nsure / (f)inished / (p)revious
firstname : shankar
lastname : krishnan
middlename : None
year_range : (1997,)
main_us_institutions_year : ((1997, 'containerless research inc'),)
all_us_institutions_year : ((1997, 'containerless research inc'),)

firstname : shankar
lastname : krishnan
middlename : None
year_range : (1995, 2021)
main_us_institutions_year : ((1995, 'university of north carolina at chapel hill'), (1996, 'university of north carolina at chapel hill'), (1997, 'university of north carolina at chapel hill'), (1998, 'university of north carolina at chapel hill'), (1999, 'at t'), (1999, 'university of north carolina at chapel hill'), (2000, 'at t'), (2001, 'at t labs'), (2002, 'at t'), (2003, 'at t labs'), (2004, 'at t labs'), (2005, 'at t labs'), (2005, 'at t'), (2006, 'at t labs'), (2006, 'at t'), (2008, 'at t labs'), (2009, 'at t labs'), (2009, 'at t'), (2010, 'at t labs'), (2011, 'at t labs'), (2012, 'at t'), (2012, 'akamai technologies'), (2013, 'at t labs'), (2013, 'akamai technologies'), (2018, 'google'), (2019, 'google'), (2020, 'google'), (2021, 'google'))
all_us_institutions_year : ((1995, 'university of north carolina at chapel hill'), (1996, 'university of north carolina at chapel hill'), (1997, 'university of north carolina at chapel hill'), (1998, 'university of north carolina at chapel hill'), (1999, 'at t'), (1999, 'university of north carolina at chapel hill'), (2000, 'at t'), (2000, 'at t labs'), (2001, 'at t'), (2001, 'at t labs'), (2002, 'at t'), (2002, 'at t labs'), (2003, 'at t'), (2003, 'at t labs'), (2004, 'at t'), (2004, 'at t labs'), (2005, 'at t'), (2005, 'at t labs'), (2006, 'at t'), (2006, 'at t labs'), (2007, 'university of north carolina at chapel hill'), (2008, 'at t'), (2008, 'at t labs'), (2009, 'at t'), (2009, 'at t labs'), (2010, 'at t labs'), (2011, 'at t'), (2011, 'at t labs'), (2012, 'akamai technologies'), (2012, 'at t'), (2013, 'akamai technologies'), (2013, 'at t'), (2013, 'at t labs'), (2015, 'at t'), (2017, 'google'), (2018, 'google'), (2019, 'google'), (2020, 'google'), (2021, 'google'))

3/10 positive, 9/10 negative
Do these records refer to the same thing?
(y)es / (n)o / (u)nsure / (f)inished / (p)revious
firstname : penny
lastname : rowe
middlename : m
year_range : (2020,)
main_us_institutions_year : ((2020, 'northwest research associates incorporated'),)
all_us_institutions_year : ((2020, 'northwest research associates incorporated'),)

firstname : penny
lastname : rowe
middlename : m
year_range : (2002, 2021)
main_us_institutions_year : ((2002, 'university of washington'),)
all_us_institutions_year : ((2002, 'university of washington'),)

3/10 positive, 10/10 negative
Do these records refer to the same thing?
(y)es / (n)o / (u)nsure / (f)inished / (p)revious
firstname : yuri
lastname : latushkin
middlename : None
year_range : (1994,)
main_us_institutions_year : ((1994, 'university of missouri columbia'),)
all_us_institutions_year : ((1994, 'university of missouri columbia'),)

firstname : yuri
lastname : latushkin
middlename : None
year_range : (1994, 2021)
main_us_institutions_year : ((1994, 'university of missouri'), (1995, 'university of missouri'), (1996, 'university of missouri'), (1997, 'university of missouri'), (1998, 'university of missouri'), (1999, 'university of missouri'), (2000, 'university of missouri'), (2003, 'university of missouri'), (2004, 'university of missouri'), (2005, 'university of missouri'), (2006, 'university of missouri'), (2007, 'university of missouri'), (2008, 'university of missouri'), (2009, 'university of missouri'), (2010, 'university of missouri'), (2011, 'university of missouri'), (2013, 'university of missouri'), (2014, 'university of missouri'), (2015, 'university of missouri'), (2016, 'university of missouri'), (2017, 'university of missouri'), (2018, 'university of missouri'), (2019, 'university of missouri'), (2020, 'university of missouri'), (2021, 'university of missouri'))
all_us_institutions_year : ((1993, 'university of missouri'), (1994, 'university of missouri'), (1995, 'university of missouri'), (1996, 'university of missouri'), (1997, 'university of missouri'), (1998, 'university of missouri'), (1999, 'university of missouri'), (2000, 'university of missouri'), (2001, 'university of missouri'), (2002, 'university of missouri'), (2003, 'university of missouri'), (2004, 'university of missouri'), (2005, 'university of missouri'), (2006, 'university of missouri'), (2007, 'university of missouri'), (2008, 'university of missouri'), (2009, 'university of missouri'), (2010, 'university of missouri'), (2011, 'university of missouri'), (2012, 'university of missouri'), (2013, 'university of missouri'), (2014, 'university of missouri'), (2015, 'university of missouri'), (2016, 'university of missouri'), (2017, 'university of missouri'), (2018, 'university of missouri'), (2019, 'university of missouri'), (2020, 'university of missouri'), (2021, 'university of missouri'))

3/10 positive, 11/10 negative
Do these records refer to the same thing?
(y)es / (n)o / (u)nsure / (f)inished / (p)revious
firstname : jonghyun
lastname : park
middlename : None
year_range : (2016,)
main_us_institutions_year : ((2016, 'missouri university of science and technology'),)
all_us_institutions_year : ((2016, 'missouri university of science and technology'),)

firstname : jong
lastname : park
middlename : moo
year_range : (1989, 1994)
main_us_institutions_year : ((1989, 'missouri university of science and technology'), (1990, 'missouri university of science and technology'), (1994, 'missouri university of science and technology'))
all_us_institutions_year : ((1989, 'missouri university of science and technology'), (1990, 'missouri university of science and technology'), (1994, 'missouri university of science and technology'))

4/10 positive, 11/10 negative
Do these records refer to the same thing?
(y)es / (n)o / (u)nsure / (f)inished / (p)revious
firstname : m
lastname : mannan
middlename : s
year_range : (2013,)
main_us_institutions_year : ((2013, 'texas a m engineering experiment station'),)
all_us_institutions_year : ((2013, 'texas a m engineering experiment station'),)

firstname : m
lastname : mannan
middlename : sam
year_range : (1999, 2021)
main_us_institutions_year : ((1999, 'texas a m university system'), (2000, 'texas a m university'), (2001, 'texas a m university system'), (2001, 'texas a m university'), (2002, 'texas a m university'), (2003, 'texas a m university'), (2004, 'texas a m university'), (2005, 'texas a m university system'), (2005, 'texas a m university'), (2006, 'texas a m university'), (2007, 'texas a m university system'), (2008, 'texas a m university system'), (2009, 'texas a m university system'), (2010, 'texas a m university'), (2011, 'texas a m university system'), (2012, 'texas a m university'), (2013, 'texas a m university'), (2014, 'texas a m university'), (2015, 'texas a m university'), (2016, 'texas a m university'), (2017, 'texas a m university'), (2018, 'texas a m university'), (2019, 'texas a m university'), (2020, 'texas a m university'), (2021, 'texas a m university'))
all_us_institutions_year : ((1999, 'texas a m university system'), (2000, 'texas a m university'), (2001, 'texas a m university'), (2001, 'texas a m university system'), (2002, 'texas a m university'), (2002, 'texas a m university system'), (2003, 'texas a m university'), (2003, 'texas a m university system'), (2004, 'texas a m university'), (2004, 'texas a m university system'), (2005, 'texas a m university'), (2005, 'texas a m university system'), (2006, 'texas a m university'), (2006, 'texas a m university system'), (2007, 'texas a m university'), (2007, 'texas a m university system'), (2008, 'texas a m university'), (2008, 'texas a m university system'), (2009, 'texas a m university'), (2009, 'texas a m university system'), (2010, 'texas a m university'), (2010, 'texas a m university system'), (2011, 'texas a m university'), (2011, 'texas a m university system'), (2012, 'texas a m university'), (2012, 'texas a m university system'), (2013, 'texas a m university'), (2013, 'texas a m university system'), (2014, 'texas a m university'), (2014, 'texas a m university system'), (2015, 'texas a m university'), (2015, 'texas a m university system'), (2016, 'texas a m university'), (2016, 'texas a m university system'), (2017, 'texas a m university'), (2017, 'texas a m university system'), (2018, 'texas a m university'), (2018, 'texas a m university system'), (2019, 'texas a m university'), (2019, 'texas a m university system'), (2020, 'texas a m university'), (2020, 'texas a m university system'), (2021, 'texas a m university'))

4/10 positive, 12/10 negative
Do these records refer to the same thing?
(y)es / (n)o / (u)nsure / (f)inished / (p)revious
firstname : chengbo
lastname : yue
middlename : None
year_range : (1994,)
main_us_institutions_year : ((1994, 'pennsylvania state univ university park'),)
all_us_institutions_year : ((1994, 'pennsylvania state univ university park'),)

firstname : chengbo
lastname : yue
middlename : None
year_range : (1994, 1995)
main_us_institutions_year : ((1994, 'pennsylvania state university'), (1995, 'pennsylvania state university'))
all_us_institutions_year : ((1994, 'pennsylvania state university'), (1995, 'pennsylvania state university'))

5/10 positive, 12/10 negative
Do these records refer to the same thing?
(y)es / (n)o / (u)nsure / (f)inished / (p)revious
firstname : eric
lastname : sandvol
middlename : None
year_range : (2003,)
main_us_institutions_year : ((2003, 'university of missouri columbia'),)
all_us_institutions_year : ((2003, 'university of missouri columbia'),)

firstname : eric
lastname : sandvol
middlename : None
year_range : (1992, 2020)
main_us_institutions_year : ((1992, 'new mexico state university'), (1994, 'new mexico state university'), (1996, 'cornell university'), (1996, 'new mexico state university'), (1997, 'cornell university'), (1998, 'cornell university'), (1999, 'cornell university'), (2000, 'cornell university'), (2001, 'cornell university'), (2002, 'cornell university'), (2003, 'university of missouri'), (2004, 'university of missouri'), (2005, 'university of missouri'), (2006, 'university of missouri'), (2007, 'university of missouri'), (2008, 'university of missouri'), (2009, 'university of missouri'), (2010, 'university of missouri'), (2011, 'university of missouri'), (2012, 'university of missouri'), (2013, 'university of missouri'), (2014, 'university of missouri'), (2015, 'university of missouri'), (2016, 'university of missouri'), (2017, 'university of missouri'), (2018, 'university of missouri'), (2019, 'university of missouri'), (2020, 'university of missouri'))
all_us_institutions_year : ((1992, 'new mexico state university'), (1994, 'new mexico state university'), (1996, 'cornell university'), (1996, 'new mexico state university'), (1997, 'cornell university'), (1998, 'cornell university'), (1999, 'cornell university'), (2000, 'cornell university'), (2001, 'cornell university'), (2002, 'cornell university'), (2003, 'university of missouri'), (2004, 'university of missouri'), (2005, 'university of missouri'), (2006, 'university of missouri'), (2007, 'lamont doherty earth observatory'), (2007, 'university of missouri'), (2008, 'university of missouri'), (2009, 'university of missouri'), (2010, 'university of missouri'), (2011, 'university of missouri'), (2012, 'university of missouri'), (2013, 'university of missouri'), (2014, 'university of missouri'), (2015, 'university of missouri'), (2016, 'university of missouri'), (2017, 'university of missouri'), (2018, 'university of missouri'), (2019, 'university of missouri'), (2020, 'university of missouri'))

6/10 positive, 12/10 negative
Do these records refer to the same thing?
(y)es / (n)o / (u)nsure / (f)inished / (p)revious
firstname : brent
lastname : fultz
middlename : t
year_range : (2012,)
main_us_institutions_year : ((2012, 'california institute of technology'),)
all_us_institutions_year : ((2012, 'california institute of technology'),)

firstname : b
lastname : fultz
middlename : None
year_range : (1978, 2021)
main_us_institutions_year : ((1978, 'lawrence berkeley national laboratory'), (1978, 'university of california berkeley'), (1980, 'university of california berkeley'), (1981, 'university of california berkeley'), (1984, 'lawrence berkeley national laboratory'), (1985, 'california institute of technology'), (1986, 'university of california berkeley'), (1987, 'california institute of technology'), (1988, 'california institute of technology'), (1989, 'california institute of technology'), (1990, 'california institute of technology'), (1991, 'california institute of technology'), (1992, 'california institute of technology'), (1993, 'california institute of technology'), (1994, 'california institute of technology'), (1995, 'california institute of technology'), (1996, 'california institute of technology'), (1997, 'california institute of technology'), (1998, 'california institute of technology'), (1999, 'california institute of technology'), (2000, 'california institute of technology'), (2001, 'california institute of technology'), (2002, 'california institute of technology'), (2003, 'california institute of technology'), (2004, 'california institute of technology'), (2005, 'california institute of technology'), (2006, 'california institute of technology'), (2007, 'california institute of technology'), (2008, 'california institute of technology'), (2009, 'california institute of technology'), (2010, 'california institute of technology'), (2011, 'california institute of technology'), (2012, 'california institute of technology'), (2013, 'california institute of technology'), (2014, 'california institute of technology'), (2015, 'california institute of technology'), (2016, 'california institute of technology'), (2017, 'california institute of technology'), (2018, 'california institute of technology'), (2019, 'california institute of technology'), (2020, 'california institute of technology'), (2021, 'california institute of technology'))
all_us_institutions_year : ((1978, 'lawrence berkeley national laboratory'), (1978, 'university of california berkeley'), (1980, 'university of california berkeley'), (1981, 'university of california berkeley'), (1983, 'university of california berkeley'), (1984, 'lawrence berkeley national laboratory'), (1984, 'university of california'), (1985, 'california institute of technology'), (1985, 'lawrence berkeley national laboratory'), (1986, 'california institute of technology'), (1986, 'university of california'), (1986, 'university of california berkeley'), (1987, 'california institute of technology'), (1988, 'california institute of technology'), (1989, 'california institute of technology'), (1990, 'california institute of technology'), (1991, 'california institute of technology'), (1992, 'california institute of technology'), (1993, 'california institute of technology'), (1994, 'california institute of technology'), (1995, 'california institute of technology'), (1996, 'california institute of technology'), (1997, 'california institute of technology'), (1998, 'california institute of technology'), (1999, 'california institute of technology'), (2000, 'california institute of technology'), (2001, 'california institute of technology'), (2002, 'california institute of technology'), (2003, 'california institute of technology'), (2004, 'california institute of technology'), (2004, 'hrl laboratories'), (2005, 'california institute of technology'), (2006, 'california institute of technology'), (2007, 'california institute of technology'), (2008, 'california institute of technology'), (2009, 'california institute of technology'), (2010, 'california institute of technology'), (2011, 'california institute of technology'), (2011, 'university of southern california'), (2012, 'california institute of technology'), (2013, 'california institute of technology'), (2014, 'california institute of technology'), (2015, 'california institute of technology'), (2016, 'california institute of technology'), (2017, 'california institute of technology'), (2018, 'california institute of technology'), (2019, 'california institute of technology'), (2020, 'california institute of technology'), (2021, 'california institute of technology'))

7/10 positive, 12/10 negative
Do these records refer to the same thing?
(y)es / (n)o / (u)nsure / (f)inished / (p)revious
firstname : lei
lastname : wei
middlename : None
year_range : (2002,)
main_us_institutions_year : ((2002, 'the university of central florida board of trustees'),)
all_us_institutions_year : ((2002, 'the university of central florida board of trustees'),)

firstname : lei
lastname : wei
middlename : None
year_range : (1992, 2011)
main_us_institutions_year : ((2002, 'university of central florida'), (2003, 'university of central florida'), (2004, 'university of central florida'), (2005, 'university of central florida'), (2006, 'university of central florida'), (2011, 'university of central florida'))
all_us_institutions_year : ((2002, 'university of central florida'), (2003, 'university of central florida'), (2004, 'university of central florida'), (2005, 'university of central florida'), (2006, 'university of central florida'), (2011, 'university of central florida'))

8/10 positive, 12/10 negative
Do these records refer to the same thing?
(y)es / (n)o / (u)nsure / (f)inished / (p)revious
firstname : takashi
lastname : kimura
middlename : None
year_range : (2002,)
main_us_institutions_year : ((2002, 'trustees of boston university'),)
all_us_institutions_year : ((2002, 'trustees of boston university'),)

firstname : takashi
lastname : kimura
middlename : None
year_range : (1991, 1993)
main_us_institutions_year : ((1991, 'university of texas at austin'), (1993, 'university of texas at austin'))
all_us_institutions_year : ((1991, 'university of texas at austin'), (1992, 'university of texas at austin'), (1993, 'university of texas at austin'))

9/10 positive, 12/10 negative
Do these records refer to the same thing?
(y)es / (n)o / (u)nsure / (f)inished / (p)revious
firstname : william
lastname : atchley
middlename : r
year_range : (1980,)
main_us_institutions_year : ((1980, 'university of wisconsin madison'),)
all_us_institutions_year : ((1980, 'university of wisconsin madison'),)

firstname : william
lastname : atchley
middlename : r
year_range : (1971, 2012)
main_us_institutions_year : ((1987, 'north carolina state university'), (1988, 'north carolina state university'), (1989, 'north carolina state university'), (1990, 'north carolina state university'), (1991, 'north carolina state university'), (1992, 'north carolina state university'), (1993, 'north carolina state university'), (1994, 'north carolina state university'), (1995, 'north carolina state university'), (1996, 'north carolina state university'), (1997, 'north carolina state university'), (1998, 'north carolina state university'), (1999, 'north carolina state university'), (2000, 'north carolina state university'), (2001, 'north carolina state university'), (2002, 'north carolina state university'), (2003, 'north carolina state university'), (2005, 'north carolina state university'), (2006, 'north carolina state university'), (2007, 'north carolina state university'), (2008, 'north carolina state university'), (2011, 'north carolina state university'), (2012, 'north carolina state university'))
all_us_institutions_year : ((1987, 'north carolina state university'), (1988, 'north carolina state university'), (1989, 'north carolina state university'), (1990, 'north carolina state university'), (1991, 'north carolina state university'), (1992, 'north carolina state university'), (1993, 'north carolina state university'), (1994, 'north carolina state university'), (1995, 'north carolina state university'), (1996, 'north carolina state university'), (1997, 'north carolina state university'), (1998, 'north carolina state university'), (1999, 'north carolina state university'), (2000, 'north carolina state university'), (2000, 'university of michigan'), (2001, 'north carolina state university'), (2002, 'north carolina state university'), (2003, 'north carolina state university'), (2005, 'north carolina state university'), (2006, 'north carolina state university'), (2007, 'north carolina state university'), (2008, 'north carolina state university'), (2011, 'north carolina state university'), (2012, 'north carolina state university'))

9/10 positive, 13/10 negative
Do these records refer to the same thing?
(y)es / (n)o / (u)nsure / (f)inished / (p)revious
firstname : leland
lastname : atkinson
middlename : g
year_range : (1987,)
main_us_institutions_year : ((1987, 'gradient lens corporation'),)
all_us_institutions_year : ((1987, 'gradient lens corporation'),)

firstname : leland
lastname : atkinson
middlename : g
year_range : (1982, 1994)
main_us_institutions_year : ((1982, 'university of rochester'), (1984, 'university of rochester'), (1994, 'university of rochester'))
all_us_institutions_year : ((1982, 'university of rochester'), (1984, 'university of rochester'), (1986, 'university of rochester'), (1988, 'university of rochester'), (1993, 'university of rochester'), (1994, 'university of rochester'))

9/10 positive, 14/10 negative
Do these records refer to the same thing?
(y)es / (n)o / (u)nsure / (f)inished / (p)revious
firstname : michael
lastname : bergman
middlename : i
year_range : (2016,)
main_us_institutions_year : ((2016, 'simon s rock of bard college'),)
all_us_institutions_year : ((2016, 'simon s rock of bard college'),)

firstname : michael
lastname : bergman
middlename : None
year_range : (1964, 2021)
main_us_institutions_year : ((1964, 'new york medical college'), (1981, 'yale university'), (1982, 'new york medical college'), (1984, 'new york medical college'), (1985, 'new york medical college'), (1986, 'new york medical college'), (1988, 'new york medical college'), (1990, 'new york medical college'), (1990, 'princeton university'), (1993, 'bristol myers squibb'), (2011, 'new york university'), (2012, 'new york university'), (2013, 'new york university'), (2015, 'new york university'), (2015, 'beth israel medical center'), (2016, 'new york university'), (2017, 'new york university'), (2018, 'new york university'), (2019, 'new york university'), (2020, 'new york university'))
all_us_institutions_year : ((1964, 'new york medical college'), (1981, 'yale university'), (1982, 'new york medical college'), (1984, 'new york medical college'), (1985, 'new york medical college'), (1986, 'new york medical college'), (1988, 'new york medical college'), (1990, 'new york medical college'), (1990, 'princeton university'), (1991, 'princeton university'), (1993, 'bristol myers squibb'), (2007, 'beth israel medical center'), (2010, 'new york university'), (2011, 'new york university'), (2012, 'new york university'), (2013, 'new york university'), (2014, 'new york university'), (2015, 'beth israel medical center'), (2015, 'new york university'), (2016, 'beth israel medical center'), (2016, 'new york university'), (2017, 'new york university'), (2018, 'new york university'), (2019, 'new york university'), (2020, 'new york university'))

9/10 positive, 15/10 negative
Do these records refer to the same thing?
(y)es / (n)o / (u)nsure / (f)inished / (p)revious
firstname : morteza
lastname : gharib
middlename : None
year_range : (2003,)
main_us_institutions_year : ((2003, 'california institute of technology'),)
all_us_institutions_year : ((2003, 'california institute of technology'),)

firstname : mory
lastname : gharib
middlename : None
year_range : (1996, 2019)
main_us_institutions_year : ((1996, 'california institute of technology'), (2002, 'california institute of technology'), (2004, 'california institute of technology'), (2005, 'california institute of technology'), (2006, 'california institute of technology'), (2019, 'california institute of technology'))
all_us_institutions_year : ((1995, 'california institute of technology'), (1996, 'california institute of technology'), (1999, 'california institute of technology'), (2001, 'california institute of technology'), (2002, 'california institute of technology'), (2003, 'california institute of technology'), (2004, 'california institute of technology'), (2005, 'california institute of technology'), (2006, 'california institute of technology'), (2019, 'california institute of technology'))

9/10 positive, 16/10 negative
Do these records refer to the same thing?
(y)es / (n)o / (u)nsure / (f)inished / (p)revious
firstname : j ben
lastname : rosen
middlename : None
year_range : (1984,)
main_us_institutions_year : ((1984, 'university of minnesota twin cities'),)
all_us_institutions_year : ((1984, 'university of minnesota twin cities'),)

firstname : j
lastname : rosen
middlename : b
year_range : (1988, 1990)
main_us_institutions_year : ((1988, 'university of minnesota'), (1990, 'university of minnesota'))
all_us_institutions_year : ((1988, 'university of minnesota'), (1990, 'university of minnesota'))

9/10 positive, 16/10 negative
Do these records refer to the same thing?
(y)es / (n)o / (u)nsure / (f)inished / (p)revious
firstname : morteza
lastname : gharib
middlename : None
year_range : (2003,)
main_us_institutions_year : ((2003, 'california institute of technology'),)
all_us_institutions_year : ((2003, 'california institute of technology'),)

firstname : mory
lastname : gharib
middlename : None
year_range : (1996, 2019)
main_us_institutions_year : ((1996, 'california institute of technology'), (2002, 'california institute of technology'), (2004, 'california institute of technology'), (2005, 'california institute of technology'), (2006, 'california institute of technology'), (2019, 'california institute of technology'))
all_us_institutions_year : ((1995, 'california institute of technology'), (1996, 'california institute of technology'), (1999, 'california institute of technology'), (2001, 'california institute of technology'), (2002, 'california institute of technology'), (2003, 'california institute of technology'), (2004, 'california institute of technology'), (2005, 'california institute of technology'), (2006, 'california institute of technology'), (2019, 'california institute of technology'))

9/10 positive, 16/10 negative
Do these records refer to the same thing?
(y)es / (n)o / (u)nsure / (f)inished
firstname : j ben
lastname : rosen
middlename : None
year_range : (1984,)
main_us_institutions_year : ((1984, 'university of minnesota twin cities'),)
all_us_institutions_year : ((1984, 'university of minnesota twin cities'),)

firstname : j
lastname : rosen
middlename : b
year_range : (1988, 1990)
main_us_institutions_year : ((1988, 'university of minnesota'), (1990, 'university of minnesota'))
all_us_institutions_year : ((1988, 'university of minnesota'), (1990, 'university of minnesota'))

10/10 positive, 16/10 negative
Do these records refer to the same thing?
(y)es / (n)o / (u)nsure / (f)inished / (p)revious
firstname : mo
lastname : li
middlename : None
year_range : (2020,)
main_us_institutions_year : ((2020, 'university of washington'),)
all_us_institutions_year : ((2020, 'university of washington'),)

firstname : xiaosong
lastname : li
middlename : None
year_range : (1999, 2021)
main_us_institutions_year : ((2002, 'wayne state university'), (2005, 'university of washington'), (2006, 'university of washington'), (2007, 'university of washington'), (2008, 'university of washington'), (2009, 'university of washington'), (2010, 'university of washington'), (2011, 'university of washington'), (2012, 'university of washington'), (2013, 'university of washington'), (2014, 'university of washington'), (2015, 'university of washington'), (2016, 'university of washington'), (2017, 'university of washington'), (2018, 'university of washington'), (2019, 'university of washington'), (2020, 'university of washington'), (2021, 'university of washington'))
all_us_institutions_year : ((2001, 'wayne state university'), (2002, 'wayne state university'), (2005, 'university of washington'), (2005, 'wayne state university'), (2006, 'university of washington'), (2007, 'university of washington'), (2008, 'university of washington'), (2009, 'university of washington'), (2010, 'university of washington'), (2011, 'university of washington'), (2012, 'university of washington'), (2013, 'university of washington'), (2014, 'university of washington'), (2015, 'university of washington'), (2016, 'university of washington'), (2017, 'university of washington'), (2018, 'university of washington'), (2019, 'university of washington'), (2020, 'pacific northwest national laboratory'), (2020, 'university of washington'), (2021, 'pacific northwest national laboratory'), (2021, 'university of washington'))

11/10 positive, 16/10 negative
Do these records refer to the same thing?
(y)es / (n)o / (u)nsure / (f)inished / (p)revious
firstname : james
lastname : smith
middlename : None
year_range : (1994,)
main_us_institutions_year : ((1994, 'columbia university'),)
all_us_institutions_year : ((1994, 'columbia university'),)

firstname : alexander
lastname : smith
middlename : None
year_range : (1907, 2014)
main_us_institutions_year : ((1912, 'columbia university'), (1916, 'columbia university'), (2008, 'american museum of natural history'), (2008, 'university of california davis'), (2011, 'columbia university'), (2012, 'northwestern university'), (2013, 'northwestern university'), (2014, 'northwestern university'))
all_us_institutions_year : ((1912, 'columbia university'), (1916, 'columbia university'), (2008, 'american museum of natural history'), (2008, 'university of california davis'), (2011, 'columbia university'), (2012, 'northwestern university'), (2013, 'northwestern university'), (2014, 'northwestern university'), (2015, 'northwestern university'))

11/10 positive, 17/10 negative
Do these records refer to the same thing?
(y)es / (n)o / (u)nsure / (f)inished / (p)revious
firstname : ioannis john
lastname : papapolymerou
middlename : None
year_range : (2015,)
main_us_institutions_year : ((2015, 'michigan state university'),)
all_us_institutions_year : ((2015, 'michigan state university'),)

firstname : j
lastname : papapolymerou
middlename : None
year_range : (1997, 2021)
main_us_institutions_year : ((1997, 'university of michigan'), (1998, 'university of michigan'), (1999, 'university of michigan'), (2000, 'university of arizona'), (2001, 'university of arizona'), (2002, 'georgia institute of technology'), (2003, 'georgia institute of technology'), (2004, 'georgia institute of technology'), (2005, 'georgia institute of technology'), (2006, 'georgia institute of technology'), (2007, 'georgia institute of technology'), (2008, 'georgia institute of technology'), (2009, 'georgia institute of technology'), (2010, 'georgia institute of technology'), (2011, 'georgia institute of technology'), (2012, 'georgia institute of technology'), (2013, 'georgia institute of technology'), (2014, 'georgia institute of technology'), (2015, 'georgia institute of technology'), (2016, 'georgia institute of technology'), (2016, 'michigan state university'), (2017, 'michigan state university'), (2018, 'michigan state university'), (2019, 'michigan state university'), (2020, 'michigan state university'), (2021, 'michigan state university'))
all_us_institutions_year : ((1997, 'university of michigan'), (1998, 'university of michigan'), (1999, 'university of michigan'), (2000, 'university of arizona'), (2001, 'university of arizona'), (2002, 'georgia institute of technology'), (2003, 'georgia institute of technology'), (2003, 'university of arizona'), (2004, 'georgia institute of technology'), (2005, 'georgia institute of technology'), (2006, 'georgia institute of technology'), (2007, 'georgia institute of technology'), (2008, 'georgia institute of technology'), (2009, 'georgia institute of technology'), (2010, 'georgia institute of technology'), (2011, 'georgia institute of technology'), (2012, 'georgia institute of technology'), (2013, 'georgia institute of technology'), (2014, 'georgia institute of technology'), (2015, 'georgia institute of technology'), (2016, 'georgia institute of technology'), (2016, 'michigan state university'), (2017, 'georgia institute of technology'), (2017, 'michigan state university'), (2018, 'michigan state university'), (2019, 'michigan state university'), (2020, 'michigan state university'), (2021, 'michigan state university'))

11/10 positive, 18/10 negative
Do these records refer to the same thing?
(y)es / (n)o / (u)nsure / (f)inished / (p)revious
firstname : qiang
lastname : huang
middlename : None
year_range : (2017,)
main_us_institutions_year : ((2017, 'university of southern california'),)
all_us_institutions_year : ((2017, 'university of southern california'),)

firstname : liang
lastname : huang
middlename : None
year_range : (2002, 2021)
main_us_institutions_year : ((2005, 'university of pennsylvania'), (2006, 'university of pennsylvania'), (2007, 'university of pennsylvania'), (2008, 'chinese academy of sciences'), (2009, 'google'), (2010, 'university of southern california'), (2010, 'information sciences institute'), (2011, 'university of southern california'), (2012, 'university of southern california'), (2013, 'city university of new york'), (2014, 'city university of new york'), (2015, 'city university of new york'), (2016, 'oregon state university'), (2017, 'oregon state university'), (2018, 'oregon state university'), (2019, 'chinese academy of sciences'), (2021, 'chinese academy of sciences'))
all_us_institutions_year : ((2005, 'university of pennsylvania'), (2006, 'university of pennsylvania'), (2007, 'university of pennsylvania'), (2008, 'chinese academy of sciences'), (2008, 'university of pennsylvania'), (2009, 'google'), (2009, 'information sciences institute'), (2009, 'university of rochester'), (2010, 'information sciences institute'), (2010, 'university of southern california'), (2011, 'university of southern california'), (2012, 'university of southern california'), (2013, 'city university of new york'), (2014, 'city university of new york'), (2015, 'city university of new york'), (2016, 'oregon state university'), (2017, 'oregon state university'), (2018, 'chinese academy of sciences'), (2018, 'oregon state university'), (2019, 'chinese academy of sciences'), (2019, 'oregon state university'), (2020, 'chinese academy of sciences'), (2020, 'oregon state university'), (2021, 'chinese academy of sciences'), (2021, 'oregon state university'))

12/10 positive, 18/10 negative
Do these records refer to the same thing?
(y)es / (n)o / (u)nsure / (f)inished / (p)revious
firstname : travis
lastname : york
middlename : t
year_range : (2015,)
main_us_institutions_year : ((2015, 'american association for the advancement of science'),)
all_us_institutions_year : ((2015, 'american association for the advancement of science'),)

firstname : t
lastname : york
middlename : None
year_range : (2014, 2016)
main_us_institutions_year : ((2014, 'americorps vista'), (2016, 'americorps vista'))
all_us_institutions_year : ((2014, 'americorps vista'), (2016, 'americorps vista'))

12/10 positive, 18/10 negative
Do these records refer to the same thing?
(y)es / (n)o / (u)nsure / (f)inished / (p)revious
firstname : daniel wolf
lastname : savin
middlename : None
year_range : (2008,)
main_us_institutions_year : ((2008, 'columbia university'),)
all_us_institutions_year : ((2008, 'columbia university'),)

firstname : o
lastname : savin
middlename : None
year_range : (2010, 2017)
main_us_institutions_year : ((2016, 'columbia university'), (2017, 'columbia university'))
all_us_institutions_year : ((2016, 'columbia university'), (2017, 'columbia university'))

12/10 positive, 19/10 negative
Do these records refer to the same thing?
(y)es / (n)o / (u)nsure / (f)inished / (p)revious
firstname : roger
lastname : hanlon
middlename : t
year_range : (1990,)
main_us_institutions_year : ((1990, 'american malacological union'),)
all_us_institutions_year : ((1990, 'american malacological union'),)

firstname : roger
lastname : hanlon
middlename : t
year_range : (1979, 2021)
main_us_institutions_year : ((1980, 'university of texas medical branch'), (1983, 'university of texas medical branch'), (1984, 'university of texas medical branch'), (1985, 'university of texas medical branch'), (1986, 'university of texas medical branch'), (1988, 'university of texas medical branch'), (1989, 'university of texas medical branch'), (1990, 'university of texas medical branch'), (1991, 'university of texas medical branch'), (1994, 'university of texas medical branch'), (1995, 'university of texas medical branch'), (1996, 'university of texas medical branch'), (1997, 'marine biological laboratory'), (1997, 'university of texas medical branch'), (1998, 'marine biological laboratory'), (1999, 'marine biological laboratory'), (2000, 'marine biological laboratory'), (2001, 'marine biological laboratory'), (2002, 'marine biological laboratory'), (2003, 'marine biological laboratory'), (2004, 'marine biological laboratory'), (2005, 'marine biological laboratory'), (2006, 'marine biological laboratory'), (2007, 'marine biological laboratory'), (2008, 'marine biological laboratory'), (2009, 'marine biological laboratory'), (2010, 'marine biological laboratory'), (2011, 'marine biological laboratory'), (2012, 'marine biological laboratory'), (2013, 'marine biological laboratory'), (2014, 'marine biological laboratory'), (2015, 'marine biological laboratory'), (2016, 'marine biological laboratory'), (2017, 'marine biological laboratory'), (2018, 'marine biological laboratory'), (2019, 'marine biological laboratory'), (2020, 'marine biological laboratory'), (2021, 'marine biological laboratory'))
all_us_institutions_year : ((1980, 'university of texas medical branch'), (1983, 'university of texas medical branch'), (1984, 'university of texas medical branch'), (1985, 'university of texas medical branch'), (1986, 'university of texas medical branch'), (1988, 'university of texas medical branch'), (1989, 'university of texas medical branch'), (1990, 'university of texas medical branch'), (1991, 'university of texas medical branch'), (1994, 'university of texas medical branch'), (1995, 'university of texas medical branch'), (1996, 'university of texas medical branch'), (1997, 'marine biological laboratory'), (1997, 'university of texas medical branch'), (1998, 'marine biological laboratory'), (1999, 'marine biological laboratory'), (2000, 'marine biological laboratory'), (2001, 'marine biological laboratory'), (2001, 'university of minnesota'), (2002, 'marine biological laboratory'), (2003, 'marine biological laboratory'), (2004, 'marine biological laboratory'), (2005, 'marine biological laboratory'), (2006, 'marine biological laboratory'), (2007, 'marine biological laboratory'), (2007, 'university of chicago'), (2008, 'marine biological laboratory'), (2009, 'marine biological laboratory'), (2009, 'university of texas medical branch'), (2010, 'marine biological laboratory'), (2010, 'university of texas medical branch'), (2010, 'woods hole oceanographic institution'), (2011, 'brown university'), (2011, 'marine biological laboratory'), (2012, 'brown university'), (2012, 'marine biological laboratory'), (2013, 'brown university'), (2013, 'marine biological laboratory'), (2013, 'rice university'), (2014, 'brown university'), (2014, 'marine biological laboratory'), (2015, 'brown university'), (2015, 'marine biological laboratory'), (2016, 'marine biological laboratory'), (2017, 'brown university'), (2017, 'marine biological laboratory'), (2018, 'brown university'), (2018, 'marine biological laboratory'), (2018, 'university of california davis'), (2019, 'marine biological laboratory'), (2020, 'marine biological laboratory'), (2021, 'marine biological laboratory'))

12/10 positive, 20/10 negative
Do these records refer to the same thing?
(y)es / (n)o / (u)nsure / (f)inished / (p)revious
firstname : jie
lastname : yao
middlename : None
year_range : (2016,)
main_us_institutions_year : ((2016, 'university of california berkeley'),)
all_us_institutions_year : ((2016, 'university of california berkeley'),)

firstname : jie
lastname : yao
middlename : None
year_range : (2011, 2016)
main_us_institutions_year : ((2011, 'cedars sinai medical center'), (2012, 'cedars sinai medical center'), (2013, 'cedars sinai medical center'), (2014, 'cedars sinai medical center'), (2014, 'wake forest university'), (2016, 'cedars sinai medical center'))
all_us_institutions_year : ((2011, 'cedars sinai medical center'), (2012, 'cedars sinai medical center'), (2013, 'cedars sinai medical center'), (2014, 'cedars sinai medical center'), (2014, 'wake forest university'), (2016, 'cedars sinai medical center'), (2018, 'boston university'))

12/10 positive, 21/10 negative
Do these records refer to the same thing?
(y)es / (n)o / (u)nsure / (f)inished / (p)revious
firstname : michael
lastname : brown
middlename : None
year_range : (2005,)
main_us_institutions_year : ((2005, 'university of maryland college park'),)
all_us_institutions_year : ((2005, 'university of maryland college park'),)

firstname : michael
lastname : brown
middlename : f
year_range : (1980, 2020)
main_us_institutions_year : ((1982, 'williams college'), (1984, 'williams college'), (1987, 'williams college'), (1988, 'williams college'), (1991, 'williams college'), (1994, 'williams college'), (1996, 'williams college'), (1998, 'williams college'), (2003, 'harvard university press'), (2008, 'williams college'), (2010, 'williams college'), (2012, 'williams college'), (2017, 'williams college'))
all_us_institutions_year : ((1982, 'williams college'), (1984, 'williams college'), (1987, 'williams college'), (1988, 'williams college'), (1991, 'williams college'), (1994, 'williams college'), (1996, 'williams college'), (1998, 'williams college'), (2003, 'harvard university press'), (2008, 'williams college'), (2010, 'williams college'), (2012, 'williams college'), (2017, 'williams college'))

12/10 positive, 22/10 negative
Do these records refer to the same thing?
(y)es / (n)o / (u)nsure / (f)inished / (p)revious
firstname : hao
lastname : zhang
middlename : None
year_range : (2011,)
main_us_institutions_year : ((2011, 'northwestern university'),)
all_us_institutions_year : ((2011, 'northwestern university'),)

firstname : hao
lastname : zhang
middlename : helen
year_range : (2004, 2020)
main_us_institutions_year : ((2004, 'north carolina state university'), (2006, 'north carolina state university'), (2007, 'north carolina state university'), (2008, 'north carolina state university'), (2009, 'north carolina state university'), (2010, 'north carolina state university'), (2011, 'north carolina state university'), (2012, 'north carolina state university'), (2013, 'north carolina state university'), (2014, 'university of arizona'), (2015, 'university of arizona'), (2016, 'university of arizona'), (2017, 'university of arizona'), (2018, 'university of arizona'), (2019, 'university of arizona'), (2020, 'university of arizona'))
all_us_institutions_year : ((2004, 'north carolina state university'), (2006, 'north carolina state university'), (2007, 'north carolina state university'), (2008, 'north carolina state university'), (2009, 'north carolina state university'), (2010, 'north carolina state university'), (2010, 'university of north carolina at chapel hill'), (2011, 'north carolina state university'), (2012, 'north carolina state university'), (2013, 'north carolina state university'), (2013, 'university of arizona'), (2013, 'university of north carolina at chapel hill'), (2014, 'university of arizona'), (2015, 'university of arizona'), (2016, 'north carolina state university'), (2016, 'university of arizona'), (2017, 'north carolina state university'), (2017, 'university of arizona'), (2018, 'university of arizona'), (2019, 'university of arizona'), (2020, 'university of arizona'))

12/10 positive, 23/10 negative
Do these records refer to the same thing?
(y)es / (n)o / (u)nsure / (f)inished / (p)revious
firstname : louise
lastname : hainline
middlename : None
year_range : (2015,)
main_us_institutions_year : ((2015, 'cuny brooklyn college'),)
all_us_institutions_year : ((2015, 'cuny brooklyn college'),)

firstname : louise
lastname : hainline
middlename : None
year_range : (1977, 2011)
main_us_institutions_year : ((1978, 'city university of new york'), (1978, 'brooklyn college'), (1980, 'brooklyn college'), (1981, 'city university of new york'), (1982, 'brooklyn college'), (1984, 'brooklyn college'), (1987, 'brooklyn college'), (1988, 'brooklyn college'), (1990, 'brooklyn college'), (1992, 'city university of new york'), (1994, 'brooklyn college'), (1995, 'brooklyn college'), (1997, 'city university of new york'), (2000, 'city university of new york'), (2001, 'city university of new york'))
all_us_institutions_year : ((1978, 'brooklyn college'), (1978, 'city university of new york'), (1980, 'brooklyn college'), (1981, 'city university of new york'), (1982, 'brooklyn college'), (1984, 'brooklyn college'), (1984, 'city university of new york'), (1987, 'brooklyn college'), (1988, 'brooklyn college'), (1990, 'brooklyn college'), (1992, 'city university of new york'), (1994, 'brooklyn college'), (1995, 'brooklyn college'), (1997, 'city university of new york'), (2000, 'city university of new york'), (2001, 'city university of new york'))

12/10 positive, 24/10 negative
Do these records refer to the same thing?
(y)es / (n)o / (u)nsure / (f)inished / (p)revious
firstname : alfred
lastname : shapere
middlename : None
year_range : (1997,)
main_us_institutions_year : ((1997, 'university of kentucky research foundation'),)
all_us_institutions_year : ((1997, 'university of kentucky research foundation'),)

firstname : alfred
lastname : shapere
middlename : d
year_range : (1986, 2021)
main_us_institutions_year : ((1986, 'university of california santa barbara'), (1987, 'university of california santa barbara'), (1989, 'institute for advanced study'), (1990, 'institute for advanced study'), (1991, 'princeton university'), (1992, 'cornell university'), (1994, 'cornell university'), (1995, 'university of kentucky'), (1996, 'university of kentucky'), (1997, 'university of kentucky'), (2001, 'massachusetts institute of technology'), (2001, 'university of kentucky'), (2002, 'university of kentucky'), (2003, 'university of kentucky'), (2004, 'university of kentucky'), (2008, 'university of kentucky'), (2009, 'university of kentucky'), (2011, 'university of kentucky'), (2012, 'university of kentucky'), (2014, 'university of kentucky'), (2016, 'university of kentucky'), (2019, 'university of kentucky'), (2021, 'university of kentucky'))
all_us_institutions_year : ((1986, 'university of california santa barbara'), (1987, 'university of california santa barbara'), (1989, 'harvard university'), (1989, 'institute for advanced study'), (1989, 'princeton university'), (1990, 'institute for advanced study'), (1991, 'princeton university'), (1992, 'cornell university'), (1993, 'cornell university'), (1994, 'cornell university'), (1995, 'university of kentucky'), (1996, 'university of kentucky'), (1997, 'university of kentucky'), (1999, 'university of kentucky'), (2001, 'massachusetts institute of technology'), (2001, 'university of kentucky'), (2002, 'university of kentucky'), (2003, 'university of kentucky'), (2004, 'university of kentucky'), (2008, 'institute for advanced study'), (2008, 'princeton university'), (2008, 'university of kentucky'), (2009, 'university of kentucky'), (2010, 'university of kentucky'), (2011, 'university of kentucky'), (2012, 'university of kentucky'), (2013, 'university of kentucky'), (2014, 'university of kentucky'), (2016, 'university of kentucky'), (2017, 'university of kentucky'), (2019, 'university of kentucky'), (2020, 'university of kentucky'), (2021, 'university of kentucky'))

12/10 positive, 25/10 negative
Do these records refer to the same thing?
(y)es / (n)o / (u)nsure / (f)inished / (p)revious
firstname : sunil
lastname : chirayath
middlename : s
year_range : (2011,)
main_us_institutions_year : ((2011, 'texas a m engineering experiment station'),)
all_us_institutions_year : ((2011, 'texas a m engineering experiment station'),)

firstname : sunil
lastname : chirayath
middlename : s
year_range : (2009, 2021)
main_us_institutions_year : ((2009, 'texas a m university'), (2011, 'texas a m university'), (2014, 'texas a m university'), (2015, 'texas a m university'), (2016, 'texas a m university'), (2017, 'texas a m university'), (2018, 'texas a m university'), (2019, 'texas a m university'), (2020, 'texas a m university'), (2021, 'texas a m university'))
all_us_institutions_year : ((2009, 'texas a m university'), (2011, 'texas a m university'), (2014, 'texas a m university'), (2015, 'texas a m university'), (2016, 'texas a m university'), (2017, 'texas a m university'), (2018, 'texas a m university'), (2019, 'texas a m university'), (2020, 'texas a m university'), (2021, 'texas a m university'))

13/10 positive, 25/10 negative
Do these records refer to the same thing?
(y)es / (n)o / (u)nsure / (f)inished / (p)revious
firstname : andrew
lastname : izsak
middlename : None
year_range : (2003,)
main_us_institutions_year : ((2003, 'university of georgia research foundation inc'),)
all_us_institutions_year : ((2003, 'university of georgia research foundation inc'),)

firstname : andrew
lastname : izsak
middlename : None
year_range : (2003, 2020)
main_us_institutions_year : ((2003, 'university of georgia'), (2004, 'university of georgia'), (2006, 'university of georgia'), (2008, 'university of georgia'), (2009, 'san diego state university'), (2010, 'san diego state university'), (2014, 'university of georgia'), (2015, 'university of georgia'), (2019, 'tufts university'), (2019, 'university of georgia'), (2020, 'tufts university'))
all_us_institutions_year : ((2003, 'university of georgia'), (2004, 'university of georgia'), (2006, 'university of georgia'), (2008, 'university of georgia'), (2009, 'san diego state university'), (2010, 'san diego state university'), (2011, 'university of georgia'), (2014, 'university of georgia'), (2015, 'university of georgia'), (2019, 'tufts university'), (2019, 'university of georgia'), (2020, 'tufts university'))

14/10 positive, 25/10 negative
Do these records refer to the same thing?
(y)es / (n)o / (u)nsure / (f)inished / (p)revious
firstname : michael
lastname : ching
middlename : c
year_range : (2010,)
main_us_institutions_year : ((2010, 'university of georgia research foundation inc'),)
all_us_institutions_year : ((2010, 'university of georgia research foundation inc'),)

firstname : michael
lastname : ching
middlename : None
year_range : (2005, 2021)
main_us_institutions_year : ((2005, 'massachusetts institute of technology'), (2009, 'university of georgia'), (2012, 'amherst college'), (2014, 'amherst college'), (2016, 'amherst college'), (2019, 'amherst college'), (2021, 'amherst college'))
all_us_institutions_year : ((2005, 'amherst college'), (2005, 'massachusetts institute of technology'), (2007, 'university of georgia'), (2009, 'university of georgia'), (2010, 'amherst college'), (2011, 'amherst college'), (2012, 'amherst college'), (2014, 'amherst college'), (2015, 'amherst college'), (2016, 'amherst college'), (2018, 'amherst college'), (2019, 'amherst college'), (2021, 'amherst college'))

15/10 positive, 25/10 negative
Do these records refer to the same thing?
(y)es / (n)o / (u)nsure / (f)inished / (p)revious
firstname : yajun
lastname : mei
middlename : None
year_range : (2016,)
main_us_institutions_year : ((2016, 'georgia tech research corporation'),)
all_us_institutions_year : ((2016, 'georgia tech research corporation'),)

firstname : yajun
lastname : mei
middlename : None
year_range : (2005, 2021)
main_us_institutions_year : ((2005, 'california institute of technology'), (2006, 'georgia institute of technology'), (2008, 'georgia institute of technology'), (2009, 'georgia institute of technology'), (2010, 'georgia institute of technology'), (2011, 'georgia institute of technology'), (2012, 'georgia institute of technology'), (2013, 'georgia institute of technology'), (2014, 'georgia institute of technology'), (2015, 'georgia institute of technology'), (2016, 'georgia institute of technology'), (2017, 'georgia institute of technology'), (2018, 'georgia institute of technology'), (2019, 'georgia institute of technology'), (2020, 'georgia institute of technology'), (2021, 'georgia institute of technology'))
all_us_institutions_year : ((2005, 'california institute of technology'), (2006, 'georgia institute of technology'), (2008, 'georgia institute of technology'), (2009, 'georgia institute of technology'), (2010, 'georgia institute of technology'), (2011, 'georgia institute of technology'), (2012, 'georgia institute of technology'), (2013, 'georgia institute of technology'), (2014, 'georgia institute of technology'), (2015, 'georgia institute of technology'), (2016, 'georgia institute of technology'), (2017, 'georgia institute of technology'), (2018, 'georgia institute of technology'), (2019, 'georgia institute of technology'), (2020, 'georgia institute of technology'), (2021, 'georgia institute of technology'))

16/10 positive, 25/10 negative
Do these records refer to the same thing?
(y)es / (n)o / (u)nsure / (f)inished / (p)revious
firstname : cesar
lastname : aguilar
middlename : o
year_range : (2015,)
main_us_institutions_year : ((2015, 'csub auxiliary for sponsored programs administration'),)
all_us_institutions_year : ((2015, 'csub auxiliary for sponsored programs administration'),)

firstname : cesar
lastname : aguilar
middlename : o
year_range : (2005, 2020)
main_us_institutions_year : ((2011, 'naval postgraduate school'), (2012, 'naval postgraduate school'), (2013, 'naval postgraduate school'), (2014, 'california state university bakersfield'), (2015, 'california state university bakersfield'), (2016, 'california state university bakersfield'), (2017, 'state university of new york system'), (2018, 'state university of new york system'), (2020, 'state university of new york system'))
all_us_institutions_year : ((2011, 'naval postgraduate school'), (2012, 'naval postgraduate school'), (2013, 'california state university bakersfield'), (2013, 'naval postgraduate school'), (2014, 'california state university'), (2014, 'california state university bakersfield'), (2015, 'california state university bakersfield'), (2016, 'california state university bakersfield'), (2017, 'state university of new york system'), (2018, 'state university of new york at geneseo'), (2018, 'state university of new york system'), (2019, 'state university of new york at geneseo'), (2019, 'state university of new york system'), (2020, 'state university of new york system'))

17/10 positive, 25/10 negative
Do these records refer to the same thing?
(y)es / (n)o / (u)nsure / (f)inished / (p)revious
firstname : matias
lastname : cattaneo
middlename : d
year_range : (2016,)
main_us_institutions_year : ((2016, 'regents of the university of michigan ann arbor'),)
all_us_institutions_year : ((2016, 'regents of the university of michigan ann arbor'),)

firstname : matias
lastname : cattaneo
middlename : d
year_range : (2007, 2021)
main_us_institutions_year : ((2010, 'university of michigan'), (2012, 'university of michigan'), (2013, 'university of michigan'), (2014, 'university of michigan'), (2015, 'university of michigan'), (2016, 'university of michigan'), (2017, 'university of michigan'), (2018, 'university of michigan'), (2019, 'university of michigan'), (2019, 'princeton university'), (2020, 'princeton university'), (2021, 'princeton university'))
all_us_institutions_year : ((2007, 'university of michigan'), (2008, 'university of michigan'), (2009, 'university of michigan'), (2010, 'university of michigan'), (2011, 'university of michigan'), (2012, 'university of michigan'), (2013, 'university of michigan'), (2014, 'university of michigan'), (2015, 'university of michigan'), (2016, 'university of michigan'), (2017, 'university of michigan'), (2018, 'princeton university'), (2018, 'university of michigan'), (2019, 'princeton university'), (2019, 'university of michigan'), (2020, 'princeton university'), (2021, 'princeton university'))

18/10 positive, 25/10 negative
Do these records refer to the same thing?
(y)es / (n)o / (u)nsure / (f)inished / (p)revious
firstname : andrew
lastname : rukhin
middlename : l
year_range : (1993,)
main_us_institutions_year : ((1993, 'university of maryland baltimore county'),)
all_us_institutions_year : ((1993, 'university of maryland baltimore county'),)

firstname : andrew
lastname : rukhin
middlename : l
year_range : (1982, 2019)
main_us_institutions_year : ((1982, 'purdue university'), (1983, 'purdue university'), (1984, 'purdue university'), (1986, 'purdue university'), (1988, 'university of massachusetts amherst'), (1988, 'purdue university'), (2008, 'national institute of standards and technology'))
all_us_institutions_year : ((1981, 'purdue university'), (1982, 'purdue university'), (1983, 'purdue university'), (1984, 'purdue university'), (1986, 'purdue university'), (1988, 'purdue university'), (1988, 'university of massachusetts amherst'), (2008, 'national institute of standards and technology'))

19/10 positive, 25/10 negative
Do these records refer to the same thing?
(y)es / (n)o / (u)nsure / (f)inished / (p)revious
firstname : priscilla
lastname : tucker
middlename : k
year_range : (2011,)
main_us_institutions_year : ((2011, 'regents of the university of michigan ann arbor'),)
all_us_institutions_year : ((2011, 'regents of the university of michigan ann arbor'),)

firstname : priscilla
lastname : tucker
middlename : k
year_range : (1991, 2021)
main_us_institutions_year : ((1991, 'university of michigan'), (1992, 'university of michigan'), (1993, 'university of michigan'), (1995, 'university of michigan'), (1997, 'university of michigan'), (1998, 'university of michigan'), (1999, 'university of michigan'), (2001, 'university of michigan'), (2002, 'university of michigan'), (2003, 'university of michigan'), (2005, 'university of michigan'), (2006, 'university of michigan'), (2008, 'university of michigan'), (2010, 'university of michigan'), (2011, 'university of michigan'), (2012, 'university of michigan'), (2014, 'university of michigan'), (2015, 'university of michigan'), (2017, 'university of michigan'), (2018, 'university of michigan'), (2019, 'university of michigan'), (2020, 'university of michigan'), (2021, 'university of michigan'))
all_us_institutions_year : ((1991, 'university of michigan'), (1992, 'university of michigan'), (1993, 'university of michigan'), (1995, 'university of michigan'), (1997, 'university of michigan'), (1998, 'university of michigan'), (1999, 'university of michigan'), (2001, 'university of michigan'), (2002, 'university of michigan'), (2003, 'university of michigan'), (2005, 'university of michigan'), (2006, 'university of michigan'), (2008, 'university of michigan'), (2010, 'university of michigan'), (2011, 'university of michigan'), (2012, 'university of michigan'), (2014, 'university of michigan'), (2015, 'university of michigan'), (2017, 'university of michigan'), (2018, 'university of michigan'), (2019, 'university of michigan'), (2020, 'university of michigan'), (2021, 'university of michigan'))

19/10 positive, 26/10 negative
Do these records refer to the same thing?
(y)es / (n)o / (u)nsure / (f)inished / (p)revious
firstname : leonid
lastname : levin
middlename : a
year_range : (2010,)
main_us_institutions_year : ((2010, 'trustees of boston university'),)
all_us_institutions_year : ((2010, 'trustees of boston university'),)

firstname : leonid
lastname : levin
middlename : a
year_range : (1970, 2018)
main_us_institutions_year : ((1980, 'massachusetts institute of technology'), (1982, 'massachusetts institute of technology'), (1984, 'massachusetts institute of technology'), (1985, 'massachusetts institute of technology'), (1986, 'boston university'), (1987, 'boston university'), (1988, 'boston university'), (1989, 'boston university'), (1990, 'massachusetts institute of technology'), (1991, 'boston university'), (1994, 'boston university'), (1995, 'boston university'), (1996, 'boston university'), (1997, 'boston university'), (2000, 'boston university'), (2001, 'boston university'), (2002, 'boston university'), (2003, 'boston university'), (2005, 'boston university'), (2006, 'boston university'), (2008, 'boston university'), (2010, 'boston university'), (2011, 'boston university'), (2012, 'boston university'), (2013, 'boston university'), (2016, 'boston university'), (2018, 'boston university'))
all_us_institutions_year : ((1980, 'massachusetts institute of technology'), (1982, 'massachusetts institute of technology'), (1984, 'massachusetts institute of technology'), (1985, 'massachusetts institute of technology'), (1986, 'boston university'), (1987, 'boston university'), (1988, 'boston university'), (1989, 'boston university'), (1990, 'massachusetts institute of technology'), (1991, 'boston university'), (1994, 'boston university'), (1995, 'boston university'), (1996, 'boston university'), (1997, 'boston university'), (2000, 'boston university'), (2001, 'boston university'), (2002, 'boston university'), (2003, 'boston university'), (2005, 'boston university'), (2006, 'boston university'), (2008, 'boston university'), (2010, 'boston university'), (2011, 'boston university'), (2012, 'boston university'), (2013, 'boston university'), (2014, 'boston university'), (2016, 'boston university'), (2018, 'boston university'))

20/10 positive, 26/10 negative
Do these records refer to the same thing?
(y)es / (n)o / (u)nsure / (f)inished / (p)revious
Finished labeling
Done in 1179.6768402655919 minutes.
