Namespace(testing=False, verbose=1, field=['philosophy'], train_name='mona_degree0', startyear=1985, endyear=2015, loadstartyear=1985, loadendyear=2015, mergemode='1:1', recall=0.9, institution='False', fieldofstudy_cat='False', fieldofstudy_str='False', keywords='True', retrain='True', linking_type='graduates', samplesize=50000, write_to='database')
Have max 12 cores available
Testing is False 

I set the write connection to the main database.
id_field is [138885662] and will be passed to sql queries.
finished setup ... 
Time elapsed: 0.001450785001118978 minutes 


    SELECT goid
            , year
            , firstname 
            , lastname
            , CASE TRIM(SUBSTR(middle_lastname, 1, l_fullname-l_firstname-l_lastname - 1)) 
                WHEN 
                    "" THEN NULL 
                    ELSE TRIM(SUBSTR(middle_lastname, 1, l_fullname-l_firstname-l_lastname - 1)) 
                END AS middlename
            , fieldofstudy
            , keywords
            , institution
            , coauthors
            , year_papertitle
    FROM (
        SELECT goid
            , degree_year AS year 
            , fullname 
            , SUBSTR(TRIM(fullname),1,instr(trim(fullname)||' ',' ')-1) AS firstname
            , REPLACE(fullname, RTRIM(fullname, REPLACE(fullname, " ", "")), "") AS lastname 
            , TRIM(SUBSTR(fullname, length(SUBSTR(TRIM(fullname),1,instr(trim(fullname)||' ',' ')-1)) + 1)) AS middle_lastname 
            , length(fullname) AS l_fullname 
            , length(SUBSTR(TRIM(fullname),1,instr(trim(fullname)||' ',' ')-1) ) AS l_firstname
            , length(REPLACE(fullname, RTRIM(fullname, REPLACE(fullname, " ", "")), "")) AS l_lastname
            , fieldname AS fieldofstudy
            , university_id
            , degree_year || "//" || thesistitle as year_papertitle 
        FROM pq_authors 
        INNER JOIN (
            SELECT goid, fieldname 
            FROM pq_fields_mag
            WHERE mag_field0 IN (?)
        ) USING (goid)
    )
    -- ## NOTE: use left join here as not all graduates have advisor (particularly pre-1980) and possibly also keywords
    LEFT JOIN (
        SELECT goid
            , fields as keywords
            , advisors as coauthors
        FROm pq_info_linking
    ) USING(goid)
    INNER JOIN (
        SELECT university_id, normalizedname as institution
        FROM pq_unis
        WHERE location like "%United States%"
    ) USING(university_id)
    WHERE year >= 1985 and year <= 2015 AND length(firstname) > 1
     


    SELECT f.AuthorId
        , f.year
        , f.firstname
        , f.lastname
        , CASE TRIM(SUBSTR(f.middle_lastname, 1, f.l_fullname - f.l_firstname - f.l_lastname - 1)) 
            WHEN 
                "" THEN NULL 
                ELSE TRIM(SUBSTR(f.middle_lastname, 1, f.l_fullname - f.l_firstname - f.l_lastname - 1)) 
            END as middlename 
            -- ## NOTE this gives "" for middlename when it is missing 
        , f.fieldofstudy
        , g.keywords
        , g.coauthors
        , g.institution
        , g.year_papertitle
    FROM (
        SELECT a.AuthorId
            , a.YearFirstPub AS year
            , a.FirstName AS firstname
            , REPLACE(b.NormalizedName, RTRIM(b.NormalizedName, REPLACE(b.NormalizedName, " ", "")), "") AS lastname 
                    -- https://stackoverflow.com/questions/21388820/how-to-get-the-last-index-of-a-substring-in-sqlite
            , TRIM(SUBSTR(b.NormalizedName, length(a.FirstName) + 1)) AS middle_lastname 
                    -- this gives all except the first name 
            , length(b.NormalizedName) as l_fullname 
            , length(a.FirstName) as l_firstname
            , length(REPLACE(b.NormalizedName, RTRIM(b.NormalizedName, REPLACE(b.NormalizedName, " ", "")), "")) as l_lastname
            , e.NormalizedName AS fieldofstudy
        FROM author_sample AS a
        INNER JOIN (
            SELECT AuthorId, NormalizedName
            FROM Authors
        ) AS b USING(AuthorId)
        INNER JOIN (
            SELECT AuthorId
            FROM author_field0
            WHERE FieldOfStudyId_lvl0 IN (?)
                AND Degree <= 0
        ) USING(AuthorId)
        LEFT JOIN (
            SELECT AuthorId, NormalizedName
            FROM author_fields c
            INNER JOIN (
                SELECT FieldOfStudyId, NormalizedName
                FROM FieldsOfStudy
            ) AS d USING(FieldOfStudyId)
            -- ## Condition on fieldofstudy being in the level 0 id_field
            INNER JOIN (
                SELECT ParentFieldOfStudyId, ChildFieldOfStudyId
                FROM crosswalk_fields
                WHERE ParentLevel = 0
                    AND ParentFieldOfStudyId IN (?)
            ) AS e ON (e.ChildFieldOfStudyId = c.FieldOfStudyId)
            WHERE FieldClass = 'first'
        ) AS e USING(AuthorId)
    ) f
    LEFT JOIN (
        SELECT AuthorId
                , institutions as institution
                , main_us_institutions_career
                , coauthors
                , keywords
                , year_papertitle
        FROM author_info_linking
    ) AS g USING(AuthorId)
    WHERE length(firstname) > 1 AND year >= 1985 - 5 AND year <= 2015 + 5 
        -- ## use this to condition on people that have at least at some point their main affiliation in the US
        AND g.main_us_institutions_career IS NOT NULL
        AND g.institution != "chinese academy of sciences"
     

INFO:dedupe.canopy_index:Removing stop word an
INFO:dedupe.canopy_index:Removing stop word ar
INFO:dedupe.canopy_index:Removing stop word ha
INFO:dedupe.canopy_index:Removing stop word er
INFO:dedupe.canopy_index:Removing stop word le
INFO:dedupe.canopy_index:Removing stop word ne
INFO:dedupe.canopy_index:Removing stop word re
INFO:dedupe.canopy_index:Removing stop word in
INFO:dedupe.canopy_index:Removing stop word ma
INFO:dedupe.canopy_index:Removing stop word on
INFO:dedupe.canopy_index:Removing stop word la
INFO:dedupe.canopy_index:Removing stop word st
INFO:dedupe.canopy_index:Removing stop word el
INFO:dedupe.canopy_index:Removing stop word an
INFO:dedupe.canopy_index:Removing stop word ch
INFO:dedupe.canopy_index:Removing stop word ri
INFO:dedupe.canopy_index:Removing stop word ra
INFO:dedupe.canopy_index:Removing stop word en
INFO:dedupe.canopy_index:Removing stop word al
INFO:dedupe.canopy_index:Removing stop word an
INFO:dedupe.canopy_index:Removing stop word ll
/home/mona/anaconda3/envs/science-career-tempenv/lib/python3.9/site-packages/sklearn/feature_extraction/text.py:544: UserWarning: The parameter 'ngram_range' will not be used since 'analyzer' is callable'
  warnings.warn(
/home/mona/anaconda3/envs/science-career-tempenv/lib/python3.9/site-packages/sklearn/feature_extraction/text.py:550: UserWarning: The parameter 'stop_words' will not be used since 'analyzer' != 'word'
  warnings.warn(
INFO:dedupe.training:Final predicate set:
INFO:dedupe.training:TfidfNGramSearchPredicate: (0.8, lastname)
Time elapsed: 45.19238483905792 minutes 

Starting active labeling...
firstname : justin
lastname : clarkedoane
middlename : None
year : 2007
year_papertitle : ((2007, 'multiple reductions revisited'), (2012, 'morality and mathematics the evolutionary challenge'), (2013, 'what is absolute undecidability'), (2014, 'moral epistemology the mathematics analogy'))
keywords : frozenset({'epistemology'})

firstname : justin
lastname : clarkedoane
middlename : None
year : 2011
year_papertitle : ((2011, 'morality and mathematics'),)
keywords : frozenset({'philosophy', 'mathematics', 'ethics', 'epistemology'})

0/10 positive, 0/10 negative
Do these records refer to the same thing?
(y)es / (n)o / (u)nsure / (f)inished
firstname : adam
lastname : arico
middlename : None
year : 2010
year_papertitle : ((2010, 'folk psychology consciousness and context effects'), (2011, 'the folk psychology of consciousness'), (2012, 'breaking out of moral typecasting'), (2013, 'lies damned lies and statistics an empirical investigation of the concept of lying'), (2013, 'thinking things and feeling things on an alleged discontinuity in folk metaphysics of mind'))
keywords : frozenset({'cognitive psychology', 'social psychology', 'epistemology'})

firstname : adam
lastname : arico
middlename : j
year : 2013
year_papertitle : ((2013, 'the new folk psychology'),)
keywords : frozenset({'philosophy', 'cognitive psychology'})

1/10 positive, 0/10 negative
Do these records refer to the same thing?
(y)es / (n)o / (u)nsure / (f)inished / (p)revious
INFO:dedupe.training:Final predicate set:
INFO:dedupe.training:SimplePredicate: (commonSixGram, lastname)
firstname : hsueh
lastname : qu
middlename : None
year : 2012
year_papertitle : ((2012, 'the simple duality humean passions'), (2014, 'hume s positive argument on induction'), (2014, 'hume s practically epistemic conclusions'), (2016, 'hume s doxastic involuntarism'), (2016, 'prescription description and hume s experimental method'), (2017, 'hume on mental transparency'), (2017, 'hume s dispositional account of the self'), (2017, 'hume s true scepticism'), (2019, 'hume s epistemology the state of the question'), (2019, 'laying down hume s law'))
keywords : frozenset({'law', 'epistemology'})

firstname : hsueh
lastname : qu
middlename : None
year : 2015
year_papertitle : ((2015, 'justifying hume s epistemology'),)
keywords : frozenset({'philosophy', 'epistemology'})

2/10 positive, 0/10 negative
Do these records refer to the same thing?
(y)es / (n)o / (u)nsure / (f)inished / (p)revious
INFO:dedupe.training:Final predicate set:
INFO:dedupe.training:SimplePredicate: (firstTokenPredicate, lastname)
firstname : james
lastname : connelly
middlename : t
year : 1994
year_papertitle : ((1994, 'full pews and empty altars demographics of the priest shortage in united states catholic dioceses by richard a schoenherr and lawrence a young social demography series madison wis university of wisconsin press 1993 xxii 437 pp 65 cloth 19 95 paper'), (1994, 'pentecostal unity recurring frustration and enduring hopes by terrence robert crowe chicago loyola university press 1993 xiv 282 pp 13 95'), (1995, 'perspectives on church history an introduction for south african readers edited by gerald j pillay and j w hofmeyr pretoria de jager haum 1991 iii 313 pp'), (1996, 'christian mission in the twentieth century by timothy yates new york cambridge university press 1994 xvi 275 pp 59 95'), (1997, 'modern african spirituality the independent holy spirit churches in east africa 1902 1976 by ana marie bak rasmussen new york i b tauris 1996 xx 178 pp 59 50'), (1997, 'st mary s of natchez the history of a southern catholic congregation 1716 1988 by charles e nolan natchez miss st mary s catholic church 1992 xxxvi 732 pp 39 95'), (1998, 'piety and power muslims and christians in west africa by lamin sanneh faith meets faith series maryknoll n y orbis 1996 xvi 207 pp 20 00 paper'), (2000, 'the missionary factor in ethiopia papers from a symposium on the impact of european missions on ethiopian society lund university august 1996 edited by getatchew haile aasulv lande and samuel rubenson studies in the intercultural history of christianity 110 frankfurt am main peter lang 1998 ii 215 pp 37 95 paper'))
keywords : frozenset({'economic history', 'political economy', 'theology', 'classics', 'religious studies'})

firstname : martin
lastname : connell
middlename : None
year : 1994
year_papertitle : ((1994, 'the liturgical year in northern italy 365 450'),)
keywords : frozenset({'religious history', 'theology'})

3/10 positive, 0/10 negative
Do these records refer to the same thing?
(y)es / (n)o / (u)nsure / (f)inished / (p)revious
firstname : cynthia
lastname : kaufman
middlename : None
year : 1992
year_papertitle : ((1992, 'michele le doeuff the philosophical imaginary trans colin gordon reviewed by'),)
keywords : frozenset({'theology'})

firstname : richard
lastname : kaufmann
middlename : paul
year : 1994
year_papertitle : ((1994, 'new life presbyterian church a five year plan for church growth'),)
keywords : frozenset({'biblical studies', 'theology'})

3/10 positive, 1/10 negative
Do these records refer to the same thing?
(y)es / (n)o / (u)nsure / (f)inished / (p)revious
firstname : ronald
lastname : simons
middlename : c
year : 1980
year_papertitle : ((1980, 'eibl eibesfeldt s human ethology the problem of evidence'), (1980, 'the resolution of the latah paradox'), (1983, 'latah ii problems with a purely symbolic interpretation a reply to michael kenny'), (1983, 'latah iii how compelling is the evidence for a psychoanalytic interpretation a reply to h b m murphy'), (1985, 'the culture bound syndromes'), (1987, 'a feasible and timely enterprise commentary on culture bound syndromes and international disease classifications by raymond prince and francoise tcheng laroche'))
keywords : frozenset({'linguistics', 'cognitive psychology', 'psychoanalysis', 'cognitive science', 'psychiatry'})

firstname : ronald
lastname : simon
middlename : None
year : 2007
year_papertitle : ((2007, 'a platonic conception of language'),)
keywords : frozenset({'philosophy', 'linguistics'})

3/10 positive, 2/10 negative
Do these records refer to the same thing?
(y)es / (n)o / (u)nsure / (f)inished / (p)revious
firstname : eileen
lastname : crowley
middlename : d
year : 2007
year_papertitle : ((2007, 'liturgical art for a media culture'), (2012, 'participatory cultures and implications for theological education'), (2012, 'word and worship they fear this course the most'), (2013, 'marvelously called to what'), (2013, 'new media and normal mysticism an unexpected gift for ongoing spiritual formation'), (2013, 'who is missing from your liturgies'), (2013, 'word and worship visual art for advent prepare the way'))
keywords : frozenset({'social psychology', 'religious studies', 'visual arts', 'psychoanalysis', 'pedagogy', 'aesthetics', 'media studies', 'humanities'})

firstname : eileen
lastname : crowleyhorak
middlename : None
year : 2002
year_papertitle : ((2002, 'testing the fruits aesthetics as applied to liturgical media art'),)
keywords : frozenset({'theology', 'mass media', 'american studies'})

3/10 positive, 3/10 negative
Do these records refer to the same thing?
(y)es / (n)o / (u)nsure / (f)inished / (p)revious
firstname : maria
lastname : garcia
middlename : del carmen
year : 1982
year_papertitle : ((1982, 'slow inward calcium currents have no obvious role in muscle excitation contraction coupling'),)
keywords : frozenset({'biophysics'})

firstname : maria
lastname : garciapadilla
middlename : del carmen
year : 1993
year_papertitle : ((1993, 'doing philosophy and the education of teachers'),)
keywords : frozenset({'philosophy', 'teacher education', 'education philosophy'})

3/10 positive, 4/10 negative
Do these records refer to the same thing?
(y)es / (n)o / (u)nsure / (f)inished / (p)revious
firstname : frank
lastname : lovett
middlename : None
year : 2002
year_papertitle : ((2002, 'a positivist account of the rule of law'), (2004, 'can justice be based on consent'), (2005, 'milton s case for a free commonwealth'), (2006, 'rational choice theory and explanation'), (2007, 'consent and the legitimacy of punishment response to brettschneider'), (2008, 'multiculturalism without culture and justice gender and the politics of multiculturalism'), (2008, 'varieties of rationality michael taylor rationality and the ideology of disconnection new york cambridge university press 2006 pp xvii 218 75 00 26 99 paper'), (2009, 'domination and distributive justice'), (2009, 'neorepublicanism a normative and institutional research program'))
keywords : frozenset({'economic history', 'political economy', 'law', 'social psychology', 'epistemology', 'gender studies', 'law and economics'})

firstname : francis
lastname : lovett
middlename : n
year : 2004
year_papertitle : ((2004, 'a general theory of political domination'),)
keywords : frozenset({'philosophy', 'political science'})

3/10 positive, 5/10 negative
Do these records refer to the same thing?
(y)es / (n)o / (u)nsure / (f)inished / (p)revious
firstname : geoff
lastname : pfeifer
middlename : None
year : 2012
year_papertitle : ((2012, 'levi bryant nick srnicek and graham harman eds the speculative turn continental materialism and realism'),)
keywords : frozenset({'epistemology'})

firstname : geoffrey
lastname : pfeifer
middlename : d
year : 2012
year_papertitle : ((2012, 'the new materialism althusser badiou and žižek'),)
keywords : frozenset({'philosophy'})

3/10 positive, 6/10 negative
Do these records refer to the same thing?
(y)es / (n)o / (u)nsure / (f)inished / (p)revious
firstname : jody
lastname : graham
middlename : l
year : 1998
year_papertitle : ((1998, 'berkeley s metaphysics structural interpretive and critical essays robert g muehlmann editor university park pa the pennsylvania state press 1995 xiv 264 pp'), (2001, 'caring from afar expanding our concept of care in the professions'))
keywords : frozenset({'theology', 'nursing'})

firstname : jody
lastname : graham
middlename : lynne
year : 1993
year_papertitle : ((1993, 'berkeley s notion of suggestion'),)
keywords : frozenset({'philosophy'})

3/10 positive, 7/10 negative
Do these records refer to the same thing?
(y)es / (n)o / (u)nsure / (f)inished / (p)revious
firstname : matthew
lastname : jordan
middlename : carey
year : 2011
year_papertitle : ((2011, 'some metaethical desiderata and the conceptual resources of theism'), (2012, 'divine attitudes divine commands and the modal status of moral truths'), (2012, 'review of human capacities and moral status by russell disilvestro'), (2013, 'theism naturalism and meta ethics'), (2014, 'book review god and moral law written by mark c murphy'), (2015, 'ethics and the golden rule written by harry j gensler'), (2017, 'robust ethics the metaphysics and epistemology of godless normative realism written by erik j wielenberg'))
keywords : frozenset({'environmental ethics', 'theology', 'literature', 'criminology', 'epistemology'})

firstname : matthew
lastname : jordan
middlename : carey
year : 2009
year_papertitle : ((2009, 'divine attitudes and the nature of morality a defense of a theistic account of deontic properties'),)
keywords : frozenset({'philosophy', 'ethics'})

3/10 positive, 8/10 negative
Do these records refer to the same thing?
(y)es / (n)o / (u)nsure / (f)inished / (p)revious
firstname : kathryn
lastname : cox
middlename : lilla
year : 2013
year_papertitle : ((2013, 'toward a theology of infertility and the role of donum vitae'), (2015, 'ethics and spirituality edited by charles e curran and lisa a fullam readings in moral theology no 17 new york paulist press 2014 xii 275 pages 29 95 paper'), (2016, 'religious morality in john henry newman hermeneutics of the imagination by gerard magill new york and london springer international publishing switzerland 2015 xiv 231 pages 129 00'))
keywords : frozenset({'theology', 'media studies', 'religious studies'})

firstname : kathryn
lastname : cox
middlename : mary lilla
year : 2007
year_papertitle : ((2007, 'karl rahner s theology of concupiscence and the role of affect in normative theory a contemporary dialogue'),)
keywords : frozenset({'theology'})

4/10 positive, 8/10 negative
Do these records refer to the same thing?
(y)es / (n)o / (u)nsure / (f)inished / (p)revious
firstname : bertha
lastname : manninen
middlename : alvarez
year : 2006
year_papertitle : ((2006, 'a case for justified non voluntary active euthanasia exploring the ethics of the groningen protocol'), (2006, 'medicating the mind a kantian analysis of overprescribing psychoactive drugs'), (2007, 'pleading men and virtuous women considering the role of the father in the abortion debate'), (2007, 'respecting human embryos within stem cell research seeking harmony'), (2007, 'revisiting the argument from fetal potential'), (2007, 'should parents be licensed debating the issues'), (2008, 'are human embryos kantian persons kantian considerations in favor of embryonic stem cell research'), (2008, 'revisiting justified nonvoluntary euthanasia'), (2009, 'defining human death an intersection of bioethics and metaphysics'), (2009, 'the metaphysical foundations of reproductive ethics'))
keywords : frozenset({'psychotherapist', 'nursing', 'law', 'social psychology', 'environmental ethics', 'public administration', 'psychoanalysis', 'epistemology', 'psychiatry', 'law and economics'})

firstname : bertha
lastname : manninen
middlename : alvarez
year : 2006
year_papertitle : ((2006, 'when does a human being gain a moral right to life an ethical and metaphysical study of abortion and embryonic stem cell research'),)
keywords : frozenset({'philosophy'})

4/10 positive, 9/10 negative
Do these records refer to the same thing?
(y)es / (n)o / (u)nsure / (f)inished / (p)revious
firstname : john
lastname : cook
middlename : granger
year : 1993
year_papertitle : ((1993, 'some hellenistic responses to the gospels and gospel traditions'), (1995, 'the structure and persuasive power of mark a linguistic approach'), (1997, 'in defence of ambiguity is there a hidden demon in mark 1 29 31'), (2000, 'the interpretation of the old testament in greco roman paganism'))
keywords : frozenset({'linguistics', 'literature', 'humanities', 'epistemology'})

firstname : john
lastname : cook
middlename : granger
year : 1985
year_papertitle : ((1985, 'a text linguistic approach to the gospel of mark'),)
keywords : frozenset({'theology'})

5/10 positive, 9/10 negative
Do these records refer to the same thing?
(y)es / (n)o / (u)nsure / (f)inished / (p)revious
firstname : ashley
lastname : kelly
middlename : rose
year : 2009
year_papertitle : ((2009, 'rhetorical models for computational systems an interdisciplinary approach to reusable tailorable medical information'), (2010, 'solar scramble an educational children s game for collaborative multi touch digital tabletops'), (2010, 'toward an ontology of rhetorical figures'), (2011, 'a humanistic approach to the study of social media combining social network analysis case study research'), (2011, 'book review essay persuasion emotion and interdisciplinarity a review of two perspectives'), (2012, 'merging duke energy and progress energy online public discourse post fukushima reactions and the absence of environmental communication'), (2013, 'access accommodation and science knowledge in an open world'), (2013, 'risk regulation and rhetorical boundaries claims and challenges surrounding a purported nuclear renaissance'), (2014, 'considering chronos and kairos in digital media rhetorics'), (2015, 'on the frontier of science an american rhetoric of exploration and exploitation by leah ceccarelli and scientists as prophets a rhetorical genealogy by lynda walsh'))
keywords : frozenset({'human computer interaction', 'artificial intelligence', 'ethnology', 'law', 'social science', 'world wide web', 'multimedia', 'natural language processing', 'public administration', 'classics', 'public relations', 'management science', 'data science', 'media studies', 'internet privacy'})

firstname : ashley
lastname : kelly
middlename : rose
year : 2014
year_papertitle : ((2014, 'hacking science emerging parascientific genres and public participation in scientific research'),)
keywords : frozenset({'technical communication', 'philosophy of science', 'rhetoric'})

5/10 positive, 10/10 negative
Do these records refer to the same thing?
(y)es / (n)o / (u)nsure / (f)inished / (p)revious
firstname : michael
lastname : gill
middlename : b
year : 1996
year_papertitle : ((1996, 'a philosopher in his closet reflexivity and justification hume s moral theory'), (1996, 'fantastick associations and addictive general rules a fundamental difference between hutcheson and hume'), (1999, 'relativity and the concept of morality'), (1999, 'the religious rationalism of benjamin whichcote'), (2000, 'hume s progressive view of human nature'), (2000, 'shaftesbury s two accounts of the reason to be virtuous'), (2002, 'paying for kidneys the case against prohibition'))
keywords : frozenset({'ethnology', 'law', 'humanities', 'epistemology'})

firstname : michael
lastname : gill
middlename : b
year : 1995
year_papertitle : ((1995, 'human nature and the accessibility of morality in cudworth hutcheson and hume'),)
keywords : frozenset({'philosophy'})

5/10 positive, 11/10 negative
Do these records refer to the same thing?
(y)es / (n)o / (u)nsure / (f)inished / (p)revious
firstname : brad
lastname : peters
middlename : None
year : 2004
year_papertitle : ((2004, 'queering the conflicts what lgbt students can teach us in the classroom and online'), (2008, 'julian of norwich s showings and the ancrene riwle two rhetorical configurations of mysticism'))
keywords : frozenset({'literature', 'pedagogy'})

firstname : bradley
lastname : peters
middlename : t
year : 1992
year_papertitle : ((1992, 'julian of norwich and the composition of mystical experience'),)
keywords : frozenset({'biographies', 'religion', 'medieval literature', 'theology', 'literature'})

6/10 positive, 11/10 negative
Do these records refer to the same thing?
(y)es / (n)o / (u)nsure / (f)inished / (p)revious
firstname : darryl
lastname : marzio
middlename : m de
year : 2010
year_papertitle : ((2010, 'c g prado ed foucault s legacy london continuum international 2009 isbn 978 1847065957'), (2010, 'dealing with diversity on the uses of common sense in descartes and montaigne'), (2010, 'the teacher s gift of sacrifice as the art of the self'), (2011, 'what happens in philosophical texts matthew lipman s theory and practice of the philosophical text as model'), (2012, 'modern art cynicism and the ethics of teaching'), (2012, 'the pedagogy of self fashioning a foucaultian study of montaigne s on educating children'), (2015, 'the theoretical and pedagogical significance of the philosophical novel and philosophy for with children introduction to the special issue on the philosophical novel for children'))
keywords : frozenset({'social science', 'literature', 'epistemology', 'pedagogy', 'aesthetics', 'media studies', 'humanities'})

firstname : darryl
lastname : marzio
middlename : m de
year : 2007
year_papertitle : ((2007, 'the teacher as ethical subject a foucauldian analysis of plato s alcibiades i and montaigne s on educating children'),)
keywords : frozenset({'philosophy', 'education philosophy', 'education history'})

6/10 positive, 12/10 negative
Do these records refer to the same thing?
(y)es / (n)o / (u)nsure / (f)inished / (p)revious
firstname : brian
lastname : robinette
middlename : d
year : 2007
year_papertitle : ((2007, 'a gift to theology jean luc marion s saturated phenomenon in christological perspective'), (2008, 'eschatology and hope by anthony kelly cssr maryknoll ny orbis 2006 xiii 242 pages 20 00 paper'), (2010, 'teaching catholic theology in the coming decade iii a response'), (2011, 'patience with god the story of zacchaeus continuing in us four perspectives ii'))
keywords : frozenset({'theology', 'literature', 'psychoanalysis', 'epistemology', 'religious studies', 'law and economics'})

firstname : brian
lastname : robinette
middlename : duwayne
year : 2003
year_papertitle : ((2003, 'speaking of the resurrection karl rahner edward schillebeeckx and the theology of jesus resurrection'),)
keywords : frozenset({'theology'})

6/10 positive, 13/10 negative
Do these records refer to the same thing?
(y)es / (n)o / (u)nsure / (f)inished / (p)revious
firstname : lorraine
lastname : pangle
middlename : smith
year : 1995
year_papertitle : ((1995, 'liberal education and politics lessons from the american founding'), (2002, 'aristotle and the philosophy of friendship'))
keywords : frozenset({'public administration', 'political economy', 'literature'})

firstname : lorraine
lastname : pangle
middlename : smith
year : 1999
year_papertitle : ((1999, 'the philosophy of friendship aristotle and the classical tradition on friendship and self love'),)
keywords : frozenset({'philosophy', 'political science'})

6/10 positive, 14/10 negative
Do these records refer to the same thing?
(y)es / (n)o / (u)nsure / (f)inished / (p)revious
firstname : barbara
lastname : montero
middlename : gail
year : 1999
year_papertitle : ((1999, 'the body of the mind body problem'), (1999, 'the body problem'), (2000, 'utilitarianism in infinite worlds'), (2003, 'the epistemic ontic divide'), (2004, 'consciousness is puzzling but not paradoxical'), (2004, 'really taking metaphysics seriously'), (2005, 'a defence of the via negativa argument for physicalism'), (2006, 'physicalism in an infinitely decomposable world'), (2006, 'proprioceiving someone else s movement'), (2006, 'proprioception as an aesthetic sense'))
keywords : frozenset({'ethnology', 'neoclassical economics', 'cognitive psychology', 'communication', 'cognitive science', 'epistemology', 'aesthetics', 'humanities'})

firstname : barbara
lastname : montero
middlename : gail
year : 2000
year_papertitle : ((2000, 'the body problem and other foundational issues in the metaphysics of mind'),)
keywords : frozenset({'philosophy'})

7/10 positive, 14/10 negative
Do these records refer to the same thing?
(y)es / (n)o / (u)nsure / (f)inished / (p)revious
firstname : reni
lastname : celeste
middlename : None
year : 2003
year_papertitle : ((2003, 'love and catastrophe filming the sublime in hiroshima mon amour'), (2007, 'the frozen screen levinas and the action film'))
keywords : frozenset({'aesthetics', 'art history', 'literature', 'visual arts'})

firstname : reni
lastname : celeste
middlename : None
year : 2003
year_papertitle : ((2003, 'the tragic screen cinema at the limits of philosophy'),)
keywords : frozenset({'philosophy', 'art history', 'motion pictures'})

8/10 positive, 14/10 negative
Do these records refer to the same thing?
(y)es / (n)o / (u)nsure / (f)inished / (p)revious
firstname : hyun
lastname : kim
middlename : chul paul
year : 1999
year_papertitle : ((1999, 'an intertextual reading of a crushed reed and a dim wick in isaiah 42 3'), (2001, 'interpretative modes of yin yang dynamics as an asian hermeneutics'))
keywords : frozenset({'theology', 'literature', 'linguistics', 'epistemology'})

firstname : hyun
lastname : kim
middlename : chul paul
year : 1998
year_papertitle : ((1998, 'salvation of israel and the nations in isaiah 40 55 a study of texts and concepts'),)
keywords : frozenset({'biblical studies', 'theology'})

8/10 positive, 15/10 negative
Do these records refer to the same thing?
(y)es / (n)o / (u)nsure / (f)inished / (p)revious
firstname : ed
lastname : aubin
middlename : de st
year : 1997
year_papertitle : ((1997, 'the joy and shame of intellectual probate'), (1999, 'personal ideology the intersection of personality and religious beliefs'), (2001, 'j e birren and j j f schroots eds a history of geropsychology in autobiography washington dc american psychological association 2000'), (2003, 'a banquet of benevolence'), (2003, 'james e birren and kathryn n cochran telling the stories of life through guided autobiography groups baltimore md john hopkins 2001'))
keywords : frozenset({'social psychology', 'theology', 'psychoanalysis', 'religious studies', 'humanities', 'law and economics'})

firstname : ed
lastname : aubin
middlename : de st
year : 1994
year_papertitle : ((1994, 'an examination and elaboration of the polarity theory of personal ideology'),)
keywords : frozenset({'philosophy', 'personality', 'developmental psychology'})

8/10 positive, 16/10 negative
Do these records refer to the same thing?
(y)es / (n)o / (u)nsure / (f)inished / (p)revious
firstname : christian
lastname : winn
middlename : t collins
year : 2005
year_papertitle : ((2005, 'recent books in barth studies'), (2009, 'before bloch there was blumhardt a thesis on the origins of the theology of hope'), (2010, 'j kameron carter race a theological account oxford oxford university press 2008 xiv 489 pp 35 00 cloth'), (2010, 'orthodox and modern studies in the theology of karl barth by bruce l mccormack'))
keywords : frozenset({'theology', 'religious studies'})

firstname : christian
lastname : winn
middlename : t collins
year : 2006
year_papertitle : ((2006, 'jesus is the victor the significance of the blumhardts for the theology of karl barth'),)
keywords : frozenset({'theology'})

8/10 positive, 17/10 negative
Do these records refer to the same thing?
(y)es / (n)o / (u)nsure / (f)inished / (p)revious
firstname : mohammad
lastname : khalil
middlename : hassan
year : 2011
year_papertitle : ((2011, 'salvation and the other in islamic thought the contemporary pluralism debate in english'), (2011, 'war or peace in israel the bin baz qaradawi debate'), (2012, 'islam and the fate of others the salvation question'), (2013, 'an introduction to islamic law by wael b hallaq'), (2013, 'between heaven and hell islam salvation and the fate of others'), (2013, 'saving damning non muslims through translation'), (2017, 'jihad radicalism and the new atheism'))
keywords : frozenset({'linguistics', 'law', 'environmental ethics', 'theology', 'religious studies'})

firstname : mohammad
lastname : khalil
middlename : hassan
year : 2007
year_papertitle : ((2007, 'muslim scholarly discussions on salvation and the fate of others'),)
keywords : frozenset({'theology', 'middle eastern history', 'religion'})

8/10 positive, 17/10 negative
Do these records refer to the same thing?
(y)es / (n)o / (u)nsure / (f)inished / (p)revious
firstname : corey
lastname : barnes
middlename : l
year : 2008
year_papertitle : ((2008, 'albert the great and thomas aquinas on person hypostasis and hypostatic union'), (2010, 'thomas aquinas on the body and bodily passions'), (2011, 'christological composition in thirteenth century debates'), (2011, 'medieval trinitarian thought from aquinas to ockham by russell l friedman review'), (2012, 'introduction to scholastic theology by ulrich g leinsle review'), (2014, 'natural final causality and providence in aquinas'), (2014, 'ordered to the good final causality and analogical predication in thomas aquinas'), (2014, 'thomas aquinas s chalcedonian christology and its influence on later scholastics'), (2015, 'aristotle in the summa theologiae s christology'))
keywords : frozenset({'theology', 'literature', 'psychoanalysis', 'epistemology', 'religious studies'})

firstname : corey
lastname : barnes
middlename : ladd
year : 2007
year_papertitle : ((2007, 'christ s two wills in scholastic theology thirteenth century debates and the christology of thomas aquinas'),)
keywords : frozenset({'theology'})

9/10 positive, 17/10 negative
Do these records refer to the same thing?
(y)es / (n)o / (u)nsure / (f)inished / (p)revious
firstname : john
lastname : perry
middlename : None
year : 2007
year_papertitle : ((2007, 'john locke s america the character of liberal democracy and jeffrey stout s debate with the christian traditionalists'), (2009, 'are christians the aliens who live in your midst torah and the origins of christian ethics in acts 10 15'), (2010, 'gentiles and homosexuals a brief history of an analogy'), (2010, 'two questions for wolterstorff on the roles played by rights talk in history and the measuring of worth'), (2011, 'may alzheimer s patients refuse tube feeding yet more questions on the papal allocution and perhaps an answer'), (2011, 'the pretenses of loyalty'), (2011, 'the pretenses of loyalty locke liberal theory and american political theology'), (2012, 'the essential theatricality of virtue a review of jennifer herdt s putting on virtue'), (2012, 'thought and reality by michael dummett'), (2012, 'vocation and creation beyond the gentile homosexual analogy'))
keywords : frozenset({'advertising', 'law', 'social science', 'theology', 'psychoanalysis', 'epistemology', 'religious studies'})

firstname : john
lastname : perry
middlename : None
year : 2007
year_papertitle : ((2007, 'subverting the republic christian faithfulness and civic allegiance in john locke s america'),)
keywords : frozenset({'theology', 'american history', 'political science'})

10/10 positive, 17/10 negative
Do these records refer to the same thing?
(y)es / (n)o / (u)nsure / (f)inished / (p)revious
firstname : leigh
lastname : jenco
middlename : k
year : 2003
year_papertitle : ((2003, 'thoreau s critique of democracy'), (2007, 'a political theory for them but not for us western theorists interpret the chinese tradition'), (2007, 'what does heaven ever say a methods centered approach to cross cultural engagement'), (2008, 'the analects of confucius translated and with an introduction by burton watson new york columbia university press 2007 162 pp 19 95 cloth'), (2008, 'theorists and actors zhang shizhao on self awareness as political action'), (2009, 'beyond liberal democracy political thinking for an east asian context by daniel a bell princeton princeton university press 2006 408p 67 50 cloth 25 95 paper multiculturalism in asia edited by will kymlicka and baogang he new york oxford university press 2005 376p 125 00 cloth 55 50 paper'), (2010, 'making the political founding and action in the political theory of zhang shizhao'), (2010, 'rule by man and rule by law in early republican china contributions to a theoretical debate'))
keywords : frozenset({'economic history', 'political economy', 'law', 'social science', 'environmental ethics', 'theology', 'epistemology', 'classics', 'religious studies', 'law and economics'})

firstname : leigh
lastname : jenco
middlename : kathryn
year : 2007
year_papertitle : ((2007, 'institutions individuals and political change the political theory of zhang shizhao'),)
keywords : frozenset({'philosophy', 'political science', 'history'})

10/10 positive, 18/10 negative
Do these records refer to the same thing?
(y)es / (n)o / (u)nsure / (f)inished / (p)revious
firstname : tiffany
lastname : kriner
middlename : eberle
year : 2005
year_papertitle : ((2005, 'conjuring hope in a body lucille clifton s eschatology'), (2007, 'book review faithful vision treatments of the sacred spiritual and supernatural in twentieth century african american fictionfaithful vision treatments of the sacred spiritual and supernatural in twentieth century african american fiction by colemanjames w baton rouge la university of louisiana press 2006 isbn 0 8071 3091 5 pp 252 42 95'), (2008, 'book review the gift of story narrating hope in a postmodern worldthe gift of story narrating hope in a postmodern world edited by griesingeremily and eatonmark waco tx baylor university press 2006 isbn 1 932792 47 3 pp xii 391 39 95'), (2009, 'our turn now imitation and the theological turn in literary studies'))
keywords : frozenset({'theology', 'literature', 'epistemology', 'aesthetics', 'art history', 'religious studies'})

firstname : tiffany
lastname : kriner
middlename : eberle
year : 2005
year_papertitle : ((2005, 'a future and a hope eschatology of the other in twentieth century american literature by women'),)
keywords : frozenset({'theology', 'womens studies', 'american literature'})

10/10 positive, 19/10 negative
Do these records refer to the same thing?
(y)es / (n)o / (u)nsure / (f)inished / (p)revious
firstname : mark
lastname : newman
middlename : None
year : 2005
year_papertitle : ((2005, 'ramsey sentence realism as an answer to the pessimistic meta induction'), (2010, 'beyond structural realism pluralist criteria for theory evaluation'), (2010, 'the no miracles argument reliabilism and a methodological version of the generality problem'), (2012, 'an inferential model of scientific understanding'))
keywords : frozenset({'epistemology'})

firstname : mark
lastname : newman
middlename : philip
year : 2006
year_papertitle : ((2006, 'beyond structural realism'),)
keywords : frozenset({'philosophy', 'science history'})

10/10 positive, 19/10 negative
Do these records refer to the same thing?
(y)es / (n)o / (u)nsure / (f)inished / (p)revious
firstname : ryan
lastname : newson
middlename : andrew
year : 2013
year_papertitle : ((2013, 'u s war culture sacrifice and salvation'), (2016, 'alasdair macintyre and radically dialogical politics'))
keywords : frozenset({'theology', 'law', 'epistemology'})

firstname : ryan
lastname : newson
middlename : andrew
year : 2015
year_papertitle : ((2015, 'radical friendship the politics of communal discernment'),)
keywords : frozenset({'philosophy', 'theology', 'ethics'})

11/10 positive, 19/10 negative
Do these records refer to the same thing?
(y)es / (n)o / (u)nsure / (f)inished / (p)revious
firstname : thomas
lastname : nadelhoffer
middlename : None
year : 2004
year_papertitle : ((2004, 'blame badness and intentional action a reply to knobe and mendlow'), (2004, 'on praise side effects and folk ascriptions of intentionality'), (2004, 'the butler problem revisited'), (2004, 'the phenomenology of free will'), (2005, 'skill luck control and intentional action'), (2005, 'surveying freedom folk intuitions about free will and moral responsibility'), (2006, 'bad acts blameworthy agents and intentional actions some problems for juror impartiality'), (2006, 'desire foresight intentions and intentional actions probing folk intuitions'), (2006, 'is incompatibilism intuitive'), (2006, 'on trying to save the simple view'))
keywords : frozenset({'social psychology', 'epistemology'})

firstname : thomas
lastname : nadelhoffer
middlename : allen
year : 2005
year_papertitle : ((2005, 'intentions and intentional actions in ordinary language and the criminal law'),)
keywords : frozenset({'philosophy', 'law', 'social psychology'})

11/10 positive, 20/10 negative
Do these records refer to the same thing?
(y)es / (n)o / (u)nsure / (f)inished / (p)revious
Finished labeling
INFO:rlr.crossvalidation:using cross validation to find optimum alpha...
INFO:rlr.crossvalidation:optimum alpha: 0.001000, score 0.4443618988400098
INFO:dedupe.training:Final predicate set:
INFO:dedupe.training:TfidfTextSearchPredicate: (0.6, lastname)
Done in 8763.770924711227 minutes.
