Namespace(testing=False, verbose=1, field=['environmental science'], train_name='christoph_with_protocol_magkeywords', startyear=1985, endyear=2015, loadstartyear=1985, loadendyear=2015, mergemode='1:1', recall=0.9, institution='False', fieldofstudy_cat='False', fieldofstudy_str='False', keywords='True', retrain='True', linking_type='graduates', samplesize=50000, write_to='database')
Have max 12 cores available
Testing is False 

I set the write connection to the main database.
id_field is [39432304] and will be passed to sql queries.
finished setup ... 
Time elapsed: 0.0006490667661031087 minutes 


    SELECT goid
            , year
            , year as yeardiff_larger_than_0
            , firstname 
            , lastname
            , CASE TRIM(SUBSTR(middle_lastname, 1, l_fullname-l_firstname-l_lastname - 1)) 
                WHEN 
                    "" THEN NULL 
                    ELSE TRIM(SUBSTR(middle_lastname, 1, l_fullname-l_firstname-l_lastname - 1)) 
                END AS middlename
            , fieldofstudy
            , keywords
            , institution
            , coauthors
            , year_papertitle
    FROM (
        SELECT goid
            , degree_year AS year 
            , fullname 
            , SUBSTR(TRIM(fullname),1,instr(trim(fullname)||' ',' ')-1) AS firstname
            , REPLACE(fullname, RTRIM(fullname, REPLACE(fullname, " ", "")), "") AS lastname 
            , TRIM(SUBSTR(fullname, length(SUBSTR(TRIM(fullname),1,instr(trim(fullname)||' ',' ')-1)) + 1)) AS middle_lastname 
            , length(fullname) AS l_fullname 
            , length(SUBSTR(TRIM(fullname),1,instr(trim(fullname)||' ',' ')-1) ) AS l_firstname
            , length(REPLACE(fullname, RTRIM(fullname, REPLACE(fullname, " ", "")), "")) AS l_lastname
            , fieldname AS fieldofstudy
            , university_id
            , degree_year || "//" || thesistitle as year_papertitle 
        FROM pq_authors 
        INNER JOIN (
            SELECT goid, fieldname 
            FROM pq_fields_mag
            WHERE mag_field0 IN (?)
        ) USING (goid)
    )
    -- ## NOTE: use left join here as not all graduates have advisor (particularly pre-1980) and possibly also keywords
    LEFT JOIN (
        SELECT goid, fields_lvl1 as keywords, advisors as coauthors 
        FROM pq_info_linking
    ) USING(goid)
    INNER JOIN (
        SELECT university_id, normalizedname as institution
        FROM pq_unis
        WHERE location like "%United States%"
    ) USING(university_id)
    WHERE year >= 1985 and year <= 2015 AND length(firstname) > 1
     


    SELECT f.AuthorId
        , f.year
        , f.year as yeardiff_larger_than_0
        , f.firstname
        , f.lastname
        , CASE TRIM(SUBSTR(f.middle_lastname, 1, f.l_fullname - f.l_firstname - f.l_lastname - 1)) 
            WHEN 
                "" THEN NULL 
                ELSE TRIM(SUBSTR(f.middle_lastname, 1, f.l_fullname - f.l_firstname - f.l_lastname - 1)) 
            END as middlename 
            -- ## NOTE this gives "" for middlename when it is missing 
        , f.fieldofstudy
        , g.keywords
        , g.coauthors
        , g.institution
        , g.year_papertitle
    FROM (
        SELECT a.AuthorId
            , a.YearFirstPub AS year
            , a.FirstName AS firstname
            , REPLACE(b.NormalizedName, RTRIM(b.NormalizedName, REPLACE(b.NormalizedName, " ", "")), "") AS lastname 
                    -- https://stackoverflow.com/questions/21388820/how-to-get-the-last-index-of-a-substring-in-sqlite
            , TRIM(SUBSTR(b.NormalizedName, length(a.FirstName) + 1)) AS middle_lastname 
                    -- this gives all except the first name 
            , length(b.NormalizedName) as l_fullname 
            , length(a.FirstName) as l_firstname
            , length(REPLACE(b.NormalizedName, RTRIM(b.NormalizedName, REPLACE(b.NormalizedName, " ", "")), "")) as l_lastname
            , e.NormalizedName AS fieldofstudy
        FROM author_sample AS a
        INNER JOIN (
            SELECT AuthorId, NormalizedName
            FROM Authors
        ) AS b USING(AuthorId)
        INNER JOIN (
            SELECT AuthorId
            FROM author_field0
            WHERE FieldOfStudyId_lvl0 IN (?)
                AND Degree <= 0
        ) USING(AuthorId)
        LEFT JOIN (
            SELECT AuthorId, NormalizedName
            FROM author_fields c
            INNER JOIN (
                SELECT FieldOfStudyId, NormalizedName
                FROM FieldsOfStudy
            ) AS d USING(FieldOfStudyId)
            -- ## Condition on fieldofstudy being in the level 0 id_field
            INNER JOIN (
                SELECT ParentFieldOfStudyId, ChildFieldOfStudyId
                FROM crosswalk_fields
                WHERE ParentLevel = 0
                    AND ParentFieldOfStudyId IN (?)
            ) AS e ON (e.ChildFieldOfStudyId = c.FieldOfStudyId)
            WHERE FieldClass = 'first'
        ) AS e USING(AuthorId)
    ) f
    LEFT JOIN (
        SELECT AuthorId
                , institutions as institution
                , main_us_institutions_career
                , coauthors
                , keywords
                , year_papertitle
        FROM author_info_linking
    ) AS g USING(AuthorId)
    WHERE length(firstname) > 1 AND year >= 1985 - 5 AND year <= 2015 + 5 
        -- ## use this to condition on people that have at least at some point their main affiliation in the US
        AND g.main_us_institutions_career IS NOT NULL
        AND g.institution != "chinese academy of sciences"
     

/home/christoph/anaconda3/envs/science-career-tempenv/lib/python3.9/site-packages/sklearn/feature_extraction/text.py:541: UserWarning: The parameter 'ngram_range' will not be used since 'analyzer' is callable'
  warnings.warn(
/home/christoph/anaconda3/envs/science-career-tempenv/lib/python3.9/site-packages/sklearn/feature_extraction/text.py:547: UserWarning: The parameter 'stop_words' will not be used since 'analyzer' != 'word'
  warnings.warn(
Time elapsed: 26.453390642007193 minutes 

Starting active labeling...
firstname : christopher
lastname : neale
middlename : m u
year : 1987
yeardiff_larger_than_0 : 1987
year_papertitle : ((1987, 'crop coefficients derived from reflected canopy radiation a concept'), (1989, 'fetch requirements for bowen ratio measurements of latent and sensible heat fluxes'), (1989, 'sources of error in hydraulic weighing lysimeter measurements'), (1990, 'an assessment of input variables to the penman monteith equation using canopy reflectance measurements'), (1990, 'development of reflectance based crop coefficients for corn'), (1990, 'land surface temperature derived from the ssm i passive microwave brightness temperatures'), (1990, 'land surface type classification using microwave brightness temperatures from the special sensor microwave imager'), (1990, 'spectral inputs improve corn crop coefficients and irrigation scheduling'), (1994, 'an airborne multispectral video radiometer remote sensing system development and calibration'), (1994, 'computation efficient algorithms for image registration'))
keywords : frozenset({'remote sensing', 'atmospheric sciences', 'agronomy', 'optics', 'artificial intelligence', 'hydrology', 'meteorology'})

firstname : christopher
lastname : neale
middlename : m u
year : 1987
yeardiff_larger_than_0 : 1987
year_papertitle : ((1987, 'development of reflectance based crop coefficients for corn'),)
keywords : frozenset({'remote sensing', 'optics', 'hydrology', 'agronomy'})

0/10 positive, 0/10 negative
Do these records refer to the same thing?
(y)es / (n)o / (u)nsure / (f)inished
firstname : aaron
lastname : levine
middlename : f z
year : 2009
yeardiff_larger_than_0 : 2009
year_papertitle : ((2009, 'student proposed cruise captured wakes of oahu and kauai islands'), (2010, 'noise induced instability in the enso recharge oscillator'), (2014, 'a systematic approach to quantifying the noise enso relationship and its effect on extreme el nino events'), (2015, 'the annual cycle in enso growth rate as a cause of the spring predictability barrier'), (2016, 'extreme noise extreme el nino how state dependent noise forcing creates el nino la nina asymmetry'), (2016, 'how the july 2014 easterly wind burst gave the 2015 2016 el nino a head start'))
keywords : frozenset({'climatology', 'atmospheric sciences', 'ecology', 'acoustics', 'oceanography', 'mechanics', 'meteorology'})

firstname : aaron
lastname : levine
middlename : f z
year : 2014
yeardiff_larger_than_0 : 2014
year_papertitle : ((2014, 'a systematic approach to quantifying the noise enso relationship and its effect on extreme el nino events'),)
keywords : frozenset({'mathematical analysis', 'climatology', 'atmospheric sciences', 'acoustics', 'statistics'})

1/10 positive, 0/10 negative
Do these records refer to the same thing?
(y)es / (n)o / (u)nsure / (f)inished / (p)revious
firstname : ahmed
lastname : eldeiry
middlename : a
year : 2005
yeardiff_larger_than_0 : 2005
year_papertitle : ((2005, 'furrow irrigation system design for clay soils in arid regions'), (2008, 'detecting soil salinity in alfalfa fields using spatial modeling and remote sensing'), (2008, 'soil salinity sampling strategy using spatial modeling techniques remote sensing and field data'), (2008, 'spatial modeling of soil salinity using remote sensing gis and field data'), (2010, 'comparison of ordinary kriging regression kriging and cokriging techniques to estimate soil salinity using landsat images'), (2011, 'using indicator kriging technique for soil salinity and yield management'), (2012, 'evaluating the performance of ordinary kriging in mapping soil salinity'), (2012, 'using disjunctive kriging as a quantitative approach to manage soil salinity and crop yield'))
keywords : frozenset({'remote sensing', 'agronomy', 'soil science', 'artificial intelligence', 'statistics', 'mechanics', 'hydrology'})

firstname : ahmed
lastname : eldeiry
middlename : aly mohamed
year : 2006
yeardiff_larger_than_0 : 2006
year_papertitle : ((2006, 'spatial modeling of soil salinity using remote sensing gis and field data'),)
keywords : frozenset({'remote sensing', 'agronomy', 'econometrics', 'artificial intelligence', 'environmental resource management', 'statistics'})

2/10 positive, 0/10 negative
Do these records refer to the same thing?
(y)es / (n)o / (u)nsure / (f)inished / (p)revious
firstname : rolando
lastname : saunders
middlename : o
year : 2011
yeardiff_larger_than_0 : 2011
year_papertitle : ((2011, 'a closer look at data independence comment on lies damned lies and statistics in geology'), (2013, 'the sensitivity of single air parcel trajectory calculations to starting elevation'), (2014, 'improved estimation of pm2 5 using lagrangian satellite measured aerosol optical depth'))
keywords : frozenset({'remote sensing', 'atmospheric sciences', 'econometrics', 'statistics', 'mechanics', 'meteorology', 'classical mechanics'})

firstname : rolando
lastname : saunders
middlename : olivas
year : 2013
yeardiff_larger_than_0 : 2013
year_papertitle : ((2013, 'improved estimation of pm25 using lagrangian satellite measured aerosol optical depth'),)
keywords : frozenset({'remote sensing', 'algorithm', 'econometrics', 'chromatography', 'statistics'})

3/10 positive, 0/10 negative
Do these records refer to the same thing?
(y)es / (n)o / (u)nsure / (f)inished / (p)revious
firstname : pedro
lastname : dias
middlename : leite da silva
year : 1983
yeardiff_larger_than_0 : 1983
year_papertitle : ((1983, 'large scale response of the tropical atmosphere to transient convection'), (1984, 'a spectral cumulus parameterization for use in numerical models of the tropical atmosphere'), (1985, 'a preliminary study of the observed vertical mode structure of the summer circulation over tropical south america'), (1986, 'response of planetary waves to stationary tropical heating in a global atmosphere with meridional and vertical shear'), (1986, 'vertical mode decomposition and model resolution'), (1987, 'diurnally forced tropical tropospheric circulation over south america'))
keywords : frozenset({'mathematical analysis', 'climatology', 'control theory', 'atmospheric sciences', 'ecology', 'optics', 'mechanics'})

firstname : juliana
lastname : dias
middlename : faus da silva
year : 2010
yeardiff_larger_than_0 : 2010
year_papertitle : ((2010, 'interactions between large scale atmospheric flows and moist convection'),)
keywords : frozenset({'climatology', 'public relations', 'mechanics', 'meteorology', 'astrophysics'})

4/10 positive, 0/10 negative
Do these records refer to the same thing?
(y)es / (n)o / (u)nsure / (f)inished / (p)revious
firstname : thomas
lastname : jones
middlename : g
year : 2005
yeardiff_larger_than_0 : 2005
year_papertitle : ((2005, 'treated and untreated acid mine drainage effects on stream periphyton biomass leaf decomposition and macroinvertebrate diversity'), (2010, 'possible extirpation of cambarus veteranus big sandy crayfish from west virginia'), (2010, 'the extirpation of orconectes limosus spinycheek crayfish populations in west virginia'))
keywords : frozenset({'climatology', 'archaeology', 'ecology', 'environmental chemistry', 'statistics', 'hydrology', 'waste management'})

firstname : linda
lastname : jones
middlename : s
year : 2006
yeardiff_larger_than_0 : 2006
year_papertitle : ((2006, 'use of dendroanalysis to study environmental change in three unique geological ecological settings'),)
keywords : frozenset({'waste management', 'hydrology', 'agronomy', 'ecology'})

4/10 positive, 1/10 negative
Do these records refer to the same thing?
(y)es / (n)o / (u)nsure / (f)inished / (p)revious
firstname : xiquan
lastname : dong
middlename : None
year : 1996
yeardiff_larger_than_0 : 1996
year_papertitle : ((1996, 'observing structures vertical motions within stratiform clouds using a vertical pointing 94 ghz cloud radar'), (1997, 'microphysical and radiative properties of boundary layer stratiform clouds deduced from ground based measurements'), (1998, 'parameterizations of the microphysical and shortwave radiative properties of boundary layer stratus from ground based measurements'), (1999, 'ceres cloud properties derived from multispectral virs data'), (2000, 'a 25 month database of stratus cloud properties generated from ground based measurements at the atmospheric radiation measurement southern great plains site'), (2000, 'absorption of solar radiation by the atmosphere as determined using satellite aircraft and surface data during the atmospheric radiation measurement enhanced shortwave experiment arese'), (2001, 'a new retrieval for cloud liquid water path using a ground based microwave radiometer and measurements of cloud temperature'), (2001, 'arctic stratus cloud properties and their effect on the surface radiation budget selected cases from fire ace'), (2002, 'comparison of stratus cloud properties deduced from surface goes and aircraft data during the march 2000 arm cloud iop'), (2003, 'profiles of low level stratus cloud microphysics deduced from ground based measurements'))
keywords : frozenset({'remote sensing', 'atmospheric sciences', 'optics', 'oceanography', 'statistics', 'meteorology', 'astrophysics'})

firstname : xiquan
lastname : dong
middlename : None
year : 1996
yeardiff_larger_than_0 : 1996
year_papertitle : ((1996, 'microphysical and radiative properties of stratiform clouds deduced from ground based measurements'),)
keywords : frozenset({'remote sensing', 'atmospheric sciences', 'optics', 'meteorology', 'astrophysics'})

4/10 positive, 2/10 negative
Do these records refer to the same thing?
(y)es / (n)o / (u)nsure / (f)inished / (p)revious
firstname : zhenduo
lastname : zhu
middlename : None
year : 2010
yeardiff_larger_than_0 : 2010
year_papertitle : ((2010, 'multiple scale simulations of stratocumulus clouds'), (2012, 'a limited area model lam intercomparison study of a twp ice active monsoon mesoscale convective event'), (2014, 'impact of subgrid scale vertical turbulent mixing on eyewall asymmetric structures and mesovortices of hurricanes'), (2014, 'the role of outer rainband convection in governing the eyewall replacement cycle in numerical simulations of tropical cyclones'), (2015, 'sensitivities of eyewall replacement cycle to model physics vortex structure and background winds in numerical simulations of tropical cyclones'))
keywords : frozenset({'remote sensing', 'climatology', 'control theory', 'atmospheric sciences', 'mechanics', 'meteorology'})

firstname : zhenduo
lastname : zhu
middlename : None
year : 2014
yeardiff_larger_than_0 : 2014
year_papertitle : ((2014, 'mechanisms governing the eyewall replacement cycle in numerical simulations of tropical cyclones'),)
keywords : frozenset({'composite material', 'climatology', 'meteorology', 'mechanics'})

5/10 positive, 2/10 negative
Do these records refer to the same thing?
(y)es / (n)o / (u)nsure / (f)inished / (p)revious
firstname : jinhwa
lastname : lee
middlename : None
year : 2008
yeardiff_larger_than_0 : 2008
year_papertitle : ((2008, 'efficacy of iodine treated biocidal filter media against bacterial spore aerosols'), (2008, 'evaluation of physical capture efficiency and disinfection capability of an iodinated biocidal filter medium'), (2009, 'assessment of iodine treated filter media for removal and inactivation of ms2 bacteriophage aerosols'), (2009, 'removal and retention of viral aerosols by a novel alumina nanofiber filter'), (2010, 'characterization of reaerosolization from impingers in an effort to improve airborne virus sampling'), (2010, 'development and evaluation of a novel bioaerosol amplification unit bau for improved viral aerosol collection'), (2011, 'evaluation of the performance of dialdehyde cellulose filters against airborne and waterborne bacteria and viruses'))
keywords : frozenset({'inorganic chemistry', 'microbiology', 'atmospheric sciences', 'composite material', 'chromatography', 'chemical engineering', 'waste management'})

firstname : jinhwa
lastname : lee
middlename : None
year : 2009
yeardiff_larger_than_0 : 2009
year_papertitle : ((2009, 'assessment of the performance of iodine treated biocidal filters and characterization of virus aerosols'),)
keywords : frozenset({'microbiology', 'atmospheric sciences', 'environmental chemistry', 'composite material', 'chromatography', 'botany', 'chemical engineering', 'mechanics', 'waste management'})

6/10 positive, 2/10 negative
Do these records refer to the same thing?
(y)es / (n)o / (u)nsure / (f)inished / (p)revious
firstname : hideki
lastname : kanamaru
middlename : None
year : 2003
yeardiff_larger_than_0 : 2003
year_papertitle : ((2003, 'adjustments for wind sampling errors in an estimate of the atmospheric water budget of the mississippi river basin'), (2004, 'central u s atmospheric water and energy budgets adjusted for diurnal sampling biases using top of atmosphere radiation'), (2004, 'the summertime atmospheric hydrologic cycle over the southwestern united states'), (2005, 'the diurnal cycle of the summertime atmospheric hydrologic cycle over the southwestern united states'), (2007, 'fifty seven year california reanalysis downscaling at 10 km card10 part i system detail and validation with observations'), (2007, 'fifty seven year california reanalysis downscaling at 10 km card10 part ii comparison with north american regional reanalysis'), (2007, 'scale selective bias correction in a downscaling of global analysis using a regional model'), (2008, 'dynamical downscaling of global analysis and simulation over the northern hemisphere'), (2008, 'model diagnosis of nighttime minimum temperature warming during summer due to irrigation in the california central valley'), (2008, 'seasonal temperature responses to land use change in the western united states'))
keywords : frozenset({'climatology', 'atmospheric sciences', 'agronomy', 'artificial intelligence', 'hydrology', 'mechanics', 'meteorology'})

firstname : hideki
lastname : kanamaru
middlename : None
year : 2003
yeardiff_larger_than_0 : 2003
year_papertitle : ((2003, 'diagnostic study of atmospheric water and energy budgets from observations and atmospheric general circulation models'),)
keywords : frozenset({'climatology', 'thermodynamics', 'atmospheric sciences', 'statistics', 'mechanics', 'hydrology', 'meteorology'})

7/10 positive, 2/10 negative
Do these records refer to the same thing?
(y)es / (n)o / (u)nsure / (f)inished / (p)revious
firstname : li
lastname : liu
middlename : None
year : 2009
yeardiff_larger_than_0 : 2009
year_papertitle : ((2009, 'soil amendment application frequency contributes to phytoextraction of lead by sunflower at different nutrient levels'), (2010, 'influences of major nutrient elements on pb accumulation of two crops from a pb contaminated soil'), (2013, 'seasonal variability in soil inorganic nitrogen across borders between woodland and farmland in the songnen plain of northeast china'), (2013, 'vegetation and community changes of elm ulmus pumila woodlands in northeastern china in 1983 2011'))
keywords : frozenset({'agronomy', 'ecology', 'environmental chemistry', 'law', 'botany', 'hydrology', 'horticulture'})

firstname : li
lastname : li
middlename : None
year : 2014
yeardiff_larger_than_0 : 2014
year_papertitle : ((2014, 'pm25 air pollution in china a technical and administrative analysis of standards'),)
keywords : frozenset({'environmental planning', 'risk analysis', 'public relations', 'data mining', 'public administration', 'environmental engineering', 'environmental resource management', 'law', 'engineering management', 'environmental economics'})

8/10 positive, 2/10 negative
Do these records refer to the same thing?
(y)es / (n)o / (u)nsure / (f)inished / (p)revious
firstname : max
lastname : zaratebermudez
middlename : None
year : 2011
yeardiff_larger_than_0 : 2011
year_papertitle : ((2011, 'irrigation water issues potentially related to the 2006 multistate e coli o157 h7 outbreak associated with spinach'), (2015, 'a systems analysis of irrigation water quality in an environmental assessment of an e coli o157 h7 outbreak in the united states linked to iceberg lettuce'))
keywords : frozenset({'environmental planning', 'environmental health', 'agronomy', 'virology', 'food science', 'hydrology', 'waste management'})

firstname : max
lastname : zarate
middlename : alberto
year : 2001
yeardiff_larger_than_0 : 2001
year_papertitle : ((2001, 'the fate of selenium in an algal bacterial system in the san joaquin valley of california public health considerations'),)
keywords : frozenset({'inorganic chemistry', 'ecology', 'environmental chemistry', 'chromatography', 'food science', 'hydrology', 'analytical chemistry'})

8/10 positive, 3/10 negative
Do these records refer to the same thing?
(y)es / (n)o / (u)nsure / (f)inished / (p)revious
firstname : mei
lastname : xue
middlename : None
year : 2005
yeardiff_larger_than_0 : 2005
year_papertitle : ((2005, 'asthenospheric channeling of the icelandic upwelling evidence from seismic anisotropy'), (2006, 'origin of the newberry hotspot track evidence from shear wave splitting'), (2007, 'the fate of the juan de fuca plate implications for a yellowstone plume head'), (2010, 'mantle flow pattern and geodynamic cause of the north china craton reactivation evidence from seismic anisotropy'), (2010, 'mantle structure beneath the western united states and its implications for convection processes'), (2010, 'slab plume interaction beneath the pacific northwest'))
keywords : frozenset({'seismology', 'geophysics', 'structural engineering', 'paleontology', 'mechanics', 'oceanography', 'geochemistry'})

firstname : mei
lastname : xu
middlename : None
year : 1995
yeardiff_larger_than_0 : 1995
year_papertitle : ((1995, 'estimation of atmospheric boundary layer fluxes and other turbulence parameters from doppler radar and lidar data'),)
keywords : frozenset({'oceanography', 'optics', 'remote sensing', 'mechanics'})

8/10 positive, 4/10 negative
Do these records refer to the same thing?
(y)es / (n)o / (u)nsure / (f)inished / (p)revious
firstname : gang
lastname : song
middlename : None
year : 2003
yeardiff_larger_than_0 : 2003
year_papertitle : ((2003, 'multiserv congestion alleviation using overlay network'), (2003, 'performance analysis in unstructured overlays'), (2004, 'a construction of locality aware overlay network moverlay and its performance'), (2004, 'a dynamic bayesian network approach to multi cue based visual tracking'), (2004, 'measurement based construction of locality aware overlay networks'), (2007, 'multi start method with prior learning for image registration'), (2007, 'object detection combining recognition and segmentation'), (2007, 'untangling cycles for contour grouping'), (2009, 'a new information theoretic measure to control the robustness sensitivity trade off for dmffd point set registration'), (2009, 'computational analysis of hrct images for characterization and differentiation of ild and copd'))
keywords : frozenset({'topology', 'algorithm', 'computer vision', 'artificial intelligence', 'computer network', 'internal medicine', 'distributed computing'})

firstname : yang
lastname : song
middlename : None
year : 2015
yeardiff_larger_than_0 : 2015
year_papertitle : ((2015, 'the potential implications of bioenergy crop production for water and energy balance and carbon and nitrogen dynamics in the united states'),)
keywords : frozenset({'remote sensing', 'agronomy', 'ecology', 'environmental chemistry', 'waste management'})

8/10 positive, 4/10 negative
Do these records refer to the same thing?
(y)es / (n)o / (u)nsure / (f)inished / (p)revious
firstname : qingshun
lastname : li
middlename : quinn
year : 1997
yeardiff_larger_than_0 : 1997
year_papertitle : ((1997, 'the polyadenylation of rna in plants'), (2000, 'the yeast polyadenylate binding protein pab1 gene acts as a disease lesion mimic gene when expressed in plants'), (2003, 'a ring h2 zinc finger protein gene rie1 is essential for seed development in arabidopsis'), (2004, 'atcpsf73 ii gene encoding an arabidopsis homolog of cpsf 73 kda subunit is critical for early embryo development'), (2004, 'the potyviral suppressor of rna silencing confers enhanced resistance to multiple pathogens'))
keywords : frozenset({'biochemistry', 'genetics', 'microbiology', 'molecular biology', 'virology', 'cell biology', 'botany'})

firstname : min
lastname : li
middlename : None
year : 2003
yeardiff_larger_than_0 : 2003
year_papertitle : ((2003, 'ambient concentrations and measurement precision of molecular markers in fine particles from philadelphia pennsylvania'),)
keywords : frozenset({'environmental chemistry', 'chromatography'})

8/10 positive, 5/10 negative
Do these records refer to the same thing?
(y)es / (n)o / (u)nsure / (f)inished / (p)revious
firstname : jeffrey
lastname : stein
middlename : a
year : 2012
yeardiff_larger_than_0 : 2012
year_papertitle : ((2012, 'the influence of hook size type and location on hook retention and survival of angled bonefish albula vulpes'), (2014, 'comment not all biases are created equal a comment on the snorkel survey bias observed by hessenauer et al 2014'), (2015, 'defining adult bonefish albula vulpes movement corridors around grand bahama in the bahamian archipelago'), (2015, 'quantifying brood predation in largemouth bass micropterus salmoides associated with catch and release angling of nesting males'), (2016, 'modeling and mapping fish abundance across wadeable streams of illinois usa based on landscape level environmental variables'), (2016, 'progress toward lake trout rehabilitation at a stocked and unstocked reef in southern lake michigan'), (2016, 'the role of boldness and cortisol responsiveness in determining vulnerability to angling in a popular sportfish species'), (2017, 'chill out physiological responses to winter ice angling in two temperate freshwater fishes'), (2017, 'physiological effects of ice angling capture and handling on northern pike esox lucius'), (2017, 'potential consequences of angling on nest site fidelity in largemouth bass'))
keywords : frozenset({'animal science', 'structural engineering', 'ecology', 'environmental resource management', 'hydrology', 'fishery', 'internal medicine'})

firstname : jeffrey
lastname : stein
middlename : lee
year : 1991
yeardiff_larger_than_0 : 1991
year_papertitle : ((1991, 'molecular genetics and biochemistry of ribulose 1 5 bisphosphate carboxylase oxygenase in the endosymbiont of the hydrothermal vent gastropod alvinoconcha hessleri'),)
keywords : frozenset({'biochemistry', 'genetics', 'microbiology', 'molecular biology', 'botany'})

8/10 positive, 6/10 negative
Do these records refer to the same thing?
(y)es / (n)o / (u)nsure / (f)inished / (p)revious
firstname : mark
lastname : bakker
middlename : r
year : 1998
yeardiff_larger_than_0 : 1998
year_papertitle : ((1998, 'fine roots of pedunculate oak quercus robur l in the netherlands seven years after liming'), (1998, 'the effect of lime and gypsum applications on a sessile oak quercus petraea m liebl stand at la croix scaille french ardennes ii fine root dynamics'), (1999, 'effect of liming on fine root cation exchange sites of oak'), (1999, 'effects of lime induced differences in site fertility on fine roots of oak'), (1999, 'fine root parameters as indicators of sustainability of forest ecosystems'), (1999, 'soil solution chemistry in the rhizosphere of roots of sessile oak quercus petraea as influenced by lime'), (1999, 'the effects of liming and gypsum applications on a sessile oak quercus petraea m liebl stand at la croix scaille french ardennes i site characteristics soil chemistry and aerial biomass'), (2000, 'effect of liming on the ectomycorrhizal status of oak'), (2000, 'effects of liming on rhizosphere chemistry and growth of fine roots and of shoots of sessile oak quercus petraea'), (2005, 'impact of douglas fir and scots pine seedlings on plagioclase weathering under acidic conditions'))
keywords : frozenset({'metallurgy', 'agronomy', 'ecology', 'environmental chemistry', 'botany', 'geochemistry', 'horticulture'})

firstname : mark
lastname : bakker
middlename : None
year : 1994
yeardiff_larger_than_0 : 1994
year_papertitle : ((1994, 'two dimensional groundwater flow with free boundaries using the hodograph method'),)
keywords : frozenset({'algorithm', 'mathematical analysis', 'pure mathematics', 'mathematical physics'})

8/10 positive, 7/10 negative
Do these records refer to the same thing?
(y)es / (n)o / (u)nsure / (f)inished / (p)revious
firstname : eric
lastname : wood
middlename : None
year : 2011
yeardiff_larger_than_0 : 2011
year_papertitle : ((2007, 'battery end of life considerations for plug in hybrid electric vehicles'), (2011, 'investigation of battery end of life conditions for plug in hybrid electric vehicles'), (2012, 'battery wear from disparate duty cycles opportunities for electric drive vehicle battery health management'), (2012, 'sensitivity of battery electric vehicle economics to drive patterns vehicle range and charge strategies'), (2013, 'overcoming the range limitation of medium duty battery electric vehicles through the use of hydrogen fuel cells'), (2013, 'sensitivity of plug in hybrid electric vehicle economics to drive patterns electric range energy management and charge strategies'), (2014, 'modular approach for continuous cell level balancing to improve performance of large battery packs'), (2014, 'the impact of range anxiety and home workplace and public charging infrastructure on simulated battery electric vehicle lifetime utility'), (2014, 'thru life impacts of driver aggression climate cabin thermal management and battery thermal management on battery electric vehicle utility'), (2015, 'a second life for electric vehicle batteries answering questions on battery degradation and value'))
keywords : frozenset({'automotive engineering', 'natural resource economics', 'electrical engineering', 'mechanical engineering', 'chemical engineering', 'industrial organization', 'environmental economics'})

firstname : eric
lastname : wood
middlename : channing
year : 2002
yeardiff_larger_than_0 : 2002
year_papertitle : ((2002, 'modeling and characterizing agricultural expansion a case study in senegal west africa'),)
keywords : frozenset({'agricultural engineering', 'environmental planning', 'remote sensing', 'natural resource economics', 'agroforestry', 'environmental resource management', 'agricultural economics', 'environmental economics'})

8/10 positive, 7/10 negative
Do these records refer to the same thing?
(y)es / (n)o / (u)nsure / (f)inished / (p)revious
firstname : marcie
lastname : francis
middlename : None
year : 1992
yeardiff_larger_than_0 : 1992
year_papertitle : ((1992, 'comparison of size characteristics of fibers found on sample filters and cassette cowls from personal samples of airborne man made mineral fibers'), (1993, 'cancer epidemiology among styrene butadiene rubber workers'), (1994, '60 hertz magnetic field exposure assessment for an investigation of leukemia in telephone lineworkers'), (1996, 'quantification of historical exposures in occupational cohort studies'), (1998, 'industry wide study of mortality of pulp and paper mill workers'), (1999, 'health effects of the 1991 kuwait oil fires a survey of us army troops'))
keywords : frozenset({'environmental health', 'pulp and paper industry', 'composite material', 'demography', 'statistics', 'internal medicine', 'family medicine'})

firstname : marcie
lastname : francis
middlename : a
year : 1988
yeardiff_larger_than_0 : 1988
year_papertitle : ((1988, 'time series analysis of occupational exposure data'),)
keywords : frozenset({'econometrics', 'mathematical analysis', 'statistics'})

8/10 positive, 8/10 negative
Do these records refer to the same thing?
(y)es / (n)o / (u)nsure / (f)inished / (p)revious
firstname : eric
lastname : wood
middlename : None
year : 2011
yeardiff_larger_than_0 : 2011
year_papertitle : ((2007, 'battery end of life considerations for plug in hybrid electric vehicles'), (2011, 'investigation of battery end of life conditions for plug in hybrid electric vehicles'), (2012, 'battery wear from disparate duty cycles opportunities for electric drive vehicle battery health management'), (2012, 'sensitivity of battery electric vehicle economics to drive patterns vehicle range and charge strategies'), (2013, 'overcoming the range limitation of medium duty battery electric vehicles through the use of hydrogen fuel cells'), (2013, 'sensitivity of plug in hybrid electric vehicle economics to drive patterns electric range energy management and charge strategies'), (2014, 'modular approach for continuous cell level balancing to improve performance of large battery packs'), (2014, 'the impact of range anxiety and home workplace and public charging infrastructure on simulated battery electric vehicle lifetime utility'), (2014, 'thru life impacts of driver aggression climate cabin thermal management and battery thermal management on battery electric vehicle utility'), (2015, 'a second life for electric vehicle batteries answering questions on battery degradation and value'))
keywords : frozenset({'automotive engineering', 'natural resource economics', 'electrical engineering', 'mechanical engineering', 'chemical engineering', 'industrial organization', 'environmental economics'})

firstname : eric
lastname : wood
middlename : channing
year : 2002
yeardiff_larger_than_0 : 2002
year_papertitle : ((2002, 'modeling and characterizing agricultural expansion a case study in senegal west africa'),)
keywords : frozenset({'agricultural engineering', 'environmental planning', 'remote sensing', 'natural resource economics', 'agroforestry', 'environmental resource management', 'agricultural economics', 'environmental economics'})

8/10 positive, 7/10 negative
Do these records refer to the same thing?
(y)es / (n)o / (u)nsure / (f)inished
firstname : marcie
lastname : francis
middlename : None
year : 1992
yeardiff_larger_than_0 : 1992
year_papertitle : ((1992, 'comparison of size characteristics of fibers found on sample filters and cassette cowls from personal samples of airborne man made mineral fibers'), (1993, 'cancer epidemiology among styrene butadiene rubber workers'), (1994, '60 hertz magnetic field exposure assessment for an investigation of leukemia in telephone lineworkers'), (1996, 'quantification of historical exposures in occupational cohort studies'), (1998, 'industry wide study of mortality of pulp and paper mill workers'), (1999, 'health effects of the 1991 kuwait oil fires a survey of us army troops'))
keywords : frozenset({'environmental health', 'pulp and paper industry', 'composite material', 'demography', 'statistics', 'internal medicine', 'family medicine'})

firstname : marcie
lastname : francis
middlename : a
year : 1988
yeardiff_larger_than_0 : 1988
year_papertitle : ((1988, 'time series analysis of occupational exposure data'),)
keywords : frozenset({'econometrics', 'mathematical analysis', 'statistics'})

8/10 positive, 8/10 negative
Do these records refer to the same thing?
(y)es / (n)o / (u)nsure / (f)inished / (p)revious
firstname : simon
lastname : szoeke
middlename : p de
year : 2005
yeardiff_larger_than_0 : 2005
year_papertitle : ((2005, 'variability in the southerly flow into the eastern pacific itcz'), (2006, 'effect of shallow cumulus convection on the eastern pacific climate in a coupled model'), (2007, 'a regional ocean atmosphere model for eastern pacific climate toward reducing tropical biases'), (2007, 'stratus ocean reference station 20 degs s 85 degs w mooring recovery and deployment cruise stratus 8 r v ronald h brown cruise 07 09 october 9 2007 november 6 2007'), (2007, 'the central american midsummer drought regional aspects and large scale forcing'), (2007, 'what maintains the sst front north of the eastern pacific equatorial cold tongue'), (2008, 'comparison of marine stratocumulus cloud top heights in the southeastern pacific retrieved from satellites with coincident ship based observations'), (2008, 'the tropical eastern pacific seasonal cycle assessment of errors and mechanisms in ipcc ar4 coupled ocean atmosphere general circulation models'), (2009, 'stratocumulus cloud top height estimates and their climatic implications'), (2009, 'stratus 9 vocals ninth setting of the stratus ocean reference station vocals regional experiment'))
keywords : frozenset({'remote sensing', 'climatology', 'atmospheric sciences', 'oceanography', 'mechanics', 'meteorology', 'marine engineering'})

firstname : simon
lastname : szoeke
middlename : p de
year : 2004
yeardiff_larger_than_0 : 2004
year_papertitle : ((2004, 'evolution of the cross equatorial atmospheric boundary layer in the east pacific observations and models'),)
keywords : frozenset({'climatology', 'atmospheric sciences', 'composite material', 'mechanics', 'astrophysics', 'marine engineering'})

8/10 positive, 8/10 negative
Do these records refer to the same thing?
(y)es / (n)o / (u)nsure / (f)inished / (p)revious
firstname : gustavo
lastname : angeles
middlename : None
year : 1998
yeardiff_larger_than_0 : 1998
year_papertitle : ((1998, 'purposive program placement and the estimation of family planning program effects in tanzania'), (2005, 'cost and results of information systems for health and poverty indicators in the united republic of tanzania'), (2005, 'the determinants of fertility in rural peru program effects in the early years of the national family planning program'), (2005, 'the effects of education and family planning programs on fertility in indonesia'), (2005, 'the impact of community level variables on individual level outcomes theoretical results and applications'))
keywords : frozenset({'econometrics', 'social psychology', 'economic growth', 'demography', 'statistics', 'internal medicine', 'demographic economics'})

firstname : gustavo
lastname : angeles
middlename : leopoldo garduno
year : 2011
yeardiff_larger_than_0 : 2011
year_papertitle : ((2011, 'sustainable water management in ciudad juarez'),)
keywords : frozenset({'environmental planning', 'natural resource economics', 'agronomy', 'environmental engineering', 'finance', 'water resource management', 'internal medicine', 'international economics'})

9/10 positive, 8/10 negative
Do these records refer to the same thing?
(y)es / (n)o / (u)nsure / (f)inished / (p)revious
firstname : jane
lastname : smith
middlename : mckee
year : 2011
yeardiff_larger_than_0 : 2011
year_papertitle : ((2011, 'a comprehensive approach for online fast hurricane risk prediction'), (2013, 'surge generation mechanisms in the lower mississippi river and discharge dependency'), (2013, 'u s ioos coastal and ocean modeling testbed inter model evaluation of tides waves and hurricane surge in the gulf of mexico'), (2017, 'regional wave modeling and evaluation for the north atlantic coast comprehensive study'), (2018, 'wave modelling in coastal and inner seas'))
keywords : frozenset({'climatology', 'electrical engineering', 'artificial intelligence', 'oceanography', 'mechanics', 'hydrology', 'meteorology'})

firstname : jane
lastname : smith
middlename : mckee
year : 1996
yeardiff_larger_than_0 : 1996
year_papertitle : ((1996, 'time and depth varying cross shore currents numerical modeling and laboratory measurements'),)
keywords : frozenset({'mathematical analysis', 'geophysics', 'acoustics', 'geometry', 'mechanics', 'combinatorics', 'oceanography'})

9/10 positive, 9/10 negative
Do these records refer to the same thing?
(y)es / (n)o / (u)nsure / (f)inished / (p)revious
firstname : fuu
lastname : kai
middlename : ming
year : 2011
yeardiff_larger_than_0 : 2011
year_papertitle : ((2011, 'reduced methane growth rate explained by decreased northern hemisphere microbial sources'), (2012, 'kai tyler randerson blake reply'), (2013, 'an off grid pv power system for meteorological and eddy covariance flux station in kranji singapore'), (2015, 'carbon fluxes from an urban tropical grassland'), (2015, 'forest dynamics and tip up pools drive pulses of high carbon accumulation rates in a tropical peat dome in borneo southeast asia'), (2017, 'how temporal patterns in rainfall determine the geomorphology and carbon fluxes of tropical peatlands'), (2017, 'temperature and burning history affect emissions of greenhouse gases and aerosol particles from tropical peatland fire'), (2018, 'a prototype sensor for in situ sensing of fine particulate matter and volatile organic compounds'), (2018, 'smoke radiocarbon measurements from indonesian fires provide evidence for burning of millennia aged peat'))
keywords : frozenset({'agroforestry', 'electrical engineering', 'atmospheric sciences', 'ecology', 'environmental chemistry', 'hydrology', 'meteorology'})

firstname : fuu
lastname : kai
middlename : ming
year : 2009
yeardiff_larger_than_0 : 2009
year_papertitle : ((2009, 'assessing causes of global methane changes during 1979 2007 using measurements and models of mixing ratios and stable isotopes'),)
keywords : frozenset({'climatology', 'natural resource economics', 'atmospheric sciences', 'agronomy', 'environmental chemistry', 'meteorology', 'nuclear physics'})

9/10 positive, 10/10 negative
Do these records refer to the same thing?
(y)es / (n)o / (u)nsure / (f)inished / (p)revious
firstname : da
lastname : yang
middlename : None
year : 2008
yeardiff_larger_than_0 : 2008
year_papertitle : ((2008, 'blocking systems over an aqua planet'), (2011, 'testing the hypothesis that the mjo is a mixed rossby gravity wave packet'), (2013, 'triggered convection gravity waves and the mjo a shallow water model'), (2014, 'a theory of the mjo horizontal scale'))
keywords : frozenset({'statistical physics', 'climatology', 'atmospheric sciences', 'quantum mechanics', 'mechanics', 'oceanography', 'astrophysics'})

firstname : da
lastname : yang
middlename : None
year : 2014
yeardiff_larger_than_0 : 2014
year_papertitle : ((2014, 'the madden julian oscillation observation modeling and theory'),)
keywords : frozenset({'climatology', 'geophysics', 'atmospheric sciences', 'mechanics', 'meteorology'})

10/10 positive, 10/10 negative
Do these records refer to the same thing?
(y)es / (n)o / (u)nsure / (f)inished / (p)revious
firstname : walter
lastname : harris
middlename : m
year : 1996
yeardiff_larger_than_0 : 1996
year_papertitle : ((1996, 'time resolved observations of jupiter s far ultraviolet aurora'), (1997, 'evidence for interacting gas flows and an extended volatile source distribution in the coma of comet'), (1997, 'evidence for interacting gas flows and an extended volatile source distribution in the coma of comet c 1996 b2 hyakutake'), (1997, 'uv photopolarimetric imaging of c 1995 o1 hale bopp with the wide field imaging survey polarimeter wisp'), (1999, 'evidence for collisional effects in the radial distributions of oh and c in the coma of c 1995 o1 hale bopp'), (1999, 'ultraviolet imaging polarimetry of the large magellanic cloud i observations'), (2000, 'jupiter s polar regions in the ultraviolet as imaged by hst wfpc2 auroral aligned features and zonal motions'), (2000, 'low cost attitude determination system and imager with embedded compression'), (2000, 'mapping jupiter s latitudinal bands and great red spot using hst wfpc2 far ultraviolet imaging'), (2001, 'large aperture o i 6300 a photometry of comet hale bopp implications for the photochemistry of oh'))
keywords : frozenset({'astronomy', 'atmospheric sciences', 'optics', 'artificial intelligence', 'computer network', 'aerospace engineering', 'astrophysics'})

firstname : walter
lastname : harris
middlename : michael
year : 1993
yeardiff_larger_than_0 : 1993
year_papertitle : ((1993, 'observation of jovian auroral ly alpha line profile and emission variability with a sounding rocket and the iue archives'),)
keywords : frozenset({'astronomy', 'geophysics', 'atomic physics', 'atmospheric sciences', 'internal medicine', 'geodesy', 'astrophysics'})

11/10 positive, 10/10 negative
Do these records refer to the same thing?
(y)es / (n)o / (u)nsure / (f)inished / (p)revious
firstname : andrew
lastname : glen
middlename : g
year : 1997
yeardiff_larger_than_0 : 1997
year_papertitle : ((1997, 'a generalized univariate change of variable transformation technique'), (1997, 'the arctangent survival distribution'), (1998, 'the straightforward nature of arrival rate estimation'), (2000, 'computing the cumulative distribution function of the kolmogorov smirnov statistic'), (2001, 'appl a probability programming language'), (2001, 'order statistics in goodness of fit testing'), (2004, 'computing the distribution of the product of two continuous random variables'))
keywords : frozenset({'mathematical analysis', 'algorithm', 'econometrics', 'mechanical engineering', 'statistics', 'combinatorics', 'discrete mathematics'})

firstname : andrew
lastname : glen
middlename : None
year : 2014
yeardiff_larger_than_0 : 2014
year_papertitle : ((2014, 'the development of measurement techniques to identify and characterize dusts and ice nuclei in the atmosphere'),)
keywords : frozenset({'inorganic chemistry', 'atmospheric sciences', 'optics', 'chemical engineering', 'astrophysics'})

12/10 positive, 10/10 negative
Do these records refer to the same thing?
(y)es / (n)o / (u)nsure / (f)inished / (p)revious
firstname : kwosen
lastname : kuo
middlename : None
year : 1999
yeardiff_larger_than_0 : 1999
year_papertitle : ((1999, 'the effects of aspect ratio and surface roughness on satellite retrievals of ice cloud properties'), (2004, 'mathematical physical framework for retrieval of rain dsd properties from dual frequency ku ka band satellite radar'), (2005, 'correction to effect of particle size distributions on the retrieval of ice cloud properties'), (2005, 'effect of particle size distributions on the retrieval of ice cloud properties'))
keywords : frozenset({'remote sensing', 'atmospheric sciences', 'optics', 'composite material', 'chemical engineering', 'meteorology', 'astrophysics'})

firstname : kwosen
lastname : kuo
middlename : None
year : 1995
yeardiff_larger_than_0 : 1995
year_papertitle : ((1995, 'the picard iterative approximation to the solution of the integral equation of radiative transfer'),)
keywords : frozenset({'mathematical analysis', 'remote sensing', 'applied mathematics', 'optics', 'quantum mechanics', 'combinatorics', 'meteorology', 'astrophysics'})

12/10 positive, 11/10 negative
Do these records refer to the same thing?
(y)es / (n)o / (u)nsure / (f)inished / (p)revious
firstname : michael
lastname : peterson
middlename : None
year : 2007
yeardiff_larger_than_0 : 2007
year_papertitle : ((2007, 'evaluation of the steger method in the determination of ceramic glaze joining'), (2008, 'inorganic pigments made from the recycling of coal mine drainage treatment sludge'), (2012, 'lightweight concrete production with low portland cement consumption'), (2012, 'production of metakaolin from industrial cellulose waste'), (2013, 'polyaniline synthesis using hydrofluoric acid as doping agent comparative evaluation with polyaniline doped with sulfuric acid'), (2014, 'application of glass particles doped by zn 2 as an antimicrobial and atoxic compound in lldpe and hdpe'), (2014, 'coarse aggregates obtained from red mud via pelletizing process'))
keywords : frozenset({'metallurgy', 'inorganic chemistry', 'pulp and paper industry', 'composite material', 'chemical engineering', 'optoelectronics', 'waste management'})

firstname : michael
lastname : peterson
middlename : jay
year : 2014
yeardiff_larger_than_0 : 2014
year_papertitle : ((2014, 'variations of optical and radio lightning characteristics and the relationship between storm convective intensity and above cloud electric fields'),)
keywords : frozenset({'remote sensing', 'public relations', 'atmospheric sciences', 'optics', 'optoelectronics', 'meteorology'})

12/10 positive, 11/10 negative
Do these records refer to the same thing?
(y)es / (n)o / (u)nsure / (f)inished / (p)revious
firstname : andrea
lastname : laliberte
middlename : None
year : 2004
yeardiff_larger_than_0 : 2004
year_papertitle : ((2004, 'differences in grass shrub transition zone canopy composition from chris proba multi angle data'), (2004, 'multi angle data from chris proba for determination of canopy structure in desert rangelands'), (2004, 'object oriented image analysis for mapping shrub encroachment from 1937 to 2003 in southern new mexico'), (2006, 'mapping shrub abundance in desert grasslands using geometric optical modeling and multi angle remote sensing with chris proba'), (2006, 'mapping woody plant cover in desert grasslands using canopy reflectance modeling and misr data'), (2006, 'mesquite recruitment in the chihuahuan desert historic and prehistoric patterns with long term impacts'), (2008, 'large area mapping of southwestern forest crown cover canopy height and biomass using the nasa multiangle imaging spectro radiometer'), (2008, 'remote sensing of woody shrub cover in desert grasslands using misr with a geometric optical canopy reflectance model'), (2011, 'foraging behavior of heritage versus recently introduced herbivores on desert landscapes of the american southwest'))
keywords : frozenset({'remote sensing', 'agroforestry', 'agronomy', 'ecology', 'optics', 'artificial intelligence', 'hydrology'})

firstname : andrea
lastname : laliberte
middlename : s
year : 2004
yeardiff_larger_than_0 : 2004
year_papertitle : ((2004, 'human influences on historical and current wildlife distributions from lewis amp clark to today'),)
keywords : frozenset({'internal medicine', 'ecology'})

12/10 positive, 12/10 negative
Do these records refer to the same thing?
(y)es / (n)o / (u)nsure / (f)inished / (p)revious
firstname : wei
lastname : shi
middlename : None
year : 2006
yeardiff_larger_than_0 : 2006
year_papertitle : ((2006, 'cloud masking for ocean color data processing in the coastal regions'), (2007, 'detection of turbid waters and absorbing aerosols for the modis ocean color data processing'), (2007, 'modis derived ocean color products along the china east coastal region'), (2007, 'observations of a hurricane katrina induced phytoplankton bloom in the gulf of mexico'), (2007, 'the nir swir combined atmospheric correction approach for modis ocean color data processing'), (2008, 'satellite observed algae blooms in china s lake taihu'), (2008, 'three dimensional observations from modis and calipso for ocean responses to cyclone nargis in the gulf of martaban'), (2009, 'a study of a hurricane katrina induced phytoplankton bloom using satellite observations and model simulations'), (2009, 'detection of ice and mixed ice water pixels for modis ocean color data processing'), (2009, 'evaluation of modis swir and nir swir atmospheric correction algorithms using seabass data'))
keywords : frozenset({'remote sensing', 'climatology', 'atmospheric sciences', 'ecology', 'optics', 'hydrology', 'oceanography'})

firstname : wei
lastname : shi
middlename : None
year : 2002
yeardiff_larger_than_0 : 2002
year_papertitle : ((2002, 'water heat and salt budget in the indian ocean'),)
keywords : frozenset({'oceanography', 'climatology', 'agronomy'})

13/10 positive, 12/10 negative
Do these records refer to the same thing?
(y)es / (n)o / (u)nsure / (f)inished / (p)revious
(y)es / (n)o / (u)nsure / (f)inished / (p)revious
firstname : david
lastname : macauley
middlename : None
year : 1992
yeardiff_larger_than_0 : 1992
year_papertitle : ((1992, 'out of place and outer space hannah arendt on earth alienation an historical and critical perspective'), (1998, 'steven vogel sagainst nature an environmental ethic for ecological socialists on critical theory and nature'))
keywords : frozenset({'epistemology', 'astrobiology', 'social psychology', 'law', 'social science', 'industrial organization', 'environmental ethics'})

firstname : david
lastname : macauley
middlename : mark
year : 1998
yeardiff_larger_than_0 : 1998
year_papertitle : ((1998, 'be wildering order toward an ecology of the elements in ancient greek philosophy and beyond'),)
keywords : frozenset({'literature', 'epistemology', 'classics', 'gender studies', 'political economy'})

13/10 positive, 12/10 negative
Do these records refer to the same thing?
(y)es / (n)o / (u)nsure / (f)inished / (p)revious
firstname : ke
lastname : li
middlename : None
year : 1996
yeardiff_larger_than_0 : 1996
year_papertitle : ((1996, 'the optical variability of the seyfert galaxies ngc 4051 and ngc 1068'), (2002, 'triptolide is a potent suppressant of c3 cd40 and b7h expression in activated human proximal tubular epithelial cells'))
keywords : frozenset({'astronomy', 'molecular biology', 'immunology', 'endocrinology', 'internal medicine', 'astrophysics', 'pharmacology'})

firstname : ke
lastname : li
middlename : None
year : 2007
yeardiff_larger_than_0 : 2007
year_papertitle : ((2007, 'uncertainty analysis in quantification of near source zone mass discharge'),)
keywords : frozenset({'geophysics', 'electrical engineering', 'optics', 'artificial intelligence', 'statistics', 'hydrology', 'mechanics', 'astrophysics'})

13/10 positive, 12/10 negative
Do these records refer to the same thing?
(y)es / (n)o / (u)nsure / (f)inished / (p)revious
firstname : lisa
lastname : lucas
middlename : v
year : 1998
yeardiff_larger_than_0 : 1998
year_papertitle : ((1998, 'does the sverdrup critical depth model explain bloom dynamics in estuaries'), (1999, 'processes governing phytoplankton blooms in estuaries i the local production loss balance'), (1999, 'processes governing phytoplankton blooms in estuaries ii the role of horizontal transport'), (2002, 'a comment on the use of flushing time residence time and age as transport time scales'), (2002, 'effects of tidal shallowing and deepening on phytoplankton production dynamics a modeling study'), (2002, 'functional variability of habitats within the sacramento san joaquin delta restoration implications'), (2003, 'effects of spatial and temporal variability of turbidity on phytoplankton blooms'))
keywords : frozenset({'ecology', 'environmental engineering', 'composite material', 'hydrology', 'mechanics', 'internal medicine', 'oceanography'})

firstname : lisanne
lastname : lucas
middlename : elizabeth
year : 2007
yeardiff_larger_than_0 : 2007
year_papertitle : ((2007, 'mechanisms governing sea surface temperature anomalies in the eastern tropical pacific ocean associated with atmospheric intraseasonal variability'),)
keywords : frozenset({'meteorology', 'climatology', 'composite material', 'mechanics', 'oceanography'})

13/10 positive, 13/10 negative
Do these records refer to the same thing?
(y)es / (n)o / (u)nsure / (f)inished / (p)revious
firstname : gretchen
lastname : mosher
middlename : a
year : 2002
yeardiff_larger_than_0 : 2002
year_papertitle : ((2002, 'sensory quality and nutrient composition of three hawaiian fruits treated by x irradiation'),)
keywords : frozenset({'agronomy', 'optics', 'geometry', 'food science', 'horticulture'})

firstname : gretchen
lastname : mosher
middlename : ann
year : 2011
yeardiff_larger_than_0 : 2011
year_papertitle : ((2011, 'measurement and analysis of the relationship between employee perceptions and safety and quality decision making in the country grain elevator'),)
keywords : frozenset({'marketing', 'public relations', 'process management', 'applied psychology', 'law', 'knowledge management'})

13/10 positive, 14/10 negative
Do these records refer to the same thing?
(y)es / (n)o / (u)nsure / (f)inished / (p)revious
(y)es / (n)o / (u)nsure / (f)inished / (p)revious
firstname : lauren
lastname : juranek
middlename : w
year : 2009
yeardiff_larger_than_0 : 2009
year_papertitle : ((2009, 'a novel method for determination of aragonite saturation state on the continental shelf of central oregon using multi parameter relationships with hydrographic data'), (2009, 'features of coastal upwelling regions that determine net air sea co2 flux'), (2009, 'net community production rates across the subtropical and equatorial pacific ocean estimated from air sea 13c disequilibrium'), (2010, 'evidence of o2 consumption in underway seawater lines implications for air sea o2 and co2 fluxes'))
keywords : frozenset({'mineralogy', 'atmospheric sciences', 'agronomy', 'ecology', 'environmental chemistry', 'hydrology', 'oceanography'})

firstname : lauren
lastname : juranek
middlename : wray
year : 2007
yeardiff_larger_than_0 : 2007
year_papertitle : ((2007, 'assessment of pacific ocean organic carbon production and export using measurements of dissolved oxygen isotopes and oxygen argon gas ratios'),)
keywords : frozenset({'climatology', 'anesthesia', 'inorganic chemistry', 'atomic physics', 'atmospheric sciences', 'ecology', 'environmental chemistry', 'chemical engineering', 'geochemistry'})

13/10 positive, 15/10 negative
Do these records refer to the same thing?
(y)es / (n)o / (u)nsure / (f)inished / (p)revious
firstname : david
lastname : orr
middlename : p
year : 2003
yeardiff_larger_than_0 : 2003
year_papertitle : ((2003, 'detection of nonresilient behavior in pavements with a falling weight deflectometer'),)
keywords : frozenset({'agronomy', 'statistics', 'industrial organization', 'geotechnical engineering', 'forensic engineering'})

firstname : david
lastname : orr
middlename : paul
year : 2005
yeardiff_larger_than_0 : 2005
year_papertitle : ((2005, 'seasonal variations of in situ materials properties in new york state'),)
keywords : frozenset({'crystallography', 'construction engineering', 'operations research', 'transport engineering', 'civil engineering', 'geotechnical engineering', 'forensic engineering'})

14/10 positive, 15/10 negative
Do these records refer to the same thing?
(y)es / (n)o / (u)nsure / (f)inished / (p)revious
firstname : yangang
lastname : liu
middlename : None
year : 2016
yeardiff_larger_than_0 : 2016
year_papertitle : ((2016, 'new understanding and quantification of the regime dependence of aerosol cloud interaction for studying aerosol indirect effects'), (2018, 'height dependency of aerosol cloud interaction regimes'), (2018, 'investigation of turbulent entrainment mixing processes with a new particle resolved direct numerical simulation model'), (2020, 'effects of lateral entrainment mixing with entrained aerosols on cloud microphysics'))
keywords : frozenset({'atmospheric sciences', 'optics', 'composite material', 'artificial intelligence', 'statistics', 'mechanics', 'meteorology'})

firstname : yangang
lastname : liu
middlename : None
year : 1998
yeardiff_larger_than_0 : 1998
year_papertitle : ((1998, 'size distributions of atmospheric particles scale dependence scattering properties of nonspherical particles and retrieval by inversion of spectral optical depth'),)
keywords : frozenset({'mathematical analysis', 'statistical physics', 'algorithm', 'control theory', 'optics', 'artificial intelligence', 'statistics'})

14/10 positive, 15/10 negative
Do these records refer to the same thing?
(y)es / (n)o / (u)nsure / (f)inished / (p)revious
firstname : anup
lastname : shirgaonkar
middlename : a
year : 2006
yeardiff_larger_than_0 : 2006
year_papertitle : ((2006, 'inertia and compressibility effects in the boussinesq approximation'), (2006, 'on the extension of the boussinesq approximation for inertia dominated flows'), (2007, 'infomechanical specializations for prey capture in knifefish'), (2007, 'interaction of vortex wakes and buoyant jets a study of two dimensional dynamics'), (2007, 'simulation of bio locomotion by a momentum redistribution technique for self propulsion'), (2008, 'conflicts between sensory performance and locomotion in weakly electric fish'), (2008, 'hydrodynamic aspects of thrust generation in gymnotiform swimming'), (2008, 'the hydrodynamics of ribbon fin propulsion during impulsive motion'), (2009, 'a new mathematical formulation and fast algorithm for fully resolved simulation of self propulsion'), (2009, 'on the momentum enhancement and hydrodynamic efficiency of gymnotiform and balistiform swimmers'))
keywords : frozenset({'neuroscience', 'control theory', 'ecology', 'mechanical engineering', 'mechanics', 'classical mechanics', 'marine engineering'})

firstname : anup
lastname : shirgaonkar
middlename : a
year : 2007
yeardiff_larger_than_0 : 2007
year_papertitle : ((2007, 'large eddy simulation of early stage aircraft contrails'),)
keywords : frozenset({'climatology', 'atomic physics', 'atmospheric sciences', 'mechanics', 'meteorology'})

14/10 positive, 16/10 negative
Do these records refer to the same thing?
(y)es / (n)o / (u)nsure / (f)inished / (p)revious
firstname : christina
lastname : behrandres
middlename : None
year : 1993
yeardiff_larger_than_0 : 1993
year_papertitle : ((1993, 'quantitative mineral determinations of industrial coal ash'), (1994, 'characterization and use of fluidized bed combustion coal ash'), (1994, 'strategy for beneficial use of stoker boiler coal ash'), (1998, 'fluidized bed combustion ash for the solidification and stabilization of a metal hydroxide sludge'))
keywords : frozenset({'marketing', 'computational science', 'earth science', 'metallurgy', 'inorganic chemistry', 'environmental engineering', 'composite material', 'industrial organization', 'waste management'})

firstname : christina
lastname : behrandres
middlename : b
year : 1992
yeardiff_larger_than_0 : 1992
year_papertitle : ((1992, 'utilization of industrial coal ash characterization market identification and environmental impact'),)
keywords : frozenset({'composite material', 'waste management', 'pulp and paper industry', 'metallurgy'})

14/10 positive, 16/10 negative
Do these records refer to the same thing?
(y)es / (n)o / (u)nsure / (f)inished / (p)revious
firstname : brian
lastname : caruso
middlename : s
year : 2015
yeardiff_larger_than_0 : 2015
year_papertitle : ((2015, 'a hydrologic connectivity index for jurisdictional analysis of headwater streams in a montane watershed'), (2016, 'changing regional emissions of airborne pollutants reflected in the chemistry of snowpacks and wetfall in the rocky mountain region usa 1993 2012'))
keywords : frozenset({'environmental planning', 'climatology', 'inorganic chemistry', 'atmospheric sciences', 'environmental chemistry', 'hydrology', 'meteorology'})

firstname : brian
lastname : caruso
middlename : s
year : 1995
yeardiff_larger_than_0 : 1995
year_papertitle : ((1995, 'a watershed based methodology for assessment of nonpoint source pollution from inactive mines'),)
keywords : frozenset({'data science', 'environmental planning', 'risk analysis', 'operations research', 'transport engineering', 'environmental resource management', 'artificial intelligence', 'hydrology', 'knowledge management', 'mathematics education'})

15/10 positive, 16/10 negative
Do these records refer to the same thing?
(y)es / (n)o / (u)nsure / (f)inished / (p)revious
firstname : debra
lastname : perrone
middlename : None
year : 2011
yeardiff_larger_than_0 : 2011
year_papertitle : ((2011, 'gaining perspective on the water energy nexus at the community scale'), (2011, 'insights on the use of hybrid life cycle assessment for environmental footprinting a case study of an inland marine freight transportation company'), (2013, 'a tool for calculating the palmer drought indices'), (2014, 'water food and energy security scrambling for resources or solutions'), (2015, 'a review of the united states past and projected water use'), (2015, 'drought planning and management using high spatial resolution as part of the solution'), (2016, 'benefits and economic costs of managed aquifer recharge in california'), (2016, 'benefits and economic costs of managed aquifer recharge in california escholarship'), (2016, 'frontiers of the food energy water trilemma sri lanka as a microcosm of tradeoffs'), (2016, 'the role of permitting regimes in western united states groundwater management'))
keywords : frozenset({'environmental planning', 'natural resource economics', 'water resource management', 'environmental resource management', 'agricultural economics', 'hydrology', 'waste management'})

firstname : debra
lastname : perrone
middlename : None
year : 2014
yeardiff_larger_than_0 : 2014
year_papertitle : ((2014, 'characterizing water food and energy interrelationships'),)
keywords : None

15/10 positive, 17/10 negative
Do these records refer to the same thing?
(y)es / (n)o / (u)nsure / (f)inished / (p)revious
firstname : miriam
lastname : bertram
middlename : a
year : 1991
yeardiff_larger_than_0 : 1991
year_papertitle : ((1991, 'influence of temperature on the stability of magnesian calcite'), (1993, 'diagenetic stabilization pathways of magnesian calcites'), (1997, 'morphological and compositional evidence for biotic precipitation of marine barite'), (1998, 'geomicrobial transformation of manganese in gorda ridge event plumes'))
keywords : frozenset({'mineralogy', 'metallurgy', 'inorganic chemistry', 'environmental chemistry', 'chemical engineering', 'oceanography', 'geochemistry'})

firstname : miriam
lastname : bertram
middlename : anne
year : 1995
yeardiff_larger_than_0 : 1995
year_papertitle : ((1995, 'benthic biogeochemical responses to particle flux the minerals and microbiota of cross seamount'),)
keywords : frozenset({'agronomy', 'ecology', 'environmental chemistry', 'chemical engineering', 'internal medicine', 'oceanography'})

16/10 positive, 17/10 negative
Do these records refer to the same thing?
(y)es / (n)o / (u)nsure / (f)inished / (p)revious
firstname : jonathan
lastname : levy
middlename : None
year : 1998
yeardiff_larger_than_0 : 1998
year_papertitle : ((1998, 'assessing aquifer susceptibility to and severity of atrazine contamination at a field site in south central wisconsin usa'), (1998, 'using an approximation of the three point gauss hermite quadrature formula for model prediction and quantification of uncertainty'), (2000, 'uncertainty quantification for delineation of wellhead protection areas using the gauss hermite quadrature approach'))
keywords : frozenset({'mathematical analysis', 'statistical physics', 'mathematical optimization', 'geomorphology', 'artificial intelligence', 'statistics', 'hydrology'})

firstname : jonathan
lastname : levy
middlename : ian
year : 1999
yeardiff_larger_than_0 : 1999
year_papertitle : ((1999, 'environmental health effects of energy use a damage function approach'),)
keywords : None

17/10 positive, 17/10 negative
Do these records refer to the same thing?
(y)es / (n)o / (u)nsure / (f)inished / (p)revious
firstname : michael
lastname : jennings
middlename : None
year : 1990
yeardiff_larger_than_0 : 1990
year_papertitle : ((1990, 'sustainability of dryland cropping in the palouse an historical view'), (1991, 'a theoretical basis for managing environmentally sensitive areas'), (1991, 'hierarchy and subsidy stress as a theoretical basis for managing environmentally sensitive areas'), (1996, 'landscape approaches to mapping biodiversity'))
keywords : frozenset({'environmental planning', 'agronomy', 'ecology', 'environmental resource management', 'agricultural economics', 'hydrology', 'public administration'})

firstname : michael
lastname : jennings
middlename : dunn
year : 2003
yeardiff_larger_than_0 : 2003
year_papertitle : ((2003, 'vegetation alliances composition and function'),)
keywords : frozenset({'political economy', 'agricultural economics', 'ecology'})

17/10 positive, 17/10 negative
Do these records refer to the same thing?
(y)es / (n)o / (u)nsure / (f)inished / (p)revious
(y)es / (n)o / (u)nsure / (f)inished / (p)revious
firstname : young
lastname : lee
middlename : jae
year : 1996
yeardiff_larger_than_0 : 1996
year_papertitle : ((1996, 'structure and expression of the tenecin 3 gene in tenebrio molitor'), (1998, 'bacterial expression of tenecin 3 an insect antifungal protein isolated from tenebrio molitor and its efficient purification'), (1998, 'genomic structure and expression of murine poly a binding protein ii gene'), (1999, 'the effect of gtp cyclohydrolase i on the activity and expression of tyrosine hydroxylase and cell growth'), (1999, 'the roles of arachidonic acid and calcium in the angiotensin ii induced inhibition of na uptake in renal proximal tubule cells'), (2000, 'a novel epigenetic control operating on vme1 locus leads to variegated monoallelic expression'), (2000, 'expression of murine poly a binding protein ii gene in testis'), (2000, 'general pharmacology studies on  domain deleted recombinant factor viii'), (2001, 'characteristics of gene transfer and vegf expression using naked plasmid vectors in the rat heart'), (2001, 'the roles of excitatory amino acid system in the organophosphate induced brain damage'))
keywords : frozenset({'biochemistry', 'genetics', 'anesthesia', 'microbiology', 'molecular biology', 'internal medicine', 'pharmacology'})

firstname : young
lastname : lee
middlename : jae
year : 2005
yeardiff_larger_than_0 : 2005
year_papertitle : ((2005, 'metal and organic sorption on calcite macro and molecular scale characterization of surface complexation and incorporation'),)
keywords : frozenset({'mineralogy', 'metallurgy', 'inorganic chemistry', 'environmental chemistry', 'chromatography', 'chemical engineering'})

17/10 positive, 18/10 negative
Do these records refer to the same thing?
(y)es / (n)o / (u)nsure / (f)inished / (p)revious
firstname : mary
lastname : putt
middlename : None
year : 1989
yeardiff_larger_than_0 : 1989
year_papertitle : ((1989, 'an experimentally determined carbon volume ratio for marine oligotrichous ciliates from estuarine and coastal waters'), (1990, 'abundance chlorophyll content and photosynthetic rates of ciliates in the nordic seas during summer'), (1992, 'changes in the sea ice brine community during the spring summer transition mcmurdo sound antarctica i photosynthetic protists'), (1994, 'preservation of marine planktonic ciliates losses and cell shrinkage during fixation'), (1995, 'nano and microplankton dynamics during the spring phaeocystis sp bloom in mcmurdo sound antarctica'))
keywords : frozenset({'surgery', 'ecology', 'composite material', 'food science', 'botany', 'oceanography', 'waste management'})

firstname : mary
lastname : putt
middlename : elizabeth
year : 1987
yeardiff_larger_than_0 : 1987
year_papertitle : ((1987, 'diel patterns of photosynthesis and cell division among polar and temperate phytoplankton'),)
keywords : frozenset({'oceanography', 'optics', 'botany', 'ecology'})

17/10 positive, 19/10 negative
Do these records refer to the same thing?
(y)es / (n)o / (u)nsure / (f)inished / (p)revious
firstname : pauline
lastname : lindo
middlename : v
year : 1993
yeardiff_larger_than_0 : 1993
year_papertitle : ((1993, 'accumulation and movement of residual phosphorus in sludge treated decatur silty clay loam soil'), (1995, 'fractionation of residual phosphorus in a highly weathered sludge treated soil organic phosphorus'))
keywords : frozenset({'animal science', 'agronomy', 'ecology', 'environmental chemistry', 'chromatography', 'botany', 'waste management'})

firstname : pauline
lastname : lindo
middlename : veronica
year : 1997
yeardiff_larger_than_0 : 1997
year_papertitle : ((1997, 'environmental impact on an agricultural soil of k al and trace metals in an aluminum recycling by product'),)
keywords : frozenset({'inorganic chemistry', 'waste management', 'agronomy'})

18/10 positive, 19/10 negative
Do these records refer to the same thing?
(y)es / (n)o / (u)nsure / (f)inished / (p)revious
firstname : latif
lastname : kaya
middlename : gurkan
year : 2002
yeardiff_larger_than_0 : 2002
year_papertitle : ((2002, 'cultural landscape for tourism'), (2003, 'zku bartin yerleskesi kampus bilgi sistemi'), (2005, 'the increasing influence of urban environments on us forest management'), (2007, 'coastal wetlands protection act case of apalachicola chattahoochee flint acf river'), (2007, 'mugada kiyi alani peyzaj duzenlemesi uzerine bir calima'), (2009, 'assessing forests and lands with carbon storage and sequestration amount by trees in the state of delaware usa'), (2009, 'determination of outdoor recreation potential case of the city of bartin and its environs turkey'))
keywords : frozenset({'environmental planning', 'marketing', 'agroforestry', 'environmental resource management', 'hydrology', 'internal medicine', 'environmental protection'})

firstname : latif
lastname : kaya
middlename : gurkan
year : 2006
yeardiff_larger_than_0 : 2006
year_papertitle : ((2006, 'critical barriers to rational planning processes for the coastal zone management the case study of antalya turkey'),)
keywords : frozenset({'environmental planning', 'natural resource economics', 'public relations', 'public administration', 'economic growth', 'environmental resource management', 'agricultural economics', 'regional science', 'environmental economics'})

19/10 positive, 19/10 negative
Do these records refer to the same thing?
(y)es / (n)o / (u)nsure / (f)inished / (p)revious
firstname : pauline
lastname : lindo
middlename : v
year : 1993
yeardiff_larger_than_0 : 1993
year_papertitle : ((1993, 'accumulation and movement of residual phosphorus in sludge treated decatur silty clay loam soil'), (1995, 'fractionation of residual phosphorus in a highly weathered sludge treated soil organic phosphorus'))
keywords : frozenset({'animal science', 'agronomy', 'ecology', 'environmental chemistry', 'chromatography', 'botany', 'waste management'})

firstname : pauline
lastname : lindo
middlename : veronica
year : 1997
yeardiff_larger_than_0 : 1997
year_papertitle : ((1997, 'environmental impact on an agricultural soil of k al and trace metals in an aluminum recycling by product'),)
keywords : frozenset({'inorganic chemistry', 'waste management', 'agronomy'})

18/10 positive, 19/10 negative
Do these records refer to the same thing?
(y)es / (n)o / (u)nsure / (f)inished
firstname : latif
lastname : kaya
middlename : gurkan
year : 2002
yeardiff_larger_than_0 : 2002
year_papertitle : ((2002, 'cultural landscape for tourism'), (2003, 'zku bartin yerleskesi kampus bilgi sistemi'), (2005, 'the increasing influence of urban environments on us forest management'), (2007, 'coastal wetlands protection act case of apalachicola chattahoochee flint acf river'), (2007, 'mugada kiyi alani peyzaj duzenlemesi uzerine bir calima'), (2009, 'assessing forests and lands with carbon storage and sequestration amount by trees in the state of delaware usa'), (2009, 'determination of outdoor recreation potential case of the city of bartin and its environs turkey'))
keywords : frozenset({'environmental planning', 'marketing', 'agroforestry', 'environmental resource management', 'hydrology', 'internal medicine', 'environmental protection'})

firstname : latif
lastname : kaya
middlename : gurkan
year : 2006
yeardiff_larger_than_0 : 2006
year_papertitle : ((2006, 'critical barriers to rational planning processes for the coastal zone management the case study of antalya turkey'),)
keywords : frozenset({'environmental planning', 'natural resource economics', 'public relations', 'public administration', 'economic growth', 'environmental resource management', 'agricultural economics', 'regional science', 'environmental economics'})

19/10 positive, 19/10 negative
Do these records refer to the same thing?
(y)es / (n)o / (u)nsure / (f)inished / (p)revious
firstname : brett
lastname : clark
middlename : None
year : 2000
yeardiff_larger_than_0 : 2000
year_papertitle : ((2000, 'henry s salt socialist animal rights activist an introduction to salt s a lover of animals'), (2001, 'marx and nature a red and green perspective'), (2001, 'marx and nature a red and green perspective paul burkett new york st martin s press 1999'), (2001, 'william stanley jevons and the coal question an introduction to jevons s of the economy of fuel'), (2002, 'george perkins marsh and the transformation of earth an introduction to marsh s man and nature'), (2002, 'helen keller and the touch of nature an introduction to keller s the world i live in selections'), (2002, 'materialism emergence and life the interaction of gene organism and environment'), (2002, 'review essay materialism emergence and life the interaction of gene organism and environment'), (2002, 'the indigenous environmental movement in the united states transcending borders in struggles against mining manufacturing and the capitalist state'), (2003, 'book review socialism or barbarism from the american century to the crossroads by istvan meszaros new york monthly review press 2001'))
keywords : frozenset({'epistemology', 'humanities', 'genetics', 'microbiology', 'ethnology', 'political economy', 'environmental ethics'})

firstname : brett
lastname : clark
middlename : None
year : 2006
yeardiff_larger_than_0 : 2006
year_papertitle : ((2006, 'metabolic rift toward a sociology of ecological crisis'),)
keywords : frozenset({'environmental planning', 'epistemology', 'development economics', 'political economy', 'neoclassical economics', 'environmental ethics'})

20/10 positive, 19/10 negative
Do these records refer to the same thing?
(y)es / (n)o / (u)nsure / (f)inished / (p)revious
firstname : jan
lastname : downs
middlename : newton
year : 1984
yeardiff_larger_than_0 : 1984
year_papertitle : ((1984, 'effect of food acclimation on assimilation efficiency of calanus pacificus'), (1985, 'carbon pheopigment ratios of zooplankton fecal pellets as an index of herbivorous feeding1'), (1989, 'nutrient assimilation export production and 234th scavenging in the eastern equatorial pacific'))
keywords : frozenset({'agronomy', 'ecology', 'composite material', 'food science', 'botany', 'hydrology', 'oceanography'})

firstname : janet
lastname : downs
middlename : newton
year : 1989
yeardiff_larger_than_0 : 1989
year_papertitle : ((1989, 'implications of the phaeopigment carbon and nitrogen content of sinking particles for the origin of export production'),)
keywords : frozenset({'ecology', 'internal medicine', 'environmental chemistry', 'botany', 'analytical chemistry', 'oceanography'})

20/10 positive, 19/10 negative
Do these records refer to the same thing?
(y)es / (n)o / (u)nsure / (f)inished / (p)revious
firstname : hyukjin
lastname : oh
middlename : None
year : 2008
yeardiff_larger_than_0 : 2008
year_papertitle : ((2008, 'investigations of ash fouling with cattle wastes as reburn fuel in a small scale boiler burner under transient conditions'), (2011, 'effects of ash fouling on heat transfer during combustion of cattle biomass in a small scale boiler burner facility under unsteady transition conditions'))
keywords : frozenset({'metallurgy', 'mechanical engineering', 'mechanics', 'chemical engineering', 'waste management'})

firstname : hyuk
lastname : oh
middlename : jin
year : 2008
yeardiff_larger_than_0 : 2008
year_papertitle : ((2008, 'reburning renewable biomass for emissions control and ash deposition effects in power generation'),)
keywords : frozenset({'mechanical engineering', 'mechanics', 'waste management', 'chemical engineering'})

20/10 positive, 20/10 negative
Do these records refer to the same thing?
(y)es / (n)o / (u)nsure / (f)inished / (p)revious
firstname : lei
lastname : guo
middlename : None
year : 2018
yeardiff_larger_than_0 : 2018
year_papertitle : ((2018, 'assessing short term impacts of management practices on n2o emissions from diverse mediterranean agricultural ecosystems using a biogeochemical model'), (2018, 'changes in irrigation practices likely mitigate nitrous oxide emissions from california cropland'), (2020, 'assessment of nitrogen oxide emissions and san joaquin valley pm2 5 impacts from soils in california'))
keywords : frozenset({'agroforestry', 'anesthesia', 'agronomy', 'ecology', 'environmental chemistry', 'hydrology', 'waste management'})

firstname : lei
lastname : guo
middlename : None
year : 1992
yeardiff_larger_than_0 : 1992
year_papertitle : ((1992, 'utilization of carbon rich waste materials to reduce pesticide movement to groundwater in a sandy coarse textured soil'),)
keywords : frozenset({'metallurgy', 'agronomy', 'environmental chemistry', 'law', 'hydrology', 'toxicology', 'waste management'})

21/10 positive, 20/10 negative
Do these records refer to the same thing?
(y)es / (n)o / (u)nsure / (f)inished / (p)revious
firstname : heping
lastname : zhu
middlename : None
year : 2017
yeardiff_larger_than_0 : 2017
year_papertitle : ((2017, 'laboratory evaluation of electrostatic spray wet scrubber to control particulate matter emissions from poultry facilities'), (2018, 'cfd simulation of pesticide spray from air assisted sprayers in an apple orchard tree deposition and off target losses'))
keywords : frozenset({'waste management', 'environmental engineering', 'mechanical engineering', 'environmental chemistry', 'mechanics', 'meteorology', 'horticulture'})

firstname : heping
lastname : zhu
middlename : None
year : 1996
yeardiff_larger_than_0 : 1996
year_papertitle : ((1996, 'reducing metering lag and nonuniformity for injection sprayers applying highly viscous fluids'),)
keywords : frozenset({'structural engineering', 'econometrics', 'mechanical engineering', 'composite material', 'mechanics'})

21/10 positive, 21/10 negative
Do these records refer to the same thing?
(y)es / (n)o / (u)nsure / (f)inished / (p)revious
firstname : glenn
lastname : fitzgerald
middlename : j
year : 2000
yeardiff_larger_than_0 : 2000
year_papertitle : ((2000, 'fallow season straw and water management effects on methane emissions in california rice'), (2003, 'sensor development and radiometric correction for agricultural applications'), (2004, 'portable hyperspectral tunable imaging system phytis for precision agriculture'), (2004, 'spider mite detection and canopy component mapping in cotton using hyperspectral imagery and spectral mixture analysis'), (2004, 'trap evaluations for thrips thysanoptera thripidae and hoverflies diptera syrphidae'), (2005, 'automated registration of hyperspectral images for precision agriculture'), (2005, 'cotton irrigation scheduling using remotely sensed and fao 56 basal crop coefficients'), (2005, 'light response by frankliniella occidentalis to white fluorescent light filtered through color films and ultraviolet and blue light emmiting diodes'), (2005, 'multiple shadow fractions in spectral mixture analysis of a cotton canopy'), (2006, 'automatic sub pixel registration for a tunable hyperspectral imaging system'))
keywords : frozenset({'agricultural engineering', 'remote sensing', 'agronomy', 'ecology', 'artificial intelligence', 'hydrology', 'horticulture'})

firstname : glenn
lastname : fitzgerald
middlename : james
year : 1998
yeardiff_larger_than_0 : 1998
year_papertitle : ((1998, 'fate of carbon in california rice systems'),)
keywords : frozenset({'natural resource economics', 'waste management', 'agronomy', 'ecology'})

21/10 positive, 22/10 negative
Do these records refer to the same thing?
(y)es / (n)o / (u)nsure / (f)inished / (p)revious
firstname : joel
lastname : cuello
middlename : l
year : 2011
yeardiff_larger_than_0 : 2011
year_papertitle : ((2011, 'flocculation of wall deficient cells of chlamydomonas reinhardtii mutant cw15 by calcium and methanol'), (2012, 'design of new strategy for green algal photo hydrogen production spectral selective photosystem i activation and photosystem ii deactivation'), (2013, 'bioethanol production from the macroalgae sargassum spp'), (2013, 'effects of implementing psi light on hydrogen production via biophotolysis in chlamydomonas reinhardtii mutant strains'), (2014, 'multi criterion evaluation of cultivation systems for sustainable algal biofuel production using analytic hierarchy process and monte carlo simulation'), (2014, 'multi regional multi objective optimization of an algal biofuel polygeneration supply chain with fuzzy mathematical programming'), (2015, 'fuzzy mathematical programming approach in the optimal design of an algal bioenergy park'), (2016, 'a fuzzy mixed integer linear programming model for optimal design of polygeneration systems with cyclic loads'), (2016, 'application of stochastic analytic hierarchy process for evaluating algal cultivation systems for sustainable biofuel production'), (2016, 'scale up bioreactor design and culture optimization'))
keywords : frozenset({'mathematical optimization', 'biochemistry', 'food science', 'botany', 'chemical engineering', 'photochemistry', 'waste management'})

firstname : joel
lastname : cuello
middlename : lansigan
year : 1994
yeardiff_larger_than_0 : 1994
year_papertitle : ((1994, 'design and scale up of ebb and flow bioreactor efbr for hairy root cultures'),)
keywords : frozenset({'chromatography'})

22/10 positive, 22/10 negative
Do these records refer to the same thing?
(y)es / (n)o / (u)nsure / (f)inished / (p)revious
firstname : david
lastname : prudic
middlename : e
year : 1982
yeardiff_larger_than_0 : 1982
year_papertitle : ((1982, 'hydraulic conductivity of a fine grained till cattaraugus county new york'),)
keywords : frozenset({'mathematical analysis', 'condensed matter physics', 'soil science', 'chemical engineering', 'geotechnical engineering'})

firstname : david
lastname : prudic
middlename : e
year : 2007
yeardiff_larger_than_0 : 2007
year_papertitle : ((2007, 'evaluating cumulative effects of ground water withdrawals on streamflow'),)
keywords : frozenset({'ecology', 'water resource management', 'paleontology', 'physical geography', 'hydrology'})

22/10 positive, 23/10 negative
Do these records refer to the same thing?
(y)es / (n)o / (u)nsure / (f)inished / (p)revious
firstname : samuel
lastname : trahan
middlename : None
year : 2014
yeardiff_larger_than_0 : 2014
year_papertitle : ((2014, 'evaluation of storm structure from the operational hwrf during 2012 implementation'), (2015, 'community support and transition of research to operations for the hurricane weather research and forecasting model'), (2015, 'forecasting tropical cyclones in the western north pacific basin using the ncep operational hwrf real time implementation in 2012'), (2015, 'the 2012 triply nested high resolution operational version of the hurricane weather research and forecasting model hwrf track and intensity forecast verifications'), (2016, 'forecasting tropical cyclones in the western north pacific basin using the ncep operational hwrf model model upgrades and evaluation of real time performance in 2013'), (2016, 'representing multiple scales in the hurricane weather research and forecasting modeling system design of multiple sets of movable multilevel nesting and the basin scale hwrf forecast application'), (2017, 'the weather research and forecasting model overview system efforts and future directions'), (2018, 'on the growth of intensity forecast errors in the operational hurricane weather research and forecasting hwrf model'), (2020, 'an eye on the storm integrating a wealth of data for quickly advancing the physical understanding and forecasting of tropical cyclones'), (2020, 'vortex initialization in the ncep operational hurricane models'))
keywords : frozenset({'meteorology', 'climatology', 'systems engineering', 'optics', 'artificial intelligence', 'mechanics', 'oceanography'})

firstname : samuel
lastname : trahan
middlename : gerard
year : 2011
yeardiff_larger_than_0 : 2011
year_papertitle : ((2011, 'multi scale analysis of observations of tropical cyclones with applications to high resolution hurricane modeling'),)
keywords : frozenset({'remote sensing', 'climatology', 'atmospheric sciences', 'mechanical engineering', 'optics', 'meteorology'})

22/10 positive, 24/10 negative
Do these records refer to the same thing?
(y)es / (n)o / (u)nsure / (f)inished / (p)revious
firstname : david
lastname : eckhardt
middlename : a v
year : 1987
yeardiff_larger_than_0 : 1987
year_papertitle : ((1987, 'effects of selected sampling equipment and procedures on the concentrations of trichloroethylene and related compounds in ground water samples'),)
keywords : frozenset({'nuclear medicine', 'mechanical engineering', 'environmental chemistry', 'statistics', 'mechanics', 'hydrology', 'marine engineering'})

firstname : david
lastname : eckhardt
middlename : a v
year : 1996
yeardiff_larger_than_0 : 1996
year_papertitle : ((1996, 'unsaturated flow of water and transport of herbicides in a silt loam soil'),)
keywords : frozenset({'climatology', 'metallurgy', 'agronomy', 'soil science', 'mechanics', 'hydrology'})

22/10 positive, 24/10 negative
Do these records refer to the same thing?
(y)es / (n)o / (u)nsure / (f)inished / (p)revious
firstname : bong
lastname : kim
middlename : mann
year : 1990
yeardiff_larger_than_0 : 1990
year_papertitle : ((1990, 'extension of self modeling curve resolution to mixtures of more than three components'),)
keywords : frozenset({'mineralogy', 'astronomy', 'petroleum engineering', 'mathematical optimization', 'optics', 'pure mathematics', 'artificial intelligence'})

firstname : bong
lastname : kim
middlename : mann
year : 1989
yeardiff_larger_than_0 : 1989
year_papertitle : ((1989, 'development of a new multivariate receptor model and its application to los angeles airborne particle data'),)
keywords : frozenset({'mineralogy', 'atmospheric sciences', 'soil science', 'acoustics', 'environmental chemistry', 'statistics'})

22/10 positive, 25/10 negative
Do these records refer to the same thing?
(y)es / (n)o / (u)nsure / (f)inished / (p)revious
firstname : kristen
lastname : foley
middlename : m
year : 2013
yeardiff_larger_than_0 : 2013
year_papertitle : ((2013, 'extreme value analysis for evaluating ozone control strategies'), (2015, 'dynamic evaluation of cmaq part i separating the effects of changing emissions and changing meteorology on ozone levels between 2002 and 2005 in the eastern us'), (2015, 'dynamic evaluation of cmaq part ii evaluation of relative response factor metrics for ozone attainment demonstrations'), (2016, 'overview and evaluation of the community multiscale air quality cmaq model version 5 1'), (2017, 'description and evaluation of the community multiscale air quality cmaq modeling system version 5 1'), (2019, 'influence of bromine and iodine chemistry on annual seasonal diurnal and background ozone cmaq simulations over the northern hemisphere'), (2019, 'simulating lightning no production in cmaqv5 2 evolution of scientific updates'), (2019, 'simulating lightning no production in cmaqv5 2 performance evaluations'), (2019, 'simulating lightning no x production in cmaqv5 2 using mnldn hnldn and pnldn schemes performance evaluation'))
keywords : frozenset({'atmospheric sciences', 'environmental engineering', 'environmental chemistry', 'artificial intelligence', 'statistics', 'meteorology', 'waste management'})

firstname : kristen
lastname : foley
middlename : m
year : 2006
yeardiff_larger_than_0 : 2006
year_papertitle : ((2006, 'multivariate spatial temporal statistical models for applications in coastal ocean prediction'),)
keywords : frozenset({'mathematical analysis', 'climatology', 'algorithm', 'control theory', 'oceanography', 'statistics', 'hydrology', 'meteorology'})

22/10 positive, 25/10 negative
Do these records refer to the same thing?
(y)es / (n)o / (u)nsure / (f)inished / (p)revious
firstname : thomas
lastname : diggins
middlename : p
year : 1998
yeardiff_larger_than_0 : 1998
year_papertitle : ((1998, 'chironomid deformities benthic community composition and trace elements in the buffalo river new york area of concern'), (2002, 'potential for selective controlled biofouling by dreissena species to intercept pollutants from industrial effluents'), (2004, 'epiphytic refugium are two species of invading freshwater bivalves partitioning spatial resources'))
keywords : frozenset({'ecology', 'environmental chemistry', 'chromatography', 'chemical engineering', 'hydrology', 'geochemistry', 'waste management'})

firstname : thomas
lastname : diggins
middlename : patrick
year : 1997
yeardiff_larger_than_0 : 1997
year_papertitle : ((1997, 'field and laboratory evaluation of the pollution monitoring potential of abnormal development in aquatic larval midges diptera chironomidae'),)
keywords : frozenset({'environmental chemistry', 'zoology', 'hydrology', 'ecology'})

22/10 positive, 25/10 negative
Do these records refer to the same thing?
(y)es / (n)o / (u)nsure / (f)inished / (p)revious
firstname : jacques
lastname : manem
middlename : None
year : 1990
yeardiff_larger_than_0 : 1990
year_papertitle : ((1990, 'scaling prodedure for biofilm processes'), (1992, 'development and experimental evaluation of a steady state multispecies biofilm model'), (1992, 'removing trace level organic pollutants in a biological filter'), (1992, 'the effects of fluctuations in biodegradable organic matter on nitrification filters'), (1993, 'a new method to solve a non steady state multispecies biofilm model'), (1995, 'influence of substrate c n ratio on the structure of multi species biofilms consisting of nitrifiers and heterotrophs'), (1996, 'effectiveness of the membrane bioreactor in the biodegradation of high molecular weight compounds'), (1996, 'membrane bioreactor a new treatment tool'), (1996, 'nitrification and mass balance with a membrane bioreactor for municipal wastewater treatment'), (1997, 'a novel circulating bed reactor hydrodynamics mass transfer and nitrification capacity'))
keywords : frozenset({'pulp and paper industry', 'environmental engineering', 'environmental chemistry', 'chromatography', 'mechanics', 'chemical engineering', 'waste management'})

firstname : jacques
lastname : manem
middlename : None
year : 1988
yeardiff_larger_than_0 : 1988
year_papertitle : ((1988, 'interactions between heterotrophic and autotrophic bacteria in fixed film biological processes used in drinking water treatment'),)
keywords : frozenset({'biochemistry', 'inorganic chemistry', 'microbiology', 'organic chemistry', 'environmental chemistry', 'waste management'})

22/10 positive, 25/10 negative
Do these records refer to the same thing?
(y)es / (n)o / (u)nsure / (f)inished / (p)revious
Finished labeling
Done in 4037.323482600848 minutes.
