Namespace(testing=False, verbose=1, field=['materials science'], train_name='christoph_degree0', startyear=1990, endyear=2015, loadstartyear=1990, loadendyear=2015, mergemode='m:1', recall=0.9, institution='True', fieldofstudy_cat='False', fieldofstudy_str='False', keywords='False', retrain='True', linking_type='advisors', samplesize=100000, write_to='database')
Have max 12 cores available
Testing is False 

I set the write connection to the main database.
id_field is [192562407] and will be passed to sql queries.
finished setup ... 
Time elapsed: 0.0005853454271952311 minutes 


        SELECT relationship_id
                , year
                , year AS year_range
                , firstname 
                , lastname
                , CASE TRIM(SUBSTR(middle_lastname, 1, l_fullname-l_firstname-l_lastname - 1)) 
                    WHEN 
                        "" THEN NULL 
                        ELSE TRIM(SUBSTR(middle_lastname, 1, l_fullname-l_firstname-l_lastname - 1)) 
                    END AS middlename
                , fieldofstudy
                , keywords
                , institution
                , year || "//" || institution as main_us_institutions_year
                , year || "//" || institution as all_us_institutions_year
        FROM (
            SELECT goid
                , relationship_id
                , degree_year AS year 
                , a.fullname 
                , SUBSTR(TRIM(a.fullname),1,instr(trim(a.fullname)||' ',' ')-1) AS firstname
                , REPLACE(a.fullname, RTRIM(a.fullname, REPLACE(a.fullname, " ", "")), "") AS lastname 
                , TRIM(SUBSTR(a.fullname, length(SUBSTR(TRIM(a.fullname),1,instr(trim(a.fullname)||' ',' ')-1)) + 1)) AS middle_lastname 
                , length(a.fullname) AS l_fullname 
                , length(SUBSTR(TRIM(a.fullname),1,instr(trim(a.fullname)||' ',' ')-1) ) AS l_firstname
                , length(REPLACE(a.fullname, RTRIM(a.fullname, REPLACE(a.fullname, " ", "")), "")) AS l_lastname
                , fieldname AS fieldofstudy
                , university_id
            FROM pq_authors 
            INNER JOIN (
                SELECT goid, fieldname 
                FROM pq_fields_mag
                WHERE mag_field0 IN (?)
            ) USING (goid)
            INNER JOIN ( --# NOTE: this only keeps the theses where at least one advisor is present
                SELECT *, firstname || ' ' || lastname AS fullname
                FROM pq_advisors
            ) AS a USING(goid)
        )
        -- ## NOTE: use left join here as not all graduates have advisor (particularly pre-1980) and possibly also keywords
        LEFT JOIN (
            SELECT goid
                , fields as keywords
            FROM pq_info_linking
        ) USING(goid) 
        INNER JOIN (
            SELECT university_id, normalizedname as institution
            FROM pq_unis --## mark: previously we linked advisors anywhere in the world (as career outcomes). for now, focus on US
            WHERE location like "%United States%"
        ) USING(university_id)
        WHERE year >= 1990 and year <= 2015
         


    SELECT f.AuthorId
        , f.year
        , f.YearLastPub
        , f.firstname
        , f.lastname
        , CASE TRIM(SUBSTR(f.middle_lastname, 1, f.l_fullname - f.l_firstname - f.l_lastname - 1)) 
            WHEN 
                "" THEN NULL 
                ELSE TRIM(SUBSTR(f.middle_lastname, 1, f.l_fullname - f.l_firstname - f.l_lastname - 1)) 
            END as middlename 
            -- ## NOTE this gives "" for middlename when it is missing 
        , f.fieldofstudy
        , g.keywords
        , g.coauthors
        , g.institution
        , g.main_us_institutions_year
         
        , f.year || ";" || f.YearLastPub AS year_range 
        , g.all_us_institutions_year
    
    FROM (
        SELECT a.AuthorId
            , a.YearFirstPub AS year
            , a.YearLastPub 
            , a.FirstName AS firstname
            , REPLACE(b.NormalizedName, RTRIM(b.NormalizedName, REPLACE(b.NormalizedName, " ", "")), "") AS lastname 
                    -- https://stackoverflow.com/questions/21388820/how-to-get-the-last-index-of-a-substring-in-sqlite
            , TRIM(SUBSTR(b.NormalizedName, length(a.FirstName) + 1)) AS middle_lastname 
                    -- this gives all except the first name 
            , length(b.NormalizedName) as l_fullname 
            , length(a.FirstName) as l_firstname
            , length(REPLACE(b.NormalizedName, RTRIM(b.NormalizedName, REPLACE(b.NormalizedName, " ", "")), "")) as l_lastname
            , e.NormalizedName AS fieldofstudy
        FROM author_sample AS a
        INNER JOIN (
            SELECT AuthorId, NormalizedName
            FROM Authors
        ) AS b USING(AuthorId)
        INNER JOIN (
            SELECT AuthorId
            FROM author_field0
            WHERE FieldOfStudyId_lvl0 IN (?)
                AND Degree <= 0
        ) USING(AuthorId)
        LEFT JOIN (
            SELECT AuthorId, NormalizedName
            FROM author_fields c
            INNER JOIN (
                SELECT FieldOfStudyId, NormalizedName
                FROM FieldsOfStudy
            ) AS d USING(FieldOfStudyId)
            -- ## Condition on fieldofstudy being in the level 0 id_field
            INNER JOIN (
                SELECT ParentFieldOfStudyId, ChildFieldOfStudyId
                FROM crosswalk_fields
                WHERE ParentLevel = 0
                    AND ParentFieldOfStudyId IN (?)
            ) AS e ON (e.ChildFieldOfStudyId = c.FieldOfStudyId)
            WHERE FieldClass = 'first'
        ) AS e USING(AuthorId)
    ) f
    LEFT JOIN (
        SELECT AuthorId
                , main_us_institutions_career as institution
                , coauthors
                , keywords
                , main_us_institutions_year
                , all_us_institutions_year
        FROM author_info_linking
    ) AS g USING(AuthorId)
    
    WHERE f.YearLastPub  >= 1990 - 5 AND year <= 2015 + 5 AND institution is not NULL
     

Time elapsed: 269.55807259480156 minutes 

Starting active labeling...
firstname : r
lastname : dover
middlename : bruce van
year_range : (2009,)
main_us_institutions_year : ((2009, 'cornell university'),)
all_us_institutions_year : ((2009, 'cornell university'),)

firstname : r
lastname : dover
middlename : b van
year_range : (1982, 2021)
main_us_institutions_year : ((1983, 'bell labs'), (1986, 'bell labs'), (1987, 'bell labs'), (1988, 'bell labs'), (1989, 'bell labs'), (1991, 'bell labs'), (1992, 'bell labs'), (1993, 'bell labs'), (1994, 'bell labs'), (1995, 'bell labs'), (1996, 'bell labs'), (2005, 'cornell university'), (2006, 'cornell university'), (2007, 'cornell university'), (2008, 'cornell university'), (2009, 'cornell university'), (2010, 'cornell university'), (2012, 'cornell university'), (2013, 'cornell university'), (2015, 'cornell university'), (2016, 'cornell university'), (2018, 'cornell university'), (2021, 'cornell university'))
all_us_institutions_year : ((1983, 'bell labs'), (1986, 'bell labs'), (1987, 'bell labs'), (1988, 'bell labs'), (1989, 'bell labs'), (1990, 'bell labs'), (1991, 'bell labs'), (1992, 'bell labs'), (1993, 'bell labs'), (1994, 'bell labs'), (1995, 'bell labs'), (1996, 'bell labs'), (1998, 'bell labs'), (1999, 'bell labs'), (2005, 'cornell university'), (2006, 'cornell university'), (2007, 'bell labs'), (2007, 'cornell university'), (2008, 'cornell university'), (2009, 'cornell university'), (2010, 'cornell university'), (2012, 'cornell university'), (2013, 'cornell university'), (2015, 'cornell university'), (2016, 'cornell university'), (2018, 'cornell university'), (2021, 'cornell university'))

0/10 positive, 0/10 negative
Do these records refer to the same thing?
(y)es / (n)o / (u)nsure / (f)inished
firstname : r
lastname : pease
middlename : fabian
year_range : (1991,)
main_us_institutions_year : ((1991, 'stanford university'),)
all_us_institutions_year : ((1991, 'stanford university'),)

firstname : r
lastname : pease
middlename : f w
year_range : (1870, 2012)
main_us_institutions_year : ((1870, 'stanford university'), (1966, 'university of california berkeley'), (1967, 'university of california berkeley'), (1981, 'stanford university'), (1983, 'stanford university'), (1984, 'stanford university'), (1986, 'stanford university'), (1987, 'stanford university'), (1988, 'stanford university'), (1989, 'stanford university'), (1990, 'stanford university'), (1991, 'stanford university'), (1992, 'stanford university'), (1993, 'stanford university'), (1994, 'stanford university'), (1995, 'stanford university'), (1996, 'stanford university'), (1997, 'stanford university'), (2003, 'stanford university'), (2006, 'stanford university'), (2007, 'stanford university'), (2008, 'stanford university'), (2009, 'stanford university'), (2010, 'stanford university'), (2011, 'stanford university'), (2012, 'stanford university'))
all_us_institutions_year : ((1870, 'stanford university'), (1966, 'university of california berkeley'), (1967, 'university of california berkeley'), (1981, 'stanford university'), (1982, 'stanford university'), (1983, 'stanford university'), (1984, 'stanford university'), (1986, 'stanford university'), (1987, 'stanford university'), (1988, 'stanford university'), (1989, 'stanford university'), (1990, 'stanford university'), (1991, 'stanford university'), (1992, 'stanford university'), (1993, 'stanford university'), (1994, 'stanford university'), (1995, 'stanford university'), (1996, 'stanford university'), (1997, 'stanford university'), (1998, 'stanford university'), (1999, 'stanford university'), (2000, 'stanford university'), (2001, 'stanford university'), (2003, 'stanford university'), (2005, 'stanford university'), (2006, 'stanford university'), (2007, 'stanford university'), (2008, 'stanford university'), (2009, 'stanford university'), (2010, 'stanford university'), (2011, 'stanford university'), (2012, 'stanford university'))

1/10 positive, 0/10 negative
Do these records refer to the same thing?
(y)es / (n)o / (u)nsure / (f)inished / (p)revious
firstname : boon
lastname : teo
middlename : t
year_range : (2002,)
main_us_institutions_year : ((2002, 'university of illinois chicago'),)
all_us_institutions_year : ((2002, 'university of illinois chicago'),)

firstname : boon
lastname : teo
middlename : k
year_range : (1981, 2017)
main_us_institutions_year : ((1987, 'university of illinois at chicago'), (1988, 'university of illinois at chicago'), (1990, 'university of illinois at chicago'), (1991, 'university of illinois at chicago'), (1992, 'university of illinois at chicago'), (1993, 'university of illinois at chicago'), (1995, 'university of illinois at chicago'), (1997, 'university of illinois at chicago'), (1998, 'university of illinois at chicago'), (1999, 'university of illinois at chicago'), (2000, 'university of illinois at chicago'), (2001, 'university of illinois at chicago'), (2002, 'university of illinois at chicago'), (2003, 'university of illinois at chicago'), (2004, 'university of illinois at chicago'), (2005, 'university of illinois at chicago'), (2006, 'university of illinois at chicago'), (2007, 'university of illinois at chicago'), (2009, 'university of illinois at chicago'), (2010, 'university of illinois at chicago'), (2011, 'university of illinois at chicago'), (2012, 'university of illinois at chicago'), (2013, 'university of illinois at chicago'), (2016, 'university of illinois at chicago'), (2017, 'university of illinois at chicago'))
all_us_institutions_year : ((1987, 'university of illinois at chicago'), (1988, 'university of illinois at chicago'), (1989, 'university of illinois at chicago'), (1990, 'university of illinois at chicago'), (1991, 'university of illinois at chicago'), (1992, 'university of illinois at chicago'), (1993, 'university of illinois at chicago'), (1995, 'university of illinois at chicago'), (1997, 'university of illinois at chicago'), (1998, 'university of illinois at chicago'), (1999, 'university of illinois at chicago'), (2000, 'university of illinois at chicago'), (2001, 'university of illinois at chicago'), (2001, 'wright patterson air force base'), (2002, 'university of illinois at chicago'), (2002, 'wright patterson air force base'), (2003, 'university of illinois at chicago'), (2004, 'university of illinois at chicago'), (2005, 'university of illinois at chicago'), (2006, 'university of illinois at chicago'), (2007, 'university of illinois at chicago'), (2009, 'university of illinois at chicago'), (2010, 'university of illinois at chicago'), (2011, 'university of illinois at chicago'), (2012, 'university of illinois at chicago'), (2013, 'university of illinois at chicago'), (2016, 'university of illinois at chicago'), (2017, 'university of illinois at chicago'))

2/10 positive, 0/10 negative
Do these records refer to the same thing?
(y)es / (n)o / (u)nsure / (f)inished / (p)revious
firstname : jonathan
lastname : owen
middlename : s
year_range : (2015,)
main_us_institutions_year : ((2015, 'columbia university'),)
all_us_institutions_year : ((2015, 'columbia university'),)

firstname : jonathan
lastname : owen
middlename : j
year_range : (1991, 1998)
main_us_institutions_year : ((1994, 'university of california santa barbara'), (1995, 'university of california santa barbara'), (1998, 'university of california santa barbara'))
all_us_institutions_year : ((1994, 'university of california santa barbara'), (1995, 'university of california santa barbara'), (1998, 'university of california santa barbara'))

3/10 positive, 0/10 negative
Do these records refer to the same thing?
(y)es / (n)o / (u)nsure / (f)inished / (p)revious
firstname : roger
lastname : barker
middlename : l
year_range : (1992,)
main_us_institutions_year : ((1992, 'north carolina state university'),)
all_us_institutions_year : ((1992, 'north carolina state university'),)

firstname : roger
lastname : barker
middlename : a
year_range : (1988, 2021)
main_us_institutions_year : None
all_us_institutions_year : ((1999, 'norwich university'),)

3/10 positive, 1/10 negative
Do these records refer to the same thing?
(y)es / (n)o / (u)nsure / (f)inished / (p)revious
firstname : mircea
lastname : grigoriu
middlename : None
year_range : (1998,)
main_us_institutions_year : ((1998, 'cornell university'),)
all_us_institutions_year : ((1998, 'cornell university'),)

firstname : mircea
lastname : grigoriu
middlename : None
year_range : (1977, 2021)
main_us_institutions_year : ((1977, 'massachusetts institute of technology'), (1980, 'cornell university'), (1981, 'cornell university'), (1982, 'cornell university'), (1984, 'cornell university'), (1986, 'cornell university'), (1987, 'cornell university'), (1988, 'cornell university'), (1989, 'cornell university'), (1990, 'cornell university'), (1991, 'cornell university'), (1992, 'cornell university'), (1993, 'cornell university'), (1994, 'cornell university'), (1995, 'cornell university'), (1996, 'cornell university'), (1997, 'cornell university'), (1998, 'cornell university'), (1999, 'cornell university'), (2000, 'cornell university'), (2001, 'cornell university'), (2002, 'cornell university'), (2003, 'cornell university'), (2004, 'cornell university'), (2006, 'cornell university'), (2007, 'cornell university'), (2008, 'cornell university'), (2009, 'cornell university'), (2010, 'cornell university'), (2011, 'cornell university'), (2012, 'cornell university'), (2013, 'cornell university'), (2014, 'cornell university'), (2015, 'cornell university'), (2016, 'cornell university'), (2017, 'cornell university'), (2018, 'cornell university'), (2019, 'cornell university'), (2020, 'cornell university'), (2021, 'cornell university'))
all_us_institutions_year : ((1977, 'massachusetts institute of technology'), (1980, 'cornell university'), (1981, 'cornell university'), (1982, 'cornell university'), (1984, 'cornell university'), (1985, 'cornell university'), (1986, 'cornell university'), (1987, 'cornell university'), (1988, 'cornell university'), (1989, 'cornell university'), (1990, 'cornell university'), (1991, 'cornell university'), (1992, 'cornell university'), (1993, 'cornell university'), (1994, 'cornell university'), (1995, 'cornell university'), (1996, 'cornell university'), (1997, 'cornell university'), (1998, 'cornell university'), (1999, 'cornell university'), (2000, 'cornell university'), (2001, 'cornell university'), (2002, 'cornell university'), (2003, 'cornell university'), (2004, 'cornell university'), (2006, 'cornell university'), (2007, 'cornell university'), (2007, 'sandia national laboratories'), (2008, 'cornell university'), (2008, 'university at buffalo'), (2009, 'cornell university'), (2009, 'sandia national laboratories'), (2010, 'cornell university'), (2011, 'cornell university'), (2012, 'cornell university'), (2013, 'cornell university'), (2014, 'cornell university'), (2015, 'cornell university'), (2016, 'cornell university'), (2017, 'cornell university'), (2018, 'cornell university'), (2019, 'cornell university'), (2020, 'cornell university'), (2021, 'cornell university'))

3/10 positive, 2/10 negative
Do these records refer to the same thing?
(y)es / (n)o / (u)nsure / (f)inished / (p)revious
firstname : thomas
lastname : fuller
middlename : None
year_range : (2008,)
main_us_institutions_year : ((2008, 'georgia institute of technology'),)
all_us_institutions_year : ((2008, 'georgia institute of technology'),)

firstname : thomas
lastname : fuller
middlename : f
year_range : (1992, 2021)
main_us_institutions_year : ((1992, 'university of california berkeley'), (1993, 'university of california berkeley'), (1994, 'lawrence berkeley national laboratory'), (2002, 'utc power'), (2007, 'georgia institute of technology'), (2007, 'georgia tech research institute'), (2008, 'georgia institute of technology'), (2008, 'georgia tech research institute'), (2009, 'georgia institute of technology'), (2010, 'georgia institute of technology'), (2010, 'georgia tech research institute'), (2011, 'georgia institute of technology'), (2012, 'georgia institute of technology'), (2013, 'georgia institute of technology'), (2014, 'georgia institute of technology'), (2015, 'georgia institute of technology'), (2015, 'georgia tech research institute'), (2016, 'georgia institute of technology'), (2017, 'georgia institute of technology'), (2018, 'georgia institute of technology'), (2019, 'georgia institute of technology'), (2020, 'georgia institute of technology'))
all_us_institutions_year : ((1992, 'university of california berkeley'), (1993, 'university of california berkeley'), (1994, 'lawrence berkeley national laboratory'), (2000, 'university of california berkeley'), (2000, 'utc power'), (2002, 'utc power'), (2007, 'georgia institute of technology'), (2007, 'georgia tech research institute'), (2008, 'georgia institute of technology'), (2008, 'georgia tech research institute'), (2008, 'utc power'), (2009, 'georgia institute of technology'), (2009, 'georgia tech research institute'), (2010, 'georgia institute of technology'), (2010, 'georgia tech research institute'), (2011, 'georgia institute of technology'), (2011, 'georgia tech research institute'), (2012, 'georgia institute of technology'), (2013, 'georgia institute of technology'), (2014, 'georgia institute of technology'), (2014, 'georgia tech research institute'), (2015, 'georgia institute of technology'), (2015, 'georgia tech research institute'), (2016, 'georgia institute of technology'), (2017, 'georgia institute of technology'), (2018, 'georgia institute of technology'), (2019, 'georgia institute of technology'), (2020, 'georgia institute of technology'))

4/10 positive, 2/10 negative
Do these records refer to the same thing?
(y)es / (n)o / (u)nsure / (f)inished / (p)revious
firstname : justin
lastname : hanes
middlename : None
year_range : (2009,)
main_us_institutions_year : ((2009, 'johns hopkins university'),)
all_us_institutions_year : ((2009, 'johns hopkins university'),)

firstname : justin
lastname : hanes
middlename : None
year_range : (1995, 2021)
main_us_institutions_year : ((1995, 'massachusetts institute of technology'), (1996, 'massachusetts institute of technology'), (1997, 'massachusetts institute of technology'), (1998, 'massachusetts institute of technology'), (1999, 'johns hopkins university'), (2001, 'johns hopkins university school of medicine'), (2002, 'johns hopkins university'), (2003, 'johns hopkins university school of medicine'), (2003, 'johns hopkins university'), (2004, 'johns hopkins university'), (2005, 'johns hopkins university'), (2006, 'johns hopkins university'), (2007, 'johns hopkins university'), (2008, 'johns hopkins university'), (2009, 'johns hopkins university'), (2010, 'johns hopkins university'), (2011, 'johns hopkins university school of medicine'), (2012, 'johns hopkins university'), (2013, 'johns hopkins university school of medicine'), (2013, 'johns hopkins university'), (2014, 'johns hopkins university school of medicine'), (2015, 'johns hopkins university school of medicine'), (2016, 'johns hopkins university school of medicine'), (2017, 'johns hopkins university school of medicine'), (2018, 'johns hopkins university school of medicine'), (2019, 'johns hopkins university school of medicine'), (2020, 'johns hopkins university school of medicine'))
all_us_institutions_year : ((1995, 'massachusetts institute of technology'), (1996, 'massachusetts institute of technology'), (1997, 'johns hopkins university school of medicine'), (1997, 'massachusetts institute of technology'), (1997, 'pennsylvania state university'), (1998, 'johns hopkins university'), (1998, 'massachusetts institute of technology'), (1999, 'johns hopkins university'), (2001, 'johns hopkins university school of medicine'), (2001, 'massachusetts institute of technology'), (2001, 'university of pennsylvania'), (2002, 'johns hopkins university'), (2002, 'johns hopkins university school of medicine'), (2002, 'massachusetts institute of technology'), (2003, 'johns hopkins university'), (2003, 'johns hopkins university school of medicine'), (2004, 'johns hopkins university'), (2005, 'johns hopkins university'), (2006, 'johns hopkins university'), (2007, 'johns hopkins university'), (2008, 'johns hopkins university'), (2009, 'johns hopkins university'), (2009, 'johns hopkins university school of medicine'), (2010, 'johns hopkins university'), (2010, 'johns hopkins university school of medicine'), (2011, 'johns hopkins university'), (2011, 'johns hopkins university school of medicine'), (2012, 'johns hopkins university'), (2012, 'johns hopkins university school of medicine'), (2013, 'johns hopkins university'), (2013, 'johns hopkins university school of medicine'), (2014, 'johns hopkins university'), (2014, 'johns hopkins university school of medicine'), (2015, 'johns hopkins university'), (2015, 'johns hopkins university school of medicine'), (2016, 'johns hopkins university'), (2016, 'johns hopkins university school of medicine'), (2017, 'johns hopkins university'), (2017, 'johns hopkins university school of medicine'), (2018, 'johns hopkins university'), (2018, 'johns hopkins university school of medicine'), (2019, 'johns hopkins university'), (2019, 'johns hopkins university school of medicine'), (2020, 'johns hopkins university'), (2020, 'johns hopkins university school of medicine'))

5/10 positive, 2/10 negative
Do these records refer to the same thing?
(y)es / (n)o / (u)nsure / (f)inished / (p)revious
firstname : haydn
lastname : chen
middlename : None
year_range : (1997,)
main_us_institutions_year : ((1997, 'university of illinois at urbana champaign'),)
all_us_institutions_year : ((1997, 'university of illinois at urbana champaign'),)

firstname : haydn
lastname : chen
middlename : None
year_range : (1977, 2020)
main_us_institutions_year : ((1977, 'northwestern university'), (1980, 'university of illinois at urbana champaign'), (1981, 'university of illinois at urbana champaign'), (1982, 'university of illinois at urbana champaign'), (1983, 'university of illinois at urbana champaign'), (1984, 'university of illinois at urbana champaign'), (1985, 'university of illinois at urbana champaign'), (1986, 'university of illinois at urbana champaign'), (1987, 'university of illinois at urbana champaign'), (1988, 'hodges university'), (1989, 'hodges university'), (1990, 'university of illinois at urbana champaign'), (1991, 'university of illinois at urbana champaign'), (1992, 'university of illinois at urbana champaign'), (1993, 'university of illinois at urbana champaign'), (1994, 'university of illinois at urbana champaign'), (1994, 'hodges university'), (1995, 'hodges university'), (1996, 'university of illinois at urbana champaign'), (1997, 'university of illinois at urbana champaign'), (1998, 'hodges university'), (1999, 'university of illinois at urbana champaign'), (2000, 'university of illinois at urbana champaign'), (2001, 'hodges university'), (2012, 'university of illinois at urbana champaign'))
all_us_institutions_year : ((1977, 'argonne national laboratory'), (1977, 'northwestern university'), (1980, 'university of illinois at urbana champaign'), (1981, 'university of illinois at urbana champaign'), (1982, 'university of illinois at urbana champaign'), (1983, 'university of illinois at urbana champaign'), (1984, 'university of illinois at urbana champaign'), (1985, 'hodges university'), (1985, 'university of illinois at urbana champaign'), (1986, 'hodges university'), (1986, 'university of illinois at urbana champaign'), (1987, 'university of illinois at urbana champaign'), (1988, 'hodges university'), (1988, 'university of illinois at urbana champaign'), (1989, 'hodges university'), (1989, 'university of illinois at urbana champaign'), (1990, 'hodges university'), (1990, 'university of illinois at urbana champaign'), (1991, 'hodges university'), (1991, 'university of illinois at urbana champaign'), (1992, 'hodges university'), (1992, 'university of illinois at urbana champaign'), (1993, 'hodges university'), (1993, 'university of illinois at urbana champaign'), (1994, 'hodges university'), (1994, 'university of illinois at urbana champaign'), (1995, 'hodges university'), (1995, 'university of illinois at urbana champaign'), (1996, 'hodges university'), (1996, 'university of illinois at urbana champaign'), (1997, 'hodges university'), (1997, 'university of illinois at urbana champaign'), (1998, 'hodges university'), (1998, 'university of illinois at urbana champaign'), (1999, 'hodges university'), (1999, 'university of illinois at urbana champaign'), (2000, 'hodges university'), (2000, 'university of illinois at urbana champaign'), (2001, 'hodges university'), (2002, 'hodges university'), (2002, 'university of illinois at urbana champaign'), (2003, 'hodges university'), (2003, 'university of illinois at urbana champaign'), (2004, 'hodges university'), (2004, 'university of illinois at urbana champaign'), (2005, 'hodges university'), (2006, 'hodges university'), (2006, 'university of illinois at urbana champaign'), (2011, 'hodges university'), (2012, 'university of illinois at urbana champaign'), (2013, 'hodges university'), (2019, 'university of illinois at urbana champaign'))

6/10 positive, 2/10 negative
Do these records refer to the same thing?
(y)es / (n)o / (u)nsure / (f)inished / (p)revious
firstname : henrique
lastname : reis
middlename : None
year_range : (2007,)
main_us_institutions_year : ((2007, 'university of illinois at urbana champaign'),)
all_us_institutions_year : ((2007, 'university of illinois at urbana champaign'),)

firstname : henrique
lastname : reis
middlename : l
year_range : (2014, 2015)
main_us_institutions_year : ((2014, 'university of illinois at urbana champaign'), (2015, 'university of illinois at urbana champaign'))
all_us_institutions_year : ((2014, 'university of illinois at urbana champaign'), (2015, 'university of illinois at urbana champaign'))

7/10 positive, 2/10 negative
Do these records refer to the same thing?
(y)es / (n)o / (u)nsure / (f)inished / (p)revious
firstname : kyaw
lastname : u
middlename : tha paw
year_range : (2000,)
main_us_institutions_year : ((2000, 'university of california davis'),)
all_us_institutions_year : ((2000, 'university of california davis'),)

firstname : kyaw
lastname : u
middlename : tha paw
year_range : (1975, 2021)
main_us_institutions_year : ((1975, 'massachusetts institute of technology'), (1979, 'yale university'), (1980, 'yale university'), (1982, 'purdue university'), (1983, 'purdue university'), (1984, 'purdue university'), (1985, 'purdue university'), (1986, 'university of california davis'), (1987, 'university of california davis'), (1988, 'university of california davis'), (1989, 'university of california davis'), (1992, 'university of california davis'), (1993, 'university of california davis'), (1995, 'university of california davis'), (1997, 'university of california'), (2000, 'university of california davis'), (2002, 'university of california davis'), (2003, 'university of california davis'), (2004, 'university of california'), (2004, 'university of california davis'), (2005, 'university of california davis'), (2006, 'university of california davis'), (2007, 'university of california davis'), (2008, 'university of california davis'), (2009, 'university of california davis'), (2010, 'university of california davis'), (2011, 'university of california davis'), (2012, 'university of california davis'), (2013, 'university of california davis'), (2014, 'university of california davis'), (2016, 'university of california davis'), (2017, 'university of california davis'), (2018, 'university of california davis'), (2019, 'university of california davis'), (2020, 'university of california davis'), (2021, 'university of california davis'))
all_us_institutions_year : ((1975, 'massachusetts institute of technology'), (1979, 'yale university'), (1980, 'yale university'), (1982, 'purdue university'), (1983, 'purdue university'), (1984, 'purdue university'), (1985, 'purdue university'), (1986, 'university of california davis'), (1987, 'university of california davis'), (1988, 'university of california davis'), (1989, 'university of california davis'), (1992, 'university of california davis'), (1993, 'university of california davis'), (1995, 'university of california davis'), (1997, 'university of california'), (2000, 'university of california davis'), (2002, 'university of california davis'), (2003, 'university of california davis'), (2004, 'university of california'), (2004, 'university of california davis'), (2005, 'university of california davis'), (2006, 'university of california'), (2006, 'university of california davis'), (2007, 'university of california davis'), (2008, 'university of california davis'), (2009, 'university of california davis'), (2010, 'university of california davis'), (2011, 'university of california davis'), (2012, 'university of california davis'), (2013, 'university of california davis'), (2014, 'university of california'), (2014, 'university of california davis'), (2015, 'university of california davis'), (2016, 'massachusetts institute of technology'), (2016, 'university of california'), (2016, 'university of california davis'), (2017, 'university of california davis'), (2018, 'university of california davis'), (2019, 'massachusetts institute of technology'), (2019, 'university of california davis'), (2020, 'university of california davis'), (2021, 'university of california davis'))

7/10 positive, 3/10 negative
Do these records refer to the same thing?
(y)es / (n)o / (u)nsure / (f)inished / (p)revious
firstname : l
lastname : popoleski
middlename : d timmie
year_range : (1997,)
main_us_institutions_year : ((1997, 'university of maryland baltimore county'),)
all_us_institutions_year : ((1997, 'university of maryland baltimore county'),)

firstname : l
lastname : topoleski
middlename : d timmie
year_range : (1996, 2020)
main_us_institutions_year : ((1996, 'university of maryland baltimore county'), (1998, 'university of maryland baltimore county'), (1999, 'university of maryland baltimore county'), (2000, 'university of maryland baltimore county'), (2007, 'university of maryland baltimore county'), (2010, 'university of maryland baltimore county'), (2013, 'university of maryland baltimore county'), (2014, 'university of maryland baltimore county'), (2015, 'university of maryland baltimore county'), (2016, 'university of maryland baltimore county'), (2019, 'university of maryland baltimore county'), (2019, 'center for devices and radiological health'), (2020, 'university of maryland baltimore county'))
all_us_institutions_year : ((1996, 'university of maryland baltimore county'), (1998, 'university of maryland baltimore county'), (1999, 'university of maryland baltimore county'), (2000, 'university of maryland baltimore county'), (2007, 'university of maryland baltimore county'), (2010, 'university of maryland baltimore county'), (2011, 'university of maryland baltimore county'), (2012, 'university of maryland baltimore county'), (2013, 'center for devices and radiological health'), (2013, 'food and drug administration'), (2013, 'university of maryland baltimore county'), (2014, 'center for devices and radiological health'), (2014, 'university of maryland baltimore county'), (2015, 'center for devices and radiological health'), (2015, 'university of maryland baltimore county'), (2016, 'center for devices and radiological health'), (2016, 'food and drug administration'), (2016, 'university of maryland baltimore county'), (2017, 'university of maryland baltimore county'), (2019, 'center for devices and radiological health'), (2019, 'university of maryland baltimore county'), (2020, 'university of maryland baltimore county'))

8/10 positive, 3/10 negative
Do these records refer to the same thing?
(y)es / (n)o / (u)nsure / (f)inished / (p)revious
firstname : krishna
lastname : rajan
middlename : None
year_range : (1993,)
main_us_institutions_year : ((1993, 'rensselaer polytechnic institute'),)
all_us_institutions_year : ((1993, 'rensselaer polytechnic institute'),)

firstname : krishna
lastname : rajana
middlename : m
year_range : (1994, 1995)
main_us_institutions_year : ((1994, 'pennsylvania state university'), (1995, 'pennsylvania state university'))
all_us_institutions_year : ((1993, 'pennsylvania state university'), (1994, 'pennsylvania state university'), (1995, 'pennsylvania state university'), (1996, 'pennsylvania state university'))

9/10 positive, 3/10 negative
Do these records refer to the same thing?
(y)es / (n)o / (u)nsure / (f)inished / (p)revious
firstname : jeffrey
lastname : lang
middlename : h
year_range : (2008,)
main_us_institutions_year : ((2008, 'massachusetts institute of technology'),)
all_us_institutions_year : ((2008, 'massachusetts institute of technology'),)

firstname : jeffrey
lastname : yang
middlename : None
year_range : (2013, 2019)
main_us_institutions_year : ((2014, 'university of washington'), (2016, 'massachusetts institute of technology'), (2016, 'university of washington'), (2017, 'massachusetts institute of technology'), (2017, 'university of washington'), (2018, 'massachusetts institute of technology'), (2018, 'pfizer'), (2019, 'university of washington'))
all_us_institutions_year : ((2014, 'university of washington'), (2016, 'massachusetts institute of technology'), (2016, 'university of washington'), (2017, 'massachusetts institute of technology'), (2017, 'university of washington'), (2018, 'massachusetts institute of technology'), (2018, 'pfizer'), (2019, 'university of washington'))

9/10 positive, 3/10 negative
Do these records refer to the same thing?
(y)es / (n)o / (u)nsure / (f)inished / (p)revious
firstname : nandika
lastname : souza
middlename : anne d
year_range : (2000,)
main_us_institutions_year : ((2000, 'university of north texas'),)
all_us_institutions_year : ((2000, 'university of north texas'),)

firstname : nandika
lastname : dsouza
middlename : ann
year_range : (2005, 2020)
main_us_institutions_year : ((2005, 'university of north texas'), (2016, 'university of north texas'), (2020, 'university of north texas'))
all_us_institutions_year : ((2005, 'university of north texas'), (2016, 'university of north texas'), (2020, 'university of north texas'))

9/10 positive, 4/10 negative
Do these records refer to the same thing?
(y)es / (n)o / (u)nsure / (f)inished / (p)revious
firstname : michael
lastname : weinberg
middlename : c
year_range : (1998,)
main_us_institutions_year : ((1998, 'university of arizona'),)
all_us_institutions_year : ((1998, 'university of arizona'),)

firstname : michael
lastname : wei
middlename : c
year_range : (2011, 2012)
main_us_institutions_year : ((2012, 'johns hopkins university applied physics laboratory'), (2012, 'johns hopkins university'))
all_us_institutions_year : ((2012, 'johns hopkins university'), (2012, 'johns hopkins university applied physics laboratory'))

9/10 positive, 4/10 negative
Do these records refer to the same thing?
(y)es / (n)o / (u)nsure / (f)inished / (p)revious
firstname : m
lastname : silverthorn
middlename : barbara
year_range : (2011,)
main_us_institutions_year : ((2011, 'marquette university'),)
all_us_institutions_year : ((2011, 'marquette university'),)

firstname : m
lastname : silver
middlename : None
year_range : (2001, 2004)
main_us_institutions_year : ((2001, 'agilent technologies'), (2002, 'agilent technologies'))
all_us_institutions_year : ((2000, 'agilent technologies'), (2001, 'agilent technologies'), (2002, 'agilent technologies'))

9/10 positive, 5/10 negative
Do these records refer to the same thing?
(y)es / (n)o / (u)nsure / (f)inished / (p)revious
firstname : d
lastname : douglass
middlename : None
year_range : (1993,)
main_us_institutions_year : ((1993, 'university of california los angeles'),)
all_us_institutions_year : ((1993, 'university of california los angeles'),)

firstname : susanne
lastname : douglas
middlename : None
year_range : (2002, 2017)
main_us_institutions_year : ((2002, 'california institute of technology'), (2004, 'california institute of technology'), (2005, 'jet propulsion laboratory'), (2008, 'california institute of technology'), (2009, 'jet propulsion laboratory'), (2010, 'jet propulsion laboratory'), (2010, 'california institute of technology'), (2012, 'california institute of technology'), (2017, 'california institute of technology'))
all_us_institutions_year : ((2002, 'california institute of technology'), (2004, 'california institute of technology'), (2005, 'jet propulsion laboratory'), (2008, 'california institute of technology'), (2009, 'jet propulsion laboratory'), (2010, 'california institute of technology'), (2010, 'jet propulsion laboratory'), (2012, 'california institute of technology'), (2017, 'california institute of technology'))

9/10 positive, 6/10 negative
Do these records refer to the same thing?
(y)es / (n)o / (u)nsure / (f)inished / (p)revious
firstname : christoph
lastname : beckermann
middlename : None
year_range : (2009,)
main_us_institutions_year : ((2009, 'university of iowa'),)
all_us_institutions_year : ((2009, 'university of iowa'),)

firstname : kevin
lastname : becker
middlename : g
year_range : (1991, 2020)
main_us_institutions_year : ((1991, 'vanderbilt university'), (1992, 'university of iowa'), (1993, 'national institutes of health'), (1994, 'vanderbilt university'), (1994, 'national institutes of health'), (1995, 'national institutes of health'), (1996, 'national institutes of health'), (1997, 'national institutes of health'), (1998, 'national institutes of health'), (1999, 'national institutes of health'), (2000, 'national institutes of health'), (2001, 'national institutes of health'), (2002, 'national institutes of health'), (2003, 'national institutes of health'), (2004, 'national institutes of health'), (2005, 'national institutes of health'), (2006, 'national institutes of health'), (2007, 'national institutes of health'), (2008, 'national institutes of health'), (2009, 'national institutes of health'), (2010, 'national institutes of health'), (2011, 'national institutes of health'), (2012, 'national institutes of health'), (2013, 'national institutes of health'), (2014, 'national institutes of health'), (2015, 'national institutes of health'), (2016, 'national institutes of health'), (2017, 'national institutes of health'), (2018, 'national institutes of health'), (2019, 'national institutes of health'), (2020, 'national institutes of health'))
all_us_institutions_year : ((1991, 'vanderbilt university'), (1992, 'university of iowa'), (1993, 'national institutes of health'), (1993, 'vanderbilt university'), (1994, 'national institutes of health'), (1994, 'vanderbilt university'), (1995, 'national institutes of health'), (1996, 'national institutes of health'), (1997, 'national institutes of health'), (1998, 'national institutes of health'), (1999, 'national institutes of health'), (2000, 'national institutes of health'), (2001, 'national institutes of health'), (2001, 'university of california irvine'), (2002, 'national institutes of health'), (2003, 'national institutes of health'), (2004, 'national institutes of health'), (2005, 'national institutes of health'), (2006, 'national institutes of health'), (2006, 'united states department of health and human services'), (2007, 'national institute on drug abuse'), (2007, 'national institutes of health'), (2008, 'national institutes of health'), (2009, 'national institutes of health'), (2010, 'national institute on drug abuse'), (2010, 'national institutes of health'), (2011, 'national institutes of health'), (2011, 'university of maryland baltimore'), (2012, 'national institutes of health'), (2012, 'united states department of health and human services'), (2013, 'national institutes of health'), (2014, 'national institutes of health'), (2015, 'national institutes of health'), (2016, 'national institutes of health'), (2017, 'national institutes of health'), (2018, 'national institutes of health'), (2019, 'national institutes of health'), (2020, 'national institutes of health'))

9/10 positive, 7/10 negative
Do these records refer to the same thing?
(y)es / (n)o / (u)nsure / (f)inished / (p)revious
firstname : y
lastname : lin
middlename : k
year_range : (1992,)
main_us_institutions_year : ((1992, 'florida atlantic university'),)
all_us_institutions_year : ((1992, 'florida atlantic university'),)

firstname : y
lastname : li
middlename : None
year_range : (1997, 1999)
main_us_institutions_year : ((1997, 'university of illinois at urbana champaign'), (1999, 'university of illinois at urbana champaign'))
all_us_institutions_year : ((1997, 'university of illinois at urbana champaign'), (1999, 'university of illinois at urbana champaign'))

9/10 positive, 8/10 negative
Do these records refer to the same thing?
(y)es / (n)o / (u)nsure / (f)inished / (p)revious
firstname : alexandridis
lastname : paschalis
middlename : None
year_range : (2008,)
main_us_institutions_year : ((2008, 'university at buffalo'),)
all_us_institutions_year : ((2008, 'university at buffalo'),)

firstname : e
lastname : paschalis
middlename : p
year_range : (1994, 1995)
main_us_institutions_year : ((1994, 'university at buffalo'), (1995, 'university at buffalo'))
all_us_institutions_year : ((1994, 'university at buffalo'), (1995, 'university at buffalo'))

9/10 positive, 9/10 negative
Do these records refer to the same thing?
(y)es / (n)o / (u)nsure / (f)inished / (p)revious
firstname : yi
lastname : li
middlename : None
year_range : (2011,)
main_us_institutions_year : ((2011, 'polytechnic university'),)
all_us_institutions_year : ((2011, 'polytechnic university'),)

firstname : yi
lastname : li
middlename : None
year_range : (2010, 2013)
main_us_institutions_year : ((2010, 'northeastern university'), (2011, 'northeastern university'), (2013, 'northeastern university'))
all_us_institutions_year : ((2010, 'northeastern university'), (2011, 'northeastern university'), (2013, 'northeastern university'))

9/10 positive, 10/10 negative
Do these records refer to the same thing?
(y)es / (n)o / (u)nsure / (f)inished / (p)revious
firstname : elaine
lastname : charlson
middlename : m
year_range : (1992,)
main_us_institutions_year : ((1992, 'university of missouri columbia'),)
all_us_institutions_year : ((1992, 'university of missouri columbia'),)

firstname : e
lastname : charlson
middlename : j
year_range : (1990, 1996)
main_us_institutions_year : ((1992, 'university of missouri'), (1995, 'university of missouri'), (1996, 'university of missouri'))
all_us_institutions_year : ((1992, 'university of missouri'), (1995, 'university of missouri'), (1996, 'university of missouri'))

9/10 positive, 10/10 negative
Do these records refer to the same thing?
(y)es / (n)o / (u)nsure / (f)inished / (p)revious
firstname : j
lastname : mantovani
middlename : g
year_range : (1999,)
main_us_institutions_year : ((1999, 'florida institute of technology'),)
all_us_institutions_year : ((1999, 'florida institute of technology'),)

firstname : j
lastname : mantovani
middlename : g
year_range : (1989, 1990)
main_us_institutions_year : ((1990, 'university of tennessee'),)
all_us_institutions_year : ((1990, 'university of tennessee'),)

9/10 positive, 11/10 negative
Do these records refer to the same thing?
(y)es / (n)o / (u)nsure / (f)inished / (p)revious
firstname : jayant
lastname : kumar
middlename : None
year_range : (2012,)
main_us_institutions_year : ((2012, 'university of massachusetts lowell'),)
all_us_institutions_year : ((2012, 'university of massachusetts lowell'),)

firstname : jayant
lastname : kumar
middlename : None
year_range : (1986, 1989)
main_us_institutions_year : ((1986, 'university of southern california'), (1987, 'university of southern california'), (1988, 'university of southern california'), (1989, 'university of southern california'))
all_us_institutions_year : ((1986, 'university of southern california'), (1987, 'university of southern california'), (1988, 'university of southern california'), (1989, 'university of southern california'))

9/10 positive, 11/10 negative
Do these records refer to the same thing?
(y)es / (n)o / (u)nsure / (f)inished / (p)revious
firstname : michael
lastname : ellison
middlename : None
year_range : (2000,)
main_us_institutions_year : ((2000, 'clemson university'),)
all_us_institutions_year : ((2000, 'clemson university'),)

firstname : michael
lastname : ellison
middlename : j
year_range : (1982, 2020)
main_us_institutions_year : ((1987, 'massachusetts institute of technology'), (1989, 'massachusetts institute of technology'), (1991, 'massachusetts institute of technology'), (1991, 'university of chicago'))
all_us_institutions_year : ((1987, 'massachusetts institute of technology'), (1989, 'massachusetts institute of technology'), (1991, 'massachusetts institute of technology'), (1991, 'university of chicago'))

9/10 positive, 12/10 negative
Do these records refer to the same thing?
(y)es / (n)o / (u)nsure / (f)inished / (p)revious
firstname : paul
lastname : barton
middlename : i
year_range : (2009,)
main_us_institutions_year : ((2009, 'massachusetts institute of technology'),)
all_us_institutions_year : ((2009, 'massachusetts institute of technology'),)

firstname : paul
lastname : barton
middlename : None
year_range : (2007, 2009)
main_us_institutions_year : ((2007, 'university of michigan'), (2008, 'university of michigan'), (2009, 'university of michigan'))
all_us_institutions_year : ((2007, 'university of michigan'), (2008, 'university of michigan'), (2009, 'university of michigan'))

9/10 positive, 12/10 negative
Do these records refer to the same thing?
(y)es / (n)o / (u)nsure / (f)inished / (p)revious
firstname : linda
lastname : katehi
middlename : p b
year_range : (2003,)
main_us_institutions_year : ((2003, 'university of michigan'),)
all_us_institutions_year : ((2003, 'university of michigan'),)

firstname : l
lastname : katchi
middlename : p b
year_range : (1995, 2002)
main_us_institutions_year : ((1995, 'university of michigan'), (2002, 'university of michigan'))
all_us_institutions_year : ((1995, 'university of michigan'), (2002, 'university of michigan'))

9/10 positive, 12/10 negative
Do these records refer to the same thing?
(y)es / (n)o / (u)nsure / (f)inished / (p)revious
firstname : ji
lastname : lee
middlename : ung
year_range : (2014,)
main_us_institutions_year : ((2014, 'university at albany suny'),)
all_us_institutions_year : ((2014, 'university at albany suny'),)

firstname : ji
lastname : lee
middlename : ung
year_range : (2009, 2010)
main_us_institutions_year : ((2009, 'state university of new york system'),)
all_us_institutions_year : ((2009, 'state university of new york system'),)

10/10 positive, 12/10 negative
Do these records refer to the same thing?
(y)es / (n)o / (u)nsure / (f)inished / (p)revious
firstname : w
lastname : sweitz
middlename : rudolf
year_range : (2000,)
main_us_institutions_year : ((2000, 'university of new hampshire main campus'),)
all_us_institutions_year : ((2000, 'university of new hampshire main campus'),)

firstname : w
lastname : seitz
middlename : rudolf
year_range : (1972, 2021)
main_us_institutions_year : ((1977, 'university of new hampshire'), (1982, 'university of new hampshire'), (1984, 'university of new hampshire'), (1985, 'university of new hampshire'), (1986, 'university of new hampshire'), (1987, 'university of new hampshire'), (1989, 'university of new hampshire'), (1990, 'university of new hampshire'), (1991, 'university of new hampshire'), (1993, 'university of new hampshire'), (1994, 'university of new hampshire'), (1995, 'university of new hampshire'), (1997, 'university of new hampshire'), (1999, 'university of new hampshire'), (2003, 'university of new hampshire'), (2011, 'university of new hampshire'), (2012, 'university of new hampshire'), (2018, 'university of new hampshire'), (2019, 'university of new hampshire'), (2020, 'university of new hampshire'), (2021, 'university of new hampshire'))
all_us_institutions_year : ((1977, 'university of new hampshire'), (1981, 'university of new hampshire'), (1982, 'university of new hampshire'), (1984, 'university of new hampshire'), (1985, 'university of new hampshire'), (1986, 'university of new hampshire'), (1987, 'university of new hampshire'), (1988, 'university of new hampshire'), (1989, 'university of new hampshire'), (1990, 'university of new hampshire'), (1991, 'university of new hampshire'), (1993, 'university of new hampshire'), (1994, 'university of new hampshire'), (1995, 'university of new hampshire'), (1997, 'university of new hampshire'), (1999, 'university of new hampshire'), (2003, 'university of new hampshire'), (2011, 'university of new hampshire'), (2012, 'university of new hampshire'), (2013, 'university of new hampshire'), (2018, 'university of new hampshire'), (2019, 'university of new hampshire'), (2020, 'university of new hampshire'), (2021, 'university of new hampshire'))

11/10 positive, 12/10 negative
Do these records refer to the same thing?
(y)es / (n)o / (u)nsure / (f)inished / (p)revious
firstname : k
lastname : hsia
middlename : jimmy
year_range : (2002,)
main_us_institutions_year : ((2002, 'university of illinois at urbana champaign'),)
all_us_institutions_year : ((2002, 'university of illinois at urbana champaign'),)

firstname : k
lastname : hsieh
middlename : c
year_range : (1993, 2007)
main_us_institutions_year : ((1993, 'university of illinois at urbana champaign'), (1994, 'university of illinois at urbana champaign'), (1995, 'university of illinois at urbana champaign'), (1997, 'university of illinois at urbana champaign'), (1999, 'university of illinois at urbana champaign'), (2001, 'university of illinois at urbana champaign'), (2005, 'university of illinois at urbana champaign'), (2006, 'university of illinois at urbana champaign'))
all_us_institutions_year : ((1993, 'university of illinois at urbana champaign'), (1994, 'university of illinois at urbana champaign'), (1995, 'university of illinois at urbana champaign'), (1997, 'university of illinois at urbana champaign'), (1999, 'university of illinois at urbana champaign'), (2001, 'university of illinois at urbana champaign'), (2005, 'university of illinois at urbana champaign'), (2006, 'university of illinois at urbana champaign'))

12/10 positive, 12/10 negative
Do these records refer to the same thing?
(y)es / (n)o / (u)nsure / (f)inished / (p)revious
firstname : lionel
lastname : kimerling
middlename : c
year_range : (2006,)
main_us_institutions_year : ((2006, 'massachusetts institute of technology'),)
all_us_institutions_year : ((2006, 'massachusetts institute of technology'),)

firstname : lionel
lastname : moh
middlename : c h
year_range : (2014, 2018)
main_us_institutions_year : ((2014, 'massachusetts institute of technology'), (2017, 'massachusetts institute of technology'), (2018, 'massachusetts institute of technology'))
all_us_institutions_year : ((2014, 'massachusetts institute of technology'), (2017, 'massachusetts institute of technology'), (2018, 'massachusetts institute of technology'))

12/10 positive, 12/10 negative
Do these records refer to the same thing?
(y)es / (n)o / (u)nsure / (f)inished / (p)revious
firstname : i
lastname : ume
middlename : charles
year_range : (1998,)
main_us_institutions_year : ((1998, 'georgia institute of technology'),)
all_us_institutions_year : ((1998, 'georgia institute of technology'),)

firstname : i
lastname : dragomir
middlename : c
year_range : (2005, 2006)
main_us_institutions_year : ((2005, 'georgia institute of technology'), (2006, 'georgia institute of technology'))
all_us_institutions_year : ((2005, 'georgia institute of technology'), (2006, 'georgia institute of technology'))

12/10 positive, 13/10 negative
Do these records refer to the same thing?
(y)es / (n)o / (u)nsure / (f)inished / (p)revious
firstname : melissa
lastname : tate
middlename : l knothe
year_range : (2012,)
main_us_institutions_year : ((2012, 'case western reserve university'),)
all_us_institutions_year : ((2012, 'case western reserve university'),)

firstname : m
lastname : tate
middlename : l knothe
year_range : (1998, 2003)
main_us_institutions_year : ((2003, 'cleveland clinic'),)
all_us_institutions_year : ((2003, 'cleveland clinic'), (2004, 'cleveland clinic'))

12/10 positive, 14/10 negative
Do these records refer to the same thing?
(y)es / (n)o / (u)nsure / (f)inished / (p)revious
firstname : yongrak
lastname : kim
middlename : None
year_range : (2007,)
main_us_institutions_year : ((2007, 'university of nebraska lincoln'),)
all_us_institutions_year : ((2007, 'university of nebraska lincoln'),)

firstname : yong
lastname : kim
middlename : ho
year_range : (2003, 2021)
main_us_institutions_year : ((2008, 'university of southern california'), (2009, 'university of southern california'), (2010, 'university of southern california'), (2011, 'university of southern california'), (2012, 'university of southern california'), (2013, 'university of southern california'), (2014, 'university of north carolina at chapel hill'), (2015, 'research triangle park'), (2018, 'national research council'), (2019, 'national research council'), (2020, 'university of north carolina at chapel hill'), (2021, 'university of north carolina at chapel hill'))
all_us_institutions_year : ((2008, 'university of southern california'), (2009, 'university of southern california'), (2010, 'university of southern california'), (2011, 'university of southern california'), (2012, 'university of southern california'), (2013, 'university of southern california'), (2014, 'university of north carolina at chapel hill'), (2015, 'research triangle park'), (2018, 'national research council'), (2018, 'research triangle park'), (2019, 'national research council'), (2020, 'university of north carolina at chapel hill'), (2021, 'university of north carolina at chapel hill'), (2021, 'university of southern california'))

12/10 positive, 15/10 negative
Do these records refer to the same thing?
(y)es / (n)o / (u)nsure / (f)inished / (p)revious
Finished labeling
Done in 1007.040619079272 minutes.
