/home/christoph/anaconda3/envs/science-career-tempenv/lib/python3.9/site-packages/numpy/core/getlimits.py:500: UserWarning: The value of the smallest subnormal for <class 'numpy.float64'> type is zero.
  setattr(self, word, getattr(machar, word).flat[0])
/home/christoph/anaconda3/envs/science-career-tempenv/lib/python3.9/site-packages/numpy/core/getlimits.py:89: UserWarning: The value of the smallest subnormal for <class 'numpy.float64'> type is zero.
  return self._float_to_str(self.smallest_subnormal)
/home/christoph/anaconda3/envs/science-career-tempenv/lib/python3.9/site-packages/numpy/core/getlimits.py:500: UserWarning: The value of the smallest subnormal for <class 'numpy.float32'> type is zero.
  setattr(self, word, getattr(machar, word).flat[0])
/home/christoph/anaconda3/envs/science-career-tempenv/lib/python3.9/site-packages/numpy/core/getlimits.py:89: UserWarning: The value of the smallest subnormal for <class 'numpy.float32'> type is zero.
  return self._float_to_str(self.smallest_subnormal)
Namespace(testing=False, verbose=1, field=['physics'], train_name='christoph_degree0', startyear=1985, endyear=2022, mergemode='1:1', recall=0.9, institution='True', fieldofstudy_cat='False', fieldofstudy_str='False', keywords='False', retrain='True', linking_type='advisors', samplesize=100000)
Have max 6 cores available
Testing is False 

finished setup ... 
Time elapsed: 0.0008663376172383626 minutes 


        SELECT relationship_id
                , year
                , year AS year_range
                , firstname 
                , lastname
                , CASE TRIM(SUBSTR(middle_lastname, 1, l_fullname-l_firstname-l_lastname - 1)) 
                    WHEN 
                        "" THEN NULL 
                        ELSE TRIM(SUBSTR(middle_lastname, 1, l_fullname-l_firstname-l_lastname - 1)) 
                    END AS middlename
                , fieldofstudy
                , keywords
                , institution
                , year || "//" || institution as main_us_institutions_year
                , year || "//" || institution as all_us_institutions_year
        FROM (
            SELECT goid
                , relationship_id
                , degree_year AS year 
                , a.fullname 
                , SUBSTR(TRIM(a.fullname),1,instr(trim(a.fullname)||' ',' ')-1) AS firstname
                , REPLACE(a.fullname, RTRIM(a.fullname, REPLACE(a.fullname, " ", "")), "") AS lastname 
                , TRIM(SUBSTR(a.fullname, length(SUBSTR(TRIM(a.fullname),1,instr(trim(a.fullname)||' ',' ')-1)) + 1)) AS middle_lastname 
                , length(a.fullname) AS l_fullname 
                , length(SUBSTR(TRIM(a.fullname),1,instr(trim(a.fullname)||' ',' ')-1) ) AS l_firstname
                , length(REPLACE(a.fullname, RTRIM(a.fullname, REPLACE(a.fullname, " ", "")), "")) AS l_lastname
                , fieldname AS fieldofstudy
                , university_id
            FROM pq_authors 
            INNER JOIN (
                SELECT goid, fieldname 
                FROM pq_fields_mag
                WHERE mag_field0 IN (?)
            ) USING (goid)
            INNER JOIN ( --# NOTE: this only keeps the theses where at least one advisor is present
                SELECT *, firstname || ' ' || lastname AS fullname
                FROM pq_advisors
            ) AS a USING(goid)
        )
        -- ## NOTE: use left join here as not all graduates have advisor (particularly pre-1980) and possibly also keywords
        LEFT JOIN (
            SELECT goid
                , fields as keywords
            FROM pq_info_linking
        ) USING(goid) 
        INNER JOIN (
            SELECT university_id, normalizedname as institution
            FROM pq_unis --## mark: previously we linked advisors anywhere in the world (as career outcomes). for now, focus on US
            WHERE location like "%United States%"
        ) USING(university_id)
        WHERE year >= 1985 and year <= 2022 AND length(firstname) > 1
         


    SELECT f.AuthorId
        , f.year
        , f.YearLastPub
        , f.firstname
        , f.lastname
        , CASE TRIM(SUBSTR(f.middle_lastname, 1, f.l_fullname - f.l_firstname - f.l_lastname - 1)) 
            WHEN 
                "" THEN NULL 
                ELSE TRIM(SUBSTR(f.middle_lastname, 1, f.l_fullname - f.l_firstname - f.l_lastname - 1)) 
            END as middlename 
            -- ## NOTE this gives "" for middlename when it is missing 
        , f.fieldofstudy
        , g.keywords
        , g.coauthors
        , g.institution
        , g.main_us_institutions_year
         
        , f.year || ";" || f.YearLastPub AS year_range 
        , g.all_us_institutions_year
    
    FROM (
        SELECT a.AuthorId
            , a.YearFirstPub AS year
            , a.YearLastPub 
            , a.FirstName AS firstname
            , REPLACE(b.NormalizedName, RTRIM(b.NormalizedName, REPLACE(b.NormalizedName, " ", "")), "") AS lastname 
                    -- https://stackoverflow.com/questions/21388820/how-to-get-the-last-index-of-a-substring-in-sqlite
            , TRIM(SUBSTR(b.NormalizedName, length(a.FirstName) + 1)) AS middle_lastname 
                    -- this gives all except the first name 
            , length(b.NormalizedName) as l_fullname 
            , length(a.FirstName) as l_firstname
            , length(REPLACE(b.NormalizedName, RTRIM(b.NormalizedName, REPLACE(b.NormalizedName, " ", "")), "")) as l_lastname
            , e.NormalizedName AS fieldofstudy
        FROM author_sample AS a
        INNER JOIN (
            SELECT AuthorId, NormalizedName
            FROM Authors
        ) AS b USING(AuthorId)
        INNER JOIN (
            SELECT AuthorId
            FROM author_field0
            WHERE FieldOfStudyId_lvl0 IN (?)
                AND Degree <= 0
        ) USING(AuthorId)
        LEFT JOIN (
            SELECT AuthorId, NormalizedName
            FROM author_fields c
            INNER JOIN (
                SELECT FieldOfStudyId, NormalizedName
                FROM FieldsOfStudy
            ) AS d USING(FieldOfStudyId)
            -- ## Condition on fieldofstudy being in the level 0 id_field
            INNER JOIN (
                SELECT ParentFieldOfStudyId, ChildFieldOfStudyId
                FROM crosswalk_fields
                WHERE ParentLevel = 0
                    AND ParentFieldOfStudyId IN (?)
            ) AS e ON (e.ChildFieldOfStudyId = c.FieldOfStudyId)
            WHERE FieldClass = 'first'
        ) AS e USING(AuthorId)
    ) f
    LEFT JOIN (
        SELECT AuthorId
                , main_us_institutions_career as institution
                , coauthors
                , keywords
                , main_us_institutions_year
                , all_us_institutions_year
        FROM author_info_linking
    ) AS g USING(AuthorId)
    
    WHERE length(firstname) > 1 AND f.YearLastPub >= 1985 - 5 AND year <= 2022 + 5 AND institution is not NULL
     

Time elapsed: 414.2647705515226 minutes 

Starting active labeling...
firstname : oliver
lastname : monti
middlename : la
year_range : (2010,)
main_us_institutions_year : ((2010, 'university of arizona'),)
all_us_institutions_year : ((2010, 'university of arizona'),)

firstname : oliver
lastname : monti
middlename : l a
year_range : (2000, 2021)
main_us_institutions_year : ((2004, 'national institute of standards and technology'), (2004, 'university of arizona'), (2006, 'national institute of standards and technology'), (2010, 'university of arizona'), (2011, 'university of arizona'), (2012, 'university of arizona'), (2013, 'university of arizona'), (2014, 'university of arizona'), (2015, 'university of arizona'), (2016, 'university of arizona'), (2017, 'university of arizona'), (2018, 'university of arizona'), (2019, 'university of arizona'), (2020, 'university of arizona'), (2021, 'university of arizona'))
all_us_institutions_year : ((2004, 'national institute of standards and technology'), (2004, 'university of arizona'), (2006, 'national institute of standards and technology'), (2007, 'university of arizona'), (2008, 'university of arizona'), (2010, 'university of arizona'), (2011, 'university of arizona'), (2012, 'university of arizona'), (2013, 'university of arizona'), (2014, 'university of arizona'), (2015, 'university of arizona'), (2016, 'university of arizona'), (2017, 'university of arizona'), (2018, 'university of arizona'), (2019, 'university of arizona'), (2020, 'university of arizona'), (2021, 'university of arizona'))

0/10 positive, 0/10 negative
Do these records refer to the same thing?
(y)es / (n)o / (u)nsure / (f)inished
firstname : neal
lastname : abraham
middlename : b
year_range : (1990,)
main_us_institutions_year : ((1990, 'bryn mawr college'),)
all_us_institutions_year : ((1990, 'bryn mawr college'),)

firstname : neal
lastname : abraham
middlename : b
year_range : (1984, 1992)
main_us_institutions_year : None
all_us_institutions_year : ((1988, 'bryn mawr college'),)

1/10 positive, 0/10 negative
Do these records refer to the same thing?
(y)es / (n)o / (u)nsure / (f)inished / (p)revious
firstname : michael
lastname : kelley
middlename : c
year_range : (1992,)
main_us_institutions_year : ((1992, 'cornell university'),)
all_us_institutions_year : ((1992, 'cornell university'),)

firstname : michael
lastname : kelley
middlename : p
year_range : (1992, 2020)
main_us_institutions_year : ((1992, 'university of maryland college park'), (2020, 'university of maryland college park'))
all_us_institutions_year : ((1992, 'university of maryland college park'), (2020, 'university of maryland college park'))

2/10 positive, 0/10 negative
Do these records refer to the same thing?
(y)es / (n)o / (u)nsure / (f)inished / (p)revious
firstname : john
lastname : wood
middlename : l
year_range : (2001,)
main_us_institutions_year : ((2001, 'georgia institute of technology'),)
all_us_institutions_year : ((2001, 'georgia institute of technology'),)

firstname : john
lastname : wood
middlename : a
year_range : (1962, 2005)
main_us_institutions_year : ((1962, 'smithsonian astrophysical observatory'), (1965, 'smithsonian astrophysical observatory'), (1967, 'smithsonian astrophysical observatory'), (1970, 'smithsonian astrophysical observatory'), (1971, 'smithsonian astrophysical observatory'), (1972, 'smithsonian astrophysical observatory'), (1973, 'smithsonian astrophysical observatory'), (1977, 'smithsonian astrophysical observatory'), (1977, 'harvard university'), (1980, 'harvard university'), (1982, 'harvard university'), (1983, 'smithsonian astrophysical observatory'), (1984, 'smithsonian astrophysical observatory'), (1984, 'harvard university'), (1985, 'smithsonian astrophysical observatory'), (1987, 'harvard university'), (1989, 'harvard university'), (1991, 'harvard university'), (1993, 'harvard university'), (1994, 'harvard university'), (1996, 'harvard university'), (1997, 'harvard university'), (1998, 'harvard university'), (1999, 'smithsonian astrophysical observatory'), (2000, 'harvard university'), (2001, 'harvard university'), (2002, 'harvard university'), (2003, 'harvard university'), (2004, 'harvard university'), (2005, 'harvard university'))
all_us_institutions_year : ((1962, 'smithsonian astrophysical observatory'), (1965, 'smithsonian astrophysical observatory'), (1967, 'smithsonian astrophysical observatory'), (1970, 'smithsonian astrophysical observatory'), (1971, 'smithsonian astrophysical observatory'), (1972, 'smithsonian astrophysical observatory'), (1973, 'smithsonian astrophysical observatory'), (1977, 'harvard university'), (1977, 'smithsonian astrophysical observatory'), (1980, 'harvard university'), (1982, 'harvard university'), (1983, 'smithsonian astrophysical observatory'), (1984, 'harvard university'), (1984, 'smithsonian astrophysical observatory'), (1985, 'smithsonian astrophysical observatory'), (1987, 'harvard university'), (1989, 'harvard university'), (1991, 'harvard university'), (1993, 'harvard university'), (1994, 'harvard university'), (1996, 'harvard university'), (1997, 'harvard university'), (1998, 'harvard university'), (1999, 'smithsonian astrophysical observatory'), (2000, 'harvard university'), (2001, 'harvard university'), (2002, 'harvard university'), (2003, 'harvard university'), (2004, 'harvard university'), (2005, 'harvard university'))

2/10 positive, 1/10 negative
Do these records refer to the same thing?
(y)es / (n)o / (u)nsure / (f)inished / (p)revious
firstname : michael
lastname : hill
middlename : None
year_range : (2010,)
main_us_institutions_year : ((2010, 'university of north dakota'),)
all_us_institutions_year : ((2010, 'university of north dakota'),)

firstname : michael
lastname : hill
middlename : d
year_range : (1979, 2021)
main_us_institutions_year : None
all_us_institutions_year : ((2008, 'duke university'), (2012, 'allen institute for brain science'), (2013, 'allen institute for brain science'), (2015, 'allen institute for brain science'), (2016, 'allen institute for brain science'), (2017, 'allen institute for brain science'), (2018, 'allen institute for brain science'), (2019, 'allen institute for brain science'), (2020, 'allen institute for brain science'))

2/10 positive, 2/10 negative
Do these records refer to the same thing?
(y)es / (n)o / (u)nsure / (f)inished / (p)revious
firstname : renwei
lastname : mei
middlename : None
year_range : (2013,)
main_us_institutions_year : ((2013, 'university of florida'),)
all_us_institutions_year : ((2013, 'university of florida'),)

firstname : renwei
lastname : mei
middlename : None
year_range : (1995, 1997)
main_us_institutions_year : ((1995, 'university of florida'), (1997, 'university of florida'))
all_us_institutions_year : ((1995, 'university of florida'), (1997, 'university of florida'))

2/10 positive, 3/10 negative
Do these records refer to the same thing?
(y)es / (n)o / (u)nsure / (f)inished / (p)revious
firstname : sengtiong
lastname : ho
middlename : None
year_range : (2016,)
main_us_institutions_year : ((2016, 'northwestern university'),)
all_us_institutions_year : ((2016, 'northwestern university'),)

firstname : sengtiong
lastname : ho
middlename : None
year_range : (1986, 2017)
main_us_institutions_year : ((1986, 'massachusetts institute of technology'), (1987, 'massachusetts institute of technology'), (1988, 'massachusetts institute of technology'), (1991, 'northwestern university'), (1993, 'northwestern university'), (1994, 'northwestern university'), (1995, 'northwestern university'), (1996, 'northwestern university'), (1997, 'northwestern university'), (1998, 'northwestern university'), (1999, 'northwestern university'), (2000, 'northwestern university'), (2001, 'northwestern university'), (2002, 'northwestern university'), (2003, 'northwestern university'), (2004, 'northwestern university'), (2005, 'northwestern university'), (2006, 'northwestern university'), (2007, 'northwestern university'), (2008, 'northwestern university'), (2009, 'northwestern university'), (2010, 'northwestern university'), (2011, 'northwestern university'), (2012, 'northwestern university'), (2015, 'northwestern university'), (2017, 'northwestern university'))
all_us_institutions_year : ((1985, 'massachusetts institute of technology'), (1986, 'massachusetts institute of technology'), (1987, 'massachusetts institute of technology'), (1988, 'massachusetts institute of technology'), (1989, 'massachusetts institute of technology'), (1990, 'massachusetts institute of technology'), (1991, 'northwestern university'), (1993, 'northwestern university'), (1994, 'northwestern university'), (1995, 'northwestern university'), (1996, 'northwestern university'), (1997, 'northwestern university'), (1997, 'university of california san diego'), (1998, 'northwestern university'), (1998, 'university of california san diego'), (1999, 'northwestern university'), (2000, 'northwestern university'), (2001, 'northwestern university'), (2002, 'northwestern university'), (2003, 'northwestern university'), (2004, 'northwestern university'), (2005, 'northwestern university'), (2006, 'northwestern university'), (2007, 'northwestern university'), (2008, 'northwestern university'), (2009, 'northwestern university'), (2010, 'northwestern university'), (2011, 'northwestern university'), (2012, 'northwestern university'), (2015, 'northwestern university'), (2016, 'northwestern university'), (2017, 'northwestern university'))

2/10 positive, 4/10 negative
Do these records refer to the same thing?
(y)es / (n)o / (u)nsure / (f)inished / (p)revious
firstname : paul
lastname : ho
middlename : t p
year_range : (1992,)
main_us_institutions_year : ((1992, 'harvard university'),)
all_us_institutions_year : ((1992, 'harvard university'),)

firstname : paul
lastname : ho
middlename : t p
year_range : (1974, 2021)
main_us_institutions_year : ((1981, 'university of california berkeley'), (1982, 'university of california berkeley'), (1989, 'harvard university'), (1990, 'harvard university'), (1991, 'harvard university'), (1992, 'harvard university'), (1994, 'harvard university'), (1995, 'harvard university'), (1996, 'harvard university'), (1997, 'harvard university'), (1998, 'harvard university'), (1999, 'harvard university'), (2000, 'harvard university'), (2001, 'harvard university'), (2002, 'harvard university'), (2003, 'harvard university'), (2004, 'harvard university'), (2005, 'harvard university'), (2006, 'harvard university'), (2007, 'harvard university'), (2008, 'harvard university'), (2009, 'harvard university'), (2010, 'harvard university'), (2011, 'harvard university'), (2012, 'harvard university'), (2013, 'harvard university'))
all_us_institutions_year : ((1981, 'university of california berkeley'), (1982, 'university of california berkeley'), (1985, 'harvard university'), (1989, 'harvard university'), (1990, 'harvard university'), (1991, 'harvard university'), (1992, 'harvard university'), (1994, 'harvard university'), (1995, 'harvard university'), (1996, 'harvard university'), (1996, 'national science foundation'), (1997, 'harvard university'), (1998, 'harvard university'), (1999, 'harvard university'), (2000, 'harvard university'), (2001, 'harvard university'), (2001, 'smithsonian astrophysical observatory'), (2002, 'harvard university'), (2003, 'harvard university'), (2004, 'harvard university'), (2005, 'cfa institute'), (2005, 'harvard university'), (2006, 'cfa institute'), (2006, 'harvard university'), (2007, 'cfa institute'), (2007, 'harvard university'), (2008, 'cfa institute'), (2008, 'harvard university'), (2008, 'smithsonian astrophysical observatory'), (2009, 'cfa institute'), (2009, 'harvard university'), (2010, 'cfa institute'), (2010, 'harvard university'), (2011, 'harvard university'), (2012, 'harvard university'), (2013, 'cfa institute'), (2013, 'harvard university'), (2014, 'harvard university'), (2014, 'smithsonian institution'), (2015, 'harvard university'), (2016, 'harvard university'), (2017, 'harvard university'))

3/10 positive, 4/10 negative
Do these records refer to the same thing?
(y)es / (n)o / (u)nsure / (f)inished / (p)revious
firstname : kam
lastname : leong
middlename : w
year_range : (2009,)
main_us_institutions_year : ((2009, 'johns hopkins university'),)
all_us_institutions_year : ((2009, 'johns hopkins university'),)

firstname : kam
lastname : leong
middlename : w
year_range : (1982, 2021)
main_us_institutions_year : ((1982, 'university of pennsylvania'), (1983, 'university of pennsylvania'), (1984, 'university of pennsylvania'), (1985, 'massachusetts institute of technology'), (1986, 'massachusetts institute of technology'), (1986, 'harvard university'), (1986, 'johns hopkins university'), (1987, 'johns hopkins university'), (1988, 'johns hopkins university'), (1990, 'massachusetts institute of technology'), (1991, 'johns hopkins university'), (1992, 'johns hopkins university'), (1993, 'johns hopkins university'), (1994, 'johns hopkins university'), (1995, 'johns hopkins university'), (1996, 'johns hopkins university'), (1997, 'johns hopkins university'), (1998, 'johns hopkins university'), (1999, 'johns hopkins university'), (2000, 'johns hopkins university'), (2001, 'johns hopkins university'), (2002, 'johns hopkins university'), (2003, 'johns hopkins university'), (2004, 'johns hopkins university'), (2005, 'johns hopkins university'), (2006, 'duke university'), (2007, 'duke university'), (2008, 'duke university'), (2009, 'duke university'), (2010, 'duke university'), (2011, 'duke university'), (2012, 'duke university'), (2013, 'duke university'), (2014, 'duke university'), (2015, 'columbia university'), (2016, 'columbia university'), (2017, 'columbia university'), (2018, 'columbia university'), (2019, 'columbia university'), (2020, 'columbia university'), (2021, 'columbia university'))
all_us_institutions_year : ((1982, 'university of pennsylvania'), (1983, 'university of pennsylvania'), (1984, 'massachusetts institute of technology'), (1984, 'university of pennsylvania'), (1985, 'massachusetts institute of technology'), (1986, 'harvard university'), (1986, 'johns hopkins university'), (1986, 'massachusetts institute of technology'), (1987, 'johns hopkins university'), (1988, 'johns hopkins university'), (1989, 'johns hopkins university'), (1990, 'johns hopkins university'), (1990, 'johns hopkins university school of medicine'), (1990, 'massachusetts institute of technology'), (1991, 'johns hopkins university'), (1991, 'johns hopkins university school of medicine'), (1991, 'university of california los angeles'), (1992, 'johns hopkins university'), (1992, 'johns hopkins university school of medicine'), (1993, 'johns hopkins university'), (1993, 'johns hopkins university school of medicine'), (1994, 'johns hopkins university'), (1994, 'johns hopkins university school of medicine'), (1995, 'johns hopkins university'), (1995, 'johns hopkins university school of medicine'), (1996, 'johns hopkins university'), (1996, 'johns hopkins university school of medicine'), (1996, 'university of california los angeles'), (1997, 'johns hopkins university'), (1997, 'johns hopkins university school of medicine'), (1998, 'johns hopkins university'), (1998, 'johns hopkins university school of medicine'), (1999, 'johns hopkins university'), (1999, 'johns hopkins university school of medicine'), (2000, 'johns hopkins university'), (2000, 'johns hopkins university school of medicine'), (2001, 'boston scientific'), (2001, 'johns hopkins university'), (2001, 'johns hopkins university school of medicine'), (2002, 'johns hopkins university'), (2002, 'johns hopkins university school of medicine'), (2002, 'university of south florida'), (2003, 'johns hopkins university'), (2003, 'johns hopkins university school of medicine'), (2004, 'johns hopkins university'), (2004, 'johns hopkins university school of medicine'), (2005, 'johns hopkins university'), (2005, 'johns hopkins university school of medicine'), (2006, 'duke university'), (2006, 'johns hopkins university'), (2006, 'johns hopkins university school of medicine'), (2007, 'duke university'), (2007, 'johns hopkins university'), (2007, 'johns hopkins university school of medicine'), (2008, 'duke university'), (2008, 'johns hopkins university'), (2009, 'duke university'), (2010, 'duke university'), (2011, 'duke university'), (2011, 'ohio state university'), (2012, 'duke university'), (2013, 'duke university'), (2014, 'columbia university'), (2014, 'duke university'), (2014, 'johns hopkins university school of medicine'), (2015, 'columbia university'), (2015, 'duke university'), (2016, 'columbia university'), (2016, 'duke university'), (2017, 'columbia university'), (2017, 'columbia university medical center'), (2017, 'duke university'), (2018, 'columbia university'), (2018, 'columbia university medical center'), (2019, 'columbia university'), (2019, 'columbia university medical center'), (2019, 'duke university'), (2020, 'columbia university'), (2020, 'columbia university medical center'), (2021, 'columbia university'), (2021, 'columbia university medical center'))

4/10 positive, 4/10 negative
Do these records refer to the same thing?
(y)es / (n)o / (u)nsure / (f)inished / (p)revious
firstname : eric
lastname : potma
middlename : o
year_range : (2016,)
main_us_institutions_year : ((2016, 'university of california irvine'),)
all_us_institutions_year : ((2016, 'university of california irvine'),)

firstname : eric
lastname : potma
middlename : o
year_range : (1998, 2021)
main_us_institutions_year : ((2002, 'harvard university'), (2003, 'harvard university'), (2004, 'harvard university'), (2005, 'harvard university'), (2006, 'university of california irvine'), (2007, 'university of california irvine'), (2008, 'university of california irvine'), (2009, 'university of california irvine'), (2010, 'university of california irvine'), (2011, 'university of california irvine'), (2012, 'university of california irvine'), (2013, 'university of california irvine'), (2014, 'university of california irvine'), (2015, 'university of california irvine'), (2016, 'university of california irvine'), (2017, 'university of california irvine'), (2018, 'university of california irvine'), (2019, 'university of california irvine'), (2020, 'university of california irvine'), (2021, 'university of california irvine'))
all_us_institutions_year : ((2002, 'harvard university'), (2003, 'harvard university'), (2004, 'harvard university'), (2005, 'harvard university'), (2006, 'harvard university'), (2006, 'university of california irvine'), (2007, 'university of california irvine'), (2008, 'university of california irvine'), (2009, 'university of california'), (2009, 'university of california irvine'), (2010, 'university of california'), (2010, 'university of california irvine'), (2011, 'university of california irvine'), (2012, 'university of california irvine'), (2013, 'university of california irvine'), (2014, 'university of california irvine'), (2015, 'university of california irvine'), (2016, 'university of california irvine'), (2017, 'university of california'), (2017, 'university of california irvine'), (2018, 'university of california irvine'), (2019, 'university of california irvine'), (2020, 'university of california irvine'), (2021, 'university of california irvine'))

5/10 positive, 4/10 negative
Do these records refer to the same thing?
(y)es / (n)o / (u)nsure / (f)inished / (p)revious
firstname : michael
lastname : fitzgerald
middlename : None
year_range : (2020,)
main_us_institutions_year : ((2020, 'university of california los angeles'),)
all_us_institutions_year : ((2020, 'university of california los angeles'),)

firstname : michael
lastname : fitz
middlename : p
year_range : (2006, 2011)
main_us_institutions_year : ((2006, 'university of california los angeles'), (2007, 'university of california los angeles'), (2008, 'university of california los angeles'), (2009, 'university of california los angeles'), (2010, 'university of california los angeles'), (2011, 'university of california los angeles'))
all_us_institutions_year : ((2006, 'university of california los angeles'), (2007, 'university of california los angeles'), (2008, 'university of california los angeles'), (2009, 'university of california los angeles'), (2010, 'university of california los angeles'), (2011, 'university of california los angeles'))

6/10 positive, 4/10 negative
Do these records refer to the same thing?
(y)es / (n)o / (u)nsure / (f)inished / (p)revious
firstname : donald
lastname : ellison
middlename : None
year_range : (2009,)
main_us_institutions_year : ((2009, 'north carolina state university'),)
all_us_institutions_year : ((2009, 'north carolina state university'),)

firstname : donald
lastname : ellis
middlename : e
year_range : (1967, 2020)
main_us_institutions_year : ((1967, 'massachusetts institute of technology'), (1967, 'university of florida'), (1968, 'university of florida'), (1970, 'northwestern university'), (1973, 'northwestern university'), (1974, 'northwestern university'), (1975, 'northwestern university'), (1976, 'northwestern university'), (1977, 'northwestern university'), (1978, 'northwestern university'), (1979, 'northwestern university'), (1980, 'northwestern university'), (1981, 'northwestern university'), (1982, 'northwestern university'), (1983, 'northwestern university'), (1984, 'northwestern university'), (1985, 'northwestern university'), (1986, 'northwestern university'), (1987, 'northwestern university'), (1988, 'northwestern university'), (1989, 'northwestern university'), (1990, 'northwestern university'), (1991, 'northwestern university'), (1992, 'northwestern university'), (1993, 'northwestern university'), (1994, 'northwestern university'), (1995, 'northwestern university'), (1996, 'northwestern university'), (1997, 'northwestern university'), (1998, 'northwestern university'), (1999, 'northwestern university'), (2000, 'northwestern university'), (2001, 'northwestern university'), (2002, 'northwestern university'), (2003, 'northwestern university'), (2004, 'northwestern university'), (2005, 'northwestern university'), (2006, 'northwestern university'), (2007, 'northwestern university'), (2008, 'northwestern university'), (2009, 'northwestern university'), (2011, 'northwestern university'), (2012, 'northwestern university'), (2014, 'northwestern university'), (2015, 'northwestern university'), (2016, 'northwestern university'), (2018, 'northwestern university'), (2020, 'northwestern university'))
all_us_institutions_year : ((1967, 'massachusetts institute of technology'), (1967, 'university of florida'), (1968, 'massachusetts institute of technology'), (1968, 'university of florida'), (1970, 'northwestern university'), (1970, 'university of florida'), (1971, 'northwestern university'), (1973, 'northwestern university'), (1974, 'northwestern university'), (1975, 'northwestern university'), (1976, 'northwestern university'), (1977, 'northwestern university'), (1978, 'northwestern university'), (1979, 'argonne national laboratory'), (1979, 'northwestern university'), (1980, 'northwestern university'), (1981, 'northwestern university'), (1982, 'northwestern university'), (1983, 'northwestern university'), (1984, 'northwestern university'), (1985, 'northwestern university'), (1986, 'northwestern university'), (1987, 'northwestern university'), (1988, 'argonne national laboratory'), (1988, 'northwestern university'), (1989, 'northwestern university'), (1990, 'northwestern university'), (1991, 'northwestern university'), (1992, 'northwestern university'), (1993, 'northwestern university'), (1994, 'northwestern university'), (1995, 'northwestern university'), (1996, 'northwestern university'), (1997, 'northwestern university'), (1998, 'northwestern university'), (1999, 'northwestern university'), (2000, 'northwestern university'), (2001, 'northwestern university'), (2002, 'northwestern university'), (2003, 'northwestern university'), (2004, 'northwestern university'), (2005, 'northwestern university'), (2006, 'northwestern university'), (2007, 'northwestern university'), (2008, 'northwestern university'), (2009, 'northwestern university'), (2009, 'university of florida'), (2011, 'northwestern university'), (2012, 'northwestern university'), (2014, 'northwestern university'), (2015, 'northwestern university'), (2016, 'northwestern university'), (2017, 'northwestern university'), (2018, 'northwestern university'), (2020, 'northwestern university'))

6/10 positive, 5/10 negative
Do these records refer to the same thing?
(y)es / (n)o / (u)nsure / (f)inished / (p)revious
firstname : douglas
lastname : liu
middlename : n c
year_range : (2010,)
main_us_institutions_year : ((2010, 'university of california santa cruz'),)
all_us_institutions_year : ((2010, 'university of california santa cruz'),)

firstname : douglas
lastname : lin
middlename : n c
year_range : (2003, 2021)
main_us_institutions_year : ((2003, 'university of california santa cruz'), (2004, 'university of california santa cruz'), (2005, 'university of california santa cruz'), (2007, 'university of california santa cruz'), (2009, 'university of california santa cruz'), (2011, 'university of california santa cruz'), (2012, 'university of california santa cruz'), (2013, 'university of california santa cruz'), (2014, 'university of california santa cruz'), (2015, 'university of california santa cruz'), (2016, 'university of california santa cruz'), (2017, 'chinese academy of sciences'), (2017, 'university of california santa cruz'), (2018, 'university of california santa cruz'), (2019, 'university of california santa cruz'), (2020, 'university of california santa cruz'))
all_us_institutions_year : ((2003, 'university of california santa cruz'), (2004, 'university of california santa cruz'), (2005, 'university of california santa cruz'), (2007, 'university of california santa cruz'), (2009, 'university of california santa cruz'), (2010, 'university of california santa cruz'), (2011, 'university of california santa cruz'), (2012, 'university of california santa cruz'), (2013, 'university of california santa cruz'), (2014, 'university of california santa cruz'), (2015, 'university of california santa cruz'), (2016, 'university of california santa cruz'), (2017, 'chinese academy of sciences'), (2017, 'university of california santa cruz'), (2018, 'university of california santa cruz'), (2019, 'university of california santa cruz'), (2020, 'university of california santa cruz'))

6/10 positive, 6/10 negative
Do these records refer to the same thing?
(y)es / (n)o / (u)nsure / (f)inished / (p)revious
firstname : donald
lastname : farley
middlename : t
year_range : (1999,)
main_us_institutions_year : ((1999, 'cornell university'),)
all_us_institutions_year : ((1999, 'cornell university'),)

firstname : claire
lastname : farley
middlename : t
year_range : (1993, 1996)
main_us_institutions_year : ((1993, 'harvard university'), (1996, 'harvard university'))
all_us_institutions_year : ((1993, 'harvard university'), (1996, 'harvard university'))

7/10 positive, 6/10 negative
Do these records refer to the same thing?
(y)es / (n)o / (u)nsure / (f)inished / (p)revious
firstname : john
lastname : huchra
middlename : p
year_range : (2007,)
main_us_institutions_year : ((2007, 'harvard university'),)
all_us_institutions_year : ((2007, 'harvard university'),)

firstname : john
lastname : christodouleas
middlename : p
year_range : (2005, 2021)
main_us_institutions_year : ((2005, 'harvard university'), (2006, 'harvard university'), (2007, 'johns hopkins university'), (2008, 'johns hopkins university'), (2009, 'johns hopkins university'), (2010, 'university of pennsylvania'), (2010, 'hospital of the university of pennsylvania'), (2011, 'university of pennsylvania'), (2012, 'university of pennsylvania'), (2013, 'hospital of the university of pennsylvania'), (2014, 'hospital of the university of pennsylvania'), (2015, 'university of pennsylvania'), (2016, 'university of pennsylvania'), (2017, 'university of pennsylvania'), (2018, 'university of pennsylvania'), (2019, 'university of pennsylvania'), (2020, 'university of pennsylvania'), (2021, 'university of pennsylvania'))
all_us_institutions_year : ((2005, 'harvard university'), (2006, 'harvard university'), (2007, 'johns hopkins university'), (2008, 'johns hopkins university'), (2009, 'johns hopkins university'), (2010, 'hospital of the university of pennsylvania'), (2010, 'johns hopkins university'), (2010, 'university of pennsylvania'), (2011, 'hospital of the university of pennsylvania'), (2011, 'university of pennsylvania'), (2012, 'university of pennsylvania'), (2013, 'hospital of the university of pennsylvania'), (2013, 'university of pennsylvania'), (2014, 'hospital of the university of pennsylvania'), (2014, 'university of pennsylvania'), (2015, 'university of pennsylvania'), (2016, 'hospital of the university of pennsylvania'), (2016, 'university of pennsylvania'), (2017, 'hospital of the university of pennsylvania'), (2017, 'university of pennsylvania'), (2018, 'university of pennsylvania'), (2019, 'hospital of the university of pennsylvania'), (2019, 'university of pennsylvania'), (2020, 'hospital of the university of pennsylvania'), (2020, 'university of pennsylvania'), (2021, 'hospital of the university of pennsylvania'), (2021, 'university of pennsylvania'))

7/10 positive, 7/10 negative
Do these records refer to the same thing?
(y)es / (n)o / (u)nsure / (f)inished / (p)revious
firstname : daniel
lastname : weitekamp
middlename : p
year_range : (2003,)
main_us_institutions_year : ((2003, 'california institute of technology'),)
all_us_institutions_year : ((2003, 'california institute of technology'),)

firstname : daniel
lastname : sanders
middlename : p
year_range : (2000, 2020)
main_us_institutions_year : ((2000, 'case western reserve university'), (2001, 'california institute of technology'), (2001, 'case western reserve university'), (2002, 'california institute of technology'), (2003, 'california institute of technology'), (2007, 'ibm'), (2008, 'ibm'), (2009, 'ibm'), (2010, 'ibm'), (2011, 'ibm'), (2012, 'ibm'), (2013, 'ibm'), (2014, 'ibm'), (2015, 'ibm'), (2016, 'ibm'), (2017, 'ibm'), (2020, 'ibm'))
all_us_institutions_year : ((2000, 'case western reserve university'), (2001, 'california institute of technology'), (2001, 'case western reserve university'), (2002, 'california institute of technology'), (2003, 'california institute of technology'), (2005, 'california institute of technology'), (2006, 'ibm'), (2007, 'ibm'), (2008, 'ibm'), (2009, 'ibm'), (2010, 'ibm'), (2011, 'ibm'), (2012, 'ibm'), (2013, 'ibm'), (2014, 'ibm'), (2015, 'ibm'), (2016, 'ibm'), (2017, 'ibm'), (2019, 'ibm'), (2020, 'ibm'), (2021, 'ibm'))

7/10 positive, 8/10 negative
Do these records refer to the same thing?
(y)es / (n)o / (u)nsure / (f)inished / (p)revious
firstname : david
lastname : miller
middlename : l
year_range : (1994,)
main_us_institutions_year : ((1994, 'pennsylvania state university'),)
all_us_institutions_year : ((1994, 'pennsylvania state university'),)

firstname : david
lastname : miller
middlename : howard
year_range : (1978, 1982)
main_us_institutions_year : ((1978, 'stanford university'), (1982, 'stanford university'))
all_us_institutions_year : ((1978, 'stanford university'), (1982, 'stanford university'))

7/10 positive, 9/10 negative
Do these records refer to the same thing?
(y)es / (n)o / (u)nsure / (f)inished / (p)revious
firstname : huan
lastname : huang
middlename : z
year_range : (2003,)
main_us_institutions_year : ((2003, 'university of california los angeles'),)
all_us_institutions_year : ((2003, 'university of california los angeles'),)

firstname : kuanwei
lastname : huang
middlename : None
year_range : (2018, 2020)
main_us_institutions_year : ((2018, 'carnegie mellon university'), (2020, 'carnegie mellon university'))
all_us_institutions_year : ((2018, 'carnegie mellon university'), (2020, 'carnegie mellon university'))

7/10 positive, 10/10 negative
Do these records refer to the same thing?
(y)es / (n)o / (u)nsure / (f)inished / (p)revious
firstname : frank
lastname : lucia
middlename : c de
year_range : (1990,)
main_us_institutions_year : ((1990, 'duke university'),)
all_us_institutions_year : ((1990, 'duke university'),)

firstname : frank
lastname : lucia
middlename : c de
year_range : (1995, 2001)
main_us_institutions_year : ((1996, 'ohio state university'), (1997, 'ohio state university'), (2001, 'ohio state university'))
all_us_institutions_year : ((1996, 'ohio state university'), (1997, 'ohio state university'), (2001, 'ohio state university'))

7/10 positive, 11/10 negative
Do these records refer to the same thing?
(y)es / (n)o / (u)nsure / (f)inished / (p)revious
firstname : gary
lastname : hill
middlename : None
year_range : (2002,)
main_us_institutions_year : ((2002, 'university of texas at austin'),)
all_us_institutions_year : ((2002, 'university of texas at austin'),)

firstname : gary
lastname : hill
middlename : c
year_range : (1997, 2021)
main_us_institutions_year : ((2003, 'university of wisconsin madison'),)
all_us_institutions_year : ((2002, 'university of wisconsin madison'), (2003, 'university of wisconsin madison'))

7/10 positive, 11/10 negative
Do these records refer to the same thing?
(y)es / (n)o / (u)nsure / (f)inished / (p)revious
firstname : joseph
lastname : lykken
middlename : None
year_range : (2006,)
main_us_institutions_year : ((2006, 'university of chicago'),)
all_us_institutions_year : ((2006, 'university of chicago'),)

firstname : joseph
lastname : lykken
middlename : d
year_range : (1988, 1990)
main_us_institutions_year : ((1988, 'santa cruz institute for particle physics'), (1989, 'santa cruz institute for particle physics'), (1990, 'santa cruz institute for particle physics'))
all_us_institutions_year : ((1988, 'santa cruz institute for particle physics'), (1989, 'santa cruz institute for particle physics'), (1990, 'santa cruz institute for particle physics'))

7/10 positive, 11/10 negative
Do these records refer to the same thing?
(y)es / (n)o / (u)nsure / (f)inished / (p)revious
firstname : sridhar
lastname : raghavachari
middlename : None
year_range : (2014,)
main_us_institutions_year : ((2014, 'duke university'),)
all_us_institutions_year : ((2014, 'duke university'),)

firstname : sridhar
lastname : raghavachari
middlename : None
year_range : (2001, 2007)
main_us_institutions_year : ((2001, 'brandeis university'), (2002, 'brandeis university'), (2003, 'brandeis university'), (2004, 'brandeis university'))
all_us_institutions_year : ((2001, 'brandeis university'), (2002, 'brandeis university'), (2003, 'brandeis university'), (2004, 'brandeis university'))

7/10 positive, 12/10 negative
Do these records refer to the same thing?
(y)es / (n)o / (u)nsure / (f)inished / (p)revious
firstname : sengtiong
lastname : ho
middlename : None
year_range : (2013,)
main_us_institutions_year : ((2013, 'northwestern university'),)
all_us_institutions_year : ((2013, 'northwestern university'),)

firstname : seongtiong
lastname : ho
middlename : None
year_range : (2000, 2001)
main_us_institutions_year : ((2000, 'northwestern university'), (2001, 'northwestern university'))
all_us_institutions_year : ((2000, 'northwestern university'), (2001, 'northwestern university'))

7/10 positive, 13/10 negative
Do these records refer to the same thing?
(y)es / (n)o / (u)nsure / (f)inished / (p)revious
firstname : john
lastname : mack
middlename : hunter
year_range : (2019,)
main_us_institutions_year : ((2019, 'university of massachusetts lowell'),)
all_us_institutions_year : ((2019, 'university of massachusetts lowell'),)

firstname : john
lastname : mack
middlename : hunter
year_range : (1970, 2016)
main_us_institutions_year : ((1970, 'university of california berkeley'), (2007, 'university of california berkeley'), (2016, 'university of california berkeley'))
all_us_institutions_year : ((1970, 'university of california berkeley'), (2005, 'university of california berkeley'), (2006, 'university of california berkeley'), (2007, 'university of california berkeley'), (2013, 'university of california berkeley'), (2015, 'university of california berkeley'), (2016, 'university of california berkeley'))

7/10 positive, 14/10 negative
Do these records refer to the same thing?
(y)es / (n)o / (u)nsure / (f)inished / (p)revious
firstname : george
lastname : maracas
middlename : n
year_range : (1992,)
main_us_institutions_year : ((1992, 'arizona state university'),)
all_us_institutions_year : ((1992, 'arizona state university'),)

firstname : george
lastname : maracas
middlename : n
year_range : (1987, 2000)
main_us_institutions_year : ((1991, 'motorola'), (1996, 'motorola'), (1997, 'motorola'), (1998, 'motorola'), (1999, 'motorola'), (2000, 'motorola'))
all_us_institutions_year : ((1991, 'motorola'), (1992, 'motorola'), (1996, 'motorola'), (1997, 'motorola'), (1998, 'motorola'), (1999, 'motorola'), (2000, 'motorola'), (2006, 'motorola'), (2007, 'motorola'))

7/10 positive, 14/10 negative
Do these records refer to the same thing?
(y)es / (n)o / (u)nsure / (f)inished / (p)revious
firstname : michael
lastname : williams
middlename : None
year_range : (2018,)
main_us_institutions_year : ((2018, 'massachusetts institute of technology'),)
all_us_institutions_year : ((2018, 'massachusetts institute of technology'),)

firstname : michael
lastname : williams
middlename : None
year_range : (1991, 2021)
main_us_institutions_year : None
all_us_institutions_year : ((2016, 'massachusetts institute of technology'), (2019, 'massachusetts institute of technology'), (2020, 'massachusetts institute of technology'))

7/10 positive, 15/10 negative
Do these records refer to the same thing?
(y)es / (n)o / (u)nsure / (f)inished / (p)revious
firstname : john
lastname : carstens
middlename : c
year_range : (1989,)
main_us_institutions_year : ((1989, 'missouri university of science and technology'),)
all_us_institutions_year : ((1989, 'missouri university of science and technology'),)

firstname : john
lastname : carstens
middlename : c
year_range : (1970, 1989)
main_us_institutions_year : ((1989, 'the graduate center cuny'),)
all_us_institutions_year : ((1989, 'the graduate center cuny'),)

8/10 positive, 15/10 negative
Do these records refer to the same thing?
(y)es / (n)o / (u)nsure / (f)inished / (p)revious
firstname : john
lastname : smith
middlename : stephen
year_range : (1995,)
main_us_institutions_year : ((1995, 'university of california berkeley'),)
all_us_institutions_year : ((1995, 'university of california berkeley'),)

firstname : john
lastname : smith
middlename : r
year_range : (1969, 2015)
main_us_institutions_year : ((1969, 'glenn research center'), (1984, 'university of michigan'), (1984, 'university of california santa barbara'), (2001, 'delphi automotive'), (2002, 'delphi automotive'), (2003, 'delphi automotive'), (2004, 'delphi automotive'), (2005, 'delphi automotive'), (2006, 'delphi automotive'), (2007, 'university of california santa barbara'), (2009, 'university of michigan'), (2010, 'university of california santa barbara'), (2011, 'university of michigan'), (2015, 'university of michigan'), (2015, 'johns hopkins university'))
all_us_institutions_year : ((1969, 'glenn research center'), (1984, 'university of california santa barbara'), (1984, 'university of michigan'), (1999, 'delphi automotive'), (1999, 'general motors'), (2001, 'delphi automotive'), (2002, 'delphi automotive'), (2003, 'delphi automotive'), (2004, 'delphi automotive'), (2005, 'delphi automotive'), (2006, 'delphi automotive'), (2007, 'university of california santa barbara'), (2008, 'delphi automotive'), (2009, 'university of michigan'), (2010, 'university of california santa barbara'), (2011, 'university of michigan'), (2015, 'johns hopkins university'), (2015, 'university of michigan'))

8/10 positive, 15/10 negative
Do these records refer to the same thing?
(y)es / (n)o / (u)nsure / (f)inished / (p)revious
firstname : yan
lastname : wang
middlename : mei
year_range : (2011,)
main_us_institutions_year : ((2011, 'washington university in st louis'),)
all_us_institutions_year : ((2011, 'washington university in st louis'),)

firstname : yan
lastname : wang
middlename : mei
year_range : (2004, 2006)
main_us_institutions_year : ((2004, 'princeton university'), (2005, 'princeton university'), (2006, 'princeton university'))
all_us_institutions_year : ((2004, 'princeton university'), (2005, 'princeton university'), (2006, 'princeton university'), (2007, 'princeton university'))

8/10 positive, 16/10 negative
Do these records refer to the same thing?
(y)es / (n)o / (u)nsure / (f)inished / (p)revious
firstname : joao
lastname : costa
middlename : guimaraes da
year_range : (2016,)
main_us_institutions_year : ((2016, 'harvard university'),)
all_us_institutions_year : ((2016, 'harvard university'),)

firstname : joao
lastname : costa
middlename : barreiro guimaraes da
year_range : (2001, 2021)
main_us_institutions_year : ((2001, 'harvard university'), (2012, 'duke university'), (2015, 'brookhaven national laboratory'), (2017, 'boston university'), (2017, 'lawrence berkeley national laboratory'), (2017, 'university of pennsylvania'), (2017, 'university of texas at arlington'), (2017, 'slac national accelerator laboratory'), (2020, 'chinese academy of sciences'))
all_us_institutions_year : ((2001, 'harvard university'), (2012, 'duke university'), (2013, 'ohio state university'), (2015, 'brookhaven national laboratory'), (2015, 'harvard university'), (2015, 'lawrence berkeley national laboratory'), (2015, 'southern methodist university'), (2016, 'argonne national laboratory'), (2016, 'boston university'), (2016, 'fermilab'), (2016, 'lawrence berkeley national laboratory'), (2016, 'slac national accelerator laboratory'), (2017, 'boston university'), (2017, 'lawrence berkeley national laboratory'), (2017, 'slac national accelerator laboratory'), (2017, 'university of pennsylvania'), (2017, 'university of texas at arlington'), (2018, 'university of pennsylvania'), (2019, 'brandeis university'), (2019, 'university of pennsylvania'), (2020, 'chinese academy of sciences'), (2020, 'slac national accelerator laboratory'), (2020, 'university of chicago'), (2021, 'new york university'), (2021, 'slac national accelerator laboratory'))

8/10 positive, 17/10 negative
Do these records refer to the same thing?
(y)es / (n)o / (u)nsure / (f)inished / (p)revious
firstname : andrew
lastname : cornelius
middlename : None
year_range : (2009,)
main_us_institutions_year : ((2009, 'university of nevada las vegas'),)
all_us_institutions_year : ((2009, 'university of nevada las vegas'),)

firstname : andrew
lastname : cornelius
middlename : None
year_range : (2008, 2013)
main_us_institutions_year : ((2012, 'university of nevada reno'),)
all_us_institutions_year : ((2012, 'university of nevada reno'),)

9/10 positive, 17/10 negative
Do these records refer to the same thing?
(y)es / (n)o / (u)nsure / (f)inished / (p)revious
firstname : francis
lastname : yu
middlename : t s
year_range : (1990,)
main_us_institutions_year : ((1990, 'pennsylvania state university'),)
all_us_institutions_year : ((1990, 'pennsylvania state university'),)

firstname : francis
lastname : yu
middlename : t s
year_range : (1968, 1980)
main_us_institutions_year : ((1968, 'wayne state university'), (1969, 'wayne state university'), (1971, 'wayne state university'), (1972, 'wayne state university'), (1973, 'wayne state university'), (1976, 'wayne state university'), (1977, 'wayne state university'), (1978, 'wayne state university'), (1979, 'wayne state university'), (1980, 'wayne state university'))
all_us_institutions_year : ((1968, 'wayne state university'), (1969, 'wayne state university'), (1971, 'wayne state university'), (1972, 'wayne state university'), (1973, 'wayne state university'), (1976, 'wayne state university'), (1977, 'wayne state university'), (1978, 'wayne state university'), (1979, 'wayne state university'), (1980, 'wayne state university'))

10/10 positive, 17/10 negative
Do these records refer to the same thing?
(y)es / (n)o / (u)nsure / (f)inished / (p)revious
firstname : imke
lastname : pater
middlename : de
year_range : (1995,)
main_us_institutions_year : ((1995, 'university of california berkeley'),)
all_us_institutions_year : ((1995, 'university of california berkeley'),)

firstname : imke
lastname : pater
middlename : de
year_range : (1982, 1984)
main_us_institutions_year : ((1982, 'university of arizona'), (1984, 'university of arizona'))
all_us_institutions_year : ((1982, 'university of arizona'), (1984, 'university of arizona'))

10/10 positive, 18/10 negative
Do these records refer to the same thing?
(y)es / (n)o / (u)nsure / (f)inished / (p)revious
firstname : william
lastname : rhodes
middlename : clifford
year_range : (1989,)
main_us_institutions_year : ((1989, 'florida state university'),)
all_us_institutions_year : ((1989, 'florida state university'),)

firstname : william
lastname : rhodes
middlename : t
year_range : (2006, 2018)
main_us_institutions_year : ((2006, 'florida atlantic university'), (2007, 'florida atlantic university'), (2008, 'florida atlantic university'), (2009, 'florida atlantic university'), (2010, 'florida atlantic university'), (2011, 'florida atlantic university'), (2012, 'florida atlantic university'), (2013, 'florida atlantic university'), (2015, 'florida atlantic university'), (2016, 'florida atlantic university'), (2018, 'florida atlantic university'))
all_us_institutions_year : ((2005, 'florida atlantic university'), (2006, 'florida atlantic university'), (2007, 'florida atlantic university'), (2008, 'florida atlantic university'), (2009, 'florida atlantic university'), (2010, 'florida atlantic university'), (2011, 'florida atlantic university'), (2012, 'florida atlantic university'), (2013, 'florida atlantic university'), (2015, 'florida atlantic university'), (2016, 'florida atlantic university'), (2017, 'florida atlantic university'), (2018, 'florida atlantic university'))

10/10 positive, 19/10 negative
Do these records refer to the same thing?
(y)es / (n)o / (u)nsure / (f)inished / (p)revious
firstname : pieter
lastname : dokkum
middlename : van
year_range : (2017,)
main_us_institutions_year : ((2017, 'yale university'),)
all_us_institutions_year : ((2017, 'yale university'),)

firstname : pieter
lastname : dokkum
middlename : g van
year_range : (1999, 2021)
main_us_institutions_year : ((2003, 'yale university'), (2004, 'yale university'), (2005, 'yale university'), (2006, 'yale university'), (2007, 'yale university'), (2008, 'yale university'), (2009, 'yale university'), (2010, 'yale university'), (2011, 'yale university'), (2012, 'yale university'), (2013, 'yale university'), (2014, 'yale university'), (2015, 'yale university'), (2016, 'yale university'), (2017, 'yale university'), (2018, 'yale university'), (2019, 'yale university'), (2020, 'yale university'))
all_us_institutions_year : ((2003, 'california institute of technology'), (2003, 'yale university'), (2004, 'california institute of technology'), (2004, 'yale university'), (2005, 'yale university'), (2006, 'california institute of technology'), (2006, 'yale university'), (2007, 'california institute of technology'), (2007, 'yale university'), (2008, 'yale university'), (2009, 'association of universities for research in astronomy'), (2009, 'yale university'), (2010, 'association of universities for research in astronomy'), (2010, 'yale university'), (2011, 'association of universities for research in astronomy'), (2011, 'national science foundation'), (2011, 'yale university'), (2012, 'yale university'), (2013, 'yale university'), (2014, 'yale university'), (2015, 'yale university'), (2016, 'yale university'), (2017, 'yale university'), (2018, 'yale university'), (2019, 'yale university'), (2020, 'yale university'))

10/10 positive, 20/10 negative
Do these records refer to the same thing?
(y)es / (n)o / (u)nsure / (f)inished / (p)revious
firstname : gabriel
lastname : gann
middlename : orebi
year_range : (2019,)
main_us_institutions_year : ((2019, 'university of california berkeley'),)
all_us_institutions_year : ((2019, 'university of california berkeley'),)

firstname : gabriel
lastname : gann
middlename : d orebi
year_range : (2016, 2019)
main_us_institutions_year : ((2018, 'lawrence berkeley national laboratory'), (2018, 'university of california berkeley'), (2019, 'lawrence berkeley national laboratory'), (2019, 'university of california berkeley'))
all_us_institutions_year : ((2018, 'lawrence berkeley national laboratory'), (2018, 'university of california berkeley'), (2019, 'lawrence berkeley national laboratory'), (2019, 'university of california berkeley'), (2020, 'lawrence berkeley national laboratory'), (2020, 'university of california berkeley'))

11/10 positive, 20/10 negative
Do these records refer to the same thing?
(y)es / (n)o / (u)nsure / (f)inished / (p)revious
firstname : leopold
lastname : zayas
middlename : a pando
year_range : (2012,)
main_us_institutions_year : ((2012, 'university of michigan'),)
all_us_institutions_year : ((2012, 'university of michigan'),)

firstname : leopoldo
lastname : zayas
middlename : a pando
year_range : (1997, 2021)
main_us_institutions_year : ((2000, 'university of michigan'), (2001, 'university of michigan'), (2002, 'university of michigan'), (2002, 'institute for advanced study'), (2003, 'university of michigan'), (2004, 'university of michigan'), (2005, 'university of michigan'), (2006, 'university of michigan'), (2007, 'university of michigan'), (2008, 'university of michigan'), (2009, 'university of michigan'), (2010, 'university of michigan'), (2011, 'university of michigan'), (2012, 'university of michigan'), (2013, 'university of michigan'), (2014, 'university of michigan'), (2015, 'university of michigan'), (2017, 'university of michigan'), (2019, 'university of michigan'), (2020, 'university of michigan'), (2021, 'university of michigan'))
all_us_institutions_year : ((2000, 'university of michigan'), (2001, 'university of michigan'), (2002, 'institute for advanced study'), (2002, 'university of michigan'), (2003, 'institute for advanced study'), (2003, 'university of michigan'), (2004, 'university of michigan'), (2005, 'university of michigan'), (2006, 'university of michigan'), (2007, 'university of michigan'), (2008, 'university of michigan'), (2009, 'university of michigan'), (2010, 'university of michigan'), (2011, 'university of michigan'), (2012, 'university of michigan'), (2013, 'university of michigan'), (2014, 'university of michigan'), (2015, 'university of michigan'), (2016, 'university of michigan'), (2017, 'university of michigan'), (2018, 'university of michigan'), (2019, 'university of michigan'), (2020, 'university of michigan'), (2021, 'university of michigan'))

12/10 positive, 20/10 negative
Do these records refer to the same thing?
(y)es / (n)o / (u)nsure / (f)inished / (p)revious
firstname : herschel
lastname : rabitz
middlename : a
year_range : (2015,)
main_us_institutions_year : ((2015, 'princeton university'),)
all_us_institutions_year : ((2015, 'princeton university'),)

firstname : hersch
lastname : rabitz
middlename : None
year_range : (2001, 2013)
main_us_institutions_year : ((2001, 'princeton university'), (2002, 'princeton university'), (2012, 'princeton university'), (2013, 'princeton university'))
all_us_institutions_year : ((2001, 'princeton university'), (2002, 'princeton university'), (2012, 'princeton university'), (2013, 'princeton university'))

13/10 positive, 20/10 negative
Do these records refer to the same thing?
(y)es / (n)o / (u)nsure / (f)inished / (p)revious
firstname : christopher
lastname : jones
middlename : k r t
year_range : (2003,)
main_us_institutions_year : ((2003, 'brown university'),)
all_us_institutions_year : ((2003, 'brown university'),)

firstname : christopher
lastname : jones
middlename : e
year_range : (1995, 2021)
main_us_institutions_year : None
all_us_institutions_year : ((2019, 'fermilab'), (2020, 'fermilab'))

14/10 positive, 20/10 negative
Do these records refer to the same thing?
(y)es / (n)o / (u)nsure / (f)inished / (p)revious
firstname : xinchou
lastname : lou
middlename : None
year_range : (2012,)
main_us_institutions_year : ((2012, 'university of texas at dallas'),)
all_us_institutions_year : ((2012, 'university of texas at dallas'),)

firstname : xin
lastname : lou
middlename : None
year_range : (2009, 2021)
main_us_institutions_year : None
all_us_institutions_year : ((2015, 'university of california'), (2015, 'university of california los angeles'), (2017, 'university of california los angeles'))

14/10 positive, 21/10 negative
Do these records refer to the same thing?
(y)es / (n)o / (u)nsure / (f)inished / (p)revious
firstname : min
lastname : lee
middlename : hwan
year_range : (2020,)
main_us_institutions_year : ((2020, 'university of california merced'),)
all_us_institutions_year : ((2020, 'university of california merced'),)

firstname : minhan
lastname : lee
middlename : None
year_range : (2019, 2021)
main_us_institutions_year : ((2019, 'university of california san diego'), (2021, 'university of california san diego'))
all_us_institutions_year : ((2019, 'university of california san diego'), (2021, 'university of california san diego'))

14/10 positive, 22/10 negative
Do these records refer to the same thing?
(y)es / (n)o / (u)nsure / (f)inished / (p)revious
firstname : michal
lastname : lipson
middlename : None
year_range : (2018,)
main_us_institutions_year : ((2018, 'cornell university'),)
all_us_institutions_year : ((2018, 'cornell university'),)

firstname : michael
lastname : lipson
middlename : None
year_range : (2008, 2014)
main_us_institutions_year : ((2008, 'cornell university'), (2014, 'cornell university'))
all_us_institutions_year : ((2008, 'cornell university'), (2010, 'cornell university'), (2014, 'cornell university'))

14/10 positive, 22/10 negative
Do these records refer to the same thing?
(y)es / (n)o / (u)nsure / (f)inished / (p)revious
firstname : jeff
lastname : kuhn
middlename : None
year_range : (2008,)
main_us_institutions_year : ((2008, 'university of hawaii at manoa'),)
all_us_institutions_year : ((2008, 'university of hawaii at manoa'),)

firstname : jeffrey
lastname : kuhn
middlename : r
year_range : (2016, 2017)
main_us_institutions_year : ((2016, 'university of hawaii'), (2017, 'university of hawaii'))
all_us_institutions_year : ((2016, 'university of hawaii'), (2017, 'university of hawaii'))

15/10 positive, 22/10 negative
Do these records refer to the same thing?
(y)es / (n)o / (u)nsure / (f)inished / (p)revious
firstname : ting
lastname : yu
middlename : None
year_range : (2017,)
main_us_institutions_year : ((2017, 'stevens institute of technology'),)
all_us_institutions_year : ((2017, 'stevens institute of technology'),)

firstname : jin
lastname : yu
middlename : None
year_range : (1988, 2021)
main_us_institutions_year : ((2000, 'university of kentucky'), (2001, 'university of kentucky'), (2003, 'stevens institute of technology'), (2004, 'stevens institute of technology'), (2006, 'stevens institute of technology'), (2007, 'medical university of south carolina'), (2008, 'medical university of south carolina'), (2010, 'university of california berkeley'), (2011, 'baylor college of medicine'), (2011, 'medical university of south carolina'), (2012, 'medical university of south carolina'), (2013, 'baylor college of medicine'), (2013, 'medical university of south carolina'), (2019, 'duke university'))
all_us_institutions_year : ((1998, 'university of kentucky'), (2000, 'university of kentucky'), (2000, 'veterans health administration'), (2000, 'wayne state university'), (2001, 'university of kentucky'), (2002, 'university of kentucky'), (2002, 'university of mississippi'), (2003, 'medical university of south carolina'), (2003, 'stevens institute of technology'), (2003, 'university of kentucky'), (2004, 'medical university of south carolina'), (2004, 'stevens institute of technology'), (2004, 'university of illinois at urbana champaign'), (2005, 'medical university of south carolina'), (2005, 'stevens institute of technology'), (2006, 'medical university of south carolina'), (2006, 'new york blood center'), (2006, 'stevens institute of technology'), (2006, 'university of illinois at urbana champaign'), (2007, 'medical university of south carolina'), (2007, 'new york blood center'), (2007, 'university of illinois at urbana champaign'), (2008, 'medical university of south carolina'), (2009, 'medical university of south carolina'), (2009, 'new york blood center'), (2010, 'medical university of south carolina'), (2010, 'university of california berkeley'), (2011, 'baylor college of medicine'), (2011, 'medical university of south carolina'), (2011, 'university of california berkeley'), (2012, 'baylor college of medicine'), (2012, 'medical university of south carolina'), (2012, 'university of california berkeley'), (2013, 'baylor college of medicine'), (2013, 'medical university of south carolina'), (2014, 'medical university of south carolina'), (2015, 'baylor college of medicine'), (2015, 'massachusetts institute of technology'), (2015, 'medical university of south carolina'), (2015, 'north shore lij health system'), (2016, 'medical university of south carolina'), (2016, 'the feinstein institute for medical research'), (2017, 'duke university'), (2017, 'medical university of south carolina'), (2017, 'north shore lij health system'), (2017, 'the feinstein institute for medical research'), (2018, 'north shore lij health system'), (2019, 'duke university'), (2019, 'the feinstein institute for medical research'), (2020, 'baylor college of medicine'), (2020, 'the feinstein institute for medical research'), (2020, 'university of california berkeley'), (2020, 'university of california irvine'), (2021, 'the feinstein institute for medical research'))

15/10 positive, 23/10 negative
Do these records refer to the same thing?
(y)es / (n)o / (u)nsure / (f)inished / (p)revious
Finished labeling
Done in 1206.2477760314941 minutes.
