Namespace(testing=False, verbose=1, field=['mathematics'], train_name='christoph0723_degree0', startyear=1990, endyear=2015, loadstartyear=1990, loadendyear=2015, mergemode='m:1', recall=0.9, institution='True', fieldofstudy_cat='False', fieldofstudy_str='False', keywords='False', retrain='True', linking_type='advisors', samplesize=100000, write_to='database')
Have max 12 cores available
Testing is False 

I set the write connection to the main database.
id_field is [33923547] and will be passed to sql queries.
finished setup ... 
Time elapsed: 0.0004292130470275879 minutes 


        SELECT relationship_id
                , year
                , year AS year_range
                , firstname 
                , lastname
                , CASE TRIM(SUBSTR(middle_lastname, 1, l_fullname-l_firstname-l_lastname - 1)) 
                    WHEN 
                        "" THEN NULL 
                        ELSE TRIM(SUBSTR(middle_lastname, 1, l_fullname-l_firstname-l_lastname - 1)) 
                    END AS middlename
                , fieldofstudy
                , keywords
                , institution
                , year || "//" || institution as main_us_institutions_year
                , year || "//" || institution as all_us_institutions_year
        FROM (
            SELECT goid
                , relationship_id
                , degree_year AS year 
                , a.fullname 
                , SUBSTR(TRIM(a.fullname),1,instr(trim(a.fullname)||' ',' ')-1) AS firstname
                , REPLACE(a.fullname, RTRIM(a.fullname, REPLACE(a.fullname, " ", "")), "") AS lastname 
                , TRIM(SUBSTR(a.fullname, length(SUBSTR(TRIM(a.fullname),1,instr(trim(a.fullname)||' ',' ')-1)) + 1)) AS middle_lastname 
                , length(a.fullname) AS l_fullname 
                , length(SUBSTR(TRIM(a.fullname),1,instr(trim(a.fullname)||' ',' ')-1) ) AS l_firstname
                , length(REPLACE(a.fullname, RTRIM(a.fullname, REPLACE(a.fullname, " ", "")), "")) AS l_lastname
                , fieldname AS fieldofstudy
                , university_id
            FROM pq_authors 
            INNER JOIN (
                SELECT goid, fieldname 
                FROM pq_fields_mag
                WHERE mag_field0 IN (?)
            ) USING (goid)
            INNER JOIN ( --# NOTE: this only keeps the theses where at least one advisor is present
                SELECT *, firstname || ' ' || lastname AS fullname
                FROM pq_advisors
            ) AS a USING(goid)
        )
        -- ## NOTE: use left join here as not all graduates have advisor (particularly pre-1980) and possibly also keywords
        LEFT JOIN (
            SELECT goid
                , fields as keywords
            FROM pq_info_linking
        ) USING(goid) 
        INNER JOIN (
            SELECT university_id, normalizedname as institution
            FROM pq_unis --## mark: previously we linked advisors anywhere in the world (as career outcomes). for now, focus on US
            WHERE location like "%United States%"
        ) USING(university_id)
        WHERE year >= 1990 and year <= 2015
         


    SELECT f.AuthorId
        , f.year
        , f.YearLastPub
        , f.firstname
        , f.lastname
        , CASE TRIM(SUBSTR(f.middle_lastname, 1, f.l_fullname - f.l_firstname - f.l_lastname - 1)) 
            WHEN 
                "" THEN NULL 
                ELSE TRIM(SUBSTR(f.middle_lastname, 1, f.l_fullname - f.l_firstname - f.l_lastname - 1)) 
            END as middlename 
            -- ## NOTE this gives "" for middlename when it is missing 
        , f.fieldofstudy
        , g.keywords
        , g.coauthors
        , g.institution
        , g.main_us_institutions_year
         
        , f.year || ";" || f.YearLastPub AS year_range 
        , g.all_us_institutions_year
    
    FROM (
        SELECT a.AuthorId
            , a.YearFirstPub AS year
            , a.YearLastPub 
            , a.FirstName AS firstname
            , REPLACE(b.NormalizedName, RTRIM(b.NormalizedName, REPLACE(b.NormalizedName, " ", "")), "") AS lastname 
                    -- https://stackoverflow.com/questions/21388820/how-to-get-the-last-index-of-a-substring-in-sqlite
            , TRIM(SUBSTR(b.NormalizedName, length(a.FirstName) + 1)) AS middle_lastname 
                    -- this gives all except the first name 
            , length(b.NormalizedName) as l_fullname 
            , length(a.FirstName) as l_firstname
            , length(REPLACE(b.NormalizedName, RTRIM(b.NormalizedName, REPLACE(b.NormalizedName, " ", "")), "")) as l_lastname
            , e.NormalizedName AS fieldofstudy
        FROM author_sample AS a
        INNER JOIN (
            SELECT AuthorId, NormalizedName
            FROM Authors
        ) AS b USING(AuthorId)
        INNER JOIN (
            SELECT AuthorId
            FROM author_field0
            WHERE FieldOfStudyId_lvl0 IN (?)
                AND Degree <= 0
        ) USING(AuthorId)
        LEFT JOIN (
            SELECT AuthorId, NormalizedName
            FROM author_fields c
            INNER JOIN (
                SELECT FieldOfStudyId, NormalizedName
                FROM FieldsOfStudy
            ) AS d USING(FieldOfStudyId)
            -- ## Condition on fieldofstudy being in the level 0 id_field
            INNER JOIN (
                SELECT ParentFieldOfStudyId, ChildFieldOfStudyId
                FROM crosswalk_fields
                WHERE ParentLevel = 0
                    AND ParentFieldOfStudyId IN (?)
            ) AS e ON (e.ChildFieldOfStudyId = c.FieldOfStudyId)
            WHERE FieldClass = 'first'
        ) AS e USING(AuthorId)
    ) f
    LEFT JOIN (
        SELECT AuthorId
                , main_us_institutions_career as institution
                , coauthors
                , keywords
                , main_us_institutions_year
                , all_us_institutions_year
        FROM author_info_linking
    ) AS g USING(AuthorId)
    
    WHERE f.YearLastPub  >= 1990 - 5 AND year <= 2015 + 5 AND institution is not NULL
     

Time elapsed: 133.37553975184758 minutes 

Starting active labeling...
firstname : russell
lastname : brown
middlename : m
year_range : (1997,)
main_us_institutions_year : ((1997, 'university of kentucky'),)
all_us_institutions_year : ((1997, 'university of kentucky'),)

firstname : russell
lastname : brown
middlename : w
year_range : (1995, 2021)
main_us_institutions_year : ((1995, 'university of kentucky'), (1996, 'university of kentucky'), (1997, 'university of kentucky'), (2002, 'east tennessee state university'), (2004, 'east tennessee state university'), (2005, 'east tennessee state university'), (2006, 'east tennessee state university'), (2007, 'east tennessee state university'), (2008, 'east tennessee state university'), (2009, 'east tennessee state university'), (2010, 'east tennessee state university'), (2011, 'east tennessee state university'), (2012, 'east tennessee state university'), (2013, 'east tennessee state university'), (2014, 'east tennessee state university'), (2015, 'east tennessee state university'), (2016, 'east tennessee state university'), (2017, 'east tennessee state university'), (2018, 'east tennessee state university james h quillen college of medicine'), (2019, 'east tennessee state university james h quillen college of medicine'), (2019, 'east tennessee state university'), (2020, 'east tennessee state university james h quillen college of medicine'), (2021, 'east tennessee state university james h quillen college of medicine'))
all_us_institutions_year : ((1995, 'university of kentucky'), (1996, 'university of kentucky'), (1997, 'university of kentucky'), (2002, 'east tennessee state university'), (2002, 'university of kentucky'), (2004, 'east tennessee state university'), (2005, 'east tennessee state university'), (2006, 'east tennessee state university'), (2007, 'east tennessee state university'), (2008, 'east tennessee state university'), (2009, 'east tennessee state university'), (2010, 'east tennessee state university'), (2011, 'east tennessee state university'), (2012, 'east tennessee state university'), (2013, 'east tennessee state university'), (2014, 'east tennessee state university'), (2014, 'florida state university college of arts and sciences'), (2015, 'east tennessee state university'), (2015, 'east tennessee state university james h quillen college of medicine'), (2016, 'east tennessee state university'), (2017, 'east tennessee state university'), (2017, 'east tennessee state university james h quillen college of medicine'), (2018, 'east tennessee state university james h quillen college of medicine'), (2019, 'east tennessee state university'), (2019, 'east tennessee state university james h quillen college of medicine'), (2020, 'east tennessee state university james h quillen college of medicine'), (2021, 'east tennessee state university james h quillen college of medicine'))

0/10 positive, 0/10 negative
Do these records refer to the same thing?
(y)es / (n)o / (u)nsure / (f)inished
firstname : wim
lastname : vijverberg
middlename : pm
year_range : (2009,)
main_us_institutions_year : ((2009, 'university of texas at dallas'),)
all_us_institutions_year : ((2009, 'university of texas at dallas'),)

firstname : wim
lastname : vijverberg
middlename : p m
year_range : (1980, 2021)
main_us_institutions_year : ((1980, 'university of pittsburgh'), (1991, 'university of texas at dallas'), (1993, 'university of texas at dallas'), (1994, 'university of texas at dallas'), (1994, 'east carolina university'), (1995, 'university of texas at dallas'), (1996, 'university of texas at dallas'), (1997, 'university of texas at dallas'), (2000, 'university of texas at dallas'), (2003, 'university of texas at dallas'), (2005, 'university of texas at dallas'), (2007, 'university of texas at dallas'), (2008, 'university of texas at dallas'), (2009, 'university of texas at dallas'), (2010, 'the graduate center cuny'), (2010, 'university of texas at dallas'), (2011, 'city university of new york'), (2016, 'the graduate center cuny'), (2018, 'city university of new york'), (2021, 'the graduate center cuny'))
all_us_institutions_year : ((1980, 'university of pittsburgh'), (1991, 'university of texas at dallas'), (1992, 'university of texas at dallas'), (1993, 'university of texas at dallas'), (1994, 'east carolina university'), (1994, 'university of texas at dallas'), (1995, 'university of texas at dallas'), (1996, 'university of texas at dallas'), (1997, 'university of texas at dallas'), (1999, 'university of texas at dallas'), (2000, 'the graduate center cuny'), (2000, 'university of texas at dallas'), (2001, 'the graduate center cuny'), (2002, 'the graduate center cuny'), (2003, 'university of texas at dallas'), (2004, 'the graduate center cuny'), (2004, 'university of texas at dallas'), (2005, 'the graduate center cuny'), (2005, 'university of texas at dallas'), (2007, 'university of texas at dallas'), (2008, 'university of texas at dallas'), (2009, 'university of texas at dallas'), (2010, 'the graduate center cuny'), (2010, 'university of texas at dallas'), (2011, 'city university of new york'), (2011, 'the graduate center cuny'), (2012, 'the graduate center cuny'), (2015, 'the graduate center cuny'), (2016, 'the graduate center cuny'), (2018, 'city university of new york'), (2021, 'the graduate center cuny'))

1/10 positive, 0/10 negative
Do these records refer to the same thing?
(y)es / (n)o / (u)nsure / (f)inished / (p)revious
firstname : chiu
lastname : chan
middlename : yeung
year_range : (1995,)
main_us_institutions_year : ((1995, 'university of southwestern louisiana'),)
all_us_institutions_year : ((1995, 'university of southwestern louisiana'),)

firstname : chi
lastname : chan
middlename : chiu
year_range : (1998, 2021)
main_us_institutions_year : None
all_us_institutions_year : ((2004, 'eli lilly and company'), (2006, 'eli lilly and company'), (2020, 'university of louisville'))

2/10 positive, 0/10 negative
Do these records refer to the same thing?
(y)es / (n)o / (u)nsure / (f)inished / (p)revious
firstname : john
lastname : rice
middlename : r
year_range : (1993,)
main_us_institutions_year : ((1993, 'purdue university'),)
all_us_institutions_year : ((1993, 'purdue university'),)

firstname : john
lastname : rice
middlename : p
year_range : (1982, 2021)
main_us_institutions_year : ((1982, 'washington university in st louis'), (1993, 'washington university in st louis'), (1998, 'washington university in st louis'), (2000, 'washington university in st louis'), (2001, 'washington university in st louis'), (2004, 'washington university in st louis'), (2008, 'washington university in st louis'), (2009, 'washington university in st louis'), (2010, 'washington university in st louis'), (2011, 'washington university in st louis'), (2012, 'washington university in st louis'), (2013, 'washington university in st louis'), (2014, 'washington university in st louis'), (2015, 'washington university in st louis'), (2016, 'washington university in st louis'), (2017, 'washington university in st louis'), (2018, 'washington university in st louis'), (2019, 'washington university in st louis'), (2020, 'washington university in st louis'), (2021, 'washington university in st louis'))
all_us_institutions_year : ((1982, 'washington university in st louis'), (1993, 'washington university in st louis'), (1998, 'washington university in st louis'), (2000, 'washington university in st louis'), (2001, 'washington university in st louis'), (2004, 'washington university in st louis'), (2008, 'washington university in st louis'), (2009, 'washington university in st louis'), (2010, 'washington university in st louis'), (2011, 'washington university in st louis'), (2012, 'washington university in st louis'), (2013, 'washington university in st louis'), (2014, 'washington university in st louis'), (2015, 'washington university in st louis'), (2016, 'washington university in st louis'), (2017, 'washington university in st louis'), (2018, 'washington university in st louis'), (2019, 'washington university in st louis'), (2020, 'washington university in st louis'), (2021, 'washington university in st louis'))

2/10 positive, 1/10 negative
Do these records refer to the same thing?
(y)es / (n)o / (u)nsure / (f)inished / (p)revious
firstname : jason
lastname : cong
middlename : None
year_range : (1995,)
main_us_institutions_year : ((1995, 'university of california los angeles'),)
all_us_institutions_year : ((1995, 'university of california los angeles'),)

firstname : jason
lastname : cong
middlename : None
year_range : (1988, 2021)
main_us_institutions_year : ((1988, 'university of illinois at urbana champaign'), (1989, 'university of illinois at urbana champaign'), (1990, 'university of illinois at urbana champaign'), (1991, 'university of california los angeles'), (1992, 'university of california los angeles'), (1993, 'university of california los angeles'), (1994, 'university of california los angeles'), (1995, 'university of california los angeles'), (1996, 'university of california los angeles'), (1997, 'university of california los angeles'), (1998, 'university of california los angeles'), (1999, 'university of california los angeles'), (2000, 'university of california los angeles'), (2001, 'university of california los angeles'), (2002, 'university of california los angeles'), (2003, 'university of california los angeles'), (2004, 'university of california los angeles'), (2005, 'university of california los angeles'), (2006, 'university of california los angeles'), (2007, 'university of california los angeles'), (2008, 'university of california los angeles'), (2009, 'university of california los angeles'), (2010, 'university of california los angeles'), (2011, 'university of california los angeles'), (2012, 'university of california los angeles'), (2013, 'university of california los angeles'), (2014, 'university of california los angeles'), (2015, 'university of california los angeles'), (2016, 'university of california los angeles'), (2017, 'university of california los angeles'), (2018, 'university of california los angeles'), (2019, 'university of california los angeles'), (2020, 'university of california los angeles'), (2021, 'university of california los angeles'))
all_us_institutions_year : ((1988, 'university of illinois at urbana champaign'), (1989, 'university of illinois at urbana champaign'), (1990, 'university of illinois at urbana champaign'), (1991, 'university of california los angeles'), (1992, 'university of california los angeles'), (1993, 'university of california los angeles'), (1994, 'university of california los angeles'), (1995, 'university of california los angeles'), (1996, 'university of california los angeles'), (1997, 'university of california los angeles'), (1997, 'university of southern california'), (1998, 'university of california berkeley'), (1998, 'university of california los angeles'), (1999, 'california state university los angeles'), (1999, 'university of california los angeles'), (2000, 'university of california los angeles'), (2001, 'university of california los angeles'), (2002, 'university of california los angeles'), (2003, 'university of california los angeles'), (2004, 'university of california'), (2004, 'university of california los angeles'), (2005, 'university of california los angeles'), (2006, 'university of california los angeles'), (2007, 'university of california los angeles'), (2008, 'university of california berkeley'), (2008, 'university of california los angeles'), (2009, 'university of california'), (2009, 'university of california berkeley'), (2009, 'university of california los angeles'), (2010, 'california nanosystems institute'), (2010, 'university of california'), (2010, 'university of california los angeles'), (2010, 'xilinx'), (2011, 'university of california'), (2011, 'university of california los angeles'), (2012, 'university of california'), (2012, 'university of california los angeles'), (2013, 'university of california berkeley'), (2013, 'university of california los angeles'), (2014, 'university of california'), (2014, 'university of california los angeles'), (2015, 'university of california los angeles'), (2016, 'university of california'), (2016, 'university of california los angeles'), (2017, 'university of california'), (2017, 'university of california los angeles'), (2018, 'university of california'), (2018, 'university of california los angeles'), (2019, 'university of california los angeles'), (2020, 'university of california'), (2020, 'university of california los angeles'), (2021, 'university of california los angeles'))

2/10 positive, 2/10 negative
Do these records refer to the same thing?
(y)es / (n)o / (u)nsure / (f)inished / (p)revious
firstname : yufeng
lastname : liu
middlename : None
year_range : (2010,)
main_us_institutions_year : ((2010, 'university of north carolina at chapel hill'),)
all_us_institutions_year : ((2010, 'university of north carolina at chapel hill'),)

firstname : yufeng
lastname : liu
middlename : None
year_range : (2004, 2021)
main_us_institutions_year : ((2004, 'ohio state university'), (2005, 'university of minnesota'), (2007, 'university of north carolina at chapel hill'), (2008, 'university of north carolina at chapel hill'), (2009, 'university of north carolina at chapel hill'), (2010, 'university of north carolina at chapel hill'), (2011, 'university of north carolina at chapel hill'), (2012, 'university of north carolina at chapel hill'), (2013, 'university of north carolina at chapel hill'), (2014, 'university of north carolina at chapel hill'), (2015, 'university of north carolina at chapel hill'), (2016, 'university of north carolina at chapel hill'), (2017, 'university of north carolina at chapel hill'), (2018, 'university of north carolina at chapel hill'), (2019, 'university of north carolina at chapel hill'), (2020, 'university of north carolina at chapel hill'), (2021, 'university of north carolina at chapel hill'))
all_us_institutions_year : ((2004, 'ohio state university'), (2005, 'university of minnesota'), (2007, 'university of north carolina at chapel hill'), (2008, 'university of north carolina at chapel hill'), (2009, 'ohio state university'), (2009, 'university of north carolina at chapel hill'), (2010, 'university of north carolina at chapel hill'), (2011, 'university of north carolina at chapel hill'), (2012, 'university of north carolina at chapel hill'), (2013, 'university of north carolina at chapel hill'), (2014, 'university of arizona'), (2014, 'university of north carolina at chapel hill'), (2015, 'university of north carolina at chapel hill'), (2016, 'university of north carolina at chapel hill'), (2017, 'university of north carolina at chapel hill'), (2018, 'university of north carolina at chapel hill'), (2019, 'university of north carolina at chapel hill'), (2020, 'university of north carolina at chapel hill'), (2021, 'university of north carolina at chapel hill'))

3/10 positive, 2/10 negative
Do these records refer to the same thing?
(y)es / (n)o / (u)nsure / (f)inished / (p)revious
firstname : wei
lastname : zhu
middlename : None
year_range : (2004,)
main_us_institutions_year : ((2004, 'stony brook university'),)
all_us_institutions_year : ((2004, 'stony brook university'),)

firstname : wei
lastname : zhuang
middlename : None
year_range : (2012, 2016)
main_us_institutions_year : ((2012, 'state university of new york college of environmental science and forestry'), (2014, 'state university of new york college of environmental science and forestry'), (2015, 'state university of new york college of environmental science and forestry'), (2016, 'state university of new york college of environmental science and forestry'))
all_us_institutions_year : ((2012, 'state university of new york college of environmental science and forestry'), (2014, 'state university of new york college of environmental science and forestry'), (2015, 'state university of new york college of environmental science and forestry'), (2016, 'state university of new york college of environmental science and forestry'))

4/10 positive, 2/10 negative
Do these records refer to the same thing?
(y)es / (n)o / (u)nsure / (f)inished / (p)revious
firstname : bo
lastname : li
middlename : None
year_range : (2015,)
main_us_institutions_year : ((2015, 'university of california san diego'),)
all_us_institutions_year : ((2015, 'university of california san diego'),)

firstname : bo
lastname : liu
middlename : None
year_range : (2000, 2021)
main_us_institutions_year : ((2004, 'cornell university'), (2009, 'university of wisconsin madison'), (2010, 'university of wisconsin madison'), (2011, 'university of wisconsin madison'), (2012, 'university of wisconsin madison'), (2013, 'university of wisconsin madison'), (2014, 'university of wisconsin madison'), (2015, 'university of wisconsin madison'), (2016, 'university of wisconsin madison'), (2017, 'university of wisconsin madison'), (2018, 'university of wisconsin madison'), (2018, 'memorial sloan kettering cancer center'), (2019, 'memorial sloan kettering cancer center'), (2020, 'university of wisconsin madison'), (2021, 'university of wisconsin madison'))
all_us_institutions_year : ((2004, 'cornell university'), (2009, 'university of wisconsin madison'), (2010, 'university of wisconsin madison'), (2011, 'university of wisconsin madison'), (2012, 'university of wisconsin madison'), (2013, 'university of wisconsin madison'), (2014, 'university of wisconsin hospital and clinics'), (2014, 'university of wisconsin madison'), (2015, 'university of wisconsin madison'), (2016, 'university of wisconsin madison'), (2017, 'memorial sloan kettering cancer center'), (2017, 'university of wisconsin madison'), (2018, 'memorial sloan kettering cancer center'), (2018, 'university of wisconsin madison'), (2019, 'memorial sloan kettering cancer center'), (2019, 'university of wisconsin madison'), (2020, 'memorial sloan kettering cancer center'), (2020, 'university of wisconsin madison'), (2021, 'memorial sloan kettering cancer center'), (2021, 'university of wisconsin madison'))

4/10 positive, 3/10 negative
Do these records refer to the same thing?
(y)es / (n)o / (u)nsure / (f)inished / (p)revious
firstname : d
lastname : edelem
middlename : g b
year_range : (1991,)
main_us_institutions_year : ((1991, 'lehigh university'),)
all_us_institutions_year : ((1991, 'lehigh university'),)

firstname : dominic
lastname : edelen
middlename : g b
year_range : (1960, 2000)
main_us_institutions_year : ((1969, 'lehigh university'), (1970, 'lehigh university'), (1971, 'lehigh university'), (1972, 'lehigh university'), (1973, 'lehigh university'), (1974, 'lehigh university'), (1975, 'lehigh university'), (1976, 'lehigh university'), (1977, 'lehigh university'), (1978, 'lehigh university'), (1979, 'lehigh university'), (1980, 'lehigh university'), (1981, 'lehigh university'), (1982, 'lehigh university'), (1983, 'lehigh university'), (1984, 'lehigh university'), (1985, 'lehigh university'), (1986, 'lehigh university'), (1987, 'lehigh university'), (1988, 'lehigh university'), (1989, 'lehigh university'), (1990, 'lehigh university'), (1991, 'lehigh university'), (1992, 'lehigh university'), (1993, 'lehigh university'), (1994, 'lehigh university'))
all_us_institutions_year : ((1969, 'lehigh university'), (1970, 'lehigh university'), (1971, 'lehigh university'), (1972, 'lehigh university'), (1973, 'lehigh university'), (1974, 'lehigh university'), (1975, 'lehigh university'), (1976, 'lehigh university'), (1977, 'lehigh university'), (1978, 'lehigh university'), (1979, 'lehigh university'), (1980, 'lehigh university'), (1981, 'lehigh university'), (1982, 'lehigh university'), (1983, 'lehigh university'), (1984, 'lehigh university'), (1985, 'lehigh university'), (1986, 'lehigh university'), (1987, 'lehigh university'), (1988, 'lehigh university'), (1989, 'lehigh university'), (1990, 'lehigh university'), (1991, 'lehigh university'), (1992, 'lehigh university'), (1993, 'lehigh university'), (1994, 'lehigh university'), (2007, 'lehigh university'))

4/10 positive, 4/10 negative
Do these records refer to the same thing?
(y)es / (n)o / (u)nsure / (f)inished / (p)revious
firstname : robert
lastname : beaver
middlename : j
year_range : (1993,)
main_us_institutions_year : ((1993, 'university of california riverside'),)
all_us_institutions_year : ((1993, 'university of california riverside'),)

firstname : robert
lastname : weaver
middlename : j
year_range : (1946, 2017)
main_us_institutions_year : ((1952, 'university of california davis'), (1958, 'university of california davis'), (1959, 'university of california davis'), (1960, 'university of california davis'), (1963, 'university of california davis'), (1965, 'university of california davis'), (1967, 'university of california davis'), (1969, 'university of california davis'), (1970, 'university of california davis'), (1972, 'university of california davis'), (1976, 'university of california davis'), (2016, 'university of california davis'), (2017, 'university of california davis'))
all_us_institutions_year : ((1952, 'university of california davis'), (1958, 'university of california davis'), (1959, 'university of california davis'), (1960, 'university of california davis'), (1963, 'university of california davis'), (1965, 'university of california davis'), (1967, 'university of california davis'), (1969, 'university of california davis'), (1970, 'university of california davis'), (1972, 'university of california davis'), (1976, 'university of california davis'), (2016, 'university of california davis'), (2017, 'university of california davis'))

5/10 positive, 4/10 negative
Do these records refer to the same thing?
(y)es / (n)o / (u)nsure / (f)inished / (p)revious
firstname : r
lastname : hanamura
middlename : choudary
year_range : (2003,)
main_us_institutions_year : ((2003, 'university of rhode island'),)
all_us_institutions_year : ((2003, 'university of rhode island'),)

firstname : r
lastname : hanumara
middlename : choudary
year_range : (1978, 2012)
main_us_institutions_year : ((1978, 'university of rhode island'), (1980, 'university of rhode island'), (1987, 'university of rhode island'), (1988, 'university of rhode island'), (1991, 'university of rhode island'), (1993, 'university of rhode island'), (1998, 'university of rhode island'), (2000, 'university of rhode island'), (2002, 'university of rhode island'), (2004, 'university of rhode island'), (2007, 'university of rhode island'), (2012, 'university of rhode island'))
all_us_institutions_year : ((1978, 'university of rhode island'), (1980, 'university of rhode island'), (1987, 'university of rhode island'), (1988, 'university of rhode island'), (1991, 'university of rhode island'), (1993, 'university of rhode island'), (1998, 'university of rhode island'), (2000, 'university of rhode island'), (2002, 'university of rhode island'), (2004, 'university of rhode island'), (2007, 'university of rhode island'), (2012, 'university of rhode island'))

5/10 positive, 4/10 negative
Do these records refer to the same thing?
(y)es / (n)o / (u)nsure / (f)inished / (p)revious
firstname : daniel
lastname : tartakosvy
middlename : m
year_range : (2013,)
main_us_institutions_year : ((2013, 'university of california san diego'),)
all_us_institutions_year : ((2013, 'university of california san diego'),)

firstname : daniel
lastname : tartakovsky
middlename : m
year_range : (1994, 2021)
main_us_institutions_year : ((1994, 'university of arizona'), (1996, 'university of arizona'), (1997, 'university of arizona'), (1998, 'los alamos national laboratory'), (1999, 'los alamos national laboratory'), (2000, 'los alamos national laboratory'), (2001, 'los alamos national laboratory'), (2002, 'los alamos national laboratory'), (2003, 'los alamos national laboratory'), (2004, 'los alamos national laboratory'), (2005, 'los alamos national laboratory'), (2006, 'los alamos national laboratory'), (2006, 'university of california san diego'), (2007, 'university of california san diego'), (2008, 'university of california san diego'), (2009, 'university of california san diego'), (2010, 'university of california san diego'), (2011, 'university of california san diego'), (2012, 'university of california san diego'), (2013, 'university of california san diego'), (2014, 'university of california san diego'), (2015, 'university of california san diego'), (2016, 'university of california san diego'), (2017, 'stanford university'), (2018, 'stanford university'), (2019, 'stanford university'), (2020, 'stanford university'), (2021, 'stanford university'))
all_us_institutions_year : ((1994, 'university of arizona'), (1996, 'university of arizona'), (1997, 'university of arizona'), (1998, 'los alamos national laboratory'), (1998, 'university of arizona'), (1999, 'los alamos national laboratory'), (1999, 'university of arizona'), (2000, 'los alamos national laboratory'), (2000, 'university of arizona'), (2001, 'los alamos national laboratory'), (2002, 'los alamos national laboratory'), (2003, 'los alamos national laboratory'), (2004, 'los alamos national laboratory'), (2005, 'los alamos national laboratory'), (2006, 'los alamos national laboratory'), (2006, 'university of california'), (2006, 'university of california san diego'), (2007, 'los alamos national laboratory'), (2007, 'university of california'), (2007, 'university of california san diego'), (2008, 'los alamos national laboratory'), (2008, 'university of california'), (2008, 'university of california san diego'), (2008, 'university of nebraska lincoln'), (2009, 'university of california'), (2009, 'university of california san diego'), (2009, 'university of nebraska lincoln'), (2010, 'university of california san diego'), (2011, 'stanford university'), (2011, 'university of california'), (2011, 'university of california san diego'), (2012, 'university of california san diego'), (2013, 'university of california san diego'), (2014, 'university of california san diego'), (2015, 'university of california'), (2015, 'university of california san diego'), (2016, 'stanford university'), (2016, 'university of california san diego'), (2017, 'stanford university'), (2017, 'university of california san diego'), (2018, 'stanford university'), (2019, 'stanford university'), (2020, 'stanford university'), (2021, 'stanford university'))

6/10 positive, 4/10 negative
Do these records refer to the same thing?
(y)es / (n)o / (u)nsure / (f)inished / (p)revious
firstname : jason
lastname : starr
middlename : m
year_range : (2007,)
main_us_institutions_year : ((2007, 'massachusetts institute of technology'),)
all_us_institutions_year : ((2007, 'massachusetts institute of technology'),)

firstname : jason
lastname : tuckerschwartz
middlename : m
year_range : (2009, 2021)
main_us_institutions_year : ((2009, 'university of virginia'), (2010, 'university of virginia'), (2011, 'university of virginia'), (2012, 'vanderbilt university'), (2013, 'vanderbilt university'), (2014, 'vanderbilt university'), (2015, 'vanderbilt university'), (2016, 'vanderbilt university'), (2018, 'massachusetts institute of technology'), (2019, 'massachusetts institute of technology'), (2020, 'massachusetts institute of technology'), (2021, 'massachusetts institute of technology'))
all_us_institutions_year : ((2009, 'university of virginia'), (2010, 'university of virginia'), (2011, 'university of virginia'), (2012, 'university of virginia'), (2012, 'vanderbilt university'), (2013, 'vanderbilt university'), (2014, 'vanderbilt university'), (2015, 'university of virginia'), (2015, 'vanderbilt university'), (2016, 'massachusetts institute of technology'), (2016, 'vanderbilt university'), (2017, 'university of virginia'), (2018, 'massachusetts institute of technology'), (2019, 'massachusetts institute of technology'), (2020, 'massachusetts institute of technology'), (2021, 'massachusetts institute of technology'))

7/10 positive, 4/10 negative
Do these records refer to the same thing?
(y)es / (n)o / (u)nsure / (f)inished / (p)revious
firstname : robert
lastname : muncaster
middlename : g
year_range : (2002,)
main_us_institutions_year : ((2002, 'university of illinois at urbana champaign'),)
all_us_institutions_year : ((2002, 'university of illinois at urbana champaign'),)

firstname : robert
lastname : bartle
middlename : g
year_range : (1952, 2001)
main_us_institutions_year : ((1963, 'university of illinois at urbana champaign'), (1970, 'university of illinois at urbana champaign'), (1980, 'university of illinois at urbana champaign'), (1986, 'university of illinois at urbana champaign'), (1995, 'eastern michigan university'), (1996, 'eastern michigan university'), (2001, 'university of illinois at urbana champaign'), (2001, 'eastern michigan university'))
all_us_institutions_year : ((1963, 'university of illinois at urbana champaign'), (1970, 'university of illinois at urbana champaign'), (1980, 'university of illinois at urbana champaign'), (1986, 'university of illinois at urbana champaign'), (1995, 'eastern michigan university'), (1996, 'eastern michigan university'), (2001, 'eastern michigan university'), (2001, 'university of illinois at urbana champaign'))

7/10 positive, 5/10 negative
Do these records refer to the same thing?
(y)es / (n)o / (u)nsure / (f)inished / (p)revious
firstname : david
lastname : dill
middlename : l
year_range : (2003,)
main_us_institutions_year : ((2003, 'stanford university'),)
all_us_institutions_year : ((2003, 'stanford university'),)

firstname : isil
lastname : dillig
middlename : None
year_range : (2007, 2021)
main_us_institutions_year : ((2007, 'stanford university'), (2008, 'stanford university'), (2009, 'stanford university'), (2010, 'stanford university'), (2011, 'stanford university'), (2012, 'college of william mary'), (2013, 'college of william mary'), (2014, 'university of texas at austin'), (2015, 'university of texas at austin'), (2016, 'university of texas at austin'), (2017, 'university of texas at austin'), (2018, 'university of texas at austin'), (2019, 'university of texas at austin'), (2020, 'university of texas at austin'), (2021, 'university of texas at austin'))
all_us_institutions_year : ((2007, 'stanford university'), (2008, 'stanford university'), (2009, 'stanford university'), (2010, 'stanford university'), (2011, 'stanford university'), (2012, 'college of william mary'), (2013, 'college of william mary'), (2013, 'microsoft'), (2013, 'university of texas at austin'), (2014, 'university of texas at austin'), (2015, 'university of texas at austin'), (2016, 'university of texas at austin'), (2017, 'university of texas at austin'), (2018, 'university of texas at austin'), (2019, 'university of texas at austin'), (2020, 'university of texas at austin'), (2021, 'university of texas at austin'))

7/10 positive, 6/10 negative
Do these records refer to the same thing?
(y)es / (n)o / (u)nsure / (f)inished / (p)revious
firstname : jianqing
lastname : fan
middlename : None
year_range : (2013,)
main_us_institutions_year : ((2013, 'princeton university'),)
all_us_institutions_year : ((2013, 'princeton university'),)

firstname : eugene
lastname : fang
middlename : None
year_range : (2014, 2017)
main_us_institutions_year : ((2016, 'princeton university'), (2017, 'princeton university'))
all_us_institutions_year : ((2016, 'princeton university'), (2017, 'princeton university'))

7/10 positive, 7/10 negative
Do these records refer to the same thing?
(y)es / (n)o / (u)nsure / (f)inished / (p)revious
firstname : indranil
lastname : sengupta
middlename : None
year_range : (2015,)
main_us_institutions_year : ((2015, 'north dakota state university'),)
all_us_institutions_year : ((2015, 'north dakota state university'),)

firstname : indranil
lastname : sen
middlename : s
year_range : (2005, 2010)
main_us_institutions_year : ((2005, 'ohio university'), (2006, 'ohio university'), (2007, 'ohio university'), (2008, 'ohio university'), (2010, 'ohio university'))
all_us_institutions_year : ((2004, 'ohio university'), (2005, 'ohio university'), (2006, 'ohio university'), (2007, 'ohio university'), (2008, 'motorola'), (2008, 'ohio university'), (2009, 'motorola'), (2010, 'apple inc'), (2010, 'ohio university'), (2013, 'apple inc'), (2014, 'apple inc'), (2015, 'apple inc'), (2016, 'apple inc'), (2017, 'apple inc'), (2018, 'apple inc'), (2019, 'apple inc'), (2020, 'apple inc'), (2021, 'apple inc'))

7/10 positive, 8/10 negative
Do these records refer to the same thing?
(y)es / (n)o / (u)nsure / (f)inished / (p)revious
firstname : yu
lastname : cheng
middlename : None
year_range : (2012,)
main_us_institutions_year : ((2012, 'university of pittsburgh'),)
all_us_institutions_year : ((2012, 'university of pittsburgh'),)

firstname : yu
lastname : chen
middlename : christine
year_range : (2011, 2021)
main_us_institutions_year : ((2011, 'university of illinois at urbana champaign'), (2012, 'university of illinois at urbana champaign'), (2013, 'university of illinois at urbana champaign'), (2014, 'university of illinois at urbana champaign'))
all_us_institutions_year : ((2011, 'university of illinois at urbana champaign'), (2012, 'university of illinois at urbana champaign'), (2013, 'university of illinois at urbana champaign'), (2014, 'university of illinois at urbana champaign'), (2015, 'university of illinois at urbana champaign'), (2016, 'university of illinois at urbana champaign'))

7/10 positive, 9/10 negative
Do these records refer to the same thing?
(y)es / (n)o / (u)nsure / (f)inished / (p)revious
firstname : xiao
lastname : yang
middlename : qi
year_range : (2006,)
main_us_institutions_year : ((2006, 'polytechnic university'),)
all_us_institutions_year : ((2006, 'polytechnic university'),)

firstname : xiao
lastname : yang
middlename : None
year_range : (2014, 2021)
main_us_institutions_year : ((2016, 'columbia university'), (2016, 'harvard university'), (2016, 'pennsylvania state university'), (2017, 'harvard university'), (2017, 'pennsylvania state university'), (2018, 'harvard university'), (2018, 'pennsylvania state university'), (2019, 'pennsylvania state university'), (2020, 'pennsylvania state university'), (2021, 'pennsylvania state university'), (2021, 'stanford university'))
all_us_institutions_year : ((2016, 'columbia university'), (2016, 'harvard university'), (2016, 'pennsylvania state university'), (2017, 'harvard university'), (2017, 'pennsylvania state university'), (2018, 'harvard university'), (2018, 'pennsylvania state university'), (2019, 'harvard university'), (2019, 'pennsylvania state university'), (2020, 'pennsylvania state university'), (2021, 'pennsylvania state university'), (2021, 'stanford university'))

7/10 positive, 10/10 negative
Do these records refer to the same thing?
(y)es / (n)o / (u)nsure / (f)inished / (p)revious
firstname : cc
lastname : kuo
middlename : jay
year_range : (2013,)
main_us_institutions_year : ((2013, 'university of southern california'),)
all_us_institutions_year : ((2013, 'university of southern california'),)

firstname : c
lastname : kuo
middlename : y
year_range : (2004, 2021)
main_us_institutions_year : ((2008, 'university of virginia'), (2010, 'national radio astronomy observatory'), (2011, 'university of virginia'))
all_us_institutions_year : ((2008, 'university of virginia'), (2010, 'national radio astronomy observatory'), (2010, 'university of virginia'), (2011, 'university of virginia'), (2012, 'national radio astronomy observatory'), (2013, 'national radio astronomy observatory'))

7/10 positive, 10/10 negative
Do these records refer to the same thing?
(y)es / (n)o / (u)nsure / (f)inished / (p)revious
firstname : j
lastname : miller
middlename : isaac
year_range : (2012,)
main_us_institutions_year : ((2012, 'university of missouri columbia'),)
all_us_institutions_year : ((2012, 'university of missouri columbia'),)

firstname : john
lastname : miller
middlename : s
year_range : (1983, 2020)
main_us_institutions_year : ((1996, 'university of virginia'), (1997, 'university of virginia'), (1999, 'university of virginia'), (2000, 'university of virginia'), (2001, 'university of virginia'), (2002, 'university of virginia'), (2003, 'university of virginia'), (2005, 'university of virginia'), (2006, 'university of virginia'), (2010, 'naval facilities engineering command'), (2010, 'university of virginia'), (2017, 'university of virginia'))
all_us_institutions_year : ((1996, 'university of virginia'), (1997, 'university of virginia'), (1999, 'university of virginia'), (2000, 'university of virginia'), (2001, 'university of virginia'), (2002, 'university of virginia'), (2003, 'university of virginia'), (2005, 'university of virginia'), (2006, 'university of virginia'), (2010, 'naval facilities engineering command'), (2010, 'university of virginia'), (2017, 'university of virginia'))

7/10 positive, 10/10 negative
Do these records refer to the same thing?
(y)es / (n)o / (u)nsure / (f)inished / (p)revious
firstname : james
lastname : mclean
middlename : e
year_range : (1992,)
main_us_institutions_year : ((1992, 'university of alabama'),)
all_us_institutions_year : ((1992, 'university of alabama'),)

firstname : james
lastname : mclean
middlename : g
year_range : (1986, 2020)
main_us_institutions_year : ((2014, 'ibm'), (2019, 'ibm'), (2020, 'ibm'))
all_us_institutions_year : ((1989, 'ibm'), (1990, 'ibm'), (1995, 'ibm'), (1996, 'ibm'), (1997, 'ibm'), (1998, 'ibm'), (1999, 'ibm'), (2000, 'ibm'), (2001, 'ibm'), (2002, 'ibm'), (2004, 'ibm'), (2005, 'ibm'), (2006, 'ibm'), (2007, 'ibm'), (2008, 'ibm'), (2009, 'ibm'), (2012, 'ibm'), (2013, 'ibm'), (2014, 'ibm'), (2015, 'ibm'), (2016, 'ibm'), (2019, 'ibm'), (2020, 'ibm'))

7/10 positive, 11/10 negative
Do these records refer to the same thing?
(y)es / (n)o / (u)nsure / (f)inished / (p)revious
firstname : søren
lastname : galatius
middlename : None
year_range : (2011,)
main_us_institutions_year : ((2011, 'stanford university'),)
all_us_institutions_year : ((2011, 'stanford university'),)

firstname : soren
lastname : galatius
middlename : None
year_range : (1999, 2021)
main_us_institutions_year : ((2006, 'stanford university'), (2009, 'stanford university'), (2010, 'stanford university'), (2011, 'stanford university'), (2014, 'stanford university'), (2017, 'stanford university'))
all_us_institutions_year : ((2004, 'stanford university'), (2005, 'stanford university'), (2006, 'stanford university'), (2007, 'stanford university'), (2009, 'stanford university'), (2010, 'stanford university'), (2011, 'stanford university'), (2012, 'stanford university'), (2014, 'stanford university'), (2016, 'stanford university'), (2017, 'stanford university'))

7/10 positive, 11/10 negative
Do these records refer to the same thing?
(y)es / (n)o / (u)nsure / (f)inished / (p)revious
firstname : gordon
lastname : clark
middlename : m
year_range : (1991,)
main_us_institutions_year : ((1991, 'ohio state university'),)
all_us_institutions_year : ((1991, 'ohio state university'),)

firstname : gordon
lastname : clark
middlename : w
year_range : (1994, 1998)
main_us_institutions_year : ((1998, 'mississippi state university'), (1998, 'virginia commonwealth university'))
all_us_institutions_year : ((1998, 'mississippi state university'), (1998, 'virginia commonwealth university'))

8/10 positive, 11/10 negative
Do these records refer to the same thing?
(y)es / (n)o / (u)nsure / (f)inished / (p)revious
firstname : dennis
lastname : lin
middlename : k j
year_range : (2008,)
main_us_institutions_year : ((2008, 'pennsylvania state university'),)
all_us_institutions_year : ((2008, 'pennsylvania state university'),)

firstname : j
lastname : li
middlename : k j
year_range : (1979, 2020)
main_us_institutions_year : ((1979, 'university of pennsylvania'), (1980, 'university of pennsylvania'), (1983, 'rutgers university'), (1984, 'rutgers university'), (1985, 'rutgers university'), (1986, 'rutgers university'), (1988, 'rutgers university'), (1989, 'rutgers university'), (1990, 'rutgers university'), (1991, 'rutgers university'), (1992, 'rutgers university'), (1993, 'rutgers university'), (1994, 'rutgers university'), (1995, 'rutgers university'), (1996, 'rutgers university'), (1997, 'rutgers university'), (1998, 'rutgers university'), (1999, 'rutgers university'), (2000, 'rutgers university'), (2001, 'rutgers university'), (2002, 'rutgers university'), (2003, 'rutgers university'), (2004, 'rutgers university'), (2005, 'rutgers university'), (2006, 'rutgers university'), (2007, 'rutgers university'), (2008, 'rutgers university'), (2009, 'rutgers university'), (2010, 'rutgers university'), (2012, 'rutgers university'), (2013, 'rutgers university'), (2014, 'rutgers university'), (2015, 'rutgers university'), (2016, 'rutgers university'), (2017, 'rutgers university'), (2018, 'rutgers university'), (2019, 'rutgers university'), (2020, 'rutgers university'))
all_us_institutions_year : ((1977, 'university of pennsylvania'), (1979, 'university of pennsylvania'), (1980, 'university of pennsylvania'), (1983, 'rutgers university'), (1984, 'rutgers university'), (1985, 'rutgers university'), (1986, 'rutgers university'), (1988, 'rutgers university'), (1989, 'rutgers university'), (1990, 'rutgers university'), (1991, 'rutgers university'), (1992, 'rutgers university'), (1993, 'rutgers university'), (1994, 'rutgers university'), (1995, 'rutgers university'), (1996, 'rutgers university'), (1997, 'rutgers university'), (1998, 'rutgers university'), (1999, 'rutgers university'), (2000, 'rutgers university'), (2001, 'rutgers university'), (2002, 'rutgers university'), (2003, 'rutgers university'), (2004, 'rutgers university'), (2004, 'university of pennsylvania'), (2005, 'rutgers university'), (2006, 'rutgers university'), (2007, 'rutgers university'), (2008, 'rutgers university'), (2009, 'rutgers university'), (2010, 'rutgers university'), (2012, 'rutgers university'), (2013, 'rutgers university'), (2014, 'rutgers university'), (2015, 'rutgers university'), (2016, 'rutgers university'), (2016, 'university of pennsylvania'), (2017, 'rutgers university'), (2018, 'rutgers university'), (2018, 'university of pennsylvania'), (2019, 'rutgers university'), (2020, 'rutgers university'))

8/10 positive, 12/10 negative
Do these records refer to the same thing?
(y)es / (n)o / (u)nsure / (f)inished / (p)revious
firstname : bruce
lastname : golden
middlename : None
year_range : (2010,)
main_us_institutions_year : ((2010, 'university of maryland college park'),)
all_us_institutions_year : ((2010, 'university of maryland college park'),)

firstname : bruce
lastname : golden
middlename : None
year_range : (2009, 2021)
main_us_institutions_year : ((2009, 'california polytechnic state university'), (2012, 'california polytechnic state university'), (2014, 'california polytechnic state university'), (2015, 'california polytechnic state university'))
all_us_institutions_year : ((2009, 'california polytechnic state university'), (2012, 'california polytechnic state university'), (2014, 'california polytechnic state university'), (2015, 'california polytechnic state university'))

8/10 positive, 13/10 negative
Do these records refer to the same thing?
(y)es / (n)o / (u)nsure / (f)inished / (p)revious
firstname : hanxiang
lastname : peng
middlename : None
year_range : (2013,)
main_us_institutions_year : ((2013, 'purdue university'),)
all_us_institutions_year : ((2013, 'purdue university'),)

firstname : hao
lastname : peng
middlename : None
year_range : (2012, 2017)
main_us_institutions_year : ((2012, 'purdue university'), (2013, 'purdue university'), (2014, 'purdue university'), (2015, 'purdue university'), (2017, 'purdue university'))
all_us_institutions_year : ((2012, 'purdue university'), (2013, 'purdue university'), (2014, 'purdue university'), (2015, 'purdue university'), (2017, 'purdue university'))

8/10 positive, 13/10 negative
Do these records refer to the same thing?
(y)es / (n)o / (u)nsure / (f)inished / (p)revious
firstname : suhasini
lastname : rao
middlename : subba
year_range : (2012,)
main_us_institutions_year : ((2012, 'texas a m university college station'),)
all_us_institutions_year : ((2012, 'texas a m university college station'),)

firstname : s
lastname : rao
middlename : subba
year_range : (1992, 2011)
main_us_institutions_year : ((1992, 'university of toledo'), (1998, 'university of toledo'), (2002, 'university of toledo'), (2006, 'university of toledo'))
all_us_institutions_year : ((1992, 'university of toledo'), (1998, 'university of toledo'), (2002, 'university of toledo'), (2006, 'university of toledo'))

8/10 positive, 14/10 negative
Do these records refer to the same thing?
(y)es / (n)o / (u)nsure / (f)inished / (p)revious
firstname : richard
lastname : johnson
middlename : a
year_range : (1993,)
main_us_institutions_year : ((1993, 'university of wisconsin madison'),)
all_us_institutions_year : ((1993, 'university of wisconsin madison'),)

firstname : r
lastname : johnson
middlename : a
year_range : (2008, 2021)
main_us_institutions_year : ((2008, 'university of washington'), (2011, 'university of washington'), (2013, 'university of washington'), (2016, 'university of washington'), (2018, 'university of washington'))
all_us_institutions_year : ((2006, 'university of washington'), (2008, 'university of washington'), (2009, 'university of washington'), (2011, 'university of washington'), (2012, 'university of washington'), (2013, 'university of washington'), (2014, 'university of washington'), (2016, 'university of washington'), (2018, 'university of washington'))

8/10 positive, 14/10 negative
Do these records refer to the same thing?
(y)es / (n)o / (u)nsure / (f)inished / (p)revious
firstname : james
lastname : brewer
middlename : w
year_range : (2009,)
main_us_institutions_year : ((2009, 'florida atlantic university'),)
all_us_institutions_year : ((2009, 'florida atlantic university'),)

firstname : james
lastname : brewer
middlename : k
year_range : (1966, 2004)
main_us_institutions_year : ((1966, 'florida state university'), (1968, 'florida state university'), (1969, 'florida state university'), (1971, 'florida state university'), (1972, 'florida state university'), (1973, 'florida state university'), (1976, 'florida state university'), (1989, 'florida state university'), (1990, 'florida state university'), (1992, 'florida state university'), (1998, 'florida state university'), (2004, 'florida state university'))
all_us_institutions_year : ((1966, 'florida state university'), (1968, 'florida state university'), (1969, 'florida state university'), (1971, 'florida state university'), (1972, 'florida state university'), (1973, 'florida state university'), (1976, 'florida state university'), (1989, 'florida state university'), (1990, 'florida state university'), (1992, 'florida state university'), (1998, 'florida state university'), (2004, 'florida state university'))

8/10 positive, 15/10 negative
Do these records refer to the same thing?
(y)es / (n)o / (u)nsure / (f)inished / (p)revious
firstname : richard
lastname : morse
middlename : l
year_range : (1990,)
main_us_institutions_year : ((1990, 'university of arizona'),)
all_us_institutions_year : ((1990, 'university of arizona'),)

firstname : richard
lastname : morse
middlename : l d
year_range : (1973, 1989)
main_us_institutions_year : ((1973, 'kansas state university'), (1979, 'kansas state university'), (1989, 'kansas state university'))
all_us_institutions_year : ((1973, 'kansas state university'), (1979, 'kansas state university'), (1989, 'kansas state university'))

8/10 positive, 16/10 negative
Do these records refer to the same thing?
(y)es / (n)o / (u)nsure / (f)inished / (p)revious
firstname : m
lastname : nashed
middlename : zuhair
year_range : (1995,)
main_us_institutions_year : ((1995, 'university of delaware'),)
all_us_institutions_year : ((1995, 'university of delaware'),)

firstname : m
lastname : nashed
middlename : zuhair
year_range : (1996, 2020)
main_us_institutions_year : ((2007, 'university of central florida'), (2009, 'university of central florida'), (2010, 'university of central florida'), (2015, 'university of central florida'), (2018, 'university of central florida'), (2020, 'university of central florida'))
all_us_institutions_year : ((2007, 'university of central florida'), (2009, 'university of central florida'), (2010, 'university of central florida'), (2012, 'university of central florida'), (2013, 'university of central florida'), (2015, 'university of central florida'), (2018, 'university of central florida'), (2019, 'university of central florida'), (2020, 'university of central florida'))

8/10 positive, 16/10 negative
Do these records refer to the same thing?
(y)es / (n)o / (u)nsure / (f)inished / (p)revious
firstname : m
lastname : nashed
middlename : zuhair
year_range : (1991,)
main_us_institutions_year : ((1991, 'university of delaware'),)
all_us_institutions_year : ((1991, 'university of delaware'),)

firstname : m
lastname : nashed
middlename : zuhair
year_range : (1996, 2020)
main_us_institutions_year : ((2007, 'university of central florida'), (2009, 'university of central florida'), (2010, 'university of central florida'), (2015, 'university of central florida'), (2018, 'university of central florida'), (2020, 'university of central florida'))
all_us_institutions_year : ((2007, 'university of central florida'), (2009, 'university of central florida'), (2010, 'university of central florida'), (2012, 'university of central florida'), (2013, 'university of central florida'), (2015, 'university of central florida'), (2018, 'university of central florida'), (2019, 'university of central florida'), (2020, 'university of central florida'))

8/10 positive, 16/10 negative
Do these records refer to the same thing?
(y)es / (n)o / (u)nsure / (f)inished / (p)revious
firstname : t
lastname : rao
middlename : r n
year_range : (1990,)
main_us_institutions_year : ((1990, 'university of southwestern louisiana'),)
all_us_institutions_year : ((1990, 'university of southwestern louisiana'),)

firstname : t
lastname : rao
middlename : r n
year_range : (1993, 1996)
main_us_institutions_year : ((1993, 'university of louisiana at lafayette'), (1994, 'university of louisiana at lafayette'), (1996, 'university of louisiana at lafayette'))
all_us_institutions_year : ((1993, 'university of louisiana at lafayette'), (1994, 'university of louisiana at lafayette'), (1996, 'university of louisiana at lafayette'))

8/10 positive, 16/10 negative
Do these records refer to the same thing?
(y)es / (n)o / (u)nsure / (f)inished / (p)revious
firstname : t
lastname : rao
middlename : r n
year_range : (1990,)
main_us_institutions_year : ((1990, 'university of southwestern louisiana'),)
all_us_institutions_year : ((1990, 'university of southwestern louisiana'),)

firstname : t
lastname : rao
middlename : r n
year_range : (1989, 2001)
main_us_institutions_year : ((2001, 'university of louisiana at lafayette'),)
all_us_institutions_year : ((2001, 'university of louisiana at lafayette'),)

8/10 positive, 16/10 negative
Do these records refer to the same thing?
(y)es / (n)o / (u)nsure / (f)inished / (p)revious
firstname : mohammad
lastname : khan
middlename : kazim
year_range : (2007,)
main_us_institutions_year : ((2007, 'kent state university'),)
all_us_institutions_year : ((2007, 'kent state university'),)

firstname : mohammad
lastname : khan
middlename : nasim imtiaz
year_range : (2013, 2021)
main_us_institutions_year : ((2016, 'pennsylvania state university'), (2017, 'pennsylvania state university'), (2018, 'pennsylvania state university'), (2019, 'pennsylvania state university'), (2020, 'pennsylvania state university'), (2021, 'pennsylvania state university'))
all_us_institutions_year : ((2016, 'pennsylvania state university'), (2016, 'university of south florida'), (2017, 'pennsylvania state university'), (2018, 'pennsylvania state university'), (2019, 'pennsylvania state university'), (2020, 'intel'), (2020, 'pennsylvania state university'), (2021, 'pennsylvania state university'))

8/10 positive, 16/10 negative
Do these records refer to the same thing?
(y)es / (n)o / (u)nsure / (f)inished / (p)revious
firstname : r
lastname : hill
middlename : carter
year_range : (1990,)
main_us_institutions_year : ((1990, 'louisiana state university and agricultural mechanical college'),)
all_us_institutions_year : ((1990, 'louisiana state university and agricultural mechanical college'),)

firstname : r
lastname : hill
middlename : carter
year_range : (1977, 2012)
main_us_institutions_year : ((1977, 'university of georgia'), (1978, 'university of georgia'), (1979, 'university of georgia'), (1980, 'university of georgia'), (1981, 'university of georgia'), (1982, 'university of georgia'), (1983, 'university of georgia'), (1984, 'university of georgia'), (2008, 'university of georgia'))
all_us_institutions_year : ((1977, 'university of georgia'), (1978, 'university of georgia'), (1979, 'university of georgia'), (1980, 'university of georgia'), (1981, 'university of georgia'), (1982, 'university of georgia'), (1983, 'university of georgia'), (1984, 'university of georgia'), (2008, 'university of georgia'))

8/10 positive, 17/10 negative
Do these records refer to the same thing?
(y)es / (n)o / (u)nsure / (f)inished / (p)revious
firstname : roger
lastname : zierau
middlename : None
year_range : (2012,)
main_us_institutions_year : ((2012, 'oklahoma state university'),)
all_us_institutions_year : ((2012, 'oklahoma state university'),)

firstname : r
lastname : zierau
middlename : None
year_range : (1992, 2003)
main_us_institutions_year : ((1992, 'oklahoma state university stillwater'), (2003, 'oklahoma state university stillwater'))
all_us_institutions_year : ((1992, 'oklahoma state university stillwater'), (2003, 'oklahoma state university stillwater'))

9/10 positive, 17/10 negative
Do these records refer to the same thing?
(y)es / (n)o / (u)nsure / (f)inished / (p)revious
firstname : g
lastname : babu
middlename : jogesh
year_range : (2003,)
main_us_institutions_year : ((2003, 'pennsylvania state university'),)
all_us_institutions_year : ((2003, 'pennsylvania state university'),)

firstname : g
lastname : babu
middlename : jogesh
year_range : (1983, 1985)
main_us_institutions_year : ((1985, 'rutgers university'),)
all_us_institutions_year : ((1985, 'rutgers university'),)

10/10 positive, 17/10 negative
Do these records refer to the same thing?
(y)es / (n)o / (u)nsure / (f)inished / (p)revious
firstname : henry
lastname : heatherly
middlename : e
year_range : (1999,)
main_us_institutions_year : ((1999, 'university of southwestern louisiana'),)
all_us_institutions_year : ((1999, 'university of southwestern louisiana'),)

firstname : henry
lastname : heatherly
middlename : None
year_range : (1974, 1991)
main_us_institutions_year : ((1989, 'sewanee the university of the south'), (1990, 'sewanee the university of the south'), (1991, 'sewanee the university of the south'))
all_us_institutions_year : ((1989, 'sewanee the university of the south'), (1990, 'sewanee the university of the south'), (1991, 'sewanee the university of the south'), (1995, 'sewanee the university of the south'), (1997, 'sewanee the university of the south'))

10/10 positive, 18/10 negative
Do these records refer to the same thing?
(y)es / (n)o / (u)nsure / (f)inished / (p)revious
firstname : m
lastname : baouendi
middlename : salah
year_range : (2002,)
main_us_institutions_year : ((2002, 'university of california san diego'),)
all_us_institutions_year : ((2002, 'university of california san diego'),)

firstname : m
lastname : baouendi
middlename : salah
year_range : (1999, 2011)
main_us_institutions_year : ((2011, 'yale university'),)
all_us_institutions_year : ((2009, 'yale university'), (2011, 'yale university'))

10/10 positive, 19/10 negative
Do these records refer to the same thing?
(y)es / (n)o / (u)nsure / (f)inished / (p)revious
firstname : henry
lastname : heatherly
middlename : e
year_range : (1999,)
main_us_institutions_year : ((1999, 'university of southwestern louisiana'),)
all_us_institutions_year : ((1999, 'university of southwestern louisiana'),)

firstname : henry
lastname : heatherly
middlename : None
year_range : (1974, 1991)
main_us_institutions_year : ((1989, 'sewanee the university of the south'), (1990, 'sewanee the university of the south'), (1991, 'sewanee the university of the south'))
all_us_institutions_year : ((1989, 'sewanee the university of the south'), (1990, 'sewanee the university of the south'), (1991, 'sewanee the university of the south'), (1995, 'sewanee the university of the south'), (1997, 'sewanee the university of the south'))

10/10 positive, 18/10 negative
Do these records refer to the same thing?
(y)es / (n)o / (u)nsure / (f)inished
(y)es / (n)o / (u)nsure / (f)inished
firstname : m
lastname : baouendi
middlename : salah
year_range : (2002,)
main_us_institutions_year : ((2002, 'university of california san diego'),)
all_us_institutions_year : ((2002, 'university of california san diego'),)

firstname : m
lastname : baouendi
middlename : salah
year_range : (1999, 2011)
main_us_institutions_year : ((2011, 'yale university'),)
all_us_institutions_year : ((2009, 'yale university'), (2011, 'yale university'))

10/10 positive, 19/10 negative
Do these records refer to the same thing?
(y)es / (n)o / (u)nsure / (f)inished / (p)revious
firstname : richard
lastname : gorsuch
middlename : l
year_range : (1997,)
main_us_institutions_year : ((1997, 'fuller theological seminary school of psychology'),)
all_us_institutions_year : ((1997, 'fuller theological seminary school of psychology'),)

firstname : richard
lastname : gorsuch
middlename : l
year_range : (1963, 1990)
main_us_institutions_year : ((1963, 'university of illinois at urbana champaign'),)
all_us_institutions_year : ((1963, 'university of illinois at urbana champaign'),)

11/10 positive, 19/10 negative
Do these records refer to the same thing?
(y)es / (n)o / (u)nsure / (f)inished / (p)revious
firstname : ami
lastname : radunskaya
middlename : None
year_range : (2001,)
main_us_institutions_year : ((2001, 'claremont graduate university'),)
all_us_institutions_year : ((2001, 'claremont graduate university'),)

firstname : ami
lastname : radunskaya
middlename : None
year_range : (1992, 2021)
main_us_institutions_year : ((1994, 'rice university'), (1998, 'pomona college'), (2001, 'pomona college'), (2003, 'pomona college'), (2006, 'pomona college'), (2008, 'pomona college'), (2010, 'pomona college'), (2011, 'university of southern california'), (2012, 'pomona college'), (2013, 'pomona college'), (2014, 'pomona college'), (2016, 'pomona college'), (2018, 'pomona college'), (2019, 'pomona college'), (2020, 'pomona college'), (2021, 'pomona college'))
all_us_institutions_year : ((1994, 'rice university'), (1998, 'pomona college'), (2001, 'pomona college'), (2003, 'pomona college'), (2006, 'claremont colleges'), (2006, 'pomona college'), (2008, 'pomona college'), (2010, 'pomona college'), (2011, 'university of southern california'), (2012, 'pomona college'), (2013, 'pomona college'), (2014, 'pomona college'), (2015, 'pomona college'), (2016, 'pomona college'), (2017, 'pomona college'), (2018, 'pomona college'), (2019, 'pomona college'), (2020, 'pomona college'), (2021, 'pomona college'))

11/10 positive, 20/10 negative
Do these records refer to the same thing?
(y)es / (n)o / (u)nsure / (f)inished / (p)revious
firstname : mary
lastname : soffa
middlename : lou
year_range : (1999,)
main_us_institutions_year : ((1999, 'purdue university'),)
all_us_institutions_year : ((1999, 'purdue university'),)

firstname : mary
lastname : soffa
middlename : lou
year_range : (1980, 2021)
main_us_institutions_year : ((1980, 'university of pittsburgh'), (1981, 'university of pittsburgh'), (1982, 'university of pittsburgh'), (1983, 'university of pittsburgh'), (1984, 'university of pittsburgh'), (1985, 'university of pittsburgh'), (1986, 'university of pittsburgh'), (1988, 'university of pittsburgh'), (1989, 'university of pittsburgh'), (1990, 'university of pittsburgh'), (1991, 'university of pittsburgh'), (1992, 'university of pittsburgh'), (1993, 'university of pittsburgh'), (1994, 'university of pittsburgh'), (1995, 'university of pittsburgh'), (1996, 'university of pittsburgh'), (1997, 'university of pittsburgh'), (1998, 'university of pittsburgh'), (1999, 'university of pittsburgh'), (2000, 'university of pittsburgh'), (2001, 'university of pittsburgh'), (2002, 'university of pittsburgh'), (2003, 'university of pittsburgh'), (2004, 'university of pittsburgh'), (2005, 'university of virginia'), (2006, 'university of virginia'), (2007, 'university of virginia'), (2008, 'university of virginia'), (2009, 'university of virginia'), (2010, 'university of virginia'), (2011, 'university of virginia'), (2012, 'university of virginia'), (2013, 'university of virginia'), (2014, 'university of virginia'), (2016, 'university of virginia'), (2018, 'university of virginia'), (2019, 'university of virginia'), (2020, 'university of virginia'), (2021, 'university of virginia'))
all_us_institutions_year : ((1980, 'university of pittsburgh'), (1981, 'university of pittsburgh'), (1982, 'university of pittsburgh'), (1983, 'university of pittsburgh'), (1984, 'university of pittsburgh'), (1985, 'university of pittsburgh'), (1986, 'university of pittsburgh'), (1988, 'university of pittsburgh'), (1989, 'university of pittsburgh'), (1990, 'university of pittsburgh'), (1991, 'university of pittsburgh'), (1992, 'university of pittsburgh'), (1993, 'university of pittsburgh'), (1994, 'university of pittsburgh'), (1995, 'university of pittsburgh'), (1996, 'university of pittsburgh'), (1997, 'university of pittsburgh'), (1998, 'university of pittsburgh'), (1999, 'university of pittsburgh'), (2000, 'university of pittsburgh'), (2001, 'university of pittsburgh'), (2002, 'university of pittsburgh'), (2003, 'university of pittsburgh'), (2004, 'university of pittsburgh'), (2004, 'university of virginia'), (2005, 'university of virginia'), (2006, 'university of virginia'), (2007, 'university of virginia'), (2008, 'university of virginia'), (2009, 'university of virginia'), (2010, 'university of virginia'), (2011, 'university of virginia'), (2012, 'university of virginia'), (2013, 'university of virginia'), (2014, 'university of virginia'), (2016, 'university of virginia'), (2018, 'university of virginia'), (2019, 'university of virginia'), (2020, 'university of virginia'), (2021, 'university of virginia'))

12/10 positive, 20/10 negative
Do these records refer to the same thing?
(y)es / (n)o / (u)nsure / (f)inished / (p)revious
firstname : martin
lastname : sereno
middlename : None
year_range : (2005,)
main_us_institutions_year : ((2005, 'university of california san diego'),)
all_us_institutions_year : ((2005, 'university of california san diego'),)

firstname : marty
lastname : sereno
middlename : None
year_range : (2000, 2005)
main_us_institutions_year : ((2000, 'university of california san diego'), (2005, 'university of california san diego'))
all_us_institutions_year : ((2000, 'university of california san diego'), (2005, 'university of california san diego'))

13/10 positive, 20/10 negative
Do these records refer to the same thing?
(y)es / (n)o / (u)nsure / (f)inished / (p)revious
(y)es / (n)o / (u)nsure / (f)inished / (p)revious
firstname : h
lastname : poor
middlename : vincent
year_range : (2003,)
main_us_institutions_year : ((2003, 'princeton university'),)
all_us_institutions_year : ((2003, 'princeton university'),)

firstname : h
lastname : poor
middlename : vincent
year_range : (2010, 2014)
main_us_institutions_year : ((2012, 'university of houston'), (2014, 'university of miami'))
all_us_institutions_year : ((2004, 'mitsubishi electric research laboratories'), (2010, 'new york university'), (2012, 'university of houston'), (2014, 'university of miami'))

14/10 positive, 20/10 negative
Do these records refer to the same thing?
(y)es / (n)o / (u)nsure / (f)inished / (p)revious
firstname : h
lastname : poor
middlename : vincent
year_range : (2000,)
main_us_institutions_year : ((2000, 'princeton university'),)
all_us_institutions_year : ((2000, 'princeton university'),)

firstname : h
lastname : poor
middlename : vincent
year_range : (2010, 2014)
main_us_institutions_year : ((2012, 'university of houston'), (2014, 'university of miami'))
all_us_institutions_year : ((2004, 'mitsubishi electric research laboratories'), (2010, 'new york university'), (2012, 'university of houston'), (2014, 'university of miami'))

14/10 positive, 21/10 negative
Do these records refer to the same thing?
(y)es / (n)o / (u)nsure / (f)inished / (p)revious
firstname : fedor
lastname : bogomolov
middlename : a
year_range : (1996,)
main_us_institutions_year : ((1996, 'massachusetts institute of technology'),)
all_us_institutions_year : ((1996, 'massachusetts institute of technology'),)

firstname : fedor
lastname : bogomolov
middlename : None
year_range : (1969, 2021)
main_us_institutions_year : ((1995, 'courant institute of mathematical sciences'), (1996, 'new york university'), (1998, 'new york university'), (2000, 'new york university'), (2002, 'courant institute of mathematical sciences'), (2003, 'courant institute of mathematical sciences'), (2005, 'new york university'), (2006, 'new york university'), (2008, 'new york university'), (2009, 'new york university'), (2011, 'new york university'), (2012, 'courant institute of mathematical sciences'), (2012, 'new york university'), (2013, 'courant institute of mathematical sciences'), (2014, 'courant institute of mathematical sciences'), (2020, 'new york university'), (2021, 'new york university'))
all_us_institutions_year : ((1995, 'courant institute of mathematical sciences'), (1996, 'new york university'), (1998, 'new york university'), (1999, 'new york university'), (2000, 'new york university'), (2001, 'new york university'), (2002, 'courant institute of mathematical sciences'), (2002, 'new york university'), (2002, 'university of california irvine'), (2002, 'university of pennsylvania'), (2003, 'courant institute of mathematical sciences'), (2003, 'new york university'), (2005, 'new york university'), (2006, 'courant institute of mathematical sciences'), (2006, 'new york university'), (2008, 'courant institute of mathematical sciences'), (2008, 'new york university'), (2009, 'courant institute of mathematical sciences'), (2009, 'new york university'), (2010, 'courant institute of mathematical sciences'), (2010, 'new york university'), (2011, 'courant institute of mathematical sciences'), (2011, 'new york university'), (2012, 'courant institute of mathematical sciences'), (2012, 'new york university'), (2013, 'courant institute of mathematical sciences'), (2013, 'new york university'), (2014, 'courant institute of mathematical sciences'), (2014, 'new york university'), (2015, 'new york university'), (2016, 'courant institute of mathematical sciences'), (2016, 'new york university'), (2017, 'courant institute of mathematical sciences'), (2017, 'new york university'), (2018, 'courant institute of mathematical sciences'), (2019, 'courant institute of mathematical sciences'), (2019, 'new york university'), (2020, 'courant institute of mathematical sciences'), (2020, 'new york university'), (2021, 'new york university'))

14/10 positive, 22/10 negative
Do these records refer to the same thing?
(y)es / (n)o / (u)nsure / (f)inished / (p)revious
firstname : anil
lastname : deane
middlename : e
year_range : (2006,)
main_us_institutions_year : ((2006, 'university of maryland college park'),)
all_us_institutions_year : ((2006, 'university of maryland college park'),)

firstname : anil
lastname : deane
middlename : e
year_range : (1994, 1996)
main_us_institutions_year : ((1994, 'goddard space flight center'), (1996, 'goddard space flight center'))
all_us_institutions_year : ((1991, 'princeton university'), (1994, 'goddard space flight center'), (1996, 'goddard space flight center'))

15/10 positive, 22/10 negative
Do these records refer to the same thing?
(y)es / (n)o / (u)nsure / (f)inished / (p)revious
firstname : kevin
lastname : ford
middlename : None
year_range : (2012,)
main_us_institutions_year : ((2012, 'university of illinois at urbana champaign'),)
all_us_institutions_year : ((2012, 'university of illinois at urbana champaign'),)

firstname : kevin
lastname : ford
middlename : r
year_range : (2002, 2021)
main_us_institutions_year : ((2012, 'high point university'), (2012, 'university of cincinnati academic health center'), (2012, 'cincinnati children s hospital medical center'), (2013, 'high point university'), (2014, 'high point university'), (2015, 'high point university'), (2016, 'high point university'), (2017, 'high point university'), (2018, 'high point university'), (2019, 'high point university'), (2020, 'high point university'), (2021, 'high point university'))
all_us_institutions_year : ((2012, 'cincinnati children s hospital medical center'), (2012, 'high point university'), (2012, 'university of cincinnati academic health center'), (2013, 'high point university'), (2014, 'high point university'), (2015, 'cincinnati children s hospital medical center'), (2015, 'high point university'), (2016, 'american physical therapy association'), (2016, 'high point university'), (2016, 'wake forest university'), (2017, 'high point university'), (2018, 'american physical therapy association'), (2018, 'high point university'), (2019, 'high point university'), (2020, 'high point university'), (2021, 'high point university'))

15/10 positive, 23/10 negative
Do these records refer to the same thing?
(y)es / (n)o / (u)nsure / (f)inished / (p)revious
firstname : amir
lastname : avestimehr
middlename : salman
year_range : (2014,)
main_us_institutions_year : ((2014, 'cornell university'),)
all_us_institutions_year : ((2014, 'cornell university'),)

firstname : amir
lastname : avestimehr
middlename : salman
year_range : (2011, 2021)
main_us_institutions_year : ((2014, 'university of southern california'), (2015, 'university of southern california'), (2016, 'university of southern california'), (2017, 'university of southern california'), (2018, 'university of southern california'), (2019, 'university of southern california'), (2020, 'university of southern california'), (2021, 'university of southern california'))
all_us_institutions_year : ((2014, 'university of southern california'), (2015, 'university of southern california'), (2016, 'university of southern california'), (2017, 'university of southern california'), (2018, 'university of southern california'), (2019, 'university of california santa barbara'), (2019, 'university of southern california'), (2020, 'university of southern california'), (2021, 'university of southern california'))

15/10 positive, 23/10 negative
Do these records refer to the same thing?
(y)es / (n)o / (u)nsure / (f)inished / (p)revious
firstname : sundarraman
lastname : subramanian
middlename : None
year_range : (2011,)
main_us_institutions_year : ((2011, 'new jersey institute of technology'),)
all_us_institutions_year : ((2011, 'new jersey institute of technology'),)

firstname : s
lastname : subramanian
middlename : None
year_range : (2004, 2007)
main_us_institutions_year : ((2004, 'georgia institute of technology'), (2005, 'georgia institute of technology'), (2007, 'georgia institute of technology'))
all_us_institutions_year : ((2004, 'georgia institute of technology'), (2005, 'georgia institute of technology'), (2007, 'georgia institute of technology'))

15/10 positive, 23/10 negative
Do these records refer to the same thing?
(y)es / (n)o / (u)nsure / (f)inished / (p)revious
firstname : viswanathan
lastname : ramakrishnan
middlename : None
year_range : (2009,)
main_us_institutions_year : ((2009, 'virginia commonwealth university'),)
all_us_institutions_year : ((2009, 'virginia commonwealth university'),)

firstname : viswanathan
lastname : ramakrishnan
middlename : None
year_range : (1992, 2008)
main_us_institutions_year : ((1992, 'university of illinois at chicago'), (1993, 'university of illinois at chicago'), (1994, 'university of illinois at chicago'), (1995, 'university of illinois at chicago'), (1997, 'university of illinois at urbana champaign'), (1997, 'university of illinois at chicago'), (1998, 'university of illinois at urbana champaign'), (1998, 'university of illinois at chicago'), (1999, 'university of illinois at chicago'), (2001, 'university of illinois at chicago'), (2008, 'university of illinois at chicago'))
all_us_institutions_year : ((1992, 'university of illinois at chicago'), (1993, 'university of illinois at chicago'), (1994, 'university of illinois at chicago'), (1995, 'university of illinois at chicago'), (1997, 'university of illinois at chicago'), (1997, 'university of illinois at urbana champaign'), (1998, 'university of illinois at chicago'), (1998, 'university of illinois at urbana champaign'), (1999, 'university of illinois at chicago'), (2001, 'university of illinois at chicago'), (2008, 'university of illinois at chicago'))

15/10 positive, 23/10 negative
Do these records refer to the same thing?
(y)es / (n)o / (u)nsure / (f)inished / (p)revious
Finished labeling
Done in 303.18122681379316 minutes.
