/home/christoph/anaconda3/envs/science-career-tempenv/lib/python3.9/site-packages/numpy/core/getlimits.py:500: UserWarning: The value of the smallest subnormal for <class 'numpy.float64'> type is zero.
  setattr(self, word, getattr(machar, word).flat[0])
/home/christoph/anaconda3/envs/science-career-tempenv/lib/python3.9/site-packages/numpy/core/getlimits.py:89: UserWarning: The value of the smallest subnormal for <class 'numpy.float64'> type is zero.
  return self._float_to_str(self.smallest_subnormal)
/home/christoph/anaconda3/envs/science-career-tempenv/lib/python3.9/site-packages/numpy/core/getlimits.py:500: UserWarning: The value of the smallest subnormal for <class 'numpy.float32'> type is zero.
  setattr(self, word, getattr(machar, word).flat[0])
/home/christoph/anaconda3/envs/science-career-tempenv/lib/python3.9/site-packages/numpy/core/getlimits.py:89: UserWarning: The value of the smallest subnormal for <class 'numpy.float32'> type is zero.
  return self._float_to_str(self.smallest_subnormal)
Namespace(testing=False, verbose=1, field=['sociology'], train_name='christoph_degree0', startyear=1985, endyear=2022, mergemode='1:1', recall=0.9, institution='True', fieldofstudy_cat='False', fieldofstudy_str='False', keywords='False', retrain='True', linking_type='advisors', samplesize=100000)
Have max 6 cores available
Testing is False 

finished setup ... 
Time elapsed: 0.0005991776784261067 minutes 


        SELECT relationship_id
                , year
                , year AS year_range
                , firstname 
                , lastname
                , CASE TRIM(SUBSTR(middle_lastname, 1, l_fullname-l_firstname-l_lastname - 1)) 
                    WHEN 
                        "" THEN NULL 
                        ELSE TRIM(SUBSTR(middle_lastname, 1, l_fullname-l_firstname-l_lastname - 1)) 
                    END AS middlename
                , fieldofstudy
                , keywords
                , institution
                , year || "//" || institution as main_us_institutions_year
                , year || "//" || institution as all_us_institutions_year
        FROM (
            SELECT goid
                , relationship_id
                , degree_year AS year 
                , a.fullname 
                , SUBSTR(TRIM(a.fullname),1,instr(trim(a.fullname)||' ',' ')-1) AS firstname
                , REPLACE(a.fullname, RTRIM(a.fullname, REPLACE(a.fullname, " ", "")), "") AS lastname 
                , TRIM(SUBSTR(a.fullname, length(SUBSTR(TRIM(a.fullname),1,instr(trim(a.fullname)||' ',' ')-1)) + 1)) AS middle_lastname 
                , length(a.fullname) AS l_fullname 
                , length(SUBSTR(TRIM(a.fullname),1,instr(trim(a.fullname)||' ',' ')-1) ) AS l_firstname
                , length(REPLACE(a.fullname, RTRIM(a.fullname, REPLACE(a.fullname, " ", "")), "")) AS l_lastname
                , fieldname AS fieldofstudy
                , university_id
            FROM pq_authors 
            INNER JOIN (
                SELECT goid, fieldname 
                FROM pq_fields_mag
                WHERE mag_field0 IN (?)
            ) USING (goid)
            INNER JOIN ( --# NOTE: this only keeps the theses where at least one advisor is present
                SELECT *, firstname || ' ' || lastname AS fullname
                FROM pq_advisors
            ) AS a USING(goid)
        )
        -- ## NOTE: use left join here as not all graduates have advisor (particularly pre-1980) and possibly also keywords
        LEFT JOIN (
            SELECT goid
                , fields as keywords
            FROM pq_info_linking
        ) USING(goid) 
        INNER JOIN (
            SELECT university_id, normalizedname as institution
            FROM pq_unis --## mark: previously we linked advisors anywhere in the world (as career outcomes). for now, focus on US
            WHERE location like "%United States%"
        ) USING(university_id)
        WHERE year >= 1985 and year <= 2022 AND length(firstname) > 1
         


    SELECT f.AuthorId
        , f.year
        , f.YearLastPub
        , f.firstname
        , f.lastname
        , CASE TRIM(SUBSTR(f.middle_lastname, 1, f.l_fullname - f.l_firstname - f.l_lastname - 1)) 
            WHEN 
                "" THEN NULL 
                ELSE TRIM(SUBSTR(f.middle_lastname, 1, f.l_fullname - f.l_firstname - f.l_lastname - 1)) 
            END as middlename 
            -- ## NOTE this gives "" for middlename when it is missing 
        , f.fieldofstudy
        , g.keywords
        , g.coauthors
        , g.institution
        , g.main_us_institutions_year
         
        , f.year || ";" || f.YearLastPub AS year_range 
        , g.all_us_institutions_year
    
    FROM (
        SELECT a.AuthorId
            , a.YearFirstPub AS year
            , a.YearLastPub 
            , a.FirstName AS firstname
            , REPLACE(b.NormalizedName, RTRIM(b.NormalizedName, REPLACE(b.NormalizedName, " ", "")), "") AS lastname 
                    -- https://stackoverflow.com/questions/21388820/how-to-get-the-last-index-of-a-substring-in-sqlite
            , TRIM(SUBSTR(b.NormalizedName, length(a.FirstName) + 1)) AS middle_lastname 
                    -- this gives all except the first name 
            , length(b.NormalizedName) as l_fullname 
            , length(a.FirstName) as l_firstname
            , length(REPLACE(b.NormalizedName, RTRIM(b.NormalizedName, REPLACE(b.NormalizedName, " ", "")), "")) as l_lastname
            , e.NormalizedName AS fieldofstudy
        FROM author_sample AS a
        INNER JOIN (
            SELECT AuthorId, NormalizedName
            FROM Authors
        ) AS b USING(AuthorId)
        INNER JOIN (
            SELECT AuthorId
            FROM author_field0
            WHERE FieldOfStudyId_lvl0 IN (?)
                AND Degree <= 0
        ) USING(AuthorId)
        LEFT JOIN (
            SELECT AuthorId, NormalizedName
            FROM author_fields c
            INNER JOIN (
                SELECT FieldOfStudyId, NormalizedName
                FROM FieldsOfStudy
            ) AS d USING(FieldOfStudyId)
            -- ## Condition on fieldofstudy being in the level 0 id_field
            INNER JOIN (
                SELECT ParentFieldOfStudyId, ChildFieldOfStudyId
                FROM crosswalk_fields
                WHERE ParentLevel = 0
                    AND ParentFieldOfStudyId IN (?)
            ) AS e ON (e.ChildFieldOfStudyId = c.FieldOfStudyId)
            WHERE FieldClass = 'first'
        ) AS e USING(AuthorId)
    ) f
    LEFT JOIN (
        SELECT AuthorId
                , main_us_institutions_career as institution
                , coauthors
                , keywords
                , main_us_institutions_year
                , all_us_institutions_year
        FROM author_info_linking
    ) AS g USING(AuthorId)
    
    WHERE length(firstname) > 1 AND f.YearLastPub >= 1985 - 5 AND year <= 2022 + 5 AND institution is not NULL
     

Time elapsed: 364.64868315458295 minutes 

Starting active labeling...
firstname : larry
lastname : ortiz
middlename : None
year_range : (2018,)
main_us_institutions_year : ((2018, 'loma linda university'),)
all_us_institutions_year : ((2018, 'loma linda university'),)

firstname : larry
lastname : ortiz
middlename : None
year_range : (2009, 2021)
main_us_institutions_year : ((2009, 'california state university dominguez hills'), (2010, 'california state university dominguez hills'), (2011, 'california state university dominguez hills'), (2012, 'california state university dominguez hills'), (2018, 'loma linda university'), (2019, 'loma linda university'), (2020, 'loma linda university'), (2021, 'loma linda university'))
all_us_institutions_year : ((2009, 'california state university dominguez hills'), (2010, 'california state university dominguez hills'), (2011, 'california state university dominguez hills'), (2012, 'california state university dominguez hills'), (2016, 'loma linda university'), (2018, 'loma linda university'), (2019, 'loma linda university'), (2020, 'loma linda university'), (2021, 'loma linda university'))

0/10 positive, 0/10 negative
Do these records refer to the same thing?
(y)es / (n)o / (u)nsure / (f)inished
firstname : saskia
lastname : sassen
middlename : None
year_range : (1995,)
main_us_institutions_year : ((1995, 'columbia university'),)
all_us_institutions_year : ((1995, 'columbia university'),)

firstname : saskia
lastname : sassen
middlename : None
year_range : (1988, 2021)
main_us_institutions_year : ((1993, 'russell sage foundation'), (1995, 'columbia university'), (1996, 'columbia university'), (1997, 'columbia university'), (1998, 'indiana university'), (1998, 'columbia university'), (1999, 'university of chicago'), (2001, 'university of chicago'), (2002, 'university of chicago'), (2003, 'indiana university'), (2003, 'university of chicago'), (2004, 'university of chicago'), (2005, 'university of chicago'), (2007, 'university of chicago'), (2008, 'columbia university'), (2009, 'columbia university'), (2010, 'columbia university'), (2011, 'columbia university'), (2012, 'columbia university'), (2013, 'columbia university'), (2014, 'columbia university'), (2015, 'columbia university'), (2016, 'columbia university'), (2017, 'columbia university'), (2018, 'columbia university'), (2021, 'columbia university'))
all_us_institutions_year : ((1993, 'russell sage foundation'), (1995, 'columbia university'), (1996, 'columbia university'), (1997, 'columbia university'), (1998, 'columbia university'), (1998, 'indiana university'), (1999, 'columbia university'), (1999, 'university of chicago'), (2000, 'columbia university'), (2000, 'indiana university'), (2000, 'university of chicago'), (2001, 'university of chicago'), (2002, 'columbia university'), (2002, 'university of chicago'), (2003, 'indiana university'), (2003, 'university of chicago'), (2004, 'university of chicago'), (2005, 'university of chicago'), (2007, 'columbia university'), (2007, 'university of chicago'), (2008, 'columbia university'), (2009, 'columbia university'), (2010, 'columbia university'), (2011, 'columbia university'), (2012, 'columbia university'), (2013, 'columbia university'), (2014, 'columbia university'), (2015, 'columbia university'), (2016, 'columbia university'), (2017, 'columbia university'), (2018, 'columbia university'), (2019, 'columbia university'), (2021, 'columbia university'))

1/10 positive, 0/10 negative
Do these records refer to the same thing?
(y)es / (n)o / (u)nsure / (f)inished / (p)revious
firstname : robert
lastname : schwartzwald
middlename : None
year_range : (2008,)
main_us_institutions_year : ((2008, 'university of massachusetts amherst'),)
all_us_institutions_year : ((2008, 'university of massachusetts amherst'),)

firstname : robert
lastname : schwartz
middlename : p
year_range : (1984, 2021)
main_us_institutions_year : ((1991, 'university of maryland college park'), (1996, 'university of maryland college park'), (2013, 'university of maryland college park'), (2018, 'university of maryland college park'), (2019, 'university of maryland college park'))
all_us_institutions_year : ((1991, 'university of maryland college park'), (1996, 'university of maryland college park'), (2013, 'university of maryland college park'), (2018, 'university of maryland college park'), (2019, 'university of maryland college park'))

2/10 positive, 0/10 negative
Do these records refer to the same thing?
(y)es / (n)o / (u)nsure / (f)inished / (p)revious
firstname : cynthia
lastname : frentes
middlename : de las
year_range : (2000,)
main_us_institutions_year : ((2000, 'our lady of the lake university'),)
all_us_institutions_year : ((2000, 'our lady of the lake university'),)

firstname : cynthia
lastname : fuentes
middlename : de las
year_range : (1998, 2017)
main_us_institutions_year : ((1998, 'our lady of the lake university'), (2003, 'our lady of the lake university'), (2005, 'our lady of the lake university'))
all_us_institutions_year : ((1998, 'our lady of the lake university'), (2003, 'our lady of the lake university'), (2005, 'our lady of the lake university'))

2/10 positive, 1/10 negative
Do these records refer to the same thing?
(y)es / (n)o / (u)nsure / (f)inished / (p)revious
firstname : maria
lastname : lópez
middlename : del rosario acosta
year_range : (2019,)
main_us_institutions_year : ((2019, 'depaul university'),)
all_us_institutions_year : ((2019, 'depaul university'),)

firstname : maria
lastname : lopez
middlename : del rosario acosta
year_range : (2009, 2020)
main_us_institutions_year : ((2017, 'depaul university'), (2019, 'university of california'), (2019, 'depaul university'))
all_us_institutions_year : ((2017, 'depaul university'), (2018, 'depaul university'), (2019, 'depaul university'), (2019, 'university of california'))

3/10 positive, 1/10 negative
Do these records refer to the same thing?
(y)es / (n)o / (u)nsure / (f)inished / (p)revious
firstname : john
lastname : forester
middlename : f
year_range : (2018,)
main_us_institutions_year : ((2018, 'cornell university'),)
all_us_institutions_year : ((2018, 'cornell university'),)

firstname : john
lastname : forrester
middlename : v
year_range : (1972, 2021)
main_us_institutions_year : None
all_us_institutions_year : ((1999, 'stockholm environment institute'), (2005, 'stockholm environment institute'), (2008, 'stockholm environment institute'), (2009, 'stockholm environment institute'), (2012, 'qualcomm'), (2014, 'stockholm environment institute'), (2016, 'stockholm environment institute'), (2017, 'stockholm environment institute'), (2018, 'stockholm environment institute'), (2020, 'stockholm environment institute'))

4/10 positive, 1/10 negative
Do these records refer to the same thing?
(y)es / (n)o / (u)nsure / (f)inished / (p)revious
firstname : david
lastname : roediger
middlename : r
year_range : (2011,)
main_us_institutions_year : ((2011, 'university of illinois at urbana champaign'),)
all_us_institutions_year : ((2011, 'university of illinois at urbana champaign'),)

firstname : david
lastname : cox
middlename : e
year_range : (2013, 2016)
main_us_institutions_year : ((2013, 'university of illinois at urbana champaign'),)
all_us_institutions_year : ((2008, 'university of illinois at urbana champaign'), (2013, 'university of illinois at urbana champaign'))

4/10 positive, 2/10 negative
Do these records refer to the same thing?
(y)es / (n)o / (u)nsure / (f)inished / (p)revious
firstname : ramaswami
lastname : mahalingam
middlename : None
year_range : (2004,)
main_us_institutions_year : ((2004, 'university of michigan'),)
all_us_institutions_year : ((2004, 'university of michigan'),)

firstname : ram
lastname : mahalingham
middlename : None
year_range : (2016, 2017)
main_us_institutions_year : ((2016, 'university of michigan'), (2017, 'university of michigan'))
all_us_institutions_year : ((2016, 'university of michigan'), (2017, 'university of michigan'))

4/10 positive, 3/10 negative
Do these records refer to the same thing?
(y)es / (n)o / (u)nsure / (f)inished / (p)revious
firstname : dan
lastname : hoyt
middlename : r
year_range : (2004,)
main_us_institutions_year : ((2004, 'university of nebraska lincoln'),)
all_us_institutions_year : ((2004, 'university of nebraska lincoln'),)

firstname : dan
lastname : cotton
middlename : None
year_range : (2005, 2019)
main_us_institutions_year : ((2005, 'university of nebraska lincoln'), (2019, 'university of nebraska lincoln'))
all_us_institutions_year : ((2003, 'university of nebraska lincoln'), (2004, 'university of nebraska lincoln'), (2005, 'university of nebraska lincoln'), (2019, 'university of nebraska lincoln'))

4/10 positive, 4/10 negative
Do these records refer to the same thing?
(y)es / (n)o / (u)nsure / (f)inished / (p)revious
(y)es / (n)o / (u)nsure / (f)inished / (p)revious
firstname : charles
lastname : christian
middlename : m
year_range : (1998,)
main_us_institutions_year : ((1998, 'university of maryland college park'),)
all_us_institutions_year : ((1998, 'university of maryland college park'),)

firstname : charles
lastname : christiansen
middlename : None
year_range : (1975, 2011)
main_us_institutions_year : ((1994, 'university of texas medical branch'), (1996, 'university of texas medical branch'), (1997, 'university of texas medical branch'), (1998, 'university of texas medical branch'), (1999, 'university of texas medical branch'), (2000, 'university of texas medical branch'), (2001, 'university of texas medical branch'), (2002, 'university of texas medical branch'), (2003, 'university of texas medical branch'), (2004, 'university of texas medical branch'), (2006, 'university of texas medical branch'), (2007, 'university of minnesota'), (2008, 'university of minnesota'))
all_us_institutions_year : ((1994, 'university of texas medical branch'), (1996, 'university of texas medical branch'), (1997, 'university of texas medical branch'), (1998, 'university of texas medical branch'), (1999, 'university of texas medical branch'), (2000, 'university of texas medical branch'), (2001, 'university of texas medical branch'), (2002, 'university of texas medical branch'), (2003, 'university of texas medical branch'), (2004, 'university of texas medical branch'), (2006, 'university of texas medical branch'), (2007, 'university of minnesota'), (2008, 'university of minnesota'), (2017, 'university of texas medical branch'))

4/10 positive, 5/10 negative
Do these records refer to the same thing?
(y)es / (n)o / (u)nsure / (f)inished / (p)revious
firstname : barbara
lastname : wolfe
middlename : None
year_range : (1997,)
main_us_institutions_year : ((1997, 'university of wisconsin madison'),)
all_us_institutions_year : ((1997, 'university of wisconsin madison'),)

firstname : barbara
lastname : wolf
middlename : None
year_range : (2008, 2015)
main_us_institutions_year : ((2012, 'indiana university'),)
all_us_institutions_year : ((2012, 'indiana university'),)

4/10 positive, 6/10 negative
Do these records refer to the same thing?
(y)es / (n)o / (u)nsure / (f)inished / (p)revious
firstname : michael
lastname : davidson
middlename : None
year_range : (1997,)
main_us_institutions_year : ((1997, 'university of california san diego'),)
all_us_institutions_year : ((1997, 'university of california san diego'),)

firstname : maria
lastname : davidson
middlename : del guadalupe
year_range : (1968, 2019)
main_us_institutions_year : ((2010, 'university of oklahoma'), (2012, 'university of oklahoma'), (2015, 'university of oklahoma'), (2018, 'university of oklahoma'))
all_us_institutions_year : ((2010, 'university of oklahoma'), (2012, 'university of oklahoma'), (2015, 'university of oklahoma'), (2017, 'university of oklahoma'), (2018, 'university of oklahoma'))

4/10 positive, 7/10 negative
Do these records refer to the same thing?
(y)es / (n)o / (u)nsure / (f)inished / (p)revious
firstname : brigit
lastname : olsen
middlename : None
year_range : (2019,)
main_us_institutions_year : ((2019, 'capella university'),)
all_us_institutions_year : ((2019, 'capella university'),)

firstname : line
lastname : olsen
middlename : lervik
year_range : (2003, 2009)
main_us_institutions_year : ((2009, 'cornell university'),)
all_us_institutions_year : ((2009, 'cornell university'),)

4/10 positive, 8/10 negative
Do these records refer to the same thing?
(y)es / (n)o / (u)nsure / (f)inished / (p)revious
firstname : li
lastname : zhang
middlename : None
year_range : (2011,)
main_us_institutions_year : ((2011, 'university of california davis'),)
all_us_institutions_year : ((2011, 'university of california davis'),)

firstname : tingting
lastname : zhang
middlename : None
year_range : (2001, 2021)
main_us_institutions_year : ((2001, 'columbia university'), (2002, 'columbia university'), (2005, 'university of california san francisco'), (2006, 'lawrence berkeley national laboratory'), (2006, 'university of chicago'), (2009, 'university of akron'), (2010, 'harvard university'), (2010, 'university of virginia'), (2011, 'howard hughes medical institute'), (2012, 'university of akron'), (2012, 'university of virginia'), (2015, 'ohio state university'), (2020, 'university of central florida'), (2021, 'university of central florida'))
all_us_institutions_year : ((2001, 'columbia university'), (2002, 'columbia university'), (2005, 'university of california san francisco'), (2006, 'lawrence berkeley national laboratory'), (2006, 'university of chicago'), (2009, 'university of akron'), (2010, 'harvard university'), (2010, 'university of virginia'), (2011, 'harvard university'), (2011, 'howard hughes medical institute'), (2011, 'texas a m university'), (2011, 'university of akron'), (2011, 'university of virginia'), (2012, 'texas a m university'), (2012, 'university of akron'), (2012, 'university of virginia'), (2013, 'university of virginia'), (2014, 'ohio state university'), (2014, 'university of virginia'), (2015, 'howard hughes medical institute'), (2015, 'ohio state university'), (2015, 'university of virginia'), (2016, 'ohio state university'), (2016, 'princeton university'), (2016, 'university of central florida'), (2017, 'university of virginia'), (2019, 'university of central florida'), (2019, 'university of virginia'), (2020, 'university of central florida'), (2020, 'university of virginia'), (2021, 'university of central florida'))

4/10 positive, 9/10 negative
Do these records refer to the same thing?
(y)es / (n)o / (u)nsure / (f)inished / (p)revious
firstname : kangi
lastname : chang
middlename : sun
year_range : (2013,)
main_us_institutions_year : ((2013, 'yale university'),)
all_us_institutions_year : ((2013, 'yale university'),)

firstname : kwangchih
lastname : chang
middlename : None
year_range : (1956, 2010)
main_us_institutions_year : ((1961, 'yale university'), (1961, 'harvard university'), (1963, 'university of california los angeles'), (1965, 'yale university'), (1966, 'american museum of natural history'), (1967, 'yale university'), (1972, 'yale university'), (1973, 'yale university'), (1974, 'yale university'), (1976, 'yale university'), (1980, 'harvard university'), (1981, 'harvard university'), (1985, 'harvard university'), (1986, 'harvard university'), (1995, 'harvard university'))
all_us_institutions_year : ((1961, 'harvard university'), (1961, 'yale university'), (1963, 'university of california los angeles'), (1965, 'yale university'), (1966, 'american museum of natural history'), (1967, 'yale university'), (1972, 'yale university'), (1973, 'yale university'), (1974, 'yale university'), (1976, 'yale university'), (1980, 'harvard university'), (1981, 'harvard university'), (1985, 'harvard university'), (1986, 'harvard university'), (1995, 'harvard university'))

4/10 positive, 10/10 negative
Do these records refer to the same thing?
(y)es / (n)o / (u)nsure / (f)inished / (p)revious
firstname : michael
lastname : morris
middlename : lane
year_range : (2003,)
main_us_institutions_year : ((2003, 'university of tennessee'),)
all_us_institutions_year : ((2003, 'university of tennessee'),)

firstname : michael
lastname : morris
middlename : g
year_range : (1996, 2010)
main_us_institutions_year : ((1996, 'indiana university'), (1997, 'air force institute of technology'), (1999, 'air force institute of technology'), (2000, 'air force institute of technology'), (2001, 'university of virginia'), (2002, 'university of virginia'), (2003, 'university of virginia'), (2004, 'university of virginia'), (2005, 'university of virginia'), (2006, 'university of virginia'), (2010, 'university of virginia'))
all_us_institutions_year : ((1996, 'indiana university'), (1997, 'air force institute of technology'), (1999, 'air force institute of technology'), (2000, 'air force institute of technology'), (2001, 'university of virginia'), (2002, 'university of virginia'), (2003, 'university of virginia'), (2004, 'university of virginia'), (2005, 'university of virginia'), (2006, 'university of virginia'), (2010, 'university of virginia'))

4/10 positive, 11/10 negative
Do these records refer to the same thing?
(y)es / (n)o / (u)nsure / (f)inished / (p)revious
firstname : richard
lastname : pol
middlename : van den
year_range : (2016,)
main_us_institutions_year : ((2016, 'university of montana'),)
all_us_institutions_year : ((2016, 'university of montana'),)

firstname : rick
lastname : pol
middlename : van den
year_range : (2001, 2013)
main_us_institutions_year : ((2003, 'university of montana'), (2013, 'university of montana'))
all_us_institutions_year : ((2003, 'university of montana'), (2013, 'university of montana'))

4/10 positive, 12/10 negative
Do these records refer to the same thing?
(y)es / (n)o / (u)nsure / (f)inished / (p)revious
firstname : don
lastname : mctavish
middlename : None
year_range : (1988,)
main_us_institutions_year : ((1988, 'university of minnesota'),)
all_us_institutions_year : ((1988, 'university of minnesota'),)

firstname : donald
lastname : mctavish
middlename : g
year_range : (1971, 2005)
main_us_institutions_year : ((1971, 'university of minnesota'), (1977, 'university of minnesota'), (1986, 'university of minnesota'), (1990, 'university of minnesota'), (1994, 'university of minnesota'), (1997, 'university of minnesota'))
all_us_institutions_year : ((1971, 'university of minnesota'), (1977, 'university of minnesota'), (1986, 'university of minnesota'), (1990, 'university of minnesota'), (1994, 'university of minnesota'), (1997, 'university of minnesota'))

5/10 positive, 12/10 negative
Do these records refer to the same thing?
(y)es / (n)o / (u)nsure / (f)inished / (p)revious
firstname : jeffery
lastname : kripal
middlename : j
year_range : (2016,)
main_us_institutions_year : ((2016, 'rice university'),)
all_us_institutions_year : ((2016, 'rice university'),)

firstname : jeffrey
lastname : kripal
middlename : j
year_range : (1995, 2018)
main_us_institutions_year : ((1995, 'indiana university'), (2007, 'rice university'), (2009, 'rice university'), (2010, 'rice university'), (2014, 'rice university'))
all_us_institutions_year : ((1995, 'indiana university'), (2007, 'rice university'), (2009, 'rice university'), (2010, 'rice university'), (2014, 'rice university'), (2018, 'rice university'), (2019, 'rice university'), (2020, 'rice university'))

6/10 positive, 12/10 negative
Do these records refer to the same thing?
(y)es / (n)o / (u)nsure / (f)inished / (p)revious
firstname : marvin
lastname : sussman
middlename : b
year_range : (2001,)
main_us_institutions_year : ((2001, 'union institute'),)
all_us_institutions_year : ((2001, 'union institute'),)

firstname : marvin
lastname : sussman
middlename : b
year_range : (1964, 2016)
main_us_institutions_year : ((1981, 'university of delaware'), (1982, 'university of delaware'), (1992, 'university of delaware'), (1993, 'university of delaware'), (1996, 'university of delaware'), (1997, 'university of delaware'))
all_us_institutions_year : ((1981, 'university of delaware'), (1982, 'university of delaware'), (1992, 'university of delaware'), (1993, 'university of delaware'), (1996, 'university of delaware'), (1997, 'university of delaware'))

7/10 positive, 12/10 negative
Do these records refer to the same thing?
(y)es / (n)o / (u)nsure / (f)inished / (p)revious
firstname : raj
lastname : singh
middlename : None
year_range : (2020,)
main_us_institutions_year : ((2020, 'walden university'),)
all_us_institutions_year : ((2020, 'walden university'),)

firstname : rajesh
lastname : singh
middlename : None
year_range : (2013, 2021)
main_us_institutions_year : ((2015, 'miami university'), (2016, 'miami university'), (2017, 'miami university'), (2017, 'washington university in st louis'), (2018, 'washington university in st louis'), (2019, 'washington university in st louis'), (2020, 'washington university in st louis'))
all_us_institutions_year : ((2015, 'miami university'), (2016, 'miami university'), (2017, 'miami university'), (2017, 'washington university in st louis'), (2018, 'washington university in st louis'), (2019, 'washington university in st louis'), (2020, 'washington university in st louis'))

8/10 positive, 12/10 negative
Do these records refer to the same thing?
(y)es / (n)o / (u)nsure / (f)inished / (p)revious
firstname : anne
lastname : mahoney
middlename : None
year_range : (1988,)
main_us_institutions_year : ((1988, 'university of denver'),)
all_us_institutions_year : ((1988, 'university of denver'),)

firstname : annette
lastname : mahoney
middlename : None
year_range : (1996, 2021)
main_us_institutions_year : ((1999, 'bowling green state university'), (2000, 'bowling green state university'), (2001, 'bowling green state university'), (2003, 'bowling green state university'), (2004, 'bowling green state university'), (2005, 'bowling green state university'), (2006, 'bowling green state university'), (2007, 'bowling green state university'), (2008, 'bowling green state university'), (2009, 'bowling green state university'), (2010, 'bowling green state university'), (2011, 'bowling green state university'), (2012, 'bowling green state university'), (2013, 'bowling green state university'), (2014, 'bowling green state university'), (2015, 'bowling green state university'), (2017, 'bowling green state university'), (2018, 'bowling green state university'), (2020, 'bowling green state university'), (2021, 'bowling green state university'))
all_us_institutions_year : ((1999, 'bowling green state university'), (2000, 'bowling green state university'), (2001, 'bowling green state university'), (2003, 'bowling green state university'), (2004, 'bowling green state university'), (2005, 'bowling green state university'), (2006, 'bowling green state university'), (2007, 'bowling green state university'), (2008, 'bowling green state university'), (2009, 'bowling green state university'), (2010, 'bowling green state university'), (2011, 'bowling green state university'), (2012, 'bowling green state university'), (2013, 'bowling green state university'), (2014, 'bowling green state university'), (2015, 'bowling green state university'), (2016, 'bowling green state university'), (2017, 'bowling green state university'), (2018, 'bowling green state university'), (2020, 'bowling green state university'), (2021, 'bowling green state university'))

8/10 positive, 13/10 negative
Do these records refer to the same thing?
(y)es / (n)o / (u)nsure / (f)inished / (p)revious
firstname : michael
lastname : hecht
middlename : l
year_range : (2006,)
main_us_institutions_year : ((2006, 'pennsylvania state university'),)
all_us_institutions_year : ((2006, 'pennsylvania state university'),)

firstname : michael
lastname : wachter
middlename : l
year_range : (1970, 2015)
main_us_institutions_year : ((1975, 'university of pennsylvania'), (1979, 'university of pennsylvania'), (1980, 'university of pennsylvania'), (1986, 'university of pennsylvania'), (1995, 'university of pennsylvania'), (2000, 'university of pennsylvania'), (2003, 'university of pennsylvania'))
all_us_institutions_year : ((1975, 'university of pennsylvania'), (1979, 'university of pennsylvania'), (1980, 'university of pennsylvania'), (1981, 'university of pennsylvania'), (1986, 'university of pennsylvania'), (1992, 'university of pennsylvania'), (1995, 'university of pennsylvania'), (1997, 'university of pennsylvania'), (2000, 'university of pennsylvania'), (2001, 'university of pennsylvania'), (2002, 'university of pennsylvania'), (2003, 'university of pennsylvania'), (2005, 'university of pennsylvania'), (2006, 'university of pennsylvania'), (2007, 'university of pennsylvania'), (2009, 'university of pennsylvania'), (2010, 'university of pennsylvania'), (2011, 'university of pennsylvania'), (2012, 'university of pennsylvania'), (2013, 'university of pennsylvania'), (2014, 'university of pennsylvania'), (2015, 'university of pennsylvania'), (2018, 'university of pennsylvania'))

8/10 positive, 14/10 negative
Do these records refer to the same thing?
(y)es / (n)o / (u)nsure / (f)inished / (p)revious
firstname : he
lastname : ruvalcaba
middlename : ctor domi nguez
year_range : (2018,)
main_us_institutions_year : ((2018, 'university of texas at austin'),)
all_us_institutions_year : ((2018, 'university of texas at austin'),)

firstname : hector
lastname : ruvalcaba
middlename : dominguez
year_range : (2006, 2017)
main_us_institutions_year : ((2006, 'university of texas at austin'), (2017, 'university of texas at austin'), (2019, 'university of texas at austin'))
all_us_institutions_year : ((2004, 'denison university'), (2006, 'university of texas at austin'), (2010, 'ohio state university'), (2014, 'denison university'), (2015, 'university of texas at austin'), (2016, 'university of texas at austin'), (2017, 'university of texas at austin'), (2019, 'university of texas at austin'))

8/10 positive, 15/10 negative
Do these records refer to the same thing?
(y)es / (n)o / (u)nsure / (f)inished / (p)revious
firstname : hans
lastname : andersen
middlename : o
year_range : (1998,)
main_us_institutions_year : ((1998, 'indiana university'),)
all_us_institutions_year : ((1998, 'indiana university'),)

firstname : hans
lastname : andersen
middlename : jorgen
year_range : (2000, 2020)
main_us_institutions_year : ((2004, 'mediatech institute'), (2020, 'mediatech institute'))
all_us_institutions_year : ((1995, 'mediatech institute'), (1999, 'mediatech institute'), (2000, 'mediatech institute'), (2003, 'mediatech institute'), (2004, 'mediatech institute'), (2005, 'mediatech institute'), (2012, 'mediatech institute'), (2015, 'mediatech institute'), (2020, 'mediatech institute'))

9/10 positive, 15/10 negative
Do these records refer to the same thing?
(y)es / (n)o / (u)nsure / (f)inished / (p)revious
firstname : elizabeth
lastname : thompson
middlename : None
year_range : (2000,)
main_us_institutions_year : ((2000, 'adler school of professional psychology'),)
all_us_institutions_year : ((2000, 'adler school of professional psychology'),)

firstname : elizabeth
lastname : thompson
middlename : f
year_range : (2002, 2016)
main_us_institutions_year : ((2009, 'university of virginia'), (2014, 'university of virginia'), (2015, 'university of virginia'), (2016, 'university of virginia'))
all_us_institutions_year : ((2009, 'university of virginia'), (2014, 'university of virginia'), (2015, 'university of virginia'), (2016, 'university of virginia'))

9/10 positive, 16/10 negative
Do these records refer to the same thing?
(y)es / (n)o / (u)nsure / (f)inished / (p)revious
firstname : catherine
lastname : marienau
middlename : None
year_range : (2007,)
main_us_institutions_year : ((2007, 'walden university'),)
all_us_institutions_year : ((2007, 'walden university'),)

firstname : catherine
lastname : marienau
middlename : None
year_range : (1993, 2019)
main_us_institutions_year : ((1997, 'depaul university'), (1999, 'depaul university'), (2002, 'depaul university'), (2006, 'depaul university'), (2008, 'depaul university'), (2016, 'depaul university'), (2017, 'depaul university'), (2019, 'depaul university'))
all_us_institutions_year : ((1997, 'depaul university'), (1999, 'depaul university'), (2002, 'depaul university'), (2006, 'depaul university'), (2008, 'depaul university'), (2012, 'depaul university'), (2014, 'depaul university'), (2016, 'depaul university'), (2017, 'depaul university'), (2019, 'depaul university'))

9/10 positive, 17/10 negative
Do these records refer to the same thing?
(y)es / (n)o / (u)nsure / (f)inished / (p)revious
firstname : carol
lastname : geisler
middlename : None
year_range : (2011,)
main_us_institutions_year : ((2011, 'new york university'),)
all_us_institutions_year : ((2011, 'new york university'),)

firstname : carol
lastname : geisler
middlename : None
year_range : (2006, 2017)
main_us_institutions_year : ((2006, 'northern michigan university'), (2014, 'st catherine university'), (2015, 'st catherine university'), (2017, 'st catherine university'))
all_us_institutions_year : ((2006, 'northern michigan university'), (2014, 'st catherine university'), (2015, 'st catherine university'), (2017, 'st catherine university'))

10/10 positive, 17/10 negative
Do these records refer to the same thing?
(y)es / (n)o / (u)nsure / (f)inished / (p)revious
firstname : thomas
lastname : garrity
middlename : None
year_range : (1987,)
main_us_institutions_year : ((1987, 'university of kentucky'),)
all_us_institutions_year : ((1987, 'university of kentucky'),)

firstname : thomas
lastname : garrity
middlename : None
year_range : (1989, 2021)
main_us_institutions_year : ((1989, 'rice university'), (1993, 'purdue university'), (1995, 'williams college'), (2001, 'williams college'), (2004, 'williams college'), (2010, 'williams college'), (2013, 'williams college'), (2014, 'williams college'), (2018, 'williams college'))
all_us_institutions_year : ((1970, 'williams college'), (1989, 'rice university'), (1993, 'purdue university'), (1995, 'williams college'), (1999, 'williams college'), (2001, 'williams college'), (2002, 'williams college'), (2004, 'williams college'), (2008, 'williams college'), (2010, 'williams college'), (2012, 'williams college'), (2013, 'williams college'), (2014, 'williams college'), (2015, 'williams college'), (2017, 'williams college'), (2018, 'williams college'), (2020, 'williams college'))

11/10 positive, 17/10 negative
Do these records refer to the same thing?
(y)es / (n)o / (u)nsure / (f)inished / (p)revious
firstname : kelly
lastname : chermack
middlename : None
year_range : (2021,)
main_us_institutions_year : ((2021, 'walden university'),)
all_us_institutions_year : ((2021, 'walden university'),)

firstname : kelly
lastname : chermack
middlename : None
year_range : (2005, 2015)
main_us_institutions_year : ((2005, 'university of minnesota'), (2008, 'university of minnesota'), (2010, 'university of minnesota'))
all_us_institutions_year : ((2005, 'university of minnesota'), (2008, 'university of minnesota'), (2010, 'university of minnesota'))

11/10 positive, 18/10 negative
Do these records refer to the same thing?
(y)es / (n)o / (u)nsure / (f)inished / (p)revious
firstname : wendy
lastname : griswold
middlename : None
year_range : (2008,)
main_us_institutions_year : ((2008, 'northwestern university'),)
all_us_institutions_year : ((2008, 'northwestern university'),)

firstname : wendy
lastname : griswold
middlename : None
year_range : (2016, 2019)
main_us_institutions_year : ((2016, 'university of memphis'), (2017, 'university of memphis'), (2018, 'university of memphis'), (2019, 'university of memphis'))
all_us_institutions_year : ((2016, 'university of memphis'), (2017, 'university of memphis'), (2018, 'university of memphis'), (2019, 'university of memphis'), (2020, 'university of memphis'))

11/10 positive, 19/10 negative
Do these records refer to the same thing?
(y)es / (n)o / (u)nsure / (f)inished / (p)revious
firstname : john
lastname : walden
middlename : c
year_range : (1988,)
main_us_institutions_year : ((1988, 'auburn university'),)
all_us_institutions_year : ((1988, 'auburn university'),)

firstname : john
lastname : walden
middlename : None
year_range : (2003, 2014)
main_us_institutions_year : ((2005, 'marshall university'), (2011, 'marshall university'), (2013, 'marshall university'))
all_us_institutions_year : ((2005, 'marshall university'), (2011, 'marshall university'), (2012, 'marshall university'), (2013, 'marshall university'))

11/10 positive, 20/10 negative
Do these records refer to the same thing?
(y)es / (n)o / (u)nsure / (f)inished / (p)revious
firstname : jennifer
lastname : lee
middlename : None
year_range : (2019,)
main_us_institutions_year : ((2019, 'indiana university'),)
all_us_institutions_year : ((2019, 'indiana university'),)

firstname : jennifer
lastname : lee
middlename : None
year_range : (1984, 2021)
main_us_institutions_year : ((1993, 'harvard university'), (1999, 'national institutes of health'), (2000, 'university of california davis'), (2000, 'national institutes of health'), (2003, 'national institutes of health'), (2005, 'california pacific medical center'), (2006, 'university of california san francisco'), (2007, 'university of california davis'), (2008, 'university of california davis'), (2009, 'university of california davis'), (2010, 'university of california davis'), (2011, 'university of california davis'), (2012, 'university of california davis'), (2013, 'university of california davis'), (2014, 'stanford university'), (2015, 'university of california san francisco'), (2015, 'stanford university'), (2016, 'stanford university'), (2017, 'stanford university'), (2018, 'stanford university'), (2019, 'stanford university'), (2020, 'stanford university'), (2021, 'harvard university'))
all_us_institutions_year : ((1993, 'harvard university'), (1999, 'howard hughes medical institute'), (1999, 'national institutes of health'), (2000, 'national institutes of health'), (2000, 'university of california davis'), (2003, 'national institutes of health'), (2005, 'california pacific medical center'), (2006, 'california pacific medical center'), (2006, 'national institutes of health'), (2006, 'stanford university'), (2006, 'university of california san francisco'), (2007, 'university of california davis'), (2008, 'stanford university'), (2008, 'university of california davis'), (2009, 'university of california davis'), (2010, 'stanford university'), (2010, 'university of california davis'), (2011, 'university of california davis'), (2012, 'university of california davis'), (2013, 'california pacific medical center'), (2013, 'university of california davis'), (2013, 'university of california san francisco'), (2014, 'harvard university'), (2014, 'stanford university'), (2014, 'university of california davis'), (2015, 'stanford university'), (2015, 'university of california san francisco'), (2016, 'national institutes of health'), (2016, 'stanford university'), (2016, 'university of california davis'), (2016, 'va palo alto healthcare system'), (2016, 'veterans health administration'), (2017, 'stanford university'), (2017, 'va palo alto healthcare system'), (2017, 'veterans health administration'), (2018, 'harvard university'), (2018, 'stanford university'), (2018, 'va palo alto healthcare system'), (2019, 'stanford university'), (2019, 'va boston healthcare system'), (2019, 'va palo alto healthcare system'), (2019, 'veterans health administration'), (2020, 'national institutes of health'), (2020, 'stanford university'), (2020, 'university of california san francisco'), (2020, 'va palo alto healthcare system'), (2021, 'harvard university'), (2021, 'stanford university'), (2021, 'va palo alto healthcare system'), (2021, 'veterans health administration'))

11/10 positive, 21/10 negative
Do these records refer to the same thing?
(y)es / (n)o / (u)nsure / (f)inished / (p)revious
firstname : barbara
lastname : harlow
middlename : None
year_range : (1996,)
main_us_institutions_year : ((1996, 'university of texas at austin'),)
all_us_institutions_year : ((1996, 'university of texas at austin'),)

firstname : barbara
lastname : harlow
middlename : None
year_range : (2003, 2015)
main_us_institutions_year : ((2015, 'san diego state university'),)
all_us_institutions_year : ((2015, 'san diego state university'),)

11/10 positive, 21/10 negative
Do these records refer to the same thing?
(y)es / (n)o / (u)nsure / (f)inished / (p)revious
firstname : romana
lastname : huk
middlename : None
year_range : (2000,)
main_us_institutions_year : ((2000, 'university of new hampshire main campus'),)
all_us_institutions_year : ((2000, 'university of new hampshire main campus'),)

firstname : romana
lastname : huk
middlename : None
year_range : (1996, 2019)
main_us_institutions_year : ((2009, 'university of notre dame'), (2019, 'university of notre dame'))
all_us_institutions_year : ((2009, 'university of notre dame'), (2011, 'university of notre dame'), (2013, 'university of notre dame'), (2019, 'university of notre dame'), (2020, 'university of notre dame'))

11/10 positive, 22/10 negative
Do these records refer to the same thing?
(y)es / (n)o / (u)nsure / (f)inished / (p)revious
firstname : michael
lastname : kennedy
middlename : d
year_range : (2000,)
main_us_institutions_year : ((2000, 'university of michigan'),)
all_us_institutions_year : ((2000, 'university of michigan'),)

firstname : michael
lastname : kennedy
middlename : ian lawrence
year_range : (2007, 2018)
main_us_institutions_year : ((2016, 'washington state university'), (2017, 'washington state university'))
all_us_institutions_year : ((2016, 'washington state university'), (2017, 'washington state university'))

11/10 positive, 22/10 negative
Do these records refer to the same thing?
(y)es / (n)o / (u)nsure / (f)inished / (p)revious
firstname : robert
lastname : pasnau
middlename : None
year_range : (2020,)
main_us_institutions_year : ((2020, 'university of colorado at boulder'),)
all_us_institutions_year : ((2020, 'university of colorado at boulder'),)

firstname : robert
lastname : pasnau
middlename : o
year_range : (1964, 2005)
main_us_institutions_year : ((1964, 'university of california los angeles'), (1971, 'university of california los angeles'), (1974, 'university of california los angeles'), (1975, 'university of california los angeles'), (1978, 'university of california los angeles'), (1979, 'university of california los angeles'), (1980, 'university of california los angeles'), (1982, 'university of california los angeles'), (1983, 'university of california los angeles'), (1984, 'semel institute for neuroscience and human behavior'), (1984, 'university of california los angeles'), (1985, 'university of california los angeles'), (1987, 'university of california los angeles'), (1990, 'university of california los angeles'), (1991, 'university of california los angeles'), (1994, 'university of california los angeles'), (1995, 'university of california los angeles'), (1998, 'university of california los angeles'), (2000, 'university of california los angeles'))
all_us_institutions_year : ((1964, 'university of california los angeles'), (1971, 'university of california los angeles'), (1974, 'university of california los angeles'), (1975, 'university of california los angeles'), (1978, 'university of california los angeles'), (1979, 'semel institute for neuroscience and human behavior'), (1979, 'university of california los angeles'), (1980, 'university of california los angeles'), (1982, 'university of california los angeles'), (1983, 'university of california los angeles'), (1984, 'semel institute for neuroscience and human behavior'), (1984, 'university of california los angeles'), (1985, 'semel institute for neuroscience and human behavior'), (1985, 'university of california los angeles'), (1987, 'university of california los angeles'), (1990, 'university of california los angeles'), (1991, 'university of california los angeles'), (1994, 'university of california los angeles'), (1995, 'university of california los angeles'), (1998, 'university of california los angeles'), (2000, 'university of california los angeles'), (2011, 'university of california los angeles'))

11/10 positive, 23/10 negative
Do these records refer to the same thing?
(y)es / (n)o / (u)nsure / (f)inished / (p)revious
firstname : shaun
lastname : gallagher
middlename : None
year_range : (2010,)
main_us_institutions_year : ((2010, 'university of south florida'),)
all_us_institutions_year : ((2010, 'university of south florida'),)

firstname : shaun
lastname : gallagher
middlename : None
year_range : (1983, 2021)
main_us_institutions_year : ((1983, 'canisius college'), (1986, 'canisius college'), (1993, 'canisius college'), (1996, 'canisius college'), (1997, 'canisius college'), (1998, 'canisius college'), (1999, 'canisius college'), (2000, 'canisius college'), (2001, 'canisius college'), (2002, 'canisius college'), (2003, 'canisius college'), (2004, 'university of central florida'), (2005, 'university of central florida'), (2006, 'university of central florida'), (2007, 'university of central florida'), (2008, 'university of central florida'), (2009, 'university of central florida'), (2010, 'university of central florida'), (2011, 'university of central florida'), (2012, 'university of memphis'), (2013, 'university of memphis'), (2014, 'university of memphis'), (2015, 'university of memphis'), (2016, 'university of memphis'), (2017, 'university of memphis'), (2018, 'university of memphis'), (2019, 'university of memphis'), (2020, 'university of memphis'), (2021, 'university of memphis'))
all_us_institutions_year : ((1983, 'canisius college'), (1986, 'canisius college'), (1993, 'canisius college'), (1996, 'canisius college'), (1997, 'canisius college'), (1998, 'canisius college'), (1999, 'canisius college'), (2000, 'canisius college'), (2001, 'canisius college'), (2002, 'canisius college'), (2003, 'canisius college'), (2004, 'university of central florida'), (2005, 'university of central florida'), (2006, 'canisius college'), (2006, 'university of central florida'), (2007, 'university of central florida'), (2008, 'university of central florida'), (2009, 'university of central florida'), (2010, 'university of central florida'), (2011, 'university of central florida'), (2011, 'university of memphis'), (2012, 'university of central florida'), (2012, 'university of memphis'), (2013, 'university of memphis'), (2014, 'university of memphis'), (2015, 'university of memphis'), (2016, 'university of memphis'), (2017, 'university of memphis'), (2018, 'university of memphis'), (2019, 'university of memphis'), (2020, 'university of memphis'), (2021, 'university of memphis'))

11/10 positive, 24/10 negative
Do these records refer to the same thing?
(y)es / (n)o / (u)nsure / (f)inished / (p)revious
firstname : roberta
lastname : iversen
middlename : rehner
year_range : (2008,)
main_us_institutions_year : ((2008, 'university of pennsylvania'),)
all_us_institutions_year : ((2008, 'university of pennsylvania'),)

firstname : roberta
lastname : iversen
middlename : rehner
year_range : (1994, 1996)
main_us_institutions_year : ((1994, 'bryn mawr college'), (1995, 'bryn mawr college'), (1996, 'bryn mawr college'))
all_us_institutions_year : ((1994, 'bryn mawr college'), (1995, 'bryn mawr college'), (1996, 'bryn mawr college'))

12/10 positive, 24/10 negative
Do these records refer to the same thing?
(y)es / (n)o / (u)nsure / (f)inished / (p)revious
firstname : afsaneh
lastname : najmabadi
middlename : None
year_range : (2015,)
main_us_institutions_year : ((2015, 'harvard university'),)
all_us_institutions_year : ((2015, 'harvard university'),)

firstname : afsaneh
lastname : najmabadi
middlename : None
year_range : (1992, 2002)
main_us_institutions_year : ((1992, 'barnard college'), (1993, 'barnard college'), (1997, 'barnard college'), (2000, 'barnard college'))
all_us_institutions_year : ((1992, 'barnard college'), (1993, 'barnard college'), (1997, 'barnard college'), (2000, 'barnard college'))

12/10 positive, 25/10 negative
Do these records refer to the same thing?
(y)es / (n)o / (u)nsure / (f)inished / (p)revious
firstname : john
lastname : dagley
middlename : c
year_range : (2001,)
main_us_institutions_year : ((2001, 'university of georgia'),)
all_us_institutions_year : ((2001, 'university of georgia'),)

firstname : john
lastname : dagley
middlename : c
year_range : (1985, 2008)
main_us_institutions_year : ((2004, 'auburn university'), (2008, 'auburn university'))
all_us_institutions_year : ((2004, 'auburn university'), (2008, 'auburn university'))

12/10 positive, 26/10 negative
Do these records refer to the same thing?
(y)es / (n)o / (u)nsure / (f)inished / (p)revious
firstname : john
lastname : treat
middlename : whittier
year_range : (1998,)
main_us_institutions_year : ((1998, 'university of washington'),)
all_us_institutions_year : ((1998, 'university of washington'),)

firstname : john
lastname : treat
middlename : whittier
year_range : (1983, 2018)
main_us_institutions_year : ((2013, 'yale university'), (2015, 'yale university'))
all_us_institutions_year : ((2013, 'yale university'), (2015, 'yale university'))

13/10 positive, 26/10 negative
Do these records refer to the same thing?
(y)es / (n)o / (u)nsure / (f)inished / (p)revious
firstname : robin
lastname : kelley
middlename : d g
year_range : (1995,)
main_us_institutions_year : ((1995, 'university of michigan'),)
all_us_institutions_year : ((1995, 'university of michigan'),)

firstname : robin
lastname : kelley
middlename : d g
year_range : (1984, 2020)
main_us_institutions_year : ((1997, 'university of pennsylvania'), (1997, 'new york university'), (1999, 'new york university'))
all_us_institutions_year : ((1997, 'new york university'), (1997, 'university of pennsylvania'), (1999, 'new york university'), (2015, 'temple university'))

13/10 positive, 26/10 negative
Do these records refer to the same thing?
(y)es / (n)o / (u)nsure / (f)inished / (p)revious
Finished labeling
Done in 1201.859009861946 minutes.
