Namespace(testing=False, verbose=1, field=['psychology'], train_name='flavio_baseline', startyear=1985, endyear=2022, mergemode='1:1', recall=0.9, institution='True', fieldofstudy_cat='False', fieldofstudy_str='False', keywords='False', retrain='True', linking_type='grants')
Have max 6 cores available
Testing is False 

finished setup ... 
firstname : robert
lastname : wallerstein
middlename : s
us_institutions_year : (('1981', 'university of california san francisco'), ('1989', 'university of california san francisco'), ('1992', 'university of california san francisco'), ('1994', 'university of california san francisco'), ('1997', 'university of california san francisco'), ('2002', 'university of california san francisco'), ('2003', 'university of california san francisco'), ('2005', 'university of california san francisco'), ('2007', 'university of california san francisco'), ('2009', 'university of california san francisco'), ('2010', 'university of california san francisco'), ('2011', 'university of california san francisco'))
institution : ('university of california san francisco',)

firstname : robert
lastname : walker
middlename : t
us_institutions_year : (('2003', 'michigan state university'),)
institution : ('michigan state university',)

0/10 positive, 0/10 negative
Do these records refer to the same thing?
(y)es / (n)o / (u)nsure / (f)inished

        SELECT a.GrantID, CAST(SUBSTR(a.Award_AwardEffectiveDate, 7, 4) AS INT) AS year
            , b.institution, c.firstname, c.lastname, c.middlename
            , '' AS keywords, '' AS coauthors -- # necessary for current code structure
            , CAST(SUBSTR(a.Award_AwardEffectiveDate, 7, 4) AS INT) || "//" || b.institution AS us_institutions_year
        FROM NSF_MAIN as a 
        INNER JOIN (
            SELECT GrantID, Name AS institution
            FROM NSF_Institution
        ) b 
        USING (GrantID)
        INNER JOIN (
            SELECT GrantID
                , FirstName AS firstname
                , LastName AS lastname
                , PIMidInit AS middlename --# NOTE: PISufxName is often "Jr", "Mr", JR, ... 
            FROM NSF_Investigator
            WHERE RoleCode = 'principal investigator'
        ) c
        USING (GrantID)
        WHERE AWARD_TranType = 'grant' AND AWARD_Agency = 'nsf' 
            AND a.AwardInstrument_Value IN ('standard grant', 'continuing grant')
            AND a.Organization_Directorate_ShortName IN ('SOCIAL, BEHAV & ECONOMIC SCIE')
            AND c.lastname != 'data not available'
         


    SELECT f.AuthorId
        , f.year
        , f.firstname
        , f.lastname
        , CASE TRIM(SUBSTR(f.middle_lastname, 1, f.l_fullname - f.l_firstname - f.l_lastname - 1)) 
            WHEN 
                "" THEN NULL 
                ELSE TRIM(SUBSTR(f.middle_lastname, 1, f.l_fullname - f.l_firstname - f.l_lastname - 1)) 
            END as middlename 
            -- ## NOTE this gives "" for middlename when it is missing 
        , f.fieldofstudy
        , g.keywords
        , g.coauthors
        , g.institution
        , g.us_institutions_year
    FROM (
        SELECT a.AuthorId
            , a.YearFirstPub AS year
            , a.FirstName AS firstname
            , REPLACE(b.NormalizedName, RTRIM(b.NormalizedName, REPLACE(b.NormalizedName, " ", "")), "") AS lastname 
                    -- https://stackoverflow.com/questions/21388820/how-to-get-the-last-index-of-a-substring-in-sqlite
            , TRIM(SUBSTR(b.NormalizedName, length(a.FirstName) + 1)) AS middle_lastname 
                    -- this gives all except the first name 
            , length(b.NormalizedName) as l_fullname 
            , length(a.FirstName) as l_firstname
            , length(REPLACE(b.NormalizedName, RTRIM(b.NormalizedName, REPLACE(b.NormalizedName, " ", "")), "")) as l_lastname
            , e.NormalizedName AS fieldofstudy
        FROM author_sample AS a
        INNER JOIN (
            SELECT AuthorId, NormalizedName
            FROM Authors
        ) AS b USING(AuthorId)
        INNER JOIN (
            -- ## mark: different from linking graduates. filter on field0
            SELECT AuthorId, NormalizedName
            FROM author_fields c
            INNER JOIN (
                SELECT FieldOfStudyId, NormalizedName
                FROM FieldsOfStudy
            ) AS d USING(FieldOfStudyId)
            WHERE FieldClass = 'main'
                AND FieldOfStudyId IN (?)
        ) AS e USING(AuthorId)
    ) f
    LEFT JOIN (
        SELECT AuthorId
                , us_institutions_career as institution
                , coauthors
                , keywords
                , us_institutions_year
        FROM author_info_linking
    ) AS g USING(AuthorId)
    
    WHERE length(firstname) > 1 AND institution is not NULL
     

Starting active labeling...
firstname : marshall
lastname : smith
middlename : s
us_institutions_year : (('1966', 'harvard university'),)
institution : ('harvard university',)

firstname : m
lastname : smith
middlename : b
us_institutions_year : (('1977', 'university of california santa cruz'),)
institution : ('university of california santa cruz',)

1/10 positive, 0/10 negative
Do these records refer to the same thing?
(y)es / (n)o / (u)nsure / (f)inished / (p)revious
firstname : robert
lastname : wallerstein
middlename : s
us_institutions_year : (('1981', 'university of california san francisco'), ('1989', 'university of california san francisco'), ('1992', 'university of california san francisco'), ('1994', 'university of california san francisco'), ('1997', 'university of california san francisco'), ('2002', 'university of california san francisco'), ('2003', 'university of california san francisco'), ('2005', 'university of california san francisco'), ('2007', 'university of california san francisco'), ('2009', 'university of california san francisco'), ('2010', 'university of california san francisco'), ('2011', 'university of california san francisco'))
institution : ('university of california san francisco',)

firstname : robert
lastname : walker
middlename : t
us_institutions_year : (('2003', 'michigan state university'),)
institution : ('michigan state university',)

0/10 positive, 0/10 negative
Do these records refer to the same thing?
(y)es / (n)o / (u)nsure / (f)inished
firstname : marshall
lastname : smith
middlename : s
us_institutions_year : (('1966', 'harvard university'),)
institution : ('harvard university',)

firstname : m
lastname : smith
middlename : b
us_institutions_year : (('1977', 'university of california santa cruz'),)
institution : ('university of california santa cruz',)

0/10 positive, 1/10 negative
Do these records refer to the same thing?
(y)es / (n)o / (u)nsure / (f)inished / (p)revious
firstname : gwendolyn
lastname : smith
middlename : None
us_institutions_year : (('1996', 'louisiana state university in shreveport'), ('1997', 'louisiana state university in shreveport'))
institution : ('louisiana state university in shreveport',)

firstname : m
lastname : smith
middlename : b
us_institutions_year : (('1977', 'university of california santa cruz'),)
institution : ('university of california santa cruz',)

0/10 positive, 2/10 negative
Do these records refer to the same thing?
(y)es / (n)o / (u)nsure / (f)inished / (p)revious
firstname : james
lastname : archsmith
middlename : None
us_institutions_year : (('2015', 'university of california davis'), ('2020', 'university of maryland college park'))
institution : ('university of california davis', 'university of maryland college park')

firstname : james
lastname : smith
middlename : h
us_institutions_year : (('2015', 'university of california davis'),)
institution : ('university of california davis',)

0/10 positive, 3/10 negative
Do these records refer to the same thing?
(y)es / (n)o / (u)nsure / (f)inished / (p)revious
firstname : scott
lastname : beck
middlename : a
us_institutions_year : (('2010', 'georgia southern university'), ('2016', 'georgia southern university'), ('2017', 'georgia southern university'))
institution : ('georgia southern university',)

firstname : scott
lastname : delancey
middlename : None
us_institutions_year : (('2017', 'university of oregon eugene'),)
institution : ('university of oregon eugene',)

0/10 positive, 4/10 negative
Do these records refer to the same thing?
(y)es / (n)o / (u)nsure / (f)inished / (p)revious
firstname : carrieann
lastname : miller
middlename : None
us_institutions_year : (('2018', 'stony brook university'), ('2019', 'stony brook university'))
institution : ('stony brook university',)

firstname : nancy
lastname : miller
middlename : j
us_institutions_year : (('2017', 'colorado state university'),)
institution : ('colorado state university',)

0/10 positive, 5/10 negative
Do these records refer to the same thing?
(y)es / (n)o / (u)nsure / (f)inished / (p)revious
firstname : tim
lastname : peterson
middlename : o
us_institutions_year : (('1988', 'texas a m university'), ('1995', 'university of tulsa'), ('1998', 'university of tulsa'), ('2004', 'oklahoma state university stillwater'), ('2005', 'texas a m university'), ('2006', 'texas a m university'), ('2006', 'oklahoma state university stillwater'), ('2008', 'oklahoma state university stillwater'), ('2012', 'north dakota state university'), ('2014', 'north dakota state university'), ('2016', 'north dakota state university'), ('2020', 'north dakota state university'), ('2021', 'north dakota state university'))
institution : ('north dakota state university', 'oklahoma state university stillwater', 'oklahoma state university tulsa', 'texas a m university', 'university of tulsa')

firstname : ellen
lastname : peters
middlename : None
us_institutions_year : (('2012', 'ohio state university'),)
institution : ('ohio state university',)

0/10 positive, 6/10 negative
Do these records refer to the same thing?
(y)es / (n)o / (u)nsure / (f)inished / (p)revious
firstname : carrieann
lastname : miller
middlename : None
us_institutions_year : (('2018', 'stony brook university'), ('2019', 'stony brook university'))
institution : ('stony brook university',)

firstname : clark
lastname : miller
middlename : a
us_institutions_year : (('2001', 'university of wisconsin general administration office'),)
institution : ('university of wisconsin general administration office',)

0/10 positive, 7/10 negative
Do these records refer to the same thing?
(y)es / (n)o / (u)nsure / (f)inished / (p)revious
firstname : james
lastname : henderson
middlename : r
us_institutions_year : (('1990', 'university of southern mississippi'), ('1991', 'university of southern mississippi'), ('2011', 'university of southern mississippi'))
institution : ('university of southern mississippi',)

firstname : j vernon
lastname : henderson
middlename : None
us_institutions_year : (('2004', 'national bureau of economic research inc'),)
institution : ('national bureau of economic research inc',)

0/10 positive, 8/10 negative
Do these records refer to the same thing?
(y)es / (n)o / (u)nsure / (f)inished / (p)revious
firstname : pamela
lastname : joseph
middlename : bolotin
us_institutions_year : (('1986', 'northeastern illinois university'), ('2003', 'antioch university seattle'), ('2005', 'antioch university'), ('2009', 'university of washington'), ('2012', 'university of washington'), ('2014', 'university of washington'), ('2016', 'university of washington'), ('2017', 'university of washington'))
institution : ('antioch university', 'antioch university seattle', 'northeastern illinois university', 'university of washington')

firstname : jane
lastname : joseph
middlename : e
us_institutions_year : (('2002', 'university of kentucky research foundation'),)
institution : ('university of kentucky research foundation',)

0/10 positive, 9/10 negative
Do these records refer to the same thing?
(y)es / (n)o / (u)nsure / (f)inished / (p)revious
firstname : jane
lastname : webster
middlename : None
us_institutions_year : (('1989', 'new york university'), ('1990', 'new york university'), ('1991', 'pennsylvania state university'), ('1992', 'pennsylvania state university'), ('1993', 'pennsylvania state university'))
institution : ('new york university', 'pennsylvania state university')

firstname : david
lastname : webster
middlename : l
us_institutions_year : (('1976', 'pennsylvania state univ university park'),)
institution : ('pennsylvania state univ university park',)

0/10 positive, 10/10 negative
Do these records refer to the same thing?
(y)es / (n)o / (u)nsure / (f)inished / (p)revious
firstname : jane
lastname : webster
middlename : None
us_institutions_year : (('1989', 'new york university'), ('1990', 'new york university'), ('1991', 'pennsylvania state university'), ('1992', 'pennsylvania state university'), ('1993', 'pennsylvania state university'))
institution : ('new york university', 'pennsylvania state university')

firstname : david
lastname : webster
middlename : l
us_institutions_year : (('2003', 'pennsylvania state univ university park'),)
institution : ('pennsylvania state univ university park',)

0/10 positive, 11/10 negative
Do these records refer to the same thing?
(y)es / (n)o / (u)nsure / (f)inished / (p)revious
firstname : vincent
lastname : parrillo
middlename : n
us_institutions_year : (('1991', 'the college of new jersey'), ('1992', 'william paterson university'), ('1994', 'the college of new jersey'), ('2002', 'william paterson university'), ('2005', 'william paterson university'), ('2013', 'william paterson university'))
institution : ('the college of new jersey', 'william paterson university')

firstname : ian
lastname : carrillo
middlename : None
us_institutions_year : (('2019', 'carrillo ian'),)
institution : ('carrillo ian',)

0/10 positive, 12/10 negative
Do these records refer to the same thing?
(y)es / (n)o / (u)nsure / (f)inished / (p)revious
firstname : verlinda
lastname : thompson
middlename : None
us_institutions_year : (('1992', 'southern utah university'),)
institution : ('southern utah university',)

firstname : paul
lastname : thompson
middlename : b
us_institutions_year : (('2010', 'michigan state university'),)
institution : ('michigan state university',)

0/10 positive, 13/10 negative
Do these records refer to the same thing?
(y)es / (n)o / (u)nsure / (f)inished / (p)revious
firstname : donna
lastname : hammond
middlename : None
us_institutions_year : (('2004', 'university of oklahoma health sciences center'), ('2013', 'university of oklahoma health sciences center'))
institution : ('university of oklahoma health sciences center',)

firstname : michael
lastname : hammond
middlename : None
us_institutions_year : (('2003', 'university of arizona'),)
institution : ('university of arizona',)

0/10 positive, 14/10 negative
Do these records refer to the same thing?
(y)es / (n)o / (u)nsure / (f)inished / (p)revious
firstname : anna
lastname : rhodes
middlename : None
us_institutions_year : (('2010', 'johns hopkins university'), ('2017', 'johns hopkins university'))
institution : ('johns hopkins university',)

firstname : marjorie
lastname : rhodes
middlename : None
us_institutions_year : (('2012', 'new york university'),)
institution : ('new york university',)

0/10 positive, 15/10 negative
Do these records refer to the same thing?
(y)es / (n)o / (u)nsure / (f)inished / (p)revious
firstname : joseph
lastname : henderson
middlename : a
us_institutions_year : (('2011', 'university of rochester'), ('2014', 'university of rochester'), ('2015', 'university of rochester'), ('2016', 'university of delaware'), ('2016', 'university of rochester'), ('2017', 'university of delaware'), ('2018', 'university of delaware'), ('2019', 'paul smith s college'))
institution : ('paul smith s college', 'university of delaware', 'university of rochester')

firstname : j vernon
lastname : henderson
middlename : None
us_institutions_year : (('2004', 'national bureau of economic research inc'),)
institution : ('national bureau of economic research inc',)

0/10 positive, 16/10 negative
Do these records refer to the same thing?
(y)es / (n)o / (u)nsure / (f)inished / (p)revious
firstname : sonia
lastname : torres
middlename : enid maldonado
us_institutions_year : (('2016', 'city university of new york'), ('2020', 'city university of new york'))
institution : ('city university of new york',)

firstname : rena
lastname : torres cacoullos
middlename : None
us_institutions_year : (('2017', 'pennsylvania state univ university park'),)
institution : ('pennsylvania state univ university park',)

0/10 positive, 17/10 negative
Do these records refer to the same thing?
(y)es / (n)o / (u)nsure / (f)inished / (p)revious
firstname : emily
lastname : joseph
middlename : None
us_institutions_year : (('2013', 'the graduate center cuny'), ('2016', 'john jay college of criminal justice'))
institution : ('john jay college of criminal justice', 'the graduate center cuny')

firstname : brian
lastname : joseph
middlename : None
us_institutions_year : (('2013', 'ohio state university'),)
institution : ('ohio state university',)

0/10 positive, 18/10 negative
Do these records refer to the same thing?
(y)es / (n)o / (u)nsure / (f)inished / (p)revious
firstname : youyu
lastname : phillips
middlename : None
us_institutions_year : (('2010', 'keystone college'), ('2012', 'keystone college'))
institution : ('keystone college',)

firstname : gordon
lastname : phillips
middlename : None
us_institutions_year : (('2008', 'university of maryland college park'),)
institution : ('university of maryland college park',)

0/10 positive, 19/10 negative
Do these records refer to the same thing?
(y)es / (n)o / (u)nsure / (f)inished / (p)revious
firstname : daniel
lastname : greenblatt
middlename : None
us_institutions_year : (('2012', 'stony brook university'), ('2012', 'albany medical college'), ('2013', 'stony brook university'))
institution : ('albany medical college', 'stony brook university')

firstname : david
lastname : greenberg
middlename : f
us_institutions_year : (('2005', 'new york university'),)
institution : ('new york university',)

0/10 positive, 20/10 negative
Do these records refer to the same thing?
(y)es / (n)o / (u)nsure / (f)inished / (p)revious
firstname : wayne
lastname : wright
middlename : e
us_institutions_year : (('2005', 'university of texas at san antonio'), ('2006', 'university of texas at san antonio'), ('2008', 'university of texas at san antonio'), ('2014', 'university of texas at san antonio'), ('2015', 'purdue university'), ('2016', 'purdue university'), ('2020', 'purdue university'))
institution : ('purdue university', 'university of texas at san antonio')

firstname : jessey
lastname : wright
middlename : None
us_institutions_year : (('2017', 'stanford university'),)
institution : ('stanford university',)

0/10 positive, 21/10 negative
Do these records refer to the same thing?
(y)es / (n)o / (u)nsure / (f)inished / (p)revious
firstname : candida
lastname : richards
middlename : None
us_institutions_year : (('2001', 'boston university'),)
institution : ('boston university',)

firstname : jean francois
lastname : richard
middlename : None
us_institutions_year : (('2016', 'university of pittsburgh'),)
institution : ('university of pittsburgh',)

0/10 positive, 22/10 negative
Do these records refer to the same thing?
(y)es / (n)o / (u)nsure / (f)inished / (p)revious
firstname : danielle
lastname : martines
middlename : None
us_institutions_year : (('2007', 'montclair state university'), ('2008', 'montclair state university'), ('2015', 'montclair state university'))
institution : ('montclair state university',)

firstname : andrew
lastname : martin
middlename : d
us_institutions_year : (('2009', 'washington university'),)
institution : ('washington university',)

0/10 positive, 23/10 negative
Do these records refer to the same thing?
(y)es / (n)o / (u)nsure / (f)inished / (p)revious
firstname : patrick
lastname : thompson
middlename : w
us_institutions_year : (('1993', 'san diego state university'), ('1994', 'san diego state university'), ('2002', 'vanderbilt university'), ('2004', 'vanderbilt university'), ('2007', 'arizona state university'), ('2008', 'arizona state university'), ('2009', 'arizona state university'), ('2013', 'arizona state university'), ('2014', 'arizona state university'), ('2017', 'colorado state university'), ('2017', 'arizona state university'), ('2020', 'arizona state university'))
institution : ('arizona state university', 'colorado state university', 'san diego state university', 'vanderbilt university')

firstname : paul
lastname : thompson
middlename : b
us_institutions_year : (('2010', 'michigan state university'),)
institution : ('michigan state university',)

0/10 positive, 24/10 negative
Do these records refer to the same thing?
(y)es / (n)o / (u)nsure / (f)inished / (p)revious
firstname : danielle
lastname : martines
middlename : None
us_institutions_year : (('2007', 'montclair state university'), ('2008', 'montclair state university'), ('2015', 'montclair state university'))
institution : ('montclair state university',)

firstname : john
lastname : martin
middlename : f
us_institutions_year : (('1991', 'arizona state university'),)
institution : ('arizona state university',)

0/10 positive, 25/10 negative
Do these records refer to the same thing?
(y)es / (n)o / (u)nsure / (f)inished / (p)revious
firstname : natalie
lastname : schillingestes
middlename : None
us_institutions_year : (('1994', 'north carolina state university'), ('1998', 'stanford university'), ('2000', 'georgetown university'), ('2002', 'georgetown university'), ('2002', 'university of washington'), ('2004', 'georgetown university'), ('2006', 'georgetown university'), ('2008', 'georgetown university'))
institution : ('georgetown university', 'north carolina state university', 'stanford university', 'university of washington')

firstname : neil
lastname : stillings
middlename : a
us_institutions_year : (('1992', 'hampshire college'),)
institution : ('hampshire college',)

0/10 positive, 26/10 negative
Do these records refer to the same thing?
(y)es / (n)o / (u)nsure / (f)inished / (p)revious
firstname : kerri
lastname : goodwin
middlename : a
us_institutions_year : (('2009', 'towson university'), ('2011', 'towson university'), ('2013', 'towson university'), ('2017', 'towson university'), ('2019', 'towson university'), ('2020', 'towson university'))
institution : ('towson university',)

firstname : jeffrey
lastname : goodwin
middlename : None
us_institutions_year : (('2004', 'new york university'),)
institution : ('new york university',)

0/10 positive, 27/10 negative
Do these records refer to the same thing?
(y)es / (n)o / (u)nsure / (f)inished / (p)revious
firstname : michael
lastname : friedman
middlename : a
us_institutions_year : (('1995', 'yale university'), ('1997', 'yale university'), ('1998', 'yale university'), ('1999', 'yale university'), ('2002', 'rutgers university'), ('2003', 'rutgers university'), ('2004', 'rutgers university'), ('2005', 'rutgers university'), ('2006', 'rutgers university'), ('2007', 'rutgers university'), ('2009', 'rutgers university'))
institution : ('rutgers university', 'yale university')

firstname : daniel
lastname : friedman
middlename : None
us_institutions_year : (('2005', 'university of california santa cruz'),)
institution : ('university of california santa cruz',)

0/10 positive, 28/10 negative
Do these records refer to the same thing?
(y)es / (n)o / (u)nsure / (f)inished / (p)revious
firstname : youyu
lastname : phillips
middlename : None
us_institutions_year : (('2010', 'keystone college'), ('2012', 'keystone college'))
institution : ('keystone college',)

firstname : colin
lastname : phillips
middlename : None
us_institutions_year : (('2015', 'university of maryland college park'),)
institution : ('university of maryland college park',)

0/10 positive, 29/10 negative
Do these records refer to the same thing?
(y)es / (n)o / (u)nsure / (f)inished / (p)revious
firstname : virginia
lastname : martin
middlename : None
us_institutions_year : (('2010', 'university of wisconsin madison'), ('2017', 'university of wisconsin madison'))
institution : ('university of wisconsin madison',)

firstname : john
lastname : martin
middlename : f
us_institutions_year : (('1991', 'arizona state university'),)
institution : ('arizona state university',)

0/10 positive, 30/10 negative
Do these records refer to the same thing?
(y)es / (n)o / (u)nsure / (f)inished / (p)revious
firstname : jared
lastname : friedman
middlename : p
us_institutions_year : (('2015', 'case western reserve university'), ('2016', 'florida state university college of arts and sciences'), ('2016', 'case western reserve university'), ('2018', 'case western reserve university'), ('2019', 'case western reserve university'))
institution : ('case western reserve university', 'florida state university college of arts and sciences')

firstname : daniel
lastname : friedman
middlename : None
us_institutions_year : (('2005', 'university of california santa cruz'),)
institution : ('university of california santa cruz',)

0/10 positive, 31/10 negative
Do these records refer to the same thing?
(y)es / (n)o / (u)nsure / (f)inished / (p)revious
firstname : jared
lastname : friedman
middlename : p
us_institutions_year : (('2015', 'case western reserve university'), ('2016', 'florida state university college of arts and sciences'), ('2016', 'case western reserve university'), ('2018', 'case western reserve university'), ('2019', 'case western reserve university'))
institution : ('case western reserve university', 'florida state university college of arts and sciences')

firstname : daniel
lastname : friedman
middlename : None
us_institutions_year : (('1991', 'university of california santa cruz'),)
institution : ('university of california santa cruz',)

0/10 positive, 32/10 negative
Do these records refer to the same thing?
(y)es / (n)o / (u)nsure / (f)inished / (p)revious
firstname : christopher
lastname : jackson
middlename : None
us_institutions_year : (('2017', 'chapman university'),)
institution : ('chapman university',)

firstname : matthew
lastname : jackson
middlename : o
us_institutions_year : (('2020', 'stanford university'),)
institution : ('stanford university',)

0/10 positive, 33/10 negative
Do these records refer to the same thing?
(y)es / (n)o / (u)nsure / (f)inished / (p)revious
firstname : cassie
lastname : freeman
middlename : None
us_institutions_year : (('2010', 'university of chicago'), ('2012', 'university of chicago'), ('2020', 'university of chicago'), ('2020', 'college board'))
institution : ('college board', 'university of chicago')

firstname : john
lastname : freeman
middlename : r
us_institutions_year : (('2009', 'university of minnesota twin cities'),)
institution : ('university of minnesota twin cities',)

0/10 positive, 34/10 negative
Do these records refer to the same thing?
(y)es / (n)o / (u)nsure / (f)inished / (p)revious
firstname : virginia
lastname : martin
middlename : None
us_institutions_year : (('2010', 'university of wisconsin madison'), ('2017', 'university of wisconsin madison'))
institution : ('university of wisconsin madison',)

firstname : andrew
lastname : martin
middlename : d
us_institutions_year : (('2009', 'washington university'),)
institution : ('washington university',)

0/10 positive, 35/10 negative
Do these records refer to the same thing?
(y)es / (n)o / (u)nsure / (f)inished / (p)revious
firstname : bill
lastname : thompson
middlename : None
us_institutions_year : (('2019', 'university of california berkeley'), ('2020', 'princeton university'), ('2021', 'princeton university'))
institution : ('princeton university', 'university of california berkeley')

firstname : paul
lastname : thompson
middlename : b
us_institutions_year : (('2010', 'michigan state university'),)
institution : ('michigan state university',)

0/10 positive, 36/10 negative
Do these records refer to the same thing?
(y)es / (n)o / (u)nsure / (f)inished / (p)revious
Finished labeling
Traceback (most recent call last):
  File "/usr/lib/python3.10/runpy.py", line 196, in _run_module_as_main
    return _run_code(code, main_globals, None,
  File "/usr/lib/python3.10/runpy.py", line 86, in _run_code
    exec(code, run_globals)
  File "/home/flavio/projects/mag_sample/src/dataprep/main/link/train_link_mag_proquest.py", line 212, in <module>
    linker.train(recall = args.recall)
  File "/home/flavio/.local/lib/python3.10/site-packages/dedupe/api.py", line 1127, in train
    self.classifier.fit(self.data_model.distances(examples), y)
  File "/home/flavio/.local/lib/python3.10/site-packages/sklearn/model_selection/_search.py", line 875, in fit
    self._run_search(evaluate_candidates)
  File "/home/flavio/.local/lib/python3.10/site-packages/sklearn/model_selection/_search.py", line 1375, in _run_search
    evaluate_candidates(ParameterGrid(self.param_grid))
  File "/home/flavio/.local/lib/python3.10/site-packages/sklearn/model_selection/_search.py", line 852, in evaluate_candidates
    _warn_or_raise_about_fit_failures(out, self.error_score)
  File "/home/flavio/.local/lib/python3.10/site-packages/sklearn/model_selection/_validation.py", line 367, in _warn_or_raise_about_fit_failures
    raise ValueError(all_fits_failed_message)
ValueError: 
All the 35 fits failed.
It is very likely that your model is misconfigured.
You can try to debug the error by setting error_score='raise'.

Below are more details about the failures:
--------------------------------------------------------------------------------
35 fits failed with the following error:
Traceback (most recent call last):
  File "/home/flavio/.local/lib/python3.10/site-packages/sklearn/model_selection/_validation.py", line 686, in _fit_and_score
    estimator.fit(X_train, y_train, **fit_params)
  File "/home/flavio/.local/lib/python3.10/site-packages/sklearn/linear_model/_logistic.py", line 1183, in fit
    raise ValueError(
ValueError: This solver needs samples of at least 2 classes in the data, but the data contains only one class: 0

