Fields where files have the years in the name: dict_keys(['biology', 'history', 'mathematics', 'psychology', 'political science', 'environmental science', 'physics', 'engineering', 'philosophy', 'geology', 'sociology', 'computer science', 'materials science', 'business', 'chemistry', 'economics', 'geography'])
Fields where files do not have the years in the name: dict_keys([])
Writing field biology
Writing field history
Writing field mathematics
Writing field psychology
Writing field political science
Writing field environmental science
Writing field physics
Writing field engineering
Writing field philosophy
Writing field geology
Writing field sociology
Writing field computer science
Writing field materials science
Writing field business
Writing field chemistry
Writing field economics
Writing field geography
Running ANALYZE... 

Done in 0.008833444118499756 minutes.
